audit_request_status_internal->__errno_location
audit_request_status_internal->audit_priority
audit_request_status_internal->strerror
audit_request_status_internal->audit_msg_internal
audit_request_status_internal->audit_send_internal
ia64_syscall_s2i->strlen
ia64_syscall_s2i->llvm.stacksave
ia64_syscall_s2i->s2i__
ia64_syscall_s2i->llvm.stackrestore
kw_lookup->strcasecmp
ia64_syscall_i2s->i2s_direct__
audit_set_enabled->__errno_location
audit_set_enabled->audit_priority
audit_set_enabled->strerror
audit_set_enabled->llvm.memset.p0i8.i64
audit_set_enabled->audit_msg_internal
audit_set_enabled->audit_send_internal
audit_flag_to_name->flag_i2s
audit_set_rate_limit->__errno_location
audit_set_rate_limit->audit_priority
audit_set_rate_limit->strerror
audit_set_rate_limit->llvm.memset.p0i8.i64
audit_set_rate_limit->audit_msg_internal
audit_set_rate_limit->audit_send_internal
msg_type_s2i->strlen
msg_type_s2i->llvm.stacksave
msg_type_s2i->s2i__
msg_type_s2i->llvm.stackrestore
machine_i2s->i2s_direct__
audit_errno_to_name->err_i2s
audit_make_equivalent->__errno_location
audit_make_equivalent->audit_priority
audit_make_equivalent->strerror
audit_make_equivalent->llvm.memset.p0i8.i64
audit_make_equivalent->strlen
audit_make_equivalent->free
audit_make_equivalent->llvm.memcpy.p0i8.p0i8.i64
audit_make_equivalent->malloc
audit_make_equivalent->audit_msg_internal
audit_make_equivalent->audit_send_internal
audit_rule_interfield_comp_data->strstr
audit_rule_interfield_comp_data->audit_name_to_field_internal
_get_tty->strncmp
_get_tty->ttyname_r
_get_tty->check_ttyname
audit_msg_internal->llvm.va_start
audit_msg_internal->vsyslog
audit_msg_internal->vfprintf
audit_msg_internal->fputc
audit_msg_internal->llvm.va_end
audit_log_user_avc_message->__errno_location
audit_log_user_avc_message->getuid
audit_log_user_avc_message->strlen
audit_log_user_avc_message->snprintf
audit_log_user_avc_message->audit_msg_type_to_name_internal
audit_log_user_avc_message->_resolve_addr
audit_log_user_avc_message->strncat
audit_log_user_avc_message->_get_exename
audit_log_user_avc_message->_get_tty
audit_log_user_avc_message->syslog
audit_log_user_avc_message->audit_send_user_message_internal
audit_send_user_message_internal->getuid
audit_send_user_message_internal->strlen
audit_send_user_message_internal->audit_send_internal
audit_field_to_name->field_i2s
ppc_syscall_s2i->strlen
ppc_syscall_s2i->llvm.stacksave
ppc_syscall_s2i->s2i__
ppc_syscall_s2i->llvm.stackrestore
ppc_syscall_i2s->i2s_direct__
flag_i2s->i2s_direct__
audit_set_backlog_limit->__errno_location
audit_set_backlog_limit->audit_priority
audit_set_backlog_limit->strerror
audit_set_backlog_limit->llvm.memset.p0i8.i64
audit_set_backlog_limit->audit_msg_internal
audit_set_backlog_limit->audit_send_internal
err_i2s->i2s_direct__
audit_encode_nv_string->strlen
audit_encode_nv_string->free
audit_encode_nv_string->malloc
audit_encode_nv_string->audit_value_needs_encoding
audit_encode_nv_string->audit_encode_value
audit_encode_nv_string->asprintf
check_ack->__errno_location
check_ack->poll
check_ack->audit_get_reply_internal
field_i2s->i2s_bsearch__
s390x_syscall_s2i->strlen
s390x_syscall_s2i->llvm.stacksave
s390x_syscall_s2i->s2i__
s390x_syscall_s2i->llvm.stackrestore
audit_failure_parser->strcasecmp
audit_failure_parser->audit_msg_internal
s390x_syscall_i2s->i2s_direct__
audit_is_enabled->audit_request_status_internal
audit_is_enabled->__errno_location
audit_is_enabled->poll
audit_is_enabled->getuid
audit_is_enabled->audit_get_reply_internal
audit_name_to_action->action_s2i
audit_request_rules_list_data->__errno_location
audit_request_rules_list_data->audit_priority
audit_request_rules_list_data->strerror
audit_request_rules_list_data->audit_msg_internal
audit_request_rules_list_data->audit_send_internal
audit_msg_type_to_name_internal->msg_type_i2s
audit_name_to_ftype_internal->ftype_s2i
audit_getloginuid->__errno_location
audit_getloginuid->open
audit_getloginuid->close
audit_getloginuid->strtol
audit_getloginuid->read
audit_rule_fieldpair_data->__errno_location
audit_rule_fieldpair_data->strcasecmp
audit_rule_fieldpair_data->strcmp
audit_rule_fieldpair_data->strlen
audit_rule_fieldpair_data->realloc
audit_rule_fieldpair_data->free
audit_rule_fieldpair_data->audit_detect_machine_internal
audit_rule_fieldpair_data->__ctype_b_loc
audit_rule_fieldpair_data->strtol
audit_rule_fieldpair_data->strstr
audit_rule_fieldpair_data->strtoul
audit_rule_fieldpair_data->audit_name_to_uid
audit_rule_fieldpair_data->audit_name_to_gid
audit_rule_fieldpair_data->strncpy
audit_rule_fieldpair_data->tolower
audit_rule_fieldpair_data->audit_msg_internal
audit_rule_fieldpair_data->audit_name_to_field_internal
audit_rule_fieldpair_data->audit_name_to_msg_type_internal
audit_rule_fieldpair_data->audit_name_to_machine_internal
audit_rule_fieldpair_data->audit_machine_to_elf_internal
audit_rule_fieldpair_data->audit_elf_to_machine_internal
audit_rule_fieldpair_data->audit_name_to_errno_internal
audit_rule_fieldpair_data->audit_name_to_ftype_internal
check_ttyname->audit_msg_internal
check_ttyname->strncmp
check_ttyname->lstat
audit_log_semanage_message->__errno_location
audit_log_semanage_message->strlen
audit_log_semanage_message->snprintf
audit_log_semanage_message->audit_value_needs_encoding
audit_log_semanage_message->audit_encode_value
audit_log_semanage_message->_resolve_addr
audit_log_semanage_message->strncat
audit_log_semanage_message->_get_exename
audit_log_semanage_message->_get_tty
audit_log_semanage_message->strnlen
audit_log_semanage_message->audit_send_user_message_internal
audit_close->close
audit_name_to_field_internal->field_s2i
s390_syscall_s2i->strlen
s390_syscall_s2i->llvm.stacksave
s390_syscall_s2i->s2i__
s390_syscall_s2i->llvm.stackrestore
s390_syscall_i2s->i2s_direct__
action_s2i->strlen
action_s2i->llvm.stacksave
action_s2i->s2i__
action_s2i->llvm.stackrestore
audit_request_signal_info->strerror
audit_request_signal_info->audit_msg_internal
audit_request_signal_info->audit_send_internal
msg_type_i2s->i2s_bsearch__
audit_rule_syscallbyname_data_internal->strcmp
audit_rule_syscallbyname_data_internal->audit_detect_machine_internal
audit_rule_syscallbyname_data_internal->__ctype_b_loc
audit_rule_syscallbyname_data_internal->strtol
audit_rule_syscallbyname_data_internal->audit_rule_syscall_data_internal
audit_rule_syscallbyname_data_internal->audit_name_to_syscall_internal
audit_rule_syscallbyname_data_internal->audit_elf_to_machine_internal
audit_operator_to_symbol_internal->op_i2s
audit_add_dir->audit_add_watch_dir_internal
ftype_s2i->strlen
ftype_s2i->llvm.stacksave
ftype_s2i->s2i__
ftype_s2i->llvm.stackrestore
audit_log_user_message->__errno_location
audit_log_user_message->strlen
audit_log_user_message->snprintf
audit_log_user_message->_resolve_addr
audit_log_user_message->strncat
audit_log_user_message->_get_exename
audit_log_user_message->_get_tty
audit_log_user_message->audit_send_user_message_internal
audit_rule_free_data->free
audit_log_user_comm_message->__errno_location
audit_log_user_comm_message->strlen
audit_log_user_comm_message->snprintf
audit_log_user_comm_message->_resolve_addr
audit_log_user_comm_message->strncat
audit_log_user_comm_message->_get_exename
audit_log_user_comm_message->_get_tty
audit_log_user_comm_message->_get_commname
audit_log_user_comm_message->audit_send_user_message_internal
audit_log_user_command->__errno_location
audit_log_user_command->strlen
audit_log_user_command->free
audit_log_user_command->snprintf
audit_log_user_command->audit_value_needs_encoding
audit_log_user_command->audit_encode_value
audit_log_user_command->_get_tty
audit_log_user_command->strcpy
audit_log_user_command->strdup
audit_log_user_command->getcwd
audit_log_user_command->stpcpy
audit_log_user_command->audit_send_user_message_internal
audit_get_reply_internal->__errno_location
audit_get_reply_internal->strerror
audit_get_reply_internal->audit_msg_internal
audit_get_reply_internal->recvfrom
audit_get_reply_internal->adjust_reply
field_s2i->strlen
field_s2i->llvm.stacksave
field_s2i->s2i__
field_s2i->llvm.stackrestore
get_auditfail_action->clear_config
get_auditfail_action->load_libaudit_config
audit_name_to_syscall_internal->i386_syscall_s2i
audit_name_to_syscall_internal->x86_64_syscall_s2i
audit_name_to_syscall_internal->ia64_syscall_s2i
audit_name_to_syscall_internal->ppc_syscall_s2i
audit_name_to_syscall_internal->s390x_syscall_s2i
audit_name_to_syscall_internal->s390_syscall_s2i
get_line->fgets
get_line->strchr
audit_syscall_to_name->i386_syscall_i2s
audit_syscall_to_name->x86_64_syscall_i2s
audit_syscall_to_name->ia64_syscall_i2s
audit_syscall_to_name->ppc_syscall_i2s
audit_syscall_to_name->s390x_syscall_i2s
audit_syscall_to_name->s390_syscall_i2s
audit_action_to_name->action_i2s
audit_name_to_machine_internal->machine_s2i
op_i2s->i2s_bsearch__
audit_add_rule_data->__errno_location
audit_add_rule_data->audit_priority
audit_add_rule_data->strerror
audit_add_rule_data->audit_msg_internal
audit_add_rule_data->audit_send_internal
audit_ftype_to_name->ftype_i2s
audit_setloginuid->__errno_location
audit_setloginuid->open
audit_setloginuid->close
audit_setloginuid->snprintf
audit_setloginuid->write
audit_setloginuid->audit_msg_internal
_resolve_addr->llvm.memset.p0i8.i64
_resolve_addr->audit_msg_internal
_resolve_addr->getaddrinfo
_resolve_addr->gai_strerror
_resolve_addr->inet_ntop
_resolve_addr->freeaddrinfo
audit_name_to_uid->llvm.memset.p0i8.i64
audit_name_to_uid->strlen
audit_name_to_uid->getpwnam
audit_number_to_errmsg->fprintf
_get_commname->strlen
_get_commname->snprintf
_get_commname->audit_value_needs_encoding
_get_commname->audit_encode_value
_get_commname->strcpy
i386_syscall_s2i->strlen
i386_syscall_s2i->llvm.stacksave
i386_syscall_s2i->s2i__
i386_syscall_s2i->llvm.stackrestore
nv_split->strtok_r
nv_split->strcmp
i386_syscall_i2s->i2s_direct__
audit_name_to_flag->flag_s2i
audit_set_failure->__errno_location
audit_set_failure->audit_priority
audit_set_failure->strerror
audit_set_failure->llvm.memset.p0i8.i64
audit_set_failure->audit_msg_internal
audit_set_failure->audit_send_internal
action_i2s->i2s_direct__
audit_add_watch->audit_add_watch_dir_internal
machine_s2i->strlen
machine_s2i->llvm.stacksave
machine_s2i->s2i__
machine_s2i->llvm.stackrestore
audit_detect_machine_internal->uname
audit_detect_machine_internal->audit_name_to_machine_internal
audit_name_to_errno_internal->err_s2i
audit_delete_rule_data->__errno_location
audit_delete_rule_data->audit_priority
audit_delete_rule_data->strerror
audit_delete_rule_data->audit_msg_internal
audit_delete_rule_data->audit_send_internal
ftype_i2s->i2s_bsearch__
audit_name_to_gid->getgrnam
audit_log_acct_message->__errno_location
audit_log_acct_message->strlen
audit_log_acct_message->snprintf
audit_log_acct_message->audit_value_needs_encoding
audit_log_acct_message->audit_encode_value
audit_log_acct_message->_resolve_addr
audit_log_acct_message->strncat
audit_log_acct_message->_get_exename
audit_log_acct_message->_get_tty
audit_log_acct_message->strnlen
audit_log_acct_message->audit_send_user_message_internal
adjust_reply->__errno_location
adjust_reply->audit_msg_internal
s2i__->strcmp
load_libaudit_config->__errno_location
load_libaudit_config->strerror
load_libaudit_config->open
load_libaudit_config->fstat
load_libaudit_config->close
load_libaudit_config->fdopen
load_libaudit_config->get_line
load_libaudit_config->nv_split
load_libaudit_config->fclose
load_libaudit_config->kw_lookup
load_libaudit_config->audit_failure_parser
load_libaudit_config->audit_msg_internal
x86_64_syscall_s2i->strlen
x86_64_syscall_s2i->llvm.stacksave
x86_64_syscall_s2i->s2i__
x86_64_syscall_s2i->llvm.stackrestore
x86_64_syscall_i2s->i2s_direct__
flag_s2i->strlen
flag_s2i->llvm.stacksave
flag_s2i->s2i__
flag_s2i->llvm.stackrestore
audit_set_pid->__errno_location
audit_set_pid->audit_priority
audit_set_pid->strerror
audit_set_pid->llvm.memset.p0i8.i64
audit_set_pid->poll
audit_set_pid->audit_msg_internal
audit_set_pid->audit_get_reply_internal
audit_set_pid->audit_send_internal
audit_name_to_msg_type_internal->__errno_location
audit_name_to_msg_type_internal->strchr
audit_name_to_msg_type_internal->llvm.memset.p0i8.i64
audit_name_to_msg_type_internal->__ctype_b_loc
audit_name_to_msg_type_internal->strtol
audit_name_to_msg_type_internal->strncpy
audit_name_to_msg_type_internal->msg_type_s2i
audit_name_to_msg_type_internal->strncmp
audit_add_watch_dir_internal->llvm.memset.p0i8.i64
audit_add_watch_dir_internal->strlen
audit_add_watch_dir_internal->realloc
audit_add_watch_dir_internal->free
audit_add_watch_dir_internal->audit_rule_syscallbyname_data_internal
audit_add_watch_dir_internal->llvm.memcpy.p0i8.p0i8.i64
audit_add_watch_dir_internal->audit_msg_internal
audit_machine_to_name->machine_i2s
err_s2i->strlen
err_s2i->llvm.stacksave
err_s2i->s2i__
err_s2i->llvm.stackrestore
audit_trim_subtrees->__errno_location
audit_trim_subtrees->audit_priority
audit_trim_subtrees->strerror
audit_trim_subtrees->audit_msg_internal
audit_trim_subtrees->audit_send_internal
_get_exename->snprintf
_get_exename->audit_msg_internal
_get_exename->audit_value_needs_encoding
_get_exename->audit_encode_value
_get_exename->readlink
_get_exename->strcpy
audit_open->__errno_location
audit_open->strerror
audit_open->close
audit_open->audit_msg_internal
audit_open->socket
audit_open->fcntl
audit_send_internal->__errno_location
audit_send_internal->llvm.memset.p0i8.i64
audit_send_internal->llvm.memcpy.p0i8.p0i8.i64
audit_send_internal->sendto
audit_send_internal->check_ack
