compat0_1_io_getevents->llvm.memcpy.p0i8.p0i8.i64
compat0_1_io_getevents->io_getevents
compat0_1_io_queue_wait->llvm.memcpy.p0i8.p0i8.i64
compat0_1_io_queue_wait->io_getevents
compat0_1_io_cancel->io_cancel
__io_getevents_0_4->__errno_location
__io_getevents_0_4->syscall
__io_getevents_0_4->__errno_location
__io_getevents_0_4->__errno_location
io_queue_run->io_getevents
io_queue_wait_0_4->io_getevents
io_queue_init->io_setup
io_queue_release->io_destroy
io_getevents_0_4->aio_ring_is_empty
io_getevents_0_4->__io_getevents_0_4
io_submit->__errno_location
io_submit->syscall
io_submit->__errno_location
io_submit->__errno_location
io_cancel_0_4->__errno_location
io_cancel_0_4->syscall
io_cancel_0_4->__errno_location
io_cancel_0_4->__errno_location
io_setup->__errno_location
io_setup->syscall
io_setup->__errno_location
io_setup->__errno_location
io_destroy->__errno_location
io_destroy->syscall
io_destroy->__errno_location
io_destroy->__errno_location
__io_pgetevents->__errno_location
__io_pgetevents->syscall
__io_pgetevents->__errno_location
__io_pgetevents->__errno_location
io_pgetevents->aio_ring_is_empty.5
io_pgetevents->__io_pgetevents
__io_getevents_0_4->syscall(208)
io_submit->syscall(209)
io_cancel_0_4->syscall(210)
io_setup->syscall(206)
io_destroy->syscall(207)
__io_pgetevents->syscall(333)
io_queue_wait_0_4->io_queue_wait
io_getevents_0_4->io_getevents
io_cancel_0_4->io_cancel
compat0_1_io_cancel->io_cancel
compat0_1_io_queue_wait->io_queue_wait
compat0_1_io_getevents->io_getevents
io_queue_wait->io_queue_wait_0_4
io_getevents->io_getevents_0_4
io_cancel->io_cancel_0_4
io_cancel->compat0_1_io_cancel
io_queue_wait->compat0_1_io_queue_wait
io_getevents->compat0_1_io_getevents
