acl_add_perm->__ext2int_and_check
__check_obj_p->__errno_location
acl_copy_int->__errno_location
acl_copy_int->llvm.memcpy.p0i8.p0i8.i64
acl_copy_int->__acl_create_entry_obj
acl_copy_int->__acl_free_acl_obj
acl_copy_int->__acl_init_obj
acl_copy_int->__acl_reorder_obj_p
acl_dup->llvm.memcpy.p0i8.p0i8.i64
acl_dup->__acl_create_entry_obj
acl_dup->__acl_free_acl_obj
acl_dup->__acl_init_obj
acl_dup->__ext2int_and_check
get_token->llvm.memcpy.p0i8.p0i8.i64
get_token->malloc
acl_get_qualifier->__errno_location
acl_get_qualifier->__new_var_obj_p
acl_get_qualifier->__ext2int_and_check
acl_check->__ext2int_and_check
acl_extended_file->__acl_extended_file
__acl_reorder_entry_obj_p->__acl_entry_p_compare
acl_calc_mask->__errno_location
acl_calc_mask->__acl_create_entry_obj
acl_calc_mask->__acl_reorder_entry_obj_p
acl_calc_mask->__ext2int_and_check
__ext2int_and_check->__errno_location
__ext2int_and_check->__check_obj_p
__acl_create_entry_obj->__new_var_obj_p
__acl_create_entry_obj->__new_obj_p_here
__acl_high_water_alloc->realloc
__acl_free_acl_obj->free
__acl_free_acl_obj->__free_obj_p
get_uid->__errno_location
get_uid->get_id
get_uid->getpwnam
acl_get_file->__errno_location
acl_get_file->acl_ea_size.7
acl_get_file->getxattr
acl_get_file->stat
acl_get_file->acl_init
acl_get_file->acl_from_mode
acl_get_file->__acl_from_xattr
acl_get_tag_type->__errno_location
acl_get_tag_type->__ext2int_and_check
acl_set_permset->llvm.memcpy.p0i8.p0i8.i64
acl_set_permset->__ext2int_and_check
acl_cmp->__ext2int_and_check
acl_extended_file_nofollow->__acl_extended_file
__acl_to_xattr->malloc
perm_copy_fd->__errno_location
perm_copy_fd->acl_free
perm_copy_fd->acl_get_fd
perm_copy_fd->fstat
perm_copy_fd->acl_set_fd
perm_copy_fd->acl_entries
perm_copy_fd->gettext
perm_copy_fd->__apply_mask_to_mode
perm_copy_fd->set_acl_fd
perm_copy_fd->fchmod
acl_create_entry->__errno_location
acl_create_entry->__acl_create_entry_obj
acl_create_entry->__ext2int_and_check
__acl_quote->__acl_high_water_alloc
__acl_quote->strchr
get_gid->__errno_location
get_gid->get_id
get_gid->getgrnam
__acl_init_obj->malloc
__acl_init_obj->__new_var_obj_p
acl_set_qualifier->__errno_location
acl_set_qualifier->__acl_reorder_entry_obj_p
acl_set_qualifier->__ext2int_and_check
acl_entries->__ext2int_and_check
__acl_reorder_obj_p->qsort
__apply_mask_to_mode->acl_get_entry
__apply_mask_to_mode->acl_get_perm
__apply_mask_to_mode->acl_get_permset
__apply_mask_to_mode->acl_get_tag_type
__apply_mask_to_mode->acl_entries
acl_clear_perms->__ext2int_and_check
set_acl_fd->__errno_location
set_acl_fd->acl_free
set_acl_fd->acl_set_fd
set_acl_fd->gettext
set_acl_fd->acl_from_mode
set_acl_fd->fchmod
acl_delete_def_file->__errno_location
acl_delete_def_file->removexattr
acl_free->__errno_location
acl_free->__acl_free_acl_obj
acl_free->__free_obj_p
get_id->strtol
acl_get_entry->__errno_location
acl_get_entry->__check_obj_p
acl_get_entry->__ext2int_and_check
acl_init->__errno_location
acl_init->__acl_init_obj
acl_set_tag_type->__errno_location
acl_set_tag_type->__acl_reorder_entry_obj_p
acl_set_tag_type->__ext2int_and_check
acl_equiv_mode->__errno_location
acl_equiv_mode->__ext2int_and_check
acl_from_mode->__acl_create_entry_obj
acl_from_mode->__acl_free_acl_obj
acl_from_mode->__acl_init_obj
__acl_entry_pp_compare->__acl_entry_p_compare
user_name->getpwuid
__new_var_obj_p->malloc
acl_copy_entry->llvm.memcpy.p0i8.p0i8.i64
acl_copy_entry->__acl_reorder_entry_obj_p
acl_copy_entry->__ext2int_and_check
acl_from_text->__errno_location
acl_from_text->acl_free
acl_from_text->parse_acl_entry
acl_from_text->acl_init
acl_get_fd->__errno_location
acl_get_fd->acl_ea_size
acl_get_fd->fgetxattr
acl_get_fd->fstat
acl_get_fd->acl_from_mode
acl_get_fd->__acl_from_xattr
acl_set_fd->free
acl_set_fd->fsetxattr
acl_set_fd->__acl_to_xattr
acl_set_fd->__ext2int_and_check
acl_size->__ext2int_and_check
acl_error->gettext
acl_to_any_text->__acl_to_any_text
perm_copy_file->__errno_location
perm_copy_file->acl_delete_def_file
perm_copy_file->acl_free
perm_copy_file->acl_get_file
perm_copy_file->stat
perm_copy_file->acl_set_file
perm_copy_file->acl_entries
perm_copy_file->gettext
perm_copy_file->__apply_mask_to_mode
perm_copy_file->set_acl
perm_copy_file->chmod
acl_delete_entry->__free_obj_p
acl_delete_entry->__ext2int_and_check
parse_acl_entry->__errno_location
parse_acl_entry->acl_copy_entry
parse_acl_entry->acl_create_entry
parse_acl_entry->free
parse_acl_entry->skip_tag_name
parse_acl_entry->get_token
parse_acl_entry->get_uid
parse_acl_entry->get_gid
parse_acl_entry->__new_obj_p_here
parse_acl_entry->__acl_unquote
acl_get_perm->__ext2int_and_check
acl_to_text->__acl_to_any_text
__acl_extended_file->__errno_location
__acl_extended_file->getxattr
__acl_extended_file->lgetxattr
__acl_to_any_text->strlen
__acl_to_any_text->acl_entry_to_any_str
__acl_to_any_text->realloc
__acl_to_any_text->strcpy
__acl_to_any_text->__new_var_obj_p
__acl_to_any_text->__free_obj_p
__acl_to_any_text->__ext2int_and_check
group_name->getgrgid
__free_obj_p->free
acl_copy_ext->__errno_location
acl_copy_ext->llvm.memcpy.p0i8.p0i8.i64
acl_copy_ext->__ext2int_and_check
set_acl->__errno_location
set_acl->acl_delete_def_file
set_acl->acl_free
set_acl->acl_set_file
set_acl->gettext
set_acl->acl_from_mode
set_acl->chmod
acl_delete_perm->__ext2int_and_check
skip_tag_name->strlen
skip_tag_name->strncmp
acl_get_permset->__errno_location
acl_get_permset->__ext2int_and_check
acl_set_file->__errno_location
acl_set_file->free
acl_set_file->setxattr
acl_set_file->__acl_to_xattr
acl_set_file->__ext2int_and_check
acl_valid->__errno_location
acl_valid->acl_check
acl_extended_fd->__errno_location
acl_extended_fd->fgetxattr
__acl_from_xattr->__errno_location
__acl_from_xattr->__acl_create_entry_obj
__acl_from_xattr->__acl_free_acl_obj
__acl_from_xattr->__acl_init_obj
__acl_from_xattr->__acl_reorder_obj_p
acl_entry_to_any_str->strlen
acl_entry_to_any_str->strncpy
acl_entry_to_any_str->user_name
acl_entry_to_any_str->snprint_uint
acl_entry_to_any_str->group_name
acl_entry_to_any_str->__ext2int_and_check
acl_entry_to_any_str->__acl_quote
