attr_copy_action->attr_parse_attr_conf
attr_copy_action->fnmatch
attr_multif->__errno_location
attr_multif->attr_singlef
attr_get->__errno_location
attr_get->lgetxattr
attr_get->getxattr
attr_get->api_convert
attr_set->__errno_location
attr_set->lsetxattr
attr_set->api_convert
attr_set->setxattr
attr_listf->__errno_location
attr_listf->flistxattr
attr_listf->fgetxattr
attr_listf->strchr
attr_listf->llvm.memset.p0i8.i64
attr_listf->api_unconvert
attr_listf->attr_list_pack
attr_parse_attr_conf->fopen
attr_parse_attr_conf->__errno_location
attr_parse_attr_conf->malloc
attr_parse_attr_conf->fread
attr_parse_attr_conf->ferror
attr_parse_attr_conf->feof
attr_parse_attr_conf->fclose
attr_parse_attr_conf->free
attr_parse_attr_conf->strspn
attr_parse_attr_conf->strcspn
attr_parse_attr_conf->strndup
attr_parse_attr_conf->strncmp
attr_parse_attr_conf->free_attr_actions
api_unconvert->strncmp
api_unconvert->strlen
api_unconvert->strcpy
attr_singlef->__errno_location
attr_singlef->attr_getf
attr_singlef->attr_setf
attr_singlef->attr_removef
free_attr_actions->free
attr_list->__errno_location
attr_list->strchr
attr_list->llistxattr
attr_list->lgetxattr
attr_list->getxattr
attr_list->llvm.memset.p0i8.i64
attr_list->listxattr
attr_list->api_unconvert
attr_list->attr_list_pack
attr_multi->__errno_location
attr_multi->attr_single
attr_list_pack->strlen
attr_list_pack->strncpy
attr_copy_check_permissions->attr_copy_action
api_convert->__errno_location
api_convert->strlen
api_convert->strcpy
api_convert->strcat
attr_setf->__errno_location
attr_setf->fsetxattr
attr_setf->api_convert
attr_single->__errno_location
attr_single->attr_get
attr_single->attr_set
attr_single->attr_remove
attr_getf->__errno_location
attr_getf->fgetxattr
attr_getf->api_convert
attr_removef->__errno_location
attr_removef->api_convert
attr_removef->fremovexattr
attr_copy_fd->__errno_location
attr_copy_fd->free
attr_copy_fd->attr_copy_check_permissions
attr_copy_fd->flistxattr
attr_copy_fd->gettext
attr_copy_fd->fgetxattr
attr_copy_fd->realloc
attr_copy_fd->fsetxattr
attr_copy_fd->strchr
attr_copy_file->__errno_location
attr_copy_file->free
attr_copy_file->attr_copy_check_permissions
attr_copy_file->gettext
attr_copy_file->realloc
attr_copy_file->strchr
attr_copy_file->llistxattr
attr_copy_file->lgetxattr
attr_copy_file->lsetxattr
attr_remove->__errno_location
attr_remove->api_convert
attr_remove->lremovexattr
attr_remove->removexattr
