apr_brigade_cleanup->apr_bucket_destroy_noop
apr_brigade_cleanup->apr_bucket_free
apr_brigade_cleanup->file_bucket_destroy
apr_brigade_cleanup->heap_bucket_destroy
apr_brigade_cleanup->mmap_bucket_destroy
apr_brigade_cleanup->pool_bucket_destroy
rc_conn_destruct->apr_pool_destroy
rc_conn_destruct->apr_socket_sendv
rc_conn_destruct->apr_socket_close
apr_rmm_calloc->llvm.memset.p0i8.i64
apr_rmm_calloc->apr_thread_mutex_lock
apr_rmm_calloc->apr_thread_mutex_unlock
apr_rmm_calloc->apr_proc_mutex_lock
apr_rmm_calloc->apr_thread_rwlock_rdlock
apr_rmm_calloc->apr_thread_rwlock_wrlock
apr_rmm_calloc->apr_proc_mutex_unlock
apr_rmm_calloc->apr_thread_rwlock_unlock
apr_rmm_calloc->find_block_of_size
apr_rmm_calloc->move_block
apr_memcache_getp->apr_brigade_destroy
apr_memcache_getp->apr_brigade_split
apr_memcache_getp->apr_brigade_partition
apr_memcache_getp->apr_brigade_pflatten
apr_memcache_getp->strlen
apr_memcache_getp->strncmp
apr_memcache_getp->apr_memcache_find_server_hash
apr_memcache_getp->ms_find_conn
apr_memcache_getp->apr_socket_sendv
apr_memcache_getp->ms_bad_conn
apr_memcache_getp->get_server_line
apr_memcache_getp->ms_release_conn
apr_memcache_getp->apr_memcache_disable_server
apr_memcache_getp->apr_memcache_hash
apr_memcache_getp->apr_strtok
apr_memcache_getp->atoi
apr_memcache_getp->parse_size
apr_sdbm_delete->getpage
apr_sdbm_delete->apr_sdbm_rdonly
apr_sdbm_delete->write_page
apr_sdbm_delete->apu__sdbm_hash
apr_sdbm_delete->apr_sdbm_lock
apr_sdbm_delete->apr_sdbm_unlock
apr_sdbm_delete->apu__sdbm_delpair
apr_brigade_vprintf->apr_brigade_write
apr_brigade_vprintf->apr_vformatter
apr_uri_unparse->apr_pstrcat
apr_uri_unparse->strchr
apr_uri_unparse->apr_uri_port_of_scheme
schedule_task->apr_thread_mutex_lock
schedule_task->apr_thread_mutex_unlock
schedule_task->apr_thread_cond_signal
schedule_task->apr_thread_create
schedule_task->task_new
schedule_task->thread_pool_func
stat_read_rtime->apr_strtok
stat_read_rtime->atoi
file_bucket_setaside->apr_file_pool_get
file_bucket_setaside->apr_pool_is_ancestor
file_bucket_setaside->apr_file_setaside
entity_declaration->XML_StopParser
apu_dso_mutex_lock->apr_thread_mutex_lock
destroy_resource->mc_conn_construct
destroy_resource->mc_conn_destruct
destroy_resource->rc_conn_construct
destroy_resource->rc_conn_destruct
mc_version_ping->ms_find_conn
mc_version_ping->apr_socket_sendv
mc_version_ping->ms_bad_conn
mc_version_ping->get_server_line
mc_version_ping->ms_release_conn
apr_dbm_get_usednames_ex->dbm_open_type
apr_brigade_destroy->apr_brigade_cleanup
apr_brigade_destroy->apr_pool_cleanup_kill
conn_connect.202->apr_socket_timeout_set
conn_connect.202->apr_sockaddr_info_get
conn_connect.202->apr_socket_connect
apr_rmm_realloc->llvm.memcpy.p0i8.p0i8.i64
apr_rmm_realloc->apr_rmm_malloc
apr_rmm_realloc->apr_rmm_offset_get
apr_rmm_realloc->apr_rmm_addr_get
apr_rmm_realloc->apr_rmm_free
brigade_flush->apr_brigade_write
apr_uri_parse->memchr
apr_uri_parse->llvm.memset.p0i8.i64
apr_uri_parse->apr_pstrdup
apr_uri_parse->strtol
apr_uri_parse->apr_pstrmemdup
apr_uri_parse->strchr
apr_uri_parse->apr_uri_port_of_scheme
apr_thread_pool_top->add_task
stat_read_uint64->apr_atoi64
apr_base64_encode->apr_base64_encode_binary
apr_password_validate->strlen
apr_password_validate->apr_md5_encode
apr_password_validate->strncmp
apr_password_validate->__errno_location
apr_password_validate->malloc
apr_password_validate->crypt_r
apr_password_validate->strcmp
apr_password_validate->free
apr_password_validate->apr_sha1_base64
apr_password_validate->_crypt_blowfish_rn
apu_dso_mutex_unlock->apr_thread_mutex_unlock
get_container->apr_palloc
get_container->llvm.memset.p0i8.i64
ms_find_conn->apr_brigade_create
ms_find_conn->apr_bucket_alloc_create
ms_find_conn->apr_bucket_socket_create
ms_find_conn->apr_reslist_acquire
apr_dbm_get_usednames->apr_dbm_get_usednames_ex
apr_bucket_mmap_create->apr_bucket_alloc
apr_bucket_mmap_create->apr_bucket_mmap_make
brigade_cleanup->apr_brigade_cleanup
apr_redis_create->apr_palloc
write_page->apr_file_seek
write_page->apr_file_write_full
apr_uri_parse_hostinfo->llvm.memset.p0i8.i64
apr_uri_parse_hostinfo->apr_pstrdup
apr_uri_parse_hostinfo->strtol
apr_uri_parse_hostinfo->strchr
apr_uri_parse_hostinfo->apr_pstrndup
apr_thread_pool_tasks_cancel->apr_thread_mutex_lock
apr_thread_pool_tasks_cancel->apr_thread_mutex_unlock
apr_thread_pool_tasks_cancel->remove_tasks
apr_thread_pool_tasks_cancel->remove_scheduled_tasks
apr_thread_pool_tasks_cancel->wait_on_busy_threads
apu_dso_init->apr_pool_cleanup_register
apu_dso_init->apr_atomic_inc32
apu_dso_init->apr_atomic_set32
apu_dso_init->apr_atomic_read32
apu_dso_init->apr_pool_parent_get
apu_dso_init->apr_hash_make
apu_dso_init->apr_thread_mutex_create
apu_dso_init->apr_atomic_dec32
apr_reslist_create->apr_palloc
apr_reslist_create->apr_pool_cleanup_register
apr_reslist_create->llvm.memset.p0i8.i64
apr_reslist_create->apr_thread_mutex_create
apr_reslist_create->apr_thread_cond_create
apr_reslist_create->apr_reslist_maintain
apr_reslist_create->reslist_cleanup
_crypt_gensalt_blowfish_rn->__errno_location
_crypt_gensalt_blowfish_rn->BF_encode
parse_size->__errno_location
parse_size->strtol
apr_bucket_socket_create->apr_bucket_alloc
apr_bucket_socket_create->apr_bucket_socket_make
apr_brigade_insert_file->apr_bucket_file_create
apr_date_checkmask->__ctype_b_loc
apr_hook_sort_register->apr_array_make
apr_hook_sort_register->apr_array_push
apr_text_append->apr_palloc
reslist_cleanup->apr_thread_mutex_lock
reslist_cleanup->apr_thread_mutex_unlock
reslist_cleanup->__assert_fail
reslist_cleanup->apr_thread_cond_destroy
reslist_cleanup->apr_thread_mutex_destroy
reslist_cleanup->free_container
reslist_cleanup->destroy_resource
reslist_cleanup->pop_resource
ms_bad_conn->apr_reslist_invalidate
vt_sdbm_open->apr_palloc
vt_sdbm_open->llvm.memset.p0i8.i64
vt_sdbm_open->apr_sdbm_open
apr_uuid_get->llvm.memcpy.p0i8.p0i8.i64
apr_uuid_get->apr_os_uuid_get
apr_uuid_get->init_state
apr_uuid_get->get_current_time
pipe_bucket_read->apr_bucket_alloc
pipe_bucket_read->apr_bucket_free
pipe_bucket_read->apr_file_read
pipe_bucket_read->apr_bucket_heap_make
pipe_bucket_read->apr_file_pipe_timeout_get
pipe_bucket_read->apr_file_pipe_timeout_set
pipe_bucket_read->apr_bucket_pipe_create
pipe_bucket_read->apr_file_close
pipe_bucket_read->apr_bucket_immortal_make
apr_brigade_create->apr_palloc
apr_brigade_create->apr_pool_cleanup_register
apr_redis_hash_default->apr_redis_hash_crc32
apr_rmm_free->apr_thread_mutex_lock
apr_rmm_free->apr_thread_mutex_unlock
apr_rmm_free->apr_proc_mutex_lock
apr_rmm_free->apr_thread_rwlock_rdlock
apr_rmm_free->apr_thread_rwlock_wrlock
apr_rmm_free->apr_proc_mutex_unlock
apr_rmm_free->apr_thread_rwlock_unlock
apr_rmm_free->move_block
apr_sdbm_store->getpage
apr_sdbm_store->apr_sdbm_rdonly
apr_sdbm_store->write_page
apr_sdbm_store->makroom
apr_sdbm_store->apu__sdbm_hash
apr_sdbm_store->apr_sdbm_lock
apr_sdbm_store->apr_sdbm_unlock
apr_sdbm_store->apu__sdbm_fitpair
apr_sdbm_store->apu__sdbm_putpair
apr_sdbm_store->apu__sdbm_duppair
apr_sdbm_store->apu__sdbm_delpair
apr_xlate_open->apr_palloc
apr_xlate_open->apr_pool_cleanup_register
apr_xlate_open->llvm.memset.p0i8.i64
apr_xlate_open->__errno_location
apr_xlate_open->strcmp
apr_xlate_open->apr_pstrdup
apr_xlate_open->handle_special_names
apr_xlate_open->make_identity_table
apr_xlate_open->iconv_open
apr_xlate_open->check_sbcs
apr_date_parse_http->__ctype_b_loc
apr_date_parse_http->apr_date_checkmask
apr_date_parse_http->strchr
apr_date_parse_http->apr_time_exp_get
apr_dbd_prepare->apr_palloc
apr_dbd_prepare->strlen
apr_dbd_prepare->llvm.memset.p0i8.i64
apr_dbd_prepare->__ctype_b_loc
apr_dbd_prepare->apr_snprintf
file_make_mmap->apr_bucket_split_notimpl
file_make_mmap->file_bucket_destroy
file_make_mmap->apr_mmap_create
file_make_mmap->apr_bucket_mmap_make
file_make_mmap->apr_bucket_shared_split
file_make_mmap->apr_bucket_simple_split
apr_xml_quote_string->apr_palloc
apu_dso_load->apr_cpystrn
apu_dso_load->apr_hash_get
apu_dso_load->apr_hash_pool_get
apu_dso_load->apr_pstrdup
apu_dso_load->apr_hash_set
apu_dso_load->apr_array_make
apu_dso_load->apr_array_push
apu_dso_load->apr_env_get
apu_dso_load->apr_filepath_list_split
apu_dso_load->apr_dso_load
apu_dso_load->apr_dso_sym
apu_dso_load->apr_dso_unload
get_server_line->apr_brigade_cleanup
get_server_line->apr_brigade_flatten
get_server_line->apr_brigade_split_line
vt_sdbm_close->apr_sdbm_close
apr_redis_hash->apr_redis_hash_default
apr_memcache_delete->strlen
apr_memcache_delete->strncmp
apr_memcache_delete->apr_snprintf
apr_memcache_delete->apr_memcache_find_server_hash
apr_memcache_delete->ms_find_conn
apr_memcache_delete->apr_socket_sendv
apr_memcache_delete->ms_bad_conn
apr_memcache_delete->get_server_line
apr_memcache_delete->ms_release_conn
apr_memcache_delete->apr_memcache_disable_server
apr_memcache_delete->apr_memcache_hash
makroom->llvm.memcpy.p0i8.p0i8.i64
makroom->write_page
makroom->setdbit
makroom->apu__sdbm_fitpair
makroom->apu__sdbm_splpage
apr_md4_set_xlate->apr_xlate_sb_get
handle_special_names->apr_os_default_encoding
handle_special_names->apr_os_locale_encoding
wait_on_busy_threads->apr_thread_mutex_lock
wait_on_busy_threads->apr_thread_mutex_unlock
wait_on_busy_threads->__assert_fail
wait_on_busy_threads->apr_sleep
wait_on_busy_threads->apr_os_thread_get
wait_on_busy_threads->apr_os_thread_current
wait_on_busy_threads->apr_os_thread_equal
find_prefix->strcmp
apr_reslist_destroy->apr_pool_cleanup_run
ms_release_conn->apr_pool_clear
ms_release_conn->apr_reslist_release
vt_sdbm_fetch->set_error
vt_sdbm_fetch->apr_sdbm_fetch
init_state->true_random
init_state->get_pseudo_node_identifier
apr_redis_set->strlen
apr_redis_set->strcmp
apr_redis_set->apr_snprintf
apr_redis_set->apr_socket_sendv
apr_redis_set->apr_redis_find_server_hash
apr_redis_set->rs_find_conn
apr_redis_set->rs_bad_conn
apr_redis_set->get_server_line.198
apr_redis_set->rs_release_conn
apr_redis_set->apr_redis_disable_server
apr_redis_set->apr_redis_hash
apr_thread_pool_create->apr_palloc
apr_thread_pool_create->llvm.memset.p0i8.i64
apr_thread_pool_create->apr_thread_mutex_lock
apr_thread_pool_create->apr_thread_mutex_unlock
apr_thread_pool_create->apr_pool_create_ex
apr_thread_pool_create->apr_pool_pre_cleanup_register
apr_thread_pool_create->thread_pool_construct
apr_thread_pool_create->apr_thread_create
apr_thread_pool_create->thread_pool_func
apr_memcache_incr->num_cmd_write
setdbit->apr_file_seek
setdbit->read_from
setdbit->apr_file_write_full
apr_dbd_get_driver->apr_hash_get
apr_dbd_get_driver->apr_hash_pool_get
apr_dbd_get_driver->apr_snprintf
apr_dbd_get_driver->apr_pstrdup
apr_dbd_get_driver->apr_hash_set
apr_dbd_get_driver->apu_dso_mutex_lock
apr_dbd_get_driver->apu_dso_mutex_unlock
apr_dbd_get_driver->apu_dso_load
apr_md4_update->llvm.memcpy.p0i8.p0i8.i64
apr_md4_update->MD4Transform
apr_md4_update->apr_xlate_conv_buffer
make_identity_table->apr_palloc
apr_hook_sort_all->apr_array_make
apr_hook_sort_all->sort_hook
apr_reslist_acquire->apr_time_now
apr_reslist_acquire->apr_thread_mutex_lock
apr_reslist_acquire->apr_thread_mutex_unlock
apr_reslist_acquire->apr_thread_cond_wait
apr_reslist_acquire->create_resource
apr_reslist_acquire->free_container
apr_reslist_acquire->destroy_resource
apr_reslist_acquire->pop_resource
apr_reslist_acquire->apr_thread_cond_timedwait
vt_sdbm_store->set_error
vt_sdbm_store->apr_sdbm_store
get_current_time->get_system_time
apr_bucket_pipe_create->apr_bucket_alloc
apr_bucket_pipe_create->apr_bucket_pipe_make
apr_redis_setex->strlen
apr_redis_setex->strcmp
apr_redis_setex->apr_snprintf
apr_redis_setex->apr_socket_sendv
apr_redis_setex->apr_redis_find_server_hash
apr_redis_setex->rs_find_conn
apr_redis_setex->rs_bad_conn
apr_redis_setex->get_server_line.198
apr_redis_setex->rs_release_conn
apr_redis_setex->apr_redis_disable_server
apr_redis_setex->apr_redis_hash
thread_pool_construct->apr_palloc
thread_pool_construct->apr_thread_mutex_create
thread_pool_construct->apr_thread_cond_create
thread_pool_construct->apr_thread_cond_destroy
thread_pool_construct->apr_thread_mutex_destroy
num_cmd_write->strlen
num_cmd_write->strncmp
num_cmd_write->apr_snprintf
num_cmd_write->apr_memcache_find_server_hash
num_cmd_write->ms_find_conn
num_cmd_write->apr_socket_sendv
num_cmd_write->ms_bad_conn
num_cmd_write->get_server_line
num_cmd_write->ms_release_conn
num_cmd_write->apr_memcache_disable_server
num_cmd_write->apr_memcache_hash
num_cmd_write->atoi
apr_sdbm_firstkey->getpage
apr_sdbm_firstkey->getnext
apr_sdbm_firstkey->apr_sdbm_lock
apr_sdbm_firstkey->apr_sdbm_unlock
MD4Transform->Decode
MD4Transform->llvm.memset.p0i8.i64
apr_date_parse_rfc->__ctype_b_loc
apr_date_parse_rfc->atoi
apr_date_parse_rfc->apr_date_checkmask
apr_date_parse_rfc->strchr
apr_date_parse_rfc->apr_time_exp_gmt_get
sort_hook->llvm.memcpy.p0i8.p0i8.i64
sort_hook->apr_array_make
sort_hook->apr_array_push
sort_hook->apr_pool_create_ex
sort_hook->prepare
sort_hook->tsort
sort_hook->printf
sort_hook->__assert_fail
sort_hook->fputc
sort_hook->apr_pool_destroy
apr_dbd_pvquery->llvm.va_start
apr_dbd_pvquery->llvm.va_end
apr_bcrypt_encode->__errno_location
apr_bcrypt_encode->_crypt_blowfish_rn
apr_bcrypt_encode->_crypt_gensalt_blowfish_rn
apr_xml_parser_feed->do_parse
apr_memcache_find_server->strcmp
vt_sdbm_del->set_error
vt_sdbm_del->apr_sdbm_delete
get_system_time->apr_time_now
apr_brigade_split_ex->apr_brigade_cleanup
apr_brigade_split_ex->apr_brigade_create
apr_redis_getp->strlen
apr_redis_getp->strncmp
apr_redis_getp->apr_snprintf
apr_redis_getp->apr_socket_sendv
apr_redis_getp->apr_redis_find_server_hash
apr_redis_getp->rs_find_conn
apr_redis_getp->rs_bad_conn
apr_redis_getp->get_server_line.198
apr_redis_getp->rs_release_conn
apr_redis_getp->apr_redis_disable_server
apr_redis_getp->apr_redis_hash
apr_redis_getp->grab_bulk_resp
thread_pool_cleanup->apr_thread_cond_destroy
thread_pool_cleanup->apr_thread_mutex_destroy
thread_pool_cleanup->apr_thread_pool_idle_max_set
thread_pool_cleanup->apr_sleep
apr_memcache_decr->num_cmd_write
getnext->llvm.memcpy.p0i8.p0i8.i64
getnext->getpage
getnext->apu__sdbm_getnkey
check_sbcs->apr_palloc
check_sbcs->llvm.memcpy.p0i8.p0i8.i64
check_sbcs->iconv_open
check_sbcs->iconv_close
check_sbcs->iconv
apr_dbd_pvselect->llvm.va_start
apr_dbd_pvselect->llvm.va_end
do_parse->XML_Parse
do_parse->XML_GetErrorCode
apr_reslist_release->apr_thread_mutex_lock
apr_reslist_release->apr_thread_mutex_unlock
apr_reslist_release->apr_thread_cond_signal
apr_reslist_release->apr_reslist_maintain
apr_reslist_release->push_resource
apr_reslist_release->get_container
apr_memcache_enable_server->make_server_live
vt_sdbm_exists->apr_sdbm_fetch
apr_bucket_pool_make->apr_pool_cleanup_register
apr_bucket_pool_make->apr_bucket_alloc
apr_bucket_pool_make->apr_bucket_shared_make
apr_brigade_split->apr_brigade_split_ex
grab_bulk_resp->apr_brigade_destroy
grab_bulk_resp->apr_brigade_split
grab_bulk_resp->apr_brigade_partition
grab_bulk_resp->apr_brigade_pflatten
grab_bulk_resp->apr_strtok
grab_bulk_resp->strtol
grab_bulk_resp->rs_bad_conn
grab_bulk_resp->apr_redis_disable_server
thread_pool_func->apr_thread_mutex_lock
thread_pool_func->apr_thread_mutex_unlock
thread_pool_func->__assert_fail
thread_pool_func->apr_thread_cond_wait
thread_pool_func->apr_thread_cond_timedwait
thread_pool_func->elt_new
thread_pool_func->apr_thread_exit
thread_pool_func->pop_task
thread_pool_func->apr_thread_data_set
thread_pool_func->apr_thread_detach
thread_pool_func->waiting_time
apr_memcache_version->strncmp
apr_memcache_version->ms_find_conn
apr_memcache_version->apr_socket_sendv
apr_memcache_version->ms_bad_conn
apr_memcache_version->get_server_line
apr_memcache_version->ms_release_conn
apr_memcache_version->apr_pstrmemdup
apr_sdbm_nextkey->getnext
apr_sdbm_nextkey->apr_sdbm_lock
apr_sdbm_nextkey->apr_sdbm_unlock
apr_bucket_alloc_create->apr_pool_cleanup_register
apr_bucket_alloc_create->apr_pool_allocator_get
apr_bucket_alloc_create->apr_bucket_alloc_create_ex
apr_bucket_alloc_create->apr_pool_abort_get
apr_bucket_alloc_create->abort
apr_xlate_cleanup->__errno_location
apr_xlate_cleanup->iconv_close
apr_queue_create->apr_palloc
apr_queue_create->apr_pool_cleanup_register
apr_queue_create->llvm.memset.p0i8.i64
apr_queue_create->apr_thread_mutex_create
apr_queue_create->apr_thread_cond_create
prepare->apr_palloc
prepare->llvm.memset.p0i8.i64
prepare->strcmp
prepare->qsort
apr_sha1_update_binary->llvm.memcpy.p0i8.p0i8.i64
apr_sha1_update_binary->maybe_byte_reverse
apr_sha1_update_binary->sha_transform
apr_memcache_disable_server->make_server_dead
vt_sdbm_firstkey->set_error
vt_sdbm_firstkey->apr_sdbm_firstkey
true_random->apr_time_now
true_random->apr_generate_random_bytes
true_random->srand
true_random->rand
pool_bucket_cleanup->llvm.memcpy.p0i8.p0i8.i64
pool_bucket_cleanup->apr_bucket_alloc
apr_brigade_partition->apr_bucket_split_notimpl
apr_brigade_partition->eos_bucket_read
apr_brigade_partition->file_bucket_read
apr_brigade_partition->flush_bucket_read
apr_brigade_partition->heap_bucket_read
apr_brigade_partition->mmap_bucket_read
apr_brigade_partition->pipe_bucket_read
apr_brigade_partition->pool_bucket_read
apr_brigade_partition->apr_bucket_shared_split
apr_brigade_partition->apr_bucket_simple_split
apr_brigade_partition->simple_bucket_read
apr_brigade_partition->socket_bucket_read
apr_redis_delete->strlen
apr_redis_delete->strncmp
apr_redis_delete->apr_snprintf
apr_redis_delete->apr_socket_sendv
apr_redis_delete->apr_redis_find_server_hash
apr_redis_delete->rs_find_conn
apr_redis_delete->rs_bad_conn
apr_redis_delete->get_server_line.198
apr_redis_delete->rs_release_conn
apr_redis_delete->apr_redis_disable_server
apr_redis_delete->apr_redis_hash
apr_md4_final->apr_md4_update
apr_md4_final->llvm.memset.p0i8.i64
apr_md4_final->Encode
tsort->__assert_fail
maybe_byte_reverse->isLittleEndian
apr_reslist_acquired_count->apr_thread_mutex_lock
apr_reslist_acquired_count->apr_thread_mutex_unlock
make_server_dead->apr_time_now
make_server_dead->apr_thread_mutex_lock
make_server_dead->apr_thread_mutex_unlock
vt_sdbm_nextkey->set_error
vt_sdbm_nextkey->apr_sdbm_nextkey
get_pseudo_node_identifier->get_random_info
pool_bucket_destroy->apr_pool_cleanup_kill
pool_bucket_destroy->apr_bucket_destroy_noop
pool_bucket_destroy->apr_bucket_free
pool_bucket_destroy->file_bucket_destroy
pool_bucket_destroy->heap_bucket_destroy
pool_bucket_destroy->mmap_bucket_destroy
pool_bucket_destroy->pool_bucket_destroy
pool_bucket_destroy->apr_bucket_shared_destroy
apr_brigade_length->eos_bucket_read
apr_brigade_length->file_bucket_read
apr_brigade_length->flush_bucket_read
apr_brigade_length->heap_bucket_read
apr_brigade_length->mmap_bucket_read
apr_brigade_length->pipe_bucket_read
apr_brigade_length->pool_bucket_read
apr_brigade_length->simple_bucket_read
apr_brigade_length->socket_bucket_read
apr_redis_info->strncmp
apr_redis_info->apr_socket_sendv
apr_redis_info->rs_find_conn
apr_redis_info->rs_bad_conn
apr_redis_info->get_server_line.198
apr_redis_info->rs_release_conn
apr_redis_info->grab_bulk_resp
elt_new->apr_palloc
elt_new->llvm.memset.p0i8.i64
apr_memcache_add_multget_key->apr_palloc
apr_memcache_add_multget_key->strlen
apr_memcache_add_multget_key->llvm.memset.p0i8.i64
apr_memcache_add_multget_key->apr_hash_make
apr_memcache_add_multget_key->apr_pstrdup
apr_memcache_add_multget_key->apr_hash_set
apr_sdbm_lock->apr_file_unlock
apr_sdbm_lock->apr_file_lock
apr_sdbm_lock->apr_file_info_get
apr_bucket_alloc_create_ex->apr_allocator_alloc
queue_destroy->apr_thread_cond_destroy
queue_destroy->apr_thread_mutex_destroy
apr_dbd_pvbquery->llvm.va_start
apr_dbd_pvbquery->llvm.va_end
apr_bucket_file_create->apr_bucket_alloc
apr_bucket_file_create->apr_bucket_file_make
apr_xml_parser_done->apr_pool_cleanup_run
apr_xml_parser_done->do_parse
apr_reslist_invalidate->apr_thread_mutex_lock
apr_reslist_invalidate->apr_thread_mutex_unlock
apr_reslist_invalidate->apr_thread_cond_signal
apr_memcache_server_create->apr_palloc
apr_memcache_server_create->apr_thread_mutex_create
apr_memcache_server_create->apr_pstrdup
apr_memcache_server_create->apr_pool_create_ex
apr_memcache_server_create->apr_reslist_create
apr_memcache_server_create->apr_reslist_cleanup_order_set
get_random_info->apr_generate_random_bytes
apr_brigade_flatten->llvm.memcpy.p0i8.p0i8.i64
apr_brigade_flatten->eos_bucket_read
apr_brigade_flatten->file_bucket_read
apr_brigade_flatten->flush_bucket_read
apr_brigade_flatten->heap_bucket_read
apr_brigade_flatten->mmap_bucket_read
apr_brigade_flatten->pipe_bucket_read
apr_brigade_flatten->pool_bucket_read
apr_brigade_flatten->simple_bucket_read
apr_brigade_flatten->socket_bucket_read
apr_redis_version->apr_pstrdup
apr_redis_version->apr_psprintf
apr_redis_version->apr_pool_create_ex
apr_redis_version->apr_pool_destroy
apr_redis_version->strtol
apr_redis_version->apr_redis_info
apr_redis_version->strstr
apr_memcache_multgetp->apr_brigade_destroy
apr_memcache_multgetp->apr_palloc
apr_memcache_multgetp->apr_brigade_split
apr_memcache_multgetp->apr_brigade_partition
apr_memcache_multgetp->apr_brigade_pflatten
apr_memcache_multgetp->strlen
apr_memcache_multgetp->llvm.memset.p0i8.i64
apr_memcache_multgetp->strncmp
apr_memcache_multgetp->apr_hash_make
apr_memcache_multgetp->apr_hash_get
apr_memcache_multgetp->apr_hash_set
apr_memcache_multgetp->apr_memcache_find_server_hash
apr_memcache_multgetp->ms_find_conn
apr_memcache_multgetp->apr_socket_sendv
apr_memcache_multgetp->get_server_line
apr_memcache_multgetp->ms_release_conn
apr_memcache_multgetp->apr_pool_clear
apr_memcache_multgetp->apr_memcache_disable_server
apr_memcache_multgetp->apr_memcache_hash
apr_memcache_multgetp->apr_strtok
apr_memcache_multgetp->atoi
apr_memcache_multgetp->parse_size
apr_memcache_multgetp->apr_hash_count
apr_memcache_multgetp->apr_hash_first
apr_memcache_multgetp->apr_hash_this
apr_memcache_multgetp->apr_hash_next
apr_memcache_multgetp->apr_pollset_create
apr_memcache_multgetp->mget_conn_result
apr_memcache_multgetp->apr_pollset_add
apr_memcache_multgetp->apr_pollset_poll
apr_memcache_multgetp->apr_pollset_remove
apr_memcache_multgetp->apr_pollset_destroy
apr_dbd_open_ex->apr_dbd_check_conn
apr_dbd_open_ex->apr_dbd_error
apr_dbd_open_ex->apr_dbd_close
apr_md4->apr_md4_init
apr_md4->apr_md4_update
apr_md4->apr_md4_final
apr_dbd_pvbselect->llvm.va_start
apr_dbd_pvbselect->llvm.va_end
apr_xml_parser_geterror->apr_cpystrn
apr_xml_parser_geterror->apr_snprintf
apr_xml_parser_geterror->XML_ErrorString
apr_redis_add_server->make_server_live.194
apr_reslist_cleanup_order_set->apr_pool_cleanup_kill
apr_reslist_cleanup_order_set->apr_pool_cleanup_register
apr_reslist_cleanup_order_set->apr_pool_pre_cleanup_register
mc_conn_construct->apr_palloc
mc_conn_construct->apr_pool_create_ex
mc_conn_construct->apr_pool_destroy
mc_conn_construct->apr_socket_create
mc_conn_construct->conn_connect
vt_sdbm_usednames->apr_pstrcat
apr_bucket_pool_create->apr_bucket_alloc
apr_bucket_pool_create->apr_bucket_pool_make
pop_task->apr_time_now
pop_task->__assert_fail
apr_sha1_update->apr_sha1_update_binary
apr_bucket_file_set_buf_size->apr_bucket_alloc_aligned_floor
mc_conn_destruct->apr_pool_destroy
mc_conn_destruct->apr_socket_sendv
mc_conn_destruct->apr_socket_close
apr_bucket_shared_split->apr_bucket_simple_split
apr_brigade_pflatten->apr_palloc
apr_brigade_pflatten->apr_brigade_length
apr_brigade_pflatten->apr_brigade_flatten
apr_redis_incr->plus_minus
apr_sdbm_unlock->apr_file_unlock
apr_md5_set_xlate->apr_xlate_sb_get
alloc_cleanup->apr_allocator_free
apr_queue_push->apr_thread_mutex_lock
apr_queue_push->apr_thread_mutex_unlock
apr_queue_push->apr_thread_cond_wait
apr_queue_push->apr_thread_cond_signal
apr_dbm_open_ex->dbm_open_type
apr_sha1_final->llvm.memset.p0i8.i64
apr_sha1_final->maybe_byte_reverse
apr_sha1_final->sha_transform
apr_xml_parse_file->apr_palloc
apr_xml_parse_file->apr_file_read
apr_xml_parse_file->apr_xml_parser_create
apr_xml_parse_file->apr_xml_parser_feed
apr_xml_parse_file->apr_xml_parser_done
apr_redis_find_server_hash->apr_redis_find_server_hash_default
apr_rmm_init->apr_palloc
apr_rmm_init->llvm.memcpy.p0i8.p0i8.i64
apr_rmm_init->llvm.memset.p0i8.i64
apr_rmm_init->apr_thread_mutex_lock
apr_rmm_init->apr_thread_mutex_unlock
apr_rmm_init->apr_proc_mutex_lock
apr_rmm_init->apr_thread_rwlock_rdlock
apr_rmm_init->apr_thread_rwlock_wrlock
apr_rmm_init->apr_proc_mutex_unlock
apr_rmm_init->apr_thread_rwlock_unlock
set_error->apr_psprintf
apr_bucket_shared_copy->apr_bucket_simple_copy
apr_brigade_split_line->memchr
apr_brigade_split_line->apr_brigade_write
apr_brigade_split_line->apr_bucket_split_notimpl
apr_brigade_split_line->apr_bucket_destroy_noop
apr_brigade_split_line->apr_bucket_free
apr_brigade_split_line->eos_bucket_read
apr_brigade_split_line->file_bucket_destroy
apr_brigade_split_line->file_bucket_read
apr_brigade_split_line->flush_bucket_read
apr_brigade_split_line->heap_bucket_destroy
apr_brigade_split_line->heap_bucket_read
apr_brigade_split_line->mmap_bucket_destroy
apr_brigade_split_line->mmap_bucket_read
apr_brigade_split_line->pipe_bucket_read
apr_brigade_split_line->pool_bucket_destroy
apr_brigade_split_line->pool_bucket_read
apr_brigade_split_line->apr_bucket_shared_split
apr_brigade_split_line->apr_bucket_simple_split
apr_brigade_split_line->simple_bucket_read
apr_brigade_split_line->socket_bucket_read
plus_minus->strlen
plus_minus->strncmp
plus_minus->apr_snprintf
plus_minus->apr_socket_sendv
plus_minus->atoi
plus_minus->apr_redis_find_server_hash
plus_minus->rs_find_conn
plus_minus->rs_bad_conn
plus_minus->get_server_line.198
plus_minus->rs_release_conn
plus_minus->apr_redis_disable_server
plus_minus->apr_redis_hash
apr_md5_update->md5_update_buffer
apr_xlate_conv_buffer->__errno_location
apr_xlate_conv_buffer->iconv
dbm_open_type->apr_pool_cleanup_register
dbm_open_type->apr_atomic_inc32
dbm_open_type->apr_atomic_set32
dbm_open_type->apr_atomic_read32
dbm_open_type->apr_pool_parent_get
dbm_open_type->apr_hash_make
dbm_open_type->apr_atomic_dec32
dbm_open_type->apr_hash_get
dbm_open_type->apr_hash_pool_get
dbm_open_type->apr_snprintf
dbm_open_type->apr_pstrdup
dbm_open_type->apr_hash_set
dbm_open_type->strcasecmp
dbm_open_type->apu_dso_mutex_lock
dbm_open_type->apu_dso_mutex_unlock
dbm_open_type->apu_dso_init
dbm_open_type->apu_dso_load
apr_sha1_base64->apr_cpystrn
apr_sha1_base64->apr_sha1_init
apr_sha1_base64->apr_sha1_update
apr_sha1_base64->apr_sha1_final
apr_sha1_base64->apr_base64_encode_binary
apr_xml_quote_elem->apr_xml_quote_string
apr_xml_quote_elem->apr_xml_quote_elem
apr_redis_find_server_hash_default->apr_time_now
apr_redis_find_server_hash_default->apr_thread_mutex_lock
apr_redis_find_server_hash_default->apr_thread_mutex_unlock
apr_redis_find_server_hash_default->make_server_live.194
apr_redis_find_server_hash_default->apr_redis_ping
apr_uuid_format->sprintf
apr_redis_decr->plus_minus
waiting_time->apr_time_now
waiting_time->__assert_fail
apu__sdbm_putpair->llvm.memcpy.p0i8.p0i8.i64
apr_dbd_open->apr_dbd_open_ex
md5_update_buffer->llvm.memcpy.p0i8.p0i8.i64
md5_update_buffer->MD5Transform
md5_update_buffer->apr_xlate_conv_buffer
apr_bucket_flush_create->apr_bucket_alloc
apr_bucket_flush_create->apr_bucket_flush_make
apr_xml_to_text->apr_palloc
apr_xml_to_text->elem_size
apr_xml_to_text->write_elem
apr_redis_ping->strncmp
apr_redis_ping->apr_socket_sendv
apr_redis_ping->rs_find_conn
apr_redis_ping->rs_bad_conn
apr_redis_ping->get_server_line.198
apr_redis_ping->rs_release_conn
conn_connect->apr_socket_timeout_set
conn_connect->apr_sockaddr_info_get
conn_connect->apr_socket_connect
apr_sdbm_open->apr_pstrcat
apr_sdbm_open->prep
apr_brigade_write->llvm.memcpy.p0i8.p0i8.i64
apr_brigade_write->apr_bucket_alloc
apr_brigade_write->apr_bucket_heap_create
apr_brigade_write->apr_bucket_transient_create
apr_thread_pool_idle_max_set->trim_idle_threads
apu__sdbm_getpair->llvm.memcpy.p0i8.p0i8.i64
apu__sdbm_getpair->seepair
apr_dbd_transaction_start->apr_pool_cleanup_register
MD5Transform->llvm.memset.p0i8.i64
MD5Transform->Decode.40
apr_bucket_alloc_destroy->apr_pool_cleanup_kill
apr_bucket_alloc_destroy->apr_allocator_free
apr_xlate_close->apr_pool_cleanup_run
apr_queue_trypush->apr_thread_mutex_lock
apr_queue_trypush->apr_thread_mutex_unlock
apr_queue_trypush->apr_thread_cond_signal
apr_siphash_auth->apr_siphash
apr_bucket_heap_make->llvm.memcpy.p0i8.p0i8.i64
apr_bucket_heap_make->apr_bucket_alloc
apr_bucket_heap_make->apr_bucket_free
apr_bucket_heap_make->apr_bucket_shared_make
elem_size->strlen
elem_size->elem_size
elem_size->find_prefix_name
elem_size->text_size
rs_find_conn->apr_brigade_create
rs_find_conn->apr_bucket_alloc_create
rs_find_conn->apr_bucket_socket_create
rs_find_conn->apr_reslist_acquire
prep->apr_pool_cleanup_register
prep->apr_file_open
prep->apr_file_close
prep->llvm.memset.p0i8.i64
prep->malloc
prep->free
prep->apr_sdbm_lock
prep->apr_sdbm_unlock
apr_uuid_parse->__ctype_b_loc
apr_uuid_parse->parse_hexpair
apr_bucket_simple_copy->llvm.memcpy.p0i8.p0i8.i64
apr_bucket_simple_copy->apr_bucket_alloc
apr_redis_stats->apr_palloc
apr_redis_stats->llvm.memset.p0i8.i64
apr_redis_stats->strncmp
apr_redis_stats->apr_pool_create_ex
apr_redis_stats->apr_pool_destroy
apr_redis_stats->strtol
apr_redis_stats->apr_redis_info
apr_redis_stats->strstr
apr_redis_stats->update_stats.233
mget_conn_result->strlen
mget_conn_result->apr_hash_get
mget_conn_result->apr_hash_set
mget_conn_result->ms_bad_conn
mget_conn_result->ms_release_conn
mget_conn_result->apr_memcache_disable_server
seepair->memcmp
apr_dbd_transaction_end->apr_pool_cleanup_kill
apr_bucket_alloc_aligned_floor->apr_allocator_align
apr_xml_parser_create->apr_palloc
apr_xml_parser_create->apr_pool_cleanup_register
apr_xml_parser_create->apr_pool_abort_get
apr_xml_parser_create->llvm.memset.p0i8.i64
apr_xml_parser_create->apr_array_make
apr_xml_parser_create->apr_xml_insert_uri
apr_xml_parser_create->XML_ParserCreate
apr_xml_parser_create->XML_SetUserData
apr_xml_parser_create->XML_SetElementHandler
apr_xml_parser_create->XML_SetCharacterDataHandler
apr_xml_parser_create->XML_SetEntityDeclHandler
apr_hook_debug_show->printf
apr_hook_debug_show->fputc
apr_hook_debug_show->fputs
apr_dbm_open->apr_dbm_open_ex
heap_bucket_destroy->apr_bucket_destroy_noop
heap_bucket_destroy->apr_bucket_free
heap_bucket_destroy->file_bucket_destroy
heap_bucket_destroy->heap_bucket_destroy
heap_bucket_destroy->mmap_bucket_destroy
heap_bucket_destroy->pool_bucket_destroy
heap_bucket_destroy->apr_bucket_shared_destroy
write_elem->llvm.memcpy.p0i8.p0i8.i64
write_elem->strlen
write_elem->sprintf
write_elem->write_elem
write_elem->find_prefix_name
write_elem->write_text
rs_bad_conn->apr_reslist_invalidate
database_cleanup->apr_file_close
database_cleanup->free
database_cleanup->apr_file_unlock
apr_bucket_simple_split->apr_bucket_simple_copy
apr_brigade_vputstrs->strlen
apr_brigade_vputstrs->apr_brigade_writev
update_stats.233->strstr
update_stats.233->stat_read_uint32.237
update_stats.233->stat_read_uint64.243
trim_idle_threads->apr_thread_mutex_lock
trim_idle_threads->apr_thread_mutex_unlock
trim_idle_threads->__assert_fail
trim_idle_threads->apr_thread_cond_broadcast
trim_idle_threads->trim_threads
trim_idle_threads->apr_thread_join
apu__sdbm_duppair->seepair
apr_md5_final->llvm.memset.p0i8.i64
apr_md5_final->apr_md5_update
apr_md5_final->Encode.41
apr_xml_insert_uri->strcmp
apr_xml_insert_uri->apr_array_push
apr_queue_pop->apr_thread_mutex_lock
apr_queue_pop->apr_thread_mutex_unlock
apr_queue_pop->apr_thread_cond_wait
apr_queue_pop->apr_thread_cond_signal
apr_siphash24_auth->apr_siphash24
get_server_line.198->apr_brigade_cleanup
get_server_line.198->apr_brigade_flatten
get_server_line.198->apr_brigade_split_line
apr_memcache_create->apr_palloc
stat_read_uint32.237->atoi
trim_threads->apr_thread_mutex_lock
trim_threads->apr_thread_mutex_unlock
trim_threads->__assert_fail
apu__sdbm_getnkey->llvm.memcpy.p0i8.p0i8.i64
apr_bucket_alloc->apr_allocator_alloc
apr_queue_trypop->apr_thread_mutex_lock
apr_queue_trypop->apr_thread_mutex_unlock
apr_queue_trypop->apr_thread_cond_signal
apr_optional_hook_get->strlen
apr_optional_hook_get->apr_hash_get
apr_bucket_heap_create->apr_bucket_alloc
apr_bucket_heap_create->apr_bucket_heap_make
write_text->llvm.memcpy.p0i8.p0i8.i64
write_text->strlen
rs_release_conn->apr_pool_clear
rs_release_conn->apr_reslist_release
apr_rmm_destroy->apr_thread_mutex_lock
apr_rmm_destroy->apr_thread_mutex_unlock
apr_rmm_destroy->apr_proc_mutex_lock
apr_rmm_destroy->apr_thread_rwlock_rdlock
apr_rmm_destroy->apr_thread_rwlock_wrlock
apr_rmm_destroy->apr_proc_mutex_unlock
apr_rmm_destroy->apr_thread_rwlock_unlock
apr_sdbm_close->apr_pool_cleanup_run
apr_dbd_mutex_lock->apr_thread_mutex_lock
apr_brigade_writev->llvm.memcpy.p0i8.p0i8.i64
apr_brigade_writev->apr_bucket_alloc
apr_brigade_writev->apr_bucket_heap_create
apr_brigade_writev->apr_bucket_transient_create
stat_read_uint64.243->apr_atoi64
apu__sdbm_delpair->seepair
apu__sdbm_delpair->llvm.memmove.p0i8.p0i8.i64
apr_md5->apr_md5_init
apr_md5->apr_md5_update
apr_md5->apr_md5_final
apr_bucket_free->apr_allocator_free
cleanup_parser->XML_ParserFree
apr_queue_interrupt_all->apr_thread_mutex_lock
apr_queue_interrupt_all->apr_thread_mutex_unlock
apr_queue_interrupt_all->apr_thread_cond_broadcast
apr_optional_hook_add->apr_palloc
apr_optional_hook_add->strlen
apr_optional_hook_add->apr_hash_make
apr_optional_hook_add->apr_hash_set
apr_optional_hook_add->apr_hook_sort_register
apr_optional_hook_add->apr_array_make
apr_optional_hook_add->apr_array_push
apr_optional_hook_add->apr_hook_debug_show
apr_optional_hook_add->apr_optional_hook_get
apr_siphash48_auth->apr_siphash48
apr_bucket_mmap_make->apr_pool_cleanup_register
apr_bucket_mmap_make->apr_bucket_alloc
apr_bucket_mmap_make->apr_bucket_shared_make
text_size->strlen
apr_redis_find_server->strcmp
apr_rmm_attach->apr_palloc
apr_rmm_attach->llvm.memcpy.p0i8.p0i8.i64
apr_rmm_attach->llvm.memset.p0i8.i64
apr_memcache_hash_default->apr_memcache_hash_crc32
apr_bucket_immortal_create->apr_bucket_alloc
apr_bucket_immortal_create->apr_bucket_immortal_make
apr_brigade_putc->apr_brigade_write
apr_strmatch_precompile->apr_palloc
apr_strmatch_precompile->strlen
apr_strmatch_precompile->tolower
apr_thread_pool_destroy->apr_pool_destroy
apr_md5_encode->strlen
apr_md5_encode->llvm.memset.p0i8.i64
apr_md5_encode->apr_md5_init
apr_md5_encode->apr_md5_update
apr_md5_encode->md5_update_buffer
apr_md5_encode->apr_md5_final
apr_md5_encode->strncmp
apr_md5_encode->strcpy
apr_md5_encode->strncat
apr_md5_encode->strcat
apr_md5_encode->to64
apr_md5_encode->apr_cpystrn
apr_thread_pool_thread_max_set->trim_idle_threads
apr_thread_pool_thread_max_set->trim_busy_threads
apr_dynamic_fn_retrieve->strlen
apr_dynamic_fn_retrieve->apr_hash_get
apr_xml_empty_elem->apr_psprintf
apr_redis_enable_server->make_server_live.194
apr_memcache_hash->apr_memcache_hash_default
apr_sdbm_fetch->llvm.memcpy.p0i8.p0i8.i64
apr_sdbm_fetch->getpage
apr_sdbm_fetch->apu__sdbm_hash
apr_sdbm_fetch->apr_sdbm_lock
apr_sdbm_fetch->apr_sdbm_unlock
apr_sdbm_fetch->apu__sdbm_getpair
apr_dbd_mutex_unlock->apr_thread_mutex_unlock
apr_brigade_puts->apr_brigade_write
apr_brigade_puts->strlen
apr_thread_pool_push->add_task
apr_memcache_stats->apr_palloc
apr_memcache_stats->llvm.memset.p0i8.i64
apr_memcache_stats->strncmp
apr_memcache_stats->ms_find_conn
apr_memcache_stats->apr_socket_sendv
apr_memcache_stats->ms_bad_conn
apr_memcache_stats->get_server_line
apr_memcache_stats->ms_release_conn
apr_memcache_stats->update_stats
apu__sdbm_splpage->llvm.memcpy.p0i8.p0i8.i64
apu__sdbm_splpage->llvm.memset.p0i8.i64
apu__sdbm_splpage->apu__sdbm_hash
apu__sdbm_splpage->apu__sdbm_putpair
start_handler->apr_palloc
start_handler->llvm.memset.p0i8.i64
start_handler->strncmp
start_handler->strcmp
start_handler->apr_pstrdup
start_handler->strchr
start_handler->apr_xml_insert_uri
start_handler->apr_xml_quote_string
start_handler->find_prefix
trim_busy_threads->trim_threads
apr_queue_term->apr_thread_mutex_lock
apr_queue_term->apr_thread_mutex_unlock
apr_queue_term->apr_queue_interrupt_all
apr_dynamic_fn_register->strlen
apr_dynamic_fn_register->apr_hash_make
apr_dynamic_fn_register->apr_hash_set
_crypt_blowfish_rn->llvm.memcpy.p0i8.p0i8.i64
_crypt_blowfish_rn->llvm.memset.p0i8.i64
_crypt_blowfish_rn->__errno_location
_crypt_blowfish_rn->_crypt_output_magic
_crypt_blowfish_rn->BF_crypt
_crypt_blowfish_rn->memcmp
_crypt_blowfish_rn->BF_set_key
mmap_bucket_destroy->apr_pool_cleanup_kill
mmap_bucket_destroy->apr_bucket_free
mmap_bucket_destroy->apr_mmap_delete
mmap_bucket_destroy->apr_bucket_shared_destroy
apr_redis_disable_server->make_server_dead.200
apr_rmm_malloc->apr_thread_mutex_lock
apr_rmm_malloc->apr_thread_mutex_unlock
apr_rmm_malloc->apr_proc_mutex_lock
apr_rmm_malloc->apr_thread_rwlock_rdlock
apr_rmm_malloc->apr_thread_rwlock_wrlock
apr_rmm_malloc->apr_proc_mutex_unlock
apr_rmm_malloc->apr_thread_rwlock_unlock
apr_rmm_malloc->find_block_of_size
apr_rmm_malloc->move_block
apr_memcache_set->storage_cmd_write
getpage->getdbit
getpage->read_from
getpage->apu__sdbm_chkpage
transient_bucket_setaside->apr_bucket_heap_make
apr_brigade_putstrs->apr_brigade_vputstrs
apr_brigade_putstrs->llvm.va_start
apr_brigade_putstrs->llvm.va_end
add_task->apr_thread_mutex_lock
add_task->apr_thread_mutex_unlock
add_task->apr_thread_cond_signal
add_task->apr_thread_create
add_task->task_new
add_task->add_if_empty
add_task->thread_pool_func
update_stats->strncmp
update_stats->stat_read_string
update_stats->stat_read_uint32
update_stats->stat_read_time
update_stats->stat_read_rtime
update_stats->stat_read_uint64
apr_bucket_eos_create->apr_bucket_alloc
apr_bucket_eos_create->apr_bucket_eos_make
apr_reslist_maintain->apr_time_now
apr_reslist_maintain->apr_thread_mutex_lock
apr_reslist_maintain->apr_thread_mutex_unlock
apr_reslist_maintain->apr_thread_cond_signal
apr_reslist_maintain->create_resource
apr_reslist_maintain->free_container
apr_reslist_maintain->push_resource
apr_reslist_maintain->destroy_resource
apr_memcache_add_server->make_server_live
BF_crypt->llvm.memcpy.p0i8.p0i8.i64
BF_crypt->__errno_location
BF_crypt->BF_set_key
BF_crypt->BF_decode
BF_crypt->BF_swap
BF_crypt->BF_encode
mmap_bucket_read->apr_mmap_offset
make_server_dead.200->apr_time_now
make_server_dead.200->apr_thread_mutex_lock
make_server_dead.200->apr_thread_mutex_unlock
storage_cmd_write->strlen
storage_cmd_write->strcmp
storage_cmd_write->apr_snprintf
storage_cmd_write->apr_memcache_find_server_hash
storage_cmd_write->ms_find_conn
storage_cmd_write->apr_socket_sendv
storage_cmd_write->ms_bad_conn
storage_cmd_write->get_server_line
storage_cmd_write->ms_release_conn
storage_cmd_write->apr_memcache_disable_server
storage_cmd_write->apr_memcache_hash
getdbit->read_from
apr_dbd_init->apr_pool_cleanup_register
apr_dbd_init->apr_atomic_inc32
apr_dbd_init->apr_atomic_set32
apr_dbd_init->apr_atomic_read32
apr_dbd_init->apr_pool_parent_get
apr_dbd_init->apr_hash_make
apr_dbd_init->apr_thread_mutex_create
apr_dbd_init->apr_atomic_dec32
apr_dbd_init->apu_dso_init
apr_bucket_transient_create->apr_bucket_alloc
apr_bucket_transient_create->apr_bucket_transient_make
match_boyer_moore_horspool_nocase->tolower
task_new->apr_palloc
task_new->llvm.memset.p0i8.i64
task_new->apr_time_now
stat_read_string->apr_pstrmemdup
apr_bucket_file_make->apr_bucket_alloc
apr_bucket_file_make->apr_bucket_shared_make
create_resource->mc_conn_construct
create_resource->mc_conn_destruct
create_resource->get_container
create_resource->rc_conn_construct
create_resource->rc_conn_destruct
mmap_bucket_setaside->apr_pool_is_ancestor
mmap_bucket_setaside->apr_bucket_mmap_make
mmap_bucket_setaside->mmap_bucket_destroy
mmap_bucket_setaside->apr_mmap_dup
apr_redis_server_create->apr_palloc
apr_redis_server_create->apr_thread_mutex_create
apr_redis_server_create->apr_pstrdup
apr_redis_server_create->apr_pool_create_ex
apr_redis_server_create->apr_reslist_create
apr_redis_server_create->apr_reslist_cleanup_order_set
move_block->find_block_by_offset
apr_memcache_add->storage_cmd_write
read_from->apr_file_seek
read_from->llvm.memset.p0i8.i64
read_from->apr_file_read_full
add_if_empty->__assert_fail
stat_read_uint32->atoi
apr_base64_decode->apr_base64_decode_binary
file_bucket_destroy->apr_bucket_free
file_bucket_destroy->apr_bucket_shared_destroy
cdata_handler->apr_pstrndup
cdata_handler->apr_text_append
apr_thread_pool_task_owner_get->apr_thread_data_get
apr_memcache_find_server_hash->apr_memcache_find_server_hash_default
rc_conn_construct->apr_palloc
rc_conn_construct->apr_pool_create_ex
rc_conn_construct->apr_pool_destroy
rc_conn_construct->apr_socket_create
rc_conn_construct->conn_connect.202
apr_memcache_replace->storage_cmd_write
socket_bucket_read->apr_bucket_alloc
socket_bucket_read->apr_bucket_free
socket_bucket_read->apr_bucket_heap_make
socket_bucket_read->apr_bucket_immortal_make
socket_bucket_read->apr_socket_timeout_get
socket_bucket_read->apr_socket_timeout_set
socket_bucket_read->apr_socket_recv
socket_bucket_read->apr_bucket_socket_create
apr_brigade_printf->llvm.va_start
apr_brigade_printf->llvm.va_end
apr_brigade_printf->apr_brigade_vprintf
apr_uri_port_of_scheme->strcasecmp
apr_thread_pool_schedule->schedule_task
stat_read_time->atoi
file_bucket_read->apr_bucket_alloc
file_bucket_read->apr_bucket_free
file_bucket_read->eos_bucket_read
file_bucket_read->file_bucket_destroy
file_bucket_read->file_bucket_read
file_bucket_read->file_make_mmap
file_bucket_read->apr_file_flags_get
file_bucket_read->apr_file_name_get
file_bucket_read->apr_file_open
file_bucket_read->apr_file_seek
file_bucket_read->apr_file_read
file_bucket_read->flush_bucket_read
file_bucket_read->apr_bucket_heap_make
file_bucket_read->heap_bucket_read
file_bucket_read->mmap_bucket_read
file_bucket_read->pipe_bucket_read
file_bucket_read->pool_bucket_read
file_bucket_read->simple_bucket_read
file_bucket_read->socket_bucket_read
push_resource->apr_time_now
apr_memcache_find_server_hash_default->apr_time_now
apr_memcache_find_server_hash_default->apr_thread_mutex_lock
apr_memcache_find_server_hash_default->apr_thread_mutex_unlock
apr_memcache_find_server_hash_default->make_server_live
apr_memcache_find_server_hash_default->mc_version_ping
apr_dbm_geterror->apr_cpystrn
