apr_encode_base64->strlen
impl_pollcb_remove->llvm.memset.p0i8.i64
impl_pollcb_remove->epoll_ctl
apr_pool_create_core_ex_debug->apr_pool_create_unmanaged_ex
proc_pthread_mutex_dec->apr_atomic_dec32
apr_pstrdup->strlen
apr_pstrdup->apr_pmemdup
apr_proc_create->strlen
apr_proc_create->llvm.memcpy.p0i8.p0i8.i64
apr_proc_create->llvm.memset.p0i8.i64
apr_proc_create->__errno_location
apr_proc_create->chdir
apr_proc_create->close
apr_proc_create->apr_file_close
apr_proc_create->apr_file_pool_get
apr_proc_create->apr_palloc
apr_proc_create->apr_psprintf
apr_proc_create->apr_pool_cleanup_kill
apr_proc_create->apr_pool_cleanup_for_exec
apr_proc_create->access
apr_proc_create->fork
apr_proc_create->dup2
apr_proc_create->_exit
apr_proc_create->geteuid
apr_proc_create->setgid
apr_proc_create->setuid
apr_proc_create->limit_proc
apr_proc_create->execve
apr_proc_create->execv
apr_proc_create->execvp
apr_proc_create->apr_proc_detach
apr_proc_create->apr_signal
apr_ipsubnet_test->htonl
apr_allocator_create->llvm.memset.p0i8.i64
apr_allocator_create->malloc
apr_file_write->llvm.memcpy.p0i8.p0i8.i64
apr_file_write->__errno_location
apr_file_write->apr_file_flush_locked
apr_file_write->write
apr_file_write->lseek
apr_file_write->apr_thread_mutex_lock
apr_file_write->apr_thread_mutex_unlock
apr_file_write->apr_wait_for_io_or_timeout
apr_table_make->make_array_core
apr_table_make->apr_palloc
apr_uid_homepath_get->apr_pstrdup
apr_uid_homepath_get->getpwnam_safe
proc_mutex_fcntl_cleanup->__errno_location
proc_mutex_fcntl_cleanup->close
proc_mutex_fcntl_cleanup->apr_file_close
proc_mutex_fcntl_cleanup->proc_mutex_fcntl_release
apr_skiplist_find->find_compare
apr_thread_exit->apr_pool_destroy
apr_thread_exit->pthread_exit
impl_pollcb_poll->__errno_location
impl_pollcb_poll->epoll_wait
impl_pollcb_poll->get_epoll_revent
impl_pollcb_poll->apr_poll_drain_wakeup_pipe
apr_pool_create_unmanaged_ex_debug->apr_pool_create_unmanaged_ex
apr_file_copy->apr_file_transfer_contents
apr_pmemdup->llvm.memcpy.p0i8.p0i8.i64
apr_pmemdup->apr_palloc
apr_sockaddr_zone_set->__errno_location
apr_sockaddr_zone_set->htonl
apr_sockaddr_zone_set->apr_strtoi64
apr_sockaddr_zone_set->if_nametoindex
apr_allocator_destroy->free
apr_table_copy->llvm.memcpy.p0i8.p0i8.i64
apr_table_copy->make_array_core
apr_table_copy->apr_palloc
apr_tokenize_to_argv->apr_cpystrn
apr_tokenize_to_argv->apr_palloc
getpwnam_safe->getpwnam_r
apr_random_insecure_bytes->apr_random_bytes
proc_mutex_fcntl_perms_set->__errno_location
proc_mutex_fcntl_perms_set->fchown
apr_file_mtime_set->__errno_location
apr_file_mtime_set->apr_stat
apr_file_mtime_set->utimes
apr_skiplist_insert->apr_skiplist_insert_compare
impl_pollcb_cleanup->close
apr_file_transfer_contents->apr_file_info_get
apr_file_transfer_contents->apr_file_perms_set
apr_file_transfer_contents->apr_file_write_full
apr_file_transfer_contents->apr_file_open
apr_file_transfer_contents->apr_file_close
apr_file_transfer_contents->apr_file_read
apr_pstrndup->llvm.memcpy.p0i8.p0i8.i64
apr_pstrndup->memchr
apr_pstrndup->apr_palloc
apr_sockaddr_zone_get->__errno_location
apr_sockaddr_zone_get->apr_palloc
apr_sockaddr_zone_get->if_indextoname
apr_file_writev->__errno_location
apr_file_writev->apr_file_flush_locked
apr_file_writev->lseek
apr_file_writev->writev
apr_file_writev->apr_thread_mutex_lock
apr_file_writev->apr_thread_mutex_unlock
apr_table_clone->apr_table_elts
apr_table_clone->apr_table_make
apr_table_clone->apr_table_add
apr_filepath_name_get->strrchr
find_if_index->memcmp
find_if_index->getifaddrs
find_if_index->if_nametoindex
find_if_index->freeifaddrs
apr_proc_mutex_create->llvm.memset.p0i8.i64
apr_proc_mutex_create->proc_mutex_create
apr_proc_mutex_create->apr_palloc
apr_pencode_base64->apr_encode_base64
apr_pencode_base64->apr_palloc
apr_thread_join->pthread_join
apr_poll->__errno_location
apr_poll->llvm.stacksave
apr_poll->get_event
apr_poll->poll
apr_poll->get_revent
apr_poll->llvm.stackrestore
apr_os_locale_encoding->apr_pstrdup
apr_os_locale_encoding->apr_os_default_encoding
apr_os_locale_encoding->nl_langinfo
proc_mutex_pthread_acquire_ex->proc_pthread_mutex_dec
proc_mutex_pthread_acquire_ex->pthread_mutex_lock
proc_mutex_pthread_acquire_ex->pthread_mutex_trylock
proc_mutex_pthread_acquire_ex->pthread_mutex_timedlock
proc_mutex_pthread_acquire_ex->pthread_mutex_consistent
proc_mutex_pthread_acquire_ex->apr_time_now
apr_file_append->apr_file_transfer_contents
apr_socket_atreadeof->apr_socket_recvfrom
apr_socket_atreadeof->apr_poll
apr_table_add->apr_pstrdup
apr_table_add->apr_array_push_noclear
apr_uid_current->getuid
apr_uid_current->getgid
proc_mutex_create->proc_mutex_choose_method
proc_mutex_create->proc_mutex_pthread_create
proc_mutex_create->proc_mutex_pthread_timedacquire
proc_mutex_create->proc_mutex_posix_create
proc_mutex_create->proc_mutex_posix_timedacquire
proc_mutex_create->proc_mutex_sysv_create
proc_mutex_create->proc_mutex_sysv_timedacquire
proc_mutex_create->proc_mutex_flock_create
proc_mutex_create->proc_mutex_spinsleep_timedacquire
proc_mutex_create->proc_mutex_fcntl_create
apr_file_lock->llvm.memset.p0i8.i64
apr_file_lock->__errno_location
apr_file_lock->fcntl
apr_pencode_base64_binary->apr_encode_base64_binary
apr_pencode_base64_binary->apr_palloc
apr_dir_open->__errno_location
apr_dir_open->apr_pstrdup
apr_dir_open->opendir
apr_dir_open->apr_palloc
apr_dir_open->apr_pool_cleanup_register
apr_pstrmemdup->llvm.memcpy.p0i8.p0i8.i64
apr_pstrmemdup->apr_palloc
apr_file_putc->apr_file_write
apr_array_push_noclear->llvm.memcpy.p0i8.p0i8.i64
apr_array_push_noclear->apr_palloc
apr_collapse_spaces->__ctype_b_loc
fill_mip_v4->llvm.memcpy.p0i8.p0i8.i64
apr_skiplist_insert_compare->insert_compare
apr_decode_base64->strlen
apr_thread_detach->pthread_detach
apr_env_get->getenv
apr_pstrcat->strlen
apr_pstrcat->llvm.memcpy.p0i8.p0i8.i64
apr_pstrcat->llvm.va_start
apr_pstrcat->llvm.va_end
apr_pstrcat->apr_palloc
apr_socket_create->__errno_location
apr_socket_create->apr_pool_cleanup_register
apr_socket_create->alloc_socket
apr_socket_create->socket
apr_socket_create->set_socket_vars
apr_cstr_split_append->strlen
apr_cstr_split_append->__ctype_b_loc
apr_cstr_split_append->apr_cstr_tokenize
apr_cstr_split_append->apr_pstrdup
apr_cstr_split_append->apr_array_push
apr__SHA256_Init->llvm.memcpy.p0i8.p0i8.i64
apr__SHA256_Init->llvm.memset.p0i8.i64
fill_mip_v6->llvm.memcpy.p0i8.p0i8.i64
fill_mip_v6->find_if_index
apr_file_unlock->llvm.memset.p0i8.i64
apr_file_unlock->__errno_location
apr_file_unlock->fcntl
insert_compare->indexing_comp
insert_compare->apr_skiplist_getlist
insert_compare->apr_skiplist_next
insert_compare->insert_compare
insert_compare->skiplist_height
insert_compare->get_b_rand
insert_compare->skiplist_qclear
insert_compare->skiplisti_remove
insert_compare->skiplist_qpush
insert_compare->skiplist_qpop
insert_compare->skiplist_new_node
apr_decode_base64_binary->strlen
dir_cleanup->__errno_location
dir_cleanup->closedir
apr_pstrcatv->llvm.memcpy.p0i8.p0i8.i64
apr_pstrcatv->apr_palloc
limit_proc->__errno_location
limit_proc->setrlimit
alloc_socket->llvm.memset.p0i8.i64
alloc_socket->apr_palloc
apr_allocator_max_free_set->apr_thread_mutex_lock
apr_allocator_max_free_set->apr_thread_mutex_unlock
apr_allocator_max_free_set->apr_allocator_mutex_get
apr_file_getc->apr_file_read
apr_table_get->strcasecmp
apr_cstr_tokenize->strlen
apr_cstr_tokenize->strchr
apr_cstr_tokenize->apr_strtok
apr_uid_get->getpwnam_safe
apr_file_read_full->apr_file_read
apr_pdecode_base64->apr_decode_base64
apr_pdecode_base64->apr_palloc
apr_thread_yield->pthread_yield
apr_env_set->setenv
apr_strtoff->__errno_location
apr_strtoff->strtol
apr_allocator_align->allocator_align
apr_file_puts->strlen
apr_file_puts->apr_file_write_full
apr_cstr_split->apr_cstr_split_append
apr_cstr_split->apr_array_make
apr_uid_name_get->apr_pstrdup
apr_uid_name_get->getpwuid_r
apr__SHA256_Update->llvm.memcpy.p0i8.p0i8.i64
apr__SHA256_Update->__assert_fail
apr__SHA256_Update->apr__SHA256_Transform
apr_file_write_full->apr_file_write
get_b_rand->rand
apr_pdecode_base64_binary->apr_decode_base64_binary
apr_pdecode_base64_binary->apr_palloc
apr_dir_close->apr_pool_cleanup_run
set_socket_vars->apr_sockaddr_vars_set
apr_file_flush->apr_file_flush_locked
apr_file_flush->apr_thread_mutex_lock
apr_file_flush->apr_thread_mutex_unlock
apr_table_set->llvm.memcpy.p0i8.p0i8.i64
apr_table_set->apr_pstrdup
apr_table_set->apr_array_push_noclear
apr_table_set->strcasecmp
apr_table_set->table_reindex
apr_cstr_match_glob_list->apr_fnmatch
apr__SHA256_Final->llvm.memcpy.p0i8.p0i8.i64
apr__SHA256_Final->llvm.memset.p0i8.i64
apr__SHA256_Final->__assert_fail
apr__SHA256_Final->apr__SHA256_Transform
apr_file_writev_full->apr_file_write_full
apr_file_writev_full->apr_file_writev
apr_encode_base32->strlen
apr_thread_data_get->apr_pool_userdata_get
impl_pollset_create.195->apr_palloc
apr_env_delete->unsetenv
apr_dir_read->apr_cpystrn
apr_dir_read->__errno_location
apr_dir_read->apr_pstrdup
apr_dir_read->readdir
apr_dir_read->filetype_from_dirent_type
apr_dir_read->apr_stat
apr_strtoi64->__errno_location
apr_strtoi64->strtol
socket_cleanup->__errno_location
socket_cleanup->close
socket_cleanup->unlink
apr_allocator_alloc->allocator_alloc
apr_file_sync->__errno_location
apr_file_sync->apr_file_flush_locked
apr_file_sync->fsync
apr_file_sync->apr_thread_mutex_lock
apr_file_sync->apr_thread_mutex_unlock
apr_cstr_match_list->strcmp
apr__SHA256_End->llvm.memset.p0i8.i64
apr__SHA256_End->__assert_fail
apr__SHA256_End->apr__SHA256_Final
apr_mcast_leave->do_mcast
apr_file_mktemp->__errno_location
apr_file_mktemp->apr_pstrdup
apr_file_mktemp->fcntl
apr_file_mktemp->mkstemp
apr_file_mktemp->apr_os_file_put
apr_file_mktemp->apr_pool_cleanup_register
skiplisti_remove->skiplist_height
skiplisti_remove->skiplisti_remove
skiplisti_remove->skiplist_put_node
skiplisti_remove->skiplisti_destroy
apr_thread_data_set->apr_pool_userdata_set
impl_pollset_add.196->llvm.memcpy.p0i8.p0i8.i64
impl_pollset_add.196->get_event
apr_atoi64->apr_strtoi64
socket_child_cleanup->__errno_location
socket_child_cleanup->close
allocator_alloc->malloc
allocator_alloc->apr_thread_mutex_lock
allocator_alloc->apr_thread_mutex_unlock
allocator_alloc->allocator_align
apr_table_setn->llvm.memcpy.p0i8.p0i8.i64
apr_table_setn->apr_array_push_noclear
apr_table_setn->strcasecmp
apr_table_setn->table_reindex
apr__SHA256_Data->apr__SHA256_Init
apr__SHA256_Data->apr__SHA256_Update
apr__SHA256_Data->apr__SHA256_End
apr_mcast_hops->do_mcast_opt
skiplist_qpush->llvm.memcpy.p0i8.p0i8.i64
skiplist_qpush->realloc
skiplist_qpush->apr_palloc
apr_pencode_base32->apr_encode_base32
apr_pencode_base32->apr_palloc
impl_pollset_remove.197->llvm.memcpy.p0i8.p0i8.i64
apr_strerror->native_strerror
apr_strerror->apr_error_string
apr_strerror->stuffbuffer
apr_strerror->gai_strerror
apr_strerror->apr_os_strerror
apr_itoa->apr_palloc
apr_proc_wait_all_procs->apr_proc_wait
apr_socket_shutdown->__errno_location
apr_socket_shutdown->shutdown
apr_allocator_free->allocator_free
apr_file_datasync->__errno_location
apr_file_datasync->apr_file_flush_locked
apr_file_datasync->fdatasync
apr_file_datasync->apr_thread_mutex_lock
apr_file_datasync->apr_thread_mutex_unlock
apr_table_unset->llvm.memcpy.p0i8.p0i8.i64
apr_table_unset->strcasecmp
apr_table_unset->table_reindex
apr_crypto_sha256_new->apr_palloc
do_mcast_opt->__errno_location
do_mcast_opt->sock_is_ipv4
do_mcast_opt->sock_is_ipv6
do_mcast_opt->setsockopt
apr_unix_file_cleanup->file_cleanup
apr_unix_file_cleanup->apr_file_flush
apr_pencode_base32_binary->apr_encode_base32_binary
apr_pencode_base32_binary->apr_palloc
apr_os_thread_put->llvm.memset.p0i8.i64
apr_os_thread_put->apr_palloc
impl_pollset_poll.198->llvm.memcpy.p0i8.p0i8.i64
impl_pollset_poll.198->__errno_location
impl_pollset_poll.198->poll
impl_pollset_poll.198->get_revent
impl_pollset_poll.198->apr_poll_drain_wakeup_pipe
native_strerror->stuffbuffer
native_strerror->strerror_r
apr_dir_rewind->rewinddir
apr_ltoa->apr_palloc
apr_proc_wait->__errno_location
apr_proc_wait->waitpid
allocator_free->free
allocator_free->apr_thread_mutex_lock
allocator_free->apr_thread_mutex_unlock
apr_table_merge->apr_pstrdup
apr_table_merge->apr_pstrcat
apr_table_merge->apr_array_push_noclear
apr_table_merge->strcasecmp
sha256_init->apr__SHA256_Init
apr_mcast_loopback->do_mcast_opt
apr_os_proc_mutex_get_ex->llvm.memcpy.p0i8.p0i8.i64
file_cleanup->__errno_location
file_cleanup->close
file_cleanup->unlink
file_cleanup->apr_thread_mutex_destroy
skiplist_new_node->malloc
skiplist_new_node->skiplist_qpop
skiplist_new_node->apr_palloc
apr_decode_base32->strlen
apr_thread_once_init->apr_palloc
apr_off_t_toa->apr_palloc
apr_socket_close->apr_pool_cleanup_run
apr_pool_initialize->apr_atomic_init
apr_pool_initialize->apr_thread_mutex_create
apr_pool_initialize->apr_allocator_create
apr_pool_initialize->apr_allocator_destroy
apr_pool_initialize->apr_allocator_mutex_set
apr_pool_initialize->apr_allocator_owner_set
apr_pool_initialize->apr_pool_create_ex
apr_pool_initialize->apr_pool_tag
apr_file_gets->apr_file_read
apr_file_gets->file_read_buffered
apr_file_gets->apr_file_flush_locked
apr_file_gets->apr_thread_mutex_lock
apr_file_gets->apr_thread_mutex_unlock
apr_table_mergen->apr_pstrcat
apr_table_mergen->apr_array_push_noclear
apr_table_mergen->strcasecmp
sha256_add->apr__SHA256_Update
apr_mcast_interface->__errno_location
apr_mcast_interface->sock_is_ipv4
apr_mcast_interface->sock_is_ipv6
apr_mcast_interface->find_if_index
apr_mcast_interface->setsockopt
apr_os_proc_mutex_get->apr_os_proc_mutex_get_ex
apr_decode_base32_binary->strlen
apr_thread_once->pthread_once
impl_pollcb_add.202->get_event
stuffbuffer->apr_cpystrn
apr_dir_make->__errno_location
apr_dir_make->mkdir
apr_dir_make->apr_unix_perms2mode
apr_strfsize->llvm.memcpy.p0i8.p0i8.i64
apr_strfsize->apr_snprintf
apr_strfsize->strcpy
apr_procattr_perms_set_register->apr_palloc
apr_socket_bind->__errno_location
apr_socket_bind->bind
apr_pool_create_ex->dso_cleanup
apr_pool_create_ex->dir_cleanup
apr_pool_create_ex->apr_unix_file_cleanup
apr_pool_create_ex->apr_unix_child_file_cleanup
apr_pool_create_ex->global_mutex_cleanup
apr_pool_create_ex->apr_proc_mutex_cleanup
apr_pool_create_ex->proc_mutex_pthread_cleanup
apr_pool_create_ex->proc_pthread_mutex_unref
apr_pool_create_ex->proc_mutex_posix_cleanup
apr_pool_create_ex->proc_mutex_sysv_cleanup
apr_pool_create_ex->proc_mutex_flock_cleanup
apr_pool_create_ex->proc_mutex_fcntl_cleanup
apr_pool_create_ex->thread_cond_cleanup
apr_pool_create_ex->thread_mutex_cleanup
apr_pool_create_ex->apr_thread_mutex_lock
apr_pool_create_ex->apr_thread_mutex_unlock
apr_pool_create_ex->thread_rwlock_cleanup
apr_pool_create_ex->apr_allocator_mutex_get
apr_pool_create_ex->allocator_alloc
apr_pool_create_ex->pool_concurrency_init
apr_pool_create_ex->apr_pool_cleanup_null
apr_pool_create_ex->other_child_cleanup
apr_pool_create_ex->mmap_cleanup
apr_pool_create_ex->socket_cleanup
apr_pool_create_ex->socket_child_cleanup
apr_pool_create_ex->pollcb_cleanup
apr_pool_create_ex->pollset_cleanup
apr_pool_create_ex->random_cleanup
apr_pool_create_ex->shm_cleanup_owner
apr_pool_create_ex->shm_cleanup_attach
apr_pool_create_ex->threadattr_cleanup
apr_file_printf->apr_vformatter
apr_file_printf->llvm.va_start
apr_file_printf->llvm.va_end
apr_file_printf->malloc
apr_file_printf->free
apr_file_printf->file_printf_flush
apr_table_addn->apr_array_push_noclear
apr_cstr_strtoui64->__errno_location
apr_cstr_strtoui64->apr_strtoi64
sha256_finish->apr__SHA256_Final
apr_socket_send->__errno_location
apr_socket_send->write
apr_socket_send->apr_wait_for_io_or_timeout
apr_os_proc_mutex_put_ex->llvm.memset.p0i8.i64
apr_os_proc_mutex_put_ex->apr_os_file_put
apr_os_proc_mutex_put_ex->proc_mutex_choose_method
apr_os_proc_mutex_put_ex->apr_palloc
apr_os_proc_mutex_put_ex->apr_pool_cleanup_register
skiplist_put_node->skiplist_qpush
apr_pdecode_base32->apr_decode_base32
apr_pdecode_base32->apr_palloc
impl_pollcb_remove.203->llvm.memcpy.p0i8.p0i8.i64
proc_mutex_posix_create->strlen
proc_mutex_posix_create->__errno_location
proc_mutex_posix_create->apr_snprintf
proc_mutex_posix_create->apr_pstrdup
proc_mutex_posix_create->apr_pstrndup
proc_mutex_posix_create->apr_hashfunc_default
proc_mutex_posix_create->rshash
proc_mutex_posix_create->sem_open
proc_mutex_posix_create->sem_unlink
proc_mutex_posix_create->apr_pool_cleanup_register
proc_mutex_posix_create->apr_time_now
apr_proc_detach->__errno_location
apr_proc_detach->chdir
apr_proc_detach->fprintf
apr_proc_detach->fork
apr_proc_detach->exit
apr_proc_detach->perror
apr_proc_detach->setsid
apr_proc_detach->freopen
file_printf_flush->apr_file_write_full
apr_table_overlay->apr_array_cat
apr_table_overlay->copy_array_hdr_core
apr_table_overlay->table_reindex
apr_table_overlay->apr_palloc
apr_shm_create->__errno_location
apr_shm_create->apr_pstrdup
apr_shm_create->apr_file_open
apr_shm_create->apr_file_close
apr_shm_create->apr_file_write
apr_shm_create->mmap
apr_shm_create->apr_palloc
apr_shm_create->apr_pool_cleanup_register
apr_shm_create->our_ftok
apr_shm_create->shmget
apr_shm_create->shmat
apr_shm_create->shmctl
apr_shm_create->apr_uid_current
apr_socket_recv->__errno_location
apr_socket_recv->read
apr_socket_recv->apr_wait_for_io_or_timeout
apr_os_proc_mutex_put->apr_os_proc_mutex_put_ex
apr_unix_child_file_cleanup->file_cleanup
apr_pdecode_base32_binary->apr_decode_base32_binary
apr_pdecode_base32_binary->apr_palloc
impl_pollcb_poll.204->__errno_location
impl_pollcb_poll.204->poll
impl_pollcb_poll.204->get_revent
impl_pollcb_poll.204->apr_poll_drain_wakeup_pipe
apr_os_strerror->stuffbuffer
proc_mutex_posix_acquire->__errno_location
proc_mutex_posix_acquire->sem_wait
apr_dir_make_recursive->apr_dir_make
apr_dir_make_recursive->apr_dir_make_recursive
apr_dir_make_recursive->path_remove_last_component
apr_strnatcmp->strnatcmp0
apr_socket_listen->__errno_location
apr_socket_listen->listen
apr_file_seek->__errno_location
apr_file_seek->apr_file_info_get_locked
apr_file_seek->lseek
apr_file_seek->setptr
apr_file_seek->apr_thread_mutex_lock
apr_file_seek->apr_thread_mutex_unlock
apr_table_do->llvm.va_start
apr_table_do->llvm.va_end
apr_table_do->apr_table_vdo
apr_cstr_atoui64->apr_cstr_strtoui64
shm_cleanup_owner->__errno_location
shm_cleanup_owner->apr_file_remove
shm_cleanup_owner->munmap
shm_cleanup_owner->shmctl
shm_cleanup_owner->shmdt
shm_cleanup_owner->access
apr_socket_sendto->__errno_location
apr_socket_sendto->sendto
apr_socket_sendto->apr_wait_for_io_or_timeout
apr_thread_cond_create->pthread_cond_init
apr_thread_cond_create->apr_palloc
apr_thread_cond_create->apr_pool_cleanup_register
apr_file_open->llvm.memset.p0i8.i64
apr_file_open->__errno_location
apr_file_open->apr_pstrdup
apr_file_open->apr_unix_perms2mode
apr_file_open->fcntl
apr_file_open->close
apr_file_open->open
apr_file_open->apr_thread_mutex_create
apr_file_open->apr_palloc
apr_file_open->apr_pool_cleanup_register
find_compare->apr_skiplist_find
find_compare->skiplisti_find_compare
apr_encode_base16->strlen
apr_threadkey_private_create->llvm.memset.p0i8.i64
apr_threadkey_private_create->apr_palloc
apr_threadkey_private_create->pthread_key_create
apr_pollcb_create_ex->apr_palloc
apr_pollcb_create_ex->apr_pool_cleanup_register
apr_pollcb_create_ex->impl_pollcb_create
apr_pollcb_create_ex->impl_pollcb_poll
apr_pollcb_create_ex->impl_pollcb_create.201
apr_pollcb_create_ex->impl_pollcb_poll.204
apr_pollcb_create_ex->pollcb_provider
apr_pollcb_create_ex->apr_pollcb_add
apr_pollcb_create_ex->apr_poll_create_wakeup_pipe
proc_mutex_posix_tryacquire->__errno_location
proc_mutex_posix_tryacquire->sem_trywait
path_remove_last_component->strlen
path_remove_last_component->apr_pstrndup
path_remove_last_component->path_canonicalize
strnatcmp0->__ctype_b_loc
strnatcmp0->compare_left
strnatcmp0->compare_right
strnatcmp0->toupper
apr_pool_terminate->apr_pool_destroy
setptr->__errno_location
setptr->apr_file_flush_locked
setptr->lseek
apr_table_vdo->strcasecmp
apr_table_vdo->table_getm_do
apr_cstr_atoui->apr_cstr_strtoui64
our_ftok->strlen
our_ftok->apr_hashfunc_default
our_ftok->ftok
apr_getopt_init->llvm.memcpy.p0i8.p0i8.i64
apr_getopt_init->apr_palloc
proc_mutex_posix_timedacquire->__errno_location
proc_mutex_posix_timedacquire->proc_mutex_posix_tryacquire
proc_mutex_posix_timedacquire->sem_timedwait
proc_mutex_posix_timedacquire->apr_time_now
path_canonicalize->strlen
path_canonicalize->apr_pstrndup
compare_left->__ctype_b_loc
apr_socket_accept->llvm.memcpy.p0i8.p0i8.i64
apr_socket_accept->__errno_location
apr_socket_accept->memcmp
apr_socket_accept->apr_pool_cleanup_register
apr_socket_accept->ntohs
apr_socket_accept->alloc_socket
apr_socket_accept->set_socket_vars
apr_socket_accept->accept4
apr_pool_destroy->apr_thread_mutex_lock
apr_pool_destroy->apr_thread_mutex_unlock
apr_pool_destroy->apr_allocator_destroy
apr_pool_destroy->apr_allocator_mutex_set
apr_pool_destroy->apr_allocator_mutex_get
apr_pool_destroy->apr_allocator_owner_get
apr_pool_destroy->allocator_free
apr_pool_destroy->apr_pool_destroy
apr_pool_destroy->run_cleanups
apr_pool_destroy->pool_concurrency_set_used
apr_pool_destroy->pool_concurrency_set_idle
apr_pool_destroy->pool_concurrency_set_destroyed
apr_pool_destroy->free_proc_chain
apr_file_trunc->__errno_location
apr_file_trunc->apr_file_flush_locked
apr_file_trunc->apr_file_seek
apr_file_trunc->ftruncate
apr_file_trunc->apr_thread_mutex_lock
apr_file_trunc->apr_thread_mutex_unlock
apr_table_compress->strlen
apr_table_compress->llvm.memcpy.p0i8.p0i8.i64
apr_table_compress->strcpy
apr_table_compress->strcasecmp
apr_table_compress->table_reindex
apr_table_compress->table_mergesort
apr_table_compress->apr_palloc
apr_cstr_strtoi64->__errno_location
apr_cstr_strtoi64->apr_strtoi64
apr_socket_recvfrom->__errno_location
apr_socket_recvfrom->recvfrom
apr_socket_recvfrom->ntohs
apr_socket_recvfrom->apr_sockaddr_vars_set
apr_socket_recvfrom->apr_wait_for_io_or_timeout
thread_cond_cleanup->pthread_cond_destroy
apr_file_close->apr_pool_cleanup_run
apr_pencode_base16->apr_encode_base16
apr_pencode_base16->apr_palloc
apr_threadkey_private_get->pthread_getspecific
apr_pollcb_add->impl_pollcb_add
apr_pollcb_add->impl_pollcb_remove
apr_pollcb_add->impl_pollcb_add.202
apr_pollcb_add->impl_pollcb_remove.203
proc_mutex_posix_release->__errno_location
proc_mutex_posix_release->sem_post
apr_dir_remove->__errno_location
apr_dir_remove->rmdir
compare_right->__ctype_b_loc
run_cleanups->dso_cleanup
run_cleanups->dir_cleanup
run_cleanups->apr_unix_file_cleanup
run_cleanups->apr_unix_child_file_cleanup
run_cleanups->global_mutex_cleanup
run_cleanups->apr_proc_mutex_cleanup
run_cleanups->proc_mutex_pthread_cleanup
run_cleanups->proc_pthread_mutex_unref
run_cleanups->proc_mutex_posix_cleanup
run_cleanups->proc_mutex_sysv_cleanup
run_cleanups->proc_mutex_flock_cleanup
run_cleanups->proc_mutex_fcntl_cleanup
run_cleanups->thread_cond_cleanup
run_cleanups->thread_mutex_cleanup
run_cleanups->thread_rwlock_cleanup
run_cleanups->apr_pool_cleanup_null
run_cleanups->other_child_cleanup
run_cleanups->mmap_cleanup
run_cleanups->socket_cleanup
run_cleanups->socket_child_cleanup
run_cleanups->pollcb_cleanup
run_cleanups->pollset_cleanup
run_cleanups->random_cleanup
run_cleanups->shm_cleanup_owner
run_cleanups->shm_cleanup_attach
run_cleanups->threadattr_cleanup
table_mergesort->strcasecmp
table_mergesort->apr_palloc
apr_cstr_atoi64->apr_cstr_strtoi64
apr_file_remove->__errno_location
apr_file_remove->unlink
apr_skiplist_find_compare->find_compare
apr_pencode_base16_binary->apr_encode_base16_binary
apr_pencode_base16_binary->apr_palloc
pollcb_cleanup->dso_cleanup
pollcb_cleanup->dir_cleanup
pollcb_cleanup->apr_unix_file_cleanup
pollcb_cleanup->apr_unix_child_file_cleanup
pollcb_cleanup->global_mutex_cleanup
pollcb_cleanup->apr_proc_mutex_cleanup
pollcb_cleanup->proc_mutex_pthread_cleanup
pollcb_cleanup->proc_pthread_mutex_unref
pollcb_cleanup->proc_mutex_posix_cleanup
pollcb_cleanup->proc_mutex_sysv_cleanup
pollcb_cleanup->proc_mutex_flock_cleanup
pollcb_cleanup->proc_mutex_fcntl_cleanup
pollcb_cleanup->thread_cond_cleanup
pollcb_cleanup->thread_mutex_cleanup
pollcb_cleanup->thread_rwlock_cleanup
pollcb_cleanup->apr_pool_cleanup_null
pollcb_cleanup->other_child_cleanup
pollcb_cleanup->mmap_cleanup
pollcb_cleanup->socket_cleanup
pollcb_cleanup->socket_child_cleanup
pollcb_cleanup->impl_pollcb_cleanup
pollcb_cleanup->pollcb_cleanup
pollcb_cleanup->pollset_cleanup
pollcb_cleanup->apr_poll_close_wakeup_pipe
pollcb_cleanup->random_cleanup
pollcb_cleanup->shm_cleanup_owner
pollcb_cleanup->shm_cleanup_attach
pollcb_cleanup->threadattr_cleanup
apr_getopt->strchr
apr_getopt->apr_filepath_name_get
proc_mutex_posix_cleanup->__errno_location
proc_mutex_posix_cleanup->sem_close
apr_proc_kill->__errno_location
apr_proc_kill->kill
apr_socket_connect->llvm.memcpy.p0i8.p0i8.i64
apr_socket_connect->__errno_location
apr_socket_connect->memcmp
apr_socket_connect->apr_sockaddr_vars_set
apr_socket_connect->connect
apr_socket_connect->getsockopt
apr_socket_connect->apr_wait_for_io_or_timeout
apr_temp_dir_get->strlen
apr_temp_dir_get->llvm.memcpy.p0i8.p0i8.i64
apr_temp_dir_get->apr_pstrdup
apr_temp_dir_get->apr_filepath_get
apr_temp_dir_get->test_tempdir
apr_temp_dir_get->apr_env_get
apr_table_overlap->apr_table_compress
apr_table_overlap->apr_table_cat
apr_cstr_atoi->apr_cstr_strtoi64
apr_thread_cond_wait->pthread_cond_wait
apr_file_rename->__errno_location
apr_file_rename->rename
apr_skiplist_last_compare->find_compare
apr_decode_base16->strlen
apr_threadkey_private_set->pthread_setspecific
apr_pollcb_create->apr_pollcb_create_ex
apr_getopt_long->strlen
apr_getopt_long->strncmp
apr_getopt_long->serr
apr_getopt_long->permute
apr_getopt_long->cerr
apr_strnatcasecmp->strnatcmp0
test_tempdir->apr_pstrcat
test_tempdir->apr_file_mktemp
test_tempdir->apr_file_close
test_tempdir->apr_file_putc
apr_table_cat->llvm.memcpy.p0i8.p0i8.i64
apr_table_cat->apr_array_cat
apr_cstr_skip_prefix->strlen
apr_cstr_skip_prefix->strncmp
apr_socket_sendv->__errno_location
apr_socket_sendv->writev
apr_socket_sendv->apr_wait_for_io_or_timeout
apr_skiplist_last->find_compare
apr_decode_base16_binary->strlen
serr->apr_filepath_name_get
apr_os_dir_put->llvm.memset.p0i8.i64
apr_os_dir_put->apr_palloc
apr_strtok->strchr
apr_signal->sigemptyset
apr_signal->sigaction
apr_global_mutex_create->apr_proc_mutex_destroy
apr_global_mutex_create->apr_proc_mutex_create
apr_global_mutex_create->apr_thread_mutex_create
apr_global_mutex_create->apr_palloc
apr_global_mutex_create->apr_pool_cleanup_register
apr_table_getm->apr_array_pstrcat
apr_table_getm->apr_table_do
apr_fnmatch->strchr
apr_fnmatch->fnmatch_ch
apr_socket_sendfile->__errno_location
apr_socket_sendfile->apr_socket_sendv
apr_socket_sendfile->sendfile
apr_socket_sendfile->apr_socket_opt_set
apr_socket_sendfile->apr_wait_for_io_or_timeout
apr_thread_cond_timedwait->pthread_cond_wait
apr_thread_cond_timedwait->pthread_cond_timedwait
apr_thread_cond_timedwait->apr_time_now
apr_pdecode_base16->apr_decode_base16
apr_pdecode_base16->apr_palloc
apr_threadkey_private_delete->pthread_key_delete
permute->reverse
apr_hash_make->alloc_array
apr_hash_make->apr_palloc
apr_hash_make->apr_time_now
free_proc_chain->apr_proc_wait
free_proc_chain->apr_proc_kill
free_proc_chain->apr_sleep
global_mutex_cleanup->apr_proc_mutex_destroy
global_mutex_cleanup->apr_thread_mutex_destroy
table_getm_do->apr_array_make
table_getm_do->apr_array_push
fnmatch_ch->__ctype_b_loc
fnmatch_ch->tolower
apr_os_file_put->llvm.memset.p0i8.i64
apr_os_file_put->apr_thread_mutex_create
apr_os_file_put->apr_palloc
apr_pdecode_base16_binary->apr_decode_base16_binary
apr_pdecode_base16_binary->apr_palloc
apr_pollcb_wakeup->apr_file_putc
cerr->apr_filepath_name_get
alloc_array->llvm.memset.p0i8.i64
alloc_array->apr_palloc
apr_socket_data_get->strcmp
apr_palloc->allocator_alloc
apr_palloc->pool_concurrency_set_used
apr_palloc->pool_concurrency_set_idle
apr_global_mutex_child_init->apr_proc_mutex_child_init
apr_shm_create_ex->apr_shm_create
apr_sockaddr_ip_getbuf->strlen
apr_sockaddr_ip_getbuf->llvm.memcpy.p0i8.p0i8.i64
apr_sockaddr_ip_getbuf->htonl
apr_sockaddr_ip_getbuf->apr_inet_ntop
apr_sockaddr_ip_getbuf->llvm.memmove.p0i8.p0i8.i64
apr_sockaddr_ip_getbuf->if_indextoname
apr_thread_cond_signal->pthread_cond_signal
apr_skiplist_add_compare->insert_compare
apr_threadkey_data_get->apr_pool_userdata_get
apr_hash_make_custom->apr_hash_make
apr_socket_data_set->apr_pstrdup
apr_socket_data_set->apr_palloc
apr_socket_data_set->apr_pool_cleanup_register
apr_pcalloc->llvm.memset.p0i8.i64
apr_pcalloc->apr_palloc
apr_global_mutex_lock->apr_proc_mutex_lock
apr_global_mutex_lock->apr_thread_mutex_lock
apr_global_mutex_lock->apr_thread_mutex_unlock
apr_shm_remove->__errno_location
apr_shm_remove->apr_file_open
apr_shm_remove->apr_file_close
apr_shm_remove->apr_file_remove
apr_shm_remove->our_ftok
apr_shm_remove->shmget
apr_shm_remove->shmctl
apr_file_open_flags_stderr->apr_os_file_put
apr_skiplist_add->apr_skiplist_add_compare
apr_pescape_shell->apr_escape_shell
apr_pescape_shell->apr_palloc
apr_threadkey_data_set->apr_pool_userdata_set
apr_pollset_create_ex->apr_palloc
apr_pollset_create_ex->apr_pool_cleanup_register
apr_pollset_create_ex->impl_pollset_create
apr_pollset_create_ex->impl_pollset_create.195
apr_pollset_create_ex->pollset_provider
apr_pollset_create_ex->apr_pollset_add
apr_pollset_create_ex->impl_pollset_create.210
apr_pollset_create_ex->apr_poll_create_wakeup_pipe
apr_proc_other_child_register->apr_palloc
apr_proc_other_child_register->apr_pool_cleanup_register
apr_pool_clear->allocator_free
apr_pool_clear->apr_pool_destroy
apr_pool_clear->run_cleanups
apr_pool_clear->pool_concurrency_set_used
apr_pool_clear->pool_concurrency_set_idle
apr_pool_clear->free_proc_chain
apr_global_mutex_trylock->apr_proc_mutex_trylock
apr_global_mutex_trylock->apr_thread_mutex_trylock
apr_global_mutex_trylock->apr_thread_mutex_unlock
apr_match_glob->strrchr
apr_match_glob->apr_fnmatch
apr_match_glob->apr_pstrdup
apr_match_glob->apr_pstrmemdup
apr_match_glob->apr_array_make
apr_match_glob->apr_array_push
apr_match_glob->apr_dir_open
apr_match_glob->apr_dir_close
apr_match_glob->apr_dir_read
apr_shm_delete->apr_shm_remove
apr_thread_cond_broadcast->pthread_cond_broadcast
apr_file_open_flags_stdout->apr_os_file_put
apr_skiplist_replace_compare->insert_compare
apr_unescape_url->__ctype_b_loc
apr_unescape_url->x2c
apr_unescape_url->strchr
apr_file_data_get->apr_pool_userdata_get
apr_hash_first->apr_hash_next
apr_hash_first->apr_palloc
apr_signal_thread->sigfillset
apr_signal_thread->sigdelset
apr_signal_thread->remove_sync_sigs
apr_signal_thread->sigwait
apr_os_sock_make->llvm.memcpy.p0i8.p0i8.i64
apr_os_sock_make->apr_pool_cleanup_register
apr_os_sock_make->ntohs
apr_os_sock_make->alloc_socket
apr_os_sock_make->set_socket_vars
apr_pool_create_core_ex->apr_pool_create_unmanaged_ex
apr_global_mutex_timedlock->apr_proc_mutex_timedlock
apr_global_mutex_timedlock->apr_thread_mutex_timedlock
apr_global_mutex_timedlock->apr_thread_mutex_unlock
apr_global_mutex_timedlock->apr_time_now
apr_vformatter->strlen
apr_vformatter->__ctype_b_loc
apr_vformatter->strchr
apr_vformatter->conv_10_quad
apr_vformatter->conv_10
apr_vformatter->conv_p2_quad
apr_vformatter->conv_p2
apr_vformatter->__isnanf
apr_vformatter->__isnan
apr_vformatter->__isnanl
apr_vformatter->__isinff
apr_vformatter->__isinf
apr_vformatter->__isinfl
apr_vformatter->conv_fp
apr_vformatter->apr_gcvt
apr_vformatter->conv_apr_sockaddr
apr_vformatter->conv_in_addr
apr_vformatter->conv_os_thread_t
apr_vformatter->conv_os_thread_t_hex
apr_vformatter->snprintf_flush
apr_vformatter->apr_strfsize
apr_vformatter->file_printf_flush
apr_vformatter->psprintf_flush
apr_vformatter->apr_strerror
apr_shm_destroy->apr_pool_cleanup_run
apr_sockaddr_ip_get->apr_palloc
apr_sockaddr_ip_get->apr_sockaddr_ip_getbuf
apr_file_open_flags_stdin->apr_os_file_put
apr_skiplist_replace->apr_skiplist_replace_compare
apr_os_threadkey_put->llvm.memset.p0i8.i64
apr_os_threadkey_put->apr_palloc
apr_pollset_add->impl_pollset_add
apr_pollset_add->impl_pollset_remove
apr_pollset_add->impl_pollset_add.196
apr_pollset_add->impl_pollset_remove.197
apr_pollset_add->impl_pollset_add.211
apr_pollset_add->impl_pollset_remove.212
apr_proc_other_child_unregister->apr_pool_cleanup_kill
apr_proc_other_child_unregister->other_child_cleanup
apr_file_data_set->apr_pool_userdata_set
apr_os_sock_put->alloc_socket
apr_os_sock_put->set_socket_vars
apr_pool_create_unmanaged_ex->llvm.memset.p0i8.i64
apr_pool_create_unmanaged_ex->malloc
apr_pool_create_unmanaged_ex->allocator_alloc
apr_pool_create_unmanaged_ex->pool_concurrency_init
apr_global_mutex_unlock->apr_proc_mutex_unlock
apr_global_mutex_unlock->apr_thread_mutex_unlock
conv_10_quad->conv_10
apr_shm_attach->__errno_location
apr_shm_attach->apr_pstrdup
apr_shm_attach->apr_file_open
apr_shm_attach->apr_file_close
apr_shm_attach->apr_file_read
apr_shm_attach->apr_palloc
apr_shm_attach->apr_pool_cleanup_register
apr_shm_attach->our_ftok
apr_shm_attach->shmget
apr_shm_attach->shmat
apr_sockaddr_vars_set->htons
apr_thread_cond_destroy->apr_pool_cleanup_run
apr_file_open_stderr->apr_file_open_flags_stderr
apr_skiplist_remove_node->skiplisti_remove
pollset_cleanup->dso_cleanup
pollset_cleanup->dir_cleanup
pollset_cleanup->apr_unix_file_cleanup
pollset_cleanup->apr_unix_child_file_cleanup
pollset_cleanup->global_mutex_cleanup
pollset_cleanup->apr_proc_mutex_cleanup
pollset_cleanup->proc_mutex_pthread_cleanup
pollset_cleanup->proc_pthread_mutex_unref
pollset_cleanup->proc_mutex_posix_cleanup
pollset_cleanup->proc_mutex_sysv_cleanup
pollset_cleanup->proc_mutex_flock_cleanup
pollset_cleanup->proc_mutex_fcntl_cleanup
pollset_cleanup->thread_cond_cleanup
pollset_cleanup->thread_mutex_cleanup
pollset_cleanup->thread_rwlock_cleanup
pollset_cleanup->apr_pool_cleanup_null
pollset_cleanup->other_child_cleanup
pollset_cleanup->mmap_cleanup
pollset_cleanup->socket_cleanup
pollset_cleanup->socket_child_cleanup
pollset_cleanup->impl_pollset_cleanup
pollset_cleanup->pollcb_cleanup
pollset_cleanup->pollset_cleanup
pollset_cleanup->apr_poll_close_wakeup_pipe
pollset_cleanup->random_cleanup
pollset_cleanup->shm_cleanup_owner
pollset_cleanup->shm_cleanup_attach
pollset_cleanup->threadattr_cleanup
apr_file_dup->file_dup
apr_hash_this_key->apr_hash_this
apr_pvsprintf->apr_vformatter
apr_pvsprintf->allocator_free
apr_pvsprintf->pool_concurrency_set_used
apr_pvsprintf->pool_concurrency_set_idle
apr_pvsprintf->psprintf_flush
shm_cleanup_attach->__errno_location
shm_cleanup_attach->shmdt
apr_file_open_stdout->apr_file_open_flags_stdout
apr_skiplist_remove_compare->apr_skiplist_find
apr_skiplist_remove_compare->skiplisti_remove
apr_skiplist_remove_compare->skiplisti_find_compare
apr_time_now->gettimeofday
apr_proc_other_child_refresh->waitpid
proc_mutex_sysv_create->__errno_location
proc_mutex_sysv_create->proc_mutex_sysv_cleanup
proc_mutex_sysv_create->semctl
proc_mutex_sysv_create->semget
proc_mutex_sysv_create->apr_pool_cleanup_register
file_dup->llvm.memset.p0i8.i64
file_dup->__errno_location
file_dup->apr_pstrdup
file_dup->dup3
file_dup->dup
file_dup->apr_thread_mutex_create
file_dup->apr_palloc
file_dup->apr_pool_cleanup_register
apr_hash_this_key_len->apr_hash_this
remove_sync_sigs->sigdelset
apr_socket_inherit_set->__errno_location
apr_socket_inherit_set->fcntl
apr_socket_inherit_set->apr_pool_child_cleanup_set
psprintf_flush->llvm.memcpy.p0i8.p0i8.i64
psprintf_flush->allocator_alloc
apr_global_mutex_destroy->apr_pool_cleanup_run
conv_p2_quad->conv_p2
apr_shm_attach_ex->apr_shm_attach
apr_socket_addr_get->get_local_addr
apr_socket_addr_get->get_remote_addr
apr_thread_mutex_create->llvm.memset.p0i8.i64
apr_thread_mutex_create->pthread_mutexattr_init
apr_thread_mutex_create->pthread_mutexattr_destroy
apr_thread_mutex_create->pthread_mutex_init
apr_thread_mutex_create->pthread_mutexattr_settype
apr_thread_mutex_create->apr_palloc
apr_thread_mutex_create->apr_pool_cleanup_register
apr_file_open_stdin->apr_file_open_flags_stdin
apr_skiplist_remove->apr_skiplist_remove_compare
apr_punescape_url->apr_unescape_url
apr_punescape_url->apr_palloc
apr_poll_method_defname->pollset_provider
proc_mutex_sysv_acquire->__errno_location
proc_mutex_sysv_acquire->semop
apr_hash_this_val->apr_hash_this
apr_socket_inherit_unset->__errno_location
apr_socket_inherit_unset->fcntl
apr_socket_inherit_unset->apr_pool_child_cleanup_set
apr_psprintf->llvm.va_start
apr_psprintf->llvm.va_end
apr_psprintf->apr_pvsprintf
apr_global_mutex_lockfile->apr_proc_mutex_lockfile
apr_shm_detach->apr_pool_cleanup_kill
apr_shm_detach->shm_cleanup_attach
get_local_addr->__errno_location
get_local_addr->ntohs
get_local_addr->getsockname
apr_file_inherit_set->__errno_location
apr_file_inherit_set->fcntl
apr_file_inherit_set->apr_pool_child_cleanup_set
apr_skiplist_remove_all->skiplist_put_node
apr_escape_path_segment->c2x
apr_time_exp_tz->explode_time
apr_pollset_create->apr_pollset_create_ex
apr_proc_other_child_refresh_all->apr_proc_other_child_refresh
proc_mutex_sysv_tryacquire->__errno_location
proc_mutex_sysv_tryacquire->semop
apr_hashfunc_default->hashfunc_default
apr_setup_signal_thread->sigfillset
apr_setup_signal_thread->remove_sync_sigs
apr_setup_signal_thread->pthread_sigmask
apr_socket_timeout_set->sononblock
apr_socket_timeout_set->soblock
apr_global_mutex_mech->apr_proc_mutex_mech
get_remote_addr->__errno_location
get_remote_addr->ntohs
get_remote_addr->getpeername
thread_mutex_cleanup->pthread_mutex_destroy
apr_file_inherit_unset->__errno_location
apr_file_inherit_unset->fcntl
apr_file_inherit_unset->apr_pool_child_cleanup_set
apr_skiplist_pop->apr_skiplist_getlist
apr_skiplist_pop->skiplisti_remove
explode_time->localtime_r
explode_time->gmtime_r
explode_time->get_offset
apr_pollset_destroy->apr_pool_cleanup_run
apr_os_uuid_get->llvm.memcpy.p0i8.p0i8.i64
apr_os_uuid_get->uuid_generate
proc_mutex_sysv_timedacquire->__errno_location
proc_mutex_sysv_timedacquire->proc_mutex_sysv_tryacquire
proc_mutex_sysv_timedacquire->semtimedop
apr_file_dup2->file_dup
sononblock->__errno_location
sononblock->fcntl
apr_global_mutex_name->apr_proc_mutex_name
apr_thread_mutex_lock->pthread_mutex_unlock
apr_thread_mutex_lock->pthread_mutex_lock
apr_thread_mutex_lock->apr_thread_cond_wait
apr_skiplist_peek->apr_skiplist_getlist
apr_pescape_path_segment->apr_escape_path_segment
apr_pescape_path_segment->apr_palloc
apr_pollset_wakeup->apr_file_putc
proc_mutex_sysv_release->__errno_location
proc_mutex_sysv_release->semop
apr_file_setaside->llvm.memcpy.p0i8.p0i8.i64
apr_file_setaside->apr_pstrdup
apr_file_setaside->apr_pmemdup
apr_file_setaside->apr_thread_mutex_create
apr_file_setaside->apr_thread_mutex_destroy
apr_file_setaside->apr_palloc
apr_file_setaside->apr_pool_cleanup_register
apr_file_setaside->apr_pool_cleanup_kill
apr_hash_copy->apr_palloc
apr_signal_block->sigemptyset
apr_signal_block->pthread_sigmask
apr_signal_block->sigaddset
soblock->__errno_location
soblock->fcntl
apr_global_mutex_perms_set->apr_proc_mutex_perms_set
apr_shm_perms_set->__errno_location
apr_shm_perms_set->apr_unix_perms2mode
apr_shm_perms_set->shmget
apr_shm_perms_set->shmctl
apr_thread_mutex_trylock->pthread_mutex_unlock
apr_thread_mutex_trylock->pthread_mutex_lock
apr_thread_mutex_trylock->pthread_mutex_trylock
apr_file_link->__errno_location
apr_file_link->link
apr_escape_path->strchr
apr_escape_path->c2x
apr_generate_random_bytes->__errno_location
apr_generate_random_bytes->getrandom
proc_mutex_sysv_cleanup->semctl
apr_filepath_get->__errno_location
apr_filepath_get->apr_pstrdup
apr_filepath_get->getcwd
apr_hash_get->find_entry
apr_socket_opt_set->__errno_location
apr_socket_opt_set->setsockopt
apr_socket_opt_set->sononblock
apr_socket_opt_set->soblock
apr_parse_addr_port->strlen
apr_parse_addr_port->__ctype_b_loc
apr_parse_addr_port->memchr
apr_parse_addr_port->apr_pstrmemdup
apr_parse_addr_port->apr_inet_pton
apr_parse_addr_port->atoi
apr_thread_mutex_timedlock->pthread_mutex_trylock
apr_thread_mutex_timedlock->pthread_mutex_timedlock
apr_thread_mutex_timedlock->apr_time_now
apr_skiplist_height->skiplist_height
apr_pescape_path->apr_escape_path
apr_pescape_path->apr_palloc
proc_mutex_sysv_perms_set->__errno_location
proc_mutex_sysv_perms_set->apr_unix_perms2mode
proc_mutex_sysv_perms_set->semctl
find_entry->hashfunc_default
find_entry->memcmp
find_entry->apr_palloc
apr_signal_unblock->sigemptyset
apr_signal_unblock->pthread_sigmask
apr_signal_unblock->sigaddset
apr_proc_mutex_destroy->apr_pool_cleanup_run
apr_thread_mutex_unlock->pthread_mutex_unlock
apr_thread_mutex_unlock->pthread_mutex_lock
apr_thread_mutex_unlock->apr_thread_cond_signal
apr_file_pipe_timeout_set->pipenonblock
apr_file_pipe_timeout_set->pipeblock
apr_escape_urlencoded->c2x
apr_time_exp_gmt->apr_time_exp_tz
impl_pollset_create.210->apr_palloc
apr_app_initialize->apr_initialize
apr_filepath_set->__errno_location
apr_filepath_set->chdir
apr_threadattr_create->apr_palloc
apr_threadattr_create->apr_pool_cleanup_register
apr_threadattr_create->pthread_attr_init
apr_pool_userdata_set->apr_pstrdup
apr_pool_userdata_set->apr_hash_make
apr_pool_userdata_set->apr_hash_get
apr_pool_userdata_set->apr_hash_set
apr_pool_userdata_set->apr_pool_cleanup_register
apr_proc_mutex_cleanup->dso_cleanup
apr_proc_mutex_cleanup->dir_cleanup
apr_proc_mutex_cleanup->apr_unix_file_cleanup
apr_proc_mutex_cleanup->apr_unix_child_file_cleanup
apr_proc_mutex_cleanup->global_mutex_cleanup
apr_proc_mutex_cleanup->apr_proc_mutex_cleanup
apr_proc_mutex_cleanup->proc_mutex_pthread_cleanup
apr_proc_mutex_cleanup->proc_pthread_mutex_unref
apr_proc_mutex_cleanup->proc_mutex_posix_cleanup
apr_proc_mutex_cleanup->proc_mutex_sysv_cleanup
apr_proc_mutex_cleanup->proc_mutex_flock_cleanup
apr_proc_mutex_cleanup->proc_mutex_fcntl_cleanup
apr_proc_mutex_cleanup->thread_cond_cleanup
apr_proc_mutex_cleanup->thread_mutex_cleanup
apr_proc_mutex_cleanup->thread_rwlock_cleanup
apr_proc_mutex_cleanup->apr_pool_cleanup_null
apr_proc_mutex_cleanup->other_child_cleanup
apr_proc_mutex_cleanup->mmap_cleanup
apr_proc_mutex_cleanup->socket_cleanup
apr_proc_mutex_cleanup->socket_child_cleanup
apr_proc_mutex_cleanup->pollcb_cleanup
apr_proc_mutex_cleanup->pollset_cleanup
apr_proc_mutex_cleanup->random_cleanup
apr_proc_mutex_cleanup->shm_cleanup_owner
apr_proc_mutex_cleanup->shm_cleanup_attach
apr_proc_mutex_cleanup->threadattr_cleanup
apr_sockaddr_info_get->llvm.memset.p0i8.i64
apr_sockaddr_info_get->apr_cpystrn
apr_sockaddr_info_get->apr_pstrdup
apr_sockaddr_info_get->apr_palloc
apr_sockaddr_info_get->find_addresses
apr_thread_mutex_destroy->apr_thread_cond_destroy
apr_thread_mutex_destroy->apr_pool_cleanup_run
pipenonblock->__errno_location
pipenonblock->fcntl
apr_pescape_urlencoded->apr_escape_urlencoded
apr_pescape_urlencoded->apr_palloc
apr_time_exp_lt->explode_time
impl_pollset_add.211->llvm.memcpy.p0i8.p0i8.i64
apr_initialize->apr_proc_mutex_unix_setup_lock
apr_initialize->apr_pool_initialize
apr_initialize->apr_pool_create_ex
apr_initialize->apr_pool_tag
apr_initialize->apr_signal_init
apr_initialize->apr_unix_setup_time
apr_hash_set->find_entry
apr_hash_set->expand_array
apr_socket_atmark->__errno_location
apr_socket_atmark->ioctl
apr_pool_cleanup_register->apr_palloc
apr_proc_mutex_unix_setup_lock->proc_mutex_sysv_setup
apr_proc_mutex_unix_setup_lock->proc_mutex_fcntl_setup
conv_fp->strlen
conv_fp->__ctype_b_loc
conv_fp->llvm.memcpy.p0i8.p0i8.i64
conv_fp->conv_10
conv_fp->apr_ecvt
conv_fp->apr_fcvt
apr_wait_for_io_or_timeout->__errno_location
apr_wait_for_io_or_timeout->poll
find_addresses->call_resolver
pipeblock->__errno_location
pipeblock->fcntl
apr_skiplist_destroy->free
apr_skiplist_destroy->apr_skiplist_remove_all
apr_skiplist_destroy->apr_skiplist_pop
apr_escape_entity->llvm.memcpy.p0i8.p0i8.i64
apr_escape_entity->apr_snprintf
impl_pollset_remove.212->llvm.memcpy.p0i8.p0i8.i64
apr_terminate->apr_pool_terminate
apr_filepath_root->apr_pstrdup
expand_array->alloc_array
expand_array->apr_hash_next
expand_array->apr_hash_first
threadattr_cleanup->pthread_attr_destroy
apr_pool_userdata_setn->apr_hash_make
apr_pool_userdata_setn->apr_hash_set
apr_pool_userdata_setn->apr_pool_cleanup_register
apr_gcvt->apr_ecvt
apr_procattr_create->llvm.memset.p0i8.i64
apr_procattr_create->apr_palloc
call_resolver->llvm.memcpy.p0i8.p0i8.i64
call_resolver->llvm.memset.p0i8.i64
call_resolver->__errno_location
call_resolver->apr_pstrdup
call_resolver->apr_itoa
call_resolver->apr_palloc
call_resolver->apr_sockaddr_vars_set
call_resolver->getaddrinfo
call_resolver->freeaddrinfo
apr_thread_rwlock_create->pthread_rwlock_init
apr_thread_rwlock_create->apr_palloc
apr_thread_rwlock_create->apr_pool_cleanup_register
skiplisti_destroy->apr_skiplist_destroy
apr_time_exp_gmt_get->apr_time_exp_get
impl_pollset_poll.213->llvm.memcpy.p0i8.p0i8.i64
impl_pollset_poll.213->__errno_location
impl_pollset_poll.213->select
impl_pollset_poll.213->apr_poll_drain_wakeup_pipe
apr_terminate2->apr_terminate
apr_filepath_merge->strlen
apr_filepath_merge->llvm.memcpy.p0i8.p0i8.i64
apr_filepath_merge->strncmp
apr_filepath_merge->__errno_location
apr_filepath_merge->memcmp
apr_filepath_merge->apr_filepath_get
apr_filepath_merge->apr_palloc
apr_gethostname->__errno_location
apr_gethostname->memchr
apr_gethostname->gethostname
apr_pool_userdata_get->apr_hash_get
conv_apr_sockaddr->strlen
conv_apr_sockaddr->llvm.memcpy.p0i8.p0i8.i64
conv_apr_sockaddr->conv_10
conv_apr_sockaddr->htonl
conv_apr_sockaddr->apr_sockaddr_ip_getbuf
apr_procattr_io_set->apr_file_inherit_unset
apr_procattr_io_set->apr_file_pipe_create_ex
apr_os_pipe_put_ex->llvm.memset.p0i8.i64
apr_os_pipe_put_ex->apr_palloc
apr_os_pipe_put_ex->apr_pool_cleanup_register
apr_skiplist_merge->llvm.memcpy.p0i8.p0i8.i64
apr_skiplist_merge->apr_skiplist_insert
apr_skiplist_merge->apr_skiplist_getlist
apr_skiplist_merge->apr_skiplist_next
apr_skiplist_merge->apr_skiplist_remove_all
apr_pescape_entity->apr_escape_entity
apr_pescape_entity->apr_palloc
proc_mutex_flock_create->apr_pstrdup
proc_mutex_flock_create->apr_file_mktemp
proc_mutex_flock_create->apr_file_open
proc_mutex_flock_create->proc_mutex_flock_cleanup
proc_mutex_flock_create->apr_pool_cleanup_register
apr_filepath_list_split->apr_filepath_list_split_impl
apr_hash_clear->apr_hash_next
apr_hash_clear->apr_hash_first
apr_hash_clear->apr_hash_set
apr_threadattr_detach_set->pthread_attr_setdetachstate
apr_pool_pre_cleanup_register->apr_palloc
apr_proc_mutex_defname->proc_mutex_choose_method
apr_proc_mutex_defname->apr_proc_mutex_name
conv_in_addr->conv_10
conv_in_addr->ntohl
apr_procattr_child_in_set->apr_file_dup
apr_procattr_child_in_set->apr_file_dup2
apr_procattr_child_in_set->apr_file_inherit_set
apr_procattr_child_in_set->apr_file_inherit_unset
apr_procattr_child_in_set->apr_file_pipe_create
thread_rwlock_cleanup->pthread_rwlock_destroy
apr_os_pipe_put->apr_os_pipe_put_ex
apr_unescape_entity->__ctype_b_loc
apr_unescape_entity->strncmp
apr_poll_create_wakeup_pipe->__errno_location
apr_poll_create_wakeup_pipe->fcntl
apr_poll_create_wakeup_pipe->apr_file_pipe_create
proc_mutex_flock_acquire->__errno_location
proc_mutex_flock_acquire->flock
apr_filepath_list_merge->apr_filepath_list_merge_impl
apr_hash_overlay->apr_hash_merge
apr_socket_perms_set->__errno_location
apr_socket_perms_set->fchown
conv_os_thread_t->conv_10_quad
apr_procattr_child_out_set->apr_file_dup
apr_procattr_child_out_set->apr_file_dup2
apr_procattr_child_out_set->apr_file_inherit_set
apr_procattr_child_out_set->apr_file_inherit_unset
apr_procattr_child_out_set->apr_file_pipe_create
apr_sockaddr_info_copy->apr_pstrdup
apr_sockaddr_info_copy->apr_pmemdup
apr_sockaddr_info_copy->apr_sockaddr_vars_set
apr_file_pipe_create->file_pipe_create
apr_array_make->make_array_core
apr_array_make->apr_palloc
apr_poll_close_wakeup_pipe->apr_file_close
proc_mutex_flock_tryacquire->__errno_location
proc_mutex_flock_tryacquire->flock
apr_hash_merge->alloc_array
apr_hash_merge->hashfunc_default
apr_hash_merge->memcmp
apr_hash_merge->apr_palloc
apr_threadattr_detach_get->pthread_attr_getdetachstate
impl_pollset_create->__errno_location
impl_pollset_create->close
impl_pollset_create->apr_thread_mutex_create
impl_pollset_create->apr_palloc
impl_pollset_create->epoll_create1
apr_os_dso_handle_put->llvm.memset.p0i8.i64
apr_os_dso_handle_put->apr_palloc
conv_os_thread_t_hex->conv_p2_quad
apr_procattr_child_err_set->apr_file_dup
apr_procattr_child_err_set->apr_file_dup2
apr_procattr_child_err_set->apr_file_inherit_set
apr_procattr_child_err_set->apr_file_inherit_unset
apr_procattr_child_err_set->apr_file_pipe_create
apr_getnameinfo->__errno_location
apr_getnameinfo->htonl
apr_getnameinfo->apr_pstrdup
apr_getnameinfo->__h_errno_location
apr_getnameinfo->getnameinfo
apr_thread_rwlock_rdlock->pthread_rwlock_rdlock
file_pipe_create->llvm.memset.p0i8.i64
file_pipe_create->__errno_location
file_pipe_create->pipe
file_pipe_create->apr_palloc
file_pipe_create->apr_pool_cleanup_register
make_array_core->llvm.memset.p0i8.i64
make_array_core->apr_palloc
apr_punescape_entity->apr_unescape_entity
apr_punescape_entity->apr_palloc
apr_poll_drain_wakeup_pipe->apr_file_read
apr_mmap_create->llvm.memset.p0i8.i64
apr_mmap_create->__errno_location
apr_mmap_create->mmap
apr_mmap_create->apr_palloc
apr_mmap_create->apr_pool_cleanup_register
proc_mutex_spinsleep_timedacquire->apr_proc_mutex_trylock
proc_mutex_spinsleep_timedacquire->apr_sleep
apr_filepath_list_split_impl->strchr
apr_filepath_list_split_impl->llvm.memset.p0i8.i64
apr_filepath_list_split_impl->apr_pstrdup
apr_filepath_list_split_impl->apr_strtok
apr_filepath_list_split_impl->apr_array_make
apr_filepath_list_split_impl->apr_array_push
apr_hash_do->apr_hash_next
impl_pollset_add->llvm.memcpy.p0i8.p0i8.i64
impl_pollset_add->llvm.memset.p0i8.i64
impl_pollset_add->__errno_location
impl_pollset_add->apr_thread_mutex_lock
impl_pollset_add->apr_thread_mutex_unlock
impl_pollset_add->apr_palloc
impl_pollset_add->epoll_ctl
impl_pollset_add->get_epoll_event
apr_pool_cleanup_run->dso_cleanup
apr_pool_cleanup_run->dir_cleanup
apr_pool_cleanup_run->apr_unix_file_cleanup
apr_pool_cleanup_run->global_mutex_cleanup
apr_pool_cleanup_run->apr_proc_mutex_cleanup
apr_pool_cleanup_run->thread_cond_cleanup
apr_pool_cleanup_run->thread_mutex_cleanup
apr_pool_cleanup_run->thread_rwlock_cleanup
apr_pool_cleanup_run->apr_pool_cleanup_kill
apr_pool_cleanup_run->mmap_cleanup
apr_pool_cleanup_run->socket_cleanup
apr_pool_cleanup_run->pollset_cleanup
apr_pool_cleanup_run->shm_cleanup_owner
proc_mutex_pthread_create->__errno_location
proc_mutex_pthread_create->close
proc_mutex_pthread_create->open
proc_mutex_pthread_create->proc_mutex_pthread_cleanup
proc_mutex_pthread_create->mmap
proc_mutex_pthread_create->pthread_mutexattr_init
proc_mutex_pthread_create->pthread_mutexattr_setpshared
proc_mutex_pthread_create->pthread_mutexattr_destroy
proc_mutex_pthread_create->pthread_mutexattr_setrobust
proc_mutex_pthread_create->pthread_mutexattr_setprotocol
proc_mutex_pthread_create->pthread_mutex_init
proc_mutex_pthread_create->apr_pool_cleanup_register
apr_procattr_dir_set->apr_pstrdup
apr_escape_echo->c2x
apr_sleep->select
apr_random_init->llvm.memset.p0i8.i64
apr_random_init->apr_palloc
apr_random_init->apr_pool_cleanup_register
mmap_cleanup->__errno_location
mmap_cleanup->munmap
proc_mutex_flock_release->__errno_location
proc_mutex_flock_release->flock
apr_filepath_list_merge_impl->strlen
apr_filepath_list_merge_impl->llvm.memcpy.p0i8.p0i8.i64
apr_filepath_list_merge_impl->apr_palloc
apr_threadattr_stacksize_set->pthread_attr_setstacksize
impl_pollset_remove->llvm.memset.p0i8.i64
impl_pollset_remove->apr_thread_mutex_lock
impl_pollset_remove->apr_thread_mutex_unlock
impl_pollset_remove->epoll_ctl
apr_pool_cleanup_for_exec->cleanup_pool_for_exec
proc_mutex_pthread_acquire->proc_mutex_pthread_acquire_ex
apr_dso_load->llvm.memset.p0i8.i64
apr_dso_load->dlopen
apr_dso_load->dlerror
apr_dso_load->apr_palloc
apr_dso_load->apr_pool_cleanup_register
apr_thread_rwlock_tryrdlock->pthread_rwlock_tryrdlock
apr_file_pipe_create_ex->file_pipe_create
apr_file_pipe_create_ex->file_pipe_block
apr_array_pop->apr_is_empty_array
apr_pescape_echo->apr_escape_echo
apr_pescape_echo->apr_palloc
apr_mmap_dup->apr_pmemdup
apr_mmap_dup->apr_pool_cleanup_register
proc_mutex_flock_cleanup->__errno_location
proc_mutex_flock_cleanup->close
proc_mutex_flock_cleanup->unlink
proc_mutex_flock_cleanup->apr_file_close
proc_mutex_flock_cleanup->proc_mutex_flock_release
apr_file_info_get_locked->__errno_location
apr_file_info_get_locked->fstat
apr_file_info_get_locked->fill_out_finfo
apr_file_info_get_locked->apr_file_flush_locked
apr_skiplist_alloc->malloc
apr_skiplist_alloc->apr_array_make
apr_skiplist_alloc->apr_array_push
apr_skiplist_alloc->apr_palloc
impl_pollset_poll->llvm.memcpy.p0i8.p0i8.i64
impl_pollset_poll->__errno_location
impl_pollset_poll->apr_thread_mutex_lock
impl_pollset_poll->apr_thread_mutex_unlock
impl_pollset_poll->epoll_wait
impl_pollset_poll->get_epoll_revent
impl_pollset_poll->apr_poll_drain_wakeup_pipe
cleanup_pool_for_exec->cleanup_pool_for_exec
cleanup_pool_for_exec->run_child_cleanups
proc_mutex_pthread_tryacquire->proc_mutex_pthread_acquire_ex
apr_ecvt->apr_cvt
apr_getservbyname->apr_pstrdup
apr_getservbyname->ntohs
apr_getservbyname->getservbyname_r
file_pipe_block->apr_file_pipe_timeout_set
apr_array_push->llvm.memcpy.p0i8.p0i8.i64
apr_array_push->llvm.memset.p0i8.i64
apr_array_push->apr_palloc
apr_random_after_fork->mixer
apr_mmap_delete->apr_pool_cleanup_run
proc_mutex_flock_child_init->apr_pstrdup
proc_mutex_flock_child_init->apr_pmemdup
proc_mutex_flock_child_init->apr_file_open
apr_threadattr_guardsize_set->pthread_attr_setguardsize
impl_pollset_cleanup->close
run_child_cleanups->dso_cleanup
run_child_cleanups->dir_cleanup
run_child_cleanups->apr_unix_file_cleanup
run_child_cleanups->apr_unix_child_file_cleanup
run_child_cleanups->global_mutex_cleanup
run_child_cleanups->apr_proc_mutex_cleanup
run_child_cleanups->proc_mutex_pthread_cleanup
run_child_cleanups->proc_pthread_mutex_unref
run_child_cleanups->proc_mutex_posix_cleanup
run_child_cleanups->proc_mutex_sysv_cleanup
run_child_cleanups->proc_mutex_flock_cleanup
run_child_cleanups->proc_mutex_fcntl_cleanup
run_child_cleanups->thread_cond_cleanup
run_child_cleanups->thread_mutex_cleanup
run_child_cleanups->thread_rwlock_cleanup
run_child_cleanups->apr_pool_cleanup_null
run_child_cleanups->other_child_cleanup
run_child_cleanups->mmap_cleanup
run_child_cleanups->socket_cleanup
run_child_cleanups->socket_child_cleanup
run_child_cleanups->pollcb_cleanup
run_child_cleanups->pollset_cleanup
run_child_cleanups->random_cleanup
run_child_cleanups->shm_cleanup_owner
run_child_cleanups->shm_cleanup_attach
run_child_cleanups->threadattr_cleanup
proc_mutex_pthread_timedacquire->proc_mutex_pthread_acquire_ex
apr_cvt->modf
apr_proc_fork->llvm.memset.p0i8.i64
apr_proc_fork->__errno_location
apr_proc_fork->apr_random_after_fork
apr_proc_fork->fork
apr_proc_fork->getpid
apr_thread_rwlock_wrlock->pthread_rwlock_wrlock
apr_file_pipe_create_pools->file_pipe_create
apr_file_pipe_create_pools->file_pipe_block
apr_array_cat->llvm.memcpy.p0i8.p0i8.i64
apr_array_cat->llvm.memset.p0i8.i64
apr_array_cat->apr_palloc
apr_pescape_hex->apr_escape_hex
apr_pescape_hex->apr_palloc
apr_rfc822_date->apr_time_exp_gmt
mixer->mix_pid
apr_inet_ntop->__errno_location
apr_inet_ntop->inet_ntop4
apr_inet_ntop->inet_ntop6
proc_mutex_flock_perms_set->__errno_location
proc_mutex_flock_perms_set->fchown
fill_out_finfo->apr_unix_mode2perms
fill_out_finfo->filetype_from_mode
fill_out_finfo->apr_time_ansi_put
apr_skiplist_free->free
proc_mutex_pthread_release->pthread_mutex_unlock
dso_cleanup->dlclose
apr_sockaddr_equal->htonl
apr_sockaddr_equal->memcmp
apr_file_namedpipe_create->__errno_location
apr_file_namedpipe_create->apr_unix_perms2mode
apr_file_namedpipe_create->mkfifo
apr_array_copy->llvm.memcpy.p0i8.p0i8.i64
apr_array_copy->llvm.memset.p0i8.i64
apr_array_copy->make_array_core
apr_array_copy->apr_palloc
apr_unescape_hex->__ctype_b_loc
apr_ctime->apr_time_exp_lt
mix_pid->dso_cleanup
mix_pid->dir_cleanup
mix_pid->apr_unix_file_cleanup
mix_pid->apr_unix_child_file_cleanup
mix_pid->global_mutex_cleanup
mix_pid->apr_proc_mutex_cleanup
mix_pid->proc_mutex_pthread_cleanup
mix_pid->proc_pthread_mutex_unref
mix_pid->proc_mutex_posix_cleanup
mix_pid->proc_mutex_sysv_cleanup
mix_pid->proc_mutex_flock_cleanup
mix_pid->proc_mutex_fcntl_cleanup
mix_pid->thread_cond_cleanup
mix_pid->thread_mutex_cleanup
mix_pid->thread_rwlock_cleanup
mix_pid->apr_pool_cleanup_null
mix_pid->other_child_cleanup
mix_pid->mmap_cleanup
mix_pid->socket_cleanup
mix_pid->socket_child_cleanup
mix_pid->pollcb_cleanup
mix_pid->pollset_cleanup
mix_pid->random_cleanup
mix_pid->sha256_init
mix_pid->sha256_add
mix_pid->sha256_finish
mix_pid->shm_cleanup_owner
mix_pid->shm_cleanup_attach
mix_pid->threadattr_cleanup
inet_ntop4->__errno_location
apr_thread_create->llvm.memset.p0i8.i64
apr_thread_create->apr_pool_create_ex
apr_thread_create->apr_palloc
apr_thread_create->pthread_create
apr_thread_create->dummy_worker
apr_pool_note_subprocess->apr_palloc
proc_mutex_pthread_cleanup->__errno_location
proc_mutex_pthread_cleanup->proc_pthread_mutex_unref
proc_mutex_pthread_cleanup->munmap
apr_fcvt->apr_cvt
apr_sockaddr_is_wildcard->htonl
apr_sockaddr_is_wildcard->memcmp
apr_thread_rwlock_trywrlock->pthread_rwlock_trywrlock
apr_array_copy_hdr->copy_array_hdr_core
apr_array_copy_hdr->apr_palloc
apr_punescape_hex->apr_unescape_hex
apr_punescape_hex->apr_palloc
apr_strftime->llvm.memset.p0i8.i64
apr_strftime->strftime
apr_random_standard_new->apr_palloc
apr_random_standard_new->apr_random_init
apr_random_standard_new->apr_crypto_sha256_new
inet_ntop6->strlen
inet_ntop6->llvm.memcpy.p0i8.p0i8.i64
inet_ntop6->__errno_location
inet_ntop6->apr_snprintf
inet_ntop6->strcpy
inet_ntop6->inet_ntop4
apr_file_info_get->__errno_location
apr_file_info_get->fstat
apr_file_info_get->fill_out_finfo
apr_file_info_get->apr_file_flush
apr_skiplist_init->skiplisti_init
apr_skiplist_init->apr_skiplist_set_compare
apr_palloc_debug->apr_palloc
proc_mutex_pthread_child_init->proc_pthread_mutex_inc
proc_mutex_pthread_child_init->apr_pool_cleanup_register
apr_dso_unload->apr_pool_cleanup_run
apr_snprintf->apr_vformatter
apr_snprintf->llvm.va_start
apr_snprintf->llvm.va_end
apr_ipsubnet_create->llvm.memset.p0i8.i64
apr_ipsubnet_create->htonl
apr_ipsubnet_create->strtol
apr_ipsubnet_create->apr_palloc
apr_ipsubnet_create->apr_inet_pton
apr_ipsubnet_create->looks_like_ip
apr_ipsubnet_create->parse_ip
apr_ipsubnet_create->fix_subnet
apr_file_read->__errno_location
apr_file_read->file_read_buffered
apr_file_read->read
apr_file_read->apr_thread_mutex_lock
apr_file_read->apr_thread_mutex_unlock
apr_file_read->apr_wait_for_io_or_timeout
apr_escape_ldap->c2x
apr_random_add_entropy->llvm.memcpy.p0i8.p0i8.i64
apr_random_add_entropy->apr_palloc
apr_random_add_entropy->__assert_fail
apr_random_add_entropy->rekey
apr_inet_pton->__errno_location
apr_inet_pton->inet_pton4
apr_inet_pton->inet_pton6
apr_proc_mutex_trylock->dso_cleanup
apr_proc_mutex_trylock->dir_cleanup
apr_proc_mutex_trylock->apr_unix_file_cleanup
apr_proc_mutex_trylock->apr_unix_child_file_cleanup
apr_proc_mutex_trylock->global_mutex_cleanup
apr_proc_mutex_trylock->apr_proc_mutex_cleanup
apr_proc_mutex_trylock->proc_mutex_pthread_acquire
apr_proc_mutex_trylock->proc_mutex_pthread_tryacquire
apr_proc_mutex_trylock->proc_mutex_pthread_release
apr_proc_mutex_trylock->proc_mutex_pthread_cleanup
apr_proc_mutex_trylock->proc_pthread_mutex_unref
apr_proc_mutex_trylock->proc_mutex_posix_acquire
apr_proc_mutex_trylock->proc_mutex_posix_tryacquire
apr_proc_mutex_trylock->proc_mutex_posix_release
apr_proc_mutex_trylock->proc_mutex_posix_cleanup
apr_proc_mutex_trylock->proc_mutex_sysv_acquire
apr_proc_mutex_trylock->proc_mutex_sysv_tryacquire
apr_proc_mutex_trylock->proc_mutex_sysv_release
apr_proc_mutex_trylock->proc_mutex_sysv_cleanup
apr_proc_mutex_trylock->proc_mutex_flock_acquire
apr_proc_mutex_trylock->proc_mutex_flock_tryacquire
apr_proc_mutex_trylock->proc_mutex_flock_release
apr_proc_mutex_trylock->proc_mutex_flock_cleanup
apr_proc_mutex_trylock->proc_mutex_fcntl_acquire
apr_proc_mutex_trylock->proc_mutex_fcntl_tryacquire
apr_proc_mutex_trylock->proc_mutex_fcntl_release
apr_proc_mutex_trylock->proc_mutex_fcntl_cleanup
apr_proc_mutex_trylock->thread_cond_cleanup
apr_proc_mutex_trylock->thread_mutex_cleanup
apr_proc_mutex_trylock->thread_rwlock_cleanup
apr_proc_mutex_trylock->apr_pool_cleanup_null
apr_proc_mutex_trylock->other_child_cleanup
apr_proc_mutex_trylock->mmap_cleanup
apr_proc_mutex_trylock->socket_cleanup
apr_proc_mutex_trylock->socket_child_cleanup
apr_proc_mutex_trylock->pollcb_cleanup
apr_proc_mutex_trylock->pollset_cleanup
apr_proc_mutex_trylock->random_cleanup
apr_proc_mutex_trylock->shm_cleanup_owner
apr_proc_mutex_trylock->shm_cleanup_attach
apr_proc_mutex_trylock->threadattr_cleanup
apr_file_perms_set->__errno_location
apr_file_perms_set->apr_unix_perms2mode
apr_file_perms_set->chmod
skiplisti_init->llvm.memset.p0i8.i64
skiplisti_init->calloc
skiplisti_init->apr_array_make
skiplisti_init->apr_palloc
apr_pcalloc_debug->apr_pcalloc
apr_dso_sym->dlerror
apr_dso_sym->dlsym
looks_like_ip->strlen
looks_like_ip->__ctype_b_loc
looks_like_ip->strchr
apr_thread_rwlock_unlock->pthread_rwlock_unlock
file_read_buffered->llvm.memcpy.p0i8.p0i8.i64
file_read_buffered->__errno_location
file_read_buffered->read
file_read_buffered->apr_file_flush_locked
apr_array_append->apr_array_cat
apr_array_append->apr_array_copy_hdr
apr_pescape_ldap->apr_escape_ldap
apr_pescape_ldap->apr_palloc
apr_gid_name_get->apr_pstrdup
apr_gid_name_get->getgrgid_r
inet_pton4->strchr
inet_pton4->llvm.memcpy.p0i8.p0i8.i64
proc_mutex_fcntl_create->apr_pstrdup
proc_mutex_fcntl_create->apr_file_mktemp
proc_mutex_fcntl_create->unlink
proc_mutex_fcntl_create->apr_file_open
proc_mutex_fcntl_create->apr_pool_cleanup_register
apr_os_thread_current->pthread_self
apr_pool_clear_debug->apr_pool_clear
proc_pthread_mutex_inc->apr_atomic_inc32
parse_ip->htonl
parse_ip->apr_inet_pton
parse_ip->parse_network
apr_array_pstrcat->strlen
apr_array_pstrcat->llvm.memcpy.p0i8.p0i8.i64
apr_array_pstrcat->llvm.memset.p0i8.i64
apr_array_pstrcat->apr_palloc
apr_password_get->strlen
apr_password_get->getpass
apr_password_get->llvm.memset.p0i8.i64
apr_password_get->apr_cpystrn
rekey->llvm.memcpy.p0i8.p0i8.i64
inet_pton6->strchr
inet_pton6->llvm.memcpy.p0i8.p0i8.i64
inet_pton6->llvm.memset.p0i8.i64
inet_pton6->inet_pton4
proc_mutex_fcntl_acquire->__errno_location
proc_mutex_fcntl_acquire->fcntl
apr_file_attrs_set->apr_file_perms_set
apr_file_attrs_set->apr_stat
impl_pollcb_create->__errno_location
impl_pollcb_create->apr_palloc
impl_pollcb_create->epoll_create1
apr_pool_destroy_debug->apr_pool_destroy
proc_pthread_mutex_unref->pthread_mutex_unlock
proc_pthread_mutex_unref->proc_pthread_mutex_dec
proc_pthread_mutex_unref->pthread_mutex_destroy
apr_dso_error->apr_cpystrn
apr_procattr_user_set->apr_uid_get
apr_thread_rwlock_destroy->apr_pool_cleanup_run
apr_file_flush_locked->__errno_location
apr_file_flush_locked->write
apr_gid_get->getgrnam_r
apr_random_secure_bytes->apr_random_bytes
apr_mcast_join->do_mcast
proc_mutex_fcntl_tryacquire->__errno_location
proc_mutex_fcntl_tryacquire->fcntl
apr_stat->__errno_location
apr_stat->fill_out_finfo
apr_stat->lstat
apr_stat->stat
apr_skiplist_set_compare->apr_skiplist_add_index
apr_os_thread_equal->pthread_equal
impl_pollcb_add->llvm.memset.p0i8.i64
impl_pollcb_add->__errno_location
impl_pollcb_add->epoll_ctl
impl_pollcb_add->get_epoll_event
apr_pool_create_ex_debug->apr_pool_create_ex
apr_file_buffer_set->apr_file_flush_locked
apr_file_buffer_set->apr_thread_mutex_lock
apr_file_buffer_set->apr_thread_mutex_unlock
apr_vsnprintf->apr_vformatter
apr_procattr_group_set->apr_gid_get
parse_network->strlen
parse_network->__ctype_b_loc
parse_network->ntohl
parse_network->strcpy
parse_network->atoi
apr_random_bytes->llvm.memcpy.p0i8.p0i8.i64
apr_random_bytes->apr_random_block
do_mcast->llvm.memcpy.p0i8.p0i8.i64
do_mcast->__errno_location
do_mcast->sock_is_ipv4
do_mcast->sock_is_ipv6
do_mcast->find_if_index
do_mcast->setsockopt
do_mcast->fill_mip_v4
do_mcast->fill_mip_v6
proc_mutex_fcntl_release->__errno_location
proc_mutex_fcntl_release->fcntl
apr_skiplist_add_index->skiplisti_init
apr_skiplist_add_index->apr_skiplist_set_compare
apr_skiplist_add_index->apr_skiplist_find
apr_skiplist_add_index->apr_skiplist_insert
apr_skiplist_add_index->apr_skiplist_getlist
apr_skiplist_add_index->apr_skiplist_next
