getentropy_phdr->SHA512_Update
getentropy_fallback->__errno_location
getentropy_fallback->getpagesize
getentropy_fallback->getpid
getentropy_fallback->SHA512_Init
getentropy_fallback->gettimeofday
getentropy_fallback->__errno_location
getentropy_fallback->SHA512_Update
getentropy_fallback->SHA512_Update
getentropy_fallback->dl_iterate_phdr
getentropy_fallback->clock_gettime
getentropy_fallback->__errno_location
getentropy_fallback->SHA512_Update
getentropy_fallback->SHA512_Update
getentropy_fallback->getpid
getentropy_fallback->__errno_location
getentropy_fallback->SHA512_Update
getentropy_fallback->SHA512_Update
getentropy_fallback->getsid
getentropy_fallback->__errno_location
getentropy_fallback->SHA512_Update
getentropy_fallback->SHA512_Update
getentropy_fallback->getppid
getentropy_fallback->__errno_location
getentropy_fallback->SHA512_Update
getentropy_fallback->SHA512_Update
getentropy_fallback->getpgid
getentropy_fallback->__errno_location
getentropy_fallback->SHA512_Update
getentropy_fallback->SHA512_Update
getentropy_fallback->getpriority
getentropy_fallback->__errno_location
getentropy_fallback->SHA512_Update
getentropy_fallback->SHA512_Update
getentropy_fallback->nanosleep
getentropy_fallback->sigpending
getentropy_fallback->__errno_location
getentropy_fallback->SHA512_Update
getentropy_fallback->SHA512_Update
getentropy_fallback->sigprocmask
getentropy_fallback->__errno_location
getentropy_fallback->SHA512_Update
getentropy_fallback->SHA512_Update
getentropy_fallback->SHA512_Update
getentropy_fallback->SHA512_Update
getentropy_fallback->SHA512_Update
getentropy_fallback->__errno_location
getentropy_fallback->SHA512_Update
getentropy_fallback->llvm.memcpy.p0i8.p0i8.i64
getentropy_fallback->mmap
getentropy_fallback->__errno_location
getentropy_fallback->SHA512_Update
getentropy_fallback->SHA512_Update
getentropy_fallback->clock_gettime
getentropy_fallback->__errno_location
getentropy_fallback->SHA512_Update
getentropy_fallback->SHA512_Update
getentropy_fallback->getrusage
getentropy_fallback->__errno_location
getentropy_fallback->SHA512_Update
getentropy_fallback->SHA512_Update
getentropy_fallback->munmap
getentropy_fallback->stat
getentropy_fallback->__errno_location
getentropy_fallback->SHA512_Update
getentropy_fallback->SHA512_Update
getentropy_fallback->statvfs
getentropy_fallback->__errno_location
getentropy_fallback->SHA512_Update
getentropy_fallback->SHA512_Update
getentropy_fallback->statfs
getentropy_fallback->__errno_location
getentropy_fallback->SHA512_Update
getentropy_fallback->SHA512_Update
getentropy_fallback->stat
getentropy_fallback->__errno_location
getentropy_fallback->SHA512_Update
getentropy_fallback->SHA512_Update
getentropy_fallback->statvfs
getentropy_fallback->__errno_location
getentropy_fallback->SHA512_Update
getentropy_fallback->SHA512_Update
getentropy_fallback->statfs
getentropy_fallback->__errno_location
getentropy_fallback->SHA512_Update
getentropy_fallback->SHA512_Update
getentropy_fallback->fstat
getentropy_fallback->__errno_location
getentropy_fallback->SHA512_Update
getentropy_fallback->SHA512_Update
getentropy_fallback->fstatvfs
getentropy_fallback->__errno_location
getentropy_fallback->SHA512_Update
getentropy_fallback->SHA512_Update
getentropy_fallback->fstatfs
getentropy_fallback->__errno_location
getentropy_fallback->SHA512_Update
getentropy_fallback->SHA512_Update
getentropy_fallback->lseek
getentropy_fallback->__errno_location
getentropy_fallback->SHA512_Update
getentropy_fallback->SHA512_Update
getentropy_fallback->tcgetattr
getentropy_fallback->__errno_location
getentropy_fallback->SHA512_Update
getentropy_fallback->SHA512_Update
getentropy_fallback->llvm.memset.p0i8.i64
getentropy_fallback->getpeername
getentropy_fallback->__errno_location
getentropy_fallback->SHA512_Update
getentropy_fallback->SHA512_Update
getentropy_fallback->getrusage
getentropy_fallback->__errno_location
getentropy_fallback->SHA512_Update
getentropy_fallback->SHA512_Update
getentropy_fallback->SHA512_Update
getentropy_fallback->gettimeofday
getentropy_fallback->__errno_location
getentropy_fallback->SHA512_Update
getentropy_fallback->SHA512_Update
getentropy_fallback->SHA512_Update
getentropy_fallback->getauxval
getentropy_fallback->SHA512_Update
getentropy_fallback->getauxval
getentropy_fallback->SHA512_Update
getentropy_fallback->getauxval
getentropy_fallback->SHA512_Update
getentropy_fallback->SHA512_Final
getentropy_fallback->llvm.memcpy.p0i8.p0i8.i64
getentropy_fallback->explicit_bzero
getentropy_fallback->explicit_bzero
getentropy_fallback->gotdata
getentropy_fallback->__errno_location
getentropy_fallback->__errno_location
getentropy_sysctl->__errno_location
getentropy_sysctl->llvm.memset.p0i8.i64
getentropy_sysctl->syscall
getentropy_sysctl->gotdata
getentropy_sysctl->__errno_location
getentropy_sysctl->__errno_location
getentropy_urandom->__errno_location
getentropy_urandom->open
getentropy_urandom->__errno_location
getentropy_urandom->fstat
getentropy_urandom->close
getentropy_urandom->ioctl
getentropy_urandom->close
getentropy_urandom->read
getentropy_urandom->__errno_location
getentropy_urandom->__errno_location
getentropy_urandom->close
getentropy_urandom->close
getentropy_urandom->gotdata
getentropy_urandom->__errno_location
getentropy_urandom->__errno_location
getentropy_getrandom->__errno_location
getentropy_getrandom->syscall
getentropy_getrandom->__errno_location
getentropy_getrandom->__errno_location
getentropy->__errno_location
getentropy->getentropy_getrandom
getentropy->__errno_location
getentropy->getentropy_urandom
getentropy->getentropy_sysctl
getentropy->getentropy_fallback
getentropy->__errno_location
wcslcat->wcslen
strvisx->vis
strvisx->vis
strnvis->__ctype_b_loc
strnvis->__ctype_b_loc
strnvis->vis
strnvis->llvm.memcpy.p0i8.p0i8.i64
strnvis->vis
strvis->vis
vis->__ctype_b_loc
vis->snprintf
vis->__ctype_b_loc
vis->__ctype_b_loc
vis->__ctype_b_loc
strunvisx->unvis
strunvisx->unvis
strnunvis->unvis
strnunvis->unvis
strunvis->unvis
strunvis->unvis
unvis->tolower
unvis->tolower
unvis->tolower
unvis->tolower
unvis->__ctype_b_loc
unvis->tolower
unvis->tolower
unvis->tolower
unvis->tolower
unvis->tolower
unvis->__ctype_b_loc
unvis->tolower
_int_to_time->_time32_to_time
_time_to_long->_time_to_time64
strtonum->llvm.memset.p0i8.i64
strtonum->__errno_location
strtonum->__errno_location
strtonum->strtoll
strtonum->__errno_location
strtonum->__errno_location
strtonum->__errno_location
strtonum->__errno_location
strnstr->strlen
strnstr->strncmp
sl_find->strcmp
sl_free->free
sl_free->free
sl_free->free
sl_add->reallocarray
sl_init->malloc
sl_init->reallocarray
sl_init->free
strlcat->strlen
setproctitle_impl->warnx
setproctitle_impl->getprogname
setproctitle_impl->snprintf
setproctitle_impl->strlen
setproctitle_impl->llvm.va_start
setproctitle_impl->vsnprintf
setproctitle_impl->llvm.va_end
setproctitle_impl->snprintf
setproctitle_impl->__errno_location
setproctitle_impl->llvm.memset.p0i8.i64
setproctitle_impl->spt_min
setproctitle_impl->llvm.memset.p0i8.i64
setproctitle_impl->spt_min
setproctitle_impl->spt_min
setproctitle_impl->llvm.memcpy.p0i8.p0i8.i64
spt_clearenv->clearenv
spt_copyargs->strdup
spt_copyargs->__errno_location
spt_copyenv->malloc
spt_copyenv->__errno_location
spt_copyenv->llvm.memcpy.p0i8.p0i8.i64
spt_copyenv->spt_clearenv
spt_copyenv->free
spt_copyenv->strchr
spt_copyenv->setenv
spt_copyenv->__errno_location
spt_copyenv->free
setproctitle_init->strlen
setproctitle_init->strlen
setproctitle_init->strlen
setproctitle_init->strdup
setproctitle_init->__errno_location
setproctitle_init->getprogname
setproctitle_init->strdup
setproctitle_init->__errno_location
setproctitle_init->setprogname
setproctitle_init->spt_copyenv
setproctitle_init->spt_copyargs
compress_mode->llvm.memcpy.p0i8.p0i8.i64
setmode->__errno_location
setmode->sigfillset
setmode->sigprocmask
setmode->umask
setmode->umask
setmode->sigprocmask
setmode->reallocarray
setmode->__ctype_b_loc
setmode->__errno_location
setmode->strtol
setmode->__errno_location
setmode->__errno_location
setmode->__errno_location
setmode->reallocarray
setmode->addcmd
setmode->__errno_location
setmode->reallocarray
setmode->addcmd
setmode->reallocarray
setmode->addcmd
setmode->reallocarray
setmode->addcmd
setmode->reallocarray
setmode->addcmd
setmode->reallocarray
setmode->addcmd
setmode->compress_mode
setmode->__errno_location
setmode->free
setmode->__errno_location
fparseln->flockfile
fparseln->getline
fparseln->isescaped
fparseln->isescaped
fparseln->realloc
fparseln->funlockfile
fparseln->free
fparseln->free
fparseln->llvm.memcpy.p0i8.p0i8.i64
fparseln->funlockfile
fparseln->free
fparseln->strchr
fparseln->strlen
get_next_format_from_precision->strchr
get_next_format_from_precision->strchr
get_next_format_from_precision->strchr
get_next_format_from_width->__ctype_b_loc
get_next_format_from_width->get_next_format_from_precision
get_next_format->get_next_format_from_width
get_next_format->get_next_format_from_precision
get_next_format->strchr
get_next_format->strchr
get_next_format->__ctype_b_loc
get_next_format->get_next_format_from_width
fmtcheck->get_next_format
fmtcheck->get_next_format
flopen->llvm.va_start
flopen->llvm.va_end
flopen->open
flopen->flock
flopen->__errno_location
flopen->close
flopen->__errno_location
flopen->stat
flopen->close
flopen->fstat
flopen->__errno_location
flopen->close
flopen->__errno_location
flopen->close
flopen->ftruncate
flopen->__errno_location
flopen->close
flopen->__errno_location
fgetwln->fgetwc
fgetwln->reallocarray
fgetln->flockfile
fgetln->getline
fgetln->funlockfile
explicit_bzero->llvm.memset.p0i8.i64
explicit_bzero->__explicit_bzero_hook
expand_number->strtoumax
expand_number->__errno_location
expand_number->tolower
expand_number->__errno_location
expand_number->__errno_location
verrc->__errno_location
verrc->verr
errc->llvm.va_start
errc->verrc
errc->llvm.va_end
vwarnc->__errno_location
vwarnc->__errno_location
vwarnc->vwarn
vwarnc->__errno_location
warnc->llvm.va_start
warnc->vwarnc
warnc->llvm.va_end
dehumanize_number->__ctype_b_loc
dehumanize_number->expand_number
dehumanize_number->__errno_location
_rs_allocate->mmap
_rs_allocate->mmap
_rs_allocate->munmap
_rs_allocate->__register_atfork
_rs_rekey->chacha_encrypt_bytes
_rs_rekey->_rs_init
_rs_rekey->llvm.memset.p0i8.i64
arc4random_stir->pthread_mutex_lock
arc4random_stir->_rs_stir
arc4random_stir->pthread_mutex_unlock
_rs_stir->getentropy
_rs_stir->_getentropy_fail
_rs_stir->_rs_init
_rs_stir->_rs_rekey
_rs_stir->explicit_bzero
_rs_stir->llvm.memset.p0i8.i64
_getentropy_fail->raise
_rs_init->_rs_allocate
_rs_init->abort
_rs_init->chacha_keysetup
_rs_init->chacha_ivsetup
arc4random_addrandom->pthread_mutex_lock
arc4random_addrandom->_rs_stir_if_needed
arc4random_addrandom->_rs_rekey
arc4random_addrandom->pthread_mutex_unlock
_rs_stir_if_needed->_rs_forkdetect
_rs_stir_if_needed->_rs_stir
_rs_forkdetect->getpid
_rs_forkdetect->llvm.memset.p0i8.i64
arc4random->pthread_mutex_lock
arc4random->_rs_random_u32
arc4random->pthread_mutex_unlock
_rs_random_u32->_rs_stir_if_needed
_rs_random_u32->_rs_rekey
_rs_random_u32->llvm.memcpy.p0i8.p0i8.i64
_rs_random_u32->llvm.memset.p0i8.i64
arc4random_buf->pthread_mutex_lock
arc4random_buf->_rs_random_buf
arc4random_buf->pthread_mutex_unlock
_rs_random_buf->_rs_stir_if_needed
_rs_random_buf->llvm.memcpy.p0i8.p0i8.i64
_rs_random_buf->llvm.memset.p0i8.i64
_rs_random_buf->_rs_rekey
arc4random_uniform->arc4random
bsd_getopt->getopt
closefrom_fallback->sysconf
closefrom_fallback->closefrom_close
closefrom_close->close
closefrom->closefrom_procfs
closefrom->closefrom_fallback
closefrom_procfs->opendir
closefrom_procfs->readdir
closefrom_procfs->strtonum
closefrom_procfs->dirfd
closefrom_procfs->reallocarray
closefrom_procfs->closefrom_close
closefrom_procfs->free
closefrom_procfs->closedir
fpurge->fileno
fpurge->__errno_location
fpurge->__fpurge
funopen->llvm.memcpy.p0i8.p0i8.i64
funopen->__errno_location
funopen->malloc
funopen->fopencookie
funopen_read->__errno_location
funopen_seek->__errno_location
funopen_close->free
getbsize->getenv
getbsize->strtol
getbsize->warnx
getbsize->warnx
getbsize->warnx
getbsize->snprintf
getbsize->strlen
getpeereid->getsockopt
MD5Update->llvm.memcpy.p0i8.p0i8.i64
MD5Update->MD5Transform
MD5Update->MD5Transform
MD5Update->llvm.memcpy.p0i8.p0i8.i64
MD5Transform->llvm.memcpy.p0i8.p0i8.i64
MD5Pad->MD5Update
MD5Pad->MD5Update
MD5Final->MD5Pad
MD5Final->llvm.memset.p0i8.i64
MD5End->malloc
MD5End->MD5Final
MD5End->llvm.memset.p0i8.i64
MD5FileChunk->MD5Init
MD5FileChunk->open
MD5FileChunk->fstat
MD5FileChunk->close
MD5FileChunk->lseek
MD5FileChunk->read
MD5FileChunk->MD5Update
MD5FileChunk->__errno_location
MD5FileChunk->close
MD5FileChunk->__errno_location
MD5FileChunk->MD5End
MD5File->MD5FileChunk
MD5Data->MD5Init
MD5Data->MD5Update
MD5Data->MD5End
SHA512_Update->llvm.memcpy.p0i8.p0i8.i64
SHA512_Update->llvm.memcpy.p0i8.p0i8.i64
SHA512_Update->SHA512_Transform
SHA512_Update->SHA512_Transform
SHA512_Update->llvm.memcpy.p0i8.p0i8.i64
SHA512_Transform->be64dec_vect
SHA512_Transform->llvm.memcpy.p0i8.p0i8.i64
be64dec_vect->be64dec
be64dec->be32dec
be64dec->be32dec
SHA512_Final->SHA512_Pad
SHA512_Final->be64enc_vect
SHA512_Final->llvm.memset.p0i8.i64
SHA512_Pad->be64enc_vect
SHA512_Pad->SHA512_Update
SHA512_Pad->SHA512_Update
be64enc_vect->be64enc
be64enc->be32enc
be64enc->be32enc
heapsort->__errno_location
heapsort->malloc
heapsort->free
humanize_number->__assert_fail
humanize_number->__assert_fail
humanize_number->__assert_fail
humanize_number->strlen
humanize_number->localeconv
humanize_number->snprintf
humanize_number->snprintf
inet_net_pton->inet_net_pton_ipv4
inet_net_pton->__errno_location
inet_net_pton_ipv4->__ctype_b_loc
inet_net_pton_ipv4->__ctype_b_loc
inet_net_pton_ipv4->__ctype_b_loc
inet_net_pton_ipv4->tolower
inet_net_pton_ipv4->strchr
inet_net_pton_ipv4->__assert_fail
inet_net_pton_ipv4->__ctype_b_loc
inet_net_pton_ipv4->strchr
inet_net_pton_ipv4->__assert_fail
inet_net_pton_ipv4->__ctype_b_loc
inet_net_pton_ipv4->__ctype_b_loc
inet_net_pton_ipv4->__ctype_b_loc
inet_net_pton_ipv4->strchr
inet_net_pton_ipv4->__assert_fail
inet_net_pton_ipv4->__ctype_b_loc
inet_net_pton_ipv4->__errno_location
inet_net_pton_ipv4->__errno_location
mergesort->__errno_location
mergesort->malloc
mergesort->setup
mergesort->llvm.memmove.p0i8.p0i8.i64
mergesort->free
setup->insertionsort
setup->insertionsort
nlist->open
nlist->__fdnlist
nlist->close
__fdnlist->__elf_fdnlist
__elf_fdnlist->lseek
__elf_fdnlist->read
__elf_fdnlist->__elf_is_okay__
__elf_fdnlist->fstat
__elf_fdnlist->__errno_location
__elf_fdnlist->mmap
__elf_fdnlist->__errno_location
__elf_fdnlist->mmap
__elf_fdnlist->lseek
__elf_fdnlist->read
__elf_fdnlist->strncmp
__elf_fdnlist->strncmp
__elf_fdnlist->elf_sym_to_nlist
__elf_fdnlist->__errno_location
__elf_fdnlist->munmap
__elf_fdnlist->munmap
__elf_fdnlist->__errno_location
pidfile_open->malloc
pidfile_open->getprogname
pidfile_open->asprintf
pidfile_open->free
pidfile_open->strdup
pidfile_open->flopen
pidfile_open->__errno_location
pidfile_open->pidfile_read
pidfile_open->__errno_location
pidfile_open->__errno_location
pidfile_open->__errno_location
pidfile_open->__errno_location
pidfile_open->nanosleep
pidfile_open->free
pidfile_open->free
pidfile_open->fstat
pidfile_open->__errno_location
pidfile_open->unlink
pidfile_open->free
pidfile_open->close
pidfile_open->free
pidfile_open->__errno_location
pidfile_read->open
pidfile_read->__errno_location
pidfile_read->read
pidfile_read->__errno_location
pidfile_read->close
pidfile_read->strtol
pidfile_write->pidfile_verify
pidfile_write->__errno_location
pidfile_write->__errno_location
pidfile_write->ftruncate
pidfile_write->__errno_location
pidfile_write->_pidfile_remove
pidfile_write->__errno_location
pidfile_write->getpid
pidfile_write->snprintf
pidfile_write->strlen
pidfile_write->pwrite
pidfile_write->strlen
pidfile_write->__errno_location
pidfile_write->_pidfile_remove
pidfile_write->__errno_location
pidfile_verify->fstat
pidfile_verify->__errno_location
_pidfile_remove->pidfile_verify
_pidfile_remove->__errno_location
_pidfile_remove->unlink
_pidfile_remove->__errno_location
_pidfile_remove->close
_pidfile_remove->__errno_location
_pidfile_remove->free
_pidfile_remove->free
_pidfile_remove->__errno_location
pidfile_close->pidfile_verify
pidfile_close->__errno_location
pidfile_close->close
pidfile_close->__errno_location
pidfile_close->free
pidfile_close->free
pidfile_close->__errno_location
pidfile_remove->_pidfile_remove
setprogname->strrchr
radixsort->__errno_location
radixsort->r_sort_a
r_sort_a->simplesort
r_sort_a->r_sort_a
r_sort_a->llvm.memcpy.p0i8.p0i8.i64
r_sort_a->llvm.memcpy.p0i8.p0i8.i64
r_sort_a->llvm.memcpy.p0i8.p0i8.i64
sradixsort->__errno_location
sradixsort->__errno_location
sradixsort->simplesort
sradixsort->reallocarray
sradixsort->r_sort_b
sradixsort->free
r_sort_b->simplesort
r_sort_b->r_sort_b
r_sort_b->llvm.memcpy.p0i8.p0i8.i64
r_sort_b->llvm.memcpy.p0i8.p0i8.i64
r_sort_b->llvm.memcpy.p0i8.p0i8.i64
readpassphrase->__errno_location
readpassphrase->open
readpassphrase->__errno_location
readpassphrase->sigemptyset
readpassphrase->sigaction
readpassphrase->sigaction
readpassphrase->sigaction
readpassphrase->sigaction
readpassphrase->sigaction
readpassphrase->sigaction
readpassphrase->sigaction
readpassphrase->sigaction
readpassphrase->sigaction
readpassphrase->tcgetattr
readpassphrase->llvm.memcpy.p0i8.p0i8.i64
readpassphrase->tcsetattr
readpassphrase->llvm.memset.p0i8.i64
readpassphrase->llvm.memset.p0i8.i64
readpassphrase->strlen
readpassphrase->write
readpassphrase->read
readpassphrase->__ctype_b_loc
readpassphrase->tolower
readpassphrase->toupper
readpassphrase->__errno_location
readpassphrase->write
readpassphrase->memcmp
readpassphrase->tcsetattr
readpassphrase->__errno_location
readpassphrase->sigaction
readpassphrase->sigaction
readpassphrase->sigaction
readpassphrase->sigaction
readpassphrase->sigaction
readpassphrase->sigaction
readpassphrase->sigaction
readpassphrase->sigaction
readpassphrase->sigaction
readpassphrase->close
readpassphrase->getpid
readpassphrase->kill
readpassphrase->__errno_location
reallocarray->__errno_location
reallocarray->realloc
reallocf->realloc
reallocf->free
