init_lib->pthread_atfork
init_lib->open
init_lib->read
init_lib->__errno_location
init_lib->strtoul
init_lib->close
capng_have_capabilities->capng_get_caps_process
capng_apply_caps_fd->__errno_location
capng_apply_caps_fd->capng_have_capabilities
capng_apply_caps_fd->fstat
capng_apply_caps_fd->fremovexattr
capng_apply_caps_fd->save_data
capng_apply_caps_fd->fsetxattr
capng_setpid->init
capng_restore_state->llvm.memcpy.p0i8.p0i8.i64
capng_restore_state->free
get_bounding_set->llvm.memset.p0i8.i64
get_bounding_set->syscall
get_bounding_set->snprintf
get_bounding_set->fopen
get_bounding_set->__fsetlocking
get_bounding_set->fgets
get_bounding_set->strncmp
get_bounding_set->sscanf
get_bounding_set->fclose
get_bounding_set->prctl
get_bounding_set->update_bounding_set
capng_lock->prctl
capng_clear->init
capng_clear->llvm.memset.p0i8.i64
capng_have_capability->capng_get_caps_process
capng_have_capability->v1_check
capng_have_capability->check_effective
capng_have_capability->check_permitted
capng_have_capability->check_inheritable
capng_have_capability->bounds_bit_check
capng_have_capability->ambient_bit_check
capng_change_id->capng_clear
capng_change_id->prctl
capng_change_id->capng_update
capng_change_id->capng_apply
capng_change_id->capng_have_capability
capng_change_id->setresgid
capng_change_id->getpwuid
capng_change_id->initgroups
capng_change_id->setgroups
capng_change_id->setresuid
get_ambient_set->llvm.memset.p0i8.i64
get_ambient_set->syscall
get_ambient_set->snprintf
get_ambient_set->fopen
get_ambient_set->__fsetlocking
get_ambient_set->fgets
get_ambient_set->strncmp
get_ambient_set->sscanf
get_ambient_set->fclose
get_ambient_set->prctl
get_ambient_set->update_ambient_set
capng_have_permitted_capabilities->capng_get_caps_process
capng_update->__errno_location
capng_update->update_ambient_set
capng_update->update_bounding_set
capng_update->v1_update
capng_update->update_effective
capng_update->update_permitted
capng_update->update_inheritable
capng_capability_to_name->free
capng_capability_to_name->capng_lookup_number
capng_capability_to_name->asprintf
init->llvm.memset.p0i8.i64
init->capget
init->syscall
capng_set_rootid->init
capng_get_caps_fd->init
capng_get_caps_fd->fgetxattr
capng_get_caps_fd->load_data
capng_name_to_capability->capng_lookup_name
capng_fill->init
capng_print_caps_numeric->snprintf
capng_print_caps_numeric->printf
capng_print_caps_numeric->malloc
capng_print_caps_numeric->strlen
capng_save_state->llvm.memcpy.p0i8.p0i8.i64
capng_save_state->malloc
capng_apply->capng_get_caps_process
capng_apply->get_bounding_set
capng_apply->prctl
capng_apply->llvm.memcpy.p0i8.p0i8.i64
capng_apply->capng_have_capability
capng_apply->capset
capng_apply->capng_have_capabilities
capng_get_caps_process->init
capng_get_caps_process->capget
capng_get_caps_process->get_bounding_set
capng_get_caps_process->get_ambient_set
capng_print_caps_text->capng_have_capability
capng_print_caps_text->printf
capng_print_caps_text->malloc
capng_print_caps_text->sprintf
capng_print_caps_text->strdup
capng_print_caps_text->capng_capability_to_name
capng_lookup_name->strcasecmp
capng_updatev->__errno_location
capng_updatev->capng_update
capng_updatev->llvm.va_start
capng_updatev->llvm.va_end
