elf_scnshndx->gelf_getshdr
elf_getaroff->__assert_fail
gelf_offscn->__libelf_seterrno
gelf_offscn->elf64_offscn
gelf_offscn->elf32_offscn
elf64_offscn->__libelf_seterrno
elf64_offscn->elf64_getshdr
elf64_offscn->__libelf_seterrno
elf32_offscn->__libelf_seterrno
elf32_offscn->elf32_getshdr
elf32_offscn->__libelf_seterrno
gelf_update_lib->__libelf_seterrno
gelf_update_lib->__libelf_seterrno
gelf_update_lib->__libelf_seterrno
gelf_update_lib->llvm.memcpy.p0i8.p0i8.i64
gelf_getlib->__libelf_seterrno
gelf_getlib->__libelf_seterrno
gelf_getlib->llvm.memcpy.p0i8.p0i8.i64
allocate_elf.107->calloc
allocate_elf.107->__libelf_seterrno
elf_clone->allocate_elf.107
__libelf_next_prime->is_prime
elf64_checksum->__libelf_seterrno
elf64_checksum->__libelf_seterrno
elf64_checksum->strncmp
elf64_checksum->__libelf_crc32
elf64_checksum->__libelf_crc32
elf64_checksum->__libelf_crc32
elf64_checksum->elf_getshstrndx
elf64_checksum->elf_nextscn
elf64_checksum->gelf_getshdr
elf64_checksum->elf64_xlatetof
elf64_checksum->elf_rawdata
elf64_checksum->elf_getdata
elf64_checksum->elf_strptr
elf64_checksum->elf64_xlatetom
elf32_checksum->__libelf_seterrno
elf32_checksum->__libelf_seterrno
elf32_checksum->strncmp
elf32_checksum->__libelf_crc32
elf32_checksum->__libelf_crc32
elf32_checksum->__libelf_crc32
elf32_checksum->elf_getshstrndx
elf32_checksum->elf_nextscn
elf32_checksum->gelf_getshdr
elf32_checksum->elf32_xlatetof
elf32_checksum->elf_rawdata
elf32_checksum->elf_getdata
elf32_checksum->elf_strptr
elf32_checksum->elf32_xlatetom
gelf_checksum->elf32_checksum
gelf_checksum->elf64_checksum
elf_getshstrndx->__libelf_seterrno
elf_getshstrndx->__libelf_seterrno
elf_getshstrndx->pread
elf_getshstrndx->__errno_location
elf_getshstrndx->__libelf_seterrno
elf_getshstrndx->llvm.is.constant.i32
elf_getshstrndx->pread
elf_getshstrndx->__errno_location
elf_getshstrndx->__libelf_seterrno
elf_getshstrndx->llvm.is.constant.i32
elf_getshnum->__libelf_seterrno
gelf_update_verdaux->__libelf_seterrno
gelf_update_verdaux->__libelf_seterrno
gelf_update_verdaux->llvm.memcpy.p0i8.p0i8.i64
gelf_update_verdef->__libelf_seterrno
gelf_update_verdef->__libelf_seterrno
gelf_update_verdef->llvm.memcpy.p0i8.p0i8.i64
gelf_update_vernaux->__libelf_seterrno
gelf_update_vernaux->__libelf_seterrno
gelf_update_vernaux->llvm.memcpy.p0i8.p0i8.i64
gelf_update_verneed->__libelf_seterrno
gelf_update_verneed->__libelf_seterrno
gelf_update_verneed->llvm.memcpy.p0i8.p0i8.i64
gelf_update_versym->__libelf_seterrno
gelf_update_versym->__libelf_seterrno
gelf_update_symshndx->__libelf_seterrno
gelf_update_symshndx->__libelf_seterrno
gelf_update_symshndx->__libelf_seterrno
gelf_update_symshndx->__libelf_seterrno
gelf_update_symshndx->__libelf_seterrno
gelf_update_symshndx->__libelf_seterrno
gelf_update_symshndx->__libelf_seterrno
gelf_update_symshndx->llvm.memcpy.p0i8.p0i8.i64
gelf_getsymshndx->__libelf_seterrno
gelf_getsymshndx->__libelf_seterrno
gelf_getsymshndx->__libelf_seterrno
gelf_getsymshndx->__libelf_seterrno
gelf_getsymshndx->llvm.memcpy.p0i8.p0i8.i64
nlist_fshash_lookup->strcmp
nlist_fshash_lookup->strcmp
nlist_fshash_fini->free
nlist_fshash_find->nlist_fshash_lookup
nlist_fshash_find->elf_hash
nlist_fshash_overwrite->nlist_fshash_lookup
nlist_fshash_overwrite->llvm.memcpy.p0i8.p0i8.i64
nlist_fshash_overwrite->elf_hash
nlist_fshash_init->__errno_location
nlist_fshash_init->__libelf_next_prime
nlist_fshash_init->calloc
nlist->open
nlist->__libelf_seterrno
nlist->nlist_fshash_init
nlist->__libelf_seterrno
nlist->nlist_fshash_overwrite
nlist->nlist_fshash_find
nlist->nlist_fshash_fini
nlist->close
nlist->nlist_fshash_fini
nlist->close
nlist->elf_version
nlist->elf_begin
nlist->elf_nextscn
nlist->gelf_getsym
nlist->gelf_getshdr
nlist->elf_end
nlist->gelf_getshdr
nlist->elf_getdata
nlist->gelf_fsize
nlist->elf_end
nlist->elf_strptr
gelf_xlatetom->elf32_xlatetom
gelf_xlatetom->elf64_xlatetom
gelf_xlatetof->elf32_xlatetof
gelf_xlatetof->elf64_xlatetof
gelf_getnote->__libelf_seterrno
gelf_getnote->__libelf_seterrno
gelf_getnote->llvm.memcpy.p0i8.p0i8.i64
gelf_update_auxv->__libelf_seterrno
gelf_update_auxv->__libelf_seterrno
gelf_update_auxv->__libelf_seterrno
gelf_update_auxv->__libelf_seterrno
gelf_update_auxv->__libelf_seterrno
gelf_update_auxv->llvm.memcpy.p0i8.p0i8.i64
gelf_getauxv->__libelf_seterrno
gelf_getauxv->__libelf_seterrno
gelf_getauxv->__libelf_seterrno
gelf_getauxv->llvm.memcpy.p0i8.p0i8.i64
gelf_update_syminfo->__libelf_seterrno
gelf_update_syminfo->__libelf_seterrno
gelf_update_syminfo->__libelf_seterrno
gelf_update_syminfo->llvm.memcpy.p0i8.p0i8.i64
gelf_getsyminfo->__libelf_seterrno
gelf_getsyminfo->__libelf_seterrno
gelf_getsyminfo->llvm.memcpy.p0i8.p0i8.i64
gelf_update_move->__assert_fail
gelf_getmove->__libelf_seterrno
gelf_getmove->__assert_fail
gelf_update_dyn->__libelf_seterrno
gelf_update_dyn->__libelf_seterrno
gelf_update_dyn->__libelf_seterrno
gelf_update_dyn->__libelf_seterrno
gelf_update_dyn->__libelf_seterrno
gelf_update_dyn->llvm.memcpy.p0i8.p0i8.i64
gelf_getdyn->__libelf_seterrno
gelf_getdyn->__libelf_seterrno
gelf_getdyn->__libelf_seterrno
gelf_getdyn->llvm.memcpy.p0i8.p0i8.i64
gelf_update_rela->__libelf_seterrno
gelf_update_rela->__libelf_seterrno
gelf_update_rela->__libelf_seterrno
gelf_update_rela->__libelf_seterrno
gelf_update_rela->__libelf_seterrno
gelf_update_rela->llvm.memcpy.p0i8.p0i8.i64
gelf_update_rel->__libelf_seterrno
gelf_update_rel->__libelf_seterrno
gelf_update_rel->__libelf_seterrno
gelf_update_rel->__libelf_seterrno
gelf_update_rel->__libelf_seterrno
gelf_update_rel->llvm.memcpy.p0i8.p0i8.i64
gelf_getrela->__libelf_seterrno
gelf_getrela->__libelf_seterrno
gelf_getrela->__libelf_seterrno
gelf_getrela->__libelf_seterrno
gelf_getrela->llvm.memcpy.p0i8.p0i8.i64
gelf_getrel->__libelf_seterrno
gelf_getrel->__libelf_seterrno
gelf_getrel->__libelf_seterrno
gelf_getrel->__libelf_seterrno
gelf_getrel->llvm.memcpy.p0i8.p0i8.i64
gelf_getverdaux->__libelf_seterrno
gelf_getverdaux->__libelf_seterrno
gelf_getverdaux->llvm.memcpy.p0i8.p0i8.i64
gelf_getverdef->__libelf_seterrno
gelf_getverdef->__libelf_seterrno
gelf_getverdef->llvm.memcpy.p0i8.p0i8.i64
gelf_getvernaux->__libelf_seterrno
gelf_getvernaux->__libelf_seterrno
gelf_getvernaux->llvm.memcpy.p0i8.p0i8.i64
gelf_getverneed->__libelf_seterrno
gelf_getverneed->__libelf_seterrno
gelf_getverneed->llvm.memcpy.p0i8.p0i8.i64
gelf_getversym->__libelf_seterrno
gelf_getversym->__libelf_seterrno
gelf_update_sym->__libelf_seterrno
gelf_update_sym->__libelf_seterrno
gelf_update_sym->__libelf_seterrno
gelf_update_sym->__libelf_seterrno
gelf_update_sym->__libelf_seterrno
gelf_update_sym->llvm.memcpy.p0i8.p0i8.i64
gelf_getsym->__libelf_seterrno
gelf_getsym->__libelf_seterrno
gelf_getsym->__libelf_seterrno
gelf_getsym->llvm.memcpy.p0i8.p0i8.i64
fill.89->llvm.memset.p0i8.i64
fill.89->pwrite
fill.89->__errno_location
fill.89->__libelf_seterrno
__elf64_updatefile->__assert_fail
__elf64_updatefile->pwrite
__elf64_updatefile->__errno_location
__elf64_updatefile->__libelf_seterrno
__elf64_updatefile->__assert_fail
__elf64_updatefile->fill.89
__elf64_updatefile->malloc
__elf64_updatefile->__libelf_seterrno
__elf64_updatefile->pwrite
__elf64_updatefile->__errno_location
__elf64_updatefile->__libelf_seterrno
__elf64_updatefile->free
__elf64_updatefile->sort_sections.83
__elf64_updatefile->__assert_fail
__elf64_updatefile->fill.89
__elf64_updatefile->malloc
__elf64_updatefile->__libelf_seterrno
__elf64_updatefile->pwrite
__elf64_updatefile->__errno_location
__elf64_updatefile->free
__elf64_updatefile->__libelf_seterrno
__elf64_updatefile->free
__elf64_updatefile->llvm.memcpy.p0i8.p0i8.i64
__elf64_updatefile->fill.89
__elf64_updatefile->pwrite
__elf64_updatefile->__errno_location
__elf64_updatefile->__libelf_seterrno
__elf64_updatefile->elf_cvt_Byte
__elf64_updatefile->Elf32_cvt_Addr
__elf64_updatefile->Elf32_cvt_Dyn
__elf64_updatefile->Elf32_cvt_Ehdr
__elf64_updatefile->Elf32_cvt_Half
__elf64_updatefile->Elf32_cvt_Off
__elf64_updatefile->Elf32_cvt_Phdr
__elf64_updatefile->Elf32_cvt_Rela
__elf64_updatefile->Elf32_cvt_Rel
__elf64_updatefile->Elf32_cvt_Shdr
__elf64_updatefile->Elf32_cvt_Sword
__elf64_updatefile->Elf32_cvt_Sym
__elf64_updatefile->Elf32_cvt_Word
__elf64_updatefile->Elf32_cvt_Xword
__elf64_updatefile->Elf32_cvt_Sxword
__elf64_updatefile->elf_cvt_Verdef
__elf64_updatefile->elf_cvt_Verneed
__elf64_updatefile->elf_cvt_note
__elf64_updatefile->Elf32_cvt_Syminfo
__elf64_updatefile->Elf32_cvt_Move
__elf64_updatefile->Elf32_cvt_Lib
__elf64_updatefile->Elf32_cvt_auxv_t
__elf64_updatefile->Elf64_cvt_Addr
__elf64_updatefile->Elf64_cvt_Dyn
__elf64_updatefile->Elf64_cvt_Ehdr
__elf64_updatefile->Elf64_cvt_Half
__elf64_updatefile->Elf64_cvt_Off
__elf64_updatefile->Elf64_cvt_Phdr
__elf64_updatefile->Elf64_cvt_Rela
__elf64_updatefile->Elf64_cvt_Rel
__elf64_updatefile->Elf64_cvt_Shdr
__elf64_updatefile->Elf64_cvt_Sword
__elf64_updatefile->Elf64_cvt_Sym
__elf64_updatefile->Elf64_cvt_Word
__elf64_updatefile->Elf64_cvt_Xword
__elf64_updatefile->Elf64_cvt_Sxword
__elf64_updatefile->Elf64_cvt_Syminfo
__elf64_updatefile->Elf64_cvt_Move
__elf64_updatefile->Elf64_cvt_Lib
__elf64_updatefile->elf_cvt_gnuhash
__elf64_updatefile->Elf64_cvt_auxv_t
__elf64_updatefile->elf_cvt_Byte
__elf64_updatefile->Elf32_cvt_Addr
__elf64_updatefile->Elf32_cvt_Dyn
__elf64_updatefile->Elf32_cvt_Ehdr
__elf64_updatefile->Elf32_cvt_Half
__elf64_updatefile->Elf32_cvt_Off
__elf64_updatefile->Elf32_cvt_Phdr
__elf64_updatefile->Elf32_cvt_Rela
__elf64_updatefile->Elf32_cvt_Rel
__elf64_updatefile->Elf32_cvt_Shdr
__elf64_updatefile->Elf32_cvt_Sword
__elf64_updatefile->Elf32_cvt_Sym
__elf64_updatefile->Elf32_cvt_Word
__elf64_updatefile->Elf32_cvt_Xword
__elf64_updatefile->Elf32_cvt_Sxword
__elf64_updatefile->elf_cvt_Verdef
__elf64_updatefile->elf_cvt_Verneed
__elf64_updatefile->elf_cvt_note
__elf64_updatefile->Elf32_cvt_Syminfo
__elf64_updatefile->Elf32_cvt_Move
__elf64_updatefile->Elf32_cvt_Lib
__elf64_updatefile->Elf32_cvt_auxv_t
__elf64_updatefile->Elf64_cvt_Addr
__elf64_updatefile->Elf64_cvt_Dyn
__elf64_updatefile->Elf64_cvt_Ehdr
__elf64_updatefile->Elf64_cvt_Half
__elf64_updatefile->Elf64_cvt_Off
__elf64_updatefile->Elf64_cvt_Phdr
__elf64_updatefile->Elf64_cvt_Rela
__elf64_updatefile->Elf64_cvt_Rel
__elf64_updatefile->Elf64_cvt_Shdr
__elf64_updatefile->Elf64_cvt_Sword
__elf64_updatefile->Elf64_cvt_Sym
__elf64_updatefile->Elf64_cvt_Word
__elf64_updatefile->Elf64_cvt_Xword
__elf64_updatefile->Elf64_cvt_Sxword
__elf64_updatefile->Elf64_cvt_Syminfo
__elf64_updatefile->Elf64_cvt_Move
__elf64_updatefile->Elf64_cvt_Lib
__elf64_updatefile->elf_cvt_gnuhash
__elf64_updatefile->Elf64_cvt_auxv_t
__elf64_updatefile->elf_cvt_Byte
__elf64_updatefile->Elf32_cvt_Addr
__elf64_updatefile->Elf32_cvt_Dyn
__elf64_updatefile->Elf32_cvt_Ehdr
__elf64_updatefile->Elf32_cvt_Half
__elf64_updatefile->Elf32_cvt_Off
__elf64_updatefile->Elf32_cvt_Phdr
__elf64_updatefile->Elf32_cvt_Rela
__elf64_updatefile->Elf32_cvt_Rel
__elf64_updatefile->Elf32_cvt_Shdr
__elf64_updatefile->Elf32_cvt_Sword
__elf64_updatefile->Elf32_cvt_Sym
__elf64_updatefile->Elf32_cvt_Word
__elf64_updatefile->Elf32_cvt_Xword
__elf64_updatefile->Elf32_cvt_Sxword
__elf64_updatefile->elf_cvt_Verdef
__elf64_updatefile->elf_cvt_Verneed
__elf64_updatefile->elf_cvt_note
__elf64_updatefile->Elf32_cvt_Syminfo
__elf64_updatefile->Elf32_cvt_Move
__elf64_updatefile->Elf32_cvt_Lib
__elf64_updatefile->Elf32_cvt_auxv_t
__elf64_updatefile->Elf64_cvt_Addr
__elf64_updatefile->Elf64_cvt_Dyn
__elf64_updatefile->Elf64_cvt_Ehdr
__elf64_updatefile->Elf64_cvt_Half
__elf64_updatefile->Elf64_cvt_Off
__elf64_updatefile->Elf64_cvt_Phdr
__elf64_updatefile->Elf64_cvt_Rela
__elf64_updatefile->Elf64_cvt_Rel
__elf64_updatefile->Elf64_cvt_Shdr
__elf64_updatefile->Elf64_cvt_Sword
__elf64_updatefile->Elf64_cvt_Sym
__elf64_updatefile->Elf64_cvt_Word
__elf64_updatefile->Elf64_cvt_Xword
__elf64_updatefile->Elf64_cvt_Sxword
__elf64_updatefile->Elf64_cvt_Syminfo
__elf64_updatefile->Elf64_cvt_Move
__elf64_updatefile->Elf64_cvt_Lib
__elf64_updatefile->elf_cvt_gnuhash
__elf64_updatefile->Elf64_cvt_auxv_t
__elf64_updatefile->elf_cvt_Byte
__elf64_updatefile->Elf32_cvt_Addr
__elf64_updatefile->Elf32_cvt_Dyn
__elf64_updatefile->Elf32_cvt_Ehdr
__elf64_updatefile->Elf32_cvt_Half
__elf64_updatefile->Elf32_cvt_Off
__elf64_updatefile->Elf32_cvt_Phdr
__elf64_updatefile->Elf32_cvt_Rela
__elf64_updatefile->Elf32_cvt_Rel
__elf64_updatefile->Elf32_cvt_Shdr
__elf64_updatefile->Elf32_cvt_Sword
__elf64_updatefile->Elf32_cvt_Sym
__elf64_updatefile->Elf32_cvt_Word
__elf64_updatefile->Elf32_cvt_Xword
__elf64_updatefile->Elf32_cvt_Sxword
__elf64_updatefile->elf_cvt_Verdef
__elf64_updatefile->elf_cvt_Verneed
__elf64_updatefile->elf_cvt_note
__elf64_updatefile->Elf32_cvt_Syminfo
__elf64_updatefile->Elf32_cvt_Move
__elf64_updatefile->Elf32_cvt_Lib
__elf64_updatefile->Elf32_cvt_auxv_t
__elf64_updatefile->Elf64_cvt_Addr
__elf64_updatefile->Elf64_cvt_Dyn
__elf64_updatefile->Elf64_cvt_Ehdr
__elf64_updatefile->Elf64_cvt_Half
__elf64_updatefile->Elf64_cvt_Off
__elf64_updatefile->Elf64_cvt_Phdr
__elf64_updatefile->Elf64_cvt_Rela
__elf64_updatefile->Elf64_cvt_Rel
__elf64_updatefile->Elf64_cvt_Shdr
__elf64_updatefile->Elf64_cvt_Sword
__elf64_updatefile->Elf64_cvt_Sym
__elf64_updatefile->Elf64_cvt_Word
__elf64_updatefile->Elf64_cvt_Xword
__elf64_updatefile->Elf64_cvt_Sxword
__elf64_updatefile->Elf64_cvt_Syminfo
__elf64_updatefile->Elf64_cvt_Move
__elf64_updatefile->Elf64_cvt_Lib
__elf64_updatefile->elf_cvt_gnuhash
__elf64_updatefile->Elf64_cvt_auxv_t
sort_sections.83->qsort
__elf64_updatemmap->__assert_fail
__elf64_updatemmap->llvm.memcpy.p0i8.p0i8.i64
__elf64_updatemmap->__assert_fail
__elf64_updatemmap->llvm.memset.p0i8.i64
__elf64_updatemmap->llvm.memcpy.p0i8.p0i8.i64
__elf64_updatemmap->sort_sections.83
__elf64_updatemmap->__assert_fail
__elf64_updatemmap->__assert_fail
__elf64_updatemmap->llvm.memcpy.p0i8.p0i8.i64
__elf64_updatemmap->malloc
__elf64_updatemmap->__libelf_seterrno
__elf64_updatemmap->llvm.memcpy.p0i8.p0i8.i64
__elf64_updatemmap->llvm.memset.p0i8.i64
__elf64_updatemmap->llvm.memset.p0i8.i64
__elf64_updatemmap->llvm.memcpy.p0i8.p0i8.i64
__elf64_updatemmap->llvm.memset.p0i8.i64
__elf64_updatemmap->llvm.memcpy.p0i8.p0i8.i64
__elf64_updatemmap->sysconf
__elf64_updatemmap->msync
__elf64_updatemmap->elf_cvt_Byte
__elf64_updatemmap->Elf32_cvt_Addr
__elf64_updatemmap->Elf32_cvt_Dyn
__elf64_updatemmap->Elf32_cvt_Ehdr
__elf64_updatemmap->Elf32_cvt_Half
__elf64_updatemmap->Elf32_cvt_Off
__elf64_updatemmap->Elf32_cvt_Phdr
__elf64_updatemmap->Elf32_cvt_Rela
__elf64_updatemmap->Elf32_cvt_Rel
__elf64_updatemmap->Elf32_cvt_Shdr
__elf64_updatemmap->Elf32_cvt_Sword
__elf64_updatemmap->Elf32_cvt_Sym
__elf64_updatemmap->Elf32_cvt_Word
__elf64_updatemmap->Elf32_cvt_Xword
__elf64_updatemmap->Elf32_cvt_Sxword
__elf64_updatemmap->elf_cvt_Verdef
__elf64_updatemmap->elf_cvt_Verneed
__elf64_updatemmap->elf_cvt_note
__elf64_updatemmap->Elf32_cvt_Syminfo
__elf64_updatemmap->Elf32_cvt_Move
__elf64_updatemmap->Elf32_cvt_Lib
__elf64_updatemmap->Elf32_cvt_auxv_t
__elf64_updatemmap->Elf64_cvt_Addr
__elf64_updatemmap->Elf64_cvt_Dyn
__elf64_updatemmap->Elf64_cvt_Ehdr
__elf64_updatemmap->Elf64_cvt_Half
__elf64_updatemmap->Elf64_cvt_Off
__elf64_updatemmap->Elf64_cvt_Phdr
__elf64_updatemmap->Elf64_cvt_Rela
__elf64_updatemmap->Elf64_cvt_Rel
__elf64_updatemmap->Elf64_cvt_Shdr
__elf64_updatemmap->Elf64_cvt_Sword
__elf64_updatemmap->Elf64_cvt_Sym
__elf64_updatemmap->Elf64_cvt_Word
__elf64_updatemmap->Elf64_cvt_Xword
__elf64_updatemmap->Elf64_cvt_Sxword
__elf64_updatemmap->Elf64_cvt_Syminfo
__elf64_updatemmap->Elf64_cvt_Move
__elf64_updatemmap->Elf64_cvt_Lib
__elf64_updatemmap->elf_cvt_gnuhash
__elf64_updatemmap->Elf64_cvt_auxv_t
__elf64_updatemmap->elf_cvt_Byte
__elf64_updatemmap->Elf32_cvt_Addr
__elf64_updatemmap->Elf32_cvt_Dyn
__elf64_updatemmap->Elf32_cvt_Ehdr
__elf64_updatemmap->Elf32_cvt_Half
__elf64_updatemmap->Elf32_cvt_Off
__elf64_updatemmap->Elf32_cvt_Phdr
__elf64_updatemmap->Elf32_cvt_Rela
__elf64_updatemmap->Elf32_cvt_Rel
__elf64_updatemmap->Elf32_cvt_Shdr
__elf64_updatemmap->Elf32_cvt_Sword
__elf64_updatemmap->Elf32_cvt_Sym
__elf64_updatemmap->Elf32_cvt_Word
__elf64_updatemmap->Elf32_cvt_Xword
__elf64_updatemmap->Elf32_cvt_Sxword
__elf64_updatemmap->elf_cvt_Verdef
__elf64_updatemmap->elf_cvt_Verneed
__elf64_updatemmap->elf_cvt_note
__elf64_updatemmap->Elf32_cvt_Syminfo
__elf64_updatemmap->Elf32_cvt_Move
__elf64_updatemmap->Elf32_cvt_Lib
__elf64_updatemmap->Elf32_cvt_auxv_t
__elf64_updatemmap->Elf64_cvt_Addr
__elf64_updatemmap->Elf64_cvt_Dyn
__elf64_updatemmap->Elf64_cvt_Ehdr
__elf64_updatemmap->Elf64_cvt_Half
__elf64_updatemmap->Elf64_cvt_Off
__elf64_updatemmap->Elf64_cvt_Phdr
__elf64_updatemmap->Elf64_cvt_Rela
__elf64_updatemmap->Elf64_cvt_Rel
__elf64_updatemmap->Elf64_cvt_Shdr
__elf64_updatemmap->Elf64_cvt_Sword
__elf64_updatemmap->Elf64_cvt_Sym
__elf64_updatemmap->Elf64_cvt_Word
__elf64_updatemmap->Elf64_cvt_Xword
__elf64_updatemmap->Elf64_cvt_Sxword
__elf64_updatemmap->Elf64_cvt_Syminfo
__elf64_updatemmap->Elf64_cvt_Move
__elf64_updatemmap->Elf64_cvt_Lib
__elf64_updatemmap->elf_cvt_gnuhash
__elf64_updatemmap->Elf64_cvt_auxv_t
__elf64_updatemmap->elf_cvt_Byte
__elf64_updatemmap->Elf32_cvt_Addr
__elf64_updatemmap->Elf32_cvt_Dyn
__elf64_updatemmap->Elf32_cvt_Ehdr
__elf64_updatemmap->Elf32_cvt_Half
__elf64_updatemmap->Elf32_cvt_Off
__elf64_updatemmap->Elf32_cvt_Phdr
__elf64_updatemmap->Elf32_cvt_Rela
__elf64_updatemmap->Elf32_cvt_Rel
__elf64_updatemmap->Elf32_cvt_Shdr
__elf64_updatemmap->Elf32_cvt_Sword
__elf64_updatemmap->Elf32_cvt_Sym
__elf64_updatemmap->Elf32_cvt_Word
__elf64_updatemmap->Elf32_cvt_Xword
__elf64_updatemmap->Elf32_cvt_Sxword
__elf64_updatemmap->elf_cvt_Verdef
__elf64_updatemmap->elf_cvt_Verneed
__elf64_updatemmap->elf_cvt_note
__elf64_updatemmap->Elf32_cvt_Syminfo
__elf64_updatemmap->Elf32_cvt_Move
__elf64_updatemmap->Elf32_cvt_Lib
__elf64_updatemmap->Elf32_cvt_auxv_t
__elf64_updatemmap->Elf64_cvt_Addr
__elf64_updatemmap->Elf64_cvt_Dyn
__elf64_updatemmap->Elf64_cvt_Ehdr
__elf64_updatemmap->Elf64_cvt_Half
__elf64_updatemmap->Elf64_cvt_Off
__elf64_updatemmap->Elf64_cvt_Phdr
__elf64_updatemmap->Elf64_cvt_Rela
__elf64_updatemmap->Elf64_cvt_Rel
__elf64_updatemmap->Elf64_cvt_Shdr
__elf64_updatemmap->Elf64_cvt_Sword
__elf64_updatemmap->Elf64_cvt_Sym
__elf64_updatemmap->Elf64_cvt_Word
__elf64_updatemmap->Elf64_cvt_Xword
__elf64_updatemmap->Elf64_cvt_Sxword
__elf64_updatemmap->Elf64_cvt_Syminfo
__elf64_updatemmap->Elf64_cvt_Move
__elf64_updatemmap->Elf64_cvt_Lib
__elf64_updatemmap->elf_cvt_gnuhash
__elf64_updatemmap->Elf64_cvt_auxv_t
__elf64_updatemmap->elf_cvt_Byte
__elf64_updatemmap->Elf32_cvt_Addr
__elf64_updatemmap->Elf32_cvt_Dyn
__elf64_updatemmap->Elf32_cvt_Ehdr
__elf64_updatemmap->Elf32_cvt_Half
__elf64_updatemmap->Elf32_cvt_Off
__elf64_updatemmap->Elf32_cvt_Phdr
__elf64_updatemmap->Elf32_cvt_Rela
__elf64_updatemmap->Elf32_cvt_Rel
__elf64_updatemmap->Elf32_cvt_Shdr
__elf64_updatemmap->Elf32_cvt_Sword
__elf64_updatemmap->Elf32_cvt_Sym
__elf64_updatemmap->Elf32_cvt_Word
__elf64_updatemmap->Elf32_cvt_Xword
__elf64_updatemmap->Elf32_cvt_Sxword
__elf64_updatemmap->elf_cvt_Verdef
__elf64_updatemmap->elf_cvt_Verneed
__elf64_updatemmap->elf_cvt_note
__elf64_updatemmap->Elf32_cvt_Syminfo
__elf64_updatemmap->Elf32_cvt_Move
__elf64_updatemmap->Elf32_cvt_Lib
__elf64_updatemmap->Elf32_cvt_auxv_t
__elf64_updatemmap->Elf64_cvt_Addr
__elf64_updatemmap->Elf64_cvt_Dyn
__elf64_updatemmap->Elf64_cvt_Ehdr
__elf64_updatemmap->Elf64_cvt_Half
__elf64_updatemmap->Elf64_cvt_Off
__elf64_updatemmap->Elf64_cvt_Phdr
__elf64_updatemmap->Elf64_cvt_Rela
__elf64_updatemmap->Elf64_cvt_Rel
__elf64_updatemmap->Elf64_cvt_Shdr
__elf64_updatemmap->Elf64_cvt_Sword
__elf64_updatemmap->Elf64_cvt_Sym
__elf64_updatemmap->Elf64_cvt_Word
__elf64_updatemmap->Elf64_cvt_Xword
__elf64_updatemmap->Elf64_cvt_Sxword
__elf64_updatemmap->Elf64_cvt_Syminfo
__elf64_updatemmap->Elf64_cvt_Move
__elf64_updatemmap->Elf64_cvt_Lib
__elf64_updatemmap->elf_cvt_gnuhash
__elf64_updatemmap->Elf64_cvt_auxv_t
fill->llvm.memset.p0i8.i64
fill->pwrite
fill->__errno_location
fill->__libelf_seterrno
__elf32_updatefile->__assert_fail
__elf32_updatefile->pwrite
__elf32_updatefile->__errno_location
__elf32_updatefile->__libelf_seterrno
__elf32_updatefile->__assert_fail
__elf32_updatefile->fill
__elf32_updatefile->malloc
__elf32_updatefile->__libelf_seterrno
__elf32_updatefile->pwrite
__elf32_updatefile->__errno_location
__elf32_updatefile->__libelf_seterrno
__elf32_updatefile->free
__elf32_updatefile->sort_sections
__elf32_updatefile->__assert_fail
__elf32_updatefile->fill
__elf32_updatefile->malloc
__elf32_updatefile->__libelf_seterrno
__elf32_updatefile->pwrite
__elf32_updatefile->__errno_location
__elf32_updatefile->free
__elf32_updatefile->__libelf_seterrno
__elf32_updatefile->free
__elf32_updatefile->llvm.memcpy.p0i8.p0i8.i64
__elf32_updatefile->fill
__elf32_updatefile->pwrite
__elf32_updatefile->__errno_location
__elf32_updatefile->__libelf_seterrno
__elf32_updatefile->elf_cvt_Byte
__elf32_updatefile->Elf32_cvt_Addr
__elf32_updatefile->Elf32_cvt_Dyn
__elf32_updatefile->Elf32_cvt_Ehdr
__elf32_updatefile->Elf32_cvt_Half
__elf32_updatefile->Elf32_cvt_Off
__elf32_updatefile->Elf32_cvt_Phdr
__elf32_updatefile->Elf32_cvt_Rela
__elf32_updatefile->Elf32_cvt_Rel
__elf32_updatefile->Elf32_cvt_Shdr
__elf32_updatefile->Elf32_cvt_Sword
__elf32_updatefile->Elf32_cvt_Sym
__elf32_updatefile->Elf32_cvt_Word
__elf32_updatefile->Elf32_cvt_Xword
__elf32_updatefile->Elf32_cvt_Sxword
__elf32_updatefile->elf_cvt_Verdef
__elf32_updatefile->elf_cvt_Verneed
__elf32_updatefile->elf_cvt_note
__elf32_updatefile->Elf32_cvt_Syminfo
__elf32_updatefile->Elf32_cvt_Move
__elf32_updatefile->Elf32_cvt_Lib
__elf32_updatefile->Elf32_cvt_auxv_t
__elf32_updatefile->Elf64_cvt_Addr
__elf32_updatefile->Elf64_cvt_Dyn
__elf32_updatefile->Elf64_cvt_Ehdr
__elf32_updatefile->Elf64_cvt_Half
__elf32_updatefile->Elf64_cvt_Off
__elf32_updatefile->Elf64_cvt_Phdr
__elf32_updatefile->Elf64_cvt_Rela
__elf32_updatefile->Elf64_cvt_Rel
__elf32_updatefile->Elf64_cvt_Shdr
__elf32_updatefile->Elf64_cvt_Sword
__elf32_updatefile->Elf64_cvt_Sym
__elf32_updatefile->Elf64_cvt_Word
__elf32_updatefile->Elf64_cvt_Xword
__elf32_updatefile->Elf64_cvt_Sxword
__elf32_updatefile->Elf64_cvt_Syminfo
__elf32_updatefile->Elf64_cvt_Move
__elf32_updatefile->Elf64_cvt_Lib
__elf32_updatefile->elf_cvt_gnuhash
__elf32_updatefile->Elf64_cvt_auxv_t
__elf32_updatefile->elf_cvt_Byte
__elf32_updatefile->Elf32_cvt_Addr
__elf32_updatefile->Elf32_cvt_Dyn
__elf32_updatefile->Elf32_cvt_Ehdr
__elf32_updatefile->Elf32_cvt_Half
__elf32_updatefile->Elf32_cvt_Off
__elf32_updatefile->Elf32_cvt_Phdr
__elf32_updatefile->Elf32_cvt_Rela
__elf32_updatefile->Elf32_cvt_Rel
__elf32_updatefile->Elf32_cvt_Shdr
__elf32_updatefile->Elf32_cvt_Sword
__elf32_updatefile->Elf32_cvt_Sym
__elf32_updatefile->Elf32_cvt_Word
__elf32_updatefile->Elf32_cvt_Xword
__elf32_updatefile->Elf32_cvt_Sxword
__elf32_updatefile->elf_cvt_Verdef
__elf32_updatefile->elf_cvt_Verneed
__elf32_updatefile->elf_cvt_note
__elf32_updatefile->Elf32_cvt_Syminfo
__elf32_updatefile->Elf32_cvt_Move
__elf32_updatefile->Elf32_cvt_Lib
__elf32_updatefile->Elf32_cvt_auxv_t
__elf32_updatefile->Elf64_cvt_Addr
__elf32_updatefile->Elf64_cvt_Dyn
__elf32_updatefile->Elf64_cvt_Ehdr
__elf32_updatefile->Elf64_cvt_Half
__elf32_updatefile->Elf64_cvt_Off
__elf32_updatefile->Elf64_cvt_Phdr
__elf32_updatefile->Elf64_cvt_Rela
__elf32_updatefile->Elf64_cvt_Rel
__elf32_updatefile->Elf64_cvt_Shdr
__elf32_updatefile->Elf64_cvt_Sword
__elf32_updatefile->Elf64_cvt_Sym
__elf32_updatefile->Elf64_cvt_Word
__elf32_updatefile->Elf64_cvt_Xword
__elf32_updatefile->Elf64_cvt_Sxword
__elf32_updatefile->Elf64_cvt_Syminfo
__elf32_updatefile->Elf64_cvt_Move
__elf32_updatefile->Elf64_cvt_Lib
__elf32_updatefile->elf_cvt_gnuhash
__elf32_updatefile->Elf64_cvt_auxv_t
__elf32_updatefile->elf_cvt_Byte
__elf32_updatefile->Elf32_cvt_Addr
__elf32_updatefile->Elf32_cvt_Dyn
__elf32_updatefile->Elf32_cvt_Ehdr
__elf32_updatefile->Elf32_cvt_Half
__elf32_updatefile->Elf32_cvt_Off
__elf32_updatefile->Elf32_cvt_Phdr
__elf32_updatefile->Elf32_cvt_Rela
__elf32_updatefile->Elf32_cvt_Rel
__elf32_updatefile->Elf32_cvt_Shdr
__elf32_updatefile->Elf32_cvt_Sword
__elf32_updatefile->Elf32_cvt_Sym
__elf32_updatefile->Elf32_cvt_Word
__elf32_updatefile->Elf32_cvt_Xword
__elf32_updatefile->Elf32_cvt_Sxword
__elf32_updatefile->elf_cvt_Verdef
__elf32_updatefile->elf_cvt_Verneed
__elf32_updatefile->elf_cvt_note
__elf32_updatefile->Elf32_cvt_Syminfo
__elf32_updatefile->Elf32_cvt_Move
__elf32_updatefile->Elf32_cvt_Lib
__elf32_updatefile->Elf32_cvt_auxv_t
__elf32_updatefile->Elf64_cvt_Addr
__elf32_updatefile->Elf64_cvt_Dyn
__elf32_updatefile->Elf64_cvt_Ehdr
__elf32_updatefile->Elf64_cvt_Half
__elf32_updatefile->Elf64_cvt_Off
__elf32_updatefile->Elf64_cvt_Phdr
__elf32_updatefile->Elf64_cvt_Rela
__elf32_updatefile->Elf64_cvt_Rel
__elf32_updatefile->Elf64_cvt_Shdr
__elf32_updatefile->Elf64_cvt_Sword
__elf32_updatefile->Elf64_cvt_Sym
__elf32_updatefile->Elf64_cvt_Word
__elf32_updatefile->Elf64_cvt_Xword
__elf32_updatefile->Elf64_cvt_Sxword
__elf32_updatefile->Elf64_cvt_Syminfo
__elf32_updatefile->Elf64_cvt_Move
__elf32_updatefile->Elf64_cvt_Lib
__elf32_updatefile->elf_cvt_gnuhash
__elf32_updatefile->Elf64_cvt_auxv_t
__elf32_updatefile->elf_cvt_Byte
__elf32_updatefile->Elf32_cvt_Addr
__elf32_updatefile->Elf32_cvt_Dyn
__elf32_updatefile->Elf32_cvt_Ehdr
__elf32_updatefile->Elf32_cvt_Half
__elf32_updatefile->Elf32_cvt_Off
__elf32_updatefile->Elf32_cvt_Phdr
__elf32_updatefile->Elf32_cvt_Rela
__elf32_updatefile->Elf32_cvt_Rel
__elf32_updatefile->Elf32_cvt_Shdr
__elf32_updatefile->Elf32_cvt_Sword
__elf32_updatefile->Elf32_cvt_Sym
__elf32_updatefile->Elf32_cvt_Word
__elf32_updatefile->Elf32_cvt_Xword
__elf32_updatefile->Elf32_cvt_Sxword
__elf32_updatefile->elf_cvt_Verdef
__elf32_updatefile->elf_cvt_Verneed
__elf32_updatefile->elf_cvt_note
__elf32_updatefile->Elf32_cvt_Syminfo
__elf32_updatefile->Elf32_cvt_Move
__elf32_updatefile->Elf32_cvt_Lib
__elf32_updatefile->Elf32_cvt_auxv_t
__elf32_updatefile->Elf64_cvt_Addr
__elf32_updatefile->Elf64_cvt_Dyn
__elf32_updatefile->Elf64_cvt_Ehdr
__elf32_updatefile->Elf64_cvt_Half
__elf32_updatefile->Elf64_cvt_Off
__elf32_updatefile->Elf64_cvt_Phdr
__elf32_updatefile->Elf64_cvt_Rela
__elf32_updatefile->Elf64_cvt_Rel
__elf32_updatefile->Elf64_cvt_Shdr
__elf32_updatefile->Elf64_cvt_Sword
__elf32_updatefile->Elf64_cvt_Sym
__elf32_updatefile->Elf64_cvt_Word
__elf32_updatefile->Elf64_cvt_Xword
__elf32_updatefile->Elf64_cvt_Sxword
__elf32_updatefile->Elf64_cvt_Syminfo
__elf32_updatefile->Elf64_cvt_Move
__elf32_updatefile->Elf64_cvt_Lib
__elf32_updatefile->elf_cvt_gnuhash
__elf32_updatefile->Elf64_cvt_auxv_t
sort_sections->qsort
__elf32_updatemmap->__assert_fail
__elf32_updatemmap->llvm.memcpy.p0i8.p0i8.i64
__elf32_updatemmap->__assert_fail
__elf32_updatemmap->llvm.memset.p0i8.i64
__elf32_updatemmap->llvm.memcpy.p0i8.p0i8.i64
__elf32_updatemmap->sort_sections
__elf32_updatemmap->__assert_fail
__elf32_updatemmap->__assert_fail
__elf32_updatemmap->llvm.memcpy.p0i8.p0i8.i64
__elf32_updatemmap->malloc
__elf32_updatemmap->__libelf_seterrno
__elf32_updatemmap->llvm.memcpy.p0i8.p0i8.i64
__elf32_updatemmap->llvm.memset.p0i8.i64
__elf32_updatemmap->llvm.memset.p0i8.i64
__elf32_updatemmap->llvm.memcpy.p0i8.p0i8.i64
__elf32_updatemmap->llvm.memset.p0i8.i64
__elf32_updatemmap->llvm.memcpy.p0i8.p0i8.i64
__elf32_updatemmap->sysconf
__elf32_updatemmap->msync
__elf32_updatemmap->elf_cvt_Byte
__elf32_updatemmap->Elf32_cvt_Addr
__elf32_updatemmap->Elf32_cvt_Dyn
__elf32_updatemmap->Elf32_cvt_Ehdr
__elf32_updatemmap->Elf32_cvt_Half
__elf32_updatemmap->Elf32_cvt_Off
__elf32_updatemmap->Elf32_cvt_Phdr
__elf32_updatemmap->Elf32_cvt_Rela
__elf32_updatemmap->Elf32_cvt_Rel
__elf32_updatemmap->Elf32_cvt_Shdr
__elf32_updatemmap->Elf32_cvt_Sword
__elf32_updatemmap->Elf32_cvt_Sym
__elf32_updatemmap->Elf32_cvt_Word
__elf32_updatemmap->Elf32_cvt_Xword
__elf32_updatemmap->Elf32_cvt_Sxword
__elf32_updatemmap->elf_cvt_Verdef
__elf32_updatemmap->elf_cvt_Verneed
__elf32_updatemmap->elf_cvt_note
__elf32_updatemmap->Elf32_cvt_Syminfo
__elf32_updatemmap->Elf32_cvt_Move
__elf32_updatemmap->Elf32_cvt_Lib
__elf32_updatemmap->Elf32_cvt_auxv_t
__elf32_updatemmap->Elf64_cvt_Addr
__elf32_updatemmap->Elf64_cvt_Dyn
__elf32_updatemmap->Elf64_cvt_Ehdr
__elf32_updatemmap->Elf64_cvt_Half
__elf32_updatemmap->Elf64_cvt_Off
__elf32_updatemmap->Elf64_cvt_Phdr
__elf32_updatemmap->Elf64_cvt_Rela
__elf32_updatemmap->Elf64_cvt_Rel
__elf32_updatemmap->Elf64_cvt_Shdr
__elf32_updatemmap->Elf64_cvt_Sword
__elf32_updatemmap->Elf64_cvt_Sym
__elf32_updatemmap->Elf64_cvt_Word
__elf32_updatemmap->Elf64_cvt_Xword
__elf32_updatemmap->Elf64_cvt_Sxword
__elf32_updatemmap->Elf64_cvt_Syminfo
__elf32_updatemmap->Elf64_cvt_Move
__elf32_updatemmap->Elf64_cvt_Lib
__elf32_updatemmap->elf_cvt_gnuhash
__elf32_updatemmap->Elf64_cvt_auxv_t
__elf32_updatemmap->elf_cvt_Byte
__elf32_updatemmap->Elf32_cvt_Addr
__elf32_updatemmap->Elf32_cvt_Dyn
__elf32_updatemmap->Elf32_cvt_Ehdr
__elf32_updatemmap->Elf32_cvt_Half
__elf32_updatemmap->Elf32_cvt_Off
__elf32_updatemmap->Elf32_cvt_Phdr
__elf32_updatemmap->Elf32_cvt_Rela
__elf32_updatemmap->Elf32_cvt_Rel
__elf32_updatemmap->Elf32_cvt_Shdr
__elf32_updatemmap->Elf32_cvt_Sword
__elf32_updatemmap->Elf32_cvt_Sym
__elf32_updatemmap->Elf32_cvt_Word
__elf32_updatemmap->Elf32_cvt_Xword
__elf32_updatemmap->Elf32_cvt_Sxword
__elf32_updatemmap->elf_cvt_Verdef
__elf32_updatemmap->elf_cvt_Verneed
__elf32_updatemmap->elf_cvt_note
__elf32_updatemmap->Elf32_cvt_Syminfo
__elf32_updatemmap->Elf32_cvt_Move
__elf32_updatemmap->Elf32_cvt_Lib
__elf32_updatemmap->Elf32_cvt_auxv_t
__elf32_updatemmap->Elf64_cvt_Addr
__elf32_updatemmap->Elf64_cvt_Dyn
__elf32_updatemmap->Elf64_cvt_Ehdr
__elf32_updatemmap->Elf64_cvt_Half
__elf32_updatemmap->Elf64_cvt_Off
__elf32_updatemmap->Elf64_cvt_Phdr
__elf32_updatemmap->Elf64_cvt_Rela
__elf32_updatemmap->Elf64_cvt_Rel
__elf32_updatemmap->Elf64_cvt_Shdr
__elf32_updatemmap->Elf64_cvt_Sword
__elf32_updatemmap->Elf64_cvt_Sym
__elf32_updatemmap->Elf64_cvt_Word
__elf32_updatemmap->Elf64_cvt_Xword
__elf32_updatemmap->Elf64_cvt_Sxword
__elf32_updatemmap->Elf64_cvt_Syminfo
__elf32_updatemmap->Elf64_cvt_Move
__elf32_updatemmap->Elf64_cvt_Lib
__elf32_updatemmap->elf_cvt_gnuhash
__elf32_updatemmap->Elf64_cvt_auxv_t
__elf32_updatemmap->elf_cvt_Byte
__elf32_updatemmap->Elf32_cvt_Addr
__elf32_updatemmap->Elf32_cvt_Dyn
__elf32_updatemmap->Elf32_cvt_Ehdr
__elf32_updatemmap->Elf32_cvt_Half
__elf32_updatemmap->Elf32_cvt_Off
__elf32_updatemmap->Elf32_cvt_Phdr
__elf32_updatemmap->Elf32_cvt_Rela
__elf32_updatemmap->Elf32_cvt_Rel
__elf32_updatemmap->Elf32_cvt_Shdr
__elf32_updatemmap->Elf32_cvt_Sword
__elf32_updatemmap->Elf32_cvt_Sym
__elf32_updatemmap->Elf32_cvt_Word
__elf32_updatemmap->Elf32_cvt_Xword
__elf32_updatemmap->Elf32_cvt_Sxword
__elf32_updatemmap->elf_cvt_Verdef
__elf32_updatemmap->elf_cvt_Verneed
__elf32_updatemmap->elf_cvt_note
__elf32_updatemmap->Elf32_cvt_Syminfo
__elf32_updatemmap->Elf32_cvt_Move
__elf32_updatemmap->Elf32_cvt_Lib
__elf32_updatemmap->Elf32_cvt_auxv_t
__elf32_updatemmap->Elf64_cvt_Addr
__elf32_updatemmap->Elf64_cvt_Dyn
__elf32_updatemmap->Elf64_cvt_Ehdr
__elf32_updatemmap->Elf64_cvt_Half
__elf32_updatemmap->Elf64_cvt_Off
__elf32_updatemmap->Elf64_cvt_Phdr
__elf32_updatemmap->Elf64_cvt_Rela
__elf32_updatemmap->Elf64_cvt_Rel
__elf32_updatemmap->Elf64_cvt_Shdr
__elf32_updatemmap->Elf64_cvt_Sword
__elf32_updatemmap->Elf64_cvt_Sym
__elf32_updatemmap->Elf64_cvt_Word
__elf32_updatemmap->Elf64_cvt_Xword
__elf32_updatemmap->Elf64_cvt_Sxword
__elf32_updatemmap->Elf64_cvt_Syminfo
__elf32_updatemmap->Elf64_cvt_Move
__elf32_updatemmap->Elf64_cvt_Lib
__elf32_updatemmap->elf_cvt_gnuhash
__elf32_updatemmap->Elf64_cvt_auxv_t
__elf32_updatemmap->elf_cvt_Byte
__elf32_updatemmap->Elf32_cvt_Addr
__elf32_updatemmap->Elf32_cvt_Dyn
__elf32_updatemmap->Elf32_cvt_Ehdr
__elf32_updatemmap->Elf32_cvt_Half
__elf32_updatemmap->Elf32_cvt_Off
__elf32_updatemmap->Elf32_cvt_Phdr
__elf32_updatemmap->Elf32_cvt_Rela
__elf32_updatemmap->Elf32_cvt_Rel
__elf32_updatemmap->Elf32_cvt_Shdr
__elf32_updatemmap->Elf32_cvt_Sword
__elf32_updatemmap->Elf32_cvt_Sym
__elf32_updatemmap->Elf32_cvt_Word
__elf32_updatemmap->Elf32_cvt_Xword
__elf32_updatemmap->Elf32_cvt_Sxword
__elf32_updatemmap->elf_cvt_Verdef
__elf32_updatemmap->elf_cvt_Verneed
__elf32_updatemmap->elf_cvt_note
__elf32_updatemmap->Elf32_cvt_Syminfo
__elf32_updatemmap->Elf32_cvt_Move
__elf32_updatemmap->Elf32_cvt_Lib
__elf32_updatemmap->Elf32_cvt_auxv_t
__elf32_updatemmap->Elf64_cvt_Addr
__elf32_updatemmap->Elf64_cvt_Dyn
__elf32_updatemmap->Elf64_cvt_Ehdr
__elf32_updatemmap->Elf64_cvt_Half
__elf32_updatemmap->Elf64_cvt_Off
__elf32_updatemmap->Elf64_cvt_Phdr
__elf32_updatemmap->Elf64_cvt_Rela
__elf32_updatemmap->Elf64_cvt_Rel
__elf32_updatemmap->Elf64_cvt_Shdr
__elf32_updatemmap->Elf64_cvt_Sword
__elf32_updatemmap->Elf64_cvt_Sym
__elf32_updatemmap->Elf64_cvt_Word
__elf32_updatemmap->Elf64_cvt_Xword
__elf32_updatemmap->Elf64_cvt_Sxword
__elf32_updatemmap->Elf64_cvt_Syminfo
__elf32_updatemmap->Elf64_cvt_Move
__elf32_updatemmap->Elf64_cvt_Lib
__elf32_updatemmap->elf_cvt_gnuhash
__elf32_updatemmap->Elf64_cvt_auxv_t
default_ehdr64->memcmp
default_ehdr64->llvm.memcpy.p0i8.p0i8.i64
default_ehdr64->__libelf_seterrno
default_ehdr64->__libelf_seterrno
__elf64_updatenull->default_ehdr64
__elf64_updatenull->__libelf_seterrno
__elf64_updatenull->__assert_fail
__elf64_updatenull->__assert_fail
__elf64_updatenull->__libelf_seterrno
__elf64_updatenull->__libelf_set_rawdata
__elf64_updatenull->__libelf_seterrno
__elf64_updatenull->__libelf_seterrno
__elf64_updatenull->__libelf_seterrno
__elf64_updatenull->__libelf_seterrno
__elf64_updatenull->__libelf_seterrno
__elf64_updatenull->__assert_fail
__elf64_updatenull->elf64_getehdr
__elf64_updatenull->elf64_getphdr
__elf64_updatenull->elf64_getshdr
__elf64_updatenull->elf_getdata
default_ehdr32->memcmp
default_ehdr32->llvm.memcpy.p0i8.p0i8.i64
default_ehdr32->__libelf_seterrno
default_ehdr32->__libelf_seterrno
__elf32_updatenull->default_ehdr32
__elf32_updatenull->__libelf_seterrno
__elf32_updatenull->__assert_fail
__elf32_updatenull->__assert_fail
__elf32_updatenull->__libelf_seterrno
__elf32_updatenull->__libelf_set_rawdata
__elf32_updatenull->__libelf_seterrno
__elf32_updatenull->__libelf_seterrno
__elf32_updatenull->__libelf_seterrno
__elf32_updatenull->__libelf_seterrno
__elf32_updatenull->__libelf_seterrno
__elf32_updatenull->__assert_fail
__elf32_updatenull->elf32_getehdr
__elf32_updatenull->elf32_getphdr
__elf32_updatenull->elf32_getshdr
__elf32_updatenull->elf_getdata
Elf32_cvt_Move->Elf32_cvt_Xword1
Elf32_cvt_Move->Elf32_cvt_Xword1
Elf32_cvt_Move->Elf32_cvt_Xword1
Elf32_cvt_Move->Elf32_cvt_Half1
Elf32_cvt_Move->Elf32_cvt_Half1
Elf32_cvt_Syminfo->Elf32_cvt_Half1
Elf32_cvt_Syminfo->Elf32_cvt_Half1
elf_cvt_note->Elf32_cvt_Nhdr
elf_cvt_note->llvm.memcpy.p0i8.p0i8.i64
elf_cvt_Verneed->llvm.is.constant.i16
elf_cvt_Verneed->llvm.is.constant.i16
elf_cvt_Verneed->llvm.is.constant.i32
elf_cvt_Verneed->llvm.is.constant.i32
elf_cvt_Verneed->llvm.is.constant.i32
elf_cvt_Verneed->llvm.is.constant.i32
elf_cvt_Verneed->llvm.is.constant.i16
elf_cvt_Verneed->llvm.is.constant.i16
elf_cvt_Verneed->llvm.is.constant.i32
elf_cvt_Verneed->llvm.is.constant.i32
elf_cvt_Verneed->llvm.is.constant.i16
elf_cvt_Verneed->llvm.is.constant.i16
elf_cvt_Verneed->llvm.is.constant.i32
elf_cvt_Verneed->llvm.is.constant.i32
elf_cvt_Verneed->llvm.is.constant.i32
elf_cvt_Verdef->llvm.is.constant.i16
elf_cvt_Verdef->llvm.is.constant.i16
elf_cvt_Verdef->llvm.is.constant.i16
elf_cvt_Verdef->llvm.is.constant.i16
elf_cvt_Verdef->llvm.is.constant.i32
elf_cvt_Verdef->llvm.is.constant.i32
elf_cvt_Verdef->llvm.is.constant.i32
elf_cvt_Verdef->llvm.is.constant.i32
elf_cvt_Verdef->llvm.is.constant.i32
elf_cvt_Verdef->llvm.is.constant.i16
elf_cvt_Verdef->llvm.is.constant.i16
elf_cvt_Verdef->llvm.is.constant.i16
elf_cvt_Verdef->llvm.is.constant.i16
elf_cvt_Verdef->llvm.is.constant.i32
elf_cvt_Verdef->llvm.is.constant.i32
elf_cvt_Verdef->llvm.is.constant.i32
Elf32_cvt_Sxword->Elf32_cvt_Sxword1
Elf32_cvt_Sxword->Elf32_cvt_Sxword1
Elf32_cvt_Xword->Elf32_cvt_Xword1
Elf32_cvt_Xword->Elf32_cvt_Xword1
Elf32_cvt_Word->Elf32_cvt_Word1
Elf32_cvt_Word->Elf32_cvt_Word1
Elf32_cvt_Sym->Elf32_cvt_Word1
Elf32_cvt_Sym->Elf32_cvt_Addr1
Elf32_cvt_Sym->Elf32_cvt_Word1
Elf32_cvt_Sym->Elf32_cvt_Half1
Elf32_cvt_Sword->Elf32_cvt_Sword1
Elf32_cvt_Sword->Elf32_cvt_Sword1
Elf32_cvt_Shdr->Elf32_cvt_Word1
Elf32_cvt_Shdr->Elf32_cvt_Word1
Elf32_cvt_Shdr->Elf32_cvt_Word1
Elf32_cvt_Shdr->Elf32_cvt_Addr1
Elf32_cvt_Shdr->Elf32_cvt_Off1
Elf32_cvt_Shdr->Elf32_cvt_Word1
Elf32_cvt_Shdr->Elf32_cvt_Word1
Elf32_cvt_Shdr->Elf32_cvt_Word1
Elf32_cvt_Shdr->Elf32_cvt_Word1
Elf32_cvt_Shdr->Elf32_cvt_Word1
Elf32_cvt_Rel->Elf32_cvt_Addr1
Elf32_cvt_Rel->Elf32_cvt_Word1
Elf32_cvt_Rela->Elf32_cvt_Addr1
Elf32_cvt_Rela->Elf32_cvt_Word1
Elf32_cvt_Rela->Elf32_cvt_Sword1
Elf32_cvt_Phdr->Elf32_cvt_Word1
Elf32_cvt_Phdr->Elf32_cvt_Off1
Elf32_cvt_Phdr->Elf32_cvt_Addr1
Elf32_cvt_Phdr->Elf32_cvt_Addr1
Elf32_cvt_Phdr->Elf32_cvt_Word1
Elf32_cvt_Phdr->Elf32_cvt_Word1
Elf32_cvt_Phdr->Elf32_cvt_Word1
Elf32_cvt_Phdr->Elf32_cvt_Word1
Elf32_cvt_Off->Elf32_cvt_Off1
Elf32_cvt_Off->Elf32_cvt_Off1
Elf32_cvt_Half->Elf32_cvt_Half1
Elf32_cvt_Half->Elf32_cvt_Half1
Elf32_cvt_Ehdr->llvm.memmove.p0i8.p0i8.i64
Elf32_cvt_Ehdr->Elf32_cvt_Half1
Elf32_cvt_Ehdr->Elf32_cvt_Half1
Elf32_cvt_Ehdr->Elf32_cvt_Word1
Elf32_cvt_Ehdr->Elf32_cvt_Addr1
Elf32_cvt_Ehdr->Elf32_cvt_Off1
Elf32_cvt_Ehdr->Elf32_cvt_Off1
Elf32_cvt_Ehdr->Elf32_cvt_Word1
Elf32_cvt_Ehdr->Elf32_cvt_Half1
Elf32_cvt_Ehdr->Elf32_cvt_Half1
Elf32_cvt_Ehdr->Elf32_cvt_Half1
Elf32_cvt_Ehdr->Elf32_cvt_Half1
Elf32_cvt_Ehdr->Elf32_cvt_Half1
Elf32_cvt_Ehdr->Elf32_cvt_Half1
Elf32_cvt_Dyn->Elf32_cvt_Sword1
Elf32_cvt_Dyn->Elf32_cvt_Addr1
Elf32_cvt_Addr->Elf32_cvt_Addr1
Elf32_cvt_Addr->Elf32_cvt_Addr1
elf_cvt_Byte->llvm.memmove.p0i8.p0i8.i64
elf64_xlatetom->__libelf_seterrno
elf64_xlatetom->__libelf_seterrno
elf64_xlatetom->__libelf_seterrno
elf64_xlatetom->llvm.memmove.p0i8.p0i8.i64
elf64_xlatetom->elf_cvt_Byte
elf64_xlatetom->Elf32_cvt_Addr
elf64_xlatetom->Elf32_cvt_Dyn
elf64_xlatetom->Elf32_cvt_Ehdr
elf64_xlatetom->Elf32_cvt_Half
elf64_xlatetom->Elf32_cvt_Off
elf64_xlatetom->Elf32_cvt_Phdr
elf64_xlatetom->Elf32_cvt_Rela
elf64_xlatetom->Elf32_cvt_Rel
elf64_xlatetom->Elf32_cvt_Shdr
elf64_xlatetom->Elf32_cvt_Sword
elf64_xlatetom->Elf32_cvt_Sym
elf64_xlatetom->Elf32_cvt_Word
elf64_xlatetom->Elf32_cvt_Xword
elf64_xlatetom->Elf32_cvt_Sxword
elf64_xlatetom->elf_cvt_Verdef
elf64_xlatetom->elf_cvt_Verneed
elf64_xlatetom->elf_cvt_note
elf64_xlatetom->Elf32_cvt_Syminfo
elf64_xlatetom->Elf32_cvt_Move
elf64_xlatetom->Elf32_cvt_Lib
elf64_xlatetom->Elf32_cvt_auxv_t
elf64_xlatetom->Elf64_cvt_Addr
elf64_xlatetom->Elf64_cvt_Dyn
elf64_xlatetom->Elf64_cvt_Ehdr
elf64_xlatetom->Elf64_cvt_Half
elf64_xlatetom->Elf64_cvt_Off
elf64_xlatetom->Elf64_cvt_Phdr
elf64_xlatetom->Elf64_cvt_Rela
elf64_xlatetom->Elf64_cvt_Rel
elf64_xlatetom->Elf64_cvt_Shdr
elf64_xlatetom->Elf64_cvt_Sword
elf64_xlatetom->Elf64_cvt_Sym
elf64_xlatetom->Elf64_cvt_Word
elf64_xlatetom->Elf64_cvt_Xword
elf64_xlatetom->Elf64_cvt_Sxword
elf64_xlatetom->Elf64_cvt_Syminfo
elf64_xlatetom->Elf64_cvt_Move
elf64_xlatetom->Elf64_cvt_Lib
elf64_xlatetom->elf_cvt_gnuhash
elf64_xlatetom->Elf64_cvt_auxv_t
elf64_xlatetof->__libelf_seterrno
elf64_xlatetof->__libelf_seterrno
elf64_xlatetof->__libelf_seterrno
elf64_xlatetof->llvm.memmove.p0i8.p0i8.i64
elf64_xlatetof->elf_cvt_Byte
elf64_xlatetof->Elf32_cvt_Addr
elf64_xlatetof->Elf32_cvt_Dyn
elf64_xlatetof->Elf32_cvt_Ehdr
elf64_xlatetof->Elf32_cvt_Half
elf64_xlatetof->Elf32_cvt_Off
elf64_xlatetof->Elf32_cvt_Phdr
elf64_xlatetof->Elf32_cvt_Rela
elf64_xlatetof->Elf32_cvt_Rel
elf64_xlatetof->Elf32_cvt_Shdr
elf64_xlatetof->Elf32_cvt_Sword
elf64_xlatetof->Elf32_cvt_Sym
elf64_xlatetof->Elf32_cvt_Word
elf64_xlatetof->Elf32_cvt_Xword
elf64_xlatetof->Elf32_cvt_Sxword
elf64_xlatetof->elf_cvt_Verdef
elf64_xlatetof->elf_cvt_Verneed
elf64_xlatetof->elf_cvt_note
elf64_xlatetof->Elf32_cvt_Syminfo
elf64_xlatetof->Elf32_cvt_Move
elf64_xlatetof->Elf32_cvt_Lib
elf64_xlatetof->Elf32_cvt_auxv_t
elf64_xlatetof->Elf64_cvt_Addr
elf64_xlatetof->Elf64_cvt_Dyn
elf64_xlatetof->Elf64_cvt_Ehdr
elf64_xlatetof->Elf64_cvt_Half
elf64_xlatetof->Elf64_cvt_Off
elf64_xlatetof->Elf64_cvt_Phdr
elf64_xlatetof->Elf64_cvt_Rela
elf64_xlatetof->Elf64_cvt_Rel
elf64_xlatetof->Elf64_cvt_Shdr
elf64_xlatetof->Elf64_cvt_Sword
elf64_xlatetof->Elf64_cvt_Sym
elf64_xlatetof->Elf64_cvt_Word
elf64_xlatetof->Elf64_cvt_Xword
elf64_xlatetof->Elf64_cvt_Sxword
elf64_xlatetof->Elf64_cvt_Syminfo
elf64_xlatetof->Elf64_cvt_Move
elf64_xlatetof->Elf64_cvt_Lib
elf64_xlatetof->elf_cvt_gnuhash
elf64_xlatetof->Elf64_cvt_auxv_t
elf32_xlatetom->__libelf_seterrno
elf32_xlatetom->__libelf_seterrno
elf32_xlatetom->__libelf_seterrno
elf32_xlatetom->llvm.memmove.p0i8.p0i8.i64
elf32_xlatetom->elf_cvt_Byte
elf32_xlatetom->Elf32_cvt_Addr
elf32_xlatetom->Elf32_cvt_Dyn
elf32_xlatetom->Elf32_cvt_Ehdr
elf32_xlatetom->Elf32_cvt_Half
elf32_xlatetom->Elf32_cvt_Off
elf32_xlatetom->Elf32_cvt_Phdr
elf32_xlatetom->Elf32_cvt_Rela
elf32_xlatetom->Elf32_cvt_Rel
elf32_xlatetom->Elf32_cvt_Shdr
elf32_xlatetom->Elf32_cvt_Sword
elf32_xlatetom->Elf32_cvt_Sym
elf32_xlatetom->Elf32_cvt_Word
elf32_xlatetom->Elf32_cvt_Xword
elf32_xlatetom->Elf32_cvt_Sxword
elf32_xlatetom->elf_cvt_Verdef
elf32_xlatetom->elf_cvt_Verneed
elf32_xlatetom->elf_cvt_note
elf32_xlatetom->Elf32_cvt_Syminfo
elf32_xlatetom->Elf32_cvt_Move
elf32_xlatetom->Elf32_cvt_Lib
elf32_xlatetom->Elf32_cvt_auxv_t
elf32_xlatetom->Elf64_cvt_Addr
elf32_xlatetom->Elf64_cvt_Dyn
elf32_xlatetom->Elf64_cvt_Ehdr
elf32_xlatetom->Elf64_cvt_Half
elf32_xlatetom->Elf64_cvt_Off
elf32_xlatetom->Elf64_cvt_Phdr
elf32_xlatetom->Elf64_cvt_Rela
elf32_xlatetom->Elf64_cvt_Rel
elf32_xlatetom->Elf64_cvt_Shdr
elf32_xlatetom->Elf64_cvt_Sword
elf32_xlatetom->Elf64_cvt_Sym
elf32_xlatetom->Elf64_cvt_Word
elf32_xlatetom->Elf64_cvt_Xword
elf32_xlatetom->Elf64_cvt_Sxword
elf32_xlatetom->Elf64_cvt_Syminfo
elf32_xlatetom->Elf64_cvt_Move
elf32_xlatetom->Elf64_cvt_Lib
elf32_xlatetom->elf_cvt_gnuhash
elf32_xlatetom->Elf64_cvt_auxv_t
elf32_xlatetof->__libelf_seterrno
elf32_xlatetof->__libelf_seterrno
elf32_xlatetof->__libelf_seterrno
elf32_xlatetof->llvm.memmove.p0i8.p0i8.i64
elf32_xlatetof->elf_cvt_Byte
elf32_xlatetof->Elf32_cvt_Addr
elf32_xlatetof->Elf32_cvt_Dyn
elf32_xlatetof->Elf32_cvt_Ehdr
elf32_xlatetof->Elf32_cvt_Half
elf32_xlatetof->Elf32_cvt_Off
elf32_xlatetof->Elf32_cvt_Phdr
elf32_xlatetof->Elf32_cvt_Rela
elf32_xlatetof->Elf32_cvt_Rel
elf32_xlatetof->Elf32_cvt_Shdr
elf32_xlatetof->Elf32_cvt_Sword
elf32_xlatetof->Elf32_cvt_Sym
elf32_xlatetof->Elf32_cvt_Word
elf32_xlatetof->Elf32_cvt_Xword
elf32_xlatetof->Elf32_cvt_Sxword
elf32_xlatetof->elf_cvt_Verdef
elf32_xlatetof->elf_cvt_Verneed
elf32_xlatetof->elf_cvt_note
elf32_xlatetof->Elf32_cvt_Syminfo
elf32_xlatetof->Elf32_cvt_Move
elf32_xlatetof->Elf32_cvt_Lib
elf32_xlatetof->Elf32_cvt_auxv_t
elf32_xlatetof->Elf64_cvt_Addr
elf32_xlatetof->Elf64_cvt_Dyn
elf32_xlatetof->Elf64_cvt_Ehdr
elf32_xlatetof->Elf64_cvt_Half
elf32_xlatetof->Elf64_cvt_Off
elf32_xlatetof->Elf64_cvt_Phdr
elf32_xlatetof->Elf64_cvt_Rela
elf32_xlatetof->Elf64_cvt_Rel
elf32_xlatetof->Elf64_cvt_Shdr
elf32_xlatetof->Elf64_cvt_Sword
elf32_xlatetof->Elf64_cvt_Sym
elf32_xlatetof->Elf64_cvt_Word
elf32_xlatetof->Elf64_cvt_Xword
elf32_xlatetof->Elf64_cvt_Sxword
elf32_xlatetof->Elf64_cvt_Syminfo
elf32_xlatetof->Elf64_cvt_Move
elf32_xlatetof->Elf64_cvt_Lib
elf32_xlatetof->elf_cvt_gnuhash
elf32_xlatetof->Elf64_cvt_auxv_t
gelf_fsize->__libelf_seterrno
gelf_fsize->__libelf_seterrno
elf64_fsize->__libelf_seterrno
elf64_fsize->__libelf_seterrno
elf32_fsize->__libelf_seterrno
elf32_fsize->__libelf_seterrno
elf_end->free
elf_end->free
elf_end->free
elf_end->free
elf_end->free
elf_end->free
elf_end->free
elf_end->free
elf_end->__assert_fail
elf_end->free
elf_end->free
elf_end->free
elf_end->free
elf_end->munmap
elf_end->free
elf_end->elf_end
elf_rand->__libelf_next_arhdr
elf_next->__assert_fail
elf_next->__libelf_next_arhdr
read_unmmaped_file->pread
read_unmmaped_file->__errno_location
read_unmmaped_file->determine_kind
read_unmmaped_file->file_read_ar
read_unmmaped_file->file_read_elf
read_unmmaped_file->allocate_elf
write_file->allocate_elf
read_file->fstat
read_file->mmap
read_file->__assert_fail
read_file->__assert_fail
read_file->__libelf_read_mmaped_file
read_file->munmap
read_file->read_unmmaped_file
dup_elf->__libelf_seterrno
dup_elf->__libelf_seterrno
dup_elf->__libelf_next_arhdr
dup_elf->read_file
allocate_elf->calloc
allocate_elf->__libelf_seterrno
file_read_ar->allocate_elf
file_read_elf->__libelf_seterrno
file_read_elf->get_shnum
file_read_elf->allocate_elf
file_read_elf->__assert_fail
file_read_elf->llvm.memcpy.p0i8.p0i8.i64
file_read_elf->llvm.is.constant.i16
file_read_elf->llvm.is.constant.i16
file_read_elf->llvm.is.constant.i32
file_read_elf->llvm.is.constant.i32
file_read_elf->llvm.is.constant.i32
file_read_elf->llvm.is.constant.i32
file_read_elf->llvm.is.constant.i32
file_read_elf->llvm.is.constant.i16
file_read_elf->llvm.is.constant.i16
file_read_elf->llvm.is.constant.i16
file_read_elf->llvm.is.constant.i16
file_read_elf->llvm.is.constant.i16
file_read_elf->llvm.is.constant.i16
file_read_elf->__assert_fail
file_read_elf->llvm.memcpy.p0i8.p0i8.i64
file_read_elf->llvm.is.constant.i16
file_read_elf->llvm.is.constant.i16
file_read_elf->llvm.is.constant.i32
file_read_elf->llvm.is.constant.i64
file_read_elf->llvm.is.constant.i64
file_read_elf->llvm.is.constant.i64
file_read_elf->llvm.is.constant.i32
file_read_elf->llvm.is.constant.i16
file_read_elf->llvm.is.constant.i16
file_read_elf->llvm.is.constant.i16
file_read_elf->llvm.is.constant.i16
file_read_elf->llvm.is.constant.i16
file_read_elf->llvm.is.constant.i16
determine_kind->memcmp
determine_kind->memcmp
__libelf_read_mmaped_file->determine_kind
__libelf_read_mmaped_file->file_read_elf
__libelf_read_mmaped_file->file_read_ar
__libelf_read_mmaped_file->allocate_elf
elf_errmsg->init
elf_errmsg->__assert_fail
elf_errmsg->dgettext
elf_errmsg->dgettext
elf_errmsg->__assert_fail
elf_errmsg->dgettext
__libelf_seterrno->init
elf_hash->_dl_elf_hash
elf_version->__libelf_seterrno
elf_errno->init
get_shnum->llvm.is.constant.i16
get_shnum->llvm.is.constant.i32
get_shnum->llvm.is.constant.i16
get_shnum->llvm.is.constant.i64
get_shnum->llvm.memcpy.p0i8.p0i8.i64
get_shnum->pread
get_shnum->__errno_location
get_shnum->llvm.is.constant.i32
get_shnum->llvm.memcpy.p0i8.p0i8.i64
get_shnum->pread
get_shnum->__errno_location
get_shnum->llvm.is.constant.i64
__libelf_next_arhdr->__libelf_seterrno
__libelf_next_arhdr->pread
__libelf_next_arhdr->__errno_location
__libelf_next_arhdr->__libelf_seterrno
__libelf_next_arhdr->memcmp
__libelf_next_arhdr->__libelf_seterrno
__libelf_next_arhdr->__mempcpy
__libelf_next_arhdr->memcmp
__libelf_next_arhdr->llvm.memcpy.p0i8.p0i8.i64
__libelf_next_arhdr->memcmp
__libelf_next_arhdr->llvm.memcpy.p0i8.p0i8.i64
__libelf_next_arhdr->__ctype_b_loc
__libelf_next_arhdr->read_long_names
__libelf_next_arhdr->__libelf_seterrno
__libelf_next_arhdr->atol
__libelf_next_arhdr->__libelf_seterrno
__libelf_next_arhdr->__libelf_seterrno
__libelf_next_arhdr->memccpy
__libelf_next_arhdr->__libelf_seterrno
__libelf_next_arhdr->__mempcpy
__libelf_next_arhdr->atol
__libelf_next_arhdr->__mempcpy
__libelf_next_arhdr->atol
__libelf_next_arhdr->__mempcpy
__libelf_next_arhdr->atol
__libelf_next_arhdr->__mempcpy
__libelf_next_arhdr->atol
__libelf_next_arhdr->__mempcpy
__libelf_next_arhdr->atol
read_long_names->pread
read_long_names->__errno_location
read_long_names->atol
read_long_names->memcmp
read_long_names->malloc
read_long_names->llvm.memcpy.p0i8.p0i8.i64
read_long_names->pread
read_long_names->__errno_location
read_long_names->free
read_long_names->memchr
elf_begin->__libelf_seterrno
elf_begin->fcntl
elf_begin->__errno_location
elf_begin->__libelf_seterrno
elf_begin->__libelf_seterrno
elf_begin->dup_elf
elf_begin->read_file
elf_begin->__libelf_seterrno
elf_begin->dup_elf
elf_begin->read_file
elf_begin->write_file
elf_begin->__libelf_seterrno
Elf32_cvt_Lib->Elf32_cvt_Word1
Elf32_cvt_Lib->Elf32_cvt_Word1
Elf32_cvt_Lib->Elf32_cvt_Word1
Elf32_cvt_Lib->Elf32_cvt_Word1
Elf32_cvt_Lib->Elf32_cvt_Word1
Elf32_cvt_auxv_t->Elf32_cvt_Word1
Elf32_cvt_auxv_t->Elf32_cvt_Addr1
Elf64_cvt_Addr->Elf64_cvt_Addr1
Elf64_cvt_Addr->Elf64_cvt_Addr1
Elf64_cvt_Dyn->Elf64_cvt_Xword1
Elf64_cvt_Dyn->Elf64_cvt_Addr1
Elf64_cvt_Ehdr->llvm.memmove.p0i8.p0i8.i64
Elf64_cvt_Ehdr->Elf64_cvt_Half1
Elf64_cvt_Ehdr->Elf64_cvt_Half1
Elf64_cvt_Ehdr->Elf64_cvt_Word1
Elf64_cvt_Ehdr->Elf64_cvt_Addr1
Elf64_cvt_Ehdr->Elf64_cvt_Off1
Elf64_cvt_Ehdr->Elf64_cvt_Off1
Elf64_cvt_Ehdr->Elf64_cvt_Word1
Elf64_cvt_Ehdr->Elf64_cvt_Half1
Elf64_cvt_Ehdr->Elf64_cvt_Half1
Elf64_cvt_Ehdr->Elf64_cvt_Half1
Elf64_cvt_Ehdr->Elf64_cvt_Half1
Elf64_cvt_Ehdr->Elf64_cvt_Half1
Elf64_cvt_Ehdr->Elf64_cvt_Half1
Elf64_cvt_Half->Elf64_cvt_Half1
Elf64_cvt_Half->Elf64_cvt_Half1
Elf64_cvt_Off->Elf64_cvt_Off1
Elf64_cvt_Off->Elf64_cvt_Off1
Elf64_cvt_Phdr->Elf64_cvt_Word1
Elf64_cvt_Phdr->Elf64_cvt_Word1
Elf64_cvt_Phdr->Elf64_cvt_Off1
Elf64_cvt_Phdr->Elf64_cvt_Addr1
Elf64_cvt_Phdr->Elf64_cvt_Addr1
Elf64_cvt_Phdr->Elf64_cvt_Xword1
Elf64_cvt_Phdr->Elf64_cvt_Xword1
Elf64_cvt_Phdr->Elf64_cvt_Xword1
Elf64_cvt_Rela->Elf64_cvt_Addr1
Elf64_cvt_Rela->Elf64_cvt_Xword1
Elf64_cvt_Rela->Elf64_cvt_Sxword1
Elf64_cvt_Rel->Elf64_cvt_Addr1
Elf64_cvt_Rel->Elf64_cvt_Xword1
Elf64_cvt_Shdr->Elf64_cvt_Word1
Elf64_cvt_Shdr->Elf64_cvt_Word1
Elf64_cvt_Shdr->Elf64_cvt_Xword1
Elf64_cvt_Shdr->Elf64_cvt_Addr1
Elf64_cvt_Shdr->Elf64_cvt_Off1
Elf64_cvt_Shdr->Elf64_cvt_Xword1
Elf64_cvt_Shdr->Elf64_cvt_Word1
Elf64_cvt_Shdr->Elf64_cvt_Word1
Elf64_cvt_Shdr->Elf64_cvt_Xword1
Elf64_cvt_Shdr->Elf64_cvt_Xword1
Elf64_cvt_Sword->Elf64_cvt_Sword1
Elf64_cvt_Sword->Elf64_cvt_Sword1
Elf64_cvt_Sym->Elf64_cvt_Word1
Elf64_cvt_Sym->Elf64_cvt_Half1
Elf64_cvt_Sym->Elf64_cvt_Addr1
Elf64_cvt_Sym->Elf64_cvt_Xword1
Elf64_cvt_Word->Elf64_cvt_Word1
Elf64_cvt_Word->Elf64_cvt_Word1
Elf64_cvt_Xword->Elf64_cvt_Xword1
Elf64_cvt_Xword->Elf64_cvt_Xword1
Elf64_cvt_Sxword->Elf64_cvt_Sxword1
Elf64_cvt_Sxword->Elf64_cvt_Sxword1
Elf64_cvt_Syminfo->Elf64_cvt_Half1
Elf64_cvt_Syminfo->Elf64_cvt_Half1
Elf64_cvt_Move->Elf64_cvt_Xword1
Elf64_cvt_Move->Elf64_cvt_Xword1
Elf64_cvt_Move->Elf64_cvt_Xword1
Elf64_cvt_Move->Elf64_cvt_Half1
Elf64_cvt_Move->Elf64_cvt_Half1
Elf64_cvt_Lib->Elf64_cvt_Word1
Elf64_cvt_Lib->Elf64_cvt_Word1
Elf64_cvt_Lib->Elf64_cvt_Word1
Elf64_cvt_Lib->Elf64_cvt_Word1
Elf64_cvt_Lib->Elf64_cvt_Word1
elf_cvt_gnuhash->llvm.is.constant.i32
elf_cvt_gnuhash->llvm.is.constant.i64
elf_cvt_gnuhash->llvm.is.constant.i32
Elf64_cvt_auxv_t->Elf64_cvt_Xword1
Elf64_cvt_auxv_t->Elf64_cvt_Addr1
Elf64_cvt_Xword1->llvm.is.constant.i64
Elf64_cvt_Addr1->llvm.is.constant.i64
Elf64_cvt_Word1->llvm.is.constant.i32
Elf64_cvt_Half1->llvm.is.constant.i16
Elf64_cvt_Sxword1->llvm.is.constant.i64
Elf64_cvt_Sword1->llvm.is.constant.i32
Elf64_cvt_Off1->llvm.is.constant.i64
Elf32_cvt_Word1->llvm.is.constant.i32
Elf32_cvt_Addr1->llvm.is.constant.i32
Elf32_cvt_Xword1->llvm.is.constant.i64
Elf32_cvt_Half1->llvm.is.constant.i16
Elf32_cvt_Nhdr->Elf32_cvt_Word1
Elf32_cvt_Nhdr->Elf32_cvt_Word1
Elf32_cvt_Nhdr->Elf32_cvt_Word1
Elf32_cvt_Sxword1->llvm.is.constant.i64
Elf32_cvt_Sword1->llvm.is.constant.i32
Elf32_cvt_Off1->llvm.is.constant.i32
elf32_getehdr->__libelf_seterrno
elf32_getehdr->__libelf_seterrno
elf64_getehdr->__libelf_seterrno
elf64_getehdr->__libelf_seterrno
gelf_getehdr->__libelf_seterrno
gelf_getehdr->__libelf_seterrno
gelf_getehdr->llvm.memcpy.p0i8.p0i8.i64
gelf_getehdr->llvm.memcpy.p0i8.p0i8.i64
elf32_newehdr->__libelf_seterrno
elf32_newehdr->__libelf_seterrno
elf32_newehdr->llvm.memset.p0i8.i64
elf64_newehdr->__libelf_seterrno
elf64_newehdr->__libelf_seterrno
elf64_newehdr->llvm.memset.p0i8.i64
gelf_newehdr->elf32_newehdr
gelf_newehdr->elf64_newehdr
gelf_update_ehdr->__libelf_seterrno
gelf_update_ehdr->__libelf_seterrno
gelf_update_ehdr->__libelf_seterrno
gelf_update_ehdr->llvm.memcpy.p0i8.p0i8.i64
gelf_update_ehdr->__libelf_seterrno
gelf_update_ehdr->llvm.memcpy.p0i8.p0i8.i64
elf32_getphdr->__libelf_seterrno
elf32_getphdr->__libelf_seterrno
elf32_getphdr->__libelf_seterrno
elf32_getphdr->malloc
elf32_getphdr->__libelf_seterrno
elf32_getphdr->__assert_fail
elf32_getphdr->llvm.is.constant.i32
elf32_getphdr->llvm.is.constant.i32
elf32_getphdr->llvm.is.constant.i32
elf32_getphdr->llvm.is.constant.i32
elf32_getphdr->llvm.is.constant.i32
elf32_getphdr->llvm.is.constant.i32
elf32_getphdr->llvm.is.constant.i32
elf32_getphdr->llvm.is.constant.i32
elf32_getphdr->malloc
elf32_getphdr->__libelf_seterrno
elf32_getphdr->pread
elf32_getphdr->__errno_location
elf32_getphdr->__libelf_seterrno
elf32_getphdr->free
elf32_getphdr->llvm.is.constant.i32
elf32_getphdr->llvm.is.constant.i32
elf32_getphdr->llvm.is.constant.i32
elf32_getphdr->llvm.is.constant.i32
elf32_getphdr->llvm.is.constant.i32
elf32_getphdr->llvm.is.constant.i32
elf32_getphdr->llvm.is.constant.i32
elf32_getphdr->llvm.is.constant.i32
elf32_getphdr->__libelf_seterrno
elf64_getphdr->__libelf_seterrno
elf64_getphdr->__libelf_seterrno
elf64_getphdr->__libelf_seterrno
elf64_getphdr->malloc
elf64_getphdr->__libelf_seterrno
elf64_getphdr->__assert_fail
elf64_getphdr->llvm.is.constant.i32
elf64_getphdr->llvm.is.constant.i64
elf64_getphdr->llvm.is.constant.i64
elf64_getphdr->llvm.is.constant.i64
elf64_getphdr->llvm.is.constant.i64
elf64_getphdr->llvm.is.constant.i64
elf64_getphdr->llvm.is.constant.i32
elf64_getphdr->llvm.is.constant.i64
elf64_getphdr->malloc
elf64_getphdr->__libelf_seterrno
elf64_getphdr->pread
elf64_getphdr->__errno_location
elf64_getphdr->__libelf_seterrno
elf64_getphdr->free
elf64_getphdr->llvm.is.constant.i32
elf64_getphdr->llvm.is.constant.i64
elf64_getphdr->llvm.is.constant.i64
elf64_getphdr->llvm.is.constant.i64
elf64_getphdr->llvm.is.constant.i64
elf64_getphdr->llvm.is.constant.i64
elf64_getphdr->llvm.is.constant.i32
elf64_getphdr->llvm.is.constant.i64
elf64_getphdr->__libelf_seterrno
gelf_getphdr->__libelf_seterrno
gelf_getphdr->__libelf_seterrno
gelf_getphdr->__libelf_seterrno
gelf_getphdr->__libelf_seterrno
gelf_getphdr->llvm.memcpy.p0i8.p0i8.i64
gelf_getphdr->elf32_getphdr
gelf_getphdr->elf64_getphdr
elf32_newphdr->__libelf_seterrno
elf32_newphdr->__libelf_seterrno
elf32_newphdr->__libelf_seterrno
elf32_newphdr->free
elf32_newphdr->__libelf_seterrno
elf32_newphdr->realloc
elf32_newphdr->__libelf_seterrno
elf32_newphdr->llvm.memset.p0i8.i64
elf32_newphdr->__assert_fail
elf64_newphdr->__libelf_seterrno
elf64_newphdr->__libelf_seterrno
elf64_newphdr->__libelf_seterrno
elf64_newphdr->free
elf64_newphdr->__libelf_seterrno
elf64_newphdr->realloc
elf64_newphdr->__libelf_seterrno
elf64_newphdr->llvm.memset.p0i8.i64
elf64_newphdr->__assert_fail
gelf_newphdr->elf32_newphdr
gelf_newphdr->elf64_newphdr
gelf_update_phdr->__libelf_seterrno
gelf_update_phdr->__libelf_seterrno
gelf_update_phdr->__libelf_seterrno
gelf_update_phdr->__libelf_seterrno
gelf_update_phdr->llvm.memcpy.p0i8.p0i8.i64
gelf_update_phdr->elf64_getphdr
gelf_update_phdr->elf32_getphdr
elf_getarhdr->__libelf_seterrno
elf_getarhdr->__libelf_next_arhdr
elf_getarhdr->__assert_fail
elf_getarsym->__libelf_seterrno
elf_getarsym->__libelf_seterrno
elf_getarsym->__assert_fail
elf_getarsym->pread
elf_getarsym->__errno_location
elf_getarsym->__libelf_seterrno
elf_getarsym->__libelf_seterrno
elf_getarsym->memcmp
elf_getarsym->__libelf_seterrno
elf_getarsym->memcmp
elf_getarsym->__libelf_seterrno
elf_getarsym->pread
elf_getarsym->__errno_location
elf_getarsym->__libelf_seterrno
elf_getarsym->llvm.is.constant.i32
elf_getarsym->llvm.memcpy.p0i8.p0i8.i64
elf_getarsym->atol
elf_getarsym->__libelf_seterrno
elf_getarsym->malloc
elf_getarsym->realloc
elf_getarsym->free
elf_getarsym->__libelf_seterrno
elf_getarsym->pread
elf_getarsym->__errno_location
elf_getarsym->pread
elf_getarsym->__errno_location
elf_getarsym->free
elf_getarsym->__libelf_seterrno
elf_getarsym->llvm.is.constant.i32
elf_getarsym->_dl_elf_hash.33
elf_getarsym->rawmemchr
elf_rawfile->__libelf_seterrno
elf_rawfile->__libelf_readall
__libelf_readall->__libelf_seterrno
__libelf_readall->libelf_acquire_all
__libelf_readall->malloc
__libelf_readall->pread
__libelf_readall->__errno_location
__libelf_readall->__libelf_seterrno
__libelf_readall->free
__libelf_readall->set_address
__libelf_readall->__libelf_seterrno
__libelf_readall->libelf_release_all
libelf_acquire_all->libelf_acquire_all
set_address->set_address
libelf_release_all->libelf_release_all
elf_cntl->__libelf_seterrno
elf_cntl->__libelf_readall
elf_cntl->__libelf_seterrno
elf_getscn->__libelf_seterrno
elf_getscn->__libelf_seterrno
elf_getscn->__libelf_seterrno
elf_nextscn->__assert_fail
elf_newscn->__assert_fail
elf_newscn->__assert_fail
elf_newscn->calloc
elf_newscn->__libelf_seterrno
elf_newscn->calloc
elf_newscn->__libelf_seterrno
elf_newscn->calloc
elf_newscn->__libelf_seterrno
elf32_getshdr->__libelf_seterrno
elf32_getshdr->__libelf_seterrno
elf32_getshdr->malloc
elf32_getshdr->__libelf_seterrno
elf32_getshdr->__assert_fail
elf32_getshdr->__assert_fail
elf32_getshdr->llvm.is.constant.i32
elf32_getshdr->llvm.is.constant.i32
elf32_getshdr->llvm.is.constant.i32
elf32_getshdr->llvm.is.constant.i32
elf32_getshdr->llvm.is.constant.i32
elf32_getshdr->llvm.is.constant.i32
elf32_getshdr->llvm.is.constant.i32
elf32_getshdr->llvm.is.constant.i32
elf32_getshdr->llvm.is.constant.i32
elf32_getshdr->llvm.is.constant.i32
elf32_getshdr->pread
elf32_getshdr->__errno_location
elf32_getshdr->__libelf_seterrno
elf32_getshdr->llvm.is.constant.i32
elf32_getshdr->llvm.is.constant.i32
elf32_getshdr->llvm.is.constant.i32
elf32_getshdr->llvm.is.constant.i32
elf32_getshdr->llvm.is.constant.i32
elf32_getshdr->llvm.is.constant.i32
elf32_getshdr->llvm.is.constant.i32
elf32_getshdr->llvm.is.constant.i32
elf32_getshdr->llvm.is.constant.i32
elf32_getshdr->llvm.is.constant.i32
elf32_getshdr->__libelf_seterrno
elf32_getshdr->free
elf32_getshdr->__assert_fail
elf32_getshdr->elf_getshnum
elf64_getshdr->__libelf_seterrno
elf64_getshdr->__libelf_seterrno
elf64_getshdr->malloc
elf64_getshdr->__libelf_seterrno
elf64_getshdr->__assert_fail
elf64_getshdr->__assert_fail
elf64_getshdr->llvm.is.constant.i32
elf64_getshdr->llvm.is.constant.i32
elf64_getshdr->llvm.is.constant.i64
elf64_getshdr->llvm.is.constant.i64
elf64_getshdr->llvm.is.constant.i64
elf64_getshdr->llvm.is.constant.i64
elf64_getshdr->llvm.is.constant.i32
elf64_getshdr->llvm.is.constant.i32
elf64_getshdr->llvm.is.constant.i64
elf64_getshdr->llvm.is.constant.i64
elf64_getshdr->pread
elf64_getshdr->__errno_location
elf64_getshdr->__libelf_seterrno
elf64_getshdr->llvm.is.constant.i32
elf64_getshdr->llvm.is.constant.i32
elf64_getshdr->llvm.is.constant.i64
elf64_getshdr->llvm.is.constant.i64
elf64_getshdr->llvm.is.constant.i64
elf64_getshdr->llvm.is.constant.i64
elf64_getshdr->llvm.is.constant.i32
elf64_getshdr->llvm.is.constant.i32
elf64_getshdr->llvm.is.constant.i64
elf64_getshdr->llvm.is.constant.i64
elf64_getshdr->__libelf_seterrno
elf64_getshdr->free
elf64_getshdr->__assert_fail
elf64_getshdr->elf_getshnum
gelf_getshdr->__libelf_seterrno
gelf_getshdr->__libelf_seterrno
gelf_getshdr->__libelf_seterrno
gelf_getshdr->llvm.memcpy.p0i8.p0i8.i64
gelf_getshdr->elf32_getshdr
gelf_getshdr->elf64_getshdr
gelf_update_shdr->__libelf_seterrno
gelf_update_shdr->__libelf_seterrno
gelf_update_shdr->__libelf_seterrno
gelf_update_shdr->llvm.memcpy.p0i8.p0i8.i64
gelf_update_shdr->elf32_getshdr
gelf_update_shdr->elf64_getshdr
elf_strptr->__libelf_seterrno
elf_strptr->__libelf_seterrno
elf_strptr->__libelf_seterrno
elf_strptr->__libelf_seterrno
elf_strptr->__libelf_seterrno
elf_strptr->__libelf_seterrno
elf_strptr->__libelf_seterrno
elf_strptr->__libelf_set_rawdata
elf_rawdata->__libelf_seterrno
elf_rawdata->__libelf_seterrno
elf_rawdata->__libelf_set_rawdata
__libelf_set_rawdata->__libelf_seterrno
__libelf_set_rawdata->__libelf_seterrno
__libelf_set_rawdata->malloc
__libelf_set_rawdata->__libelf_seterrno
__libelf_set_rawdata->pread
__libelf_set_rawdata->__errno_location
__libelf_set_rawdata->free
__libelf_set_rawdata->__libelf_seterrno
__libelf_set_rawdata->__libelf_seterrno
__libelf_set_rawdata->elf32_getshdr
__libelf_set_rawdata->elf64_getshdr
__libelf_set_rawdata->gelf_getehdr
__libelf_set_rawdata->gelf_getehdr
__libelf_set_rawdata->gelf_getehdr
__libelf_set_rawdata->gelf_getehdr
__libelf_set_rawdata->gelf_getehdr
__libelf_set_rawdata->gelf_getehdr
elf_getdata->__libelf_seterrno
elf_getdata->__libelf_seterrno
elf_getdata->__libelf_seterrno
elf_getdata->__libelf_set_rawdata
elf_getdata->convert_data
elf_getdata->llvm.memcpy.p0i8.p0i8.i64
convert_data->malloc
convert_data->__libelf_seterrno
convert_data->llvm.memcpy.p0i8.p0i8.i64
convert_data->malloc
convert_data->__libelf_seterrno
convert_data->elf_cvt_Byte
convert_data->Elf32_cvt_Addr
convert_data->Elf32_cvt_Dyn
convert_data->Elf32_cvt_Ehdr
convert_data->Elf32_cvt_Half
convert_data->Elf32_cvt_Off
convert_data->Elf32_cvt_Phdr
convert_data->Elf32_cvt_Rela
convert_data->Elf32_cvt_Rel
convert_data->Elf32_cvt_Shdr
convert_data->Elf32_cvt_Sword
convert_data->Elf32_cvt_Sym
convert_data->Elf32_cvt_Word
convert_data->Elf32_cvt_Xword
convert_data->Elf32_cvt_Sxword
convert_data->elf_cvt_Verdef
convert_data->elf_cvt_Verneed
convert_data->elf_cvt_note
convert_data->Elf32_cvt_Syminfo
convert_data->Elf32_cvt_Move
convert_data->Elf32_cvt_Lib
convert_data->Elf32_cvt_auxv_t
convert_data->Elf64_cvt_Addr
convert_data->Elf64_cvt_Dyn
convert_data->Elf64_cvt_Ehdr
convert_data->Elf64_cvt_Half
convert_data->Elf64_cvt_Off
convert_data->Elf64_cvt_Phdr
convert_data->Elf64_cvt_Rela
convert_data->Elf64_cvt_Rel
convert_data->Elf64_cvt_Shdr
convert_data->Elf64_cvt_Sword
convert_data->Elf64_cvt_Sym
convert_data->Elf64_cvt_Word
convert_data->Elf64_cvt_Xword
convert_data->Elf64_cvt_Sxword
convert_data->Elf64_cvt_Syminfo
convert_data->Elf64_cvt_Move
convert_data->Elf64_cvt_Lib
convert_data->elf_cvt_gnuhash
convert_data->Elf64_cvt_auxv_t
elf_newdata->__libelf_seterrno
elf_newdata->__libelf_seterrno
elf_newdata->calloc
elf_newdata->__libelf_seterrno
elf_getdata_rawchunk->__libelf_seterrno
elf_getdata_rawchunk->__libelf_seterrno
elf_getdata_rawchunk->__libelf_seterrno
elf_getdata_rawchunk->malloc
elf_getdata_rawchunk->__libelf_seterrno
elf_getdata_rawchunk->pread
elf_getdata_rawchunk->__errno_location
elf_getdata_rawchunk->free
elf_getdata_rawchunk->__libelf_seterrno
elf_getdata_rawchunk->__assert_fail
elf_getdata_rawchunk->malloc
elf_getdata_rawchunk->llvm.memcpy.p0i8.p0i8.i64
elf_getdata_rawchunk->malloc
elf_getdata_rawchunk->calloc
elf_getdata_rawchunk->free
elf_getdata_rawchunk->elf_cvt_Byte
elf_getdata_rawchunk->Elf32_cvt_Addr
elf_getdata_rawchunk->Elf32_cvt_Dyn
elf_getdata_rawchunk->Elf32_cvt_Ehdr
elf_getdata_rawchunk->Elf32_cvt_Half
elf_getdata_rawchunk->Elf32_cvt_Off
elf_getdata_rawchunk->Elf32_cvt_Phdr
elf_getdata_rawchunk->Elf32_cvt_Rela
elf_getdata_rawchunk->Elf32_cvt_Rel
elf_getdata_rawchunk->Elf32_cvt_Shdr
elf_getdata_rawchunk->Elf32_cvt_Sword
elf_getdata_rawchunk->Elf32_cvt_Sym
elf_getdata_rawchunk->Elf32_cvt_Word
elf_getdata_rawchunk->Elf32_cvt_Xword
elf_getdata_rawchunk->Elf32_cvt_Sxword
elf_getdata_rawchunk->elf_cvt_Verdef
elf_getdata_rawchunk->elf_cvt_Verneed
elf_getdata_rawchunk->elf_cvt_note
elf_getdata_rawchunk->Elf32_cvt_Syminfo
elf_getdata_rawchunk->Elf32_cvt_Move
elf_getdata_rawchunk->Elf32_cvt_Lib
elf_getdata_rawchunk->Elf32_cvt_auxv_t
elf_getdata_rawchunk->Elf64_cvt_Addr
elf_getdata_rawchunk->Elf64_cvt_Dyn
elf_getdata_rawchunk->Elf64_cvt_Ehdr
elf_getdata_rawchunk->Elf64_cvt_Half
elf_getdata_rawchunk->Elf64_cvt_Off
elf_getdata_rawchunk->Elf64_cvt_Phdr
elf_getdata_rawchunk->Elf64_cvt_Rela
elf_getdata_rawchunk->Elf64_cvt_Rel
elf_getdata_rawchunk->Elf64_cvt_Shdr
elf_getdata_rawchunk->Elf64_cvt_Sword
elf_getdata_rawchunk->Elf64_cvt_Sym
elf_getdata_rawchunk->Elf64_cvt_Word
elf_getdata_rawchunk->Elf64_cvt_Xword
elf_getdata_rawchunk->Elf64_cvt_Sxword
elf_getdata_rawchunk->Elf64_cvt_Syminfo
elf_getdata_rawchunk->Elf64_cvt_Move
elf_getdata_rawchunk->Elf64_cvt_Lib
elf_getdata_rawchunk->elf_cvt_gnuhash
elf_getdata_rawchunk->Elf64_cvt_auxv_t
elf_flagelf->__libelf_seterrno
elf_flagelf->__libelf_seterrno
elf_flagehdr->__libelf_seterrno
elf_flagehdr->__libelf_seterrno
elf_flagphdr->__libelf_seterrno
elf_flagphdr->__libelf_seterrno
elf_flagscn->__libelf_seterrno
elf_flagscn->__libelf_seterrno
elf_flagshdr->__libelf_seterrno
elf_flagshdr->__libelf_seterrno
elf_flagdata->__libelf_seterrno
elf_flagdata->__libelf_seterrno
elf_memory->__libelf_seterrno
elf_memory->__libelf_read_mmaped_file
elf_update->__libelf_seterrno
elf_update->__libelf_seterrno
elf_update->__libelf_seterrno
elf_update->__elf32_updatenull
elf_update->__elf64_updatenull
elf_update->__libelf_seterrno
elf_update->__libelf_seterrno
elf_update->write_file.53
write_file.53->fstat
write_file.53->__libelf_seterrno
write_file.53->ftruncate
write_file.53->__libelf_seterrno
write_file.53->mmap
write_file.53->__elf32_updatemmap
write_file.53->__elf64_updatemmap
write_file.53->__elf32_updatefile
write_file.53->__elf64_updatefile
write_file.53->ftruncate
write_file.53->__libelf_seterrno
write_file.53->fchmod
write_file.53->__libelf_seterrno
