evhttp_uri_set_fragment->end_of_path
evhttp_uri_set_fragment->strlen
evhttp_uri_set_fragment->event_mm_free_
evhttp_uri_set_fragment->event_mm_strdup_
evhttp_uri_set_fragment->event_warn
evhttp_uri_set_query->end_of_path
evhttp_uri_set_query->strlen
evhttp_uri_set_query->event_mm_free_
evhttp_uri_set_query->event_mm_strdup_
evhttp_uri_set_query->event_warn
evhttp_uri_set_path->end_of_path
evhttp_uri_set_path->strlen
evhttp_uri_set_path->event_mm_free_
evhttp_uri_set_path->event_mm_strdup_
evhttp_uri_set_path->event_warn
evhttp_uri_set_host->strlen
evhttp_uri_set_host->bracket_addr_ok
evhttp_uri_set_host->strlen
evhttp_uri_set_host->regname_ok
evhttp_uri_set_host->event_mm_free_
evhttp_uri_set_host->event_mm_strdup_
evhttp_uri_set_host->event_warn
evhttp_uri_set_userinfo->strlen
evhttp_uri_set_userinfo->userinfo_ok
evhttp_uri_set_userinfo->event_mm_free_
evhttp_uri_set_userinfo->event_mm_strdup_
evhttp_uri_set_userinfo->event_warn
evhttp_uri_set_scheme->strlen
evhttp_uri_set_scheme->scheme_ok
evhttp_uri_set_scheme->event_mm_free_
evhttp_uri_set_scheme->event_mm_strdup_
evhttp_uri_set_scheme->event_warn
evhttp_uri_join->evbuffer_new
evhttp_uri_join->strlen
evhttp_uri_join->evbuffer_add
evhttp_uri_join->evbuffer_add
evhttp_uri_join->evbuffer_add
evhttp_uri_join->evbuffer_add_printf
evhttp_uri_join->strlen
evhttp_uri_join->evbuffer_add
evhttp_uri_join->evbuffer_add_printf
evhttp_uri_join->strlen
evhttp_uri_join->evbuffer_add
evhttp_uri_join->evbuffer_add
evhttp_uri_join->strlen
evhttp_uri_join->evbuffer_add
evhttp_uri_join->evbuffer_add
evhttp_uri_join->strlen
evhttp_uri_join->evbuffer_add
evhttp_uri_join->evbuffer_add
evhttp_uri_join->evbuffer_get_length
evhttp_uri_join->evbuffer_free
evhttp_uri_join->evbuffer_remove
evhttp_uri_join->evbuffer_free
evhttp_uri_new->event_mm_calloc_
evhttp_request_get_evhttp_uri->event_debugx_
evhttp_request_get_uri->event_debugx_
evhttp_del_cb->strcmp
evhttp_del_cb->event_mm_free_
evhttp_del_cb->event_mm_free_
evhttp_set_cb->strcmp
evhttp_set_cb->event_mm_calloc_
evhttp_set_cb->event_warn
evhttp_set_cb->event_mm_strdup_
evhttp_set_cb->event_warn
evhttp_set_cb->event_mm_free_
evhttp_set_timeout_tv->llvm.memcpy.p0i8.p0i8.i64
evhttp_set_timeout->evhttp_set_timeout_tv
evhttp_set_timeout->evhttp_set_timeout_tv
evhttp_remove_server_alias->evutil_ascii_strcasecmp
evhttp_remove_server_alias->event_mm_free_
evhttp_remove_server_alias->event_mm_free_
evhttp_add_server_alias->event_mm_calloc_
evhttp_add_server_alias->event_mm_strdup_
evhttp_add_server_alias->event_mm_free_
evhttp_remove_virtual_host->event_mm_free_
evhttp_add_virtual_host->event_mm_strdup_
evhttp_free->evconnlistener_free
evhttp_free->event_mm_free_
evhttp_free->evhttp_connection_free
evhttp_free->event_mm_free_
evhttp_free->event_mm_free_
evhttp_free->evhttp_free
evhttp_free->event_mm_free_
evhttp_free->event_mm_free_
evhttp_free->event_mm_free_
evhttp_free->event_mm_free_
evhttp_start->evhttp_new_object
evhttp_start->evhttp_bind_socket
evhttp_start->event_mm_free_
evhttp_new_object->event_mm_calloc_
evhttp_new_object->event_warn
evhttp_new_object->evhttp_set_max_headers_size
evhttp_new_object->evhttp_set_max_body_size
evhttp_new_object->evhttp_set_default_content_type
evhttp_new_object->evhttp_set_allowed_methods
evhttp_new->evhttp_new_object
evhttp_del_accept_socket->evconnlistener_free
evhttp_del_accept_socket->event_mm_free_
evhttp_bound_socket_get_fd->evconnlistener_get_fd
evhttp_accept_socket->evhttp_accept_socket_with_handle
name_from_addr->getnameinfo
name_from_addr->event_err
name_from_addr->gai_strerror
name_from_addr->event_errx
name_from_addr->event_mm_strdup_
name_from_addr->event_mm_strdup_
evhttp_get_request_connection->name_from_addr
evhttp_get_request_connection->event_mm_free_
evhttp_get_request_connection->event_mm_free_
evhttp_get_request_connection->event_debugx_
evhttp_get_request_connection->atoi
evhttp_get_request_connection->evhttp_connection_base_bufferevent_new
evhttp_get_request_connection->event_mm_free_
evhttp_get_request_connection->event_mm_free_
evhttp_get_request_connection->bufferevent_enable
evhttp_get_request_connection->bufferevent_disable
evhttp_get_request_connection->bufferevent_setfd
evhttp_get_request->evhttp_get_request_connection
evhttp_get_request->event_sock_warn
evhttp_get_request->evutil_closesocket
evhttp_get_request->evhttp_connection_set_timeout_tv
evhttp_get_request->evhttp_associate_new_request_with_connection
evhttp_get_request->evhttp_connection_free
accept_socket_cb->evhttp_get_request
evhttp_bind_listener->event_mm_malloc_
evhttp_bind_listener->evconnlistener_set_cb
evhttp_accept_socket_with_handle->evconnlistener_new
evhttp_accept_socket_with_handle->evhttp_bind_listener
evhttp_accept_socket_with_handle->evconnlistener_free
evhttp_bind_socket_with_handle->bind_socket
evhttp_bind_socket_with_handle->listen
evhttp_bind_socket_with_handle->event_sock_warn
evhttp_bind_socket_with_handle->evutil_closesocket
evhttp_bind_socket_with_handle->evhttp_accept_socket_with_handle
evhttp_bind_socket_with_handle->event_debugx_
evhttp_bind_socket->evhttp_bind_socket_with_handle
evhttp_parse_query_str->evhttp_parse_query_impl
evhttp_uri_parse->evhttp_uri_parse_with_flags
evhttp_parse_query_impl->evhttp_uri_parse
evhttp_parse_query_impl->evhttp_uri_get_query
evhttp_parse_query_impl->strlen
evhttp_parse_query_impl->event_mm_strdup_
evhttp_parse_query_impl->event_warn
evhttp_parse_query_impl->strsep
evhttp_parse_query_impl->strsep
evhttp_parse_query_impl->strlen
evhttp_parse_query_impl->event_mm_malloc_
evhttp_parse_query_impl->event_warn
evhttp_parse_query_impl->strlen
evhttp_parse_query_impl->evhttp_decode_uri_internal
evhttp_parse_query_impl->event_debugx_
evhttp_parse_query_impl->evhttp_add_header_internal
evhttp_parse_query_impl->event_mm_free_
evhttp_parse_query_impl->evhttp_clear_headers
evhttp_parse_query_impl->event_mm_free_
evhttp_parse_query_impl->evhttp_uri_free
evhttp_parse_query->evhttp_parse_query_impl
evhttp_uridecode->strlen
evhttp_uridecode->event_mm_malloc_
evhttp_uridecode->strlen
evhttp_uridecode->event_warn
evhttp_uridecode->strlen
evhttp_uridecode->evhttp_decode_uri_internal
evhttp_uridecode->event_errx
evhttp_decode_uri->strlen
evhttp_decode_uri->event_mm_malloc_
evhttp_decode_uri->strlen
evhttp_decode_uri->event_warn
evhttp_decode_uri->strlen
evhttp_decode_uri->evhttp_decode_uri_internal
evhttp_encode_uri->evhttp_uriencode
evhttp_uriencode->evbuffer_new
evhttp_uriencode->strlen
evhttp_uriencode->evbuffer_add
evhttp_uriencode->evbuffer_add
evhttp_uriencode->evbuffer_add_printf
evhttp_uriencode->evbuffer_add
evhttp_uriencode->evbuffer_get_length
evhttp_uriencode->event_mm_malloc_
evhttp_uriencode->evbuffer_get_length
evhttp_uriencode->evbuffer_remove
evhttp_uriencode->evbuffer_free
evhttp_send_reply_end->evhttp_request_free
evhttp_send_reply_end->bufferevent_get_output
evhttp_send_reply_end->evbuffer_add
evhttp_send_reply_end->evhttp_write_buffer
evhttp_send_reply_end->evbuffer_get_length
evhttp_send_reply_end->evhttp_send_done
evhttp_send_reply_chunk->evhttp_send_reply_chunk_with_cb
evhttp_send_reply_chunk_with_cb->bufferevent_get_output
evhttp_send_reply_chunk_with_cb->evbuffer_get_length
evhttp_send_reply_chunk_with_cb->evhttp_response_needs_body
evhttp_send_reply_chunk_with_cb->evbuffer_get_length
evhttp_send_reply_chunk_with_cb->evbuffer_add_printf
evhttp_send_reply_chunk_with_cb->evbuffer_add_buffer
evhttp_send_reply_chunk_with_cb->evbuffer_add
evhttp_send_reply_chunk_with_cb->evhttp_write_buffer
evhttp_send_reply_start->evhttp_response_code_
evhttp_send_reply_start->evhttp_find_header
evhttp_send_reply_start->evhttp_response_needs_body
evhttp_send_reply_start->evhttp_add_header
evhttp_send_reply_start->evhttp_make_header
evhttp_send_reply_start->evhttp_write_buffer
evhttp_send_reply->evhttp_response_code_
evhttp_send_reply->evhttp_send
evhttp_cancel_request->evhttp_connection_fail_
evhttp_cancel_request->evhttp_request_free_auto
evhttp_make_request->event_mm_free_
evhttp_make_request->event_mm_strdup_
evhttp_make_request->event_warn
evhttp_make_request->evhttp_request_free_auto
evhttp_make_request->event_errx
evhttp_make_request->event_errx
evhttp_make_request->evhttp_connected
evhttp_make_request->evhttp_connection_connect_
evhttp_make_request->evhttp_request_dispatch
evhttp_connection_set_initial_retry_tv->llvm.memcpy.p0i8.p0i8.i64
evhttp_connection_set_timeout_tv->llvm.memcpy.p0i8.p0i8.i64
evhttp_connection_set_timeout_tv->bufferevent_set_timeouts
evhttp_connection_set_timeout_tv->llvm.memcpy.p0i8.p0i8.i64
evhttp_connection_set_timeout_tv->llvm.memcpy.p0i8.p0i8.i64
evhttp_connection_set_timeout_tv->bufferevent_set_timeouts
evhttp_connection_set_timeout->evhttp_connection_set_timeout_tv
evhttp_connection_set_timeout->evhttp_connection_set_timeout_tv
evhttp_connection_set_base->event_errx
evhttp_connection_set_base->event_errx
evhttp_connection_set_base->bufferevent_base_set
evhttp_deferred_read_cb->evhttp_read_cb
evhttp_connection_base_bufferevent_new->event_debugx_
evhttp_connection_base_bufferevent_new->event_mm_calloc_
evhttp_connection_base_bufferevent_new->event_warn
evhttp_connection_base_bufferevent_new->event_mm_strdup_
evhttp_connection_base_bufferevent_new->event_warn
evhttp_connection_base_bufferevent_new->bufferevent_socket_new
evhttp_connection_base_bufferevent_new->event_warn
evhttp_connection_base_bufferevent_new->bufferevent_setcb
evhttp_connection_base_bufferevent_new->bufferevent_get_base
evhttp_connection_base_bufferevent_new->bufferevent_base_set
evhttp_connection_base_bufferevent_new->bufferevent_get_priority
evhttp_connection_base_bufferevent_new->event_deferred_cb_init_
evhttp_connection_base_bufferevent_new->evhttp_connection_free
evhttp_connection_base_new->evhttp_connection_base_bufferevent_new
evhttp_connection_new->evhttp_connection_base_new
evhttp_connection_set_local_port->event_errx
evhttp_connection_set_local_address->event_errx
evhttp_connection_set_local_address->event_mm_free_
evhttp_connection_set_local_address->event_mm_strdup_
evhttp_connection_set_local_address->event_warn
make_addrinfo->llvm.memset.p0i8.i64
make_addrinfo->evutil_snprintf
make_addrinfo->evutil_getaddrinfo
make_addrinfo->event_warn
make_addrinfo->evutil_gai_strerror
make_addrinfo->event_warnx
bind_socket_ai->evutil_socket_
bind_socket_ai->event_sock_warn
bind_socket_ai->setsockopt
bind_socket_ai->evutil_make_listen_socket_reuseable
bind_socket_ai->bind
bind_socket_ai->__errno_location
bind_socket_ai->evutil_closesocket
bind_socket_ai->__errno_location
evhttp_connection_read_on_write_error->evhttp_connection_fail_
evhttp_connection_read_on_write_error->bufferevent_get_output
evhttp_connection_read_on_write_error->evbuffer_unfreeze
evhttp_connection_read_on_write_error->evbuffer_get_length
evhttp_connection_read_on_write_error->evbuffer_drain
evhttp_connection_read_on_write_error->evbuffer_freeze
evhttp_connection_read_on_write_error->evhttp_start_read_
regname_ok->strchr
regname_ok->EVUTIL_ISXDIGIT_
regname_ok->EVUTIL_ISXDIGIT_
bracket_addr_ok->EVUTIL_ISXDIGIT_
bracket_addr_ok->EVUTIL_ISXDIGIT_
bracket_addr_ok->strchr
bracket_addr_ok->llvm.memcpy.p0i8.p0i8.i64
bracket_addr_ok->evutil_inet_pton
parse_port->EVUTIL_ISDIGIT_
userinfo_ok->strchr
userinfo_ok->EVUTIL_ISXDIGIT_
userinfo_ok->EVUTIL_ISXDIGIT_
end_of_path->strlen
end_of_path->strchr
end_of_path->EVUTIL_ISXDIGIT_
end_of_path->EVUTIL_ISXDIGIT_
parse_authority->event_errx
parse_authority->event_mm_strdup_
parse_authority->event_warn
parse_authority->strchr
parse_authority->userinfo_ok
parse_authority->event_mm_strdup_
parse_authority->event_warn
parse_authority->EVUTIL_ISDIGIT_
parse_authority->parse_port
parse_authority->event_errx
parse_authority->bracket_addr_ok
parse_authority->regname_ok
parse_authority->event_mm_malloc_
parse_authority->event_warn
parse_authority->llvm.memcpy.p0i8.p0i8.i64
scheme_ok->event_errx
scheme_ok->EVUTIL_ISALPHA_
scheme_ok->EVUTIL_ISALNUM_
evhttp_uri_parse_with_flags->event_mm_calloc_
evhttp_uri_parse_with_flags->event_warn
evhttp_uri_parse_with_flags->event_mm_strdup_
evhttp_uri_parse_with_flags->event_warn
evhttp_uri_parse_with_flags->strchr
evhttp_uri_parse_with_flags->scheme_ok
evhttp_uri_parse_with_flags->event_mm_strdup_
evhttp_uri_parse_with_flags->event_warn
evhttp_uri_parse_with_flags->end_of_authority
evhttp_uri_parse_with_flags->parse_authority
evhttp_uri_parse_with_flags->end_of_path
evhttp_uri_parse_with_flags->end_of_path
evhttp_uri_parse_with_flags->end_of_path
evhttp_uri_parse_with_flags->path_matches_noscheme
evhttp_uri_parse_with_flags->event_errx
evhttp_uri_parse_with_flags->event_mm_strdup_
evhttp_uri_parse_with_flags->event_warn
evhttp_uri_parse_with_flags->event_mm_strdup_
evhttp_uri_parse_with_flags->event_warn
evhttp_uri_parse_with_flags->event_mm_strdup_
evhttp_uri_parse_with_flags->event_warn
evhttp_uri_parse_with_flags->event_mm_free_
evhttp_uri_parse_with_flags->evhttp_uri_free
evhttp_uri_parse_with_flags->event_mm_free_
evhttp_parse_http_version->sscanf
evhttp_parse_http_version->event_debugx_
evhttp_parse_response_line->strsep
evhttp_parse_response_line->strsep
evhttp_parse_response_line->evhttp_parse_http_version
evhttp_parse_response_line->atoi
evhttp_parse_response_line->evhttp_valid_response_code
evhttp_parse_response_line->event_debugx_
evhttp_parse_response_line->event_mm_free_
evhttp_parse_response_line->event_mm_strdup_
evhttp_parse_response_line->event_warn
evhttp_parse_request_line->strsep
evhttp_parse_request_line->strsep
evhttp_parse_request_line->strsep
evhttp_parse_request_line->event_debugx_
evhttp_parse_request_line->evhttp_parse_http_version
evhttp_parse_request_line->event_mm_strdup_
evhttp_parse_request_line->event_debugx_
evhttp_parse_request_line->evhttp_uri_parse_with_flags
evhttp_parse_request_line->evhttp_uri_get_scheme
evhttp_parse_request_line->evhttp_uri_get_host
evhttp_parse_request_line->evutil_ascii_strcasecmp
evhttp_parse_request_line->evutil_ascii_strcasecmp
evhttp_parse_request_line->evhttp_find_vhost
evhttp_parse_firstline_->evbuffer_readln
evhttp_parse_firstline_->evbuffer_get_length
evhttp_parse_firstline_->event_mm_free_
evhttp_parse_firstline_->evhttp_parse_request_line
evhttp_parse_firstline_->evhttp_parse_response_line
evhttp_parse_firstline_->event_mm_free_
evhttp_send_continue_done->bufferevent_disable
prefix_suffix_match->prefix_suffix_match
prefix_suffix_match->EVUTIL_TOLOWER_
prefix_suffix_match->EVUTIL_TOLOWER_
evhttp_find_alias->evutil_ascii_strcasecmp
evhttp_find_alias->evhttp_find_alias
evhttp_decode_uri_internal->EVUTIL_ISXDIGIT_
evhttp_decode_uri_internal->EVUTIL_ISXDIGIT_
evhttp_decode_uri_internal->strtol
evhttp_dispatch_callback->evhttp_uri_get_path
evhttp_dispatch_callback->strlen
evhttp_dispatch_callback->event_mm_malloc_
evhttp_dispatch_callback->evhttp_decode_uri_internal
evhttp_dispatch_callback->strcmp
evhttp_dispatch_callback->event_mm_free_
evhttp_dispatch_callback->event_mm_free_
evhttp_find_vhost->evhttp_find_alias
evhttp_find_vhost->prefix_suffix_match
evhttp_request_get_host->evhttp_uri_get_host
evhttp_request_get_host->evhttp_find_header
evhttp_request_get_host->strlen
evhttp_request_get_host->EVUTIL_ISDIGIT_
evhttp_request_get_host->event_mm_malloc_
evhttp_request_get_host->event_warn
evhttp_request_get_host->llvm.memcpy.p0i8.p0i8.i64
evhttp_request_new->event_mm_calloc_
evhttp_request_new->event_warn
evhttp_request_new->event_mm_calloc_
evhttp_request_new->event_warn
evhttp_request_new->event_mm_calloc_
evhttp_request_new->event_warn
evhttp_request_new->evbuffer_new
evhttp_request_new->event_warn
evhttp_request_new->evbuffer_new
evhttp_request_new->event_warn
evhttp_request_new->evhttp_request_free
evhttp_handle_request->evhttp_send_error
evhttp_handle_request->event_debugx_
evhttp_handle_request->evhttp_send_error
evhttp_handle_request->evhttp_request_get_host
evhttp_handle_request->evhttp_find_vhost
evhttp_handle_request->evhttp_dispatch_callback
evhttp_handle_request->evhttp_htmlescape
evhttp_handle_request->evhttp_connection_free
evhttp_handle_request->evbuffer_new
evhttp_handle_request->event_mm_free_
evhttp_handle_request->evhttp_connection_free
evhttp_handle_request->evhttp_response_code_
evhttp_handle_request->evbuffer_add_printf
evhttp_handle_request->event_mm_free_
evhttp_handle_request->evhttp_send_page_
evhttp_handle_request->evbuffer_free
evhttp_associate_new_request_with_connection->evhttp_request_new
evhttp_associate_new_request_with_connection->event_mm_strdup_
evhttp_associate_new_request_with_connection->event_warn
evhttp_associate_new_request_with_connection->evhttp_request_free
evhttp_associate_new_request_with_connection->evhttp_start_read_
evhttp_send_done->evhttp_is_connection_keepalive
evhttp_send_done->evhttp_is_request_connection_close
evhttp_send_done->event_errx
evhttp_send_done->evhttp_request_free
evhttp_send_done->evhttp_connection_free
evhttp_send_done->evhttp_associate_new_request_with_connection
evhttp_send_done->evhttp_connection_free
evhttp_send->evhttp_request_free
evhttp_send->event_errx
evhttp_send->evbuffer_add_buffer
evhttp_send->evhttp_make_header
evhttp_send->evhttp_write_buffer
evhttp_send_page_->evhttp_response_code_
evhttp_send_page_->evhttp_clear_headers
evhttp_send_page_->evhttp_add_header
evhttp_send_page_->evhttp_add_header
evhttp_send_page_->evhttp_send
evhttp_response_code_->event_mm_free_
evhttp_response_code_->evhttp_response_phrase_internal
evhttp_response_code_->event_mm_strdup_
evhttp_response_code_->event_warn
evhttp_send_error->evbuffer_new
evhttp_send_error->evhttp_connection_free
evhttp_send_error->evhttp_response_phrase_internal
evhttp_send_error->evhttp_response_code_
evhttp_send_error->evbuffer_add_printf
evhttp_send_error->evhttp_send_page_
evhttp_send_error->evbuffer_free
evhttp_send_continue->bufferevent_enable
evhttp_send_continue->bufferevent_get_output
evhttp_send_continue->evbuffer_add_printf
evhttp_send_continue->bufferevent_setcb
evhttp_get_body_length->evhttp_find_header
evhttp_get_body_length->evhttp_find_header
evhttp_get_body_length->evutil_ascii_strcasecmp
evhttp_get_body_length->event_warnx
evhttp_get_body_length->evutil_strtoll
evhttp_get_body_length->event_debugx_
evhttp_get_body_length->bufferevent_get_input
evhttp_get_body_length->evbuffer_get_length
evhttp_get_body_length->event_debugx_
evhttp_start_write_->bufferevent_disable
evhttp_start_write_->bufferevent_enable
evhttp_start_write_->evhttp_write_buffer
evhttp_get_body->evhttp_method_may_have_body
evhttp_get_body->evhttp_connection_done
evhttp_get_body->evhttp_find_header
evhttp_get_body->evutil_ascii_strcasecmp
evhttp_get_body->evhttp_get_body_length
evhttp_get_body->evhttp_connection_fail_
evhttp_get_body->evhttp_connection_done
evhttp_get_body->evhttp_have_expect
evhttp_get_body->evhttp_lingering_fail
evhttp_get_body->bufferevent_get_input
evhttp_get_body->evbuffer_get_length
evhttp_get_body->evhttp_send_continue
evhttp_get_body->evhttp_send_error
evhttp_get_body->evhttp_read_body
evhttp_lingering_close->bufferevent_get_input
evhttp_lingering_close->evbuffer_get_length
evhttp_lingering_close->event_debugx_
evhttp_lingering_close->evbuffer_drain
evhttp_lingering_close->evhttp_connection_fail_
evhttp_lingering_fail->evhttp_lingering_close
evhttp_lingering_fail->evhttp_connection_fail_
evhttp_handle_chunked_read->evbuffer_get_length
evhttp_handle_chunked_read->evbuffer_readln
evhttp_handle_chunked_read->strlen
evhttp_handle_chunked_read->event_mm_free_
evhttp_handle_chunked_read->evutil_strtoll
evhttp_handle_chunked_read->event_mm_free_
evhttp_handle_chunked_read->event_debugx_
evhttp_handle_chunked_read->evbuffer_remove_buffer
evhttp_handle_chunked_read->evbuffer_get_length
evhttp_handle_chunked_read->evbuffer_drain
evhttp_append_to_last_header->strlen
evhttp_append_to_last_header->evutil_rtrim_lws_
evhttp_append_to_last_header->strlen
evhttp_append_to_last_header->event_mm_realloc_
evhttp_append_to_last_header->llvm.memcpy.p0i8.p0i8.i64
evhttp_connection_start_detectclose->bufferevent_enable
evhttp_is_request_connection_close->evhttp_is_connection_close
evhttp_is_request_connection_close->evhttp_is_connection_close
evhttp_connection_done->evhttp_is_request_connection_close
evhttp_connection_done->evhttp_connection_reset_
evhttp_connection_done->evhttp_connected
evhttp_connection_done->evhttp_connection_connect_
evhttp_connection_done->evhttp_request_dispatch
evhttp_connection_done->evhttp_connection_start_detectclose
evhttp_connection_done->evhttp_request_free_auto
evhttp_connection_done->evhttp_connection_free
evhttp_parse_headers_->evbuffer_readln
evhttp_parse_headers_->event_mm_free_
evhttp_parse_headers_->evhttp_append_to_last_header
evhttp_parse_headers_->event_mm_free_
evhttp_parse_headers_->strsep
evhttp_parse_headers_->strspn
evhttp_parse_headers_->evutil_rtrim_lws_
evhttp_parse_headers_->evhttp_add_header
evhttp_parse_headers_->event_mm_free_
evhttp_parse_headers_->evbuffer_get_length
evhttp_parse_headers_->event_mm_free_
evhttp_read_trailer->bufferevent_get_input
evhttp_read_trailer->evhttp_parse_headers_
evhttp_read_trailer->evhttp_connection_fail_
evhttp_read_trailer->bufferevent_disable
evhttp_read_trailer->evhttp_connection_done
evhttp_read_body->bufferevent_get_input
evhttp_read_body->evhttp_handle_chunked_read
evhttp_read_body->evhttp_read_trailer
evhttp_read_body->evhttp_connection_fail_
evhttp_read_body->evhttp_request_free_auto
evhttp_read_body->evbuffer_get_length
evhttp_read_body->evhttp_connection_fail_
evhttp_read_body->evbuffer_get_length
evhttp_read_body->evbuffer_add_buffer
evhttp_read_body->evbuffer_get_length
evhttp_read_body->evbuffer_get_length
evhttp_read_body->evbuffer_remove_buffer
evhttp_read_body->evhttp_lingering_fail
evhttp_read_body->evbuffer_get_length
evhttp_read_body->evbuffer_get_length
evhttp_read_body->evbuffer_drain
evhttp_read_body->evhttp_request_free_auto
evhttp_read_body->bufferevent_disable
evhttp_read_body->evhttp_connection_done
evhttp_read_header->bufferevent_get_input
evhttp_read_header->evhttp_parse_headers_
evhttp_read_header->event_debugx_
evhttp_read_header->evhttp_connection_fail_
evhttp_read_header->evhttp_connection_fail_
evhttp_read_header->event_debugx_
evhttp_read_header->evhttp_get_body
evhttp_read_header->bufferevent_get_output
evhttp_read_header->evbuffer_add_buffer
evhttp_read_header->evhttp_start_write_
evhttp_read_header->evhttp_response_needs_body
evhttp_read_header->event_debugx_
evhttp_read_header->evhttp_connection_done
evhttp_read_header->event_debugx_
evhttp_read_header->evhttp_get_body
evhttp_read_header->event_warnx
evhttp_read_header->evhttp_connection_fail_
evhttp_read_firstline->bufferevent_get_input
evhttp_read_firstline->evhttp_parse_firstline_
evhttp_read_firstline->event_debugx_
evhttp_read_firstline->evhttp_connection_fail_
evhttp_read_firstline->evhttp_read_header
evhttp_add_header_internal->event_mm_calloc_
evhttp_add_header_internal->event_warn
evhttp_add_header_internal->event_mm_strdup_
evhttp_add_header_internal->event_mm_free_
evhttp_add_header_internal->event_warn
evhttp_add_header_internal->event_mm_strdup_
evhttp_add_header_internal->event_mm_free_
evhttp_add_header_internal->event_mm_free_
evhttp_add_header_internal->event_warn
evhttp_header_is_valid_value->strpbrk
evhttp_header_is_valid_value->strspn
evdns_getaddrinfo_timeout_cb->evdns_cancel_request
evdns_getaddrinfo_timeout_cb->evdns_cancel_request
evdns_getaddrinfo_timeout_cb->event_errx
evdns_getaddrinfo_timeout_cb->add_cname_to_reply
evdns_getaddrinfo_timeout_cb->free_getaddrinfo_request
evdns_base_resolve_ipv6->evdns_log_
evdns_base_resolve_ipv6->event_mm_calloc_
evdns_base_resolve_ipv6->request_new
evdns_base_resolve_ipv6->request_submit
evdns_base_resolve_ipv6->search_request_new
evdns_base_resolve_ipv6->event_mm_free_
evdns_base_resolve_ipv4->evdns_log_
evdns_base_resolve_ipv4->event_mm_calloc_
evdns_base_resolve_ipv4->request_new
evdns_base_resolve_ipv4->request_submit
evdns_base_resolve_ipv4->search_request_new
evdns_base_resolve_ipv4->event_mm_free_
evdns_getaddrinfo_gotresolve->event_errx
evdns_getaddrinfo_gotresolve->evdns_result_is_answer
evdns_getaddrinfo_gotresolve->free_getaddrinfo_request
evdns_getaddrinfo_gotresolve->free_getaddrinfo_request
evdns_getaddrinfo_gotresolve->evdns_err_to_getaddrinfo_err
evdns_getaddrinfo_gotresolve->evdns_getaddrinfo_set_timeout
evdns_getaddrinfo_gotresolve->add_cname_to_reply
evdns_getaddrinfo_gotresolve->getaddrinfo_merge_err
evdns_getaddrinfo_gotresolve->free_getaddrinfo_request
evdns_getaddrinfo_gotresolve->free_getaddrinfo_request
evdns_getaddrinfo_gotresolve->event_errx
evdns_getaddrinfo_gotresolve->llvm.memset.p0i8.i64
evdns_getaddrinfo_gotresolve->htons
evdns_getaddrinfo_gotresolve->llvm.memset.p0i8.i64
evdns_getaddrinfo_gotresolve->htons
evdns_getaddrinfo_gotresolve->llvm.memcpy.p0i8.p0i8.i64
evdns_getaddrinfo_gotresolve->evutil_new_addrinfo_
evdns_getaddrinfo_gotresolve->evdns_cancel_request
evdns_getaddrinfo_gotresolve->evutil_freeaddrinfo
evdns_getaddrinfo_gotresolve->free_getaddrinfo_request
evdns_getaddrinfo_gotresolve->evutil_addrinfo_append_
evdns_getaddrinfo_gotresolve->evdns_getaddrinfo_set_timeout
evdns_getaddrinfo_gotresolve->evutil_addrinfo_append_
evdns_getaddrinfo_gotresolve->evutil_addrinfo_append_
evdns_getaddrinfo_gotresolve->add_cname_to_reply
evdns_getaddrinfo_gotresolve->free_getaddrinfo_request
evdns_getaddrinfo_fromhosts->find_hosts_entry
evdns_getaddrinfo_fromhosts->evutil_new_addrinfo_
evdns_getaddrinfo_fromhosts->sockaddr_setport
evdns_getaddrinfo_fromhosts->evutil_addrinfo_append_
evdns_getaddrinfo_fromhosts->find_hosts_entry
evdns_getaddrinfo_fromhosts->evutil_freeaddrinfo
evdns_base_parse_hosts_line->strtok_r
evdns_base_parse_hosts_line->evthread_is_debug_lock_held_
evdns_base_parse_hosts_line->event_errx
evdns_base_parse_hosts_line->llvm.memset.p0i8.i64
evdns_base_parse_hosts_line->evutil_parse_sockaddr_port
evdns_base_parse_hosts_line->sockaddr_getport
evdns_base_parse_hosts_line->strtok_r
evdns_base_parse_hosts_line->strchr
evdns_base_parse_hosts_line->strlen
evdns_base_parse_hosts_line->event_mm_calloc_
evdns_base_parse_hosts_line->event_errx
evdns_base_parse_hosts_line->llvm.memcpy.p0i8.p0i8.i64
evdns_base_parse_hosts_line->llvm.memcpy.p0i8.p0i8.i64
evdns_base_load_hosts_impl->evthread_is_debug_lock_held_
evdns_base_load_hosts_impl->event_errx
evdns_base_load_hosts_impl->evutil_read_file_
evdns_base_load_hosts_impl->event_strlcpy_
evdns_base_load_hosts_impl->evdns_base_parse_hosts_line
evdns_base_load_hosts_impl->event_strlcpy_
evdns_base_load_hosts_impl->evdns_base_parse_hosts_line
evdns_base_load_hosts_impl->strchr
evdns_base_load_hosts_impl->evdns_base_parse_hosts_line
evdns_base_load_hosts_impl->evdns_base_parse_hosts_line
evdns_base_load_hosts_impl->event_mm_free_
strtoint_clipped->strtoint
evdns_strtotimeval->strtod
strtoint->strtol
str_matches_option->strlen
str_matches_option->strlen
str_matches_option->strncmp
str_matches_option->strncmp
evdns_base_set_option_impl->evthread_is_debug_lock_held_
evdns_base_set_option_impl->event_errx
evdns_base_set_option_impl->str_matches_option
evdns_base_set_option_impl->strtoint
evdns_base_set_option_impl->evdns_log_
evdns_base_set_option_impl->search_state_new
evdns_base_set_option_impl->str_matches_option
evdns_base_set_option_impl->evdns_strtotimeval
evdns_base_set_option_impl->evdns_log_
evdns_base_set_option_impl->llvm.memcpy.p0i8.p0i8.i64
evdns_base_set_option_impl->str_matches_option
evdns_base_set_option_impl->evdns_strtotimeval
evdns_base_set_option_impl->evdns_log_
evdns_base_set_option_impl->llvm.memcpy.p0i8.p0i8.i64
evdns_base_set_option_impl->str_matches_option
evdns_base_set_option_impl->strtoint_clipped
evdns_base_set_option_impl->evdns_log_
evdns_base_set_option_impl->str_matches_option
evdns_base_set_option_impl->strtoint_clipped
evdns_base_set_option_impl->evdns_log_
evdns_base_set_option_impl->evdns_base_set_max_requests_inflight
evdns_base_set_option_impl->str_matches_option
evdns_base_set_option_impl->strtoint
evdns_base_set_option_impl->evdns_log_
evdns_base_set_option_impl->str_matches_option
evdns_base_set_option_impl->strtoint
evdns_base_set_option_impl->str_matches_option
evdns_base_set_option_impl->evutil_parse_sockaddr_port
evdns_base_set_option_impl->str_matches_option
evdns_base_set_option_impl->evdns_strtotimeval
evdns_base_set_option_impl->evdns_log_
evdns_base_set_option_impl->llvm.memcpy.p0i8.p0i8.i64
search_reverse->evthread_is_debug_lock_held_
search_reverse->event_errx
sockaddr_setport->htons
sockaddr_setport->htons
sockaddr_getport->ntohs
sockaddr_getport->ntohs
search_state_new->event_mm_malloc_
search_state_new->llvm.memset.p0i8.i64
search_postfix_add->strlen
search_postfix_add->evthread_is_debug_lock_held_
search_postfix_add->event_errx
search_postfix_add->search_state_new
search_postfix_add->event_mm_malloc_
search_postfix_add->llvm.memcpy.p0i8.p0i8.i64
search_postfix_clear->search_state_decref
search_postfix_clear->search_state_new
search_set_from_hostname->evthread_is_debug_lock_held_
search_set_from_hostname->event_errx
search_set_from_hostname->search_postfix_clear
search_set_from_hostname->gethostname
search_set_from_hostname->strchr
search_set_from_hostname->search_postfix_add
evdns_base_nameserver_ip_add->evutil_parse_sockaddr_port
evdns_base_nameserver_ip_add->evdns_log_
evdns_base_nameserver_ip_add->sockaddr_getport
evdns_base_nameserver_ip_add->sockaddr_setport
evdns_base_nameserver_ip_add->evdns_nameserver_add_impl_
resolv_conf_parse_line->strtok_r
resolv_conf_parse_line->evthread_is_debug_lock_held_
resolv_conf_parse_line->event_errx
resolv_conf_parse_line->strcmp
resolv_conf_parse_line->strtok_r
resolv_conf_parse_line->evdns_base_nameserver_ip_add
resolv_conf_parse_line->strcmp
resolv_conf_parse_line->strtok_r
resolv_conf_parse_line->search_postfix_clear
resolv_conf_parse_line->search_postfix_add
resolv_conf_parse_line->strcmp
resolv_conf_parse_line->search_postfix_clear
resolv_conf_parse_line->strtok_r
resolv_conf_parse_line->search_postfix_add
resolv_conf_parse_line->search_reverse
resolv_conf_parse_line->strcmp
resolv_conf_parse_line->strtok_r
resolv_conf_parse_line->strchr
resolv_conf_parse_line->evdns_base_set_option_impl
evdns_resolv_set_defaults->evthread_is_debug_lock_held_
evdns_resolv_set_defaults->event_errx
evdns_resolv_set_defaults->search_set_from_hostname
evdns_resolv_set_defaults->evdns_base_nameserver_ip_add
evdns_base_load_hosts->evdns_base_load_hosts_impl
evdns_get_default_hosts_filename->event_mm_strdup_
evdns_base_resolv_conf_parse_impl->evdns_log_
evdns_base_resolv_conf_parse_impl->evdns_get_default_hosts_filename
evdns_base_resolv_conf_parse_impl->evdns_base_load_hosts
evdns_base_resolv_conf_parse_impl->event_mm_free_
evdns_base_resolv_conf_parse_impl->evutil_read_file_
evdns_base_resolv_conf_parse_impl->evdns_resolv_set_defaults
evdns_base_resolv_conf_parse_impl->strchr
evdns_base_resolv_conf_parse_impl->resolv_conf_parse_line
evdns_base_resolv_conf_parse_impl->resolv_conf_parse_line
evdns_base_resolv_conf_parse_impl->evdns_base_nameserver_ip_add
evdns_base_resolv_conf_parse_impl->search_set_from_hostname
evdns_base_resolv_conf_parse_impl->event_mm_free_
evdns_nameserver_free->evutil_closesocket
evdns_nameserver_free->event_del
evdns_nameserver_free->event_debug_unassign
evdns_nameserver_free->event_del
evdns_nameserver_free->evdns_cancel_request
evdns_nameserver_free->event_debug_unassign
evdns_nameserver_free->event_mm_free_
evdns_base_free_and_unlock->reply_schedule_callback
evdns_base_free_and_unlock->request_finished
evdns_base_free_and_unlock->reply_schedule_callback
evdns_base_free_and_unlock->request_finished
evdns_base_free_and_unlock->evdns_nameserver_free
evdns_base_free_and_unlock->event_mm_free_
evdns_base_free_and_unlock->event_mm_free_
evdns_base_free_and_unlock->event_mm_free_
evdns_base_free_and_unlock->event_mm_free_
evdns_base_free_and_unlock->event_mm_free_
evdns_base_resolv_conf_parse->evdns_base_resolv_conf_parse_impl
evdns_base_set_max_requests_inflight->evthread_is_debug_lock_held_
evdns_base_set_max_requests_inflight->event_errx
evdns_base_set_max_requests_inflight->event_errx
evdns_base_set_max_requests_inflight->event_mm_calloc_
evdns_base_set_max_requests_inflight->evdns_request_remove
evdns_base_set_max_requests_inflight->evdns_request_insert
evdns_base_set_max_requests_inflight->event_mm_free_
evdns_getaddrinfo_cancel->event_del
evdns_getaddrinfo_cancel->evdns_cancel_request
evdns_getaddrinfo_cancel->evdns_cancel_request
evdns_getaddrinfo->evdns_log_
evdns_getaddrinfo->evutil_getaddrinfo
evdns_getaddrinfo->llvm.memcpy.p0i8.p0i8.i64
evdns_getaddrinfo->llvm.memset.p0i8.i64
evdns_getaddrinfo->evutil_adjust_hints_for_addrconfig_
evdns_getaddrinfo->evutil_getaddrinfo_common_
evdns_getaddrinfo->evdns_getaddrinfo_fromhosts
evdns_getaddrinfo->event_mm_calloc_
evdns_getaddrinfo->llvm.memcpy.p0i8.p0i8.i64
evdns_getaddrinfo->evdns_log_
evdns_getaddrinfo->evdns_base_resolve_ipv4
evdns_getaddrinfo->evdns_log_
evdns_getaddrinfo->evdns_base_resolve_ipv6
evdns_getaddrinfo->event_assign
evdns_getaddrinfo->event_mm_free_
evdns_base_new->evutil_secure_rng_init
evdns_base_new->evdns_log_
evdns_base_new->evutil_set_evdns_getaddrinfo_fn_
evdns_base_new->evutil_set_evdns_getaddrinfo_cancel_fn_
evdns_base_new->event_mm_malloc_
evdns_base_new->llvm.memset.p0i8.i64
evdns_base_new->evdns_base_set_max_requests_inflight
evdns_base_new->evdns_log_
evdns_base_new->evdns_base_resolv_conf_parse
evdns_base_new->evdns_base_free_and_unlock
evdns_nameserver_add->evdns_base_new
evdns_nameserver_add->evdns_base_nameserver_add
nameserver_probe_failed->evthread_is_debug_lock_held_
nameserver_probe_failed->event_errx
nameserver_probe_failed->event_del
nameserver_probe_failed->llvm.memcpy.p0i8.p0i8.i64
nameserver_probe_failed->event_add
nameserver_probe_failed->evutil_format_sockaddr_port_
nameserver_probe_failed->evdns_log_
nameserver_probe_callback->nameserver_up
nameserver_probe_callback->nameserver_probe_failed
nameserver_send_probe->evthread_is_debug_lock_held_
nameserver_send_probe->event_errx
nameserver_send_probe->evutil_format_sockaddr_port_
nameserver_send_probe->evdns_log_
nameserver_send_probe->event_mm_calloc_
nameserver_send_probe->request_new
nameserver_send_probe->event_mm_free_
nameserver_send_probe->transaction_id_pick
nameserver_send_probe->request_trans_id_set
nameserver_send_probe->request_submit
nameserver_prod_callback->nameserver_send_probe
evdns_nameserver_add_impl_->evthread_is_debug_lock_held_
evdns_nameserver_add_impl_->event_errx
evdns_nameserver_add_impl_->evutil_sockaddr_cmp
evdns_nameserver_add_impl_->evdns_log_
evdns_nameserver_add_impl_->event_mm_malloc_
evdns_nameserver_add_impl_->llvm.memset.p0i8.i64
evdns_nameserver_add_impl_->event_assign
evdns_nameserver_add_impl_->evutil_socket_
evdns_nameserver_add_impl_->evutil_sockaddr_is_loopback_
evdns_nameserver_add_impl_->bind
evdns_nameserver_add_impl_->evdns_log_
evdns_nameserver_add_impl_->llvm.memcpy.p0i8.p0i8.i64
evdns_nameserver_add_impl_->event_assign
evdns_nameserver_add_impl_->event_add
evdns_nameserver_add_impl_->evutil_format_sockaddr_port_
evdns_nameserver_add_impl_->evdns_log_
evdns_nameserver_add_impl_->evutil_closesocket
evdns_nameserver_add_impl_->event_debug_unassign
evdns_nameserver_add_impl_->event_mm_free_
evdns_nameserver_add_impl_->evutil_format_sockaddr_port_
evdns_nameserver_add_impl_->evdns_log_
evdns_base_nameserver_add->llvm.memset.p0i8.i64
evdns_base_nameserver_add->htons
evdns_base_nameserver_add->evdns_nameserver_add_impl_
evdns_resume->evdns_base_resume
evdns_base_resume->evdns_requests_pump_waiting_queue
evdns_clear_nameservers_and_suspend->evdns_base_clear_nameservers_and_suspend
reply_run_callback->event_errx
reply_run_callback->event_mm_free_
reply_run_callback->event_mm_free_
search_state_decref->event_mm_free_
search_state_decref->event_mm_free_
request_swap_ns->event_errx
evdns_request_data_build->htons
evdns_request_data_build->llvm.memcpy.p0i8.p0i8.i64
evdns_request_data_build->htons
evdns_request_data_build->llvm.memcpy.p0i8.p0i8.i64
evdns_request_data_build->htons
evdns_request_data_build->llvm.memcpy.p0i8.p0i8.i64
evdns_request_data_build->htons
evdns_request_data_build->llvm.memcpy.p0i8.p0i8.i64
evdns_request_data_build->htons
evdns_request_data_build->llvm.memcpy.p0i8.p0i8.i64
evdns_request_data_build->htons
evdns_request_data_build->llvm.memcpy.p0i8.p0i8.i64
evdns_request_data_build->dnsname_to_labels
evdns_request_data_build->htons
evdns_request_data_build->llvm.memcpy.p0i8.p0i8.i64
evdns_request_data_build->htons
evdns_request_data_build->llvm.memcpy.p0i8.p0i8.i64
request_submit->evthread_is_debug_lock_held_
request_submit->event_errx
request_submit->event_errx
request_submit->evdns_request_insert
request_submit->evdns_request_transmit
request_submit->evdns_request_insert
search_make_new->strlen
search_make_new->event_mm_malloc_
search_make_new->llvm.memcpy.p0i8.p0i8.i64
search_make_new->llvm.memcpy.p0i8.p0i8.i64
search_make_new->event_errx
request_new->strlen
request_new->evdns_request_len
request_new->transaction_id_pick
request_new->event_mm_malloc_
request_new->evthread_is_debug_lock_held_
request_new->event_errx
request_new->event_mm_free_
request_new->llvm.memset.p0i8.i64
request_new->event_assign
request_new->event_strlcpy_
request_new->evutil_secure_rng_get_bytes
request_new->EVUTIL_ISALPHA_
request_new->evdns_request_data_build
request_new->nameserver_pick
request_new->event_mm_free_
string_num_dots->strchr
search_try_next->evthread_is_debug_lock_held_
search_try_next->event_errx
search_try_next->string_num_dots
search_try_next->request_new
search_try_next->evdns_log_
search_try_next->search_request_finished
search_try_next->search_make_new
search_try_next->evdns_log_
search_try_next->request_new
search_try_next->event_mm_free_
search_try_next->request_finished
search_try_next->request_submit
nameserver_up->evthread_is_debug_lock_held_
nameserver_up->event_errx
nameserver_up->evutil_format_sockaddr_port_
nameserver_up->evdns_log_
nameserver_up->event_del
nameserver_up->evdns_cancel_request
evdns_request_timeout_callback->evdns_log_
evdns_request_timeout_callback->evdns_log_
evdns_request_timeout_callback->reply_schedule_callback
evdns_request_timeout_callback->request_finished
evdns_request_timeout_callback->nameserver_failed
evdns_request_timeout_callback->evdns_log_
evdns_request_timeout_callback->event_del
evdns_request_timeout_callback->nameserver_pick
evdns_request_timeout_callback->request_swap_ns
evdns_request_timeout_callback->evdns_request_transmit
evdns_request_timeout_callback->nameserver_failed
request_reissue->evthread_is_debug_lock_held_
request_reissue->event_errx
request_reissue->event_errx
request_reissue->nameserver_pick
request_reissue->request_swap_ns
reply_handle->evthread_is_debug_lock_held_
reply_handle->event_errx
reply_handle->event_errx
reply_handle->evdns_err_to_string
reply_handle->evutil_snprintf
reply_handle->nameserver_failed
reply_handle->request_reissue
reply_handle->evutil_format_sockaddr_port_
reply_handle->evdns_log_
reply_handle->evdns_request_timeout_callback
reply_handle->nameserver_up
reply_handle->search_try_next
reply_handle->reply_schedule_callback
reply_handle->request_finished
reply_handle->reply_schedule_callback
reply_handle->nameserver_up
reply_handle->request_finished
request_find_from_trans_id->evthread_is_debug_lock_held_
request_find_from_trans_id->event_errx
reply_parse->evthread_is_debug_lock_held_
reply_parse->event_errx
reply_parse->llvm.memcpy.p0i8.p0i8.i64
reply_parse->ntohs
reply_parse->llvm.memcpy.p0i8.p0i8.i64
reply_parse->ntohs
reply_parse->llvm.memcpy.p0i8.p0i8.i64
reply_parse->ntohs
reply_parse->llvm.memcpy.p0i8.p0i8.i64
reply_parse->ntohs
reply_parse->llvm.memcpy.p0i8.p0i8.i64
reply_parse->ntohs
reply_parse->llvm.memcpy.p0i8.p0i8.i64
reply_parse->ntohs
reply_parse->request_find_from_trans_id
reply_parse->event_errx
reply_parse->llvm.memset.p0i8.i64
reply_parse->name_parse
reply_parse->name_parse
reply_parse->strcmp
reply_parse->evutil_ascii_strcasecmp
reply_parse->name_parse
reply_parse->llvm.memcpy.p0i8.p0i8.i64
reply_parse->ntohs
reply_parse->llvm.memcpy.p0i8.p0i8.i64
reply_parse->ntohs
reply_parse->llvm.memcpy.p0i8.p0i8.i64
reply_parse->ntohl
reply_parse->llvm.memcpy.p0i8.p0i8.i64
reply_parse->ntohs
reply_parse->llvm.memcpy.p0i8.p0i8.i64
reply_parse->name_parse
reply_parse->name_parse
reply_parse->event_mm_strdup_
reply_parse->llvm.memcpy.p0i8.p0i8.i64
reply_parse->name_parse
reply_parse->llvm.memcpy.p0i8.p0i8.i64
reply_parse->ntohs
reply_parse->llvm.memcpy.p0i8.p0i8.i64
reply_parse->ntohs
reply_parse->llvm.memcpy.p0i8.p0i8.i64
reply_parse->ntohl
reply_parse->llvm.memcpy.p0i8.p0i8.i64
reply_parse->ntohs
reply_parse->name_parse
reply_parse->name_parse
reply_parse->llvm.memcpy.p0i8.p0i8.i64
reply_parse->ntohl
reply_parse->llvm.memcpy.p0i8.p0i8.i64
reply_parse->ntohl
reply_parse->llvm.memcpy.p0i8.p0i8.i64
reply_parse->ntohl
reply_parse->llvm.memcpy.p0i8.p0i8.i64
reply_parse->ntohl
reply_parse->llvm.memcpy.p0i8.p0i8.i64
reply_parse->ntohl
reply_parse->reply_handle
reply_parse->reply_handle
nameserver_failed->evthread_is_debug_lock_held_
nameserver_failed->event_errx
nameserver_failed->evutil_format_sockaddr_port_
nameserver_failed->evdns_log_
nameserver_failed->event_errx
nameserver_failed->evdns_log_
nameserver_failed->event_add
nameserver_failed->evutil_format_sockaddr_port_
nameserver_failed->evdns_log_
nameserver_failed->nameserver_pick
nameserver_failed->request_swap_ns
nameserver_read->evthread_is_debug_lock_held_
nameserver_read->event_errx
nameserver_read->recvfrom
nameserver_read->__errno_location
nameserver_read->strerror
nameserver_read->nameserver_failed
nameserver_read->evutil_sockaddr_cmp
nameserver_read->evutil_format_sockaddr_port_
nameserver_read->evdns_log_
nameserver_read->reply_parse
nameserver_ready_callback->evdns_transmit
nameserver_ready_callback->nameserver_write_waiting
nameserver_ready_callback->nameserver_read
server_port_free->event_errx
server_port_free->event_errx
server_port_free->event_errx
server_port_free->evutil_closesocket
server_port_free->event_del
server_port_free->event_debug_unassign
server_port_free->event_mm_free_
server_request_free_answers->event_mm_free_
server_request_free_answers->event_mm_free_
server_request_free_answers->event_mm_free_
server_request_free->event_mm_free_
server_request_free->event_mm_free_
server_request_free->event_mm_free_
server_request_free->server_request_free_answers
server_request_free->server_port_free
server_request_free->event_mm_free_
server_request_free->event_mm_free_
evdns_server_request_format_response->dnslabel_table_init
evdns_server_request_format_response->htons
evdns_server_request_format_response->llvm.memcpy.p0i8.p0i8.i64
evdns_server_request_format_response->htons
evdns_server_request_format_response->llvm.memcpy.p0i8.p0i8.i64
evdns_server_request_format_response->htons
evdns_server_request_format_response->llvm.memcpy.p0i8.p0i8.i64
evdns_server_request_format_response->htons
evdns_server_request_format_response->llvm.memcpy.p0i8.p0i8.i64
evdns_server_request_format_response->htons
evdns_server_request_format_response->llvm.memcpy.p0i8.p0i8.i64
evdns_server_request_format_response->htons
evdns_server_request_format_response->llvm.memcpy.p0i8.p0i8.i64
evdns_server_request_format_response->strlen
evdns_server_request_format_response->dnsname_to_labels
evdns_server_request_format_response->dnslabel_clear
evdns_server_request_format_response->htons
evdns_server_request_format_response->llvm.memcpy.p0i8.p0i8.i64
evdns_server_request_format_response->htons
evdns_server_request_format_response->llvm.memcpy.p0i8.p0i8.i64
evdns_server_request_format_response->strlen
evdns_server_request_format_response->dnsname_to_labels
evdns_server_request_format_response->htons
evdns_server_request_format_response->llvm.memcpy.p0i8.p0i8.i64
evdns_server_request_format_response->htons
evdns_server_request_format_response->llvm.memcpy.p0i8.p0i8.i64
evdns_server_request_format_response->htonl
evdns_server_request_format_response->llvm.memcpy.p0i8.p0i8.i64
evdns_server_request_format_response->strlen
evdns_server_request_format_response->dnsname_to_labels
evdns_server_request_format_response->htons
evdns_server_request_format_response->llvm.memcpy.p0i8.p0i8.i64
evdns_server_request_format_response->htons
evdns_server_request_format_response->llvm.memcpy.p0i8.p0i8.i64
evdns_server_request_format_response->llvm.memcpy.p0i8.p0i8.i64
evdns_server_request_format_response->event_mm_malloc_
evdns_server_request_format_response->server_request_free_answers
evdns_server_request_format_response->dnslabel_clear
evdns_server_request_format_response->llvm.memcpy.p0i8.p0i8.i64
evdns_server_request_format_response->server_request_free_answers
evdns_server_request_format_response->dnslabel_clear
evdns_server_request_respond->evdns_server_request_format_response
evdns_server_request_respond->sendto
evdns_server_request_respond->__errno_location
evdns_server_request_respond->event_del
evdns_server_request_respond->event_assign
evdns_server_request_respond->event_add
evdns_server_request_respond->evdns_log_
evdns_server_request_respond->server_request_free
evdns_server_request_respond->server_port_flush
name_parse->llvm.memcpy.p0i8.p0i8.i64
request_parse->evthread_is_debug_lock_held_
request_parse->event_errx
request_parse->llvm.memcpy.p0i8.p0i8.i64
request_parse->ntohs
request_parse->llvm.memcpy.p0i8.p0i8.i64
request_parse->ntohs
request_parse->llvm.memcpy.p0i8.p0i8.i64
request_parse->ntohs
request_parse->llvm.memcpy.p0i8.p0i8.i64
request_parse->ntohs
request_parse->llvm.memcpy.p0i8.p0i8.i64
request_parse->ntohs
request_parse->llvm.memcpy.p0i8.p0i8.i64
request_parse->ntohs
request_parse->event_mm_malloc_
request_parse->llvm.memset.p0i8.i64
request_parse->llvm.memcpy.p0i8.p0i8.i64
request_parse->event_mm_calloc_
request_parse->name_parse
request_parse->llvm.memcpy.p0i8.p0i8.i64
request_parse->ntohs
request_parse->llvm.memcpy.p0i8.p0i8.i64
request_parse->ntohs
request_parse->strlen
request_parse->event_mm_malloc_
request_parse->llvm.memcpy.p0i8.p0i8.i64
request_parse->evdns_server_request_respond
request_parse->event_mm_free_
request_parse->event_mm_free_
request_parse->event_mm_free_
evdns_log_->llvm.va_start
evdns_log_->evutil_vsnprintf
evdns_log_->event_logv_
evdns_log_->llvm.va_end
evdns_add_server_port_with_base->event_mm_malloc_
evdns_add_server_port_with_base->llvm.memset.p0i8.i64
evdns_add_server_port_with_base->event_assign
evdns_add_server_port_with_base->event_add
evdns_add_server_port_with_base->event_mm_free_
server_port_ready_callback->server_port_flush
server_port_ready_callback->server_port_read
server_port_flush->evthread_is_debug_lock_held_
server_port_flush->event_errx
server_port_flush->sendto
server_port_flush->__errno_location
server_port_flush->strerror
server_port_flush->evdns_log_
server_port_flush->server_request_free
server_port_flush->event_errx
server_port_flush->event_del
server_port_flush->event_assign
server_port_flush->event_add
server_port_flush->evdns_log_
server_port_read->evthread_is_debug_lock_held_
server_port_read->event_errx
server_port_read->recvfrom
server_port_read->__errno_location
server_port_read->strerror
server_port_read->evdns_log_
server_port_read->request_parse
dnsname_to_labels->dnslabel_table_get_pos
dnsname_to_labels->htons
dnsname_to_labels->llvm.memcpy.p0i8.p0i8.i64
dnsname_to_labels->strchr
dnsname_to_labels->dnslabel_table_add
dnsname_to_labels->llvm.memcpy.p0i8.p0i8.i64
dnsname_to_labels->dnslabel_table_add
dnsname_to_labels->llvm.memcpy.p0i8.p0i8.i64
dnslabel_clear->event_mm_free_
dnslabel_table_get_pos->strcmp
dnslabel_table_add->event_mm_strdup_
evdns_add_server_port->evdns_add_server_port_with_base
evdns_close_server_port->server_port_free
evdns_server_request_add_reply->event_mm_malloc_
evdns_server_request_add_reply->event_mm_strdup_
evdns_server_request_add_reply->event_mm_free_
evdns_server_request_add_reply->event_mm_strdup_
evdns_server_request_add_reply->event_mm_free_
evdns_server_request_add_reply->event_mm_free_
evdns_server_request_add_reply->event_mm_malloc_
evdns_server_request_add_reply->event_mm_free_
evdns_server_request_add_reply->event_mm_free_
evdns_server_request_add_reply->llvm.memcpy.p0i8.p0i8.i64
evdns_server_request_add_a_reply->evdns_server_request_add_reply
evdns_server_request_add_aaaa_reply->evdns_server_request_add_reply
evdns_server_request_add_ptr_reply->ntohl
evdns_server_request_add_ptr_reply->evutil_snprintf
evdns_server_request_add_ptr_reply->evdns_server_request_add_reply
evdns_server_request_add_cname_reply->evdns_server_request_add_reply
evdns_server_request_drop->server_request_free
evdns_server_request_get_requesting_addr->llvm.memcpy.p0i8.p0i8.i64
evdns_count_nameservers->evdns_base_count_nameservers
evdns_base_clear_nameservers_and_suspend->event_del
evdns_base_clear_nameservers_and_suspend->event_initialized
evdns_base_clear_nameservers_and_suspend->event_del
evdns_base_clear_nameservers_and_suspend->evdns_cancel_request
evdns_base_clear_nameservers_and_suspend->evutil_closesocket
evdns_base_clear_nameservers_and_suspend->event_mm_free_
evdns_base_clear_nameservers_and_suspend->event_del
evdns_base_clear_nameservers_and_suspend->evdns_request_insert
evdns_cancel_request->event_errx
evdns_cancel_request->reply_schedule_callback
evdns_cancel_request->request_finished
evdns_cancel_request->request_finished
evdns_request_insert->evthread_is_debug_lock_held_
evdns_request_insert->event_errx
evdns_request_insert->event_errx
reply_schedule_callback->event_mm_calloc_
reply_schedule_callback->event_warn
reply_schedule_callback->evthread_is_debug_lock_held_
reply_schedule_callback->event_errx
reply_schedule_callback->llvm.memcpy.p0i8.p0i8.i64
reply_schedule_callback->event_get_priority
reply_schedule_callback->event_deferred_cb_init_
reply_schedule_callback->event_deferred_cb_schedule_
request_finished->event_errx
request_finished->evdns_request_remove
request_finished->evdns_log_
request_finished->event_del
request_finished->event_debug_unassign
request_finished->event_del
request_finished->event_del
request_finished->event_mm_free_
request_finished->event_errx
request_finished->search_request_finished
request_finished->event_mm_free_
request_finished->event_mm_free_
request_finished->evdns_requests_pump_waiting_queue
evdns_request_remove->evthread_is_debug_lock_held_
evdns_request_remove->event_errx
evdns_request_remove->event_errx
search_request_finished->evthread_is_debug_lock_held_
search_request_finished->event_errx
search_request_finished->search_state_decref
search_request_finished->event_mm_free_
evdns_requests_pump_waiting_queue->evthread_is_debug_lock_held_
evdns_requests_pump_waiting_queue->event_errx
evdns_requests_pump_waiting_queue->event_errx
evdns_requests_pump_waiting_queue->nameserver_pick
evdns_requests_pump_waiting_queue->evdns_request_remove
evdns_requests_pump_waiting_queue->transaction_id_pick
evdns_requests_pump_waiting_queue->request_trans_id_set
evdns_requests_pump_waiting_queue->evdns_request_insert
evdns_requests_pump_waiting_queue->evdns_request_transmit
evdns_requests_pump_waiting_queue->evdns_transmit
nameserver_pick->evthread_is_debug_lock_held_
nameserver_pick->event_errx
nameserver_pick->event_errx
transaction_id_pick->evthread_is_debug_lock_held_
transaction_id_pick->event_errx
transaction_id_pick->evutil_secure_rng_get_bytes
transaction_id_pick->request_find_from_trans_id
request_trans_id_set->htons
evdns_request_transmit->evthread_is_debug_lock_held_
evdns_request_transmit->event_errx
evdns_request_transmit->event_errx
evdns_request_transmit->event_errx
evdns_request_transmit->evdns_request_transmit_to
evdns_request_transmit->nameserver_write_waiting
evdns_request_transmit->evdns_log_
evdns_request_transmit->event_add
evdns_request_transmit->evdns_log_
evdns_transmit->evthread_is_debug_lock_held_
evdns_transmit->event_errx
evdns_transmit->evdns_request_transmit
evdns_request_transmit_to->evthread_is_debug_lock_held_
evdns_request_transmit_to->event_errx
evdns_request_transmit_to->event_errx
evdns_request_transmit_to->event_add
evdns_request_transmit_to->sendto
evdns_request_transmit_to->__errno_location
evdns_request_transmit_to->strerror
evdns_request_transmit_to->nameserver_failed
nameserver_write_waiting->evthread_is_debug_lock_held_
nameserver_write_waiting->event_errx
nameserver_write_waiting->event_del
nameserver_write_waiting->event_assign
nameserver_write_waiting->event_add
nameserver_write_waiting->evutil_format_sockaddr_port_
nameserver_write_waiting->evdns_log_
free_getaddrinfo_request->evutil_freeaddrinfo
free_getaddrinfo_request->event_mm_free_
free_getaddrinfo_request->event_del
free_getaddrinfo_request->event_mm_free_
search_request_new->evthread_is_debug_lock_held_
search_request_new->event_errx
search_request_new->event_errx
search_request_new->event_errx
search_request_new->string_num_dots
search_request_new->request_new
search_request_new->search_make_new
search_request_new->request_new
search_request_new->event_mm_free_
search_request_new->event_errx
search_request_new->event_mm_strdup_
search_request_new->event_mm_free_
search_request_new->request_submit
search_request_new->request_new
search_request_new->request_submit
evdns_getaddrinfo_set_timeout->event_add
find_hosts_entry->evutil_ascii_strcasecmp
evdns_nameserver_ip_add->evdns_base_new
evdns_nameserver_ip_add->evdns_base_nameserver_ip_add
evdns_base_nameserver_sockaddr_add->event_errx
evdns_base_nameserver_sockaddr_add->evdns_nameserver_add_impl_
evdns_base_get_nameserver_addr->llvm.memcpy.p0i8.p0i8.i64
evdns_resolve_ipv4->evdns_base_resolve_ipv4
evdns_resolve_ipv6->evdns_base_resolve_ipv6
evdns_base_resolve_reverse->event_errx
evdns_base_resolve_reverse->ntohl
evdns_base_resolve_reverse->evutil_snprintf
evdns_base_resolve_reverse->event_mm_calloc_
evdns_base_resolve_reverse->evdns_log_
evdns_base_resolve_reverse->request_new
evdns_base_resolve_reverse->request_submit
evdns_base_resolve_reverse->event_mm_free_
evdns_resolve_reverse->evdns_base_resolve_reverse
evdns_base_resolve_reverse_ipv6->event_errx
evdns_base_resolve_reverse_ipv6->event_errx
evdns_base_resolve_reverse_ipv6->llvm.memcpy.p0i8.p0i8.i64
evdns_base_resolve_reverse_ipv6->event_mm_calloc_
evdns_base_resolve_reverse_ipv6->evdns_log_
evdns_base_resolve_reverse_ipv6->request_new
evdns_base_resolve_reverse_ipv6->request_submit
evdns_base_resolve_reverse_ipv6->event_mm_free_
evdns_resolve_reverse_ipv6->evdns_base_resolve_reverse_ipv6
evdns_base_search_clear->search_postfix_clear
evdns_search_clear->evdns_base_search_clear
evdns_base_search_add->search_postfix_add
evdns_search_add->evdns_base_search_add
evdns_base_search_ndots_set->search_state_new
evdns_search_ndots_set->evdns_base_search_ndots_set
evdns_base_set_option->evdns_base_set_option_impl
evdns_set_option->evdns_base_new
evdns_set_option->evdns_base_set_option
evdns_resolv_conf_parse->evdns_base_new
evdns_resolv_conf_parse->evdns_base_resolv_conf_parse
evdns_init->evdns_base_new
evdns_base_free->evdns_base_free_and_unlock
evdns_base_clear_host_addresses->event_mm_free_
evdns_shutdown->evdns_base_free
evtag_encode_int->encode_int_internal
evtag_encode_int->evbuffer_add
encode_int_internal->llvm.memset.p0i8.i64
evtag_encode_int64->encode_int64_internal
evtag_encode_int64->evbuffer_add
encode_int64_internal->llvm.memset.p0i8.i64
evtag_encode_tag->llvm.memset.p0i8.i64
evtag_encode_tag->evbuffer_add
evtag_decode_tag->decode_tag_internal
decode_tag_internal->evbuffer_get_length
decode_tag_internal->evbuffer_pullup
decode_tag_internal->evbuffer_drain
evtag_marshal->evtag_encode_tag
evtag_marshal->evtag_encode_int
evtag_marshal->evbuffer_add
evtag_marshal_buffer->evtag_encode_tag
evtag_marshal_buffer->evbuffer_get_length
evtag_marshal_buffer->evtag_encode_int
evtag_marshal_buffer->evbuffer_add_buffer
evtag_marshal_int->encode_int_internal
evtag_marshal_int->evtag_encode_tag
evtag_marshal_int->evtag_encode_int
evtag_marshal_int->evbuffer_add
evtag_marshal_int64->encode_int64_internal
evtag_marshal_int64->evtag_encode_tag
evtag_marshal_int64->evtag_encode_int
evtag_marshal_int64->evbuffer_add
evtag_marshal_string->strlen
evtag_marshal_string->evtag_marshal
evtag_marshal_timeval->encode_int_internal
evtag_marshal_timeval->encode_int_internal
evtag_marshal_timeval->evtag_marshal
evtag_decode_int->decode_int_internal
evtag_decode_int->evbuffer_drain
decode_int_internal->evbuffer_get_length
decode_int_internal->evbuffer_pullup
decode_int_internal->evbuffer_pullup
evtag_decode_int64->decode_int64_internal
evtag_decode_int64->evbuffer_drain
decode_int64_internal->evbuffer_get_length
decode_int64_internal->evbuffer_pullup
decode_int64_internal->evbuffer_pullup
evtag_peek->decode_tag_internal
evtag_peek_length->decode_tag_internal
evtag_peek_length->decode_int_internal
evtag_payload_length->decode_tag_internal
evtag_payload_length->decode_int_internal
evtag_unmarshal_header->decode_tag_internal
evtag_unmarshal_header->evtag_decode_int
evtag_unmarshal_header->evbuffer_get_length
evtag_consume->evtag_unmarshal_header
evtag_consume->evbuffer_drain
evtag_unmarshal->evtag_unmarshal_header
evtag_unmarshal->evbuffer_pullup
evtag_unmarshal->evbuffer_add
evtag_unmarshal->evbuffer_drain
evtag_unmarshal_int->decode_tag_internal
evtag_unmarshal_int->evtag_decode_int
evtag_unmarshal_int->evbuffer_get_length
evtag_unmarshal_int->decode_int_internal
evtag_unmarshal_int->evbuffer_drain
evtag_unmarshal_int64->decode_tag_internal
evtag_unmarshal_int64->evtag_decode_int
evtag_unmarshal_int64->evbuffer_get_length
evtag_unmarshal_int64->decode_int64_internal
evtag_unmarshal_int64->evbuffer_drain
evtag_unmarshal_fixed->evtag_unmarshal_header
evtag_unmarshal_fixed->evbuffer_remove
evtag_unmarshal_string->evtag_unmarshal_header
evtag_unmarshal_string->event_mm_malloc_
evtag_unmarshal_string->event_warn
evtag_unmarshal_string->evbuffer_remove
evtag_unmarshal_timeval->evtag_unmarshal_header
evtag_unmarshal_timeval->decode_int_internal
evtag_unmarshal_timeval->decode_int_internal
evtag_unmarshal_timeval->evbuffer_drain
evrpc_init->event_mm_calloc_
evrpc_init->evtag_init
evrpc_free->evrpc_unregister_rpc
evrpc_free->event_errx
evrpc_free->event_mm_free_
evrpc_free->evrpc_remove_hook
evrpc_free->event_errx
evrpc_free->evrpc_remove_hook
evrpc_free->event_errx
evrpc_free->event_mm_free_
evrpc_unregister_rpc->strcmp
evrpc_unregister_rpc->evrpc_construct_uri
evrpc_unregister_rpc->evhttp_del_cb
evrpc_unregister_rpc->event_errx
evrpc_unregister_rpc->event_mm_free_
evrpc_unregister_rpc->event_mm_free_
evrpc_unregister_rpc->event_mm_free_
evrpc_remove_hook->event_errx
evrpc_remove_hook->evrpc_remove_hook_internal
evrpc_remove_hook_internal->event_mm_free_
evrpc_construct_uri->strlen
evrpc_construct_uri->event_mm_malloc_
evrpc_construct_uri->event_err
evrpc_construct_uri->llvm.memcpy.p0i8.p0i8.i64
evrpc_construct_uri->strlen
evrpc_construct_uri->llvm.memcpy.p0i8.p0i8.i64
evrpc_add_hook->event_errx
evrpc_add_hook->event_mm_calloc_
evrpc_add_hook->event_errx
evrpc_register_rpc->evrpc_construct_uri
evrpc_register_rpc->evhttp_set_cb
evrpc_register_rpc->event_mm_free_
evrpc_request_cb->evbuffer_get_length
evrpc_request_cb->event_mm_calloc_
evrpc_request_cb->evrpc_hook_associate_meta_
evrpc_request_cb->evrpc_process_hooks
evrpc_request_cb->evrpc_pause_request
evrpc_request_cb->event_errx
evrpc_request_cb->evrpc_request_cb_closure
evrpc_request_cb->evrpc_reqstate_free_
evrpc_request_cb->evhttp_send_error
evrpc_hook_associate_meta_->evrpc_hook_meta_new_
evrpc_request_cb_closure->event_errx
evrpc_request_cb_closure->evrpc_reqstate_free_
evrpc_request_cb_closure->evhttp_send_error
evrpc_pause_request->event_mm_malloc_
evrpc_reqstate_free_->event_errx
evrpc_reqstate_free_->evrpc_hook_context_free_
evrpc_reqstate_free_->evbuffer_free
evrpc_reqstate_free_->event_mm_free_
evrpc_hook_context_free_->evrpc_meta_data_free
evrpc_hook_context_free_->event_mm_free_
evrpc_meta_data_free->event_errx
evrpc_meta_data_free->event_mm_free_
evrpc_meta_data_free->event_mm_free_
evrpc_meta_data_free->event_mm_free_
evrpc_hook_meta_new_->event_mm_malloc_
evrpc_hook_meta_new_->event_errx
evrpc_request_done->event_errx
evrpc_request_done->evbuffer_new
evrpc_request_done->evrpc_hook_associate_meta_
evrpc_request_done->evrpc_process_hooks
evrpc_request_done->evrpc_pause_request
evrpc_request_done->event_errx
evrpc_request_done->evrpc_request_done_closure
evrpc_request_done->evrpc_reqstate_free_
evrpc_request_done->evhttp_send_error
evrpc_request_done_closure->event_errx
evrpc_request_done_closure->evhttp_find_header
evrpc_request_done_closure->evhttp_add_header
evrpc_request_done_closure->evhttp_send_reply
evrpc_request_done_closure->evrpc_reqstate_free_
evrpc_request_done_closure->evrpc_reqstate_free_
evrpc_request_done_closure->evhttp_send_error
evrpc_pool_new->event_mm_calloc_
evrpc_pool_free->evrpc_request_wrapper_free
evrpc_pool_free->event_mm_free_
evrpc_pool_free->evhttp_connection_free
evrpc_pool_free->evrpc_remove_hook
evrpc_pool_free->event_errx
evrpc_pool_free->evrpc_remove_hook
evrpc_pool_free->event_errx
evrpc_pool_free->event_mm_free_
evrpc_request_wrapper_free->evrpc_hook_context_free_
evrpc_request_wrapper_free->event_mm_free_
evrpc_request_wrapper_free->event_mm_free_
evrpc_pool_add_connection->event_errx
evrpc_pool_add_connection->evhttp_connection_set_base
evrpc_pool_add_connection->evhttp_connection_set_timeout
evrpc_pool_add_connection->evrpc_schedule_request
evrpc_schedule_request->evhttp_request_new
evrpc_schedule_request->evrpc_hook_associate_meta_
evrpc_schedule_request->evrpc_process_hooks
evrpc_schedule_request->evrpc_pause_request
evrpc_schedule_request->event_errx
evrpc_schedule_request->evrpc_schedule_request_closure
evrpc_schedule_request->llvm.memset.p0i8.i64
evrpc_schedule_request->evrpc_request_wrapper_free
evrpc_reply_done->event_del
evrpc_reply_done->evrpc_reply_done_closure
evrpc_reply_done->evrpc_hook_associate_meta_
evrpc_reply_done->evrpc_process_hooks
evrpc_reply_done->evhttp_request_own
evrpc_reply_done->evrpc_pause_request
evrpc_reply_done->event_errx
evrpc_reply_done->evrpc_reply_done_closure
evrpc_schedule_request_closure->evrpc_construct_uri
evrpc_schedule_request_closure->event_add
evrpc_schedule_request_closure->evhttp_make_request
evrpc_schedule_request_closure->event_mm_free_
evrpc_schedule_request_closure->llvm.memset.p0i8.i64
evrpc_schedule_request_closure->evrpc_request_wrapper_free
evrpc_reply_done_closure->llvm.memset.p0i8.i64
evrpc_reply_done_closure->evrpc_request_wrapper_free
evrpc_reply_done_closure->evhttp_request_is_owned
evrpc_reply_done_closure->evhttp_request_free
evrpc_reply_done_closure->evrpc_pool_schedule
evrpc_pool_schedule->evrpc_pool_find_connection
evrpc_pool_schedule->evrpc_schedule_request
evrpc_pool_set_timeout->evhttp_connection_set_timeout
evrpc_resume_request->event_mm_free_
evrpc_make_request->event_assign
evrpc_make_request->event_errx
evrpc_make_request->evrpc_pool_schedule
evrpc_request_timeout->event_errx
evrpc_request_timeout->evhttp_connection_fail_
evrpc_make_request_ctx->event_mm_malloc_
evrpc_make_request_ctx->event_mm_strdup_
evrpc_make_request_ctx->event_mm_free_
evrpc_hook_add_meta->evrpc_hook_meta_new_
evrpc_hook_add_meta->event_mm_malloc_
evrpc_hook_add_meta->event_errx
evrpc_hook_add_meta->event_mm_strdup_
evrpc_hook_add_meta->event_errx
evrpc_hook_add_meta->event_mm_malloc_
evrpc_hook_add_meta->event_errx
evrpc_hook_add_meta->llvm.memcpy.p0i8.p0i8.i64
evrpc_hook_find_meta->strcmp
evrpc_send_request_generic->evrpc_make_request_ctx
evrpc_send_request_generic->evrpc_make_request
evrpc_send_request_generic->llvm.memset.p0i8.i64
evrpc_register_generic->evrpc_register_object
evrpc_register_generic->evrpc_register_rpc
evrpc_register_object->event_mm_calloc_
evrpc_register_object->event_mm_strdup_
evrpc_register_object->event_mm_free_
evhttp_htmlescape->strlen
evhttp_htmlescape->html_replace
evhttp_htmlescape->event_warn
evhttp_htmlescape->event_mm_malloc_
evhttp_htmlescape->event_warn
evhttp_htmlescape->html_replace
evhttp_htmlescape->llvm.memcpy.p0i8.p0i8.i64
evhttp_connection_fail_->__errno_location
evhttp_connection_fail_->event_errx
evhttp_connection_fail_->bufferevent_disable
evhttp_connection_fail_->evhttp_connection_incoming_fail
evhttp_connection_fail_->evhttp_connection_free
evhttp_connection_fail_->evhttp_request_free_
evhttp_connection_fail_->evhttp_connection_reset_
evhttp_connection_fail_->evhttp_connection_connect_
evhttp_connection_fail_->__errno_location
evhttp_connection_incoming_fail->event_mm_free_
evhttp_connection_incoming_fail->evhttp_uri_free
evhttp_connection_free->evhttp_connected
evhttp_connection_free->evhttp_request_free_
evhttp_connection_free->event_initialized
evhttp_connection_free->event_del
evhttp_connection_free->event_debug_unassign
evhttp_connection_free->bufferevent_free
evhttp_connection_free->event_deferred_cb_cancel_
evhttp_connection_free->bufferevent_getfd
evhttp_connection_free->bufferevent_disable
evhttp_connection_free->shutdown
evhttp_connection_free->bufferevent_get_options_
evhttp_connection_free->evutil_closesocket
evhttp_connection_free->event_mm_free_
evhttp_connection_free->event_mm_free_
evhttp_connection_free->event_mm_free_
evhttp_request_free_->evhttp_request_free_auto
evhttp_connection_reset_->bufferevent_disable_hard_
evhttp_connection_reset_->bufferevent_getfd
evhttp_connection_reset_->evhttp_connected
evhttp_connection_reset_->shutdown
evhttp_connection_reset_->evutil_closesocket
evhttp_connection_reset_->bufferevent_setfd
evhttp_connection_reset_->bufferevent_get_output
evhttp_connection_reset_->evbuffer_drain
evhttp_connection_reset_->event_errx
evhttp_connection_reset_->bufferevent_get_input
evhttp_connection_reset_->evbuffer_drain
evhttp_connection_reset_->event_errx
evhttp_connection_connect_->evhttp_connection_get_addr
evhttp_connection_connect_->evhttp_connection_reset_
evhttp_connection_connect_->event_errx
evhttp_connection_connect_->bind_socket
evhttp_connection_connect_->event_debugx_
evhttp_connection_connect_->bufferevent_setfd
evhttp_connection_connect_->bufferevent_setfd
evhttp_connection_connect_->bufferevent_setcb
evhttp_connection_connect_->llvm.memcpy.p0i8.p0i8.i64
evhttp_connection_connect_->bufferevent_set_timeouts
evhttp_connection_connect_->bufferevent_set_timeouts
evhttp_connection_connect_->bufferevent_enable
evhttp_connection_connect_->bufferevent_socket_connect
evhttp_connection_connect_->bufferevent_socket_connect_hostname
evhttp_connection_connect_->event_sock_warn
evhttp_connection_connect_->evhttp_connection_cb_cleanup
evhttp_connection_get_addr->bufferevent_socket_get_conn_address_
bind_socket->bind_socket_ai
bind_socket->make_addrinfo
bind_socket->bind_socket_ai
bind_socket->evutil_freeaddrinfo
evhttp_connection_cb->bufferevent_getfd
evhttp_connection_cb->__errno_location
evhttp_connection_cb->evhttp_error_cb
evhttp_connection_cb->event_debugx_
evhttp_connection_cb->getsockopt
evhttp_connection_cb->event_debugx_
evhttp_connection_cb->strerror
evhttp_connection_cb->event_debugx_
evhttp_connection_cb->event_debugx_
evhttp_connection_cb->bufferevent_setcb
evhttp_connection_cb->llvm.memcpy.p0i8.p0i8.i64
evhttp_connection_cb->llvm.memcpy.p0i8.p0i8.i64
evhttp_connection_cb->bufferevent_set_timeouts
evhttp_connection_cb->bufferevent_set_timeouts
evhttp_connection_cb->evhttp_request_dispatch
evhttp_connection_cb->evhttp_connection_cb_cleanup
evhttp_connection_cb_cleanup->evhttp_connection_reset_
evhttp_connection_cb_cleanup->llvm.memcpy.p0i8.p0i8.i64
evhttp_connection_cb_cleanup->event_assign
evhttp_connection_cb_cleanup->event_add
evhttp_connection_cb_cleanup->evhttp_request_free_auto
evhttp_connection_retry->evhttp_connection_connect_
evhttp_request_free_auto->evhttp_request_free
evhttp_request_free->event_mm_free_
evhttp_request_free->event_mm_free_
evhttp_request_free->evhttp_uri_free
evhttp_request_free->event_mm_free_
evhttp_request_free->event_mm_free_
evhttp_request_free->evhttp_clear_headers
evhttp_request_free->event_mm_free_
evhttp_request_free->evhttp_clear_headers
evhttp_request_free->event_mm_free_
evhttp_request_free->evbuffer_free
evhttp_request_free->evbuffer_free
evhttp_request_free->event_mm_free_
evhttp_uri_free->event_mm_free_
evhttp_uri_free->event_mm_free_
evhttp_uri_free->event_mm_free_
evhttp_uri_free->event_mm_free_
evhttp_uri_free->event_mm_free_
evhttp_uri_free->event_mm_free_
evhttp_uri_free->event_mm_free_
evhttp_clear_headers->event_mm_free_
evhttp_clear_headers->event_mm_free_
evhttp_clear_headers->event_mm_free_
evhttp_error_cb->bufferevent_getfd
evhttp_error_cb->event_debugx_
evhttp_error_cb->evhttp_connection_cb_cleanup
evhttp_error_cb->evhttp_connection_done
evhttp_error_cb->event_errx
evhttp_error_cb->event_errx
evhttp_error_cb->evhttp_connection_reset_
evhttp_error_cb->evhttp_connection_free
evhttp_error_cb->evhttp_connection_fail_
evhttp_error_cb->evhttp_connection_read_on_write_error
evhttp_error_cb->evhttp_connection_fail_
evhttp_error_cb->evhttp_connection_fail_
evhttp_read_cb->event_deferred_cb_cancel_
evhttp_read_cb->evhttp_read_firstline
evhttp_read_cb->evhttp_read_header
evhttp_read_cb->evhttp_read_body
evhttp_read_cb->evhttp_read_trailer
evhttp_read_cb->evhttp_connection_reset_
evhttp_read_cb->event_errx
evhttp_request_dispatch->evhttp_connection_stop_detectclose
evhttp_request_dispatch->event_errx
evhttp_request_dispatch->evhttp_make_header
evhttp_request_dispatch->evhttp_write_buffer
evhttp_connection_stop_detectclose->bufferevent_disable
evhttp_make_header->bufferevent_get_output
evhttp_make_header->evhttp_make_header_request
evhttp_make_header->evhttp_make_header_response
evhttp_make_header->evbuffer_add_printf
evhttp_make_header->evbuffer_add
evhttp_make_header->evhttp_have_expect
evhttp_make_header->evbuffer_get_length
evhttp_make_header->evbuffer_add_buffer
evhttp_write_connectioncb->bufferevent_get_output
evhttp_write_connectioncb->event_errx
evhttp_write_connectioncb->event_errx
evhttp_write_connectioncb->evbuffer_get_length
evhttp_write_connectioncb->evhttp_start_read_
evhttp_write_buffer->event_debugx_
evhttp_write_buffer->bufferevent_setcb
evhttp_write_buffer->bufferevent_enable
evhttp_start_read_->bufferevent_disable
evhttp_start_read_->bufferevent_enable
evhttp_start_read_->bufferevent_setcb
evhttp_start_read_->bufferevent_get_input
evhttp_start_read_->evbuffer_get_length
evhttp_start_read_->event_deferred_cb_schedule_
evhttp_make_header_request->evhttp_remove_header
evhttp_make_header_request->evhttp_method
evhttp_make_header_request->bufferevent_get_output
evhttp_make_header_request->evbuffer_add_printf
evhttp_make_header_request->evhttp_find_header
evhttp_make_header_request->evbuffer_get_length
evhttp_make_header_request->evutil_snprintf
evhttp_make_header_request->evhttp_add_header
evhttp_make_header_response->evhttp_is_connection_keepalive
evhttp_make_header_response->bufferevent_get_output
evhttp_make_header_response->evbuffer_add_printf
evhttp_make_header_response->evhttp_maybe_add_date_header
evhttp_make_header_response->evhttp_add_header
evhttp_make_header_response->evhttp_response_needs_body
evhttp_make_header_response->evbuffer_get_length
evhttp_make_header_response->evhttp_maybe_add_content_length_header
evhttp_make_header_response->evhttp_response_needs_body
evhttp_make_header_response->evhttp_find_header
evhttp_make_header_response->evhttp_add_header
evhttp_make_header_response->evhttp_is_connection_close
evhttp_make_header_response->evhttp_remove_header
evhttp_make_header_response->evhttp_add_header
evhttp_make_header_response->evhttp_remove_header
evhttp_have_expect->evhttp_find_header
evhttp_have_expect->evutil_ascii_strcasecmp
evhttp_find_header->evutil_ascii_strcasecmp
evhttp_is_connection_keepalive->evhttp_find_header
evhttp_is_connection_keepalive->evutil_ascii_strncasecmp
evhttp_maybe_add_date_header->evhttp_find_header
evhttp_maybe_add_date_header->evutil_date_rfc1123
evhttp_maybe_add_date_header->evhttp_add_header
evhttp_add_header->event_debugx_
evhttp_add_header->strchr
evhttp_add_header->strchr
evhttp_add_header->event_debugx_
evhttp_add_header->evhttp_header_is_valid_value
evhttp_add_header->event_debugx_
evhttp_add_header->evhttp_add_header_internal
evhttp_maybe_add_content_length_header->evhttp_find_header
evhttp_maybe_add_content_length_header->evhttp_find_header
evhttp_maybe_add_content_length_header->evutil_snprintf
evhttp_maybe_add_content_length_header->evhttp_add_header
evhttp_is_connection_close->evhttp_find_header
evhttp_is_connection_close->evutil_ascii_strcasecmp
evhttp_is_connection_close->evhttp_find_header
evhttp_is_connection_close->evutil_ascii_strcasecmp
evhttp_remove_header->evutil_ascii_strcasecmp
evhttp_remove_header->event_mm_free_
evhttp_remove_header->event_mm_free_
evhttp_remove_header->event_mm_free_
