exsltDynMapFunction->xmlXPatherror
exsltDynMapFunction->xmlXPathPopString
exsltDynMapFunction->xmlXPatherror
exsltDynMapFunction->xmlXPathPopNodeSet
exsltDynMapFunction->xmlXPatherror
exsltDynMapFunction->xmlStrlen
exsltDynMapFunction->xmlXPathCompile
exsltDynMapFunction->xmlXPathFreeNodeSet
exsltDynMapFunction->xmlXPathNewNodeSet
exsltDynMapFunction->valuePush
exsltDynMapFunction->xmlXPathNewNodeSet
exsltDynMapFunction->xsltXPathGetTransformContext
exsltDynMapFunction->xsltXPathGetTransformContext
exsltDynMapFunction->xsltTransformError
exsltDynMapFunction->xsltCreateRVT
exsltDynMapFunction->xsltTransformError
exsltDynMapFunction->xsltRegisterLocalRVT
exsltDynMapFunction->xmlXPathNodeSetSort
exsltDynMapFunction->xmlXPathCompiledEval
exsltDynMapFunction->xmlXPathNodeSetAdd
exsltDynMapFunction->xmlNewChild
exsltDynMapFunction->xmlNewNs
exsltDynMapFunction->xmlXPathNodeSetAddUnique
exsltDynMapFunction->xsltExtensionInstructionResultRegister
exsltDynMapFunction->xmlXPathCastNumberToString
exsltDynMapFunction->xmlNewChild
exsltDynMapFunction->xmlNewNs
exsltDynMapFunction->xmlXPathNodeSetAddUnique
exsltDynMapFunction->xsltExtensionInstructionResultRegister
exsltDynMapFunction->xmlNewChild
exsltDynMapFunction->xmlNewNs
exsltDynMapFunction->xmlXPathNodeSetAddUnique
exsltDynMapFunction->xsltExtensionInstructionResultRegister
exsltDynMapFunction->xmlXPathFreeObject
exsltDynMapFunction->xmlXPathFreeCompExpr
exsltDynMapFunction->xmlXPathFreeNodeSet
exsltDynMapFunction->valuePush
exsltDynEvaluateFunction->xsltXPathGetTransformContext
exsltDynEvaluateFunction->xsltPrintErrorContext
exsltDynEvaluateFunction->xmlXPathPopString
exsltDynEvaluateFunction->xmlStrlen
exsltDynEvaluateFunction->xmlXPathNewNodeSet
exsltDynEvaluateFunction->valuePush
exsltDynEvaluateFunction->xmlXPathEval
exsltDynEvaluateFunction->valuePush
exsltDynEvaluateFunction->xmlXPathNewNodeSet
exsltDynEvaluateFunction->valuePush
exsltDynRegister->xsltRegisterExtModuleFunction
exsltDynRegister->xsltRegisterExtModuleFunction
exsltSaxonSystemIdFunction->xmlXPatherror
exsltSaxonSystemIdFunction->xmlXPathNewString
exsltSaxonSystemIdFunction->valuePush
exsltSaxonSystemIdFunction->xmlXPathNewString
exsltSaxonSystemIdFunction->valuePush
exsltSaxonLineNumberFunction->xsltXPathGetTransformContext
exsltSaxonLineNumberFunction->xsltTransformError
exsltSaxonLineNumberFunction->valuePop
exsltSaxonLineNumberFunction->xmlXPathCmpNodes
exsltSaxonLineNumberFunction->xsltXPathGetTransformContext
exsltSaxonLineNumberFunction->xsltTransformError
exsltSaxonLineNumberFunction->xmlGetLineNo
exsltSaxonLineNumberFunction->xmlXPathNewFloat
exsltSaxonLineNumberFunction->valuePush
exsltSaxonLineNumberFunction->xmlXPathFreeObject
exsltSaxonEvaluateFunction->xmlXPatherror
exsltSaxonEvaluateFunction->exsltSaxonExpressionFunction
exsltSaxonEvaluateFunction->exsltSaxonEvalFunction
exsltSaxonEvalFunction->xmlXPatherror
exsltSaxonEvalFunction->xmlXPatherror
exsltSaxonEvalFunction->xmlXPathPopExternal
exsltSaxonEvalFunction->xmlXPathCompiledEval
exsltSaxonEvalFunction->xmlXPatherror
exsltSaxonEvalFunction->valuePush
exsltSaxonExpressionFunction->xsltXPathGetTransformContext
exsltSaxonExpressionFunction->xmlXPatherror
exsltSaxonExpressionFunction->xmlXPathPopString
exsltSaxonExpressionFunction->xmlXPatherror
exsltSaxonExpressionFunction->xsltGetExtData
exsltSaxonExpressionFunction->xmlHashLookup
exsltSaxonExpressionFunction->xmlXPathCompile
exsltSaxonExpressionFunction->xmlXPatherror
exsltSaxonExpressionFunction->xmlHashAddEntry
exsltSaxonExpressionFunction->xmlXPathWrapExternal
exsltSaxonExpressionFunction->valuePush
exsltSaxonShutdown->xmlHashFree
exsltSaxonInit->xmlHashCreate
exsltSaxonRegister->xsltRegisterExtModule
exsltSaxonRegister->xsltRegisterExtModuleFunction
exsltSaxonRegister->xsltRegisterExtModuleFunction
exsltSaxonRegister->xsltRegisterExtModuleFunction
exsltSaxonRegister->xsltRegisterExtModuleFunction
exsltSaxonRegister->xsltRegisterExtModuleFunction
exsltDateXpathCtxtRegister->xmlXPathRegisterNs
exsltDateXpathCtxtRegister->xmlXPathRegisterFuncNS
exsltDateXpathCtxtRegister->xmlXPathRegisterFuncNS
exsltDateXpathCtxtRegister->xmlXPathRegisterFuncNS
exsltDateXpathCtxtRegister->xmlXPathRegisterFuncNS
exsltDateXpathCtxtRegister->xmlXPathRegisterFuncNS
exsltDateXpathCtxtRegister->xmlXPathRegisterFuncNS
exsltDateXpathCtxtRegister->xmlXPathRegisterFuncNS
exsltDateXpathCtxtRegister->xmlXPathRegisterFuncNS
exsltDateXpathCtxtRegister->xmlXPathRegisterFuncNS
exsltDateXpathCtxtRegister->xmlXPathRegisterFuncNS
exsltDateXpathCtxtRegister->xmlXPathRegisterFuncNS
exsltDateXpathCtxtRegister->xmlXPathRegisterFuncNS
exsltDateXpathCtxtRegister->xmlXPathRegisterFuncNS
exsltDateXpathCtxtRegister->xmlXPathRegisterFuncNS
exsltDateXpathCtxtRegister->xmlXPathRegisterFuncNS
exsltDateXpathCtxtRegister->xmlXPathRegisterFuncNS
exsltDateXpathCtxtRegister->xmlXPathRegisterFuncNS
exsltDateXpathCtxtRegister->xmlXPathRegisterFuncNS
exsltDateXpathCtxtRegister->xmlXPathRegisterFuncNS
exsltDateXpathCtxtRegister->xmlXPathRegisterFuncNS
exsltDateXpathCtxtRegister->xmlXPathRegisterFuncNS
exsltDateXpathCtxtRegister->xmlXPathRegisterFuncNS
exsltDateXpathCtxtRegister->xmlXPathRegisterFuncNS
exsltDateXpathCtxtRegister->xmlXPathRegisterFuncNS
exsltDateXpathCtxtRegister->xmlXPathRegisterFuncNS
exsltDateFormat->exsltDateFormatDuration
exsltDateFormat->exsltDateFormatDateTime
exsltDateFormat->exsltDateFormatDate
exsltDateFormat->exsltDateFormatTime
exsltDateFormat->xmlStrdup
exsltDateAdd->exsltDateParse
exsltDateAdd->exsltDateFreeDate
exsltDateAdd->exsltDateParseDuration
exsltDateAdd->exsltDateFreeDate
exsltDateAdd->_exsltDateAdd
exsltDateAdd->exsltDateFreeDate
exsltDateAdd->exsltDateFreeDate
exsltDateAdd->exsltDateFormat
exsltDateAdd->exsltDateFreeDate
_exsltDateAddDuration->exsltDateCreateDate
_exsltDateAddDuration->_exsltDateAddDurCalc
_exsltDateAddDuration->exsltDateFreeDate
exsltDateAddDuration->exsltDateParseDuration
exsltDateAddDuration->exsltDateParseDuration
exsltDateAddDuration->exsltDateFreeDate
exsltDateAddDuration->_exsltDateAddDuration
exsltDateAddDuration->exsltDateFreeDate
exsltDateAddDuration->exsltDateFreeDate
exsltDateAddDuration->exsltDateFormatDuration
exsltDateAddDuration->exsltDateFreeDate
exsltDateFormatDate->xmlStrdup
exsltDateDate->exsltDateCurrent
exsltDateDate->exsltDateParse
exsltDateDate->exsltDateFreeDate
exsltDateDate->exsltDateFormatDate
exsltDateDate->exsltDateFreeDate
exsltDateFormatDateTime->xmlXPathCastNumberToString
exsltDateFormatDateTime->xmlStrdup
exsltDateDateTime->exsltDateCurrent
exsltDateDateTime->exsltDateFormatDateTime
exsltDateDateTime->exsltDateFreeDate
exsltDateDayAbbreviation->exsltDateDayInWeek
exsltDateDayInMonth->exsltDateCurrent
exsltDateDayInMonth->exsltDateParse
exsltDateDayInMonth->exsltDateFreeDate
exsltDateDayInMonth->exsltDateFreeDate
exsltDateDayInYear->exsltDateCurrent
exsltDateDayInYear->exsltDateParse
exsltDateDayInYear->exsltDateFreeDate
exsltDateDayInYear->exsltDateFreeDate
exsltDateDayInWeek->exsltDateCurrent
exsltDateDayInWeek->exsltDateParse
exsltDateDayInWeek->exsltDateFreeDate
exsltDateDayInWeek->_exsltDateDayInWeek
exsltDateDayInWeek->exsltDateFreeDate
exsltDateDayName->exsltDateDayInWeek
exsltDateDayOfWeekInMonth->exsltDateCurrent
exsltDateDayOfWeekInMonth->exsltDateParse
exsltDateDayOfWeekInMonth->exsltDateFreeDate
exsltDateDayOfWeekInMonth->exsltDateFreeDate
exsltDateDifference->exsltDateParse
exsltDateDifference->exsltDateParse
exsltDateDifference->exsltDateFreeDate
exsltDateDifference->exsltDateFreeDate
exsltDateDifference->exsltDateFreeDate
exsltDateDifference->_exsltDateDifference
exsltDateDifference->exsltDateFreeDate
exsltDateDifference->exsltDateFreeDate
exsltDateDifference->exsltDateFormatDuration
exsltDateDifference->exsltDateFreeDate
exsltDateDuration->exsltDateSeconds
exsltDateDuration->xmlXPathCastStringToNumber
exsltDateDuration->xmlXPathIsNaN
exsltDateDuration->xmlXPathIsInf
exsltDateDuration->exsltDateCreateDate
exsltDateDuration->exsltDateFormatDuration
exsltDateDuration->exsltDateFreeDate
exsltDateHourInDay->exsltDateCurrent
exsltDateHourInDay->exsltDateParse
exsltDateHourInDay->exsltDateFreeDate
exsltDateHourInDay->exsltDateFreeDate
exsltDateLeapYear->exsltDateYear
exsltDateLeapYear->xmlXPathIsNaN
exsltDateLeapYear->xmlXPathNewFloat
exsltDateLeapYear->xmlXPathNewBoolean
exsltDateLeapYear->xmlXPathNewBoolean
exsltDateMinuteInHour->exsltDateCurrent
exsltDateMinuteInHour->exsltDateParse
exsltDateMinuteInHour->exsltDateFreeDate
exsltDateMinuteInHour->exsltDateFreeDate
exsltDateMonthAbbreviation->exsltDateMonthInYear
exsltDateMonthInYear->exsltDateCurrent
exsltDateMonthInYear->exsltDateParse
exsltDateMonthInYear->exsltDateFreeDate
exsltDateMonthInYear->exsltDateFreeDate
exsltDateMonthName->exsltDateMonthInYear
exsltDateSecondInMinute->exsltDateCurrent
exsltDateSecondInMinute->exsltDateParse
exsltDateSecondInMinute->exsltDateFreeDate
exsltDateSecondInMinute->exsltDateFreeDate
_exsltDateAdd->exsltDateCreateDate
_exsltDateAdd->llvm.floor.f64
_exsltDateAdd->llvm.floor.f64
_exsltDateAdd->llvm.floor.f64
_exsltDateAdd->llvm.floor.f64
_exsltDateAdd->llvm.floor.f64
_exsltDateAdd->llvm.floor.f64
_exsltDateAdd->llvm.floor.f64
_exsltDateAdd->llvm.floor.f64
_exsltDateAdd->llvm.floor.f64
_exsltDateAdd->llvm.floor.f64
_exsltDateAdd->llvm.floor.f64
_exsltDateAdd->llvm.floor.f64
exsltDateNormalize->exsltDateCreateDate
exsltDateNormalize->_exsltDateAdd
exsltDateNormalize->llvm.memcpy.p0i8.p0i8.i64
exsltDateNormalize->exsltDateFreeDate
exsltDateNormalize->exsltDateFreeDate
exsltDateCastDateToNumber->_exsltDateCastYMToDays
_exsltDateDifference->exsltDateNormalize
_exsltDateDifference->exsltDateNormalize
_exsltDateDifference->_exsltDateTruncateDate
_exsltDateDifference->_exsltDateTruncateDate
_exsltDateDifference->exsltDateCreateDate
_exsltDateDifference->_exsltDateCastYMToDays
_exsltDateDifference->_exsltDateCastYMToDays
exsltDateSeconds->exsltDateCurrent
exsltDateSeconds->exsltDateParseDuration
exsltDateSeconds->exsltDateParse
exsltDateSeconds->exsltDateCreateDate
exsltDateSeconds->_exsltDateDifference
exsltDateSeconds->exsltDateCastDateToNumber
exsltDateSeconds->exsltDateFreeDate
exsltDateSeconds->exsltDateFreeDate
exsltDateSeconds->exsltDateCastDateToNumber
exsltDateSeconds->exsltDateFreeDate
exsltDateFormatDuration->xmlStrdup
exsltDateFormatDuration->xmlXPathCastNumberToString
exsltDateFormatDuration->xmlXPathCastNumberToString
exsltDateFormatDuration->llvm.floor.f64
exsltDateFormatDuration->xmlXPathCastNumberToString
exsltDateFormatDuration->xmlXPathCastNumberToString
exsltDateFormatDuration->xmlXPathCastNumberToString
exsltDateFormatDuration->xmlXPathCastNumberToString
exsltDateFormatDuration->xmlStrdup
_exsltDateAddDurCalc->llvm.floor.f64
_exsltDateAddDurCalc->llvm.floor.f64
exsltDateParseDuration->exsltDateCreateDate
exsltDateParseDuration->llvm.memcpy.p0i8.p0i8.i64
exsltDateParseDuration->llvm.memset.p0i8.i64
exsltDateParseDuration->exsltDateFreeDate
exsltDateFormatTime->xmlXPathCastNumberToString
exsltDateFormatTime->xmlStrdup
exsltDateTime->exsltDateCurrent
exsltDateTime->exsltDateParse
exsltDateTime->exsltDateFreeDate
exsltDateTime->exsltDateFormatTime
exsltDateTime->exsltDateFreeDate
exsltDateWeekInMonth->exsltDateCurrent
exsltDateWeekInMonth->exsltDateParse
exsltDateWeekInMonth->exsltDateFreeDate
exsltDateWeekInMonth->_exsltDateDayInWeek
exsltDateWeekInMonth->exsltDateFreeDate
exsltDateWeekInYear->exsltDateCurrent
exsltDateWeekInYear->exsltDateParse
exsltDateWeekInYear->exsltDateFreeDate
exsltDateWeekInYear->_exsltDateDayInWeek
exsltDateWeekInYear->exsltDateFreeDate
exsltDateCreateDate->llvm.memset.p0i8.i64
exsltDateParse->exsltDateCreateDate
exsltDateParse->_exsltDateParseGDay
exsltDateParse->_exsltDateParseTimeZone
exsltDateParse->_exsltDateParseGMonth
exsltDateParse->_exsltDateParseTimeZone
exsltDateParse->_exsltDateParseGDay
exsltDateParse->_exsltDateParseTimeZone
exsltDateParse->_exsltDateParseTime
exsltDateParse->_exsltDateParseTimeZone
exsltDateParse->_exsltDateParseGYear
exsltDateParse->_exsltDateParseTimeZone
exsltDateParse->_exsltDateParseGMonth
exsltDateParse->_exsltDateParseTimeZone
exsltDateParse->_exsltDateParseGDay
exsltDateParse->_exsltDateParseTimeZone
exsltDateParse->_exsltDateParseTime
exsltDateParse->_exsltDateParseTimeZone
exsltDateParse->exsltDateFreeDate
exsltDateCurrent->exsltDateCreateDate
exsltDateCurrent->time
exsltDateCurrent->localtime_r
exsltDateCurrent->gmtime_r
exsltDateYear->exsltDateCurrent
exsltDateYear->exsltDateParse
exsltDateYear->exsltDateFreeDate
exsltDateYear->exsltDateFreeDate
exsltDateYearFunction->xmlXPatherror
exsltDateYearFunction->xmlXPathPopString
exsltDateYearFunction->xmlXPatherror
exsltDateYearFunction->exsltDateYear
exsltDateYearFunction->xmlXPathNewFloat
exsltDateYearFunction->valuePush
exsltDateWeekInYearFunction->xmlXPatherror
exsltDateWeekInYearFunction->xmlXPathPopString
exsltDateWeekInYearFunction->xmlXPatherror
exsltDateWeekInYearFunction->exsltDateWeekInYear
exsltDateWeekInYearFunction->xmlXPathNewFloat
exsltDateWeekInYearFunction->valuePush
exsltDateWeekInMonthFunction->xmlXPatherror
exsltDateWeekInMonthFunction->xmlXPathPopString
exsltDateWeekInMonthFunction->xmlXPatherror
exsltDateWeekInMonthFunction->exsltDateWeekInMonth
exsltDateWeekInMonthFunction->xmlXPathNewFloat
exsltDateWeekInMonthFunction->valuePush
exsltDateTimeFunction->xmlXPatherror
exsltDateTimeFunction->xmlXPathPopString
exsltDateTimeFunction->xmlXPatherror
exsltDateTimeFunction->exsltDateTime
exsltDateTimeFunction->xmlXPathNewCString
exsltDateTimeFunction->valuePush
exsltDateTimeFunction->xmlXPathWrapString
exsltDateTimeFunction->valuePush
exsltDateSumFunction->xmlXPatherror
exsltDateSumFunction->xmlXPathPopNodeSet
exsltDateSumFunction->xmlXPathNewCString
exsltDateSumFunction->valuePush
exsltDateSumFunction->xmlXPathFreeNodeSet
exsltDateSumFunction->exsltDateCreateDate
exsltDateSumFunction->xmlXPathFreeNodeSet
exsltDateSumFunction->xmlXPathCastNodeToString
exsltDateSumFunction->xmlXPathFreeNodeSet
exsltDateSumFunction->exsltDateFreeDate
exsltDateSumFunction->exsltDateParseDuration
exsltDateSumFunction->exsltDateFreeDate
exsltDateSumFunction->xmlXPathFreeNodeSet
exsltDateSumFunction->xmlXPathNewCString
exsltDateSumFunction->valuePush
exsltDateSumFunction->_exsltDateAddDurCalc
exsltDateSumFunction->exsltDateFreeDate
exsltDateSumFunction->exsltDateFreeDate
exsltDateSumFunction->xmlXPathFreeNodeSet
exsltDateSumFunction->xmlXPathNewCString
exsltDateSumFunction->valuePush
exsltDateSumFunction->exsltDateFormatDuration
exsltDateSumFunction->exsltDateFreeDate
exsltDateSumFunction->xmlXPathFreeNodeSet
exsltDateSumFunction->xmlFreeNodeList
exsltDateSumFunction->xmlXPathNewCString
exsltDateSumFunction->valuePush
exsltDateSumFunction->xmlXPathWrapString
exsltDateSumFunction->valuePush
exsltDateSecondsFunction->xmlXPatherror
exsltDateSecondsFunction->xmlXPathPopString
exsltDateSecondsFunction->xmlXPatherror
exsltDateSecondsFunction->exsltDateSeconds
exsltDateSecondsFunction->xmlXPathNewFloat
exsltDateSecondsFunction->valuePush
exsltDateSecondInMinuteFunction->xmlXPatherror
exsltDateSecondInMinuteFunction->xmlXPathPopString
exsltDateSecondInMinuteFunction->xmlXPatherror
exsltDateSecondInMinuteFunction->exsltDateSecondInMinute
exsltDateSecondInMinuteFunction->xmlXPathNewFloat
exsltDateSecondInMinuteFunction->valuePush
exsltDateMonthNameFunction->xmlXPatherror
exsltDateMonthNameFunction->xmlXPathPopString
exsltDateMonthNameFunction->xmlXPatherror
exsltDateMonthNameFunction->exsltDateMonthName
exsltDateMonthNameFunction->xmlXPathNewCString
exsltDateMonthNameFunction->valuePush
exsltDateMonthNameFunction->xmlStrdup
exsltDateMonthNameFunction->xmlXPathWrapString
exsltDateMonthNameFunction->valuePush
exsltDateMonthInYearFunction->xmlXPatherror
exsltDateMonthInYearFunction->xmlXPathPopString
exsltDateMonthInYearFunction->xmlXPatherror
exsltDateMonthInYearFunction->exsltDateMonthInYear
exsltDateMonthInYearFunction->xmlXPathNewFloat
exsltDateMonthInYearFunction->valuePush
exsltDateMonthAbbreviationFunction->xmlXPatherror
exsltDateMonthAbbreviationFunction->xmlXPathPopString
exsltDateMonthAbbreviationFunction->xmlXPatherror
exsltDateMonthAbbreviationFunction->exsltDateMonthAbbreviation
exsltDateMonthAbbreviationFunction->xmlXPathNewCString
exsltDateMonthAbbreviationFunction->valuePush
exsltDateMonthAbbreviationFunction->xmlStrdup
exsltDateMonthAbbreviationFunction->xmlXPathWrapString
exsltDateMonthAbbreviationFunction->valuePush
exsltDateMinuteInHourFunction->xmlXPatherror
exsltDateMinuteInHourFunction->xmlXPathPopString
exsltDateMinuteInHourFunction->xmlXPatherror
exsltDateMinuteInHourFunction->exsltDateMinuteInHour
exsltDateMinuteInHourFunction->xmlXPathNewFloat
exsltDateMinuteInHourFunction->valuePush
exsltDateLeapYearFunction->xmlXPatherror
exsltDateLeapYearFunction->xmlXPathPopString
exsltDateLeapYearFunction->xmlXPatherror
exsltDateLeapYearFunction->exsltDateLeapYear
exsltDateLeapYearFunction->valuePush
exsltDateHourInDayFunction->xmlXPatherror
exsltDateHourInDayFunction->xmlXPathPopString
exsltDateHourInDayFunction->xmlXPatherror
exsltDateHourInDayFunction->exsltDateHourInDay
exsltDateHourInDayFunction->xmlXPathNewFloat
exsltDateHourInDayFunction->valuePush
exsltDateDurationFunction->xmlXPatherror
exsltDateDurationFunction->xmlXPathPopString
exsltDateDurationFunction->xmlXPatherror
exsltDateDurationFunction->exsltDateDuration
exsltDateDurationFunction->xmlXPathNewCString
exsltDateDurationFunction->valuePush
exsltDateDurationFunction->xmlXPathWrapString
exsltDateDurationFunction->valuePush
exsltDateDifferenceFunction->xmlXPatherror
exsltDateDifferenceFunction->xmlXPathPopString
exsltDateDifferenceFunction->xmlXPathPopString
exsltDateDifferenceFunction->exsltDateDifference
exsltDateDifferenceFunction->xmlXPathNewCString
exsltDateDifferenceFunction->valuePush
exsltDateDifferenceFunction->xmlXPathWrapString
exsltDateDifferenceFunction->valuePush
exsltDateDayOfWeekInMonthFunction->xmlXPatherror
exsltDateDayOfWeekInMonthFunction->xmlXPathPopString
exsltDateDayOfWeekInMonthFunction->xmlXPatherror
exsltDateDayOfWeekInMonthFunction->exsltDateDayOfWeekInMonth
exsltDateDayOfWeekInMonthFunction->xmlXPathNewFloat
exsltDateDayOfWeekInMonthFunction->valuePush
exsltDateDayNameFunction->xmlXPatherror
exsltDateDayNameFunction->xmlXPathPopString
exsltDateDayNameFunction->xmlXPatherror
exsltDateDayNameFunction->exsltDateDayName
exsltDateDayNameFunction->xmlXPathNewCString
exsltDateDayNameFunction->valuePush
exsltDateDayNameFunction->xmlStrdup
exsltDateDayNameFunction->xmlXPathWrapString
exsltDateDayNameFunction->valuePush
exsltDateDayInYearFunction->xmlXPatherror
exsltDateDayInYearFunction->xmlXPathPopString
exsltDateDayInYearFunction->xmlXPatherror
exsltDateDayInYearFunction->exsltDateDayInYear
exsltDateDayInYearFunction->xmlXPathNewFloat
exsltDateDayInYearFunction->valuePush
exsltDateDayInWeekFunction->xmlXPatherror
exsltDateDayInWeekFunction->xmlXPathPopString
exsltDateDayInWeekFunction->xmlXPatherror
exsltDateDayInWeekFunction->exsltDateDayInWeek
exsltDateDayInWeekFunction->xmlXPathNewFloat
exsltDateDayInWeekFunction->valuePush
exsltDateDayInMonthFunction->xmlXPatherror
exsltDateDayInMonthFunction->xmlXPathPopString
exsltDateDayInMonthFunction->xmlXPatherror
exsltDateDayInMonthFunction->exsltDateDayInMonth
exsltDateDayInMonthFunction->xmlXPathNewFloat
exsltDateDayInMonthFunction->valuePush
exsltDateDayAbbreviationFunction->xmlXPatherror
exsltDateDayAbbreviationFunction->xmlXPathPopString
exsltDateDayAbbreviationFunction->xmlXPatherror
exsltDateDayAbbreviationFunction->exsltDateDayAbbreviation
exsltDateDayAbbreviationFunction->xmlXPathNewCString
exsltDateDayAbbreviationFunction->valuePush
exsltDateDayAbbreviationFunction->xmlStrdup
exsltDateDayAbbreviationFunction->xmlXPathWrapString
exsltDateDayAbbreviationFunction->valuePush
exsltDateDateTimeFunction->xmlXPatherror
exsltDateDateTimeFunction->exsltDateDateTime
exsltDateDateTimeFunction->xmlXPathNewCString
exsltDateDateTimeFunction->valuePush
exsltDateDateTimeFunction->xmlXPathWrapString
exsltDateDateTimeFunction->valuePush
exsltDateDateFunction->xmlXPatherror
exsltDateDateFunction->xmlXPathPopString
exsltDateDateFunction->xmlXPatherror
exsltDateDateFunction->exsltDateDate
exsltDateDateFunction->xmlXPathNewCString
exsltDateDateFunction->valuePush
exsltDateDateFunction->xmlXPathWrapString
exsltDateDateFunction->valuePush
exsltDateAddDurationFunction->xmlXPatherror
exsltDateAddDurationFunction->xmlXPathPopString
exsltDateAddDurationFunction->xmlXPathPopString
exsltDateAddDurationFunction->exsltDateAddDuration
exsltDateAddDurationFunction->xmlXPathNewCString
exsltDateAddDurationFunction->valuePush
exsltDateAddDurationFunction->xmlXPathWrapString
exsltDateAddDurationFunction->valuePush
exsltDateAddFunction->xmlXPatherror
exsltDateAddFunction->xmlXPathPopString
exsltDateAddFunction->xmlXPathPopString
exsltDateAddFunction->exsltDateAdd
exsltDateAddFunction->xmlXPathNewCString
exsltDateAddFunction->valuePush
exsltDateAddFunction->xmlXPathWrapString
exsltDateAddFunction->valuePush
exsltDateRegister->xsltRegisterExtModuleFunction
exsltDateRegister->xsltRegisterExtModuleFunction
exsltDateRegister->xsltRegisterExtModuleFunction
exsltDateRegister->xsltRegisterExtModuleFunction
exsltDateRegister->xsltRegisterExtModuleFunction
exsltDateRegister->xsltRegisterExtModuleFunction
exsltDateRegister->xsltRegisterExtModuleFunction
exsltDateRegister->xsltRegisterExtModuleFunction
exsltDateRegister->xsltRegisterExtModuleFunction
exsltDateRegister->xsltRegisterExtModuleFunction
exsltDateRegister->xsltRegisterExtModuleFunction
exsltDateRegister->xsltRegisterExtModuleFunction
exsltDateRegister->xsltRegisterExtModuleFunction
exsltDateRegister->xsltRegisterExtModuleFunction
exsltDateRegister->xsltRegisterExtModuleFunction
exsltDateRegister->xsltRegisterExtModuleFunction
exsltDateRegister->xsltRegisterExtModuleFunction
exsltDateRegister->xsltRegisterExtModuleFunction
exsltDateRegister->xsltRegisterExtModuleFunction
exsltDateRegister->xsltRegisterExtModuleFunction
exsltDateRegister->xsltRegisterExtModuleFunction
exsltDateRegister->xsltRegisterExtModuleFunction
exsltDateRegister->xsltRegisterExtModuleFunction
exsltDateRegister->xsltRegisterExtModuleFunction
exsltDateRegister->xsltRegisterExtModuleFunction
exsltStrXpathCtxtRegister->xmlXPathRegisterNs
exsltStrXpathCtxtRegister->xmlXPathRegisterFuncNS
exsltStrXpathCtxtRegister->xmlXPathRegisterFuncNS
exsltStrXpathCtxtRegister->xmlXPathRegisterFuncNS
exsltStrXpathCtxtRegister->xmlXPathRegisterFuncNS
exsltStrXpathCtxtRegister->xmlXPathRegisterFuncNS
exsltMathConstant->xmlXPathIsNaN
exsltMathConstant->xmlStrEqual
exsltMathConstant->xmlStrlen
exsltMathConstant->xmlStrsub
exsltMathConstant->xmlStrEqual
exsltMathConstant->xmlStrlen
exsltMathConstant->xmlStrsub
exsltMathConstant->xmlStrEqual
exsltMathConstant->xmlStrlen
exsltMathConstant->xmlStrsub
exsltMathConstant->xmlStrEqual
exsltMathConstant->xmlStrlen
exsltMathConstant->xmlStrsub
exsltMathConstant->xmlStrEqual
exsltMathConstant->xmlStrlen
exsltMathConstant->xmlStrsub
exsltMathConstant->xmlStrEqual
exsltMathConstant->xmlStrlen
exsltMathConstant->xmlStrsub
exsltMathConstant->xmlStrEqual
exsltMathConstant->xmlStrlen
exsltMathConstant->xmlStrsub
exsltMathConstant->xmlXPathCastStringToNumber
exsltMathRandom->rand
exsltMathAbs->xmlXPathIsNaN
exsltMathAbs->llvm.fabs.f64
exsltMathSqrt->xmlXPathIsNaN
exsltMathSqrt->sqrt
exsltMathPower->xmlXPathIsNaN
exsltMathPower->xmlXPathIsNaN
exsltMathPower->pow
exsltMathLog->xmlXPathIsNaN
exsltMathLog->log
exsltMathSin->xmlXPathIsNaN
exsltMathSin->sin
exsltMathCos->xmlXPathIsNaN
exsltMathCos->cos
exsltMathTan->xmlXPathIsNaN
exsltMathTan->tan
exsltMathAsin->xmlXPathIsNaN
exsltMathAsin->asin
exsltMathAcos->xmlXPathIsNaN
exsltMathAcos->acos
exsltMathAtan->xmlXPathIsNaN
exsltMathAtan->atan
exsltMathAtan2->xmlXPathIsNaN
exsltMathAtan2->xmlXPathIsNaN
exsltMathAtan2->atan2
exsltMathExp->xmlXPathIsNaN
exsltMathExp->exp
exsltMathExpFunction->xmlXPatherror
exsltMathExpFunction->xmlXPathPopNumber
exsltMathExpFunction->exsltMathExp
exsltMathExpFunction->xmlXPathNewFloat
exsltMathExpFunction->valuePush
exsltMathAtan2Function->xmlXPatherror
exsltMathAtan2Function->xmlXPathPopNumber
exsltMathAtan2Function->xmlXPathPopNumber
exsltMathAtan2Function->exsltMathAtan2
exsltMathAtan2Function->xmlXPathNewFloat
exsltMathAtan2Function->valuePush
exsltMathAtanFunction->xmlXPatherror
exsltMathAtanFunction->xmlXPathPopNumber
exsltMathAtanFunction->exsltMathAtan
exsltMathAtanFunction->xmlXPathNewFloat
exsltMathAtanFunction->valuePush
exsltMathAcosFunction->xmlXPatherror
exsltMathAcosFunction->xmlXPathPopNumber
exsltMathAcosFunction->exsltMathAcos
exsltMathAcosFunction->xmlXPathNewFloat
exsltMathAcosFunction->valuePush
exsltMathAsinFunction->xmlXPatherror
exsltMathAsinFunction->xmlXPathPopNumber
exsltMathAsinFunction->exsltMathAsin
exsltMathAsinFunction->xmlXPathNewFloat
exsltMathAsinFunction->valuePush
exsltMathTanFunction->xmlXPatherror
exsltMathTanFunction->xmlXPathPopNumber
exsltMathTanFunction->exsltMathTan
exsltMathTanFunction->xmlXPathNewFloat
exsltMathTanFunction->valuePush
exsltMathCosFunction->xmlXPatherror
exsltMathCosFunction->xmlXPathPopNumber
exsltMathCosFunction->exsltMathCos
exsltMathCosFunction->xmlXPathNewFloat
exsltMathCosFunction->valuePush
exsltRegisterAll->xsltInitGlobals
exsltRegisterAll->exsltCommonRegister
exsltRegisterAll->exsltMathRegister
exsltRegisterAll->exsltSetsRegister
exsltRegisterAll->exsltFuncRegister
exsltRegisterAll->exsltStrRegister
exsltRegisterAll->exsltDateRegister
exsltRegisterAll->exsltSaxonRegister
exsltRegisterAll->exsltDynRegister
exsltCommonRegister->xsltRegisterExtModuleFunction
exsltCommonRegister->xsltRegisterExtModuleFunction
exsltCommonRegister->xsltRegisterExtModuleElement
exsltNodeSetFunction->xmlXPatherror
exsltNodeSetFunction->xsltFunctionNodeSet
exsltNodeSetFunction->xsltXPathGetTransformContext
exsltNodeSetFunction->xsltCreateRVT
exsltNodeSetFunction->xsltTransformError
exsltNodeSetFunction->xsltRegisterLocalRVT
exsltNodeSetFunction->xmlXPathPopString
exsltNodeSetFunction->xmlNewDocText
exsltNodeSetFunction->xmlAddChild
exsltNodeSetFunction->xmlXPathNewNodeSet
exsltNodeSetFunction->xsltTransformError
exsltNodeSetFunction->xsltExtensionInstructionResultRegister
exsltNodeSetFunction->valuePush
exsltObjectTypeFunction->xmlXPatherror
exsltObjectTypeFunction->valuePop
exsltObjectTypeFunction->xmlXPathNewCString
exsltObjectTypeFunction->xmlXPathNewCString
exsltObjectTypeFunction->xmlXPathNewCString
exsltObjectTypeFunction->xmlXPathNewCString
exsltObjectTypeFunction->xmlXPathNewCString
exsltObjectTypeFunction->xmlXPathNewCString
exsltObjectTypeFunction->xmlXPathFreeObject
exsltObjectTypeFunction->xmlXPathFreeObject
exsltObjectTypeFunction->valuePush
exsltMathRegister->xsltRegisterExtModuleFunction
exsltMathRegister->xsltRegisterExtModuleFunction
exsltMathRegister->xsltRegisterExtModuleFunction
exsltMathRegister->xsltRegisterExtModuleFunction
exsltMathRegister->xsltRegisterExtModuleFunction
exsltMathRegister->xsltRegisterExtModuleFunction
exsltMathRegister->xsltRegisterExtModuleFunction
exsltMathRegister->xsltRegisterExtModuleFunction
exsltMathRegister->xsltRegisterExtModuleFunction
exsltMathRegister->xsltRegisterExtModuleFunction
exsltMathRegister->xsltRegisterExtModuleFunction
exsltMathRegister->xsltRegisterExtModuleFunction
exsltMathRegister->xsltRegisterExtModuleFunction
exsltMathRegister->xsltRegisterExtModuleFunction
exsltMathRegister->xsltRegisterExtModuleFunction
exsltMathRegister->xsltRegisterExtModuleFunction
exsltMathRegister->xsltRegisterExtModuleFunction
exsltMathRegister->xsltRegisterExtModuleFunction
exsltMathMinFunction->xmlXPathPopNodeSet
exsltMathMinFunction->exsltMathMin
exsltMathMinFunction->xmlXPathFreeNodeSet
exsltMathMinFunction->xmlFreeNodeList
exsltMathMinFunction->xmlXPathNewFloat
exsltMathMinFunction->valuePush
exsltMathMaxFunction->xmlXPatherror
exsltMathMaxFunction->xmlXPathPopNodeSet
exsltMathMaxFunction->exsltMathMax
exsltMathMaxFunction->xmlXPathFreeNodeSet
exsltMathMaxFunction->xmlFreeNodeList
exsltMathMaxFunction->xmlXPathNewFloat
exsltMathMaxFunction->valuePush
exsltMathHighestFunction->xmlXPatherror
exsltMathHighestFunction->xmlXPathPopNodeSet
exsltMathHighestFunction->exsltMathHighest
exsltMathHighestFunction->xmlXPathFreeNodeSet
exsltMathHighestFunction->xmlFreeNodeList
exsltMathHighestFunction->xmlXPathWrapNodeSet
exsltMathHighestFunction->valuePush
exsltMathLowestFunction->xmlXPatherror
exsltMathLowestFunction->xmlXPathPopNodeSet
exsltMathLowestFunction->exsltMathLowest
exsltMathLowestFunction->xmlXPathFreeNodeSet
exsltMathLowestFunction->xmlFreeNodeList
exsltMathLowestFunction->xmlXPathWrapNodeSet
exsltMathLowestFunction->valuePush
exsltMathConstantFunction->xmlXPatherror
exsltMathConstantFunction->xmlXPathPopNumber
exsltMathConstantFunction->xmlXPathPopString
exsltMathConstantFunction->exsltMathConstant
exsltMathConstantFunction->xmlXPathNewFloat
exsltMathConstantFunction->valuePush
exsltMathRandomFunction->xmlXPatherror
exsltMathRandomFunction->exsltMathRandom
exsltMathRandomFunction->xmlXPathNewFloat
exsltMathRandomFunction->valuePush
exsltMathAbsFunction->xmlXPatherror
exsltMathAbsFunction->xmlXPathPopNumber
exsltMathAbsFunction->exsltMathAbs
exsltMathAbsFunction->xmlXPathNewFloat
exsltMathAbsFunction->valuePush
exsltMathSqrtFunction->xmlXPatherror
exsltMathSqrtFunction->xmlXPathPopNumber
exsltMathSqrtFunction->exsltMathSqrt
exsltMathSqrtFunction->xmlXPathNewFloat
exsltMathSqrtFunction->valuePush
exsltMathPowerFunction->xmlXPatherror
exsltMathPowerFunction->xmlXPathPopNumber
exsltMathPowerFunction->xmlXPathPopNumber
exsltMathPowerFunction->exsltMathPower
exsltMathPowerFunction->xmlXPathNewFloat
exsltMathPowerFunction->valuePush
exsltMathLogFunction->xmlXPatherror
exsltMathLogFunction->xmlXPathPopNumber
exsltMathLogFunction->exsltMathLog
exsltMathLogFunction->xmlXPathNewFloat
exsltMathLogFunction->valuePush
exsltMathSinFunction->xmlXPatherror
exsltMathSinFunction->xmlXPathPopNumber
exsltMathSinFunction->exsltMathSin
exsltMathSinFunction->xmlXPathNewFloat
exsltMathSinFunction->valuePush
exsltMathLowest->xmlXPathNodeSetCreate
exsltMathLowest->xmlXPathCastNodeToNumber
exsltMathLowest->xmlXPathIsNaN
exsltMathLowest->xmlXPathNodeSetAddUnique
exsltMathLowest->xmlXPathCastNodeToNumber
exsltMathLowest->xmlXPathIsNaN
exsltMathLowest->xmlXPathNodeSetAddUnique
exsltMathLowest->xmlXPathNodeSetAddUnique
exsltMathHighest->xmlXPathNodeSetCreate
exsltMathHighest->xmlXPathCastNodeToNumber
exsltMathHighest->xmlXPathIsNaN
exsltMathHighest->xmlXPathNodeSetAddUnique
exsltMathHighest->xmlXPathCastNodeToNumber
exsltMathHighest->xmlXPathIsNaN
exsltMathHighest->xmlXPathNodeSetAddUnique
exsltMathHighest->xmlXPathNodeSetAddUnique
exsltMathMax->xmlXPathCastNodeToNumber
exsltMathMax->xmlXPathIsNaN
exsltMathMax->xmlXPathCastNodeToNumber
exsltMathMax->xmlXPathIsNaN
exsltMathMin->xmlXPathCastNodeToNumber
exsltMathMin->xmlXPathIsNaN
exsltMathMin->xmlXPathCastNodeToNumber
exsltMathMin->xmlXPathIsNaN
exsltMathXpathCtxtRegister->xmlXPathRegisterNs
exsltMathXpathCtxtRegister->xmlXPathRegisterFuncNS
exsltMathXpathCtxtRegister->xmlXPathRegisterFuncNS
exsltMathXpathCtxtRegister->xmlXPathRegisterFuncNS
exsltMathXpathCtxtRegister->xmlXPathRegisterFuncNS
exsltMathXpathCtxtRegister->xmlXPathRegisterFuncNS
exsltMathXpathCtxtRegister->xmlXPathRegisterFuncNS
exsltMathXpathCtxtRegister->xmlXPathRegisterFuncNS
exsltMathXpathCtxtRegister->xmlXPathRegisterFuncNS
exsltMathXpathCtxtRegister->xmlXPathRegisterFuncNS
exsltMathXpathCtxtRegister->xmlXPathRegisterFuncNS
exsltMathXpathCtxtRegister->xmlXPathRegisterFuncNS
exsltMathXpathCtxtRegister->xmlXPathRegisterFuncNS
exsltMathXpathCtxtRegister->xmlXPathRegisterFuncNS
exsltMathXpathCtxtRegister->xmlXPathRegisterFuncNS
exsltMathXpathCtxtRegister->xmlXPathRegisterFuncNS
exsltMathXpathCtxtRegister->xmlXPathRegisterFuncNS
exsltMathXpathCtxtRegister->xmlXPathRegisterFuncNS
exsltMathXpathCtxtRegister->xmlXPathRegisterFuncNS
exsltSetsRegister->xsltRegisterExtModuleFunction
exsltSetsRegister->xsltRegisterExtModuleFunction
exsltSetsRegister->xsltRegisterExtModuleFunction
exsltSetsRegister->xsltRegisterExtModuleFunction
exsltSetsRegister->xsltRegisterExtModuleFunction
exsltSetsRegister->xsltRegisterExtModuleFunction
exsltSetsDifferenceFunction->xmlXPatherror
exsltSetsDifferenceFunction->xmlXPathPopNodeSet
exsltSetsDifferenceFunction->xmlXPatherror
exsltSetsDifferenceFunction->xmlXPathPopNodeSet
exsltSetsDifferenceFunction->xmlXPatherror
exsltSetsDifferenceFunction->xmlXPathDifference
exsltSetsDifferenceFunction->xmlXPathFreeNodeSet
exsltSetsDifferenceFunction->xmlXPathFreeNodeSet
exsltSetsDifferenceFunction->xmlXPathWrapNodeSet
exsltSetsDifferenceFunction->valuePush
exsltSetsIntersectionFunction->xmlXPatherror
exsltSetsIntersectionFunction->xmlXPathPopNodeSet
exsltSetsIntersectionFunction->xmlXPatherror
exsltSetsIntersectionFunction->xmlXPathPopNodeSet
exsltSetsIntersectionFunction->xmlXPatherror
exsltSetsIntersectionFunction->xmlXPathIntersection
exsltSetsIntersectionFunction->xmlXPathFreeNodeSet
exsltSetsIntersectionFunction->xmlXPathFreeNodeSet
exsltSetsIntersectionFunction->xmlXPathWrapNodeSet
exsltSetsIntersectionFunction->valuePush
exsltSetsDistinctFunction->xmlXPatherror
exsltSetsDistinctFunction->xmlXPathPopNodeSet
exsltSetsDistinctFunction->xmlXPathDistinctSorted
exsltSetsDistinctFunction->xmlXPathFreeNodeSet
exsltSetsDistinctFunction->xmlXPathWrapNodeSet
exsltSetsDistinctFunction->valuePush
exsltSetsHasSameNodesFunction->xmlXPatherror
exsltSetsHasSameNodesFunction->xmlXPathPopNodeSet
exsltSetsHasSameNodesFunction->xmlXPatherror
exsltSetsHasSameNodesFunction->xmlXPathPopNodeSet
exsltSetsHasSameNodesFunction->xmlXPatherror
exsltSetsHasSameNodesFunction->xmlXPathHasSameNodes
exsltSetsHasSameNodesFunction->xmlXPathFreeNodeSet
exsltSetsHasSameNodesFunction->xmlXPathFreeNodeSet
exsltSetsHasSameNodesFunction->xmlXPathNewBoolean
exsltSetsHasSameNodesFunction->valuePush
exsltSetsLeadingFunction->xmlXPatherror
exsltSetsLeadingFunction->xmlXPathPopNodeSet
exsltSetsLeadingFunction->xmlXPatherror
exsltSetsLeadingFunction->xmlXPathPopNodeSet
exsltSetsLeadingFunction->xmlXPatherror
exsltSetsLeadingFunction->xmlXPathWrapNodeSet
exsltSetsLeadingFunction->valuePush
exsltSetsLeadingFunction->xmlXPathFreeNodeSet
exsltSetsLeadingFunction->xmlXPathNodeLeadingSorted
exsltSetsLeadingFunction->xmlXPathFreeNodeSet
exsltSetsLeadingFunction->xmlXPathFreeNodeSet
exsltSetsLeadingFunction->xmlXPathWrapNodeSet
exsltSetsLeadingFunction->valuePush
exsltSetsTrailingFunction->xmlXPatherror
exsltSetsTrailingFunction->xmlXPathPopNodeSet
exsltSetsTrailingFunction->xmlXPatherror
exsltSetsTrailingFunction->xmlXPathPopNodeSet
exsltSetsTrailingFunction->xmlXPatherror
exsltSetsTrailingFunction->xmlXPathWrapNodeSet
exsltSetsTrailingFunction->valuePush
exsltSetsTrailingFunction->xmlXPathFreeNodeSet
exsltSetsTrailingFunction->xmlXPathNodeTrailingSorted
exsltSetsTrailingFunction->xmlXPathFreeNodeSet
exsltSetsTrailingFunction->xmlXPathFreeNodeSet
exsltSetsTrailingFunction->xmlXPathWrapNodeSet
exsltSetsTrailingFunction->valuePush
exsltSetsXpathCtxtRegister->xmlXPathRegisterNs
exsltSetsXpathCtxtRegister->xmlXPathRegisterFuncNS
exsltSetsXpathCtxtRegister->xmlXPathRegisterFuncNS
exsltSetsXpathCtxtRegister->xmlXPathRegisterFuncNS
exsltSetsXpathCtxtRegister->xmlXPathRegisterFuncNS
exsltSetsXpathCtxtRegister->xmlXPathRegisterFuncNS
exsltSetsXpathCtxtRegister->xmlXPathRegisterFuncNS
exsltFuncRegister->xsltRegisterExtModuleFull
exsltFuncRegister->xsltRegisterExtModuleTopLevel
exsltFuncRegister->xsltRegisterExtModuleElement
exsltFuncInit->llvm.memset.p0i8.i64
exsltFuncInit->xsltStyleGetExtData
exsltFuncInit->xmlHashScanFull
exsltFuncInit->xsltNextImport
exsltFuncInit->xsltGetExtInfo
exsltFuncInit->xmlHashScanFull
exsltFuncShutdown->xmlXPathFreeObject
exsltFuncStyleInit->xmlHashCreate
exsltFuncStyleShutdown->xmlHashFree
exsltFuncFunctionComp->xmlGetProp
exsltFuncFunctionComp->xmlSplitQName2
exsltFuncFunctionComp->xmlSearchNs
exsltFuncFunctionComp->xsltParseTemplateContent
exsltFuncFunctionComp->exsltFuncNewFunctionData
exsltFuncFunctionComp->xmlStrEqual
exsltFuncFunctionComp->xmlStrEqual
exsltFuncFunctionComp->xsltStyleGetExtData
exsltFuncFunctionComp->xmlHashAddEntry2
exsltFuncFunctionComp->xsltTransformError
exsltFuncResultComp->xmlStrEqual
exsltFuncResultComp->xmlStrEqual
exsltFuncResultComp->xmlStrEqual
exsltFuncResultComp->xmlStrEqual
exsltFuncResultComp->xmlStrEqual
exsltFuncResultComp->xmlStrEqual
exsltFuncResultComp->xmlStrEqual
exsltFuncResultComp->xmlStrEqual
exsltFuncResultComp->xmlStrEqual
exsltFuncResultComp->xmlStrEqual
exsltFuncResultComp->xsltPrintErrorContext
exsltFuncResultComp->llvm.memset.p0i8.i64
exsltFuncResultComp->xsltInitElemPreComp
exsltFuncResultComp->xmlGetNsProp
exsltFuncResultComp->xmlXPathCompile
exsltFuncResultComp->xmlGetNsList
exsltFuncResultElem->xsltGetExtData
exsltFuncResultElem->xmlXPathCompiledEval
exsltFuncResultElem->xsltExtensionInstructionResultRegister
exsltFuncResultElem->xsltCreateRVT
exsltFuncResultElem->xsltRegisterLocalRVT
exsltFuncResultElem->xsltApplyOneTemplate
exsltFuncResultElem->xmlXPathNewValueTree
exsltFuncResultElem->xsltExtensionInstructionResultRegister
exsltFuncResultElem->xmlXPathNewCString
exsltFreeFuncResultPreComp->xmlXPathFreeCompExpr
exsltFuncNewFunctionData->llvm.memset.p0i8.i64
exsltFuncRegisterFunc->xsltRegisterExtFunction
exsltFuncRegisterImportFunc->xmlHashLookup2
exsltFuncRegisterImportFunc->exsltFuncNewFunctionData
exsltFuncRegisterImportFunc->llvm.memcpy.p0i8.p0i8.i64
exsltFuncRegisterImportFunc->xmlHashAddEntry2
exsltFuncRegisterImportFunc->xsltRegisterExtFunction
exsltFuncFunctionFunction->xsltXPathGetTransformContext
exsltFuncFunctionFunction->xsltGetExtData
exsltFuncFunctionFunction->xmlHashLookup2
exsltFuncFunctionFunction->valuePop
exsltFuncFunctionFunction->xsltParseStylesheetCallerParam
exsltFuncFunctionFunction->xmlXPathFreeObject
exsltFuncFunctionFunction->xsltLocalVariablePush
exsltFuncFunctionFunction->xmlNewDocNode
exsltFuncFunctionFunction->xsltApplyOneTemplate
exsltFuncFunctionFunction->xsltLocalVariablePop
exsltFuncFunctionFunction->xsltFreeStackElemList
exsltFuncFunctionFunction->xmlXPathNewCString
exsltFuncFunctionFunction->xmlDebugDumpNode
exsltFuncFunctionFunction->xmlFreeNode
exsltFuncFunctionFunction->xmlFreeNode
exsltFuncFunctionFunction->valuePush
exsltFuncFunctionFunction->xsltExtensionInstructionResultFinalize
exsltStrRegister->xsltRegisterExtModuleFunction
exsltStrRegister->xsltRegisterExtModuleFunction
exsltStrRegister->xsltRegisterExtModuleFunction
exsltStrRegister->xsltRegisterExtModuleFunction
exsltStrRegister->xsltRegisterExtModuleFunction
exsltStrRegister->xsltRegisterExtModuleFunction
exsltStrRegister->xsltRegisterExtModuleFunction
exsltStrRegister->xsltRegisterExtModuleFunction
exsltStrTokenizeFunction->xmlXPatherror
exsltStrTokenizeFunction->xmlXPathPopString
exsltStrTokenizeFunction->xmlStrdup
exsltStrTokenizeFunction->xmlXPathPopString
exsltStrTokenizeFunction->xsltXPathGetTransformContext
exsltStrTokenizeFunction->xsltXPathGetTransformContext
exsltStrTokenizeFunction->xsltTransformError
exsltStrTokenizeFunction->xsltCreateRVT
exsltStrTokenizeFunction->xsltRegisterLocalRVT
exsltStrTokenizeFunction->xmlXPathNewNodeSet
exsltStrTokenizeFunction->xmlUTF8Size
exsltStrTokenizeFunction->xmlNewDocRawNode
exsltStrTokenizeFunction->xmlAddChild
exsltStrTokenizeFunction->xmlXPathNodeSetAddUnique
exsltStrTokenizeFunction->xmlUTF8Charcmp
exsltStrTokenizeFunction->xmlNewDocRawNode
exsltStrTokenizeFunction->xmlAddChild
exsltStrTokenizeFunction->xmlXPathNodeSetAddUnique
exsltStrTokenizeFunction->xmlUTF8Size
exsltStrTokenizeFunction->xmlNewDocRawNode
exsltStrTokenizeFunction->xmlAddChild
exsltStrTokenizeFunction->xmlXPathNodeSetAddUnique
exsltStrTokenizeFunction->xsltExtensionInstructionResultRegister
exsltStrTokenizeFunction->valuePush
exsltStrTokenizeFunction->xmlXPathNewNodeSet
exsltStrTokenizeFunction->valuePush
exsltStrSplitFunction->xmlXPatherror
exsltStrSplitFunction->xmlXPathPopString
exsltStrSplitFunction->xmlStrdup
exsltStrSplitFunction->xmlStrlen
exsltStrSplitFunction->xmlXPathPopString
exsltStrSplitFunction->xsltXPathGetTransformContext
exsltStrSplitFunction->xsltXPathGetTransformContext
exsltStrSplitFunction->xsltTransformError
exsltStrSplitFunction->xsltCreateRVT
exsltStrSplitFunction->xsltRegisterLocalRVT
exsltStrSplitFunction->xmlXPathNewNodeSet
exsltStrSplitFunction->xmlNewDocRawNode
exsltStrSplitFunction->xmlAddChild
exsltStrSplitFunction->xmlXPathNodeSetAddUnique
exsltStrSplitFunction->xmlStrncasecmp
exsltStrSplitFunction->xmlNewDocRawNode
exsltStrSplitFunction->xmlAddChild
exsltStrSplitFunction->xmlXPathNodeSetAddUnique
exsltStrSplitFunction->xmlNewDocRawNode
exsltStrSplitFunction->xmlAddChild
exsltStrSplitFunction->xmlXPathNodeSetAddUnique
exsltStrSplitFunction->xsltExtensionInstructionResultRegister
exsltStrSplitFunction->valuePush
exsltStrSplitFunction->xmlXPathNewNodeSet
exsltStrSplitFunction->valuePush
exsltStrEncodeUriFunction->xmlXPatherror
exsltStrEncodeUriFunction->xmlXPathPopString
exsltStrEncodeUriFunction->xmlUTF8Strlen
exsltStrEncodeUriFunction->xmlStrcmp
exsltStrEncodeUriFunction->xmlXPathNewCString
exsltStrEncodeUriFunction->valuePush
exsltStrEncodeUriFunction->xmlXPathPopBoolean
exsltStrEncodeUriFunction->xmlXPathPopString
exsltStrEncodeUriFunction->xmlUTF8Strlen
exsltStrEncodeUriFunction->xmlXPathNewCString
exsltStrEncodeUriFunction->valuePush
exsltStrEncodeUriFunction->xmlURIEscapeStr
exsltStrEncodeUriFunction->xmlXPathWrapString
exsltStrEncodeUriFunction->valuePush
exsltStrDecodeUriFunction->xmlXPatherror
exsltStrDecodeUriFunction->xmlXPathPopString
exsltStrDecodeUriFunction->xmlUTF8Strlen
exsltStrDecodeUriFunction->xmlStrcmp
exsltStrDecodeUriFunction->xmlXPathNewCString
exsltStrDecodeUriFunction->valuePush
exsltStrDecodeUriFunction->xmlXPathPopString
exsltStrDecodeUriFunction->xmlUTF8Strlen
exsltStrDecodeUriFunction->xmlXPathNewCString
exsltStrDecodeUriFunction->valuePush
exsltStrDecodeUriFunction->xmlURIUnescapeString
exsltStrDecodeUriFunction->xmlCheckUTF8
exsltStrDecodeUriFunction->xmlXPathNewCString
exsltStrDecodeUriFunction->valuePush
exsltStrDecodeUriFunction->xmlXPathWrapString
exsltStrDecodeUriFunction->valuePush
exsltStrPaddingFunction->xmlXPatherror
exsltStrPaddingFunction->xmlXPathPopString
exsltStrPaddingFunction->xmlUTF8Strlen
exsltStrPaddingFunction->xmlStrdup
exsltStrPaddingFunction->xmlXPathPopNumber
exsltStrPaddingFunction->xmlXPathNewCString
exsltStrPaddingFunction->valuePush
exsltStrPaddingFunction->xmlStrncat
exsltStrPaddingFunction->xmlUTF8Strndup
exsltStrPaddingFunction->xmlStrcat
exsltStrPaddingFunction->xmlXPathWrapString
exsltStrPaddingFunction->valuePush
exsltStrAlignFunction->xmlXPatherror
exsltStrAlignFunction->xmlXPathPopString
exsltStrAlignFunction->xmlXPathPopString
exsltStrAlignFunction->xmlXPathPopString
exsltStrAlignFunction->xmlUTF8Strlen
exsltStrAlignFunction->xmlUTF8Strlen
exsltStrAlignFunction->xmlXPathWrapString
exsltStrAlignFunction->valuePush
exsltStrAlignFunction->xmlUTF8Strndup
exsltStrAlignFunction->xmlStrEqual
exsltStrAlignFunction->xmlUTF8Strndup
exsltStrAlignFunction->xmlStrcat
exsltStrAlignFunction->xmlStrEqual
exsltStrAlignFunction->xmlUTF8Strndup
exsltStrAlignFunction->xmlStrcat
exsltStrAlignFunction->xmlUTF8Strsize
exsltStrAlignFunction->xmlStrcat
exsltStrAlignFunction->xmlStrlen
exsltStrAlignFunction->xmlStrdup
exsltStrAlignFunction->xmlStrcat
exsltStrAlignFunction->xmlXPathWrapString
exsltStrAlignFunction->valuePush
exsltStrConcatFunction->xmlXPatherror
exsltStrConcatFunction->xmlXPatherror
exsltStrConcatFunction->valuePop
exsltStrConcatFunction->xmlXPathNewCString
exsltStrConcatFunction->valuePush
exsltStrConcatFunction->xmlXPathCastNodeToString
exsltStrConcatFunction->xmlStrcat
exsltStrConcatFunction->xmlXPathFreeObject
exsltStrConcatFunction->xmlXPathWrapString
exsltStrConcatFunction->valuePush
exsltStrReplaceFunction->xmlXPatherror
exsltStrReplaceFunction->xmlXPathPopString
exsltStrReplaceFunction->xmlXPathPopNodeSet
exsltStrReplaceFunction->xmlXPathPopString
exsltStrReplaceFunction->xmlXPathPopNodeSet
exsltStrReplaceFunction->xmlXPathPopString
exsltStrReplaceFunction->xmlStrlen
exsltStrReplaceFunction->exsltStrReturnString
exsltStrReplaceFunction->xmlXPatherror
exsltStrReplaceFunction->xmlXPathCastNodeToString
exsltStrReplaceFunction->xmlStrlen
exsltStrReplaceFunction->xmlXPathCastNodeToString
exsltStrReplaceFunction->xmlStrlen
exsltStrReplaceFunction->xmlBufferCreate
exsltStrReplaceFunction->xmlXPatherror
exsltStrReplaceFunction->xmlStrncmp
exsltStrReplaceFunction->xmlBufferAdd
exsltStrReplaceFunction->xmlBufferAdd
exsltStrReplaceFunction->xmlXPatherror
exsltStrReplaceFunction->xmlUTF8Size
exsltStrReplaceFunction->xmlBufferAdd
exsltStrReplaceFunction->xmlBufferAdd
exsltStrReplaceFunction->xmlXPatherror
exsltStrReplaceFunction->xmlBufferAdd
exsltStrReplaceFunction->xmlXPatherror
exsltStrReplaceFunction->xmlBufferContent
exsltStrReplaceFunction->xmlBufferLength
exsltStrReplaceFunction->exsltStrReturnString
exsltStrReplaceFunction->xmlBufferFree
exsltStrReplaceFunction->xmlXPathFreeNodeSet
exsltStrReplaceFunction->xmlXPathFreeNodeSet
exsltStrReturnString->xsltXPathGetTransformContext
exsltStrReturnString->xsltCreateRVT
exsltStrReturnString->xmlXPatherror
exsltStrReturnString->xsltRegisterLocalRVT
exsltStrReturnString->xmlNewTextLen
exsltStrReturnString->xmlXPatherror
exsltStrReturnString->xmlAddChild
exsltStrReturnString->xmlXPathNewNodeSet
exsltStrReturnString->xmlXPatherror
exsltStrReturnString->xsltExtensionInstructionResultRegister
exsltStrReturnString->valuePush
