GeoIP_time_zone_by_country_and_region->strcmp
GeoIP_time_zone_by_country_and_region->strcmp
GeoIP_time_zone_by_country_and_region->strcmp
GeoIP_time_zone_by_country_and_region->strcmp
GeoIP_time_zone_by_country_and_region->strcmp
GeoIP_time_zone_by_country_and_region->strcmp
GeoIP_time_zone_by_country_and_region->strcmp
GeoIP_time_zone_by_country_and_region->strcmp
GeoIP_time_zone_by_country_and_region->strcmp
GeoIP_time_zone_by_country_and_region->strcmp
GeoIP_time_zone_by_country_and_region->strcmp
GeoIP_time_zone_by_country_and_region->strcmp
GeoIP_time_zone_by_country_and_region->strcmp
GeoIP_time_zone_by_country_and_region->strcmp
GeoIP_time_zone_by_country_and_region->strcmp
GeoIP_time_zone_by_country_and_region->strcmp
GeoIP_time_zone_by_country_and_region->strcmp
GeoIP_time_zone_by_country_and_region->strcmp
GeoIP_time_zone_by_country_and_region->strcmp
GeoIP_time_zone_by_country_and_region->strcmp
GeoIP_time_zone_by_country_and_region->strcmp
GeoIP_time_zone_by_country_and_region->strcmp
GeoIP_time_zone_by_country_and_region->strcmp
GeoIP_time_zone_by_country_and_region->strcmp
GeoIP_time_zone_by_country_and_region->strcmp
GeoIP_time_zone_by_country_and_region->strcmp
GeoIP_time_zone_by_country_and_region->strcmp
GeoIP_time_zone_by_country_and_region->strcmp
GeoIP_time_zone_by_country_and_region->strcmp
GeoIP_time_zone_by_country_and_region->strcmp
GeoIP_time_zone_by_country_and_region->strcmp
GeoIP_time_zone_by_country_and_region->strcmp
GeoIP_time_zone_by_country_and_region->strcmp
GeoIP_time_zone_by_country_and_region->strcmp
GeoIP_time_zone_by_country_and_region->strcmp
GeoIP_time_zone_by_country_and_region->strcmp
GeoIP_time_zone_by_country_and_region->strcmp
GeoIP_time_zone_by_country_and_region->strcmp
GeoIP_time_zone_by_country_and_region->strcmp
GeoIP_time_zone_by_country_and_region->strcmp
GeoIP_time_zone_by_country_and_region->strcmp
GeoIP_time_zone_by_country_and_region->strcmp
GeoIP_time_zone_by_country_and_region->strcmp
GeoIP_time_zone_by_country_and_region->strcmp
GeoIP_time_zone_by_country_and_region->strcmp
GeoIP_time_zone_by_country_and_region->strcmp
GeoIP_time_zone_by_country_and_region->strcmp
GeoIP_time_zone_by_country_and_region->strcmp
GeoIP_time_zone_by_country_and_region->strcmp
GeoIP_time_zone_by_country_and_region->strcmp
GeoIP_time_zone_by_country_and_region->strcmp
GeoIP_time_zone_by_country_and_region->strcmp
GeoIP_time_zone_by_country_and_region->strcmp
GeoIP_time_zone_by_country_and_region->strcmp
GeoIP_time_zone_by_country_and_region->strcmp
GeoIP_time_zone_by_country_and_region->strcmp
GeoIP_time_zone_by_country_and_region->strcmp
GeoIP_time_zone_by_country_and_region->strcmp
GeoIP_time_zone_by_country_and_region->strcmp
GeoIP_time_zone_by_country_and_region->strcmp
GeoIP_time_zone_by_country_and_region->strcmp
GeoIP_time_zone_by_country_and_region->strcmp
GeoIP_time_zone_by_country_and_region->strcmp
GeoIP_time_zone_by_country_and_region->strcmp
GeoIP_time_zone_by_country_and_region->strcmp
GeoIP_time_zone_by_country_and_region->strcmp
GeoIP_time_zone_by_country_and_region->strcmp
GeoIP_time_zone_by_country_and_region->strcmp
GeoIP_time_zone_by_country_and_region->strcmp
GeoIP_time_zone_by_country_and_region->strcmp
GeoIP_time_zone_by_country_and_region->strcmp
GeoIP_time_zone_by_country_and_region->strcmp
GeoIP_time_zone_by_country_and_region->strcmp
GeoIP_time_zone_by_country_and_region->strcmp
GeoIP_time_zone_by_country_and_region->strcmp
GeoIP_time_zone_by_country_and_region->strcmp
GeoIP_time_zone_by_country_and_region->strcmp
GeoIP_time_zone_by_country_and_region->strcmp
GeoIP_time_zone_by_country_and_region->strcmp
GeoIP_time_zone_by_country_and_region->strcmp
GeoIP_time_zone_by_country_and_region->strcmp
GeoIP_time_zone_by_country_and_region->strcmp
GeoIP_time_zone_by_country_and_region->strcmp
GeoIP_time_zone_by_country_and_region->strcmp
GeoIP_time_zone_by_country_and_region->strcmp
GeoIP_time_zone_by_country_and_region->strcmp
GeoIP_time_zone_by_country_and_region->strcmp
GeoIP_time_zone_by_country_and_region->strcmp
GeoIP_time_zone_by_country_and_region->strcmp
GeoIP_time_zone_by_country_and_region->strcmp
GeoIP_time_zone_by_country_and_region->strcmp
GeoIP_time_zone_by_country_and_region->strcmp
GeoIP_time_zone_by_country_and_region->strcmp
GeoIP_time_zone_by_country_and_region->strcmp
GeoIP_time_zone_by_country_and_region->strcmp
GeoIP_time_zone_by_country_and_region->strcmp
GeoIP_time_zone_by_country_and_region->strcmp
GeoIP_time_zone_by_country_and_region->strcmp
GeoIP_time_zone_by_country_and_region->strcmp
GeoIP_time_zone_by_country_and_region->strcmp
GeoIP_time_zone_by_country_and_region->strcmp
GeoIP_time_zone_by_country_and_region->strcmp
GeoIP_time_zone_by_country_and_region->strcmp
GeoIP_time_zone_by_country_and_region->strcmp
GeoIP_time_zone_by_country_and_region->strcmp
GeoIP_time_zone_by_country_and_region->strcmp
GeoIP_time_zone_by_country_and_region->strcmp
GeoIP_time_zone_by_country_and_region->strcmp
GeoIP_time_zone_by_country_and_region->strcmp
GeoIP_time_zone_by_country_and_region->strcmp
GeoIP_time_zone_by_country_and_region->strcmp
GeoIP_time_zone_by_country_and_region->strcmp
GeoIP_time_zone_by_country_and_region->strcmp
GeoIP_time_zone_by_country_and_region->strcmp
GeoIP_time_zone_by_country_and_region->strcmp
GeoIP_time_zone_by_country_and_region->strcmp
GeoIP_time_zone_by_country_and_region->strcmp
GeoIP_time_zone_by_country_and_region->strcmp
GeoIP_time_zone_by_country_and_region->strcmp
GeoIP_time_zone_by_country_and_region->strcmp
GeoIP_time_zone_by_country_and_region->strcmp
GeoIP_time_zone_by_country_and_region->strcmp
GeoIP_time_zone_by_country_and_region->strcmp
GeoIP_time_zone_by_country_and_region->strcmp
GeoIP_time_zone_by_country_and_region->strcmp
GeoIP_time_zone_by_country_and_region->strcmp
GeoIP_time_zone_by_country_and_region->strcmp
GeoIP_time_zone_by_country_and_region->strcmp
GeoIP_time_zone_by_country_and_region->strcmp
GeoIP_time_zone_by_country_and_region->strcmp
GeoIP_time_zone_by_country_and_region->strcmp
GeoIP_time_zone_by_country_and_region->strcmp
GeoIP_time_zone_by_country_and_region->strcmp
GeoIP_time_zone_by_country_and_region->strcmp
GeoIP_time_zone_by_country_and_region->strcmp
GeoIP_time_zone_by_country_and_region->strcmp
GeoIP_time_zone_by_country_and_region->strcmp
GeoIP_time_zone_by_country_and_region->strcmp
GeoIP_time_zone_by_country_and_region->strcmp
GeoIP_time_zone_by_country_and_region->strcmp
GeoIP_time_zone_by_country_and_region->strcmp
GeoIP_time_zone_by_country_and_region->strcmp
GeoIP_time_zone_by_country_and_region->strcmp
GeoIP_time_zone_by_country_and_region->strcmp
GeoIP_time_zone_by_country_and_region->strcmp
GeoIP_time_zone_by_country_and_region->strcmp
GeoIP_time_zone_by_country_and_region->strcmp
GeoIP_time_zone_by_country_and_region->strcmp
GeoIP_time_zone_by_country_and_region->strcmp
GeoIP_time_zone_by_country_and_region->strcmp
GeoIP_time_zone_by_country_and_region->strcmp
GeoIP_time_zone_by_country_and_region->strcmp
GeoIP_time_zone_by_country_and_region->strcmp
GeoIP_time_zone_by_country_and_region->strcmp
GeoIP_time_zone_by_country_and_region->strcmp
GeoIP_time_zone_by_country_and_region->strcmp
GeoIP_time_zone_by_country_and_region->strcmp
GeoIP_time_zone_by_country_and_region->strcmp
GeoIP_time_zone_by_country_and_region->strcmp
GeoIP_time_zone_by_country_and_region->strcmp
GeoIP_time_zone_by_country_and_region->strcmp
GeoIP_time_zone_by_country_and_region->strcmp
GeoIP_time_zone_by_country_and_region->strcmp
GeoIP_time_zone_by_country_and_region->strcmp
GeoIP_time_zone_by_country_and_region->strcmp
GeoIP_time_zone_by_country_and_region->strcmp
GeoIP_time_zone_by_country_and_region->strcmp
GeoIP_time_zone_by_country_and_region->strcmp
GeoIP_time_zone_by_country_and_region->strcmp
GeoIP_time_zone_by_country_and_region->strcmp
GeoIP_time_zone_by_country_and_region->strcmp
GeoIP_time_zone_by_country_and_region->strcmp
GeoIP_time_zone_by_country_and_region->strcmp
GeoIP_time_zone_by_country_and_region->strcmp
GeoIP_time_zone_by_country_and_region->strcmp
GeoIP_time_zone_by_country_and_region->strcmp
GeoIP_time_zone_by_country_and_region->strcmp
GeoIP_time_zone_by_country_and_region->strcmp
GeoIP_time_zone_by_country_and_region->strcmp
GeoIP_time_zone_by_country_and_region->strcmp
GeoIP_time_zone_by_country_and_region->strcmp
GeoIP_time_zone_by_country_and_region->strcmp
GeoIP_time_zone_by_country_and_region->strcmp
GeoIP_time_zone_by_country_and_region->strcmp
GeoIP_time_zone_by_country_and_region->strcmp
GeoIP_time_zone_by_country_and_region->strcmp
GeoIP_time_zone_by_country_and_region->strcmp
GeoIP_time_zone_by_country_and_region->strcmp
GeoIP_time_zone_by_country_and_region->strcmp
GeoIP_time_zone_by_country_and_region->strcmp
GeoIP_time_zone_by_country_and_region->strcmp
GeoIP_time_zone_by_country_and_region->strcmp
GeoIP_time_zone_by_country_and_region->strcmp
GeoIP_time_zone_by_country_and_region->strcmp
GeoIP_time_zone_by_country_and_region->strcmp
GeoIP_time_zone_by_country_and_region->strcmp
GeoIP_time_zone_by_country_and_region->strcmp
GeoIP_time_zone_by_country_and_region->strcmp
GeoIP_time_zone_by_country_and_region->strcmp
GeoIP_time_zone_by_country_and_region->strcmp
GeoIP_time_zone_by_country_and_region->strcmp
GeoIP_time_zone_by_country_and_region->strcmp
GeoIP_time_zone_by_country_and_region->strcmp
GeoIP_time_zone_by_country_and_region->strcmp
GeoIP_time_zone_by_country_and_region->strcmp
GeoIP_time_zone_by_country_and_region->strcmp
GeoIP_time_zone_by_country_and_region->strcmp
GeoIP_time_zone_by_country_and_region->strcmp
GeoIP_time_zone_by_country_and_region->strcmp
GeoIP_time_zone_by_country_and_region->strcmp
GeoIP_time_zone_by_country_and_region->strcmp
GeoIP_time_zone_by_country_and_region->strcmp
GeoIP_time_zone_by_country_and_region->strcmp
GeoIP_time_zone_by_country_and_region->strcmp
GeoIP_time_zone_by_country_and_region->strcmp
GeoIP_time_zone_by_country_and_region->strcmp
GeoIP_time_zone_by_country_and_region->strcmp
GeoIP_time_zone_by_country_and_region->strcmp
GeoIP_time_zone_by_country_and_region->strcmp
GeoIP_time_zone_by_country_and_region->strcmp
GeoIP_time_zone_by_country_and_region->strcmp
GeoIP_time_zone_by_country_and_region->strcmp
GeoIP_time_zone_by_country_and_region->strcmp
GeoIP_time_zone_by_country_and_region->strcmp
GeoIP_time_zone_by_country_and_region->strcmp
GeoIP_time_zone_by_country_and_region->strcmp
GeoIP_time_zone_by_country_and_region->strcmp
GeoIP_time_zone_by_country_and_region->strcmp
GeoIP_time_zone_by_country_and_region->strcmp
GeoIP_time_zone_by_country_and_region->strcmp
GeoIP_time_zone_by_country_and_region->strcmp
GeoIP_time_zone_by_country_and_region->strcmp
GeoIP_time_zone_by_country_and_region->strcmp
GeoIP_time_zone_by_country_and_region->strcmp
GeoIP_time_zone_by_country_and_region->strcmp
GeoIP_time_zone_by_country_and_region->strcmp
GeoIP_time_zone_by_country_and_region->strcmp
GeoIP_time_zone_by_country_and_region->strcmp
GeoIP_time_zone_by_country_and_region->strcmp
GeoIP_time_zone_by_country_and_region->strcmp
GeoIP_time_zone_by_country_and_region->strcmp
GeoIP_time_zone_by_country_and_region->strcmp
GeoIP_time_zone_by_country_and_region->strcmp
GeoIP_time_zone_by_country_and_region->strcmp
GeoIP_time_zone_by_country_and_region->strcmp
GeoIP_time_zone_by_country_and_region->strcmp
GeoIP_time_zone_by_country_and_region->strcmp
GeoIP_time_zone_by_country_and_region->strcmp
GeoIP_time_zone_by_country_and_region->strcmp
GeoIP_time_zone_by_country_and_region->strcmp
GeoIP_time_zone_by_country_and_region->strcmp
GeoIP_time_zone_by_country_and_region->strcmp
GeoIP_time_zone_by_country_and_region->strcmp
GeoIP_time_zone_by_country_and_region->strcmp
GeoIP_time_zone_by_country_and_region->strcmp
GeoIP_time_zone_by_country_and_region->strcmp
GeoIP_time_zone_by_country_and_region->strcmp
GeoIP_time_zone_by_country_and_region->strcmp
GeoIP_time_zone_by_country_and_region->strcmp
GeoIP_time_zone_by_country_and_region->strcmp
GeoIP_time_zone_by_country_and_region->strcmp
GeoIP_time_zone_by_country_and_region->strcmp
GeoIP_time_zone_by_country_and_region->strcmp
GeoIP_time_zone_by_country_and_region->strcmp
GeoIP_time_zone_by_country_and_region->strcmp
GeoIP_time_zone_by_country_and_region->strcmp
GeoIP_time_zone_by_country_and_region->strcmp
GeoIP_time_zone_by_country_and_region->strcmp
GeoIP_time_zone_by_country_and_region->strcmp
GeoIP_time_zone_by_country_and_region->strcmp
GeoIP_time_zone_by_country_and_region->strcmp
GeoIP_time_zone_by_country_and_region->strcmp
GeoIP_time_zone_by_country_and_region->strcmp
GeoIP_time_zone_by_country_and_region->strcmp
GeoIP_time_zone_by_country_and_region->strcmp
GeoIP_time_zone_by_country_and_region->strcmp
GeoIP_time_zone_by_country_and_region->strcmp
GeoIP_time_zone_by_country_and_region->strcmp
GeoIP_time_zone_by_country_and_region->strcmp
GeoIP_time_zone_by_country_and_region->strcmp
GeoIP_time_zone_by_country_and_region->strcmp
GeoIP_time_zone_by_country_and_region->strcmp
GeoIP_time_zone_by_country_and_region->strcmp
GeoIP_time_zone_by_country_and_region->strcmp
GeoIP_time_zone_by_country_and_region->strcmp
GeoIP_time_zone_by_country_and_region->strcmp
GeoIP_time_zone_by_country_and_region->strcmp
GeoIP_time_zone_by_country_and_region->strcmp
GeoIP_time_zone_by_country_and_region->strcmp
GeoIP_time_zone_by_country_and_region->strcmp
GeoIP_time_zone_by_country_and_region->strcmp
GeoIP_time_zone_by_country_and_region->strcmp
GeoIP_time_zone_by_country_and_region->strcmp
GeoIP_time_zone_by_country_and_region->strcmp
GeoIP_time_zone_by_country_and_region->strcmp
GeoIP_time_zone_by_country_and_region->strcmp
GeoIP_time_zone_by_country_and_region->strcmp
GeoIP_time_zone_by_country_and_region->strcmp
GeoIP_time_zone_by_country_and_region->strcmp
GeoIP_time_zone_by_country_and_region->strcmp
GeoIP_time_zone_by_country_and_region->strcmp
GeoIP_time_zone_by_country_and_region->strcmp
GeoIP_time_zone_by_country_and_region->strcmp
GeoIP_time_zone_by_country_and_region->strcmp
GeoIP_time_zone_by_country_and_region->strcmp
GeoIP_time_zone_by_country_and_region->strcmp
GeoIP_time_zone_by_country_and_region->strcmp
GeoIP_time_zone_by_country_and_region->strcmp
GeoIP_time_zone_by_country_and_region->strcmp
GeoIP_time_zone_by_country_and_region->strcmp
GeoIP_time_zone_by_country_and_region->strcmp
GeoIP_time_zone_by_country_and_region->strcmp
GeoIP_time_zone_by_country_and_region->strcmp
GeoIP_time_zone_by_country_and_region->strcmp
GeoIP_time_zone_by_country_and_region->strcmp
GeoIP_time_zone_by_country_and_region->strcmp
GeoIP_time_zone_by_country_and_region->strcmp
GeoIP_time_zone_by_country_and_region->strcmp
GeoIP_time_zone_by_country_and_region->strcmp
GeoIP_time_zone_by_country_and_region->strcmp
GeoIP_time_zone_by_country_and_region->strcmp
GeoIP_time_zone_by_country_and_region->strcmp
GeoIP_time_zone_by_country_and_region->strcmp
GeoIP_time_zone_by_country_and_region->strcmp
GeoIP_time_zone_by_country_and_region->strcmp
GeoIP_time_zone_by_country_and_region->strcmp
GeoIP_time_zone_by_country_and_region->strcmp
GeoIP_time_zone_by_country_and_region->strcmp
GeoIP_time_zone_by_country_and_region->strcmp
GeoIP_time_zone_by_country_and_region->strcmp
GeoIP_time_zone_by_country_and_region->strcmp
GeoIP_time_zone_by_country_and_region->strcmp
GeoIP_time_zone_by_country_and_region->strcmp
GeoIP_time_zone_by_country_and_region->strcmp
GeoIP_time_zone_by_country_and_region->strcmp
GeoIP_time_zone_by_country_and_region->strcmp
GeoIP_time_zone_by_country_and_region->strcmp
GeoIP_time_zone_by_country_and_region->strcmp
GeoIP_time_zone_by_country_and_region->strcmp
GeoIP_time_zone_by_country_and_region->strcmp
GeoIP_time_zone_by_country_and_region->strcmp
GeoIP_time_zone_by_country_and_region->strcmp
GeoIP_time_zone_by_country_and_region->strcmp
GeoIP_time_zone_by_country_and_region->strcmp
GeoIP_time_zone_by_country_and_region->strcmp
GeoIP_time_zone_by_country_and_region->strcmp
GeoIP_time_zone_by_country_and_region->strcmp
GeoIP_time_zone_by_country_and_region->strcmp
GeoIP_time_zone_by_country_and_region->strcmp
GeoIP_time_zone_by_country_and_region->strcmp
GeoIP_time_zone_by_country_and_region->strcmp
GeoIP_time_zone_by_country_and_region->strcmp
GeoIP_time_zone_by_country_and_region->strcmp
GeoIP_time_zone_by_country_and_region->strcmp
GeoIP_time_zone_by_country_and_region->strcmp
GeoIP_time_zone_by_country_and_region->strcmp
GeoIP_time_zone_by_country_and_region->strcmp
GeoIP_time_zone_by_country_and_region->strcmp
GeoIP_time_zone_by_country_and_region->strcmp
GeoIP_time_zone_by_country_and_region->strcmp
GeoIP_time_zone_by_country_and_region->strcmp
GeoIP_time_zone_by_country_and_region->strcmp
GeoIP_time_zone_by_country_and_region->strcmp
GeoIP_time_zone_by_country_and_region->strcmp
GeoIP_time_zone_by_country_and_region->strcmp
GeoIP_time_zone_by_country_and_region->strcmp
GeoIP_time_zone_by_country_and_region->strcmp
GeoIP_time_zone_by_country_and_region->strcmp
GeoIP_time_zone_by_country_and_region->strcmp
GeoIP_time_zone_by_country_and_region->strcmp
GeoIP_time_zone_by_country_and_region->strcmp
GeoIP_time_zone_by_country_and_region->strcmp
GeoIP_time_zone_by_country_and_region->strcmp
GeoIP_time_zone_by_country_and_region->strcmp
GeoIP_time_zone_by_country_and_region->strcmp
GeoIP_time_zone_by_country_and_region->strcmp
GeoIP_time_zone_by_country_and_region->strcmp
GeoIP_time_zone_by_country_and_region->strcmp
GeoIP_time_zone_by_country_and_region->strcmp
GeoIP_time_zone_by_country_and_region->strcmp
GeoIP_time_zone_by_country_and_region->strcmp
GeoIP_time_zone_by_country_and_region->strcmp
GeoIP_time_zone_by_country_and_region->strcmp
GeoIP_time_zone_by_country_and_region->strcmp
GeoIP_time_zone_by_country_and_region->strcmp
GeoIP_time_zone_by_country_and_region->strcmp
GeoIP_time_zone_by_country_and_region->strcmp
GeoIP_time_zone_by_country_and_region->strcmp
GeoIP_time_zone_by_country_and_region->strcmp
GeoIP_time_zone_by_country_and_region->strcmp
GeoIP_time_zone_by_country_and_region->strcmp
GeoIP_time_zone_by_country_and_region->strcmp
GeoIP_time_zone_by_country_and_region->strcmp
GeoIP_time_zone_by_country_and_region->strcmp
GeoIP_time_zone_by_country_and_region->strcmp
GeoIP_time_zone_by_country_and_region->strcmp
GeoIP_time_zone_by_country_and_region->strcmp
GeoIP_time_zone_by_country_and_region->strcmp
GeoIP_time_zone_by_country_and_region->strcmp
GeoIP_time_zone_by_country_and_region->strcmp
GeoIP_time_zone_by_country_and_region->strcmp
GeoIP_time_zone_by_country_and_region->strcmp
GeoIP_time_zone_by_country_and_region->strcmp
GeoIP_time_zone_by_country_and_region->strcmp
GeoIP_time_zone_by_country_and_region->strcmp
GeoIP_time_zone_by_country_and_region->strcmp
GeoIP_time_zone_by_country_and_region->strcmp
GeoIP_time_zone_by_country_and_region->strcmp
GeoIP_time_zone_by_country_and_region->strcmp
GeoIP_time_zone_by_country_and_region->strcmp
GeoIP_time_zone_by_country_and_region->strcmp
GeoIP_time_zone_by_country_and_region->strcmp
GeoIP_time_zone_by_country_and_region->strcmp
GeoIP_time_zone_by_country_and_region->strcmp
GeoIP_time_zone_by_country_and_region->strcmp
GeoIP_time_zone_by_country_and_region->strcmp
GeoIP_time_zone_by_country_and_region->strcmp
GeoIP_time_zone_by_country_and_region->strcmp
GeoIP_time_zone_by_country_and_region->strcmp
GeoIP_time_zone_by_country_and_region->strcmp
GeoIP_time_zone_by_country_and_region->strcmp
GeoIP_time_zone_by_country_and_region->strcmp
GeoIP_time_zone_by_country_and_region->strcmp
GeoIP_time_zone_by_country_and_region->strcmp
GeoIP_time_zone_by_country_and_region->strcmp
GeoIP_time_zone_by_country_and_region->strcmp
GeoIP_time_zone_by_country_and_region->strcmp
GeoIP_time_zone_by_country_and_region->strcmp
GeoIP_time_zone_by_country_and_region->strcmp
GeoIP_time_zone_by_country_and_region->strcmp
GeoIP_time_zone_by_country_and_region->strcmp
GeoIP_time_zone_by_country_and_region->strcmp
GeoIP_time_zone_by_country_and_region->strcmp
GeoIP_time_zone_by_country_and_region->strcmp
GeoIP_time_zone_by_country_and_region->strcmp
GeoIP_time_zone_by_country_and_region->strcmp
GeoIP_time_zone_by_country_and_region->strcmp
GeoIP_time_zone_by_country_and_region->strcmp
GeoIP_time_zone_by_country_and_region->strcmp
GeoIP_time_zone_by_country_and_region->strcmp
GeoIP_time_zone_by_country_and_region->strcmp
GeoIP_time_zone_by_country_and_region->strcmp
GeoIP_time_zone_by_country_and_region->strcmp
GeoIP_time_zone_by_country_and_region->strcmp
GeoIP_time_zone_by_country_and_region->strcmp
GeoIP_time_zone_by_country_and_region->strcmp
GeoIP_time_zone_by_country_and_region->strcmp
GeoIP_time_zone_by_country_and_region->strcmp
GeoIP_time_zone_by_country_and_region->strcmp
GeoIP_time_zone_by_country_and_region->strcmp
GeoIP_time_zone_by_country_and_region->strcmp
GeoIP_time_zone_by_country_and_region->strcmp
GeoIP_time_zone_by_country_and_region->strcmp
GeoIP_time_zone_by_country_and_region->strcmp
GeoIP_time_zone_by_country_and_region->strcmp
GeoIP_time_zone_by_country_and_region->strcmp
GeoIP_time_zone_by_country_and_region->strcmp
GeoIP_time_zone_by_country_and_region->strcmp
GeoIP_time_zone_by_country_and_region->strcmp
GeoIP_time_zone_by_country_and_region->strcmp
GeoIP_time_zone_by_country_and_region->strcmp
GeoIP_time_zone_by_country_and_region->strcmp
GeoIP_time_zone_by_country_and_region->strcmp
GeoIP_time_zone_by_country_and_region->strcmp
GeoIP_time_zone_by_country_and_region->strcmp
GeoIP_time_zone_by_country_and_region->strcmp
GeoIP_time_zone_by_country_and_region->strcmp
GeoIP_time_zone_by_country_and_region->strcmp
GeoIP_time_zone_by_country_and_region->strcmp
GeoIP_time_zone_by_country_and_region->strcmp
GeoIP_time_zone_by_country_and_region->strcmp
GeoIP_time_zone_by_country_and_region->strcmp
GeoIP_time_zone_by_country_and_region->strcmp
GeoIP_time_zone_by_country_and_region->strcmp
GeoIP_time_zone_by_country_and_region->strcmp
GeoIP_time_zone_by_country_and_region->strcmp
GeoIP_time_zone_by_country_and_region->strcmp
GeoIP_time_zone_by_country_and_region->strcmp
GeoIP_time_zone_by_country_and_region->strcmp
GeoIP_time_zone_by_country_and_region->strcmp
GeoIP_time_zone_by_country_and_region->strcmp
GeoIP_time_zone_by_country_and_region->strcmp
GeoIP_time_zone_by_country_and_region->strcmp
GeoIP_time_zone_by_country_and_region->strcmp
GeoIP_time_zone_by_country_and_region->strcmp
GeoIP_time_zone_by_country_and_region->strcmp
GeoIP_time_zone_by_country_and_region->strcmp
GeoIP_time_zone_by_country_and_region->strcmp
GeoIP_time_zone_by_country_and_region->strcmp
GeoIP_time_zone_by_country_and_region->strcmp
GeoIP_time_zone_by_country_and_region->strcmp
GeoIP_time_zone_by_country_and_region->strcmp
GeoIP_time_zone_by_country_and_region->strcmp
GeoIP_time_zone_by_country_and_region->strcmp
GeoIP_time_zone_by_country_and_region->strcmp
GeoIP_time_zone_by_country_and_region->strcmp
GeoIP_time_zone_by_country_and_region->strcmp
GeoIP_time_zone_by_country_and_region->strcmp
GeoIP_time_zone_by_country_and_region->strcmp
GeoIP_time_zone_by_country_and_region->strcmp
GeoIP_time_zone_by_country_and_region->strcmp
GeoIP_time_zone_by_country_and_region->strcmp
GeoIP_time_zone_by_country_and_region->strcmp
GeoIP_time_zone_by_country_and_region->strcmp
GeoIP_time_zone_by_country_and_region->strcmp
GeoIP_time_zone_by_country_and_region->strcmp
GeoIP_time_zone_by_country_and_region->strcmp
GeoIP_time_zone_by_country_and_region->strcmp
GeoIP_time_zone_by_country_and_region->strcmp
GeoIP_time_zone_by_country_and_region->strcmp
GeoIP_time_zone_by_country_and_region->strcmp
GeoIP_time_zone_by_country_and_region->strcmp
GeoIP_time_zone_by_country_and_region->strcmp
GeoIP_time_zone_by_country_and_region->strcmp
GeoIP_time_zone_by_country_and_region->strcmp
GeoIP_time_zone_by_country_and_region->strcmp
GeoIP_time_zone_by_country_and_region->strcmp
GeoIP_time_zone_by_country_and_region->strcmp
GeoIP_time_zone_by_country_and_region->strcmp
GeoIP_time_zone_by_country_and_region->strcmp
GeoIP_time_zone_by_country_and_region->strcmp
GeoIP_time_zone_by_country_and_region->strcmp
GeoIP_time_zone_by_country_and_region->strcmp
GeoIP_time_zone_by_country_and_region->strcmp
GeoIP_time_zone_by_country_and_region->strcmp
GeoIP_time_zone_by_country_and_region->strcmp
GeoIP_time_zone_by_country_and_region->strcmp
GeoIP_time_zone_by_country_and_region->strcmp
GeoIP_time_zone_by_country_and_region->strcmp
GeoIP_time_zone_by_country_and_region->strcmp
GeoIP_time_zone_by_country_and_region->strcmp
GeoIP_time_zone_by_country_and_region->strcmp
GeoIP_time_zone_by_country_and_region->strcmp
GeoIP_time_zone_by_country_and_region->strcmp
GeoIP_time_zone_by_country_and_region->strcmp
GeoIP_time_zone_by_country_and_region->strcmp
GeoIP_time_zone_by_country_and_region->strcmp
GeoIP_time_zone_by_country_and_region->strcmp
GeoIP_time_zone_by_country_and_region->strcmp
GeoIP_time_zone_by_country_and_region->strcmp
GeoIP_time_zone_by_country_and_region->strcmp
GeoIP_time_zone_by_country_and_region->strcmp
GeoIP_time_zone_by_country_and_region->strcmp
GeoIP_time_zone_by_country_and_region->strcmp
GeoIP_time_zone_by_country_and_region->strcmp
GeoIP_time_zone_by_country_and_region->strcmp
GeoIP_time_zone_by_country_and_region->strcmp
GeoIP_time_zone_by_country_and_region->strcmp
GeoIP_time_zone_by_country_and_region->strcmp
GeoIP_time_zone_by_country_and_region->strcmp
GeoIP_time_zone_by_country_and_region->strcmp
GeoIP_time_zone_by_country_and_region->strcmp
GeoIP_time_zone_by_country_and_region->strcmp
GeoIP_time_zone_by_country_and_region->strcmp
GeoIP_time_zone_by_country_and_region->strcmp
GeoIP_time_zone_by_country_and_region->strcmp
GeoIP_time_zone_by_country_and_region->strcmp
GeoIP_time_zone_by_country_and_region->strcmp
GeoIP_time_zone_by_country_and_region->strcmp
GeoIP_time_zone_by_country_and_region->strcmp
GeoIP_time_zone_by_country_and_region->strcmp
GeoIP_time_zone_by_country_and_region->strcmp
GeoIP_time_zone_by_country_and_region->strcmp
GeoIP_time_zone_by_country_and_region->strcmp
GeoIP_time_zone_by_country_and_region->strcmp
GeoIP_time_zone_by_country_and_region->strcmp
GeoIP_time_zone_by_country_and_region->strcmp
GeoIP_time_zone_by_country_and_region->strcmp
GeoIP_time_zone_by_country_and_region->strcmp
GeoIP_time_zone_by_country_and_region->strcmp
GeoIP_time_zone_by_country_and_region->strcmp
GeoIP_time_zone_by_country_and_region->strcmp
GeoIP_time_zone_by_country_and_region->strcmp
GeoIP_time_zone_by_country_and_region->strcmp
GeoIP_time_zone_by_country_and_region->strcmp
GeoIP_time_zone_by_country_and_region->strcmp
GeoIP_time_zone_by_country_and_region->strcmp
GeoIP_time_zone_by_country_and_region->strcmp
GeoIP_time_zone_by_country_and_region->strcmp
GeoIP_time_zone_by_country_and_region->strcmp
GeoIP_time_zone_by_country_and_region->strcmp
GeoIP_time_zone_by_country_and_region->strcmp
GeoIP_time_zone_by_country_and_region->strcmp
GeoIP_time_zone_by_country_and_region->strcmp
GeoIP_time_zone_by_country_and_region->strcmp
GeoIP_time_zone_by_country_and_region->strcmp
GeoIP_time_zone_by_country_and_region->strcmp
GeoIP_time_zone_by_country_and_region->strcmp
GeoIP_time_zone_by_country_and_region->strcmp
GeoIP_time_zone_by_country_and_region->strcmp
GeoIP_time_zone_by_country_and_region->strcmp
GeoIP_time_zone_by_country_and_region->strcmp
GeoIP_time_zone_by_country_and_region->strcmp
GeoIP_time_zone_by_country_and_region->strcmp
GeoIP_time_zone_by_country_and_region->strcmp
GeoIP_time_zone_by_country_and_region->strcmp
GeoIP_time_zone_by_country_and_region->strcmp
GeoIP_time_zone_by_country_and_region->strcmp
GeoIP_time_zone_by_country_and_region->strcmp
GeoIP_time_zone_by_country_and_region->strcmp
GeoIP_time_zone_by_country_and_region->strcmp
GeoIP_time_zone_by_country_and_region->strcmp
GeoIP_time_zone_by_country_and_region->strcmp
GeoIP_time_zone_by_country_and_region->strcmp
GeoIP_time_zone_by_country_and_region->strcmp
GeoIP_time_zone_by_country_and_region->strcmp
GeoIP_time_zone_by_country_and_region->strcmp
GeoIP_time_zone_by_country_and_region->strcmp
GeoIP_time_zone_by_country_and_region->strcmp
GeoIP_time_zone_by_country_and_region->strcmp
GeoIP_time_zone_by_country_and_region->strcmp
GeoIP_time_zone_by_country_and_region->strcmp
GeoIP_time_zone_by_country_and_region->strcmp
GeoIP_time_zone_by_country_and_region->strcmp
GeoIP_time_zone_by_country_and_region->strcmp
GeoIP_time_zone_by_country_and_region->strcmp
GeoIP_time_zone_by_country_and_region->strcmp
GeoIP_time_zone_by_country_and_region->strcmp
GeoIP_time_zone_by_country_and_region->strcmp
GeoIP_time_zone_by_country_and_region->strcmp
GeoIP_time_zone_by_country_and_region->strcmp
GeoIP_time_zone_by_country_and_region->strcmp
GeoIP_time_zone_by_country_and_region->strcmp
GeoIP_time_zone_by_country_and_region->strcmp
GeoIP_time_zone_by_country_and_region->strcmp
GeoIP_time_zone_by_country_and_region->strcmp
GeoIP_time_zone_by_country_and_region->strcmp
GeoIP_time_zone_by_country_and_region->strcmp
GeoIP_time_zone_by_country_and_region->strcmp
GeoIP_time_zone_by_country_and_region->strcmp
GeoIP_time_zone_by_country_and_region->strcmp
GeoIP_time_zone_by_country_and_region->strcmp
GeoIP_time_zone_by_country_and_region->strcmp
GeoIP_time_zone_by_country_and_region->strcmp
GeoIP_time_zone_by_country_and_region->strcmp
GeoIP_time_zone_by_country_and_region->strcmp
GeoIP_time_zone_by_country_and_region->strcmp
GeoIP_time_zone_by_country_and_region->strcmp
GeoIP_time_zone_by_country_and_region->strcmp
GeoIP_time_zone_by_country_and_region->strcmp
GeoIP_time_zone_by_country_and_region->strcmp
GeoIP_time_zone_by_country_and_region->strcmp
GeoIP_time_zone_by_country_and_region->strcmp
GeoIP_time_zone_by_country_and_region->strcmp
GeoIP_time_zone_by_country_and_region->strcmp
GeoIP_time_zone_by_country_and_region->strcmp
GeoIP_time_zone_by_country_and_region->strcmp
GeoIP_time_zone_by_country_and_region->strcmp
GeoIP_time_zone_by_country_and_region->strcmp
GeoIP_time_zone_by_country_and_region->strcmp
GeoIP_time_zone_by_country_and_region->strcmp
GeoIP_time_zone_by_country_and_region->strcmp
GeoIP_time_zone_by_country_and_region->strcmp
GeoIP_time_zone_by_country_and_region->strcmp
GeoIP_time_zone_by_country_and_region->strcmp
GeoIP_time_zone_by_country_and_region->strcmp
GeoIP_time_zone_by_country_and_region->strcmp
GeoIP_time_zone_by_country_and_region->strcmp
GeoIP_time_zone_by_country_and_region->strcmp
GeoIP_time_zone_by_country_and_region->strcmp
GeoIP_time_zone_by_country_and_region->strcmp
GeoIP_time_zone_by_country_and_region->strcmp
GeoIP_time_zone_by_country_and_region->strcmp
GeoIP_time_zone_by_country_and_region->strcmp
GeoIP_time_zone_by_country_and_region->strcmp
GeoIP_time_zone_by_country_and_region->strcmp
GeoIP_time_zone_by_country_and_region->strcmp
GeoIP_time_zone_by_country_and_region->strcmp
GeoIP_time_zone_by_country_and_region->strcmp
GeoIP_time_zone_by_country_and_region->strcmp
GeoIP_time_zone_by_country_and_region->strcmp
GeoIP_time_zone_by_country_and_region->strcmp
GeoIP_time_zone_by_country_and_region->strcmp
GeoIP_time_zone_by_country_and_region->strcmp
GeoIP_time_zone_by_country_and_region->strcmp
GeoIP_time_zone_by_country_and_region->strcmp
GeoIP_time_zone_by_country_and_region->strcmp
GeoIP_time_zone_by_country_and_region->strcmp
GeoIP_time_zone_by_country_and_region->strcmp
GeoIP_time_zone_by_country_and_region->strcmp
GeoIP_time_zone_by_country_and_region->strcmp
GeoIP_time_zone_by_country_and_region->strcmp
GeoIP_time_zone_by_country_and_region->strcmp
GeoIP_time_zone_by_country_and_region->strcmp
GeoIP_time_zone_by_country_and_region->strcmp
GeoIP_time_zone_by_country_and_region->strcmp
GeoIP_time_zone_by_country_and_region->strcmp
GeoIP_time_zone_by_country_and_region->strcmp
GeoIP_time_zone_by_country_and_region->strcmp
GeoIP_time_zone_by_country_and_region->strcmp
GeoIP_time_zone_by_country_and_region->strcmp
GeoIP_time_zone_by_country_and_region->strcmp
GeoIP_time_zone_by_country_and_region->strcmp
GeoIP_time_zone_by_country_and_region->strcmp
GeoIP_time_zone_by_country_and_region->strcmp
GeoIP_time_zone_by_country_and_region->strcmp
GeoIP_time_zone_by_country_and_region->strcmp
GeoIP_time_zone_by_country_and_region->strcmp
GeoIP_time_zone_by_country_and_region->strcmp
GeoIP_time_zone_by_country_and_region->strcmp
GeoIP_time_zone_by_country_and_region->strcmp
GeoIP_time_zone_by_country_and_region->strcmp
GeoIP_time_zone_by_country_and_region->strcmp
GeoIP_time_zone_by_country_and_region->strcmp
GeoIP_time_zone_by_country_and_region->strcmp
GeoIP_time_zone_by_country_and_region->strcmp
GeoIP_time_zone_by_country_and_region->strcmp
GeoIP_time_zone_by_country_and_region->strcmp
GeoIP_time_zone_by_country_and_region->strcmp
GeoIP_time_zone_by_country_and_region->strcmp
GeoIP_time_zone_by_country_and_region->strcmp
GeoIP_time_zone_by_country_and_region->strcmp
GeoIP_time_zone_by_country_and_region->strcmp
GeoIP_time_zone_by_country_and_region->strcmp
GeoIP_time_zone_by_country_and_region->strcmp
GeoIP_time_zone_by_country_and_region->strcmp
GeoIP_time_zone_by_country_and_region->strcmp
GeoIP_time_zone_by_country_and_region->strcmp
GeoIP_time_zone_by_country_and_region->strcmp
GeoIP_time_zone_by_country_and_region->strcmp
GeoIP_time_zone_by_country_and_region->strcmp
GeoIP_time_zone_by_country_and_region->strcmp
GeoIP_time_zone_by_country_and_region->strcmp
GeoIP_time_zone_by_country_and_region->strcmp
GeoIP_time_zone_by_country_and_region->strcmp
GeoIP_time_zone_by_country_and_region->strcmp
GeoIP_time_zone_by_country_and_region->strcmp
GeoIP_time_zone_by_country_and_region->strcmp
GeoIP_time_zone_by_country_and_region->strcmp
GeoIP_time_zone_by_country_and_region->strcmp
GeoIP_time_zone_by_country_and_region->strcmp
GeoIP_time_zone_by_country_and_region->strcmp
GeoIP_time_zone_by_country_and_region->strcmp
GeoIP_time_zone_by_country_and_region->strcmp
GeoIP_time_zone_by_country_and_region->strcmp
GeoIP_time_zone_by_country_and_region->strcmp
GeoIP_region_by_name_v6->GeoIP_region_by_name_v6_gl
GeoIP_region_by_name->GeoIP_region_by_name_gl
GeoIP_region_by_addr_v6->GeoIP_region_by_addr_v6_gl
GeoIP_region_by_addr->GeoIP_region_by_addr_gl
GeoIP_assign_region_by_inetaddr_v6->GeoIP_assign_region_by_inetaddr_v6_gl
GeoIP_assign_region_by_inetaddr->GeoIP_assign_region_by_inetaddr_gl
GeoIP_id_by_ipnum->GeoIP_id_by_ipnum_gl
GeoIP_id_by_ipnum_v6->GeoIP_id_by_ipnum_v6_gl
GeoIP_id_by_addr->GeoIP_id_by_addr_gl
GeoIP_id_by_addr_v6->GeoIP_id_by_addr_v6_gl
GeoIP_country_id_by_name->GeoIP_id_by_name_gl
GeoIP_country_id_by_name_v6->GeoIP_id_by_name_v6_gl
GeoIP_country_id_by_addr->GeoIP_id_by_addr_gl
GeoIP_country_id_by_addr_v6->GeoIP_id_by_addr_v6_gl
GeoIP_country_code3_by_ipnum_v6->GeoIP_country_code3_by_ipnum_v6_gl
GeoIP_country_code3_by_ipnum->GeoIP_country_code3_by_ipnum_gl
GeoIP_country_code_by_ipnum->GeoIP_country_code_by_ipnum_gl
GeoIP_country_code_by_ipnum_v6->GeoIP_country_code_by_ipnum_v6_gl
GeoIP_country_name_by_ipnum_v6->GeoIP_country_name_by_ipnum_v6_gl
GeoIP_country_name_by_ipnum->GeoIP_country_name_by_ipnum_gl
GeoIP_country_name_by_addr->GeoIP_country_name_by_addr_gl
GeoIP_country_name_by_addr_v6->GeoIP_country_name_by_addr_v6_gl
GeoIP_country_code3_by_addr->GeoIP_country_code3_by_addr_gl
GeoIP_country_code3_by_addr_v6->GeoIP_country_code3_by_addr_v6_gl
GeoIP_country_code_by_addr->GeoIP_country_code_by_addr_gl
GeoIP_country_code_by_addr_v6->GeoIP_country_code_by_addr_v6_gl
GeoIP_id_by_name_v6->GeoIP_id_by_name_v6_gl
GeoIP_id_by_name->GeoIP_id_by_name_gl
GeoIP_country_name_by_name->GeoIP_country_name_by_name_gl
GeoIP_country_name_by_name_v6->GeoIP_country_name_by_name_v6_gl
GeoIP_country_code3_by_name->GeoIP_country_code3_by_name_gl
GeoIP_country_code3_by_name_v6->GeoIP_country_code3_by_name_v6_gl
GeoIP_country_code_by_name->GeoIP_country_code_by_name_gl
GeoIP_country_code_by_name_v6->GeoIP_country_code_by_name_v6_gl
_GeoIP_seek_record->_GeoIP_seek_record_gl
_GeoIP_seek_record_v6->_GeoIP_seek_record_v6_gl
GeoIP_org_by_name_v6->GeoIP_name_by_name_v6_gl
GeoIP_org_by_name->GeoIP_name_by_name_gl
GeoIP_org_by_addr_v6->GeoIP_name_by_addr_v6_gl
GeoIP_org_by_addr->GeoIP_name_by_addr_gl
GeoIP_org_by_ipnum_v6->GeoIP_name_by_ipnum_v6_gl
GeoIP_org_by_ipnum->GeoIP_name_by_ipnum_gl
GeoIP_cleanup->free
GeoIP_cleanup->free
GeoIP_id_by_code->strcmp
GeoIP_name_by_name_v6_gl->_GeoIP_lookupaddress_v6
GeoIP_name_by_name_v6_gl->llvm.memcpy.p0i8.p0i8.i64
GeoIP_name_by_name_v6_gl->__GEOIP_V6_IS_NULL
GeoIP_name_by_name_v6_gl->_get_name_v6_gl
GeoIP_name_by_name_gl->_GeoIP_lookupaddress
GeoIP_name_by_name_gl->_get_name_gl
GeoIP_name_by_addr_v6_gl->_GeoIP_addr_to_num_v6
GeoIP_name_by_addr_v6_gl->llvm.memcpy.p0i8.p0i8.i64
GeoIP_name_by_addr_v6_gl->_get_name_v6_gl
GeoIP_name_by_addr_gl->GeoIP_addr_to_num
GeoIP_name_by_addr_gl->_get_name_gl
_get_name_v6_gl->get_db_description
_get_name_v6_gl->get_db_description
_get_name_v6_gl->printf
_get_name_v6_gl->_GeoIP_seek_record_v6_gl
_get_name_v6_gl->fileno
_get_name_v6_gl->pread
_get_name_v6_gl->_GeoIP_iso_8859_1__utf8
_get_name_v6_gl->strlen
_get_name_v6_gl->malloc
_get_name_v6_gl->strncpy
_get_name_v6_gl->_GeoIP_iso_8859_1__utf8
_get_name_v6_gl->strlen
_get_name_v6_gl->malloc
_get_name_v6_gl->strncpy
GeoIP_name_by_ipnum_v6_gl->_get_name_v6_gl
_get_name_gl->get_db_description
_get_name_gl->get_db_description
_get_name_gl->printf
_get_name_gl->_GeoIP_seek_record_gl
_get_name_gl->fileno
_get_name_gl->pread
_get_name_gl->_GeoIP_iso_8859_1__utf8
_get_name_gl->strlen
_get_name_gl->malloc
_get_name_gl->strncpy
_get_name_gl->_GeoIP_iso_8859_1__utf8
_get_name_gl->strlen
_get_name_gl->malloc
_get_name_gl->strncpy
GeoIP_name_by_ipnum_gl->_get_name_gl
GeoIP_range_by_ip_delete->free
GeoIP_range_by_ip_delete->free
GeoIP_range_by_ip_delete->free
GeoIP_range_by_ip_gl->malloc
GeoIP_range_by_ip_gl->GeoIP_addr_to_num
GeoIP_range_by_ip_gl->_GeoIP_seek_record_gl
GeoIP_range_by_ip_gl->_GeoIP_seek_record_gl
GeoIP_range_by_ip_gl->GeoIP_num_to_addr
GeoIP_range_by_ip_gl->_GeoIP_seek_record_gl
GeoIP_range_by_ip_gl->GeoIP_num_to_addr
GeoIP_num_to_addr->malloc
GeoIP_num_to_addr->sprintf
GeoIPRegion_delete->free
GeoIP_region_by_ipnum_v6_gl->get_db_description
GeoIP_region_by_ipnum_v6_gl->get_db_description
GeoIP_region_by_ipnum_v6_gl->printf
GeoIP_region_by_ipnum_v6_gl->_get_region_v6_gl
GeoIP_region_by_ipnum_gl->get_db_description
GeoIP_region_by_ipnum_gl->get_db_description
GeoIP_region_by_ipnum_gl->printf
GeoIP_region_by_ipnum_gl->_get_region_gl
GeoIP_region_by_name_v6_gl->get_db_description
GeoIP_region_by_name_v6_gl->get_db_description
GeoIP_region_by_name_v6_gl->printf
GeoIP_region_by_name_v6_gl->_GeoIP_lookupaddress_v6
GeoIP_region_by_name_v6_gl->llvm.memcpy.p0i8.p0i8.i64
GeoIP_region_by_name_v6_gl->__GEOIP_V6_IS_NULL
GeoIP_region_by_name_v6_gl->_get_region_v6_gl
GeoIP_region_by_name_gl->get_db_description
GeoIP_region_by_name_gl->get_db_description
GeoIP_region_by_name_gl->printf
GeoIP_region_by_name_gl->_GeoIP_lookupaddress
GeoIP_region_by_name_gl->_get_region_gl
_get_region_v6_gl->malloc
_get_region_v6_gl->GeoIP_assign_region_by_inetaddr_v6_gl
GeoIP_region_by_addr_v6_gl->get_db_description
GeoIP_region_by_addr_v6_gl->get_db_description
GeoIP_region_by_addr_v6_gl->printf
GeoIP_region_by_addr_v6_gl->_GeoIP_addr_to_num_v6
GeoIP_region_by_addr_v6_gl->llvm.memcpy.p0i8.p0i8.i64
GeoIP_region_by_addr_v6_gl->_get_region_v6_gl
_get_region_gl->malloc
_get_region_gl->htonl
_get_region_gl->GeoIP_assign_region_by_inetaddr_gl
GeoIP_region_by_addr_gl->get_db_description
GeoIP_region_by_addr_gl->get_db_description
GeoIP_region_by_addr_gl->printf
GeoIP_region_by_addr_gl->GeoIP_addr_to_num
GeoIP_region_by_addr_gl->_get_region_gl
GeoIP_assign_region_by_inetaddr_v6_gl->llvm.memset.p0i8.i64
GeoIP_assign_region_by_inetaddr_v6_gl->_GeoIP_seek_record_v6_gl
GeoIP_assign_region_by_inetaddr_v6_gl->GeoIP_code_by_id
GeoIP_assign_region_by_inetaddr_v6_gl->llvm.memcpy.p0i8.p0i8.i64
GeoIP_assign_region_by_inetaddr_v6_gl->GeoIP_code_by_id
GeoIP_assign_region_by_inetaddr_v6_gl->llvm.memcpy.p0i8.p0i8.i64
GeoIP_assign_region_by_inetaddr_gl->llvm.memset.p0i8.i64
GeoIP_assign_region_by_inetaddr_gl->ntohl
GeoIP_assign_region_by_inetaddr_gl->_GeoIP_seek_record_gl
GeoIP_assign_region_by_inetaddr_gl->GeoIP_code_by_id
GeoIP_assign_region_by_inetaddr_gl->llvm.memcpy.p0i8.p0i8.i64
GeoIP_assign_region_by_inetaddr_gl->GeoIP_code_by_id
GeoIP_assign_region_by_inetaddr_gl->llvm.memcpy.p0i8.p0i8.i64
GeoIP_database_info->fileno
GeoIP_database_info->_check_mtime
GeoIP_database_info->pread
GeoIP_database_info->pread
GeoIP_database_info->malloc
GeoIP_database_info->pread
GeoIP_country_id_by_name_gl->GeoIP_id_by_name_gl
GeoIP_country_id_by_name_v6_gl->GeoIP_id_by_name_v6_gl
GeoIP_country_id_by_addr_gl->GeoIP_id_by_addr_gl
GeoIP_country_id_by_addr_v6_gl->GeoIP_id_by_addr_v6_gl
GeoIP_country_code3_by_ipnum_v6_gl->GeoIP_id_by_ipnum_v6_gl
GeoIP_country_code3_by_ipnum_v6_gl->GeoIP_code3_by_id
GeoIP_country_code3_by_ipnum_gl->GeoIP_id_by_ipnum_gl
GeoIP_country_code3_by_ipnum_gl->GeoIP_code3_by_id
GeoIP_country_code_by_ipnum_v6_gl->GeoIP_id_by_ipnum_v6_gl
GeoIP_country_code_by_ipnum_v6_gl->GeoIP_code_by_id
GeoIP_country_code_by_ipnum_gl->GeoIP_id_by_ipnum_gl
GeoIP_country_code_by_ipnum_gl->GeoIP_code_by_id
GeoIP_id_by_ipnum_v6_gl->get_db_description
GeoIP_id_by_ipnum_v6_gl->get_db_description
GeoIP_id_by_ipnum_v6_gl->printf
GeoIP_id_by_ipnum_v6_gl->_GeoIP_seek_record_v6_gl
get_index_size->_database_has_content
_setup_segments->fileno
_setup_segments->pread
_setup_segments->pread
_setup_segments->malloc
_setup_segments->malloc
_setup_segments->malloc
_setup_segments->pread
_setup_segments->free
_setup_segments->malloc
_setup_segments->malloc
_GeoIP_inet_ntop->inet_ntop
_check_mtime->gettimeofday
_check_mtime->__errno_location
_check_mtime->strerror
_check_mtime->fprintf
_check_mtime->stat
_check_mtime->munmap
_check_mtime->realloc
_check_mtime->fprintf
_check_mtime->fclose
_check_mtime->fopen
_check_mtime->fprintf
_check_mtime->fileno
_check_mtime->mmap
_check_mtime->fprintf
_check_mtime->fileno
_check_mtime->pread
_check_mtime->fprintf
_check_mtime->free
_check_mtime->_setup_segments
_check_mtime->fprintf
_check_mtime->get_index_size
_check_mtime->fprintf
_check_mtime->realloc
_check_mtime->fileno
_check_mtime->pread
_check_mtime->fprintf
_GeoIP_seek_record_v6_gl->fileno
_GeoIP_seek_record_v6_gl->_check_mtime
_GeoIP_seek_record_v6_gl->GeoIP_teredo
_GeoIP_seek_record_v6_gl->__GEOIP_PREPARE_TEREDO
_GeoIP_seek_record_v6_gl->pread
_GeoIP_seek_record_v6_gl->_GeoIP_inet_ntop
_GeoIP_seek_record_v6_gl->fprintf
_GeoIP_full_path_to->malloc
_GeoIP_full_path_to->llvm.memset.p0i8.i64
_GeoIP_full_path_to->snprintf
_GeoIP_full_path_to->strlen
_GeoIP_full_path_to->snprintf
_GeoIP_full_path_to->snprintf
_GeoIP_setup_dbfilename->malloc
_GeoIP_setup_dbfilename->llvm.memset.p0i8.i64
_GeoIP_setup_dbfilename->_GeoIP_full_path_to
_GeoIP_setup_dbfilename->_GeoIP_full_path_to
_GeoIP_setup_dbfilename->_GeoIP_full_path_to
_GeoIP_setup_dbfilename->_GeoIP_full_path_to
_GeoIP_setup_dbfilename->_GeoIP_full_path_to
_GeoIP_setup_dbfilename->_GeoIP_full_path_to
_GeoIP_setup_dbfilename->_GeoIP_full_path_to
_GeoIP_setup_dbfilename->_GeoIP_full_path_to
_GeoIP_setup_dbfilename->_GeoIP_full_path_to
_GeoIP_setup_dbfilename->_GeoIP_full_path_to
_GeoIP_setup_dbfilename->_GeoIP_full_path_to
_GeoIP_setup_dbfilename->_GeoIP_full_path_to
_GeoIP_setup_dbfilename->_GeoIP_full_path_to
_GeoIP_setup_dbfilename->_GeoIP_full_path_to
_GeoIP_setup_dbfilename->_GeoIP_full_path_to
_GeoIP_setup_dbfilename->_GeoIP_full_path_to
_GeoIP_setup_dbfilename->_GeoIP_full_path_to
_GeoIP_setup_dbfilename->_GeoIP_full_path_to
_GeoIP_setup_dbfilename->_GeoIP_full_path_to
_GeoIP_setup_dbfilename->_GeoIP_full_path_to
_GeoIP_setup_dbfilename->_GeoIP_full_path_to
_GeoIP_setup_dbfilename->_GeoIP_full_path_to
_GeoIP_setup_dbfilename->_GeoIP_full_path_to
_GeoIP_setup_dbfilename->_GeoIP_full_path_to
_GeoIP_setup_dbfilename->_GeoIP_full_path_to
_GeoIP_setup_dbfilename->_GeoIP_full_path_to
_GeoIP_setup_dbfilename->_GeoIP_full_path_to
_GeoIP_setup_dbfilename->_GeoIP_full_path_to
_GeoIP_setup_dbfilename->_GeoIP_full_path_to
_GeoIP_setup_dbfilename->_GeoIP_full_path_to
_GeoIP_setup_dbfilename->_GeoIP_full_path_to
_GeoIP_setup_dbfilename->_GeoIP_full_path_to
_GeoIP_setup_dbfilename->_GeoIP_full_path_to
_GeoIP_setup_dbfilename->_GeoIP_full_path_to
_GeoIP_iso_8859_1__utf8->malloc
GeoIP_is_private_v4->GeoIP_addr_to_num
GeoIP_is_private_v4->GeoIP_is_private_ipnum_v4
GeoIP_db_avail->_GeoIP_setup_dbfilename
GeoIP_db_avail->_file_exists
_file_exists->stat
_GeoIP_addr_to_num_v6->_GeoIP_inet_pton
_GeoIP_addr_to_num_v6->llvm.memcpy.p0i8.p0i8.i64
_GeoIP_addr_to_num_v6->llvm.memcpy.p0i8.p0i8.i64
_GeoIP_inet_pton->inet_pton
_GeoIP_seek_record_gl->fileno
_GeoIP_seek_record_gl->_check_mtime
_GeoIP_seek_record_gl->pread
_GeoIP_seek_record_gl->fprintf
GeoIP_open_type->printf
GeoIP_open_type->_GeoIP_setup_dbfilename
GeoIP_open_type->printf
GeoIP_open_type->GeoIP_open
GeoIP_open_type->GeoIP_delete
GeoIP_open->malloc
GeoIP_open->strlen
GeoIP_open->malloc
GeoIP_open->free
GeoIP_open->strncpy
GeoIP_open->fopen
GeoIP_open->fprintf
GeoIP_open->free
GeoIP_open->free
GeoIP_open->fileno
GeoIP_open->fstat
GeoIP_open->fprintf
GeoIP_open->free
GeoIP_open->free
GeoIP_open->fileno
GeoIP_open->mmap
GeoIP_open->fprintf
GeoIP_open->free
GeoIP_open->free
GeoIP_open->malloc
GeoIP_open->fileno
GeoIP_open->pread
GeoIP_open->fprintf
GeoIP_open->free
GeoIP_open->free
GeoIP_open->free
GeoIP_open->fileno
GeoIP_open->fstat
GeoIP_open->fprintf
GeoIP_open->free
GeoIP_open->free
GeoIP_open->_setup_segments
GeoIP_open->get_index_size
GeoIP_open->fprintf
GeoIP_open->free
GeoIP_open->munmap
GeoIP_open->free
GeoIP_open->free
GeoIP_open->malloc
GeoIP_open->fileno
GeoIP_open->pread
GeoIP_open->fprintf
GeoIP_open->free
GeoIP_open->free
GeoIP_open->free
GeoIP_delete->fclose
GeoIP_delete->munmap
GeoIP_delete->free
GeoIP_delete->free
GeoIP_delete->free
GeoIP_delete->free
GeoIP_delete->free
GeoIP_new->_GeoIP_setup_dbfilename
GeoIP_new->GeoIP_open
GeoIP_country_code_by_name_v6_gl->GeoIP_id_by_name_v6_gl
GeoIP_country_code_by_name_v6_gl->GeoIP_code_by_id
GeoIP_id_by_name_v6_gl->get_db_description
GeoIP_id_by_name_v6_gl->get_db_description
GeoIP_id_by_name_v6_gl->printf
GeoIP_id_by_name_v6_gl->_GeoIP_lookupaddress_v6
GeoIP_id_by_name_v6_gl->llvm.memcpy.p0i8.p0i8.i64
GeoIP_id_by_name_v6_gl->__GEOIP_V6_IS_NULL
GeoIP_id_by_name_v6_gl->_GeoIP_seek_record_v6_gl
_GeoIP_lookupaddress_v6->llvm.memset.p0i8.i64
_GeoIP_lookupaddress_v6->getaddrinfo
_GeoIP_lookupaddress_v6->llvm.memcpy.p0i8.p0i8.i64
_GeoIP_lookupaddress_v6->llvm.memcpy.p0i8.p0i8.i64
_GeoIP_lookupaddress_v6->freeaddrinfo
_GeoIP_lookupaddress_v6->llvm.memcpy.p0i8.p0i8.i64
GeoIP_country_code_by_name_gl->GeoIP_id_by_name_gl
GeoIP_country_code_by_name_gl->GeoIP_code_by_id
GeoIP_id_by_name_gl->get_db_description
GeoIP_id_by_name_gl->get_db_description
GeoIP_id_by_name_gl->printf
GeoIP_id_by_name_gl->_GeoIP_lookupaddress
GeoIP_id_by_name_gl->_GeoIP_seek_record_gl
_GeoIP_lookupaddress->inet_addr
_GeoIP_lookupaddress->malloc
_GeoIP_lookupaddress->gethostbyname_r
_GeoIP_lookupaddress->realloc
_GeoIP_lookupaddress->free
_GeoIP_lookupaddress->free
_GeoIP_lookupaddress->ntohl
GeoIP_country_code3_by_name_v6_gl->GeoIP_id_by_name_v6_gl
GeoIP_country_code3_by_name_v6_gl->GeoIP_code3_by_id
GeoIP_country_code3_by_name_gl->GeoIP_id_by_name_gl
GeoIP_country_code3_by_name_gl->GeoIP_code3_by_id
GeoIP_country_name_by_name_v6_gl->GeoIP_id_by_name_v6_gl
GeoIP_country_name_by_name_v6_gl->GeoIP_country_name_by_id
GeoIP_country_name_by_name_gl->GeoIP_id_by_name_gl
GeoIP_country_name_by_name_gl->GeoIP_country_name_by_id
GeoIP_country_code_by_addr_v6_gl->GeoIP_id_by_addr_v6_gl
GeoIP_country_code_by_addr_v6_gl->GeoIP_code_by_id
GeoIP_id_by_addr_v6_gl->get_db_description
GeoIP_id_by_addr_v6_gl->get_db_description
GeoIP_id_by_addr_v6_gl->printf
GeoIP_id_by_addr_v6_gl->_GeoIP_addr_to_num_v6
GeoIP_id_by_addr_v6_gl->llvm.memcpy.p0i8.p0i8.i64
GeoIP_id_by_addr_v6_gl->_GeoIP_seek_record_v6_gl
GeoIP_country_code_by_addr_gl->GeoIP_id_by_addr_gl
GeoIP_country_code_by_addr_gl->GeoIP_code_by_id
GeoIP_id_by_addr_gl->get_db_description
GeoIP_id_by_addr_gl->get_db_description
GeoIP_id_by_addr_gl->printf
GeoIP_id_by_addr_gl->GeoIP_addr_to_num
GeoIP_id_by_addr_gl->_GeoIP_seek_record_gl
GeoIP_country_code3_by_addr_v6_gl->GeoIP_id_by_addr_v6_gl
GeoIP_country_code3_by_addr_v6_gl->GeoIP_code3_by_id
GeoIP_country_code3_by_addr_gl->GeoIP_id_by_addr_gl
GeoIP_country_code3_by_addr_gl->GeoIP_code3_by_id
GeoIP_country_name_by_addr_v6_gl->GeoIP_id_by_addr_v6_gl
GeoIP_country_name_by_addr_v6_gl->GeoIP_country_name_by_id
GeoIP_country_name_by_addr_gl->GeoIP_id_by_addr_gl
GeoIP_country_name_by_addr_gl->GeoIP_country_name_by_id
GeoIP_country_name_by_ipnum_gl->GeoIP_id_by_ipnum_gl
GeoIP_country_name_by_ipnum_gl->GeoIP_country_name_by_id
GeoIP_id_by_ipnum_gl->get_db_description
GeoIP_id_by_ipnum_gl->get_db_description
GeoIP_id_by_ipnum_gl->printf
GeoIP_id_by_ipnum_gl->_GeoIP_seek_record_gl
GeoIP_country_name_by_ipnum_v6_gl->GeoIP_id_by_ipnum_v6_gl
GeoIP_country_name_by_ipnum_v6_gl->GeoIP_country_name_by_id
GeoIP_region_by_ipnum->GeoIP_region_by_ipnum_gl
GeoIP_region_by_ipnum_v6->GeoIP_region_by_ipnum_v6_gl
GeoIP_range_by_ip->GeoIP_range_by_ip_gl
GeoIP_name_by_ipnum->GeoIP_name_by_ipnum_gl
GeoIP_name_by_ipnum_v6->GeoIP_name_by_ipnum_v6_gl
GeoIP_name_by_addr->GeoIP_name_by_addr_gl
GeoIP_name_by_addr_v6->GeoIP_name_by_addr_v6_gl
GeoIP_name_by_name->GeoIP_name_by_name_gl
GeoIP_name_by_name_v6->GeoIP_name_by_name_v6_gl
GeoIP_record_by_ipnum->_get_record
_get_record->_get_record_gl
_get_record_gl->printf
_get_record_gl->_GeoIP_seek_record_gl
_get_record_gl->_extract_record
_extract_record->malloc
_extract_record->llvm.memset.p0i8.i64
_extract_record->malloc
_extract_record->fileno
_extract_record->pread
_extract_record->free
_extract_record->free
_extract_record->free
_extract_record->GeoIP_country_name_by_id
_extract_record->malloc
_extract_record->strncpy
_extract_record->_GeoIP_iso_8859_1__utf8
_extract_record->malloc
_extract_record->strncpy
_extract_record->malloc
_extract_record->strncpy
_extract_record->strcmp
_extract_record->free
GeoIP_record_by_ipnum_v6->_get_record_v6
_get_record_v6->_get_record_v6_gl
_get_record_v6_gl->printf
_get_record_v6_gl->_GeoIP_seek_record_v6_gl
_get_record_v6_gl->_extract_record
GeoIP_record_by_addr->GeoIP_addr_to_num
GeoIP_record_by_addr->_get_record_gl
GeoIP_record_by_addr_v6->_GeoIP_addr_to_num_v6
GeoIP_record_by_addr_v6->llvm.memcpy.p0i8.p0i8.i64
GeoIP_record_by_addr_v6->_get_record_v6
GeoIP_record_by_name->_GeoIP_lookupaddress
GeoIP_record_by_name->_get_record
GeoIP_record_by_name_v6->_GeoIP_lookupaddress_v6
GeoIP_record_by_name_v6->llvm.memcpy.p0i8.p0i8.i64
GeoIP_record_by_name_v6->_get_record_v6
GeoIP_record_id_by_addr->printf
GeoIP_record_id_by_addr->GeoIP_addr_to_num
GeoIP_record_id_by_addr->_GeoIP_seek_record
GeoIP_record_id_by_addr_v6->printf
GeoIP_record_id_by_addr_v6->_GeoIP_addr_to_num_v6
GeoIP_record_id_by_addr_v6->llvm.memcpy.p0i8.p0i8.i64
GeoIP_record_id_by_addr_v6->_GeoIP_seek_record_v6
GeoIP_next_record->printf
GeoIP_next_record->_extract_record
GeoIPRecord_delete->free
GeoIPRecord_delete->free
GeoIPRecord_delete->free
GeoIPRecord_delete->free
GeoIP_region_name_by_code->strcmp
GeoIP_region_name_by_code->get_region_name_AD
GeoIP_region_name_by_code->strcmp
GeoIP_region_name_by_code->get_region_name_AE
GeoIP_region_name_by_code->strcmp
GeoIP_region_name_by_code->get_region_name_AF
GeoIP_region_name_by_code->strcmp
GeoIP_region_name_by_code->get_region_name_AG
GeoIP_region_name_by_code->strcmp
GeoIP_region_name_by_code->get_region_name_AL
GeoIP_region_name_by_code->strcmp
GeoIP_region_name_by_code->get_region_name_AM
GeoIP_region_name_by_code->strcmp
GeoIP_region_name_by_code->get_region_name_AO
GeoIP_region_name_by_code->strcmp
GeoIP_region_name_by_code->get_region_name_AR
GeoIP_region_name_by_code->strcmp
GeoIP_region_name_by_code->get_region_name_AT
GeoIP_region_name_by_code->strcmp
GeoIP_region_name_by_code->get_region_name_AU
GeoIP_region_name_by_code->strcmp
GeoIP_region_name_by_code->get_region_name_AZ
GeoIP_region_name_by_code->strcmp
GeoIP_region_name_by_code->get_region_name_BA
GeoIP_region_name_by_code->strcmp
GeoIP_region_name_by_code->get_region_name_BB
GeoIP_region_name_by_code->strcmp
GeoIP_region_name_by_code->get_region_name_BD
GeoIP_region_name_by_code->strcmp
GeoIP_region_name_by_code->get_region_name_BE
GeoIP_region_name_by_code->strcmp
GeoIP_region_name_by_code->get_region_name_BF
GeoIP_region_name_by_code->strcmp
GeoIP_region_name_by_code->get_region_name_BG
GeoIP_region_name_by_code->strcmp
GeoIP_region_name_by_code->get_region_name_BH
GeoIP_region_name_by_code->strcmp
GeoIP_region_name_by_code->get_region_name_BI
GeoIP_region_name_by_code->strcmp
GeoIP_region_name_by_code->get_region_name_BJ
GeoIP_region_name_by_code->strcmp
GeoIP_region_name_by_code->get_region_name_BM
GeoIP_region_name_by_code->strcmp
GeoIP_region_name_by_code->get_region_name_BN
GeoIP_region_name_by_code->strcmp
GeoIP_region_name_by_code->get_region_name_BO
GeoIP_region_name_by_code->strcmp
GeoIP_region_name_by_code->get_region_name_BR
GeoIP_region_name_by_code->strcmp
GeoIP_region_name_by_code->get_region_name_BS
GeoIP_region_name_by_code->strcmp
GeoIP_region_name_by_code->get_region_name_BT
GeoIP_region_name_by_code->strcmp
GeoIP_region_name_by_code->get_region_name_BW
GeoIP_region_name_by_code->strcmp
GeoIP_region_name_by_code->get_region_name_BY
GeoIP_region_name_by_code->strcmp
GeoIP_region_name_by_code->get_region_name_BZ
GeoIP_region_name_by_code->strcmp
GeoIP_region_name_by_code->get_region_name_CA
GeoIP_region_name_by_code->strcmp
GeoIP_region_name_by_code->get_region_name_CD
GeoIP_region_name_by_code->strcmp
GeoIP_region_name_by_code->get_region_name_CF
GeoIP_region_name_by_code->strcmp
GeoIP_region_name_by_code->get_region_name_CG
GeoIP_region_name_by_code->strcmp
GeoIP_region_name_by_code->get_region_name_CH
GeoIP_region_name_by_code->strcmp
GeoIP_region_name_by_code->get_region_name_CI
GeoIP_region_name_by_code->strcmp
GeoIP_region_name_by_code->get_region_name_CL
GeoIP_region_name_by_code->strcmp
GeoIP_region_name_by_code->get_region_name_CM
GeoIP_region_name_by_code->strcmp
GeoIP_region_name_by_code->get_region_name_CN
GeoIP_region_name_by_code->strcmp
GeoIP_region_name_by_code->get_region_name_CO
GeoIP_region_name_by_code->strcmp
GeoIP_region_name_by_code->get_region_name_CR
GeoIP_region_name_by_code->strcmp
GeoIP_region_name_by_code->get_region_name_CU
GeoIP_region_name_by_code->strcmp
GeoIP_region_name_by_code->get_region_name_CV
GeoIP_region_name_by_code->strcmp
GeoIP_region_name_by_code->get_region_name_CY
GeoIP_region_name_by_code->strcmp
GeoIP_region_name_by_code->get_region_name_CZ
GeoIP_region_name_by_code->strcmp
GeoIP_region_name_by_code->get_region_name_DE
GeoIP_region_name_by_code->strcmp
GeoIP_region_name_by_code->get_region_name_DJ
GeoIP_region_name_by_code->strcmp
GeoIP_region_name_by_code->get_region_name_DK
GeoIP_region_name_by_code->strcmp
GeoIP_region_name_by_code->get_region_name_DM
GeoIP_region_name_by_code->strcmp
GeoIP_region_name_by_code->get_region_name_DO
GeoIP_region_name_by_code->strcmp
GeoIP_region_name_by_code->get_region_name_DZ
GeoIP_region_name_by_code->strcmp
GeoIP_region_name_by_code->get_region_name_EC
GeoIP_region_name_by_code->strcmp
GeoIP_region_name_by_code->get_region_name_EE
GeoIP_region_name_by_code->strcmp
GeoIP_region_name_by_code->get_region_name_EG
GeoIP_region_name_by_code->strcmp
GeoIP_region_name_by_code->get_region_name_ER
GeoIP_region_name_by_code->strcmp
GeoIP_region_name_by_code->get_region_name_ES
GeoIP_region_name_by_code->strcmp
GeoIP_region_name_by_code->get_region_name_ET
GeoIP_region_name_by_code->strcmp
GeoIP_region_name_by_code->get_region_name_FI
GeoIP_region_name_by_code->strcmp
GeoIP_region_name_by_code->get_region_name_FJ
GeoIP_region_name_by_code->strcmp
GeoIP_region_name_by_code->get_region_name_FM
GeoIP_region_name_by_code->strcmp
GeoIP_region_name_by_code->get_region_name_FR
GeoIP_region_name_by_code->strcmp
GeoIP_region_name_by_code->get_region_name_GA
GeoIP_region_name_by_code->strcmp
GeoIP_region_name_by_code->get_region_name_GB
GeoIP_region_name_by_code->strcmp
GeoIP_region_name_by_code->get_region_name_GD
GeoIP_region_name_by_code->strcmp
GeoIP_region_name_by_code->get_region_name_GE
GeoIP_region_name_by_code->strcmp
GeoIP_region_name_by_code->get_region_name_GH
GeoIP_region_name_by_code->strcmp
GeoIP_region_name_by_code->get_region_name_GL
GeoIP_region_name_by_code->strcmp
GeoIP_region_name_by_code->get_region_name_GM
GeoIP_region_name_by_code->strcmp
GeoIP_region_name_by_code->get_region_name_GN
GeoIP_region_name_by_code->strcmp
GeoIP_region_name_by_code->get_region_name_GQ
GeoIP_region_name_by_code->strcmp
GeoIP_region_name_by_code->get_region_name_GR
GeoIP_region_name_by_code->strcmp
GeoIP_region_name_by_code->get_region_name_GT
GeoIP_region_name_by_code->strcmp
GeoIP_region_name_by_code->get_region_name_GW
GeoIP_region_name_by_code->strcmp
GeoIP_region_name_by_code->get_region_name_GY
GeoIP_region_name_by_code->strcmp
GeoIP_region_name_by_code->get_region_name_HN
GeoIP_region_name_by_code->strcmp
GeoIP_region_name_by_code->get_region_name_HR
GeoIP_region_name_by_code->strcmp
GeoIP_region_name_by_code->get_region_name_HT
GeoIP_region_name_by_code->strcmp
GeoIP_region_name_by_code->get_region_name_HU
GeoIP_region_name_by_code->strcmp
GeoIP_region_name_by_code->get_region_name_ID
GeoIP_region_name_by_code->strcmp
GeoIP_region_name_by_code->get_region_name_IE
GeoIP_region_name_by_code->strcmp
GeoIP_region_name_by_code->get_region_name_IL
GeoIP_region_name_by_code->strcmp
GeoIP_region_name_by_code->get_region_name_IN
GeoIP_region_name_by_code->strcmp
GeoIP_region_name_by_code->get_region_name_IQ
GeoIP_region_name_by_code->strcmp
GeoIP_region_name_by_code->get_region_name_IR
GeoIP_region_name_by_code->strcmp
GeoIP_region_name_by_code->get_region_name_IS
GeoIP_region_name_by_code->strcmp
GeoIP_region_name_by_code->get_region_name_IT
GeoIP_region_name_by_code->strcmp
GeoIP_region_name_by_code->get_region_name_JM
GeoIP_region_name_by_code->strcmp
GeoIP_region_name_by_code->get_region_name_JO
GeoIP_region_name_by_code->strcmp
GeoIP_region_name_by_code->get_region_name_JP
GeoIP_region_name_by_code->strcmp
GeoIP_region_name_by_code->get_region_name_KE
GeoIP_region_name_by_code->strcmp
GeoIP_region_name_by_code->get_region_name_KG
GeoIP_region_name_by_code->strcmp
GeoIP_region_name_by_code->get_region_name_KH
GeoIP_region_name_by_code->strcmp
GeoIP_region_name_by_code->get_region_name_KI
GeoIP_region_name_by_code->strcmp
GeoIP_region_name_by_code->get_region_name_KM
GeoIP_region_name_by_code->strcmp
GeoIP_region_name_by_code->get_region_name_KN
GeoIP_region_name_by_code->strcmp
GeoIP_region_name_by_code->get_region_name_KP
GeoIP_region_name_by_code->strcmp
GeoIP_region_name_by_code->get_region_name_KR
GeoIP_region_name_by_code->strcmp
GeoIP_region_name_by_code->get_region_name_KW
GeoIP_region_name_by_code->strcmp
GeoIP_region_name_by_code->get_region_name_KY
GeoIP_region_name_by_code->strcmp
GeoIP_region_name_by_code->get_region_name_KZ
GeoIP_region_name_by_code->strcmp
GeoIP_region_name_by_code->get_region_name_LA
GeoIP_region_name_by_code->strcmp
GeoIP_region_name_by_code->get_region_name_LB
GeoIP_region_name_by_code->strcmp
GeoIP_region_name_by_code->get_region_name_LC
GeoIP_region_name_by_code->strcmp
GeoIP_region_name_by_code->get_region_name_LI
GeoIP_region_name_by_code->strcmp
GeoIP_region_name_by_code->get_region_name_LK
GeoIP_region_name_by_code->strcmp
GeoIP_region_name_by_code->get_region_name_LR
GeoIP_region_name_by_code->strcmp
GeoIP_region_name_by_code->get_region_name_LS
GeoIP_region_name_by_code->strcmp
GeoIP_region_name_by_code->get_region_name_LT
GeoIP_region_name_by_code->strcmp
GeoIP_region_name_by_code->get_region_name_LU
GeoIP_region_name_by_code->strcmp
GeoIP_region_name_by_code->get_region_name_LV
GeoIP_region_name_by_code->strcmp
GeoIP_region_name_by_code->get_region_name_LY
GeoIP_region_name_by_code->strcmp
GeoIP_region_name_by_code->get_region_name_MA
GeoIP_region_name_by_code->strcmp
GeoIP_region_name_by_code->get_region_name_MC
GeoIP_region_name_by_code->strcmp
GeoIP_region_name_by_code->get_region_name_MD
GeoIP_region_name_by_code->strcmp
GeoIP_region_name_by_code->get_region_name_MG
GeoIP_region_name_by_code->strcmp
GeoIP_region_name_by_code->get_region_name_MK
GeoIP_region_name_by_code->strcmp
GeoIP_region_name_by_code->get_region_name_ML
GeoIP_region_name_by_code->strcmp
GeoIP_region_name_by_code->get_region_name_MM
GeoIP_region_name_by_code->strcmp
GeoIP_region_name_by_code->get_region_name_MN
GeoIP_region_name_by_code->strcmp
GeoIP_region_name_by_code->get_region_name_MO
GeoIP_region_name_by_code->strcmp
GeoIP_region_name_by_code->get_region_name_MR
GeoIP_region_name_by_code->strcmp
GeoIP_region_name_by_code->get_region_name_MS
GeoIP_region_name_by_code->strcmp
GeoIP_region_name_by_code->get_region_name_MU
GeoIP_region_name_by_code->strcmp
GeoIP_region_name_by_code->get_region_name_MV
GeoIP_region_name_by_code->strcmp
GeoIP_region_name_by_code->get_region_name_MW
GeoIP_region_name_by_code->strcmp
GeoIP_region_name_by_code->get_region_name_MX
GeoIP_region_name_by_code->strcmp
GeoIP_region_name_by_code->get_region_name_MY
GeoIP_region_name_by_code->strcmp
GeoIP_region_name_by_code->get_region_name_MZ
GeoIP_region_name_by_code->strcmp
GeoIP_region_name_by_code->get_region_name_NA
GeoIP_region_name_by_code->strcmp
GeoIP_region_name_by_code->get_region_name_NE
GeoIP_region_name_by_code->strcmp
GeoIP_region_name_by_code->get_region_name_NG
GeoIP_region_name_by_code->strcmp
GeoIP_region_name_by_code->get_region_name_NI
GeoIP_region_name_by_code->strcmp
GeoIP_region_name_by_code->get_region_name_NL
GeoIP_region_name_by_code->strcmp
GeoIP_region_name_by_code->get_region_name_NO
GeoIP_region_name_by_code->strcmp
GeoIP_region_name_by_code->get_region_name_NP
GeoIP_region_name_by_code->strcmp
GeoIP_region_name_by_code->get_region_name_NR
GeoIP_region_name_by_code->strcmp
GeoIP_region_name_by_code->get_region_name_NZ
GeoIP_region_name_by_code->strcmp
GeoIP_region_name_by_code->get_region_name_OM
GeoIP_region_name_by_code->strcmp
GeoIP_region_name_by_code->get_region_name_PA
GeoIP_region_name_by_code->strcmp
GeoIP_region_name_by_code->get_region_name_PE
GeoIP_region_name_by_code->strcmp
GeoIP_region_name_by_code->get_region_name_PG
GeoIP_region_name_by_code->strcmp
GeoIP_region_name_by_code->get_region_name_PH
GeoIP_region_name_by_code->strcmp
GeoIP_region_name_by_code->get_region_name_PK
GeoIP_region_name_by_code->strcmp
GeoIP_region_name_by_code->get_region_name_PL
GeoIP_region_name_by_code->strcmp
GeoIP_region_name_by_code->get_region_name_PS
GeoIP_region_name_by_code->strcmp
GeoIP_region_name_by_code->get_region_name_PT
GeoIP_region_name_by_code->strcmp
GeoIP_region_name_by_code->get_region_name_PY
GeoIP_region_name_by_code->strcmp
GeoIP_region_name_by_code->get_region_name_QA
GeoIP_region_name_by_code->strcmp
GeoIP_region_name_by_code->get_region_name_RO
GeoIP_region_name_by_code->strcmp
GeoIP_region_name_by_code->get_region_name_RS
GeoIP_region_name_by_code->strcmp
GeoIP_region_name_by_code->get_region_name_RU
GeoIP_region_name_by_code->strcmp
GeoIP_region_name_by_code->get_region_name_RW
GeoIP_region_name_by_code->strcmp
GeoIP_region_name_by_code->get_region_name_SA
GeoIP_region_name_by_code->strcmp
GeoIP_region_name_by_code->get_region_name_SB
GeoIP_region_name_by_code->strcmp
GeoIP_region_name_by_code->get_region_name_SC
GeoIP_region_name_by_code->strcmp
GeoIP_region_name_by_code->get_region_name_SD
GeoIP_region_name_by_code->strcmp
GeoIP_region_name_by_code->get_region_name_SE
GeoIP_region_name_by_code->strcmp
GeoIP_region_name_by_code->get_region_name_SH
GeoIP_region_name_by_code->strcmp
GeoIP_region_name_by_code->get_region_name_SI
GeoIP_region_name_by_code->strcmp
GeoIP_region_name_by_code->get_region_name_SK
GeoIP_region_name_by_code->strcmp
GeoIP_region_name_by_code->get_region_name_SL
GeoIP_region_name_by_code->strcmp
GeoIP_region_name_by_code->get_region_name_SM
GeoIP_region_name_by_code->strcmp
GeoIP_region_name_by_code->get_region_name_SN
GeoIP_region_name_by_code->strcmp
GeoIP_region_name_by_code->get_region_name_SO
GeoIP_region_name_by_code->strcmp
GeoIP_region_name_by_code->get_region_name_SR
GeoIP_region_name_by_code->strcmp
GeoIP_region_name_by_code->get_region_name_SS
GeoIP_region_name_by_code->strcmp
GeoIP_region_name_by_code->get_region_name_ST
GeoIP_region_name_by_code->strcmp
GeoIP_region_name_by_code->get_region_name_SV
GeoIP_region_name_by_code->strcmp
GeoIP_region_name_by_code->get_region_name_SY
GeoIP_region_name_by_code->strcmp
GeoIP_region_name_by_code->get_region_name_SZ
GeoIP_region_name_by_code->strcmp
GeoIP_region_name_by_code->get_region_name_TD
GeoIP_region_name_by_code->strcmp
GeoIP_region_name_by_code->get_region_name_TG
GeoIP_region_name_by_code->strcmp
GeoIP_region_name_by_code->get_region_name_TH
GeoIP_region_name_by_code->strcmp
GeoIP_region_name_by_code->get_region_name_TJ
GeoIP_region_name_by_code->strcmp
GeoIP_region_name_by_code->get_region_name_TL
GeoIP_region_name_by_code->strcmp
GeoIP_region_name_by_code->get_region_name_TM
GeoIP_region_name_by_code->strcmp
GeoIP_region_name_by_code->get_region_name_TN
GeoIP_region_name_by_code->strcmp
GeoIP_region_name_by_code->get_region_name_TO
GeoIP_region_name_by_code->strcmp
GeoIP_region_name_by_code->get_region_name_TR
GeoIP_region_name_by_code->strcmp
GeoIP_region_name_by_code->get_region_name_TT
GeoIP_region_name_by_code->strcmp
GeoIP_region_name_by_code->get_region_name_TW
GeoIP_region_name_by_code->strcmp
GeoIP_region_name_by_code->get_region_name_TZ
GeoIP_region_name_by_code->strcmp
GeoIP_region_name_by_code->get_region_name_UA
GeoIP_region_name_by_code->strcmp
GeoIP_region_name_by_code->get_region_name_UG
GeoIP_region_name_by_code->strcmp
GeoIP_region_name_by_code->get_region_name_US
GeoIP_region_name_by_code->strcmp
GeoIP_region_name_by_code->get_region_name_UY
GeoIP_region_name_by_code->strcmp
GeoIP_region_name_by_code->get_region_name_UZ
GeoIP_region_name_by_code->strcmp
GeoIP_region_name_by_code->get_region_name_VC
GeoIP_region_name_by_code->strcmp
GeoIP_region_name_by_code->get_region_name_VE
GeoIP_region_name_by_code->strcmp
GeoIP_region_name_by_code->get_region_name_VN
GeoIP_region_name_by_code->strcmp
GeoIP_region_name_by_code->get_region_name_VU
GeoIP_region_name_by_code->strcmp
GeoIP_region_name_by_code->get_region_name_WS
GeoIP_region_name_by_code->strcmp
GeoIP_region_name_by_code->get_region_name_YE
GeoIP_region_name_by_code->strcmp
GeoIP_region_name_by_code->get_region_name_ZA
GeoIP_region_name_by_code->strcmp
GeoIP_region_name_by_code->get_region_name_ZM
GeoIP_region_name_by_code->strcmp
GeoIP_region_name_by_code->get_region_name_ZW
