_gpgrt_lock_init->get_lock_object
_gpgrt_lock_init->pthread_mutex_init
_gpgrt_lock_init->_gpg_err_code_from_errno
gpgrt_mkdir->_gpgrt_mkdir
gpgrt_sysopen_nc->_gpgrt_sysopen_nc
print_writer->es_writen
func_fd_create->mem_alloc
_gpgrt_logv_clock->_gpgrt_logv_internal
gpgrt_log_debug_string->llvm.va_start
gpgrt_log_debug_string->llvm.va_end
gpgrt_log_debug_string->_gpgrt_logv_internal
gpgrt_fseeko->_gpgrt_fseeko
pr_char->print_writer
pr_char->fixed_buffer_out
pr_char->dynamic_buffer_out
_gpgrt_fclose_snatch->__errno_location
_gpgrt_fclose_snatch->flush_stream
_gpgrt_fclose_snatch->mem_free
_gpgrt_fclose_snatch->do_close
do_fflush->flush_stream
do_fflush->es_empty
_gpgrt_getcwd->_gpgrt_free
_gpgrt_getcwd->__errno_location
_gpgrt_getcwd->_gpgrt_malloc
_gpgrt_getcwd->getcwd
gpgrt_fprintf_sf_unlocked->llvm.va_start
gpgrt_fprintf_sf_unlocked->llvm.va_end
gpgrt_fprintf_sf_unlocked->_gpgrt_vfprintf_unlocked
gpg_strerror_r->_gpg_strerror_r
_gpgrt_ftruncate->__errno_location
_gpgrt_ftruncate->lock_stream
_gpgrt_ftruncate->unlock_stream
get_lock_object->fputs
get_lock_object->_gpgrt_abort
gpgrt_chdir->_gpgrt_chdir
gpgrt_fpopen->_gpgrt_fpopen
_gpgrt_vfprintf->lock_stream
_gpgrt_vfprintf->unlock_stream
_gpgrt_vfprintf->do_print_stream
_gpgrt_fdopen_nc->do_fdopen
_gpgrt__log_assert->_gpgrt_abort
_gpgrt__log_assert->_gpgrt_log
gpgrt_log_printf->llvm.va_start
gpgrt_log_printf->llvm.va_end
gpgrt_log_printf->_gpgrt_logv
gpgrt_ftell->_gpgrt_ftell
pr_string->strlen
pr_string->print_writer
pr_string->pad_out
pr_string->fixed_buffer_out
pr_string->dynamic_buffer_out
pr_string->fmt_string_filter
_gpgrt_onclose->lock_stream
_gpgrt_onclose->unlock_stream
_gpgrt_onclose->do_onclose
unlock_stream->_gpgrt_lock_unlock
gpgrt_setvbuf->_gpgrt_setvbuf
gpg_strsource->_gpg_strsource
_gpgrt__getc_underflow->es_readn
gpgrt_getcwd->_gpgrt_getcwd
gpgrt_fpopen_nc->_gpgrt_fpopen_nc
_gpgrt_fprintf_unlocked->llvm.va_start
_gpgrt_fprintf_unlocked->llvm.va_end
_gpgrt_fprintf_unlocked->do_print_stream
_gpgrt_fpopen->do_fpopen
_gpgrt_reallocarray->llvm.memset.p0i8.i64
_gpgrt_reallocarray->_gpgrt_realloc
_gpgrt_reallocarray->_gpg_err_set_errno
_gpgrt_reallocarray->_gpgrt_free
_gpgrt_b64dec_start->_gpgrt_free
_gpgrt_b64dec_start->_gpgrt_calloc
_gpgrt_b64dec_start->_gpgrt_strdup
gpgrt_log_flush->_gpgrt_log_flush
gpgrt_ftello->_gpgrt_ftello
pr_pointer->print_writer
pr_pointer->fixed_buffer_out
pr_pointer->dynamic_buffer_out
do_onclose->mem_alloc
lock_list->_gpgrt_lock_lock
_gpgrt_getpwdir->_gpgrt_strdup
_gpgrt_getpwdir->getpwnam
_gpgrt_getpwdir->getuid
_gpgrt_getpwdir->getpwuid
gpgrt_setbuf->_gpgrt_setvbuf
gpg_err_code_from_errno->_gpg_err_code_from_errno
es_readn->flush_stream
es_readn->do_read_nbf
es_readn->do_read_lbf
es_readn->do_read_fbf
_gpgrt_usage->strlen
_gpgrt_usage->exit
_gpgrt_usage->_gpgrt_strusage
_gpgrt_usage->writestrings
_gpgrt_usage->flushstrings
gpgrt_b64enc_start->_gpgrt_b64enc_start
gpgrt_freopen->_gpgrt_freopen
_gpgrt_fprintf->llvm.va_start
_gpgrt_fprintf->llvm.va_end
_gpgrt_fprintf->lock_stream
_gpgrt_fprintf->unlock_stream
_gpgrt_fprintf->do_print_stream
do_fpopen->__errno_location
do_fpopen->parse_mode
do_fpopen->create_stream
do_fpopen->fflush
do_fpopen->func_fp_create
do_fpopen->fileno
do_fpopen->func_fp_destroy
_gpg_err_set_errno->__errno_location
_gpgrt_b64dec_proc->_gpgrt_free
_gpgrt_b64dec_proc->_gpgrt__log_assert
gpgrt_log_printhex->llvm.va_start
gpgrt_log_printhex->llvm.va_end
gpgrt_log_printhex->_gpgrt_logv_printhex
gpgrt_rewind->_gpgrt_rewind
_gpgrt_fileno_unlocked->__errno_location
_gpgrt_fileno_unlocked->_gpgrt_syshd_unlocked
unlock_list->_gpgrt_lock_unlock
handle_meta_echo->strcmp
handle_meta_echo->strchr
handle_meta_echo->time
handle_meta_echo->_gpgrt_log_info
handle_meta_echo->_gpgrt_log_printf
handle_meta_echo->assure_username
gpgrt_set_binary->_gpgrt_set_binary
gpg_err_code_to_errno->_gpg_err_code_to_errno
do_read_nbf->func_fd_read
do_read_nbf->func_fd_write
do_read_nbf->func_fd_seek
do_read_nbf->func_mem_read
do_read_nbf->func_mem_write
do_read_nbf->func_mem_seek
do_read_nbf->func_fp_read
do_read_nbf->func_fp_write
do_read_nbf->func_fp_seek
do_read_nbf->fun_writer
gpgrt_b64enc_write->_gpgrt_b64enc_write
gpgrt_fopencookie->_gpgrt_fopencookie
_gpgrt_tmpfile->create_stream
_gpgrt_tmpfile->func_fd_destroy
_gpgrt_tmpfile->close
_gpgrt_tmpfile->func_fd_create
_gpgrt_tmpfile->tmpfd
_gpgrt_free->_gpgrt_realloc
_gpgrt_b64dec_finish->_gpgrt_free
gpgrt_log_clock->llvm.va_start
gpgrt_log_clock->llvm.va_end
gpgrt_log_clock->_gpgrt_logv_clock
gpgrt_ftruncate->_gpgrt_ftruncate
pad_out->llvm.memset.p0i8.i64
pad_out->print_writer
pad_out->fixed_buffer_out
pad_out->dynamic_buffer_out
_gpgrt_syshd_unlocked->llvm.memcpy.p0i8.p0i8.i64
_gpgrt_syshd_unlocked->__errno_location
flush_stream->__errno_location
flush_stream->func_fd_read
flush_stream->func_fd_write
flush_stream->func_fd_seek
flush_stream->func_mem_read
flush_stream->func_mem_write
flush_stream->func_mem_seek
flush_stream->func_fp_read
flush_stream->func_fp_write
flush_stream->func_fp_seek
flush_stream->fun_writer
flush_stream->_gpgrt__log_assert
assure_username->_gpg_strerror
assure_username->_gpgrt_getusername
assure_username->_gpgrt_log_error
assure_username->gpg_error_from_syserror.175
gpgrt_set_nonblock->_gpgrt_set_nonblock
gpg_err_code_from_syserror->_gpg_err_code_from_syserror
do_read_lbf->do_read_fbf
_gpgrt_lock_lock->get_lock_object
_gpgrt_lock_lock->pthread_mutex_lock
_gpgrt_lock_lock->_gpg_err_code_from_errno
_gpgrt_lock_lock->_gpgrt_pre_syscall
_gpgrt_lock_lock->_gpgrt_post_syscall
gpgrt_b64enc_finish->_gpgrt_b64enc_finish
gpgrt_fclose->_gpgrt_fclose
tmpfd->fileno
tmpfd->fclose
tmpfd->tmpfile
tmpfd->dup
func_fp_create->mem_alloc
_gpgrt_b64enc_start->_gpgrt_free
_gpgrt_b64enc_start->_gpgrt_calloc
_gpgrt_b64enc_start->_gpgrt_strdup
_gpgrt_b64enc_start->strncmp
_gpgrt_log_assert->_gpgrt__log_assert
gpgrt_fgetc->_gpgrt_fgetc
_gpgrt_flockfile->lock_stream
es_empty->_gpgrt__log_assert
gpg_error_from_syserror.175->gpg_err_code_from_syserror
gpg_error_from_syserror.175->gpg_error.176
gpgrt_get_nonblock->_gpgrt_get_nonblock
gpg_err_set_errno->_gpg_err_set_errno
do_read_fbf->llvm.memcpy.p0i8.p0i8.i64
do_read_fbf->fill_stream
_gpgrt_mopen->llvm.memset.p0i8.i64
_gpgrt_mopen->parse_mode
_gpgrt_mopen->create_stream
_gpgrt_mopen->func_mem_create
_gpgrt_mopen->func_mem_destroy
gpgrt_b64dec_start->_gpgrt_b64dec_start
gpgrt_fcancel->_gpgrt_fcancel
_gpgrt_malloc->_gpgrt_realloc
_gpgrt_b64enc_write->llvm.memcpy.p0i8.p0i8.i64
_gpgrt_b64enc_write->_gpgrt_free
_gpgrt_b64enc_write->_gpgrt_fflush
_gpgrt_b64enc_write->_gpgrt_ferror
_gpgrt_b64enc_write->_gpgrt_fputc
_gpgrt_b64enc_write->_gpgrt_fputs
_gpgrt_b64enc_write->_gpg_err_code_from_syserror
_gpgrt_b64enc_write->_gpgrt__log_assert
gpgrt_argparse->_gpgrt_argparse
_gpgrt_getc_underflow->_gpgrt__getc_underflow
_gpgrt_ftrylockfile->trylock_stream
_gpgrt_fopen->parse_mode
_gpgrt_fopen->func_file_create
_gpgrt_fopen->create_stream
_gpgrt_fopen->fname_set_internal
_gpgrt_fopen->func_fd_destroy
gpg_error.176->gpg_err_make.177
_gpgrt_getusername->_gpgrt_strdup
_gpgrt_getusername->getuid
_gpgrt_getusername->getpwuid
gpgrt_poll->_gpgrt_poll
gpg_err_deinit->_gpg_err_deinit
fill_stream->__errno_location
fill_stream->func_fd_read
fill_stream->func_fd_write
fill_stream->func_fd_seek
fill_stream->func_mem_read
fill_stream->func_mem_write
fill_stream->func_mem_seek
fill_stream->func_fp_read
fill_stream->func_fp_write
fill_stream->func_fp_seek
fill_stream->fun_writer
func_mem_create->__errno_location
func_mem_create->mem_alloc
_gpgrt_lock_trylock->get_lock_object
_gpgrt_lock_trylock->pthread_mutex_trylock
_gpgrt_lock_trylock->_gpg_err_code_from_errno
_gpgrt_set_confdir->_gpgrt_free
_gpgrt_set_confdir->_gpgrt_strdup
_gpgrt_set_confdir->strlen
_gpgrt_set_confdir->_gpgrt_log_fatal
gpgrt_b64dec_proc->_gpgrt_b64dec_proc
gpgrt_fclose_snatch->_gpgrt_fclose_snatch
func_fp_read->fread
func_fp_read->ferror
func_fp_read->_gpgrt_pre_syscall
func_fp_read->_gpgrt_post_syscall
_gpgrt_calloc->llvm.memset.p0i8.i64
_gpgrt_calloc->_gpgrt_realloc
_gpgrt_calloc->_gpg_err_set_errno
_gpgrt_b64enc_finish->llvm.memcpy.p0i8.p0i8.i64
_gpgrt_b64enc_finish->_gpgrt_free
_gpgrt_b64enc_finish->_gpgrt_ferror
_gpgrt_b64enc_finish->_gpgrt_fputc
_gpgrt_b64enc_finish->_gpgrt_fputs
_gpgrt_b64enc_finish->_gpgrt__log_assert
_gpgrt_b64enc_finish->gpg_error_from_syserror
gpgrt_argparser->_gpgrt_argparser
gpgrt_fputc->_gpgrt_fputc
trylock_stream->_gpgrt_lock_trylock
parse_mode->__errno_location
parse_mode->strspn
parse_mode->strncmp
parse_mode->strchr
parse_mode->strcspn
_gpgrt_vfnameconcat->llvm.memcpy.p0i8.p0i8.i64
_gpgrt_vfnameconcat->_gpg_err_set_errno
_gpgrt_vfnameconcat->_gpgrt_free
_gpgrt_vfnameconcat->_gpgrt_malloc
_gpgrt_vfnameconcat->_gpgrt_strdup
_gpgrt_vfnameconcat->strlen
_gpgrt_vfnameconcat->strcpy
_gpgrt_vfnameconcat->stpcpy
_gpgrt_vfnameconcat->strchr
_gpgrt_vfnameconcat->_gpgrt_getenv
_gpgrt_vfnameconcat->_gpgrt_getcwd
_gpgrt_vfnameconcat->_gpgrt_getpwdir
gpgrt_tmpfile->_gpgrt_tmpfile
gpgrt_add_emergency_cleanup->_gpgrt_add_emergency_cleanup
_gpgrt__putc_overflow->es_writen
func_mem_read->llvm.memcpy.p0i8.p0i8.i64
writen->__errno_location
writen->write
gpgrt_b64dec_finish->_gpgrt_b64dec_finish
gpgrt_onclose->_gpgrt_onclose
_gpgrt_setvbuf->__errno_location
_gpgrt_setvbuf->lock_stream
_gpgrt_setvbuf->unlock_stream
_gpgrt_setvbuf->es_set_buffering
func_fp_write->fflush
func_fp_write->fwrite
func_fp_write->_gpgrt_pre_syscall
func_fp_write->_gpgrt_post_syscall
_gpgrt_strdup->_gpgrt_realloc
_gpgrt_strdup->strlen
_gpgrt_strdup->strcpy
gpg_error_from_syserror->gpg_err_code_from_syserror
gpg_error_from_syserror->gpg_error
gpgrt_usage->_gpgrt_usage
_gpgrt_putc_overflow->_gpgrt__putc_overflow
_gpgrt_estream_vsnprintf->_gpgrt_estream_format
_gpgrt_estream_vsnprintf->fixed_buffer_out
_gpgrt_funlockfile->unlock_stream
func_file_create->mem_free
func_file_create->mem_alloc
func_file_create->open
_gpgrt_fnameconcat->llvm.va_start
_gpgrt_fnameconcat->llvm.va_end
_gpgrt_fnameconcat->_gpgrt_vfnameconcat
gpgrt_opaque_set->_gpgrt_opaque_set
gpgrt_abort->_gpgrt_abort
_gpgrt_fgetc->lock_stream
_gpgrt_fgetc->unlock_stream
_gpgrt_fgetc->_gpgrt__getc_underflow
func_mem_write->llvm.memcpy.p0i8.p0i8.i64
func_mem_write->__errno_location
func_mem_write->mem_realloc
func_mem_write->_gpgrt__log_assert
_gpgrt_lock_unlock->get_lock_object
_gpgrt_lock_unlock->pthread_mutex_unlock
_gpgrt_lock_unlock->_gpg_err_code_from_errno
gpgrt_get_errorcount->_gpgrt_get_errorcount
gpgrt_fileno->_gpgrt_fileno
_gpgrt_set_binary->lock_stream
_gpgrt_set_binary->unlock_stream
func_fp_seek->__errno_location
func_fp_seek->fseek
func_fp_seek->ftell
func_fp_seek->_gpgrt_pre_syscall
func_fp_seek->_gpgrt_post_syscall
gpg_error->gpg_err_make
gpgrt_strusage->_gpgrt_strusage
gpgrt_ungetc->_gpgrt_ungetc
fixed_buffer_out->llvm.memcpy.p0i8.p0i8.i64
_gpgrt_fileno->lock_stream
_gpgrt_fileno->unlock_stream
_gpgrt_fileno->_gpgrt_fileno_unlocked
create_stream->mem_free
create_stream->mem_alloc
create_stream->init_stream_obj
create_stream->init_stream_lock
create_stream->do_list_add
create_stream->deinit_stream_obj
create_stream->destroy_stream_lock
gpgrt_opaque_get->_gpgrt_opaque_get
gpg_error_check_version->_gpg_error_check_version
_gpgrt_fputc->lock_stream
_gpgrt_fputc->unlock_stream
_gpgrt_fputc->_gpgrt__putc_overflow
func_mem_seek->llvm.memset.p0i8.i64
func_mem_seek->__errno_location
func_mem_seek->mem_realloc
func_mem_seek->_gpgrt__log_assert
gpgrt_inc_errorcount->_gpgrt_inc_errorcount
gpgrt_fileno_unlocked->_gpgrt_fileno_unlocked
_gpgrt_set_nonblock->__errno_location
_gpgrt_set_nonblock->lock_stream
_gpgrt_set_nonblock->unlock_stream
func_fp_destroy->mem_free
func_fp_destroy->fflush
func_fp_destroy->fclose
func_fp_destroy->_gpgrt_pre_syscall
func_fp_destroy->_gpgrt_post_syscall
gpgrt_set_strusage->_gpgrt_set_strusage
gpgrt_read->_gpgrt_read
_gpgrt_estream_snprintf->llvm.va_start
_gpgrt_estream_snprintf->llvm.va_end
_gpgrt_estream_snprintf->_gpgrt_estream_vsnprintf
_gpgrt_syshd->lock_stream
_gpgrt_syshd->unlock_stream
_gpgrt_syshd->_gpgrt_syshd_unlocked
fname_set_internal->strlen
fname_set_internal->strcpy
fname_set_internal->mem_free
fname_set_internal->mem_alloc
my_exit->exit
my_exit->deinitialize
gpgrt_fname_set->_gpgrt_fname_set
gpgrt_check_version->_gpg_error_check_version
_gpgrt_ungetc->lock_stream
_gpgrt_ungetc->unlock_stream
_gpgrt_ungetc->es_unreadn
func_mem_destroy->mem_free
func_mem_destroy->func_fd_destroy
func_mem_destroy->func_mem_destroy
func_mem_destroy->func_fp_destroy
func_mem_destroy->fun_closer
_gpgrt_lock_destroy->get_lock_object
_gpgrt_lock_destroy->pthread_mutex_destroy
_gpgrt_lock_destroy->llvm.memset.p0i8.i64
_gpgrt_lock_destroy->llvm.memcpy.p0i8.p0i8.i64
_gpgrt_lock_destroy->_gpg_err_code_from_errno
_gpgrt_log_set_prefix->strncpy
gpgrt_log_set_sink->_gpgrt_log_set_sink
gpgrt_syshd->_gpgrt_syshd
_gpgrt_get_nonblock->lock_stream
_gpgrt_get_nonblock->unlock_stream
_gpgrt_strconcat_core->_gpg_err_set_errno
_gpgrt_strconcat_core->_gpgrt_malloc
_gpgrt_strconcat_core->strlen
_gpgrt_strconcat_core->stpcpy
_gpgrt_argparse->llvm.memcpy.p0i8.p0i8.i64
_gpgrt_argparse->_gpgrt_realloc
_gpgrt_argparse->_gpgrt_free
_gpgrt_argparse->_gpgrt_malloc
_gpgrt_argparse->_gpgrt_strdup
_gpgrt_argparse->strlen
_gpgrt_argparse->strcmp
_gpgrt_argparse->_gpgrt_ferror
_gpgrt_argparse->_gpgrt_fgetc
_gpgrt_argparse->_gpgrt_log_info
_gpgrt_argparse->_gpgrt__log_assert
_gpgrt_argparse->deinitialize
_gpgrt_argparse->arg_parse
_gpgrt_argparse->initialize
_gpgrt_argparse->ignore_invalid_option_add
_gpgrt_argparse->ignore_invalid_option_p
_gpgrt_argparse->trim_spaces
_gpgrt_argparse->handle_metacmd
_gpgrt_argparse->strpbrk
_gpgrt_argparse->store_alias
_gpgrt_argparse->set_opt_arg
_gpgrt_argparse->gpgrt_annotate_leaked_object
_gpgrt_argparse->ignore_invalid_option_clear
_gpgrt_argparse->__ctype_b_loc
gpgrt_set_usage_outfnc->_gpgrt_set_usage_outfnc
gpgrt_write->_gpgrt_write
_gpgrt_estream_vasprintf->llvm.memset.p0i8.i64
_gpgrt_estream_vasprintf->_gpgrt_realloc
_gpgrt_estream_vasprintf->__errno_location
_gpgrt_estream_vasprintf->_gpgrt_estream_format
_gpgrt_estream_vasprintf->dynamic_buffer_out
_gpgrt_estream_vasprintf->_gpgrt__log_assert
_gpgrt__pending_unlocked->check_pending
mem_free->_gpgrt_free
find_long_option->strlen
find_long_option->strcmp
find_long_option->strncmp
gpgrt_fname_get->_gpgrt_fname_get
gpgrt_set_syscall_clamp->_gpgrt_set_syscall_clamp
es_unreadn->llvm.memcpy.p0i8.p0i8.i64
func_mem_ioctl->__errno_location
func_mem_ioctl->func_mem_seek
gpgrt_log_set_socket_dir_cb->_gpgrt_log_set_socket_dir_cb
gpgrt_syshd_unlocked->_gpgrt_syshd_unlocked
_gpgrt_poll->_gpgrt_free
_gpgrt_poll->__errno_location
_gpgrt_poll->_gpgrt_malloc
_gpgrt_poll->_gpgrt_fileno
_gpgrt_poll->_gpgrt__pending
_gpgrt_poll->poll
_gpgrt_poll->_gpgrt_pre_syscall
_gpgrt_poll->_gpgrt_post_syscall
deinitialize->_gpgrt_free
gpgrt_set_fixed_string_mapper->_gpgrt_set_fixed_string_mapper
gpgrt_write_sanitized->_gpgrt_write_sanitized
dynamic_buffer_out->llvm.memset.p0i8.i64
dynamic_buffer_out->llvm.memcpy.p0i8.p0i8.i64
dynamic_buffer_out->_gpgrt_realloc
dynamic_buffer_out->__errno_location
check_pending->flush_stream
check_pending->check_pending_nbf
check_pending->check_pending_fbf
mem_alloc->_gpgrt_malloc
show_help->_gpgrt_free
show_help->_gpgrt_calloc
show_help->strlen
show_help->gettext
show_help->show_version
show_help->_gpgrt_strusage
show_help->writestrings
show_help->flushstrings
show_help->qsort
show_help->map_fixed_string
show_help->long_opt_strlen
gpgrt_asprintf->llvm.va_start
gpgrt_asprintf->llvm.va_end
gpgrt_asprintf->_gpgrt_estream_vasprintf
gpgrt_get_syscall_clamp->_gpgrt_get_syscall_clamp
_gpgrt_read->lock_stream
_gpgrt_read->unlock_stream
_gpgrt_read->es_readn
mem_realloc->_gpgrt_realloc
_gpgrt_log_test_fd->_gpgrt_fileno
gpgrt_log_set_pid_suffix_cb->_gpgrt_log_set_pid_suffix_cb
_gpgrt_set_std_fd->_gpgrt__set_std_fd
_gpgrt_strconcat->_gpgrt_strdup
_gpgrt_strconcat->_gpgrt_strconcat_core
_gpgrt_strconcat->llvm.va_start
_gpgrt_strconcat->llvm.va_end
arg_parse->strcmp
arg_parse->strchr
arg_parse->_gpgrt_log_info
arg_parse->initialize
arg_parse->set_opt_arg
arg_parse->gettext
arg_parse->my_exit
arg_parse->find_long_option
arg_parse->show_help
arg_parse->show_version
arg_parse->_gpgrt_strusage
arg_parse->writestrings
arg_parse->dump_option_table
gpgrt_set_confdir->_gpgrt_set_confdir
gpgrt_write_hexstring->_gpgrt_write_hexstring
_gpg_strsource->gpg_err_source
_gpg_strsource->msgidxof
_gpg_strsource->dgettext
init_stream_obj->llvm.memcpy.p0i8.p0i8.i64
show_version->_gpgrt_strusage
show_version->writestrings
show_version->flushstrings
gpgrt_vasprintf->_gpgrt_estream_vasprintf
gpgrt_set_alloc_func->_gpgrt_set_alloc_func
_gpgrt_write->lock_stream
_gpgrt_write->unlock_stream
_gpgrt_write->es_writen
_gpgrt_fopenmem->llvm.memset.p0i8.i64
_gpgrt_fopenmem->parse_mode
_gpgrt_fopenmem->create_stream
_gpgrt_fopenmem->func_mem_create
_gpgrt_fopenmem->func_mem_destroy
_gpgrt_log_get_fd->_gpgrt_fileno
gpgrt_log_set_prefix->_gpgrt_log_set_prefix
_gpgrt_get_std_stream->_gpgrt__get_std_stream
_gpgrt_opaque_set->lock_stream
_gpgrt_opaque_set->unlock_stream
_gpgrt_opaque_set->es_opaque_ctrl
initialize->_gpgrt_free
initialize->_gpgrt_malloc
initialize->_gpgrt_calloc
initialize->strcmp
initialize->_gpgrt_fname_get
initialize->_gpg_err_code_from_syserror
initialize->_gpgrt_log_error
initialize->_gpgrt_log_bug
initialize->gettext
initialize->my_exit
gpgrt_cmp_version->_gpgrt_cmp_version
gpgrt_fread->_gpgrt_fread
init_stream_lock->_gpgrt_lock_init
init_stream_lock->llvm.memset.p0i8.i64
_gpgrt_strusage->strcmp
_gpgrt_strusage->_gpgrt_strusage
_gpgrt_strusage->map_fixed_string
gpgrt_bsprintf->llvm.va_start
gpgrt_bsprintf->llvm.va_end
gpgrt_bsprintf->_gpgrt_estream_vasprintf
gpgrt_lock_init->_gpgrt_lock_init
_gpgrt_fread->lock_stream
_gpgrt_fread->unlock_stream
_gpgrt_fread->es_readn
_gpgrt_fopenmem_init->__errno_location
_gpgrt_fopenmem_init->_gpgrt_fopenmem
_gpgrt_fopenmem_init->es_writen
_gpgrt_fopenmem_init->_gpgrt_fclose
_gpgrt_fopenmem_init->es_seek
_gpgrt_yield->sched_yield
_gpgrt_yield->_gpgrt_pre_syscall
_gpgrt_yield->_gpgrt_post_syscall
_gpgrt_log_get_stream->fputs
_gpgrt_log_get_stream->_gpgrt_abort
_gpgrt_log_get_stream->_gpgrt_log_set_sink
gpgrt_log_get_prefix->_gpgrt_log_get_prefix
gpgrt_flockfile->_gpgrt_flockfile
ignore_invalid_option_add->_gpgrt_malloc
ignore_invalid_option_add->strcpy
ignore_invalid_option_add->_gpgrt_fgetc
ignore_invalid_option_add->ignore_invalid_option_p
ignore_invalid_option_add->__ctype_b_loc
gpgrt_fnameconcat->llvm.va_start
gpgrt_fnameconcat->llvm.va_end
gpgrt_fnameconcat->_gpgrt_vfnameconcat
gpgrt_fwrite->_gpgrt_fwrite
_gpgrt__pending->lock_stream
_gpgrt__pending->unlock_stream
_gpgrt__pending->_gpgrt__pending_unlocked
do_list_add->lock_list
do_list_add->unlock_list
do_list_add->mem_alloc
writestrings->strlen
writestrings->llvm.va_start
writestrings->llvm.va_end
writestrings->_gpgrt__get_std_stream
writestrings->_gpgrt_fputs
_gpgrt_log_set_sink->__errno_location
_gpgrt_log_set_sink->strerror
_gpgrt_log_set_sink->_gpgrt_fd_valid_p
_gpgrt_log_set_sink->set_file_fd
_gpgrt_log_set_sink->_gpgrt_log_fatal
gpgrt_vbsprintf->_gpgrt_estream_vasprintf
gpgrt_lock_lock->_gpgrt_lock_lock
_gpgrt_fwrite->lock_stream
_gpgrt_fwrite->unlock_stream
_gpgrt_fwrite->es_writen
es_writen->__errno_location
es_writen->es_seek
es_writen->es_write_nbf
es_writen->es_write_lbf
es_writen->es_write_fbf
_gpgrt_log->llvm.va_start
_gpgrt_log->llvm.va_end
_gpgrt_log->_gpgrt_logv_internal
gpgrt_log_test_fd->_gpgrt_log_test_fd
gpgrt_ftrylockfile->_gpgrt_ftrylockfile
_gpgrt_opaque_get->lock_stream
_gpgrt_opaque_get->unlock_stream
_gpgrt_opaque_get->es_opaque_ctrl
_gpgrt_cmp_version->do_cmp_version
ignore_invalid_option_p->strcmp
gpgrt_absfnameconcat->llvm.va_start
gpgrt_absfnameconcat->llvm.va_end
gpgrt_absfnameconcat->_gpgrt_vfnameconcat
gpgrt_fgets->_gpgrt_fgets
deinit_stream_obj->flush_stream
deinit_stream_obj->mem_free
deinit_stream_obj->func_fd_destroy
deinit_stream_obj->func_mem_destroy
deinit_stream_obj->func_fp_destroy
deinit_stream_obj->fun_closer
dump_option_table->_gpgrt_free
dump_option_table->_gpgrt_calloc
dump_option_table->_gpgrt_estream_snprintf
dump_option_table->my_exit
dump_option_table->writestrings
dump_option_table->flushstrings
dump_option_table->qsort
set_file_fd->llvm.memset.p0i8.i64
set_file_fd->__errno_location
set_file_fd->_gpgrt_malloc
set_file_fd->strlen
set_file_fd->strcpy
set_file_fd->strcmp
set_file_fd->open
set_file_fd->strncmp
set_file_fd->_gpgrt_fclose
set_file_fd->_gpgrt_fopencookie
set_file_fd->_gpgrt__get_std_stream
set_file_fd->_gpgrt_fileno
set_file_fd->_gpgrt_setvbuf
gpgrt_snprintf->llvm.va_start
gpgrt_snprintf->llvm.va_end
gpgrt_snprintf->_gpgrt_estream_vsnprintf
gpgrt_lock_trylock->_gpgrt_lock_trylock
_gpgrt_fgets->lock_stream
_gpgrt_fgets->unlock_stream
_gpgrt_fgets->_gpgrt__getc_underflow
_gpgrt_fclose->do_close
_gpg_err_init->real_init
_gpgrt_logv->_gpgrt_logv_internal
gpgrt_log_get_fd->_gpgrt_log_get_fd
gpgrt_funlockfile->_gpgrt_funlockfile
_gpgrt_fname_set->lock_stream
_gpgrt_fname_set->unlock_stream
_gpgrt_fname_set->fname_set_internal
_gpgrt_fpopen_nc->do_fpopen
do_cmp_version->parse_version_string
do_cmp_version->strcmp
trim_spaces->__ctype_b_loc
_gpgrt_fd_valid_p->close
_gpgrt_fd_valid_p->dup
gpgrt_fputs->_gpgrt_fputs
_gpg_strerror->strerror
_gpg_strerror->dgettext
_gpg_strerror->gpg_err_code
_gpg_strerror->msgidxof.43
_gpg_strerror->gpg_err_code_to_errno
_gpgrt_feof->lock_stream
_gpgrt_feof->unlock_stream
_gpgrt_feof->_gpgrt_feof_unlocked
destroy_stream_lock->_gpgrt_lock_destroy
flushstrings->_gpgrt_fflush
flushstrings->_gpgrt__get_std_stream
_gpgrt_log_fatal->_gpgrt_abort
_gpgrt_log_fatal->llvm.va_start
_gpgrt_log_fatal->llvm.va_end
_gpgrt_log_fatal->_gpgrt_logv_internal
gpgrt_vsnprintf->_gpgrt_estream_vsnprintf
gpgrt_lock_unlock->_gpgrt_lock_unlock
_gpgrt_fputs_unlocked->strlen
_gpgrt_fputs_unlocked->es_writen
es_seek->__errno_location
es_seek->flush_stream
es_seek->es_empty
es_seek->func_fd_read
es_seek->func_fd_write
es_seek->func_fd_seek
es_seek->func_mem_read
es_seek->func_mem_write
es_seek->func_mem_seek
es_seek->func_fp_read
es_seek->func_fp_write
es_seek->func_fp_seek
es_seek->fun_writer
real_init->bindtextdomain
real_init->_gpgrt_estream_init
_gpgrt_logv_prefix->_gpgrt_logv_internal
gpgrt_log_get_stream->_gpgrt_log_get_stream
_gpgrt_pending->_gpgrt__pending
_gpgrt_fname_get->lock_stream
_gpgrt_fname_get->unlock_stream
_gpgrt_sysopen->do_sysopen
parse_version_string->parse_version_number
handle_metacmd->strcmp
handle_metacmd->trim_spaces
handle_metacmd->__ctype_b_loc
handle_metacmd->handle_meta_user
handle_metacmd->handle_meta_force
handle_metacmd->handle_meta_ignore
handle_metacmd->handle_meta_verbose
handle_metacmd->handle_meta_echo
_gpgrt_getenv->_gpg_err_set_errno
_gpgrt_getenv->_gpgrt_strdup
_gpgrt_getenv->strchr
_gpgrt_getenv->getenv
gpgrt_fputs_unlocked->_gpgrt_fputs_unlocked
func_fd_read->_gpgrt_yield
func_fd_read->__errno_location
func_fd_read->read
func_fd_read->_gpgrt_pre_syscall
func_fd_read->_gpgrt_post_syscall
_gpgrt_logv_internal->fputs
_gpgrt_logv_internal->llvm.memset.p0i8.i64
_gpgrt_logv_internal->_gpgrt_abort
_gpgrt_logv_internal->strlen
_gpgrt_logv_internal->strchr
_gpgrt_logv_internal->_gpgrt_flockfile
_gpgrt_logv_internal->_gpgrt_funlockfile
_gpgrt_logv_internal->_gpgrt__putc_overflow
_gpgrt_logv_internal->_gpgrt_fputs_unlocked
_gpgrt_logv_internal->_gpgrt_vfprintf_unlocked
_gpgrt_logv_internal->_gpgrt_fprintf_unlocked
_gpgrt_logv_internal->_gpgrt_inc_errorcount
_gpgrt_logv_internal->_gpgrt_log_set_sink
_gpgrt_logv_internal->print_prefix
_gpgrt_logv_internal->exit
gpgrt_realloc->_gpgrt_realloc
gpgrt_lock_destroy->_gpgrt_lock_destroy
_gpgrt_fputs->strlen
_gpgrt_fputs->lock_stream
_gpgrt_fputs->unlock_stream
_gpgrt_fputs->es_writen
do_close->es_empty
do_close->mem_free
do_close->deinit_stream_obj
do_close->destroy_stream_lock
do_close->mem_realloc
do_close->do_list_remove
_gpgrt_log_string->do_log_ignore_arg
gpgrt_log->llvm.va_start
gpgrt_log->llvm.va_end
gpgrt_log->_gpgrt_logv
_gpgrt_pending_unlocked->_gpgrt__pending_unlocked
_gpgrt_write_sanitized->lock_stream
_gpgrt_write_sanitized->unlock_stream
_gpgrt_write_sanitized->strchr
_gpgrt_write_sanitized->_gpgrt_ferror_unlocked
_gpgrt_write_sanitized->_gpgrt__putc_overflow
_gpgrt_write_sanitized->_gpgrt_fprintf_unlocked
do_sysopen->__errno_location
do_sysopen->do_fdopen
gpgrt_getline->_gpgrt_getline
_gpgrt_ferror->lock_stream
_gpgrt_ferror->unlock_stream
_gpgrt_ferror->_gpgrt_ferror_unlocked
func_fd_write->_gpgrt_yield
func_fd_write->__errno_location
func_fd_write->write
func_fd_write->_gpgrt_pre_syscall
func_fd_write->_gpgrt_post_syscall
print_prefix->strlen
print_prefix->_gpgrt__putc_overflow
print_prefix->_gpgrt_fputs_unlocked
print_prefix->_gpgrt_fprintf_unlocked
print_prefix->time
print_prefix->localtime
print_prefix->getpid
gpgrt_reallocarray->_gpgrt_reallocarray
gpgrt_yield->_gpgrt_yield
_gpgrt_getline->llvm.memcpy.p0i8.p0i8.i64
_gpgrt_getline->lock_stream
_gpgrt_getline->unlock_stream
_gpgrt_getline->mem_free
_gpgrt_getline->mem_realloc
_gpgrt_getline->doreadline
do_list_remove->lock_list
do_list_remove->unlock_list
do_list_remove->mem_free
do_log_ignore_arg->llvm.va_start
do_log_ignore_arg->llvm.va_end
do_log_ignore_arg->_gpgrt_logv_internal
gpgrt_logv->_gpgrt_logv
gpgrt_feof->_gpgrt_feof
_gpgrt_write_hexstring->lock_stream
_gpgrt_write_hexstring->unlock_stream
_gpgrt_write_hexstring->_gpgrt_ferror_unlocked
_gpgrt_write_hexstring->_gpgrt__putc_overflow
_gpgrt_sysopen_nc->do_sysopen
_gpgrt_setenv->strchr
_gpgrt_setenv->_gpg_err_code_from_syserror
_gpgrt_setenv->unsetenv
_gpgrt_setenv->setenv
gpgrt_read_line->_gpgrt_read_line
_gpg_strerror_r->llvm.memcpy.p0i8.p0i8.i64
_gpg_strerror_r->strlen
_gpg_strerror_r->dgettext
_gpg_strerror_r->gpg_err_code
_gpg_strerror_r->msgidxof.43
_gpg_strerror_r->system_strerror_r
_gpg_strerror_r->gpg_err_code_to_errno
func_fd_seek->__errno_location
func_fd_seek->lseek
func_fd_seek->_gpgrt_pre_syscall
func_fd_seek->_gpgrt_post_syscall
fmt_string_filter->_gpgrt_free
fmt_string_filter->_gpgrt_malloc
fmt_string_filter->_gpgrt_estream_snprintf
gpgrt_malloc->_gpgrt_malloc
gpgrt_fopen->_gpgrt_fopen
doreadline->llvm.memset.p0i8.i64
doreadline->create_stream
doreadline->mem_free
doreadline->mem_alloc
doreadline->func_mem_create
doreadline->func_mem_destroy
doreadline->es_seek
doreadline->do_close
doreadline->_gpgrt_read
doreadline->_gpgrt_write
doreadline->peek_stream
doreadline->memchr
doreadline->skip_stream
es_write_nbf->__errno_location
es_write_nbf->func_fd_read
es_write_nbf->func_fd_write
es_write_nbf->func_fd_seek
es_write_nbf->func_mem_read
es_write_nbf->func_mem_write
es_write_nbf->func_mem_seek
es_write_nbf->func_fp_read
es_write_nbf->func_fp_write
es_write_nbf->func_fp_seek
es_write_nbf->fun_writer
_gpgrt_add_emergency_cleanup->malloc
_gpgrt_add_emergency_cleanup->_gpgrt_log_fatal
_gpgrt_log_info->llvm.va_start
_gpgrt_log_info->llvm.va_end
_gpgrt_log_info->_gpgrt_logv_internal
gpgrt_logv_prefix->_gpgrt_logv_prefix
gpgrt_feof_unlocked->_gpgrt_feof_unlocked
_gpgrt_estream_format->llvm.memset.p0i8.i64
_gpgrt_estream_format->free
_gpgrt_estream_format->__errno_location
_gpgrt_estream_format->strlen
_gpgrt_estream_format->parse_format
_gpgrt_estream_format->calloc
_gpgrt_estream_format->read_values
_gpgrt_estream_format->do_format
_gpgrt__set_std_fd->lock_list
_gpgrt__set_std_fd->unlock_list
_gpg_error_check_version->_gpgrt_cmp_version
_gpg_error_check_version->cright_blurb
set_opt_arg->__errno_location
set_opt_arg->__ctype_b_loc
set_opt_arg->strtol
set_opt_arg->strtoul
gpgrt_vfprintf->_gpgrt_vfprintf
system_strerror_r->llvm.memcpy.p0i8.p0i8.i64
system_strerror_r->strlen
system_strerror_r->strerror_r
_gpgrt_clearerr->lock_stream
_gpgrt_clearerr->unlock_stream
_gpgrt_clearerr->_gpgrt_clearerr_unlocked
func_fd_destroy->mem_free
func_fd_destroy->close
long_opt_strlen->strlen
long_opt_strlen->is_native_utf8
gpgrt_calloc->_gpgrt_calloc
gpgrt_mopen->_gpgrt_mopen
peek_stream->flush_stream
peek_stream->fill_stream
es_write_lbf->flush_stream
es_write_lbf->es_write_nbf
es_write_lbf->es_write_fbf
es_write_lbf->memrchr
_gpgrt_log_error->llvm.va_start
_gpgrt_log_error->llvm.va_end
_gpgrt_log_error->_gpgrt_logv_internal
gpgrt_log_string->_gpgrt_log_string
gpgrt_ferror->_gpgrt_ferror
parse_format->llvm.memcpy.p0i8.p0i8.i64
parse_format->free
parse_format->__errno_location
parse_format->calloc
parse_format->compute_type
_gpgrt__get_std_stream->_gpgrt_abort
_gpgrt__get_std_stream->__errno_location
_gpgrt__get_std_stream->lock_list
_gpgrt__get_std_stream->unlock_list
_gpgrt__get_std_stream->fname_set_internal
_gpgrt__get_std_stream->do_fdopen
_gpgrt__get_std_stream->do_fpopen
_gpgrt__get_std_stream->strerror
_gpgrt__get_std_stream->fprintf
_gpgrt__get_std_stream->es_set_buffering
gpgrt_vfprintf_unlocked->_gpgrt_vfprintf_unlocked
_gpgrt_fseek->lock_stream
_gpgrt_fseek->unlock_stream
_gpgrt_fseek->es_seek
func_fd_ioctl->__errno_location
func_fd_ioctl->fcntl
is_native_utf8->strcmp
is_native_utf8->_gpgrt_strusage
gpgrt_strdup->_gpgrt_strdup
gpgrt_fopenmem->_gpgrt_fopenmem
es_write_fbf->llvm.memcpy.p0i8.p0i8.i64
es_write_fbf->flush_stream
_gpgrt_abort->run_emergency_cleanup
_gpgrt_abort->abort
_gpgrt_log_bug->_gpgrt_abort
_gpgrt_log_bug->llvm.va_start
_gpgrt_log_bug->llvm.va_end
_gpgrt_log_bug->_gpgrt_logv_internal
gpgrt_log_info->llvm.va_start
gpgrt_log_info->llvm.va_end
gpgrt_log_info->_gpgrt_logv
gpgrt_ferror_unlocked->_gpgrt_ferror_unlocked
_gpgrt_estream_init->atexit
ignore_invalid_option_clear->_gpgrt_free
_gpgrt_mkdir->_gpg_err_code_from_syserror
_gpgrt_mkdir->modestr_to_mode
_gpgrt_mkdir->mkdir
gpgrt_printf->llvm.va_start
gpgrt_printf->llvm.va_end
gpgrt_printf->_gpgrt__get_std_stream
gpgrt_printf->_gpgrt_vfprintf
_gpgrt_fseeko->lock_stream
_gpgrt_fseeko->unlock_stream
_gpgrt_fseeko->es_seek
_gpgrt_argparser->llvm.memcpy.p0i8.p0i8.i64
_gpgrt_argparser->_gpgrt_free
_gpgrt_argparser->__errno_location
_gpgrt_argparser->_gpgrt_malloc
_gpgrt_argparser->_gpgrt_strdup
_gpgrt_argparser->_gpgrt_fopen
_gpgrt_argparser->_gpgrt_fclose
_gpgrt_argparser->strerror
_gpgrt_argparser->_gpgrt_fnameconcat
_gpgrt_argparser->_gpgrt_log_info
_gpgrt_argparser->_gpgrt_log_error
_gpgrt_argparser->_gpgrt_argparse
_gpgrt_argparser->deinitialize
_gpgrt_argparser->arg_parse
_gpgrt_argparser->initialize
_gpgrt_argparser->gpgrt_annotate_leaked_object
_gpgrt_argparser->gettext
_gpgrt_argparser->any_opt_conffile
_gpgrt_argparser->is_twopartfname
_gpgrt_argparser->try_versioned_conffile
_gpgrt_argparser->finish_read_sys
gpgrt_strconcat->_gpgrt_strdup
gpgrt_strconcat->_gpgrt_strconcat_core
gpgrt_strconcat->llvm.va_start
gpgrt_strconcat->llvm.va_end
gpgrt_fopenmem_init->_gpgrt_fopenmem_init
skip_stream->__errno_location
_gpgrt_log_debug->llvm.va_start
_gpgrt_log_debug->llvm.va_end
_gpgrt_log_debug->_gpgrt_logv_internal
gpgrt_log_error->llvm.va_start
gpgrt_log_error->llvm.va_end
gpgrt_log_error->_gpgrt_logv
gpgrt_clearerr->_gpgrt_clearerr
do_deinit->_gpgrt_fflush
do_deinit->_gpgrt_set_syscall_clamp
gpgrt_printf_unlocked->llvm.va_start
gpgrt_printf_unlocked->llvm.va_end
gpgrt_printf_unlocked->_gpgrt__get_std_stream
gpgrt_printf_unlocked->_gpgrt_vfprintf_unlocked
_gpgrt_ftell->lock_stream
_gpgrt_ftell->unlock_stream
_gpgrt_ftell->es_offset_calculate
gpgrt_free->_gpgrt_free
gpgrt_fdopen->_gpgrt_fdopen
_gpgrt_read_line->__errno_location
_gpgrt_read_line->lock_stream
_gpgrt_read_line->unlock_stream
_gpgrt_read_line->mem_free
_gpgrt_read_line->mem_alloc
_gpgrt_read_line->mem_realloc
_gpgrt_read_line->_gpgrt__getc_underflow
_gpgrt_fopencookie->llvm.memset.p0i8.i64
_gpgrt_fopencookie->llvm.memcpy.p0i8.p0i8.i64
_gpgrt_fopencookie->parse_mode
_gpgrt_fopencookie->create_stream
_gpgrt_log_printf->llvm.va_start
_gpgrt_log_printf->llvm.va_end
_gpgrt_log_printf->_gpgrt_logv_internal
gpgrt_log_fatal->_gpgrt_abort
gpgrt_log_fatal->llvm.va_start
gpgrt_log_fatal->llvm.va_end
gpgrt_log_fatal->_gpgrt_logv
gpgrt_clearerr_unlocked->_gpgrt_clearerr_unlocked
do_format->llvm.memcpy.p0i8.p0i8.i64
do_format->strerror
do_format->print_writer
do_format->pr_integer
do_format->pr_float
do_format->pr_char
do_format->pr_string
do_format->pr_pointer
do_format->pr_bytes_so_far
do_format->fixed_buffer_out
do_format->dynamic_buffer_out
do_format->_gpgrt__log_assert
es_set_buffering->flush_stream
es_set_buffering->es_empty
es_set_buffering->mem_free
es_set_buffering->mem_alloc
gpgrt_fprintf->llvm.va_start
gpgrt_fprintf->llvm.va_end
gpgrt_fprintf->_gpgrt_vfprintf
_gpg_err_code_from_syserror->__errno_location
is_twopartfname->strchr
is_twopartfname->is_absfname
fun_writer->llvm.memset.p0i8.i64
fun_writer->_gpg_err_set_errno
fun_writer->_gpgrt_free
fun_writer->__errno_location
fun_writer->_gpgrt_malloc
fun_writer->strlen
fun_writer->strcpy
fun_writer->close
fun_writer->strncmp
fun_writer->strchr
fun_writer->_gpgrt__get_std_stream
fun_writer->strerror
fun_writer->_gpgrt_fileno
fun_writer->_gpgrt_fprintf
fun_writer->strncpy
fun_writer->strcat
fun_writer->parse_portno
fun_writer->htons
fun_writer->inet_addr
fun_writer->socket
fun_writer->isatty
fun_writer->connect
fun_writer->writen
gpgrt_getenv->_gpgrt_getenv
gpgrt_fdopen_nc->_gpgrt_fdopen_nc
_gpgrt_vfprintf_unlocked->do_print_stream
_gpgrt_fdopen->do_fdopen
_gpgrt_log_flush->do_log_ignore_arg
gpgrt_log_bug->_gpgrt_abort
gpgrt_log_bug->llvm.va_start
gpgrt_log_bug->llvm.va_end
gpgrt_log_bug->_gpgrt_logv
gpgrt_fflush->_gpgrt_fflush
pr_integer->print_writer
pr_integer->pad_out
pr_integer->nl_langinfo
pr_integer->fixed_buffer_out
pr_integer->dynamic_buffer_out
_gpgrt_freopen->__errno_location
_gpgrt_freopen->lock_stream
_gpgrt_freopen->unlock_stream
_gpgrt_freopen->parse_mode
_gpgrt_freopen->func_file_create
_gpgrt_freopen->fname_set_internal
_gpgrt_freopen->init_stream_obj
_gpgrt_freopen->deinit_stream_obj
_gpgrt_freopen->func_fd_destroy
_gpgrt_freopen->do_close
_gpgrt_fflush->lock_stream
_gpgrt_fflush->do_fflush
_gpgrt_fflush->unlock_stream
_gpgrt_fflush->lock_list
_gpgrt_fflush->unlock_list
_gpgrt_chdir->_gpg_err_code_from_syserror
_gpgrt_chdir->chdir
gpgrt_fprintf_unlocked->llvm.va_start
gpgrt_fprintf_unlocked->llvm.va_end
gpgrt_fprintf_unlocked->_gpgrt_vfprintf_unlocked
gpg_err_init->_gpg_err_init
_gpgrt_ftello->lock_stream
_gpgrt_ftello->unlock_stream
_gpgrt_ftello->es_offset_calculate
try_versioned_conffile->_gpgrt_free
try_versioned_conffile->strlen
try_versioned_conffile->_gpgrt_strconcat
try_versioned_conffile->_gpgrt_strusage
try_versioned_conffile->access
fun_closer->_gpgrt_free
fun_closer->close
gpgrt_setenv->_gpgrt_setenv
gpgrt_sysopen->_gpgrt_sysopen
do_print_stream->_gpgrt_estream_format
do_fdopen->__errno_location
do_fdopen->parse_mode
do_fdopen->create_stream
do_fdopen->func_fd_destroy
do_fdopen->func_fd_ioctl
do_fdopen->func_mem_ioctl
do_fdopen->func_fd_create
_gpgrt_realloc->malloc
_gpgrt_realloc->free
_gpgrt_realloc->realloc
_gpgrt_logv_printhex->_gpgrt_logv_internal
_gpgrt_logv_printhex->_gpgrt_log_debug
_gpgrt_logv_printhex->_gpgrt_log_printf
gpgrt_log_debug->llvm.va_start
gpgrt_log_debug->llvm.va_end
gpgrt_log_debug->_gpgrt_logv
gpgrt_fseek->_gpgrt_fseek
pr_float->strlen
pr_float->print_writer
pr_float->pad_out
pr_float->sprintf
pr_float->fixed_buffer_out
pr_float->dynamic_buffer_out
_gpgrt_fcancel->do_close
lock_stream->_gpgrt_lock_lock
handle_meta_user->assure_username
handle_meta_user->strcasecmp
gpgrt_fprintf_sf->llvm.va_start
gpgrt_fprintf_sf->llvm.va_end
gpgrt_fprintf_sf->_gpgrt_vfprintf
gpg_strerror->_gpg_strerror
_gpgrt_rewind->lock_stream
_gpgrt_rewind->unlock_stream
_gpgrt_rewind->es_seek
