gdCtxPrintf->llvm.va_start
gdCtxPrintf->vsnprintf
gdCtxPrintf->llvm.va_end
gdImageXbmCtx->strrchr
gdImageXbmCtx->strrchr
gdImageXbmCtx->strdup
gdImageXbmCtx->strrchr
gdImageXbmCtx->strcasecmp
gdImageXbmCtx->strlen
gdImageXbmCtx->free
gdImageXbmCtx->strdup
gdImageXbmCtx->__ctype_b_loc
gdImageXbmCtx->__ctype_b_loc
gdImageXbmCtx->__ctype_b_loc
gdImageXbmCtx->strlen
gdImageXbmCtx->gdCtxPrintf
gdImageXbmCtx->strlen
gdImageXbmCtx->gdCtxPrintf
gdImageXbmCtx->strlen
gdImageXbmCtx->free
gdImageXbmCtx->gdImageGetPixel
gdImageXbmCtx->gdCtxPrintf
gdImageCreateFromXbm->rewind
gdImageCreateFromXbm->fgets
gdImageCreateFromXbm->strlen
gdImageCreateFromXbm->__isoc99_sscanf
gdImageCreateFromXbm->strrchr
gdImageCreateFromXbm->strcmp
gdImageCreateFromXbm->strcmp
gdImageCreateFromXbm->__isoc99_sscanf
gdImageCreateFromXbm->__isoc99_sscanf
gdImageCreateFromXbm->__isoc99_sscanf
gdImageCreateFromXbm->__isoc99_sscanf
gdImageCreateFromXbm->strrchr
gdImageCreateFromXbm->strcmp
gdImageCreateFromXbm->gdImageCreate
gdImageCreateFromXbm->gdImageColorAllocate
gdImageCreateFromXbm->gdImageColorAllocate
gdImageCreateFromXbm->_IO_getc
gdImageCreateFromXbm->_IO_getc
gdImageCreateFromXbm->_IO_getc
gdImageCreateFromXbm->_IO_getc
gdImageCreateFromXbm->_IO_getc
gdImageCreateFromXbm->__isoc99_sscanf
gdImageCreateFromXbm->gd_error
gdImageCreateFromXbm->gdImageDestroy
gdImageCreateFromXbm->gdImageSetPixel
gdImageCreateFromXbm->gd_error
gdImageCreateFromXbm->gdImageDestroy
printwbmp->putchar
printwbmp->putchar
printwbmp->putchar
freewbmp->gdFree
freewbmp->gdFree
writewbmp->putmbi
writewbmp->putmbi
writewbmp->gd_putout
writewbmp->gd_putout
writewbmp->gd_putout
writewbmp->gd_putout
readwbmp->gdMalloc
readwbmp->gdFree
readwbmp->skipheader
readwbmp->gdFree
readwbmp->getmbi
readwbmp->gdFree
readwbmp->getmbi
readwbmp->gdFree
readwbmp->overflow2
readwbmp->overflow2
readwbmp->gdFree
readwbmp->gdMalloc
readwbmp->gdFree
readwbmp->gd_getin
readwbmp->gd_getin
createwbmp->gdMalloc
createwbmp->overflow2
createwbmp->gdFree
createwbmp->overflow2
createwbmp->gdFree
createwbmp->gdMalloc
createwbmp->gdFree
skipheader->gd_getin
putmbi->gd_putout
putmbi->gd_putout
getmbi->gd_getin
gdImageCreateFromXpm->gd_error_ex
han2zen->llvm.memcpy.p0i8.p0i8.i64
do_convert->strcmp
do_convert->strcmp
do_convert->strcmp
do_convert->SJIStoJIS
do_convert->gd_error
do_convert->gd_error
do_convert->strcpy
DetectKanjiCode->getenv
DetectKanjiCode->getenv
DetectKanjiCode->getenv
DetectKanjiCode->getenv
DetectKanjiCode->getenv
DetectKanjiCode->getenv
DetectKanjiCode->strcmp
DetectKanjiCode->strcmp
DetectKanjiCode->strcmp
DetectKanjiCode->strncmp
do_check_and_conv->DetectKanjiCode
do_check_and_conv->gd_error_ex
do_check_and_conv->do_convert
do_check_and_conv->gd_error_ex
do_check_and_conv->do_convert
do_check_and_conv->gd_error_ex
do_check_and_conv->do_convert
do_check_and_conv->gd_error_ex
do_check_and_conv->gd_error
do_check_and_conv->strcpy
do_check_and_conv->gd_error_ex
do_check_and_conv->strcpy
do_check_and_conv->gd_error_ex
do_check_and_conv->do_convert
do_check_and_conv->gd_error_ex
do_check_and_conv->strcpy
do_check_and_conv->gd_error_ex
do_check_and_conv->strcpy
do_check_and_conv->gd_error_ex
do_check_and_conv->strcpy
do_check_and_conv->han2zen
do_check_and_conv->SJIStoJIS
do_check_and_conv->gd_error
do_check_and_conv->strcpy
do_check_and_conv->strcpy
any2eucjp->strlen
any2eucjp->gd_error
any2eucjp->gd_error
any2eucjp->do_check_and_conv
any2eucjp->strlen
any2eucjp->gd_error
any2eucjp->strcpy
any2eucjp->strcpy
gdFree->free
gdReallocEx->gdRealloc
gdReallocEx->gdFree
gdRealloc->realloc
gdMalloc->malloc
gdCalloc->calloc
gd_strtok_r->llvm.memset.p0i8.i64
gdImageStringTTF->gdImageStringFT
gdImageWBMPPtr->gdNewDynamicCtx
gdImageWBMPPtr->_gdImageWBMPCtx
gdImageWBMPPtr->gdDPExtractData
gdImageWBMPPtr->dynamicGetchar
gdImageWBMPPtr->dynamicTell
gdImageWBMPPtr->gdFreeDynamicCtx
gdImageWBMPPtr->filter_bell
gdImageWBMPPtr->filter_bessel
gdImageWBMPPtr->filter_bicubic
gdImageWBMPPtr->filter_blackman
gdImageWBMPPtr->filter_box
gdImageWBMPPtr->filter_bspline
gdImageWBMPPtr->filter_catmullrom
gdImageWBMPPtr->filter_gaussian
gdImageWBMPPtr->filter_generalized_cubic
gdImageWBMPPtr->filter_hermite
gdImageWBMPPtr->filter_hamming
gdImageWBMPPtr->filter_hanning
gdImageWBMPPtr->filter_mitchell
gdImageWBMPPtr->filter_power
gdImageWBMPPtr->filter_quadratic
gdImageWBMPPtr->filter_sinc
gdImageWBMPPtr->filter_triangle
gdImageWBMPPtr->fileGetchar
gdImageWBMPPtr->fileTell
gdImageWBMPPtr->gdFreeFileCtx
gdImageWBMPPtr->sourceGetchar
gdImageWBMPPtr->gdFreeSsCtx
gdImageWBMP->gdNewFileCtx
gdImageWBMP->gdImageWBMPCtx
gdImageWBMP->dynamicGetchar
gdImageWBMP->dynamicTell
gdImageWBMP->gdFreeDynamicCtx
gdImageWBMP->filter_bell
gdImageWBMP->filter_bessel
gdImageWBMP->filter_bicubic
gdImageWBMP->filter_blackman
gdImageWBMP->filter_box
gdImageWBMP->filter_bspline
gdImageWBMP->filter_catmullrom
gdImageWBMP->filter_gaussian
gdImageWBMP->filter_generalized_cubic
gdImageWBMP->filter_hermite
gdImageWBMP->filter_hamming
gdImageWBMP->filter_hanning
gdImageWBMP->filter_mitchell
gdImageWBMP->filter_power
gdImageWBMP->filter_quadratic
gdImageWBMP->filter_sinc
gdImageWBMP->filter_triangle
gdImageWBMP->fileGetchar
gdImageWBMP->fileTell
gdImageWBMP->gdFreeFileCtx
gdImageWBMP->sourceGetchar
gdImageWBMP->gdFreeSsCtx
gdImageCreateFromWBMPPtr->gdNewDynamicCtxEx
gdImageCreateFromWBMPPtr->gdImageCreateFromWBMPCtx
gdImageCreateFromWBMPPtr->dynamicGetchar
gdImageCreateFromWBMPPtr->dynamicTell
gdImageCreateFromWBMPPtr->gdFreeDynamicCtx
gdImageCreateFromWBMPPtr->filter_bell
gdImageCreateFromWBMPPtr->filter_bessel
gdImageCreateFromWBMPPtr->filter_bicubic
gdImageCreateFromWBMPPtr->filter_blackman
gdImageCreateFromWBMPPtr->filter_box
gdImageCreateFromWBMPPtr->filter_bspline
gdImageCreateFromWBMPPtr->filter_catmullrom
gdImageCreateFromWBMPPtr->filter_gaussian
gdImageCreateFromWBMPPtr->filter_generalized_cubic
gdImageCreateFromWBMPPtr->filter_hermite
gdImageCreateFromWBMPPtr->filter_hamming
gdImageCreateFromWBMPPtr->filter_hanning
gdImageCreateFromWBMPPtr->filter_mitchell
gdImageCreateFromWBMPPtr->filter_power
gdImageCreateFromWBMPPtr->filter_quadratic
gdImageCreateFromWBMPPtr->filter_sinc
gdImageCreateFromWBMPPtr->filter_triangle
gdImageCreateFromWBMPPtr->fileGetchar
gdImageCreateFromWBMPPtr->fileTell
gdImageCreateFromWBMPPtr->gdFreeFileCtx
gdImageCreateFromWBMPPtr->sourceGetchar
gdImageCreateFromWBMPPtr->gdFreeSsCtx
gdImageCreateFromWBMP->gdNewFileCtx
gdImageCreateFromWBMP->gdImageCreateFromWBMPCtx
gdImageCreateFromWBMP->dynamicGetchar
gdImageCreateFromWBMP->dynamicTell
gdImageCreateFromWBMP->gdFreeDynamicCtx
gdImageCreateFromWBMP->filter_bell
gdImageCreateFromWBMP->filter_bessel
gdImageCreateFromWBMP->filter_bicubic
gdImageCreateFromWBMP->filter_blackman
gdImageCreateFromWBMP->filter_box
gdImageCreateFromWBMP->filter_bspline
gdImageCreateFromWBMP->filter_catmullrom
gdImageCreateFromWBMP->filter_gaussian
gdImageCreateFromWBMP->filter_generalized_cubic
gdImageCreateFromWBMP->filter_hermite
gdImageCreateFromWBMP->filter_hamming
gdImageCreateFromWBMP->filter_hanning
gdImageCreateFromWBMP->filter_mitchell
gdImageCreateFromWBMP->filter_power
gdImageCreateFromWBMP->filter_quadratic
gdImageCreateFromWBMP->filter_sinc
gdImageCreateFromWBMP->filter_triangle
gdImageCreateFromWBMP->fileGetchar
gdImageCreateFromWBMP->fileTell
gdImageCreateFromWBMP->gdFreeFileCtx
gdImageCreateFromWBMP->sourceGetchar
gdImageCreateFromWBMP->gdFreeSsCtx
gdImageCreateFromWBMPCtx->readwbmp
gdImageCreateFromWBMPCtx->gdImageCreate
gdImageCreateFromWBMPCtx->freewbmp
gdImageCreateFromWBMPCtx->gdImageColorAllocate
gdImageCreateFromWBMPCtx->gdImageColorAllocate
gdImageCreateFromWBMPCtx->gdImageSetPixel
gdImageCreateFromWBMPCtx->gdImageSetPixel
gdImageCreateFromWBMPCtx->freewbmp
_gdImageWBMPCtx->createwbmp
_gdImageWBMPCtx->gd_error
_gdImageWBMPCtx->gdImageGetPixel
_gdImageWBMPCtx->writewbmp
_gdImageWBMPCtx->freewbmp
gdImageWBMPCtx->_gdImageWBMPCtx
gd_getin->gdGetC
gd_putout->gdPutC
gdImageTrueColorToPalette->gdImageTrueColorToPaletteBody
median_cut->find_biggest_color_pop
median_cut->find_biggest_volume
median_cut->update_box
median_cut->update_box
fill_inverse_cmap->find_nearby_colors
fill_inverse_cmap->find_best_colors
free_truecolor_image_data->gdFree
free_truecolor_image_data->gdFree
pass2_no_dither->fill_inverse_cmap
pass2_fs_dither->fill_inverse_cmap
select_colors->overflow2
select_colors->gdMalloc
select_colors->update_box
select_colors->median_cut
select_colors->compute_color
select_colors->gdFree
zeroHistogram->llvm.memset.p0i8.i64
init_error_limit->gdMalloc
gdImageTrueColorToPaletteBody->gdImageCreate
gdImageTrueColorToPaletteBody->gdImageCopy
gdImageTrueColorToPaletteBody->gdCalloc
gdImageTrueColorToPaletteBody->gdCalloc
gdImageTrueColorToPaletteBody->gdImageDestroy
gdImageTrueColorToPaletteBody->gdImageNeuQuant
gdImageTrueColorToPaletteBody->gdImageCopy
gdImageTrueColorToPaletteBody->gdImageDestroy
gdImageTrueColorToPaletteBody->gdCalloc
gdImageTrueColorToPaletteBody->gdMalloc
gdImageTrueColorToPaletteBody->gdMalloc
gdImageTrueColorToPaletteBody->gdMalloc
gdImageTrueColorToPaletteBody->init_error_limit
gdImageTrueColorToPaletteBody->gdReallocEx
gdImageTrueColorToPaletteBody->llvm.memset.p0i8.i64
gdImageTrueColorToPaletteBody->zeroHistogram
gdImageTrueColorToPaletteBody->prescan_quantize
gdImageTrueColorToPaletteBody->select_colors
gdImageTrueColorToPaletteBody->zeroHistogram
gdImageTrueColorToPaletteBody->pass2_fs_dither
gdImageTrueColorToPaletteBody->pass2_no_dither
gdImageTrueColorToPaletteBody->free_truecolor_image_data
gdImageTrueColorToPaletteBody->gdFree
gdImageTrueColorToPaletteBody->gdFree
gdImageTrueColorToPaletteBody->gdImageDestroy
gdImageTrueColorToPaletteBody->gdFree
gdImageTrueColorToPaletteBody->gdFree
gdImageTrueColorToPaletteBody->gdFree
gdImageTrueColorToPaletteBody->gdFree
gdImageTrueColorToPaletteBody->gdFree
gdImageCreatePaletteFromTrueColor->gdImageTrueColorToPaletteBody
gdImageCreateFromPngSource->gd_error
gdImagePngToSink->gd_error
gdImageCreateFromTgaPtr->gdNewDynamicCtxEx
gdImageCreateFromTgaPtr->gdImageCreateFromTgaCtx
gdImageCreateFromTgaPtr->dynamicGetchar
gdImageCreateFromTgaPtr->dynamicTell
gdImageCreateFromTgaPtr->gdFreeDynamicCtx
gdImageCreateFromTgaPtr->filter_bell
gdImageCreateFromTgaPtr->filter_bessel
gdImageCreateFromTgaPtr->filter_bicubic
gdImageCreateFromTgaPtr->filter_blackman
gdImageCreateFromTgaPtr->filter_box
gdImageCreateFromTgaPtr->filter_bspline
gdImageCreateFromTgaPtr->filter_catmullrom
gdImageCreateFromTgaPtr->filter_gaussian
gdImageCreateFromTgaPtr->filter_generalized_cubic
gdImageCreateFromTgaPtr->filter_hermite
gdImageCreateFromTgaPtr->filter_hamming
gdImageCreateFromTgaPtr->filter_hanning
gdImageCreateFromTgaPtr->filter_mitchell
gdImageCreateFromTgaPtr->filter_power
gdImageCreateFromTgaPtr->filter_quadratic
gdImageCreateFromTgaPtr->filter_sinc
gdImageCreateFromTgaPtr->filter_triangle
gdImageCreateFromTgaPtr->fileGetchar
gdImageCreateFromTgaPtr->fileTell
gdImageCreateFromTgaPtr->gdFreeFileCtx
gdImageCreateFromTgaPtr->sourceGetchar
gdImageCreateFromTgaPtr->gdFreeSsCtx
read_image_tga->overflow2
read_image_tga->overflow2
read_image_tga->overflow2
read_image_tga->gdMalloc
read_image_tga->gdMalloc
read_image_tga->gdFree
read_image_tga->gdGetBuf
read_image_tga->gd_error
read_image_tga->gdFree
read_image_tga->gdFree
read_image_tga->gdMalloc
read_image_tga->gdFree
read_image_tga->gdMalloc
read_image_tga->gd_error
read_image_tga->gdFree
read_image_tga->gdFree
read_image_tga->gdGetBuf
read_image_tga->gdFree
read_image_tga->gdFree
read_image_tga->gdFree
read_image_tga->gdFree
read_image_tga->gdFree
read_image_tga->gdFree
read_image_tga->llvm.memcpy.p0i8.p0i8.i64
read_image_tga->gdFree
read_image_tga->gdFree
read_image_tga->llvm.memcpy.p0i8.p0i8.i64
read_image_tga->gdFree
read_image_tga->gdFree
free_tga->gdFree
free_tga->gdFree
free_tga->gdFree
read_header_tga->gdGetBuf
read_header_tga->gd_error
read_header_tga->gd_error_ex
read_header_tga->gdMalloc
read_header_tga->gdGetBuf
gdImageCreateFromTgaCtx->gdMalloc
gdImageCreateFromTgaCtx->read_header_tga
gdImageCreateFromTgaCtx->free_tga
gdImageCreateFromTgaCtx->read_image_tga
gdImageCreateFromTgaCtx->free_tga
gdImageCreateFromTgaCtx->gdImageCreateTrueColor
gdImageCreateFromTgaCtx->free_tga
gdImageCreateFromTgaCtx->gdImageAlphaBlending
gdImageCreateFromTgaCtx->gdImageSaveAlpha
gdImageCreateFromTgaCtx->gdImageFlipBoth
gdImageCreateFromTgaCtx->gdImageFlipVertical
gdImageCreateFromTgaCtx->gdImageFlipHorizontal
gdImageCreateFromTgaCtx->free_tga
gdImageCreateFromTga->gdNewFileCtx
gdImageCreateFromTga->gdImageCreateFromTgaCtx
gdImageCreateFromTga->dynamicGetchar
gdImageCreateFromTga->dynamicTell
gdImageCreateFromTga->gdFreeDynamicCtx
gdImageCreateFromTga->filter_bell
gdImageCreateFromTga->filter_bessel
gdImageCreateFromTga->filter_bicubic
gdImageCreateFromTga->filter_blackman
gdImageCreateFromTga->filter_box
gdImageCreateFromTga->filter_bspline
gdImageCreateFromTga->filter_catmullrom
gdImageCreateFromTga->filter_gaussian
gdImageCreateFromTga->filter_generalized_cubic
gdImageCreateFromTga->filter_hermite
gdImageCreateFromTga->filter_hamming
gdImageCreateFromTga->filter_hanning
gdImageCreateFromTga->filter_mitchell
gdImageCreateFromTga->filter_power
gdImageCreateFromTga->filter_quadratic
gdImageCreateFromTga->filter_sinc
gdImageCreateFromTga->filter_triangle
gdImageCreateFromTga->fileGetchar
gdImageCreateFromTga->fileTell
gdImageCreateFromTga->gdFreeFileCtx
gdImageCreateFromTga->sourceGetchar
gdImageCreateFromTga->gdFreeSsCtx
gdImageRotate->gdImageRotate90
gdImageRotate->gdImageRotate180
gdImageRotate->gdImageRotate270
gdImageRotate->gdImageRotate90
gdImageRotate->gdImageRotate180
gdImageRotate->gdImageRotate270
gdImageRotate->gdImageRotate45
gdImageRotate->gdImageRotate45
gdImageRotate->gdImageDestroy
gdImageRotate45->sin
gdImageRotate45->tan
gdImageRotate45->llvm.fabs.f64
gdImageRotate45->gdImageCreateTrueColor
gdImageRotate45->gdImageAlphaBlending
gdImageRotate45->gdImageCopy
gdImageRotate45->gdImagePaletteCopy
gdImageRotate45->llvm.floor.f64
gdImageRotate45->gdImageSkewX
gdImageRotate45->llvm.fabs.f64
gdImageRotate45->cos
gdImageRotate45->gdImageCreateTrueColor
gdImageRotate45->gdImageDestroy
gdImageRotate45->gdImageAlphaBlending
gdImageRotate45->llvm.floor.f64
gdImageRotate45->gdImageSkewY
gdImageRotate45->gdImageDestroy
gdImageRotate45->llvm.fabs.f64
gdImageRotate45->cos
gdImageRotate45->gdImageCreateTrueColor
gdImageRotate45->gdImageDestroy
gdImageRotate45->gdImageAlphaBlending
gdImageRotate45->llvm.floor.f64
gdImageRotate45->gdImageSkewX
gdImageRotate45->gdImageDestroy
gdImageRotate270->gdImageCreateTrueColor
gdImageRotate270->gdImagePaletteCopy
gdImageRotate270->gdImageSetPixel
gdImageRotate270->gdImageSetPixel
gdImageRotate270->gdImageGetTrueColorPixel
gdImageRotate270->gdImageGetPixel
gdImageRotate180->gdImageCreateTrueColor
gdImageRotate180->gdImagePaletteCopy
gdImageRotate180->gdImageSetPixel
gdImageRotate180->gdImageSetPixel
gdImageRotate180->gdImageGetTrueColorPixel
gdImageRotate180->gdImageGetPixel
gdImageRotate90->gdImageCreateTrueColor
gdImageRotate90->gdImagePaletteCopy
gdImageRotate90->gdImageSetPixel
gdImageRotate90->gdImageSetPixel
gdImageRotate90->gdImageGetTrueColorPixel
gdImageRotate90->gdImageGetPixel
gdImageSkewY->gdImageSetPixel
gdImageSkewY->gdImageColorAllocateAlpha
gdImageSkewY->gdImageColorAllocateAlpha
gdImageSkewY->gdImageColorClosestAlpha
gdImageSkewY->gdImageColorAllocateAlpha
gdImageSkewY->gdImageColorClosestAlpha
gdImageSkewY->gdImageSetPixel
gdImageSkewY->gdImageSetPixel
gdImageSkewY->gdImageSetPixel
gdImageSkewY->gdImageGetTrueColorPixel
gdImageSkewY->gdImageGetPixel
gdImageSkewX->gdImageSetPixel
gdImageSkewX->gdImageSetPixel
gdImageSkewX->gdImageColorAllocateAlpha
gdImageSkewX->gdImageColorClosestAlpha
gdImageSkewX->gdImageColorAllocateAlpha
gdImageSkewX->gdImageColorClosestAlpha
gdImageSkewX->gdImageSetPixel
gdImageSkewX->gdImageSetPixel
gdImageSkewX->gdImageSetPixel
gdImageSkewX->gdImageSetPixel
gdImageSkewX->gdImageGetTrueColorPixel
gdImageSkewX->gdImageGetPixel
gdImageNeuQuant->overflow2
gdImageNeuQuant->overflow2
gdImageNeuQuant->gdMalloc
gdImageNeuQuant->gdMalloc
gdImageNeuQuant->initnet
gdImageNeuQuant->learn
gdImageNeuQuant->unbiasnet
gdImageNeuQuant->getcolormap
gdImageNeuQuant->inxbuild
gdImageNeuQuant->gd_error
gdImageNeuQuant->gdImageCreate
gdImageNeuQuant->inxsearch
gdImageNeuQuant->gdFree
gdImageNeuQuant->gdFree
learn->gd_error_ex
learn->contest
learn->altersingle
learn->alterneigh
learn->gd_error_ex
writecolourmap->_IO_putc
initnet->llvm.memset.p0i8.i64
gdAffineEqual->llvm.fabs.f64
gdAffineEqual->llvm.fabs.f64
gdAffineEqual->llvm.fabs.f64
gdAffineEqual->llvm.fabs.f64
gdAffineEqual->llvm.fabs.f64
gdAffineEqual->llvm.fabs.f64
gdAffineRectilinear->llvm.fabs.f64
gdAffineRectilinear->llvm.fabs.f64
gdAffineRectilinear->llvm.fabs.f64
gdAffineRectilinear->llvm.fabs.f64
gdAffineExpansion->llvm.fabs.f64
gdAffineExpansion->sqrt
gdAffineShearVertical->tan
gdAffineShearHorizontal->tan
gdAffineRotate->sin
gdAffineRotate->cos
gdFreeSsCtx->gdFree
sinkPutbuf->dynamicGetbuf
sinkPutbuf->dynamicPutbuf
sinkPutbuf->fileGetbuf
sinkPutbuf->filePutbuf
sinkPutbuf->sourceGetbuf
sinkPutbuf->sinkPutbuf
sinkPutchar->sinkPutbuf
sourceGetbuf->dynamicGetbuf
sourceGetbuf->dynamicPutbuf
sourceGetbuf->fileGetbuf
sourceGetbuf->filePutbuf
sourceGetbuf->sourceGetbuf
sourceGetbuf->sinkPutbuf
sourceGetchar->sourceGetbuf
gdNewSSCtx->gdMalloc
gdImageMeanRemoval->llvm.memcpy.p0i8.p0i8.i64
gdImageMeanRemoval->gdImageConvolution
gdImageEmboss->llvm.memset.p0i8.i64
gdImageEmboss->gdImageConvolution
gdImageGaussianBlur->llvm.memcpy.p0i8.p0i8.i64
gdImageGaussianBlur->gdImageConvolution
gdImageEdgeDetectQuick->llvm.memset.p0i8.i64
gdImageEdgeDetectQuick->gdImageConvolution
gdImageSelectiveBlur->gdImageCreateTrueColor
gdImageSelectiveBlur->gdImageCopy
gdImageSelectiveBlur->gdImageColorAllocateAlpha
gdImageSelectiveBlur->gdImageColorClosestAlpha
gdImageSelectiveBlur->gdImageSetPixel
gdImageSelectiveBlur->gdImageDestroy
gdImageSelectiveBlur->gdImageGetTrueColorPixel
gdImageSelectiveBlur->gdImageGetPixel
gdImageSelectiveBlur->gdImageGetTrueColorPixel
gdImageSelectiveBlur->gdImageGetPixel
gdImageSelectiveBlur->gdImageGetTrueColorPixel
gdImageSelectiveBlur->gdImageGetPixel
gdImageConvolution->gdImageCreateTrueColor
gdImageConvolution->gdImageSaveAlpha
gdImageConvolution->gdImageColorAllocateAlpha
gdImageConvolution->gdImageFill
gdImageConvolution->gdImageCopy
gdImageConvolution->gdImageColorAllocateAlpha
gdImageConvolution->gdImageColorClosestAlpha
gdImageConvolution->gdImageSetPixel
gdImageConvolution->gdImageDestroy
gdImageConvolution->gdImageGetTrueColorPixel
gdImageConvolution->gdImageGetPixel
gdImageColor->gdImageColorAllocateAlpha
gdImageColor->gdImageColorClosestAlpha
gdImageColor->gdImageSetPixel
gdImageColor->gdImageGetTrueColorPixel
gdImageColor->gdImageGetPixel
gdImageContrast->gdImageColorAllocateAlpha
gdImageContrast->gdImageColorClosestAlpha
gdImageContrast->gdImageSetPixel
gdImageContrast->gdImageGetTrueColorPixel
gdImageContrast->gdImageGetPixel
gdImageBrightness->gdImageColorAllocateAlpha
gdImageBrightness->gdImageColorClosestAlpha
gdImageBrightness->gdImageSetPixel
gdImageBrightness->gdImageGetTrueColorPixel
gdImageBrightness->gdImageGetPixel
gdImageGrayScale->gdImageColorAllocateAlpha
gdImageGrayScale->gdImageColorClosestAlpha
gdImageGrayScale->gdImageSetPixel
gdImageGrayScale->gdImageGetTrueColorPixel
gdImageGrayScale->gdImageGetPixel
gdImageNegate->gdImageColorAllocateAlpha
gdImageNegate->gdImageColorClosestAlpha
gdImageNegate->gdImageSetPixel
gdImageNegate->gdImageGetTrueColorPixel
gdImageNegate->gdImageGetPixel
gdImagePixelate->gdImageBoundsSafe
gdImagePixelate->gdImageGetPixel
gdImagePixelate->gdImageFilledRectangle
gdImagePixelate->gdImageBoundsSafe
gdImagePixelate->gdImageGetPixel
gdImagePixelate->gdImageColorResolveAlpha
gdImagePixelate->gdImageFilledRectangle
gdImageScatterColor->time
gdImageScatterColor->getpid
gdImageScatterColor->gdImageScatterEx
gdImageScatterEx->srand
gdImageScatterEx->rand
gdImageScatterEx->rand
gdImageScatterEx->gdImageBoundsSafe
gdImageScatterEx->gdImageGetPixel
gdImageScatterEx->gdImageGetPixel
gdImageScatterEx->gdImageSetPixel
gdImageScatterEx->gdImageSetPixel
gdImageScatterEx->rand
gdImageScatterEx->rand
gdImageScatterEx->gdImageBoundsSafe
gdImageScatterEx->gdImageGetPixel
gdImageScatterEx->gdImageGetPixel
gdImageScatterEx->gdImageSetPixel
gdImageScatterEx->gdImageSetPixel
gdImageScatter->time
gdImageScatter->getpid
gdImageScatter->gdImageScatterEx
gdImageCreateFromBmpPtr->gdNewDynamicCtxEx
gdImageCreateFromBmpPtr->gdImageCreateFromBmpCtx
gdImageCreateFromBmpPtr->dynamicGetchar
gdImageCreateFromBmpPtr->dynamicTell
gdImageCreateFromBmpPtr->gdFreeDynamicCtx
gdImageCreateFromBmpPtr->filter_bell
gdImageCreateFromBmpPtr->filter_bessel
gdImageCreateFromBmpPtr->filter_bicubic
gdImageCreateFromBmpPtr->filter_blackman
gdImageCreateFromBmpPtr->filter_box
gdImageCreateFromBmpPtr->filter_bspline
gdImageCreateFromBmpPtr->filter_catmullrom
gdImageCreateFromBmpPtr->filter_gaussian
gdImageCreateFromBmpPtr->filter_generalized_cubic
gdImageCreateFromBmpPtr->filter_hermite
gdImageCreateFromBmpPtr->filter_hamming
gdImageCreateFromBmpPtr->filter_hanning
gdImageCreateFromBmpPtr->filter_mitchell
gdImageCreateFromBmpPtr->filter_power
gdImageCreateFromBmpPtr->filter_quadratic
gdImageCreateFromBmpPtr->filter_sinc
gdImageCreateFromBmpPtr->filter_triangle
gdImageCreateFromBmpPtr->fileGetchar
gdImageCreateFromBmpPtr->fileTell
gdImageCreateFromBmpPtr->gdFreeFileCtx
gdImageCreateFromBmpPtr->sourceGetchar
gdImageCreateFromBmpPtr->gdFreeSsCtx
bmp_read_os2_v2_info->gdGetIntLSB
bmp_read_os2_v2_info->gdGetIntLSB
bmp_read_os2_v2_info->gdGetWordLSB
bmp_read_os2_v2_info->gdGetWordLSB
bmp_read_os2_v2_info->gdGetIntLSB
bmp_read_os2_v2_info->gdGetIntLSB
bmp_read_os2_v2_info->gdGetIntLSB
bmp_read_os2_v2_info->gdGetIntLSB
bmp_read_os2_v2_info->gdGetIntLSB
bmp_read_os2_v2_info->gdGetIntLSB
bmp_read_os2_v2_info->gdGetBuf
bmp_read_os2_v1_info->gdGetWordLSB
bmp_read_os2_v1_info->gdGetWordLSB
bmp_read_os2_v1_info->gdGetWordLSB
bmp_read_os2_v1_info->gdGetWordLSB
bmp_read_windows_v3_info->gdGetIntLSB
bmp_read_windows_v3_info->gdGetIntLSB
bmp_read_windows_v3_info->gdGetWordLSB
bmp_read_windows_v3_info->gdGetWordLSB
bmp_read_windows_v3_info->gdGetIntLSB
bmp_read_windows_v3_info->gdGetIntLSB
bmp_read_windows_v3_info->gdGetIntLSB
bmp_read_windows_v3_info->gdGetIntLSB
bmp_read_windows_v3_info->gdGetIntLSB
bmp_read_windows_v3_info->gdGetIntLSB
bmp_read_rle->gdGetByte
bmp_read_rle->gdGetByte
bmp_read_rle->gdImageSetPixel
bmp_read_rle->gdGetByte
bmp_read_rle->gdImageSetPixel
bmp_read_rle->gdGetByte
bmp_read_rle->gdGetByte
bmp_read_rle->gdGetByte
bmp_read_palette->gdGetByte
bmp_read_palette->gdGetByte
bmp_read_palette->gdGetByte
bmp_read_palette->gdGetByte
bmp_read_direct->gdTell
bmp_read_direct->gdSeek
bmp_read_direct->gdGetWordLSB
bmp_read_direct->gdGetByte
bmp_read_direct->gdGetByte
bmp_read_direct->gdGetByte
bmp_read_direct->gdGetByte
bmp_read_direct->gdGetByte
bmp_read_direct->gdGetByte
bmp_read_direct->gdGetByte
bmp_read_direct->gdImageSetPixel
bmp_read_direct->gdGetByte
bmp_read_8bit->bmp_read_palette
bmp_read_8bit->gdTell
bmp_read_8bit->gdSeek
bmp_read_8bit->gdGetByte
bmp_read_8bit->gdImageSetPixel
bmp_read_8bit->gdGetByte
bmp_read_8bit->bmp_read_rle
bmp_read_4bit->bmp_read_palette
bmp_read_4bit->gdTell
bmp_read_4bit->gdSeek
bmp_read_4bit->llvm.ceil.f64
bmp_read_4bit->gdGetByte
bmp_read_4bit->gdImageSetPixel
bmp_read_4bit->gdImageSetPixel
bmp_read_4bit->gdGetByte
bmp_read_4bit->bmp_read_rle
bmp_read_1bit->bmp_read_palette
bmp_read_1bit->gdTell
bmp_read_1bit->gdSeek
bmp_read_1bit->llvm.ceil.f80
bmp_read_1bit->gdGetByte
bmp_read_1bit->gdImageSetPixel
bmp_read_1bit->gdGetByte
bmp_read_info->gdGetIntLSB
bmp_read_info->bmp_read_windows_v3_info
bmp_read_info->bmp_read_os2_v1_info
bmp_read_info->bmp_read_os2_v2_info
bmp_read_header->gdGetWordLSB
bmp_read_header->gdGetIntLSB
bmp_read_header->gdGetWordLSB
bmp_read_header->gdGetWordLSB
bmp_read_header->gdGetIntLSB
gdImageCreateFromBmpCtx->gdCalloc
gdImageCreateFromBmpCtx->bmp_read_header
gdImageCreateFromBmpCtx->gdFree
gdImageCreateFromBmpCtx->gdFree
gdImageCreateFromBmpCtx->gdCalloc
gdImageCreateFromBmpCtx->gdFree
gdImageCreateFromBmpCtx->bmp_read_info
gdImageCreateFromBmpCtx->gdFree
gdImageCreateFromBmpCtx->gdFree
gdImageCreateFromBmpCtx->gdImageCreateTrueColor
gdImageCreateFromBmpCtx->gdImageCreate
gdImageCreateFromBmpCtx->gdFree
gdImageCreateFromBmpCtx->gdFree
gdImageCreateFromBmpCtx->bmp_read_1bit
gdImageCreateFromBmpCtx->bmp_read_4bit
gdImageCreateFromBmpCtx->bmp_read_8bit
gdImageCreateFromBmpCtx->bmp_read_direct
gdImageCreateFromBmpCtx->gdFree
gdImageCreateFromBmpCtx->gdFree
gdImageCreateFromBmpCtx->gdImageDestroy
gdImageCreateFromBmp->gdNewFileCtx
gdImageCreateFromBmp->gdImageCreateFromBmpCtx
gdImageCreateFromBmp->dynamicGetchar
gdImageCreateFromBmp->dynamicTell
gdImageCreateFromBmp->gdFreeDynamicCtx
gdImageCreateFromBmp->filter_bell
gdImageCreateFromBmp->filter_bessel
gdImageCreateFromBmp->filter_bicubic
gdImageCreateFromBmp->filter_blackman
gdImageCreateFromBmp->filter_box
gdImageCreateFromBmp->filter_bspline
gdImageCreateFromBmp->filter_catmullrom
gdImageCreateFromBmp->filter_gaussian
gdImageCreateFromBmp->filter_generalized_cubic
gdImageCreateFromBmp->filter_hermite
gdImageCreateFromBmp->filter_hamming
gdImageCreateFromBmp->filter_hanning
gdImageCreateFromBmp->filter_mitchell
gdImageCreateFromBmp->filter_power
gdImageCreateFromBmp->filter_quadratic
gdImageCreateFromBmp->filter_sinc
gdImageCreateFromBmp->filter_triangle
gdImageCreateFromBmp->fileGetchar
gdImageCreateFromBmp->fileTell
gdImageCreateFromBmp->gdFreeFileCtx
gdImageCreateFromBmp->sourceGetchar
gdImageCreateFromBmp->gdFreeSsCtx
gdImageBmpCtx->_gdImageBmpCtx
gdImageBmp->gdNewFileCtx
gdImageBmp->gdImageBmpCtx
gdImageBmp->dynamicGetchar
gdImageBmp->dynamicTell
gdImageBmp->gdFreeDynamicCtx
gdImageBmp->filter_bell
gdImageBmp->filter_bessel
gdImageBmp->filter_bicubic
gdImageBmp->filter_blackman
gdImageBmp->filter_box
gdImageBmp->filter_bspline
gdImageBmp->filter_catmullrom
gdImageBmp->filter_gaussian
gdImageBmp->filter_generalized_cubic
gdImageBmp->filter_hermite
gdImageBmp->filter_hamming
gdImageBmp->filter_hanning
gdImageBmp->filter_mitchell
gdImageBmp->filter_power
gdImageBmp->filter_quadratic
gdImageBmp->filter_sinc
gdImageBmp->filter_triangle
gdImageBmp->fileGetchar
gdImageBmp->fileTell
gdImageBmp->gdFreeFileCtx
gdImageBmp->sourceGetchar
gdImageBmp->gdFreeSsCtx
build_rle_packet->llvm.memset.p0i8.i64
build_rle_packet->llvm.memcpy.p0i8.p0i8.i64
build_rle_packet->llvm.memset.p0i8.i64
build_rle_packet->llvm.memcpy.p0i8.p0i8.i64
build_rle_packet->llvm.memset.p0i8.i64
build_rle_packet->llvm.memset.p0i8.i64
build_rle_packet->llvm.memcpy.p0i8.p0i8.i64
build_rle_packet->llvm.memset.p0i8.i64
compress_row->gdMalloc
compress_row->llvm.memcpy.p0i8.p0i8.i64
compress_row->memcmp
compress_row->memcmp
compress_row->build_rle_packet
compress_row->memcmp
compress_row->build_rle_packet
compress_row->build_rle_packet
compress_row->build_rle_packet
compress_row->gdFree
gdBMPPutWord->gdPutC
gdBMPPutWord->gdPutC
gdBMPPutInt->gdPutC
gdBMPPutInt->gdPutC
gdBMPPutInt->gdPutC
gdBMPPutInt->gdPutC
_gdImageBmpCtx->tmpfile
_gdImageBmpCtx->gdNewFileCtx
_gdImageBmpCtx->gdPutBuf
_gdImageBmpCtx->gdBMPPutInt
_gdImageBmpCtx->gdBMPPutWord
_gdImageBmpCtx->gdBMPPutWord
_gdImageBmpCtx->gdBMPPutInt
_gdImageBmpCtx->gdBMPPutInt
_gdImageBmpCtx->gdBMPPutInt
_gdImageBmpCtx->gdBMPPutInt
_gdImageBmpCtx->gdBMPPutWord
_gdImageBmpCtx->gdBMPPutWord
_gdImageBmpCtx->gdBMPPutInt
_gdImageBmpCtx->gdBMPPutInt
_gdImageBmpCtx->gdBMPPutInt
_gdImageBmpCtx->gdBMPPutInt
_gdImageBmpCtx->gdBMPPutInt
_gdImageBmpCtx->gdBMPPutInt
_gdImageBmpCtx->Putchar
_gdImageBmpCtx->Putchar
_gdImageBmpCtx->Putchar
_gdImageBmpCtx->Putchar
_gdImageBmpCtx->gdCalloc
_gdImageBmpCtx->llvm.memset.p0i8.i64
_gdImageBmpCtx->gdImageGetPixel
_gdImageBmpCtx->gdImageGetPixel
_gdImageBmpCtx->Putchar
_gdImageBmpCtx->Putchar
_gdImageBmpCtx->compress_row
_gdImageBmpCtx->gdPutBuf
_gdImageBmpCtx->Putchar
_gdImageBmpCtx->Putchar
_gdImageBmpCtx->gdFree
_gdImageBmpCtx->Putchar
_gdImageBmpCtx->Putchar
_gdImageBmpCtx->gdSeek
_gdImageBmpCtx->gdBMPPutInt
_gdImageBmpCtx->gdSeek
_gdImageBmpCtx->gdBMPPutInt
_gdImageBmpCtx->gdImageGetPixel
_gdImageBmpCtx->Putchar
_gdImageBmpCtx->Putchar
_gdImageBmpCtx->Putchar
_gdImageBmpCtx->Putchar
_gdImageBmpCtx->gdSeek
_gdImageBmpCtx->gdMalloc
_gdImageBmpCtx->gdGetBuf
_gdImageBmpCtx->gdPutBuf
_gdImageBmpCtx->gdFree
_gdImageBmpCtx->fclose
_gdImageBmpCtx->dynamicGetchar
_gdImageBmpCtx->dynamicTell
_gdImageBmpCtx->gdFreeDynamicCtx
_gdImageBmpCtx->filter_bell
_gdImageBmpCtx->filter_bessel
_gdImageBmpCtx->filter_bicubic
_gdImageBmpCtx->filter_blackman
_gdImageBmpCtx->filter_box
_gdImageBmpCtx->filter_bspline
_gdImageBmpCtx->filter_catmullrom
_gdImageBmpCtx->filter_gaussian
_gdImageBmpCtx->filter_generalized_cubic
_gdImageBmpCtx->filter_hermite
_gdImageBmpCtx->filter_hamming
_gdImageBmpCtx->filter_hanning
_gdImageBmpCtx->filter_mitchell
_gdImageBmpCtx->filter_power
_gdImageBmpCtx->filter_quadratic
_gdImageBmpCtx->filter_sinc
_gdImageBmpCtx->filter_triangle
_gdImageBmpCtx->fileGetchar
_gdImageBmpCtx->fileTell
_gdImageBmpCtx->gdFreeFileCtx
_gdImageBmpCtx->sourceGetchar
_gdImageBmpCtx->gdFreeSsCtx
_gdImageBmpCtx->dynamicGetchar
_gdImageBmpCtx->dynamicTell
_gdImageBmpCtx->gdFreeDynamicCtx
_gdImageBmpCtx->filter_bell
_gdImageBmpCtx->filter_bessel
_gdImageBmpCtx->filter_bicubic
_gdImageBmpCtx->filter_blackman
_gdImageBmpCtx->filter_box
_gdImageBmpCtx->filter_bspline
_gdImageBmpCtx->filter_catmullrom
_gdImageBmpCtx->filter_gaussian
_gdImageBmpCtx->filter_generalized_cubic
_gdImageBmpCtx->filter_hermite
_gdImageBmpCtx->filter_hamming
_gdImageBmpCtx->filter_hanning
_gdImageBmpCtx->filter_mitchell
_gdImageBmpCtx->filter_power
_gdImageBmpCtx->filter_quadratic
_gdImageBmpCtx->filter_sinc
_gdImageBmpCtx->filter_triangle
_gdImageBmpCtx->fileGetchar
_gdImageBmpCtx->fileTell
_gdImageBmpCtx->gdFreeFileCtx
_gdImageBmpCtx->sourceGetchar
_gdImageBmpCtx->gdFreeSsCtx
gdImageBmpPtr->gdNewDynamicCtx
gdImageBmpPtr->_gdImageBmpCtx
gdImageBmpPtr->gdDPExtractData
gdImageBmpPtr->dynamicGetchar
gdImageBmpPtr->dynamicTell
gdImageBmpPtr->gdFreeDynamicCtx
gdImageBmpPtr->filter_bell
gdImageBmpPtr->filter_bessel
gdImageBmpPtr->filter_bicubic
gdImageBmpPtr->filter_blackman
gdImageBmpPtr->filter_box
gdImageBmpPtr->filter_bspline
gdImageBmpPtr->filter_catmullrom
gdImageBmpPtr->filter_gaussian
gdImageBmpPtr->filter_generalized_cubic
gdImageBmpPtr->filter_hermite
gdImageBmpPtr->filter_hamming
gdImageBmpPtr->filter_hanning
gdImageBmpPtr->filter_mitchell
gdImageBmpPtr->filter_power
gdImageBmpPtr->filter_quadratic
gdImageBmpPtr->filter_sinc
gdImageBmpPtr->filter_triangle
gdImageBmpPtr->fileGetchar
gdImageBmpPtr->fileTell
gdImageBmpPtr->gdFreeFileCtx
gdImageBmpPtr->sourceGetchar
gdImageBmpPtr->gdFreeSsCtx
overflow2->gd_error_ex
overflow2->gd_error_ex
gdImageFlipBoth->gdImageFlipVertical
gdImageFlipBoth->gdImageFlipHorizontal
gdImageCropThreshold->gdImageGetPixel
gdImageCropThreshold->gdColorMatch
gdImageCropThreshold->gdImageGetPixel
gdImageCropThreshold->gdColorMatch
gdImageCropThreshold->gdImageGetPixel
gdImageCropThreshold->gdColorMatch
gdImageCropThreshold->gdImageGetPixel
gdImageCropThreshold->gdColorMatch
gdImageCropThreshold->gdImageCrop
gdGuessBackgroundColorFromCorners->gdImageGetPixel
gdGuessBackgroundColorFromCorners->gdImageGetPixel
gdGuessBackgroundColorFromCorners->gdImageGetPixel
gdGuessBackgroundColorFromCorners->gdImageGetPixel
gdGuessBackgroundColorFromCorners->gdImageColorClosestAlpha
gdImageCropAuto->gdImageColorClosestAlpha
gdImageCropAuto->gdImageColorClosestAlpha
gdImageCropAuto->gdGuessBackgroundColorFromCorners
gdImageCropAuto->gdImageGetPixel
gdImageCropAuto->gdImageGetPixel
gdImageCropAuto->gdImageGetPixel
gdImageCropAuto->gdImageGetPixel
gdImageCropAuto->gdImageCrop
gdImageCrop->gdImageCreateTrueColor
gdImageCrop->gdImageCopy
gdColorMapLookup->strcmp
gdImageSharpen->gdImageGetPixel
gdImageSharpen->gdImageGetPixel
gdImageSharpen->gdImageGetTrueColorPixel
gdImageSharpen->gdImageSubSharpen
gdImageSharpen->gdImageSetPixel
gdImageSharpen->gdImageGetPixel
gdImageSharpen->gdImageSubSharpen
gdImageSharpen->gdImageSetPixel
gdImageSharpen->gdImageGetPixel
gdImageSharpen->gdImageGetPixel
gdImageSharpen->gdImageGetTrueColorPixel
gdImageSharpen->gdImageSubSharpen
gdImageSharpen->gdImageSetPixel
gdImageSharpen->gdImageGetPixel
gdImageSharpen->gdImageSubSharpen
gdImageSharpen->gdImageSetPixel
gdImageSquareToCircle->gdImageCreateTrueColor
gdImageSquareToCircle->sqrt
gdImageSquareToCircle->atan2
gdImageSquareToCircle->gdImageGetPixel
gdImageStringFTCircle->gdImageStringFT
gdImageStringFTCircle->gdImageStringFT
gdImageStringFTCircle->gdImageCreateTrueColor
gdImageStringFTCircle->gdImageStringFT
gdImageStringFTCircle->gdImageDestroy
gdImageStringFTCircle->gdImageStringFT
gdImageStringFTCircle->gdImageDestroy
gdImageStringFTCircle->gdImageCreateTrueColor
gdImageStringFTCircle->gdImageDestroy
gdImageStringFTCircle->gdImageCopyResampled
gdImageStringFTCircle->gdImageCopyResampled
gdImageStringFTCircle->gdImageSquareToCircle
gdImageStringFTCircle->gdImageDestroy
gdImageStringFTCircle->gdImageDestroy
gdImageStringFTCircle->gdImageSetPixel
gdImageStringFTCircle->gdImageDestroy
gdImagePaletteToTrueColor->gdMalloc
gdImagePaletteToTrueColor->gdMalloc
gdImagePaletteToTrueColor->gdFree
gdImagePaletteToTrueColor->gdFree
gdImagePaletteToTrueColor->gdFree
gdImagePaletteToTrueColor->gdFree
gdImageSetTile->gdImageColorResolveAlpha
gdImageSetBrush->gdImageColorResolveAlpha
gdImageCopyResampled->gdImageCopyResized
gdImageCopyResampled->llvm.floor.f32
gdImageCopyResampled->llvm.floor.f32
gdImageCopyResampled->llvm.floor.f32
gdImageCopyResampled->llvm.floor.f32
gdImageCopyResampled->llvm.floor.f32
gdImageCopyResampled->llvm.floor.f32
gdImageCopyResampled->llvm.floor.f32
gdImageCopyResampled->llvm.floor.f32
gdImageCopyResampled->llvm.floor.f32
gdImageCopyResampled->llvm.floor.f32
gdImageCopyResampled->llvm.floor.f32
gdImageCopyResampled->llvm.floor.f32
gdImageCopyResampled->gdImageGetTrueColorPixel
gdImageCopyResampled->gdImageSetPixel
gdImageCopyRotated->sqrt
gdImageCopyRotated->cos
gdImageCopyRotated->sin
gdImageCopyRotated->gdImageGetPixel
gdImageCopyRotated->gdImageSetPixel
gdImageCopyRotated->gdImageColorResolveAlpha
gdImageCopyRotated->gdImageSetPixel
gdImageCopyRotated->gdImageColorResolveAlpha
gdImageCopyRotated->gdImageSetPixel
gdImageCopyResized->overflow2
gdImageCopyResized->overflow2
gdImageCopyResized->gdMalloc
gdImageCopyResized->gdMalloc
gdImageCopyResized->gdFree
gdImageCopyResized->gdImageGetPixel
gdImageCopyResized->gdImageGetTrueColorPixel
gdImageCopyResized->gdImageGetTrueColorPixel
gdImageCopyResized->gdImageGetPixel
gdImageCopyResized->gdImageColorResolveAlpha
gdImageCopyResized->gdImageColorResolveAlpha
gdImageCopyResized->gdImageSetPixel
gdImageCopyResized->gdFree
gdImageCopyResized->gdFree
gdImageCopyMergeGray->gdImageGetPixel
gdImageCopyMergeGray->gdImageGetPixel
gdImageCopyMergeGray->gdImageColorExact
gdImageCopyMergeGray->gdImageColorAllocate
gdImageCopyMergeGray->gdImageColorClosest
gdImageCopyMergeGray->gdImageSetPixel
gdImageCopyMerge->gdImageGetPixel
gdImageCopyMerge->gdImageGetPixel
gdImageCopyMerge->gdImageColorResolve
gdImageCopyMerge->gdImageSetPixel
gdImageCopy->gdImageGetTrueColorPixel
gdImageCopy->gdImageSetPixel
gdImageCopy->gdImageGetPixel
gdImageCopy->gdImageSetPixel
gdImageCopy->gdImageGetPixel
gdImageCopy->gdImageColorResolveAlpha
gdImageCopy->gdImageColorResolveAlpha
gdImageCopy->gdImageSetPixel
gdImageSetStyle->gdFree
gdImageSetStyle->overflow2
gdImageSetStyle->gdMalloc
gdImageSetStyle->llvm.memcpy.p0i8.p0i8.i64
gdImageClone->gdImageCreateTrueColor
gdImageClone->gdImageCreate
gdImageClone->gdImageClone
gdImageClone->gdImageClone
gdImageClone->gdImageSetStyle
gdImageRectangle->gdImageSetPixel
gdImageRectangle->gdImageSetPixel
gdImageRectangle->gdImageSetPixel
gdImageRectangle->gdImageSetPixel
gdImageRectangle->gdImageSetPixel
gdImageRectangle->gdImageLine
gdImageRectangle->gdImageLine
gdImageRectangle->gdImageLine
gdImageRectangle->gdImageLine
gdImageTileGet->gdImageGetPixel
gdImageTileGet->gdImageColorResolveAlpha
gdImageTileGet->gdImageColorResolveAlpha
_gdImageFillTiled->overflow2
_gdImageFillTiled->overflow2
_gdImageFillTiled->gdCalloc
_gdImageFillTiled->gdMalloc
_gdImageFillTiled->gdFree
_gdImageFillTiled->gdImageGetPixel
_gdImageFillTiled->gdImageGetPixel
_gdImageFillTiled->gdImageTileGet
_gdImageFillTiled->gdImageSetPixel
_gdImageFillTiled->gdImageGetPixel
_gdImageFillTiled->gdImageTileGet
_gdImageFillTiled->gdImageSetPixel
_gdImageFillTiled->gdImageGetPixel
_gdImageFillTiled->gdFree
_gdImageFillTiled->gdFree
gdImageFill->_gdImageFillTiled
gdImageFill->gdImageGetPixel
gdImageFill->gdImageGetPixel
gdImageFill->gdImageSetPixel
gdImageFill->overflow2
gdImageFill->overflow2
gdImageFill->gdMalloc
gdImageFill->gdImageGetPixel
gdImageFill->gdImageSetPixel
gdImageFill->gdImageGetPixel
gdImageFill->gdImageSetPixel
gdImageFill->gdImageGetPixel
gdImageFill->gdFree
gdImageFillToBorder->gdImageGetPixel
gdImageFillToBorder->gdImageSetPixel
gdImageFillToBorder->gdImageGetPixel
gdImageFillToBorder->gdImageSetPixel
gdImageFillToBorder->gdImageGetPixel
gdImageFillToBorder->gdImageFillToBorder
gdImageFillToBorder->gdImageGetPixel
gdImageFillToBorder->gdImageFillToBorder
gdLayerOverlay->gdAlphaOverlayColor
gdLayerOverlay->gdAlphaOverlayColor
gdLayerOverlay->gdAlphaOverlayColor
gdImageTileApply->gdImageGetPixel
gdImageTileApply->gdImageSetPixel
gdImageTileApply->gdImageGetPixel
gdImageTileApply->gdImageColorResolveAlpha
gdImageTileApply->gdImageSetPixel
gdImageTileApply->gdImageSetPixel
gdImageBrushApply->gdImageGetTrueColorPixel
gdImageBrushApply->gdImageSetPixel
gdImageBrushApply->gdImageGetPixel
gdImageBrushApply->gdImageGetTrueColorPixel
gdImageBrushApply->gdImageSetPixel
gdImageBrushApply->gdImageGetPixel
gdImageBrushApply->gdImageColorResolveAlpha
gdImageBrushApply->gdImageSetPixel
gdImageBrushApply->gdImageSetPixel
gdImageSetPixel->gdImageSetPixel
gdImageSetPixel->gdImageSetPixel
gdImageSetPixel->gdImageBrushApply
gdImageSetPixel->gdImageTileApply
gdImageSetPixel->gdImageSetPixel
gdImageSetPixel->gdAlphaBlend
gdImageSetPixel->gdLayerOverlay
gdImageSetPixel->gdLayerMultiply
gdImageColorReplace->gdImageSetPixel
gdImageColorReplace->gdImageSetPixel
gdImagePaletteCopy->gdImageColorClosestAlpha
gdImageColorResolve->gdImageColorResolveAlpha
gdImageColorAllocate->gdImageColorAllocateAlpha
gdImageColorExact->gdImageColorExactAlpha
RGB_to_HWB->llvm.memcpy.p0i8.p0i8.i64
HWB_Diff->llvm.memcpy.p0i8.p0i8.i64
HWB_Diff->RGB_to_HWB
HWB_Diff->llvm.memcpy.p0i8.p0i8.i64
HWB_Diff->RGB_to_HWB
HWB_Diff->llvm.fabs.f64
gdImageColorClosestHWB->HWB_Diff
gd_error->llvm.va_start
gd_error->gd_error_ex
gd_error->llvm.va_end
gd_stderr_error->fputs
gd_stderr_error->fputs
gd_stderr_error->fputs
gd_stderr_error->fputs
gd_stderr_error->fputs
gd_stderr_error->vfprintf
gd_stderr_error->fflush
gd_error_ex->llvm.va_start
gd_error_ex->llvm.va_end
gd_error_ex->gd_stderr_error
gdImageCreate->overflow2
gdImageCreate->overflow2
gdImageCreate->overflow2
gdImageCreate->gdCalloc
gdImageCreate->gdMalloc
gdImageCreate->gdFree
gdImageCreate->gdCalloc
gdImageCreate->gdFree
gdImageCreate->gdFree
gdImageCreate->gdFree
gdImageCreateTrueColor->overflow2
gdImageCreateTrueColor->overflow2
gdImageCreateTrueColor->overflow2
gdImageCreateTrueColor->gdMalloc
gdImageCreateTrueColor->llvm.memset.p0i8.i64
gdImageCreateTrueColor->gdMalloc
gdImageCreateTrueColor->gdFree
gdImageCreateTrueColor->gdCalloc
gdImageCreateTrueColor->gdFree
gdImageCreateTrueColor->gdFree
gdImageCreateTrueColor->gdFree
gdImageDestroy->gdFree
gdImageDestroy->gdFree
gdImageDestroy->gdFree
gdImageDestroy->gdFree
gdImageDestroy->gdFree
gdImageDestroy->gdFree
gdImageDestroy->gdFree
gdImageColorClosest->gdImageColorClosestAlpha
gdImageGetTrueColorPixel->gdImageGetPixel
gdImageColorReplaceThreshold->gdColorMatch
gdImageColorReplaceThreshold->gdImageSetPixel
gdImageColorReplaceThreshold->gdColorMatch
gdImageColorReplaceThreshold->gdImageSetPixel
gdImageColorReplaceArray->gdImageColorReplace
gdImageColorReplaceArray->overflow2
gdImageColorReplaceArray->gdMalloc
gdImageColorReplaceArray->qsort
gdImageColorReplaceArray->bsearch
gdImageColorReplaceArray->gdImageSetPixel
gdImageColorReplaceArray->bsearch
gdImageColorReplaceArray->gdImageSetPixel
gdImageColorReplaceArray->gdFree
gdImageColorReplaceCallback->gdImageSetPixel
gdImageColorReplaceCallback->gdCalloc
gdImageColorReplaceCallback->gdCalloc
gdImageColorReplaceCallback->gdFree
gdImageColorReplaceCallback->gdImageColorReplaceArray
gdImageColorReplaceCallback->gdFree
gdImageColorReplaceCallback->gdFree
gdImageLine->gdImageAALine
gdImageLine->clip_1d
gdImageLine->clip_1d
gdImageLine->abs
gdImageLine->abs
gdImageLine->gdImageVLine
gdImageLine->gdImageHLine
gdImageLine->atan2
gdImageLine->cos
gdImageLine->gdImageSetPixel
gdImageLine->gdImageSetPixel
gdImageLine->gdImageSetPixel
gdImageLine->atan2
gdImageLine->sin
gdImageLine->gdImageSetPixel
gdImageLine->gdImageSetPixel
gdImageLine->gdImageSetPixel
gdImageAALine->gdImageLine
gdImageAALine->clip_1d
gdImageAALine->clip_1d
gdImageAALine->gdImageSetAAPixelColor
gdImageAALine->abs
gdImageAALine->abs
gdImageAALine->atan2
gdImageAALine->cos
gdImageAALine->atan2
gdImageAALine->sin
gdImageAALine->abs
gdImageAALine->gdImageVLine
gdImageAALine->gdImageHLine
gdImageAALine->abs
gdImageAALine->abs
gdImageAALine->gdImageSetAAPixelColor
gdImageAALine->gdImageSetAAPixelColor
gdImageAALine->gdImageSetAAPixelColor
gdImageAALine->gdImageSetAAPixelColor
gdImageVLine->gdImageFilledRectangle
gdImageVLine->gdImageSetPixel
gdImageHLine->gdImageFilledRectangle
gdImageHLine->gdImageSetPixel
gdImageFilledRectangle->gdImageSetPixel
gdImageFilledRectangle->gdImageSetPixel
gdImageSetAAPixelColor->gdImageGetPixel
gdImageDashedLine->abs
gdImageDashedLine->abs
gdImageDashedLine->atan2
gdImageDashedLine->sin
gdImageDashedLine->dashedSet
gdImageDashedLine->dashedSet
gdImageDashedLine->dashedSet
gdImageDashedLine->atan2
gdImageDashedLine->sin
gdImageDashedLine->dashedSet
gdImageDashedLine->dashedSet
gdImageDashedLine->dashedSet
dashedSet->gdImageSetPixel
dashedSet->gdImageSetPixel
gdImageChar->gdImageSetPixel
gdImageCharUp->gdImageSetPixel
gdImageString->strlen
gdImageString->gdImageChar
gdImageStringUp->strlen
gdImageStringUp->gdImageCharUp
gdImageString16->strlen16
gdImageString16->gdImageChar
gdImageStringUp16->strlen16
gdImageStringUp16->gdImageCharUp
lsqrt->sqrt
gdImageArc->gdImageFilledArc
gdImageFilledArc->gdImageLine
gdImageFilledArc->gdImageFilledPolygon
gdImageFilledArc->gdImageLine
gdImageFilledArc->gdImageLine
gdImageFilledArc->gdImageLine
gdImageFilledArc->gdImageFilledPolygon
gdImageFilledArc->gdImageLine
gdImageFilledArc->gdImageLine
gdImageFilledPolygon->overflow2
gdImageFilledPolygon->gdMalloc
gdImageFilledPolygon->overflow2
gdImageFilledPolygon->gdReallocEx
gdImageFilledPolygon->gdImageLine
gdImageFilledPolygon->gdImagePolygon
gdImagePolygon->gdImageLine
gdImagePolygon->gdImageOpenPolygon
gdImageOpenPolygon->gdImageLine
gdImageEllipse->gdImageSetPixel
gdImageEllipse->gdImageSetPixel
gdImageEllipse->gdImageSetPixel
gdImageEllipse->gdImageSetPixel
gdImageEllipse->gdImageSetPixel
gdImageEllipse->gdImageSetPixel
gdImageFilledEllipse->gdImageSetPixel
gdImageFilledEllipse->gdImageSetPixel
gdImageFilledEllipse->gdImageSetPixel
gdImageSmooth->llvm.memcpy.p0i8.p0i8.i64
gdImageSmooth->gdImageConvolution
gdImageCopyGaussianBlurred->gaussian_coeffs
gdImageCopyGaussianBlurred->gdImageClone
gdImageCopyGaussianBlurred->gdFree
gdImageCopyGaussianBlurred->gdImagePaletteToTrueColor
gdImageCopyGaussianBlurred->gdImageDestroy
gdImageCopyGaussianBlurred->gdFree
gdImageCopyGaussianBlurred->gdImageCreateTrueColor
gdImageCopyGaussianBlurred->gdFree
gdImageCopyGaussianBlurred->applyCoeffs
gdImageCopyGaussianBlurred->gdImageCreateTrueColor
gdImageCopyGaussianBlurred->applyCoeffs
gdImageCopyGaussianBlurred->gdImageDestroy
gdImageCopyGaussianBlurred->gdFree
gdImageCopyGaussianBlurred->gdImageDestroy
gaussian_coeffs->gdMalloc
gaussian_coeffs->exp
applyCoeffs->applyCoeffsLine
applyCoeffsLine->reflect
applyCoeffsLine->uchar_clamp
applyCoeffsLine->uchar_clamp
applyCoeffsLine->uchar_clamp
applyCoeffsLine->uchar_clamp
_gdGetColors->gdGetByte
_gdGetColors->gdGetWord
_gdGetColors->gdGetInt
_gdGetColors->gdGetByte
_gdGetColors->gdGetWord
_gdGetColors->gdGetByte
_gdGetColors->gdGetByte
_gdGetColors->gdGetByte
_gdGetColors->gdGetByte
gdImageCreateFromGd->gdNewFileCtx
gdImageCreateFromGd->gdImageCreateFromGdCtx
gdImageCreateFromGd->dynamicGetchar
gdImageCreateFromGd->dynamicTell
gdImageCreateFromGd->gdFreeDynamicCtx
gdImageCreateFromGd->filter_bell
gdImageCreateFromGd->filter_bessel
gdImageCreateFromGd->filter_bicubic
gdImageCreateFromGd->filter_blackman
gdImageCreateFromGd->filter_box
gdImageCreateFromGd->filter_bspline
gdImageCreateFromGd->filter_catmullrom
gdImageCreateFromGd->filter_gaussian
gdImageCreateFromGd->filter_generalized_cubic
gdImageCreateFromGd->filter_hermite
gdImageCreateFromGd->filter_hamming
gdImageCreateFromGd->filter_hanning
gdImageCreateFromGd->filter_mitchell
gdImageCreateFromGd->filter_power
gdImageCreateFromGd->filter_quadratic
gdImageCreateFromGd->filter_sinc
gdImageCreateFromGd->filter_triangle
gdImageCreateFromGd->fileGetchar
gdImageCreateFromGd->fileTell
gdImageCreateFromGd->gdFreeFileCtx
gdImageCreateFromGd->sourceGetchar
gdImageCreateFromGd->gdFreeSsCtx
gdImageCreateFromGdCtx->_gdCreateFromFile
gdImageCreateFromGdCtx->gdGetInt
gdImageCreateFromGdCtx->gdGetC
gdImageCreateFromGdCtx->gdImageDestroy
_gdCreateFromFile->gdGetWord
_gdCreateFromFile->gdGetWord
_gdCreateFromFile->gdGetWord
_gdCreateFromFile->gdImageCreateTrueColor
_gdCreateFromFile->gdImageCreate
_gdCreateFromFile->_gdGetColors
_gdCreateFromFile->gdImageDestroy
gdImageCreateFromGdPtr->gdNewDynamicCtxEx
gdImageCreateFromGdPtr->gdImageCreateFromGdCtx
gdImageCreateFromGdPtr->dynamicGetchar
gdImageCreateFromGdPtr->dynamicTell
gdImageCreateFromGdPtr->gdFreeDynamicCtx
gdImageCreateFromGdPtr->filter_bell
gdImageCreateFromGdPtr->filter_bessel
gdImageCreateFromGdPtr->filter_bicubic
gdImageCreateFromGdPtr->filter_blackman
gdImageCreateFromGdPtr->filter_box
gdImageCreateFromGdPtr->filter_bspline
gdImageCreateFromGdPtr->filter_catmullrom
gdImageCreateFromGdPtr->filter_gaussian
gdImageCreateFromGdPtr->filter_generalized_cubic
gdImageCreateFromGdPtr->filter_hermite
gdImageCreateFromGdPtr->filter_hamming
gdImageCreateFromGdPtr->filter_hanning
gdImageCreateFromGdPtr->filter_mitchell
gdImageCreateFromGdPtr->filter_power
gdImageCreateFromGdPtr->filter_quadratic
gdImageCreateFromGdPtr->filter_sinc
gdImageCreateFromGdPtr->filter_triangle
gdImageCreateFromGdPtr->fileGetchar
gdImageCreateFromGdPtr->fileTell
gdImageCreateFromGdPtr->gdFreeFileCtx
gdImageCreateFromGdPtr->sourceGetchar
gdImageCreateFromGdPtr->gdFreeSsCtx
_gdPutColors->gdPutC
_gdPutColors->gdPutWord
_gdPutColors->gdPutInt
_gdPutColors->gdPutC
_gdPutColors->gdPutC
_gdPutColors->gdPutC
_gdPutColors->gdPutC
gdImageGd->gdNewFileCtx
gdImageGd->_gdImageGd
gdImageGd->dynamicGetchar
gdImageGd->dynamicTell
gdImageGd->gdFreeDynamicCtx
gdImageGd->filter_bell
gdImageGd->filter_bessel
gdImageGd->filter_bicubic
gdImageGd->filter_blackman
gdImageGd->filter_box
gdImageGd->filter_bspline
gdImageGd->filter_catmullrom
gdImageGd->filter_gaussian
gdImageGd->filter_generalized_cubic
gdImageGd->filter_hermite
gdImageGd->filter_hamming
gdImageGd->filter_hanning
gdImageGd->filter_mitchell
gdImageGd->filter_power
gdImageGd->filter_quadratic
gdImageGd->filter_sinc
gdImageGd->filter_triangle
gdImageGd->fileGetchar
gdImageGd->fileTell
gdImageGd->gdFreeFileCtx
gdImageGd->sourceGetchar
gdImageGd->gdFreeSsCtx
_gdImageGd->_gdPutHeader
_gdImageGd->gdPutInt
_gdImageGd->gdPutC
_gdPutHeader->gdPutWord
_gdPutHeader->gdPutWord
_gdPutHeader->gdPutWord
_gdPutHeader->gdPutWord
_gdPutHeader->_gdPutColors
gdImageGdPtr->gdNewDynamicCtx
gdImageGdPtr->_gdImageGd
gdImageGdPtr->gdDPExtractData
gdImageGdPtr->dynamicGetchar
gdImageGdPtr->dynamicTell
gdImageGdPtr->gdFreeDynamicCtx
gdImageGdPtr->filter_bell
gdImageGdPtr->filter_bessel
gdImageGdPtr->filter_bicubic
gdImageGdPtr->filter_blackman
gdImageGdPtr->filter_box
gdImageGdPtr->filter_bspline
gdImageGdPtr->filter_catmullrom
gdImageGdPtr->filter_gaussian
gdImageGdPtr->filter_generalized_cubic
gdImageGdPtr->filter_hermite
gdImageGdPtr->filter_hamming
gdImageGdPtr->filter_hanning
gdImageGdPtr->filter_mitchell
gdImageGdPtr->filter_power
gdImageGdPtr->filter_quadratic
gdImageGdPtr->filter_sinc
gdImageGdPtr->filter_triangle
gdImageGdPtr->fileGetchar
gdImageGdPtr->fileTell
gdImageGdPtr->gdFreeFileCtx
gdImageGdPtr->sourceGetchar
gdImageGdPtr->gdFreeSsCtx
gdImageCreateFromGd2->gdNewFileCtx
gdImageCreateFromGd2->gdImageCreateFromGd2Ctx
gdImageCreateFromGd2->dynamicGetchar
gdImageCreateFromGd2->dynamicTell
gdImageCreateFromGd2->gdFreeDynamicCtx
gdImageCreateFromGd2->filter_bell
gdImageCreateFromGd2->filter_bessel
gdImageCreateFromGd2->filter_bicubic
gdImageCreateFromGd2->filter_blackman
gdImageCreateFromGd2->filter_box
gdImageCreateFromGd2->filter_bspline
gdImageCreateFromGd2->filter_catmullrom
gdImageCreateFromGd2->filter_gaussian
gdImageCreateFromGd2->filter_generalized_cubic
gdImageCreateFromGd2->filter_hermite
gdImageCreateFromGd2->filter_hamming
gdImageCreateFromGd2->filter_hanning
gdImageCreateFromGd2->filter_mitchell
gdImageCreateFromGd2->filter_power
gdImageCreateFromGd2->filter_quadratic
gdImageCreateFromGd2->filter_sinc
gdImageCreateFromGd2->filter_triangle
gdImageCreateFromGd2->fileGetchar
gdImageCreateFromGd2->fileTell
gdImageCreateFromGd2->gdFreeFileCtx
gdImageCreateFromGd2->sourceGetchar
gdImageCreateFromGd2->gdFreeSsCtx
gdImageCreateFromGd2Ctx->_gd2CreateFromFile
gdImageCreateFromGd2Ctx->gdFree
gdImageCreateFromGd2Ctx->gdCalloc
gdImageCreateFromGd2Ctx->gdCalloc
gdImageCreateFromGd2Ctx->_gd2ReadChunk
gdImageCreateFromGd2Ctx->gdGetInt
gdImageCreateFromGd2Ctx->gd_error
gdImageCreateFromGd2Ctx->gdImageDestroy
gdImageCreateFromGd2Ctx->gdGetByte
gdImageCreateFromGd2Ctx->gd_error
gdImageCreateFromGd2Ctx->gdImageDestroy
gdImageCreateFromGd2Ctx->gdFree
gdImageCreateFromGd2Ctx->gdFree
gdImageCreateFromGd2Ctx->gdFree
gdImageCreateFromGd2Ctx->gdImageDestroy
gdImageCreateFromGd2Ctx->gdFree
gdImageCreateFromGd2Ctx->gdFree
gdImageCreateFromGd2Ctx->gdFree
_gd2CreateFromFile->_gd2GetHeader
_gd2CreateFromFile->gdImageCreateTrueColor
_gd2CreateFromFile->gdImageCreate
_gd2CreateFromFile->_gdGetColors
_gd2CreateFromFile->gdImageDestroy
_gd2CreateFromFile->gdFree
_gd2ReadChunk->gdTell
_gd2ReadChunk->gdSeek
_gd2ReadChunk->gdGetBuf
_gd2ReadChunk->uncompress
_gd2GetHeader->gdGetC
_gd2GetHeader->strcmp
_gd2GetHeader->gdGetWord
_gd2GetHeader->gdGetWord
_gd2GetHeader->gdGetWord
_gd2GetHeader->gdGetWord
_gd2GetHeader->gdGetWord
_gd2GetHeader->gdGetWord
_gd2GetHeader->gdGetWord
_gd2GetHeader->overflow2
_gd2GetHeader->gdCalloc
_gd2GetHeader->gdGetInt
_gd2GetHeader->gdGetInt
_gd2GetHeader->gdFree
gdImageCreateFromGd2Ptr->gdNewDynamicCtxEx
gdImageCreateFromGd2Ptr->gdImageCreateFromGd2Ctx
gdImageCreateFromGd2Ptr->dynamicGetchar
gdImageCreateFromGd2Ptr->dynamicTell
gdImageCreateFromGd2Ptr->gdFreeDynamicCtx
gdImageCreateFromGd2Ptr->filter_bell
gdImageCreateFromGd2Ptr->filter_bessel
gdImageCreateFromGd2Ptr->filter_bicubic
gdImageCreateFromGd2Ptr->filter_blackman
gdImageCreateFromGd2Ptr->filter_box
gdImageCreateFromGd2Ptr->filter_bspline
gdImageCreateFromGd2Ptr->filter_catmullrom
gdImageCreateFromGd2Ptr->filter_gaussian
gdImageCreateFromGd2Ptr->filter_generalized_cubic
gdImageCreateFromGd2Ptr->filter_hermite
gdImageCreateFromGd2Ptr->filter_hamming
gdImageCreateFromGd2Ptr->filter_hanning
gdImageCreateFromGd2Ptr->filter_mitchell
gdImageCreateFromGd2Ptr->filter_power
gdImageCreateFromGd2Ptr->filter_quadratic
gdImageCreateFromGd2Ptr->filter_sinc
gdImageCreateFromGd2Ptr->filter_triangle
gdImageCreateFromGd2Ptr->fileGetchar
gdImageCreateFromGd2Ptr->fileTell
gdImageCreateFromGd2Ptr->gdFreeFileCtx
gdImageCreateFromGd2Ptr->sourceGetchar
gdImageCreateFromGd2Ptr->gdFreeSsCtx
gdImageCreateFromGd2Part->gdNewFileCtx
gdImageCreateFromGd2Part->gdImageCreateFromGd2PartCtx
gdImageCreateFromGd2Part->dynamicGetchar
gdImageCreateFromGd2Part->dynamicTell
gdImageCreateFromGd2Part->gdFreeDynamicCtx
gdImageCreateFromGd2Part->filter_bell
gdImageCreateFromGd2Part->filter_bessel
gdImageCreateFromGd2Part->filter_bicubic
gdImageCreateFromGd2Part->filter_blackman
gdImageCreateFromGd2Part->filter_box
gdImageCreateFromGd2Part->filter_bspline
gdImageCreateFromGd2Part->filter_catmullrom
gdImageCreateFromGd2Part->filter_gaussian
gdImageCreateFromGd2Part->filter_generalized_cubic
gdImageCreateFromGd2Part->filter_hermite
gdImageCreateFromGd2Part->filter_hamming
gdImageCreateFromGd2Part->filter_hanning
gdImageCreateFromGd2Part->filter_mitchell
gdImageCreateFromGd2Part->filter_power
gdImageCreateFromGd2Part->filter_quadratic
gdImageCreateFromGd2Part->filter_sinc
gdImageCreateFromGd2Part->filter_triangle
gdImageCreateFromGd2Part->fileGetchar
gdImageCreateFromGd2Part->fileTell
gdImageCreateFromGd2Part->gdFreeFileCtx
gdImageCreateFromGd2Part->sourceGetchar
gdImageCreateFromGd2Part->gdFreeSsCtx
gdImageCreateFromGd2PartCtx->_gd2GetHeader
gdImageCreateFromGd2PartCtx->gdImageCreateTrueColor
gdImageCreateFromGd2PartCtx->gdImageCreate
gdImageCreateFromGd2PartCtx->_gdGetColors
gdImageCreateFromGd2PartCtx->gdCalloc
gdImageCreateFromGd2PartCtx->gdCalloc
gdImageCreateFromGd2PartCtx->gdTell
gdImageCreateFromGd2PartCtx->gdSeek
gdImageCreateFromGd2PartCtx->gd_error
gdImageCreateFromGd2PartCtx->_gd2ReadChunk
gdImageCreateFromGd2PartCtx->printf
gdImageCreateFromGd2PartCtx->gdGetInt
gdImageCreateFromGd2PartCtx->gdGetC
gdImageCreateFromGd2PartCtx->gdFree
gdImageCreateFromGd2PartCtx->gdFree
gdImageCreateFromGd2PartCtx->gdFree
gdImageCreateFromGd2PartCtx->gdImageDestroy
gdImageCreateFromGd2PartCtx->gdFree
gdImageCreateFromGd2PartCtx->gdFree
gdImageCreateFromGd2PartCtx->gdFree
gdImageCreateFromGd2PartPtr->gdNewDynamicCtxEx
gdImageCreateFromGd2PartPtr->gdImageCreateFromGd2PartCtx
gdImageCreateFromGd2PartPtr->dynamicGetchar
gdImageCreateFromGd2PartPtr->dynamicTell
gdImageCreateFromGd2PartPtr->gdFreeDynamicCtx
gdImageCreateFromGd2PartPtr->filter_bell
gdImageCreateFromGd2PartPtr->filter_bessel
gdImageCreateFromGd2PartPtr->filter_bicubic
gdImageCreateFromGd2PartPtr->filter_blackman
gdImageCreateFromGd2PartPtr->filter_box
gdImageCreateFromGd2PartPtr->filter_bspline
gdImageCreateFromGd2PartPtr->filter_catmullrom
gdImageCreateFromGd2PartPtr->filter_gaussian
gdImageCreateFromGd2PartPtr->filter_generalized_cubic
gdImageCreateFromGd2PartPtr->filter_hermite
gdImageCreateFromGd2PartPtr->filter_hamming
gdImageCreateFromGd2PartPtr->filter_hanning
gdImageCreateFromGd2PartPtr->filter_mitchell
gdImageCreateFromGd2PartPtr->filter_power
gdImageCreateFromGd2PartPtr->filter_quadratic
gdImageCreateFromGd2PartPtr->filter_sinc
gdImageCreateFromGd2PartPtr->filter_triangle
gdImageCreateFromGd2PartPtr->fileGetchar
gdImageCreateFromGd2PartPtr->fileTell
gdImageCreateFromGd2PartPtr->gdFreeFileCtx
gdImageCreateFromGd2PartPtr->sourceGetchar
gdImageCreateFromGd2PartPtr->gdFreeSsCtx
gdImageGd2->gdNewFileCtx
gdImageGd2->_gdImageGd2
gdImageGd2->dynamicGetchar
gdImageGd2->dynamicTell
gdImageGd2->gdFreeDynamicCtx
gdImageGd2->filter_bell
gdImageGd2->filter_bessel
gdImageGd2->filter_bicubic
gdImageGd2->filter_blackman
gdImageGd2->filter_box
gdImageGd2->filter_bspline
gdImageGd2->filter_catmullrom
gdImageGd2->filter_gaussian
gdImageGd2->filter_generalized_cubic
gdImageGd2->filter_hermite
gdImageGd2->filter_hamming
gdImageGd2->filter_hanning
gdImageGd2->filter_mitchell
gdImageGd2->filter_power
gdImageGd2->filter_quadratic
gdImageGd2->filter_sinc
gdImageGd2->filter_triangle
gdImageGd2->fileGetchar
gdImageGd2->fileTell
gdImageGd2->gdFreeFileCtx
gdImageGd2->sourceGetchar
gdImageGd2->gdFreeSsCtx
_gdImageGd2->_gd2PutHeader
_gdImageGd2->gdCalloc
_gdImageGd2->gdCalloc
_gdImageGd2->gdTell
_gdImageGd2->gdSeek
_gdImageGd2->gdCalloc
_gdImageGd2->_gdPutColors
_gdImageGd2->gdPutInt
_gdImageGd2->gdPutC
_gdImageGd2->compress
_gdImageGd2->printf
_gdImageGd2->gdTell
_gdImageGd2->gdPutBuf
_gdImageGd2->gd_error
_gdImageGd2->gdTell
_gdImageGd2->gdSeek
_gdImageGd2->gdPutInt
_gdImageGd2->gdPutInt
_gdImageGd2->gdSeek
_gdImageGd2->gdFree
_gdImageGd2->gdFree
_gdImageGd2->gdFree
_gd2PutHeader->gdPutC
_gd2PutHeader->gdPutWord
_gd2PutHeader->gdPutWord
_gd2PutHeader->gdPutWord
_gd2PutHeader->gdPutWord
_gd2PutHeader->gdPutWord
_gd2PutHeader->gdPutWord
_gd2PutHeader->gdPutWord
gdImageGd2Ptr->gdNewDynamicCtx
gdImageGd2Ptr->_gdImageGd2
gdImageGd2Ptr->gdDPExtractData
gdImageGd2Ptr->dynamicGetchar
gdImageGd2Ptr->dynamicTell
gdImageGd2Ptr->gdFreeDynamicCtx
gdImageGd2Ptr->filter_bell
gdImageGd2Ptr->filter_bessel
gdImageGd2Ptr->filter_bicubic
gdImageGd2Ptr->filter_blackman
gdImageGd2Ptr->filter_box
gdImageGd2Ptr->filter_bspline
gdImageGd2Ptr->filter_catmullrom
gdImageGd2Ptr->filter_gaussian
gdImageGd2Ptr->filter_generalized_cubic
gdImageGd2Ptr->filter_hermite
gdImageGd2Ptr->filter_hamming
gdImageGd2Ptr->filter_hanning
gdImageGd2Ptr->filter_mitchell
gdImageGd2Ptr->filter_power
gdImageGd2Ptr->filter_quadratic
gdImageGd2Ptr->filter_sinc
gdImageGd2Ptr->filter_triangle
gdImageGd2Ptr->fileGetchar
gdImageGd2Ptr->fileTell
gdImageGd2Ptr->gdFreeFileCtx
gdImageGd2Ptr->sourceGetchar
gdImageGd2Ptr->gdFreeSsCtx
Putchar->dynamicPutchar
Putchar->dynamicSeek
Putchar->filePutchar
Putchar->fileSeek
Putchar->sinkPutchar
gdPutC->dynamicPutchar
gdPutC->dynamicSeek
gdPutC->filePutchar
gdPutC->fileSeek
gdPutC->sinkPutchar
gdPutWord->dynamicPutchar
gdPutWord->dynamicSeek
gdPutWord->filePutchar
gdPutWord->fileSeek
gdPutWord->sinkPutchar
gdPutWord->dynamicPutchar
gdPutWord->dynamicSeek
gdPutWord->filePutchar
gdPutWord->fileSeek
gdPutWord->sinkPutchar
gdPutInt->dynamicPutchar
gdPutInt->dynamicSeek
gdPutInt->filePutchar
gdPutInt->fileSeek
gdPutInt->sinkPutchar
gdPutInt->dynamicPutchar
gdPutInt->dynamicSeek
gdPutInt->filePutchar
gdPutInt->fileSeek
gdPutInt->sinkPutchar
gdPutInt->dynamicPutchar
gdPutInt->dynamicSeek
gdPutInt->filePutchar
gdPutInt->fileSeek
gdPutInt->sinkPutchar
gdPutInt->dynamicPutchar
gdPutInt->dynamicSeek
gdPutInt->filePutchar
gdPutInt->fileSeek
gdPutInt->sinkPutchar
gdGetC->dynamicGetchar
gdGetC->dynamicTell
gdGetC->gdFreeDynamicCtx
gdGetC->filter_bell
gdGetC->filter_bessel
gdGetC->filter_bicubic
gdGetC->filter_blackman
gdGetC->filter_box
gdGetC->filter_bspline
gdGetC->filter_catmullrom
gdGetC->filter_gaussian
gdGetC->filter_generalized_cubic
gdGetC->filter_hermite
gdGetC->filter_hamming
gdGetC->filter_hanning
gdGetC->filter_mitchell
gdGetC->filter_power
gdGetC->filter_quadratic
gdGetC->filter_sinc
gdGetC->filter_triangle
gdGetC->fileGetchar
gdGetC->fileTell
gdGetC->gdFreeFileCtx
gdGetC->sourceGetchar
gdGetC->gdFreeSsCtx
gdGetByte->dynamicGetchar
gdGetByte->dynamicTell
gdGetByte->gdFreeDynamicCtx
gdGetByte->filter_bell
gdGetByte->filter_bessel
gdGetByte->filter_bicubic
gdGetByte->filter_blackman
gdGetByte->filter_box
gdGetByte->filter_bspline
gdGetByte->filter_catmullrom
gdGetByte->filter_gaussian
gdGetByte->filter_generalized_cubic
gdGetByte->filter_hermite
gdGetByte->filter_hamming
gdGetByte->filter_hanning
gdGetByte->filter_mitchell
gdGetByte->filter_power
gdGetByte->filter_quadratic
gdGetByte->filter_sinc
gdGetByte->filter_triangle
gdGetByte->fileGetchar
gdGetByte->fileTell
gdGetByte->gdFreeFileCtx
gdGetByte->sourceGetchar
gdGetByte->gdFreeSsCtx
gdGetWord->dynamicGetchar
gdGetWord->dynamicTell
gdGetWord->gdFreeDynamicCtx
gdGetWord->filter_bell
gdGetWord->filter_bessel
gdGetWord->filter_bicubic
gdGetWord->filter_blackman
gdGetWord->filter_box
gdGetWord->filter_bspline
gdGetWord->filter_catmullrom
gdGetWord->filter_gaussian
gdGetWord->filter_generalized_cubic
gdGetWord->filter_hermite
gdGetWord->filter_hamming
gdGetWord->filter_hanning
gdGetWord->filter_mitchell
gdGetWord->filter_power
gdGetWord->filter_quadratic
gdGetWord->filter_sinc
gdGetWord->filter_triangle
gdGetWord->fileGetchar
gdGetWord->fileTell
gdGetWord->gdFreeFileCtx
gdGetWord->sourceGetchar
gdGetWord->gdFreeSsCtx
gdGetWord->dynamicGetchar
gdGetWord->dynamicTell
gdGetWord->gdFreeDynamicCtx
gdGetWord->filter_bell
gdGetWord->filter_bessel
gdGetWord->filter_bicubic
gdGetWord->filter_blackman
gdGetWord->filter_box
gdGetWord->filter_bspline
gdGetWord->filter_catmullrom
gdGetWord->filter_gaussian
gdGetWord->filter_generalized_cubic
gdGetWord->filter_hermite
gdGetWord->filter_hamming
gdGetWord->filter_hanning
gdGetWord->filter_mitchell
gdGetWord->filter_power
gdGetWord->filter_quadratic
gdGetWord->filter_sinc
gdGetWord->filter_triangle
gdGetWord->fileGetchar
gdGetWord->fileTell
gdGetWord->gdFreeFileCtx
gdGetWord->sourceGetchar
gdGetWord->gdFreeSsCtx
gdGetWordLSB->dynamicGetchar
gdGetWordLSB->dynamicTell
gdGetWordLSB->gdFreeDynamicCtx
gdGetWordLSB->filter_bell
gdGetWordLSB->filter_bessel
gdGetWordLSB->filter_bicubic
gdGetWordLSB->filter_blackman
gdGetWordLSB->filter_box
gdGetWordLSB->filter_bspline
gdGetWordLSB->filter_catmullrom
gdGetWordLSB->filter_gaussian
gdGetWordLSB->filter_generalized_cubic
gdGetWordLSB->filter_hermite
gdGetWordLSB->filter_hamming
gdGetWordLSB->filter_hanning
gdGetWordLSB->filter_mitchell
gdGetWordLSB->filter_power
gdGetWordLSB->filter_quadratic
gdGetWordLSB->filter_sinc
gdGetWordLSB->filter_triangle
gdGetWordLSB->fileGetchar
gdGetWordLSB->fileTell
gdGetWordLSB->gdFreeFileCtx
gdGetWordLSB->sourceGetchar
gdGetWordLSB->gdFreeSsCtx
gdGetWordLSB->dynamicGetchar
gdGetWordLSB->dynamicTell
gdGetWordLSB->gdFreeDynamicCtx
gdGetWordLSB->filter_bell
gdGetWordLSB->filter_bessel
gdGetWordLSB->filter_bicubic
gdGetWordLSB->filter_blackman
gdGetWordLSB->filter_box
gdGetWordLSB->filter_bspline
gdGetWordLSB->filter_catmullrom
gdGetWordLSB->filter_gaussian
gdGetWordLSB->filter_generalized_cubic
gdGetWordLSB->filter_hermite
gdGetWordLSB->filter_hamming
gdGetWordLSB->filter_hanning
gdGetWordLSB->filter_mitchell
gdGetWordLSB->filter_power
gdGetWordLSB->filter_quadratic
gdGetWordLSB->filter_sinc
gdGetWordLSB->filter_triangle
gdGetWordLSB->fileGetchar
gdGetWordLSB->fileTell
gdGetWordLSB->gdFreeFileCtx
gdGetWordLSB->sourceGetchar
gdGetWordLSB->gdFreeSsCtx
gdGetInt->dynamicGetchar
gdGetInt->dynamicTell
gdGetInt->gdFreeDynamicCtx
gdGetInt->filter_bell
gdGetInt->filter_bessel
gdGetInt->filter_bicubic
gdGetInt->filter_blackman
gdGetInt->filter_box
gdGetInt->filter_bspline
gdGetInt->filter_catmullrom
gdGetInt->filter_gaussian
gdGetInt->filter_generalized_cubic
gdGetInt->filter_hermite
gdGetInt->filter_hamming
gdGetInt->filter_hanning
gdGetInt->filter_mitchell
gdGetInt->filter_power
gdGetInt->filter_quadratic
gdGetInt->filter_sinc
gdGetInt->filter_triangle
gdGetInt->fileGetchar
gdGetInt->fileTell
gdGetInt->gdFreeFileCtx
gdGetInt->sourceGetchar
gdGetInt->gdFreeSsCtx
gdGetInt->dynamicGetchar
gdGetInt->dynamicTell
gdGetInt->gdFreeDynamicCtx
gdGetInt->filter_bell
gdGetInt->filter_bessel
gdGetInt->filter_bicubic
gdGetInt->filter_blackman
gdGetInt->filter_box
gdGetInt->filter_bspline
gdGetInt->filter_catmullrom
gdGetInt->filter_gaussian
gdGetInt->filter_generalized_cubic
gdGetInt->filter_hermite
gdGetInt->filter_hamming
gdGetInt->filter_hanning
gdGetInt->filter_mitchell
gdGetInt->filter_power
gdGetInt->filter_quadratic
gdGetInt->filter_sinc
gdGetInt->filter_triangle
gdGetInt->fileGetchar
gdGetInt->fileTell
gdGetInt->gdFreeFileCtx
gdGetInt->sourceGetchar
gdGetInt->gdFreeSsCtx
gdGetInt->dynamicGetchar
gdGetInt->dynamicTell
gdGetInt->gdFreeDynamicCtx
gdGetInt->filter_bell
gdGetInt->filter_bessel
gdGetInt->filter_bicubic
gdGetInt->filter_blackman
gdGetInt->filter_box
gdGetInt->filter_bspline
gdGetInt->filter_catmullrom
gdGetInt->filter_gaussian
gdGetInt->filter_generalized_cubic
gdGetInt->filter_hermite
gdGetInt->filter_hamming
gdGetInt->filter_hanning
gdGetInt->filter_mitchell
gdGetInt->filter_power
gdGetInt->filter_quadratic
gdGetInt->filter_sinc
gdGetInt->filter_triangle
gdGetInt->fileGetchar
gdGetInt->fileTell
gdGetInt->gdFreeFileCtx
gdGetInt->sourceGetchar
gdGetInt->gdFreeSsCtx
gdGetInt->dynamicGetchar
gdGetInt->dynamicTell
gdGetInt->gdFreeDynamicCtx
gdGetInt->filter_bell
gdGetInt->filter_bessel
gdGetInt->filter_bicubic
gdGetInt->filter_blackman
gdGetInt->filter_box
gdGetInt->filter_bspline
gdGetInt->filter_catmullrom
gdGetInt->filter_gaussian
gdGetInt->filter_generalized_cubic
gdGetInt->filter_hermite
gdGetInt->filter_hamming
gdGetInt->filter_hanning
gdGetInt->filter_mitchell
gdGetInt->filter_power
gdGetInt->filter_quadratic
gdGetInt->filter_sinc
gdGetInt->filter_triangle
gdGetInt->fileGetchar
gdGetInt->fileTell
gdGetInt->gdFreeFileCtx
gdGetInt->sourceGetchar
gdGetInt->gdFreeSsCtx
gdGetIntLSB->dynamicGetchar
gdGetIntLSB->dynamicTell
gdGetIntLSB->gdFreeDynamicCtx
gdGetIntLSB->filter_bell
gdGetIntLSB->filter_bessel
gdGetIntLSB->filter_bicubic
gdGetIntLSB->filter_blackman
gdGetIntLSB->filter_box
gdGetIntLSB->filter_bspline
gdGetIntLSB->filter_catmullrom
gdGetIntLSB->filter_gaussian
gdGetIntLSB->filter_generalized_cubic
gdGetIntLSB->filter_hermite
gdGetIntLSB->filter_hamming
gdGetIntLSB->filter_hanning
gdGetIntLSB->filter_mitchell
gdGetIntLSB->filter_power
gdGetIntLSB->filter_quadratic
gdGetIntLSB->filter_sinc
gdGetIntLSB->filter_triangle
gdGetIntLSB->fileGetchar
gdGetIntLSB->fileTell
gdGetIntLSB->gdFreeFileCtx
gdGetIntLSB->sourceGetchar
gdGetIntLSB->gdFreeSsCtx
gdGetIntLSB->dynamicGetchar
gdGetIntLSB->dynamicTell
gdGetIntLSB->gdFreeDynamicCtx
gdGetIntLSB->filter_bell
gdGetIntLSB->filter_bessel
gdGetIntLSB->filter_bicubic
gdGetIntLSB->filter_blackman
gdGetIntLSB->filter_box
gdGetIntLSB->filter_bspline
gdGetIntLSB->filter_catmullrom
gdGetIntLSB->filter_gaussian
gdGetIntLSB->filter_generalized_cubic
gdGetIntLSB->filter_hermite
gdGetIntLSB->filter_hamming
gdGetIntLSB->filter_hanning
gdGetIntLSB->filter_mitchell
gdGetIntLSB->filter_power
gdGetIntLSB->filter_quadratic
gdGetIntLSB->filter_sinc
gdGetIntLSB->filter_triangle
gdGetIntLSB->fileGetchar
gdGetIntLSB->fileTell
gdGetIntLSB->gdFreeFileCtx
gdGetIntLSB->sourceGetchar
gdGetIntLSB->gdFreeSsCtx
gdGetIntLSB->dynamicGetchar
gdGetIntLSB->dynamicTell
gdGetIntLSB->gdFreeDynamicCtx
gdGetIntLSB->filter_bell
gdGetIntLSB->filter_bessel
gdGetIntLSB->filter_bicubic
gdGetIntLSB->filter_blackman
gdGetIntLSB->filter_box
gdGetIntLSB->filter_bspline
gdGetIntLSB->filter_catmullrom
gdGetIntLSB->filter_gaussian
gdGetIntLSB->filter_generalized_cubic
gdGetIntLSB->filter_hermite
gdGetIntLSB->filter_hamming
gdGetIntLSB->filter_hanning
gdGetIntLSB->filter_mitchell
gdGetIntLSB->filter_power
gdGetIntLSB->filter_quadratic
gdGetIntLSB->filter_sinc
gdGetIntLSB->filter_triangle
gdGetIntLSB->fileGetchar
gdGetIntLSB->fileTell
gdGetIntLSB->gdFreeFileCtx
gdGetIntLSB->sourceGetchar
gdGetIntLSB->gdFreeSsCtx
gdGetIntLSB->dynamicGetchar
gdGetIntLSB->dynamicTell
gdGetIntLSB->gdFreeDynamicCtx
gdGetIntLSB->filter_bell
gdGetIntLSB->filter_bessel
gdGetIntLSB->filter_bicubic
gdGetIntLSB->filter_blackman
gdGetIntLSB->filter_box
gdGetIntLSB->filter_bspline
gdGetIntLSB->filter_catmullrom
gdGetIntLSB->filter_gaussian
gdGetIntLSB->filter_generalized_cubic
gdGetIntLSB->filter_hermite
gdGetIntLSB->filter_hamming
gdGetIntLSB->filter_hanning
gdGetIntLSB->filter_mitchell
gdGetIntLSB->filter_power
gdGetIntLSB->filter_quadratic
gdGetIntLSB->filter_sinc
gdGetIntLSB->filter_triangle
gdGetIntLSB->fileGetchar
gdGetIntLSB->fileTell
gdGetIntLSB->gdFreeFileCtx
gdGetIntLSB->sourceGetchar
gdGetIntLSB->gdFreeSsCtx
gdPutBuf->dynamicGetbuf
gdPutBuf->dynamicPutbuf
gdPutBuf->fileGetbuf
gdPutBuf->filePutbuf
gdPutBuf->sourceGetbuf
gdPutBuf->sinkPutbuf
gdGetBuf->dynamicGetbuf
gdGetBuf->dynamicPutbuf
gdGetBuf->fileGetbuf
gdGetBuf->filePutbuf
gdGetBuf->sourceGetbuf
gdGetBuf->sinkPutbuf
gdSeek->dynamicPutchar
gdSeek->dynamicSeek
gdSeek->filePutchar
gdSeek->fileSeek
gdSeek->sinkPutchar
gdTell->dynamicGetchar
gdTell->dynamicTell
gdTell->gdFreeDynamicCtx
gdTell->filter_bell
gdTell->filter_bessel
gdTell->filter_bicubic
gdTell->filter_blackman
gdTell->filter_box
gdTell->filter_bspline
gdTell->filter_catmullrom
gdTell->filter_gaussian
gdTell->filter_generalized_cubic
gdTell->filter_hermite
gdTell->filter_hamming
gdTell->filter_hanning
gdTell->filter_mitchell
gdTell->filter_power
gdTell->filter_quadratic
gdTell->filter_sinc
gdTell->filter_triangle
gdTell->fileGetchar
gdTell->fileTell
gdTell->gdFreeFileCtx
gdTell->sourceGetchar
gdTell->gdFreeSsCtx
gdNewDynamicCtx->gdNewDynamicCtxEx
gdNewDynamicCtxEx->gdMalloc
gdNewDynamicCtxEx->newDynamic
gdNewDynamicCtxEx->gdFree
newDynamic->gdMalloc
newDynamic->allocDynamic
newDynamic->gdFree
dynamicGetchar->dynamicGetbuf
dynamicPutchar->appendDynamic
dynamicGetbuf->llvm.memcpy.p0i8.p0i8.i64
dynamicPutbuf->appendDynamic
dynamicSeek->overflow2
dynamicSeek->gdReallocDynamic
gdFreeDynamicCtx->gdFree
gdFreeDynamicCtx->gdFree
gdFreeDynamicCtx->gdFree
gdReallocDynamic->gdRealloc
gdReallocDynamic->gdMalloc
gdReallocDynamic->llvm.memcpy.p0i8.p0i8.i64
gdReallocDynamic->gdFree
appendDynamic->overflow2
appendDynamic->gdReallocDynamic
appendDynamic->llvm.memcpy.p0i8.p0i8.i64
allocDynamic->gdMalloc
gdDPExtractData->trimDynamic
gdDPExtractData->gdFree
trimDynamic->gdReallocDynamic
getPixelInterpolated->getPixelInterpolateWeight
getPixelInterpolated->getPixelOverflowTC
getPixelInterpolated->getPixelOverflowPalette
getPixelInterpolated->getPixelOverflowTC
getPixelInterpolated->getPixelOverflowPalette
getPixelInterpolateWeight->getPixelOverflowTC
getPixelInterpolateWeight->getPixelOverflowPalette
getPixelInterpolateWeight->getPixelOverflowTC
getPixelInterpolateWeight->getPixelOverflowPalette
getPixelInterpolateWeight->getPixelOverflowTC
getPixelInterpolateWeight->getPixelOverflowPalette
getPixelInterpolateWeight->getPixelOverflowTC
getPixelInterpolateWeight->getPixelOverflowPalette
getPixelOverflowTC->gdImageBoundsSafe
getPixelOverflowPalette->gdImageBoundsSafe
getPixelOverflowPalette->gdImageGetPixel
getPixelOverflowPalette->gdImageGetPixel
getPixelOverflowPalette->gdImageGetPixel
getPixelOverflowPalette->gdImageGetPixel
getPixelOverflowPalette->gdImageGetPixel
gdImageScale->gdImageScaleNearestNeighbour
gdImageScale->gdImageScaleBilinear
gdImageScale->gdImageScaleBicubicFixed
gdImageScale->gdImageScaleTwoPass
gdImageScaleNearestNeighbour->gdImageCreateTrueColor
gdImageScaleBilinear->gdImageScaleBilinearTC
gdImageScaleBilinear->gdImageScaleBilinearPalette
gdImageScaleBicubicFixed->gdImagePaletteToTrueColor
gdImageScaleBicubicFixed->gdImageCreateTrueColor
gdImageScaleTwoPass->gdImageClone
gdImageScaleTwoPass->gdImagePaletteToTrueColor
gdImageScaleTwoPass->gdImageCreateTrueColor
gdImageScaleTwoPass->gdImageSetInterpolationMethod
gdImageScaleTwoPass->_gdScalePass
gdImageScaleTwoPass->gdImageDestroy
gdImageScaleTwoPass->gdImageCreateTrueColor
gdImageScaleTwoPass->gdImageSetInterpolationMethod
gdImageScaleTwoPass->_gdScalePass
gdImageScaleTwoPass->gdImageDestroy
gdImageScaleTwoPass->gdImageDestroy
gdImageScaleTwoPass->gdImageDestroy
_gdScalePass->_gdContributionsCalc
_gdScalePass->_gdScaleOneAxis
_gdScalePass->_gdContributionsFree
_gdContributionsCalc->llvm.ceil.f64
_gdContributionsCalc->_gdContributionsAlloc
_gdContributionsCalc->llvm.floor.f64
_gdContributionsCalc->llvm.floor.f64
_gdContributionsCalc->llvm.ceil.f64
_gdContributionsCalc->llvm.ceil.f64
_gdContributionsCalc->_gdContributionsFree
_gdContributionsCalc->dynamicGetchar
_gdContributionsCalc->dynamicTell
_gdContributionsCalc->gdFreeDynamicCtx
_gdContributionsCalc->filter_bell
_gdContributionsCalc->filter_bessel
_gdContributionsCalc->filter_bicubic
_gdContributionsCalc->filter_blackman
_gdContributionsCalc->filter_box
_gdContributionsCalc->filter_bspline
_gdContributionsCalc->filter_catmullrom
_gdContributionsCalc->filter_gaussian
_gdContributionsCalc->filter_generalized_cubic
_gdContributionsCalc->filter_hermite
_gdContributionsCalc->filter_hamming
_gdContributionsCalc->filter_hanning
_gdContributionsCalc->filter_mitchell
_gdContributionsCalc->filter_power
_gdContributionsCalc->filter_quadratic
_gdContributionsCalc->filter_sinc
_gdContributionsCalc->filter_triangle
_gdContributionsCalc->fileGetchar
_gdContributionsCalc->fileTell
_gdContributionsCalc->gdFreeFileCtx
_gdContributionsCalc->sourceGetchar
_gdContributionsCalc->gdFreeSsCtx
_gdScaleOneAxis->uchar_clamp.795
_gdScaleOneAxis->uchar_clamp.795
_gdScaleOneAxis->uchar_clamp.795
_gdScaleOneAxis->uchar_clamp.795
_gdContributionsFree->gdFree
_gdContributionsFree->gdFree
_gdContributionsFree->gdFree
_gdContributionsAlloc->overflow2
_gdContributionsAlloc->gdMalloc
_gdContributionsAlloc->overflow2
_gdContributionsAlloc->gdFree
_gdContributionsAlloc->gdMalloc
_gdContributionsAlloc->gdFree
_gdContributionsAlloc->gdMalloc
_gdContributionsAlloc->gdFree
_gdContributionsAlloc->gdFree
_gdContributionsAlloc->gdFree
filter_bell->pow
filter_bessel->KernelBessel_Order1
filter_bicubic->llvm.fabs.f64
filter_blackman->cos
filter_blackman->cos
filter_gaussian->exp
filter_generalized_cubic->llvm.fabs.f64
filter_hanning->cos
filter_power->llvm.fabs.f64
filter_power->pow
filter_power->llvm.fabs.f64
filter_sinc->sin
KernelBessel_Order1->KernelBessel_J1
KernelBessel_Order1->sqrt
KernelBessel_Order1->KernelBessel_P1
KernelBessel_Order1->sqrt
KernelBessel_Order1->sin
KernelBessel_Order1->cos
KernelBessel_Order1->KernelBessel_Q1
KernelBessel_Order1->sqrt
KernelBessel_Order1->sin
KernelBessel_Order1->cos
gdImageScaleBilinearTC->gdImageCreateTrueColor
gdImageScaleBilinearTC->getPixelOverflowTC
gdImageScaleBilinearTC->getPixelOverflowTC
gdImageScaleBilinearTC->getPixelOverflowTC
gdImageScaleBilinearTC->getPixelOverflowTC
gdImageScaleBilinearPalette->gdImageCreateTrueColor
gdImageScaleBilinearPalette->getPixelOverflowPalette
gdImageScaleBilinearPalette->getPixelOverflowPalette
gdImageScaleBilinearPalette->getPixelOverflowPalette
gdImageScaleBilinearPalette->getPixelOverflowPalette
gdImageRotateInterpolated->llvm.floor.f32
gdImageRotateInterpolated->fmod
gdImageRotateInterpolated->gdImageClone
gdImageRotateInterpolated->gdImagePaletteToTrueColor
gdImageRotateInterpolated->gdImageRotate90
gdImageRotateInterpolated->gdImageRotate180
gdImageRotateInterpolated->gdImageRotate270
gdImageRotateInterpolated->gdImageRotateNearestNeighbour
gdImageRotateInterpolated->gdImageRotateBilinear
gdImageRotateInterpolated->gdImageRotateBicubicFixed
gdImageRotateInterpolated->gdImageRotateGeneric
gdImageRotateNearestNeighbour->cos
gdImageRotateNearestNeighbour->abs
gdImageRotateNearestNeighbour->sin
gdImageRotateNearestNeighbour->abs
gdImageRotateNearestNeighbour->sin
gdImageRotateNearestNeighbour->abs
gdImageRotateNearestNeighbour->cos
gdImageRotateNearestNeighbour->abs
gdImageRotateNearestNeighbour->cos
gdImageRotateNearestNeighbour->sin
gdImageRotateNearestNeighbour->gdImagePaletteToTrueColor
gdImageRotateNearestNeighbour->gdImageCreateTrueColor
gdImageRotateBilinear->cos
gdImageRotateBilinear->abs
gdImageRotateBilinear->sin
gdImageRotateBilinear->abs
gdImageRotateBilinear->sin
gdImageRotateBilinear->abs
gdImageRotateBilinear->cos
gdImageRotateBilinear->abs
gdImageRotateBilinear->cos
gdImageRotateBilinear->sin
gdImageRotateBilinear->gdImagePaletteToTrueColor
gdImageRotateBilinear->gdImageCreateTrueColor
gdImageRotateBicubicFixed->cos
gdImageRotateBicubicFixed->abs
gdImageRotateBicubicFixed->sin
gdImageRotateBicubicFixed->abs
gdImageRotateBicubicFixed->sin
gdImageRotateBicubicFixed->abs
gdImageRotateBicubicFixed->cos
gdImageRotateBicubicFixed->abs
gdImageRotateBicubicFixed->cos
gdImageRotateBicubicFixed->sin
gdImageRotateBicubicFixed->gdImagePaletteToTrueColor
gdImageRotateBicubicFixed->gdImageCreateTrueColor
gdImageRotateBicubicFixed->_color_blend
gdImageRotateGeneric->cos
gdImageRotateGeneric->abs
gdImageRotateGeneric->sin
gdImageRotateGeneric->abs
gdImageRotateGeneric->sin
gdImageRotateGeneric->abs
gdImageRotateGeneric->cos
gdImageRotateGeneric->abs
gdImageRotateGeneric->cos
gdImageRotateGeneric->sin
gdImageRotateGeneric->gdImagePaletteToTrueColor
gdImageRotateGeneric->gdImageCreateTrueColor
gdImageRotateGeneric->getPixelInterpolated
gdImageRotateGeneric->_color_blend
gdImageRotateGeneric->getPixelInterpolated
gdDumpRect->printf
gdTransformAffineGetImage->gdTransformAffineBoundingBox
gdTransformAffineGetImage->gdImageCreateTrueColor
gdTransformAffineGetImage->gdImagePaletteToTrueColor
gdTransformAffineGetImage->gdAffineTranslate
gdTransformAffineGetImage->gdAffineConcat
gdTransformAffineGetImage->gdImageAlphaBlending
gdTransformAffineGetImage->gdTransformAffineCopy
gdTransformAffineGetImage->gdImageDestroy
gdTransformAffineBoundingBox->llvm.memcpy.p0i8.p0i8.i64
gdTransformAffineBoundingBox->gdAffineApplyToPointF
gdTransformAffineBoundingBox->llvm.memcpy.p0i8.p0i8.i64
gdTransformAffineBoundingBox->llvm.memcpy.p0i8.p0i8.i64
gdTransformAffineBoundingBox->llvm.floor.f64
gdTransformAffineBoundingBox->llvm.floor.f64
gdTransformAffineCopy->gdImageSetInterpolationMethod
gdTransformAffineCopy->gdImageClipRectangle
gdTransformAffineCopy->gdImageGetClip
gdTransformAffineCopy->gdImageSetClip
gdTransformAffineCopy->gdTransformAffineBoundingBox
gdTransformAffineCopy->gdImageSetClip
gdTransformAffineCopy->gdImageSetInterpolationMethod
gdTransformAffineCopy->gdImageGetClip
gdTransformAffineCopy->llvm.fabs.f64
gdTransformAffineCopy->llvm.fabs.f64
gdTransformAffineCopy->gdAffineInvert
gdTransformAffineCopy->gdAffineApplyToPointF
gdTransformAffineCopy->getPixelInterpolated
gdTransformAffineCopy->gdImageSetPixel
gdTransformAffineCopy->gdAffineApplyToPointF
gdTransformAffineCopy->getPixelInterpolated
gdTransformAffineCopy->gdImageSetClip
gdTransformAffineCopy->gdImageSetInterpolationMethod
gdImageClipRectangle->gdImageGetClip
gdImageCreateFromGif->gdNewFileCtx
gdImageCreateFromGif->gdImageCreateFromGifCtx
gdImageCreateFromGif->dynamicGetchar
gdImageCreateFromGif->dynamicTell
gdImageCreateFromGif->gdFreeDynamicCtx
gdImageCreateFromGif->filter_bell
gdImageCreateFromGif->filter_bessel
gdImageCreateFromGif->filter_bicubic
gdImageCreateFromGif->filter_blackman
gdImageCreateFromGif->filter_box
gdImageCreateFromGif->filter_bspline
gdImageCreateFromGif->filter_catmullrom
gdImageCreateFromGif->filter_gaussian
gdImageCreateFromGif->filter_generalized_cubic
gdImageCreateFromGif->filter_hermite
gdImageCreateFromGif->filter_hamming
gdImageCreateFromGif->filter_hanning
gdImageCreateFromGif->filter_mitchell
gdImageCreateFromGif->filter_power
gdImageCreateFromGif->filter_quadratic
gdImageCreateFromGif->filter_sinc
gdImageCreateFromGif->filter_triangle
gdImageCreateFromGif->fileGetchar
gdImageCreateFromGif->fileTell
gdImageCreateFromGif->gdFreeFileCtx
gdImageCreateFromGif->sourceGetchar
gdImageCreateFromGif->gdFreeSsCtx
gdImageCreateFromGifCtx->llvm.memset.p0i8.i64
gdImageCreateFromGifCtx->llvm.memset.p0i8.i64
gdImageCreateFromGifCtx->gdGetBuf
gdImageCreateFromGifCtx->strncmp
gdImageCreateFromGifCtx->memcmp
gdImageCreateFromGifCtx->memcmp
gdImageCreateFromGifCtx->gdGetBuf
gdImageCreateFromGifCtx->ReadColorMap
gdImageCreateFromGifCtx->gdGetBuf
gdImageCreateFromGifCtx->gdGetBuf
gdImageCreateFromGifCtx->DoExtension
gdImageCreateFromGifCtx->gdGetBuf
gdImageCreateFromGifCtx->gdImageCreate
gdImageCreateFromGifCtx->ReadColorMap
gdImageCreateFromGifCtx->gdImageDestroy
gdImageCreateFromGifCtx->ReadImage
gdImageCreateFromGifCtx->gdImageDestroy
gdImageCreateFromGifCtx->ReadImage
gdImageCreateFromGifCtx->gdImageColorTransparent
gdImageCreateFromGifCtx->gdImageDestroy
ReadColorMap->gdGetBuf
DoExtension->llvm.memset.p0i8.i64
DoExtension->GetDataBlock
DoExtension->GetDataBlock
DoExtension->GetDataBlock
ReadImage->gdGetBuf
ReadImage->LWZReadByte
ReadImage->LWZReadByte
ReadImage->gdImageSetPixel
ReadImage->LWZReadByte
LWZReadByte->LWZReadByte_
LWZReadByte_->GetCode
LWZReadByte_->GetCode
LWZReadByte_->GetCode
LWZReadByte_->GetCode
LWZReadByte_->GetDataBlock
GetCode->GetCode_
GetDataBlock->GetDataBlock_
GetDataBlock_->gdGetBuf
GetDataBlock_->gdGetBuf
GetCode_->GetDataBlock
gdImageCreateFromGifPtr->gdNewDynamicCtxEx
gdImageCreateFromGifPtr->gdImageCreateFromGifCtx
gdImageCreateFromGifPtr->dynamicGetchar
gdImageCreateFromGifPtr->dynamicTell
gdImageCreateFromGifPtr->gdFreeDynamicCtx
gdImageCreateFromGifPtr->filter_bell
gdImageCreateFromGifPtr->filter_bessel
gdImageCreateFromGifPtr->filter_bicubic
gdImageCreateFromGifPtr->filter_blackman
gdImageCreateFromGifPtr->filter_box
gdImageCreateFromGifPtr->filter_bspline
gdImageCreateFromGifPtr->filter_catmullrom
gdImageCreateFromGifPtr->filter_gaussian
gdImageCreateFromGifPtr->filter_generalized_cubic
gdImageCreateFromGifPtr->filter_hermite
gdImageCreateFromGifPtr->filter_hamming
gdImageCreateFromGifPtr->filter_hanning
gdImageCreateFromGifPtr->filter_mitchell
gdImageCreateFromGifPtr->filter_power
gdImageCreateFromGifPtr->filter_quadratic
gdImageCreateFromGifPtr->filter_sinc
gdImageCreateFromGifPtr->filter_triangle
gdImageCreateFromGifPtr->fileGetchar
gdImageCreateFromGifPtr->fileTell
gdImageCreateFromGifPtr->gdFreeFileCtx
gdImageCreateFromGifPtr->sourceGetchar
gdImageCreateFromGifPtr->gdFreeSsCtx
gdImageGifPtr->gdNewDynamicCtx
gdImageGifPtr->_gdImageGifCtx
gdImageGifPtr->gdDPExtractData
gdImageGifPtr->dynamicGetchar
gdImageGifPtr->dynamicTell
gdImageGifPtr->gdFreeDynamicCtx
gdImageGifPtr->filter_bell
gdImageGifPtr->filter_bessel
gdImageGifPtr->filter_bicubic
gdImageGifPtr->filter_blackman
gdImageGifPtr->filter_box
gdImageGifPtr->filter_bspline
gdImageGifPtr->filter_catmullrom
gdImageGifPtr->filter_gaussian
gdImageGifPtr->filter_generalized_cubic
gdImageGifPtr->filter_hermite
gdImageGifPtr->filter_hamming
gdImageGifPtr->filter_hanning
gdImageGifPtr->filter_mitchell
gdImageGifPtr->filter_power
gdImageGifPtr->filter_quadratic
gdImageGifPtr->filter_sinc
gdImageGifPtr->filter_triangle
gdImageGifPtr->fileGetchar
gdImageGifPtr->fileTell
gdImageGifPtr->gdFreeFileCtx
gdImageGifPtr->sourceGetchar
gdImageGifPtr->gdFreeSsCtx
_gdImageGifCtx->gdImageCreatePaletteFromTrueColor
_gdImageGifCtx->colorstobpp
_gdImageGifCtx->GIFEncode
_gdImageGifCtx->gdImageDestroy
GIFEncode->llvm.memset.p0i8.i64
GIFEncode->gdPutBuf
GIFEncode->gifPutWord
GIFEncode->gifPutWord
GIFEncode->gdPutC
GIFEncode->gdPutC
GIFEncode->gdPutC
GIFEncode->gdPutC
GIFEncode->gdPutC
GIFEncode->gdPutC
GIFEncode->gdPutC
GIFEncode->gdPutC
GIFEncode->gdPutC
GIFEncode->gdPutC
GIFEncode->gdPutC
GIFEncode->gdPutC
GIFEncode->gdPutC
GIFEncode->gdPutC
GIFEncode->gdPutC
GIFEncode->gifPutWord
GIFEncode->gifPutWord
GIFEncode->gifPutWord
GIFEncode->gifPutWord
GIFEncode->gdPutC
GIFEncode->gdPutC
GIFEncode->gdPutC
GIFEncode->compress.802
GIFEncode->gdPutC
GIFEncode->gdPutC
gifPutWord->gdPutC
gifPutWord->gdPutC
compress.802->char_init
compress.802->GIFNextPixel
compress.802->cl_hash
compress.802->output
compress.802->GIFNextPixel
compress.802->output
compress.802->cl_block
compress.802->output
compress.802->output
GIFNextPixel->gdImageGetPixel
GIFNextPixel->BumpPixel
output->char_out
output->char_out
output->flush_char
cl_block->cl_hash
cl_block->output
char_out->flush_char
flush_char->gdPutC
flush_char->gdPutBuf
gdImageGif->gdNewFileCtx
gdImageGif->gdImageGifCtx
gdImageGif->dynamicGetchar
gdImageGif->dynamicTell
gdImageGif->gdFreeDynamicCtx
gdImageGif->filter_bell
gdImageGif->filter_bessel
gdImageGif->filter_bicubic
gdImageGif->filter_blackman
gdImageGif->filter_box
gdImageGif->filter_bspline
gdImageGif->filter_catmullrom
gdImageGif->filter_gaussian
gdImageGif->filter_generalized_cubic
gdImageGif->filter_hermite
gdImageGif->filter_hamming
gdImageGif->filter_hanning
gdImageGif->filter_mitchell
gdImageGif->filter_power
gdImageGif->filter_quadratic
gdImageGif->filter_sinc
gdImageGif->filter_triangle
gdImageGif->fileGetchar
gdImageGif->fileTell
gdImageGif->gdFreeFileCtx
gdImageGif->sourceGetchar
gdImageGif->gdFreeSsCtx
gdImageGifCtx->_gdImageGifCtx
gdImageGifAnimBeginPtr->gdNewDynamicCtx
gdImageGifAnimBeginPtr->gdImageGifAnimBeginCtx
gdImageGifAnimBeginPtr->gdDPExtractData
gdImageGifAnimBeginPtr->dynamicGetchar
gdImageGifAnimBeginPtr->dynamicTell
gdImageGifAnimBeginPtr->gdFreeDynamicCtx
gdImageGifAnimBeginPtr->filter_bell
gdImageGifAnimBeginPtr->filter_bessel
gdImageGifAnimBeginPtr->filter_bicubic
gdImageGifAnimBeginPtr->filter_blackman
gdImageGifAnimBeginPtr->filter_box
gdImageGifAnimBeginPtr->filter_bspline
gdImageGifAnimBeginPtr->filter_catmullrom
gdImageGifAnimBeginPtr->filter_gaussian
gdImageGifAnimBeginPtr->filter_generalized_cubic
gdImageGifAnimBeginPtr->filter_hermite
gdImageGifAnimBeginPtr->filter_hamming
gdImageGifAnimBeginPtr->filter_hanning
gdImageGifAnimBeginPtr->filter_mitchell
gdImageGifAnimBeginPtr->filter_power
gdImageGifAnimBeginPtr->filter_quadratic
gdImageGifAnimBeginPtr->filter_sinc
gdImageGifAnimBeginPtr->filter_triangle
gdImageGifAnimBeginPtr->fileGetchar
gdImageGifAnimBeginPtr->fileTell
gdImageGifAnimBeginPtr->gdFreeFileCtx
gdImageGifAnimBeginPtr->sourceGetchar
gdImageGifAnimBeginPtr->gdFreeSsCtx
gdImageGifAnimBeginCtx->colorstobpp
gdImageGifAnimBeginCtx->gdPutBuf
gdImageGifAnimBeginCtx->gifPutWord
gdImageGifAnimBeginCtx->gifPutWord
gdImageGifAnimBeginCtx->gdPutC
gdImageGifAnimBeginCtx->gdPutC
gdImageGifAnimBeginCtx->gdPutC
gdImageGifAnimBeginCtx->gdPutC
gdImageGifAnimBeginCtx->gdPutC
gdImageGifAnimBeginCtx->gdPutC
gdImageGifAnimBeginCtx->gdPutBuf
gdImageGifAnimBeginCtx->gifPutWord
gdImageGifAnimBeginCtx->gdPutC
gdImageGifAnimBegin->gdNewFileCtx
gdImageGifAnimBegin->gdImageGifAnimBeginCtx
gdImageGifAnimBegin->dynamicGetchar
gdImageGifAnimBegin->dynamicTell
gdImageGifAnimBegin->gdFreeDynamicCtx
gdImageGifAnimBegin->filter_bell
gdImageGifAnimBegin->filter_bessel
gdImageGifAnimBegin->filter_bicubic
gdImageGifAnimBegin->filter_blackman
gdImageGifAnimBegin->filter_box
gdImageGifAnimBegin->filter_bspline
gdImageGifAnimBegin->filter_catmullrom
gdImageGifAnimBegin->filter_gaussian
gdImageGifAnimBegin->filter_generalized_cubic
gdImageGifAnimBegin->filter_hermite
gdImageGifAnimBegin->filter_hamming
gdImageGifAnimBegin->filter_hanning
gdImageGifAnimBegin->filter_mitchell
gdImageGifAnimBegin->filter_power
gdImageGifAnimBegin->filter_quadratic
gdImageGifAnimBegin->filter_sinc
gdImageGifAnimBegin->filter_triangle
gdImageGifAnimBegin->fileGetchar
gdImageGifAnimBegin->fileTell
gdImageGifAnimBegin->gdFreeFileCtx
gdImageGifAnimBegin->sourceGetchar
gdImageGifAnimBegin->gdFreeSsCtx
gdImageGifAnimAddPtr->gdNewDynamicCtx
gdImageGifAnimAddPtr->gdImageGifAnimAddCtx
gdImageGifAnimAddPtr->gdDPExtractData
gdImageGifAnimAddPtr->dynamicGetchar
gdImageGifAnimAddPtr->dynamicTell
gdImageGifAnimAddPtr->gdFreeDynamicCtx
gdImageGifAnimAddPtr->filter_bell
gdImageGifAnimAddPtr->filter_bessel
gdImageGifAnimAddPtr->filter_bicubic
gdImageGifAnimAddPtr->filter_blackman
gdImageGifAnimAddPtr->filter_box
gdImageGifAnimAddPtr->filter_bspline
gdImageGifAnimAddPtr->filter_catmullrom
gdImageGifAnimAddPtr->filter_gaussian
gdImageGifAnimAddPtr->filter_generalized_cubic
gdImageGifAnimAddPtr->filter_hermite
gdImageGifAnimAddPtr->filter_hamming
gdImageGifAnimAddPtr->filter_hanning
gdImageGifAnimAddPtr->filter_mitchell
gdImageGifAnimAddPtr->filter_power
gdImageGifAnimAddPtr->filter_quadratic
gdImageGifAnimAddPtr->filter_sinc
gdImageGifAnimAddPtr->filter_triangle
gdImageGifAnimAddPtr->fileGetchar
gdImageGifAnimAddPtr->fileTell
gdImageGifAnimAddPtr->gdFreeFileCtx
gdImageGifAnimAddPtr->sourceGetchar
gdImageGifAnimAddPtr->gdFreeSsCtx
gdImageGifAnimAddCtx->gdImageCreatePaletteFromTrueColor
gdImageGifAnimAddCtx->gdImageCreatePaletteFromTrueColor
gdImageGifAnimAddCtx->comparewithmap
gdImageGifAnimAddCtx->comparewithmap
gdImageGifAnimAddCtx->comparewithmap
gdImageGifAnimAddCtx->comparewithmap
gdImageGifAnimAddCtx->gdImageCreate
gdImageGifAnimAddCtx->gdImageDestroy
gdImageGifAnimAddCtx->gdImagePaletteCopy
gdImageGifAnimAddCtx->gdImageCopy
gdImageGifAnimAddCtx->gdImageDestroy
gdImageGifAnimAddCtx->comparewithmap
gdImageGifAnimAddCtx->gdImageSetPixel
gdImageGifAnimAddCtx->gdImageDestroy
gdImageGifAnimAddCtx->colorstobpp
gdImageGifAnimAddCtx->GIFAnimEncode
gdImageGifAnimAddCtx->gdImageDestroy
comparewithmap->gdImageColorExactAlpha
GIFAnimEncode->llvm.memset.p0i8.i64
GIFAnimEncode->gdPutC
GIFAnimEncode->gdPutC
GIFAnimEncode->gdPutC
GIFAnimEncode->gdPutC
GIFAnimEncode->gdPutC
GIFAnimEncode->gdPutC
GIFAnimEncode->gdPutC
GIFAnimEncode->gdPutC
GIFAnimEncode->gdPutC
GIFAnimEncode->gifPutWord
GIFAnimEncode->gifPutWord
GIFAnimEncode->gifPutWord
GIFAnimEncode->gifPutWord
GIFAnimEncode->gdPutC
GIFAnimEncode->gdPutC
GIFAnimEncode->gdPutC
GIFAnimEncode->gdPutC
GIFAnimEncode->gdPutC
GIFAnimEncode->compress.802
GIFAnimEncode->gdPutC
gdImageGifAnimAdd->gdNewFileCtx
gdImageGifAnimAdd->gdImageGifAnimAddCtx
gdImageGifAnimAdd->dynamicGetchar
gdImageGifAnimAdd->dynamicTell
gdImageGifAnimAdd->gdFreeDynamicCtx
gdImageGifAnimAdd->filter_bell
gdImageGifAnimAdd->filter_bessel
gdImageGifAnimAdd->filter_bicubic
gdImageGifAnimAdd->filter_blackman
gdImageGifAnimAdd->filter_box
gdImageGifAnimAdd->filter_bspline
gdImageGifAnimAdd->filter_catmullrom
gdImageGifAnimAdd->filter_gaussian
gdImageGifAnimAdd->filter_generalized_cubic
gdImageGifAnimAdd->filter_hermite
gdImageGifAnimAdd->filter_hamming
gdImageGifAnimAdd->filter_hanning
gdImageGifAnimAdd->filter_mitchell
gdImageGifAnimAdd->filter_power
gdImageGifAnimAdd->filter_quadratic
gdImageGifAnimAdd->filter_sinc
gdImageGifAnimAdd->filter_triangle
gdImageGifAnimAdd->fileGetchar
gdImageGifAnimAdd->fileTell
gdImageGifAnimAdd->gdFreeFileCtx
gdImageGifAnimAdd->sourceGetchar
gdImageGifAnimAdd->gdFreeSsCtx
gdImageGifAnimEnd->_IO_putc
gdImageGifAnimEndPtr->gdMalloc
gdImageGifAnimEndCtx->gdPutC
gdNewFileCtx->gdMalloc
fileGetchar->_IO_getc
filePutchar->_IO_putc
fileGetbuf->fread
filePutbuf->fwrite
fileTell->ftell
fileSeek->fseek
gdFreeFileCtx->gdFree
