_idn2_u8_to_u32_nfc->__errno_location
_idn2_u8_to_u32_nfc->_isNFC
_idn2_u8_to_u32_nfc->free
_idn2_u8_to_u32_nfc->u32_normalize
_idn2_u8_to_u32_nfc->u8_to_u32
u8_conv_from_encoding->__errno_location
u8_conv_from_encoding->llvm.memcpy.p0i8.p0i8.i64
u8_conv_from_encoding->malloc
u8_conv_from_encoding->c_strcasecmp
u8_conv_from_encoding->abort
u8_conv_from_encoding->mem_iconveha
u8_conv_from_encoding->u8_check
u8_conv_from_encoding->u8_mblen
idn2_lookup_u8->free
idn2_lookup_u8->_tr46
idn2_lookup_u8->llvm.memcpy.p0i8.p0i8.i64
idn2_lookup_u8->strchrnul
idn2_lookup_u8->label
idn2_lookup_u8->malloc
idn2_lookup_u8->u8_strlen
uc_is_general_category_withtable->lookup_withtable
idn2_to_ascii_4i->__errno_location
idn2_to_ascii_4i->free
idn2_to_ascii_4i->idn2_lookup_u8
idn2_to_ascii_4i->malloc
idn2_to_ascii_4i->strcpy
idn2_to_ascii_4i->u32_cpy
idn2_to_ascii_4i->u32_to_u8
uc_canonical_decomposition->abort
uc_canonical_decomposition->decomp_index
idn2_to_unicode_44i->free
idn2_to_unicode_44i->malloc
idn2_to_unicode_44i->idn2_to_unicode_4z4z
idn2_to_unicode_44i->u32_cpy
idn2_to_unicode_44i->u32_strlen
gl_uninorm_decompose_merge_sort_inplace->llvm.memcpy.p0i8.p0i8.i64
gl_uninorm_decompose_merge_sort_inplace->gl_uninorm_decompose_merge_sort_fromto
gl_uninorm_decompose_merge_sort_inplace->merge
gl_uninorm_decompose_merge_sort_inplace->gl_uninorm_decompose_merge_sort_inplace
idn2_register_ul->__errno_location
idn2_register_ul->free
idn2_register_ul->idn2_register_u8
idn2_register_ul->u8_strconv_from_locale
_idn2_punycode_encode->encode_digit
_idn2_punycode_encode->adapt
u8_strlen->strlen
get_idna_map->bsearch
get_idna_map->llvm.memset.p0i8.i64
get_idna_map->_fill_map
_idn2_unassigned_p->property
iconveh_open->__errno_location
iconveh_open->c_strcasecmp
iconveh_open->iconv_open
iconveh_open->iconv_close
iconv_carefully_1->__errno_location
iconv_carefully_1->iconv
u8_strconv_from_encoding->__errno_location
u8_strconv_from_encoding->free
u8_strconv_from_encoding->strlen
u8_strconv_from_encoding->u8_conv_from_encoding
u8_strconv_from_encoding->u8_strlen
_tr46->__errno_location
_tr46->free
_tr46->_idn2_label_test
_tr46->malloc
_tr46->_idn2_punycode_decode
_tr46->get_idna_map
_tr46->map_is
_tr46->get_map_data
_tr46->u32_normalize
_tr46->u32_to_u8
_tr46->u8_strlen
_tr46->u8_to_u32
idn2_to_unicode_8z8z->__errno_location
idn2_to_unicode_8z8z->free
idn2_to_unicode_8z8z->idn2_to_unicode_8z4z
idn2_to_unicode_8z8z->u32_strlen
idn2_to_unicode_8z8z->u32_to_u8
u32_normalize->__errno_location
u32_normalize->free
u32_normalize->llvm.memcpy.p0i8.p0i8.i64
u32_normalize->malloc
u32_normalize->realloc
u32_normalize->abort
u32_normalize->uc_combining_class
u32_normalize->uc_canonical_decomposition
u32_normalize->uc_composition
u32_normalize->gl_uninorm_decompose_merge_sort_inplace
u32_normalize->u32_cpy
u32_normalize->u32_mbtouc_unsafe
u32_normalize->u32_uctomb
_idn2_bidi->_isBidi
_idn2_bidi->uc_bidi_category
u8_to_u32->__errno_location
u8_to_u32->free
u8_to_u32->llvm.memcpy.p0i8.p0i8.i64
u8_to_u32->malloc
u8_to_u32->realloc
u8_to_u32->u8_mbtoucr
_compare_idna_map->_fill_map
_idn2_contextj_rule->_idn2_contextj_p
_idn2_contextj_rule->uc_combining_class
_idn2_contextj_rule->uc_joining_type
get_charset_aliases->free
get_charset_aliases->llvm.memcpy.p0i8.p0i8.i64
get_charset_aliases->malloc
get_charset_aliases->strcpy
get_charset_aliases->strlen
get_charset_aliases->getenv
get_charset_aliases->open
get_charset_aliases->fdopen
get_charset_aliases->close
get_charset_aliases->getc_unlocked
get_charset_aliases->ungetc
get_charset_aliases->fscanf
get_charset_aliases->realloc
get_charset_aliases->fclose
_isNFC->get_nfcqc_map
_isNFC->uc_combining_class
u8_strconv_from_locale->locale_charset
u8_strconv_from_locale->u8_strconv_from_encoding
uc_is_general_category->bitmap_lookup
idn2_to_ascii_4z->__errno_location
idn2_to_ascii_4z->free
idn2_to_ascii_4z->idn2_lookup_u8
idn2_to_ascii_4z->u32_strlen
idn2_to_ascii_4z->u32_to_u8
gl_uninorm_compose_lookup->memcmp
gl_uninorm_compose_lookup->gl_uninorm_compose_hash
idn2_to_unicode_8zlz->free
idn2_to_unicode_8zlz->idn2_to_unicode_8z8z
idn2_to_unicode_8zlz->u8_strconv_to_locale
u32_cpy->llvm.memcpy.p0i8.p0i8.i64
_isBidi->uc_bidi_category
_idn2_disallowed_p->property
_idn2_contexto_rule->strcmp
_idn2_contexto_rule->_idn2_contexto_p
_idn2_contexto_rule->uc_script
utf8conv_carefully->__errno_location
utf8conv_carefully->u8_mbtouc
utf8conv_carefully->u8_mbtoucr
utf8conv_carefully->u8_uctomb
u8_strconv_to_encoding->__errno_location
u8_strconv_to_encoding->free
u8_strconv_to_encoding->llvm.memcpy.p0i8.p0i8.i64
u8_strconv_to_encoding->malloc
u8_strconv_to_encoding->c_strcasecmp
u8_strconv_to_encoding->strlen
u8_strconv_to_encoding->mem_iconveha
u8_strconv_to_encoding->u8_check
u8_strconv_to_encoding->u8_strlen
idn2_to_ascii_8z->idn2_lookup_u8
idn2_to_unicode_lzlz->__errno_location
idn2_to_unicode_lzlz->free
idn2_to_unicode_lzlz->idn2_to_unicode_8zlz
idn2_to_unicode_lzlz->u8_strconv_from_locale
u32_cpy_alloc->llvm.memcpy.p0i8.p0i8.i64
u32_cpy_alloc->malloc
idn2_check_version->strverscmp
_idn2_punycode_decode->adapt
_idn2_punycode_decode->decode_digit
_idn2_punycode_decode->llvm.memmove.p0i8.p0i8.i64
property->bsearch
iconveh_close->__errno_location
iconveh_close->iconv_close
mem_iconveh->__errno_location
mem_iconveh->free
mem_iconveh->llvm.memcpy.p0i8.p0i8.i64
mem_iconveh->malloc
mem_iconveh->c_strcasecmp
mem_iconveh->iconveh_open
mem_iconveh->iconveh_close
mem_iconveh->mem_cd_iconveh
u8_strconv_to_locale->locale_charset
u8_strconv_to_locale->u8_strconv_to_encoding
label->_idn2_u8_to_u32_nfc
label->free
label->_idn2_ascii_p
label->_idn2_label_test
label->llvm.memcpy.p0i8.p0i8.i64
label->_idn2_punycode_encode
idn2_to_ascii_lz->idn2_lookup_ul
uc_composition->gl_uninorm_compose_lookup
idn2_register_u8->_idn2_u8_to_u32_nfc
idn2_register_u8->free
idn2_register_u8->_idn2_ascii_p
idn2_register_u8->_idn2_label_test
idn2_register_u8->idn2_register_u8
idn2_register_u8->strcmp
idn2_register_u8->strdup
idn2_register_u8->_idn2_punycode_encode
idn2_register_u8->_idn2_punycode_decode
idn2_register_u8->u32_to_u8
idn2_register_u8->u8_strlen
mem_cd_iconveh->mem_cd_iconveh_internal
mem_iconveha->llvm.memcpy.p0i8.p0i8.i64
mem_iconveha->strlen
mem_iconveha->mmalloca
mem_iconveha->freea
mem_iconveha->mem_iconveha_notranslit
_idn2_label_test->__errno_location
_idn2_label_test->free
_idn2_label_test->memcmp
_idn2_label_test->_idn2_bidi
_idn2_label_test->get_idna_map
_idn2_label_test->map_is
_idn2_label_test->_idn2_disallowed_p
_idn2_label_test->_idn2_contextj_p
_idn2_label_test->_idn2_contexto_p
_idn2_label_test->_idn2_unassigned_p
_idn2_label_test->_idn2_contextj_rule
_idn2_label_test->_idn2_contexto_rule
_idn2_label_test->_idn2_contexto_with_rule
_idn2_label_test->uc_is_general_category
_idn2_label_test->u32_normalize
uc_joining_type->uc_is_general_category_withtable
idn2_to_unicode_8z4z->__errno_location
idn2_to_unicode_8z4z->free
idn2_to_unicode_8z4z->_idn2_punycode_decode
idn2_to_unicode_8z4z->u32_cpy
idn2_to_unicode_8z4z->u32_cpy_alloc
idn2_to_unicode_8z4z->u8_to_u32
gl_uninorm_decompose_merge_sort_fromto->llvm.memcpy.p0i8.p0i8.i64
gl_uninorm_decompose_merge_sort_fromto->gl_uninorm_decompose_merge_sort_fromto
gl_uninorm_decompose_merge_sort_fromto->merge
_idn2_contextj_p->property
c_strcasecmp->c_tolower
mmalloca->malloc
mem_cd_iconveh_internal->__errno_location
mem_cd_iconveh_internal->free
mem_cd_iconveh_internal->llvm.memcpy.p0i8.p0i8.i64
mem_cd_iconveh_internal->malloc
mem_cd_iconveh_internal->llvm.memmove.p0i8.p0i8.i64
mem_cd_iconveh_internal->realloc
mem_cd_iconveh_internal->iconv
mem_cd_iconveh_internal->iconv_carefully_1
mem_cd_iconveh_internal->abort
mem_cd_iconveh_internal->utf8conv_carefully
mem_cd_iconveh_internal->u8_mbtouc_unsafe
mem_cd_iconveh_internal->u8_prev
mem_iconveha_notranslit->__errno_location
mem_iconveha_notranslit->strcmp
mem_iconveha_notranslit->mem_iconveh
mem_iconveha_notranslit->mem_iconveha_notranslit
uc_bidi_category->uc_bidi_class
idn2_lookup_ul->__errno_location
idn2_lookup_ul->free
idn2_lookup_ul->idn2_lookup_u8
idn2_lookup_ul->u8_strconv_from_locale
idn2_to_unicode_4z4z->__errno_location
idn2_to_unicode_4z4z->free
idn2_to_unicode_4z4z->idn2_to_unicode_8z4z
idn2_to_unicode_4z4z->u32_strlen
idn2_to_unicode_4z4z->u32_to_u8
merge->llvm.memcpy.p0i8.p0i8.i64
u32_to_u8->__errno_location
u32_to_u8->free
u32_to_u8->llvm.memcpy.p0i8.p0i8.i64
u32_to_u8->malloc
u32_to_u8->realloc
u32_to_u8->abort
u32_to_u8->u8_uctomb
idn2_free->free
get_nfcqc_map->bsearch
_idn2_contexto_p->property
locale_charset->strcmp
locale_charset->nl_langinfo
locale_charset->get_charset_aliases
locale_charset->strlen
freea->free
