lzma_tuklib_physmem->sysconf
lzma_delta_props_decode->lzma_alloc
lzma_lzma_props_encode->lzma_lzma_lclppb_encode
lzma_lzma_props_encode->write32ne.101
lzma_check_finish->lzma_sha256_finish
index_encoder_end->lzma_free
lzma_simple_armthumb_encoder_init->armthumb_coder_init
rc_bittree_price.116->rc_bit_price.115
lzma_mf_hc4_find->mf_avail
lzma_mf_hc4_find->mf_ptr
lzma_mf_hc4_find->move_pending
lzma_mf_hc4_find->move_pos
lzma_mf_hc4_find->hc_find_func
index_file_size->index_size
index_file_size->vli_ceil4.1
lzma_index_hash_init->lzma_alloc
lzma_index_hash_init->lzma_check_init
lzma_block_buffer_encode->llvm.memcpy.p0i8.p0i8.i64
lzma_block_buffer_encode->block_encode_normal
lzma_block_buffer_encode->block_encode_uncompressed
lzma_block_buffer_encode->lzma_check_is_supported
lzma_block_buffer_encode->lzma_check_size
lzma_block_buffer_encode->lzma_check_init
lzma_block_buffer_encode->lzma_check_update
lzma_block_buffer_encode->lzma_check_finish
lzma_simple_coder_init->lzma_alloc
lzma_simple_coder_init->llvm.memcpy.p0i8.p0i8.i64
lzma_simple_coder_init->lzma_next_filter_init
lzma_simple_coder_init->llvm.memset.p0i8.i64
index_encoder_reset->lzma_index_iter_init
lzma_raw_coder_memusage->validate_chain
lzma_raw_coder_memusage->encoder_find
lzma_raw_coder_memusage->decoder_find
lzma_raw_coder_memusage->lzma_lzma_encoder_memusage
lzma_raw_coder_memusage->lzma_lzma_decoder_memusage
lzma_raw_coder_memusage->lzma_lzma2_encoder_memusage
lzma_raw_coder_memusage->lzma_lzma2_decoder_memusage
lzma_raw_coder_memusage->lzma_delta_coder_memusage
armthumb_coder_init->lzma_simple_coder_init
mf_skip.117->lzma_mf_hc3_skip
mf_skip.117->lzma_mf_hc4_skip
mf_skip.117->lzma_mf_bt2_skip
mf_skip.117->lzma_mf_bt3_skip
mf_skip.117->lzma_mf_bt4_skip
lzma_mf_hc4_skip->mf_avail
lzma_mf_hc4_skip->mf_ptr
lzma_mf_hc4_skip->move_pending
lzma_mf_hc4_skip->move_pos
lzma_block_buffer_decode->lzma_next_end
lzma_block_buffer_decode->llvm.memset.p0i8.i64
lzma_block_buffer_decode->lzma_block_decoder_init
lzma_block_buffer_decode->block_decode
rc_bittree->rc_bit
lzma_index_hash_end->lzma_free
block_encode_normal->lzma_next_end
block_encode_normal->llvm.memset.p0i8.i64
block_encode_normal->lzma2_bound
block_encode_normal->lzma_block_header_size
block_encode_normal->lzma_block_header_encode
block_encode_normal->lzma_raw_encoder_init
block_encode_normal->lz_encode
block_encode_normal->lz_decode
block_encode_normal->delta_encode
block_encode_normal->delta_decode
block_encode_normal->simple_code
simple_code->lzma_bufcpy
simple_code->llvm.memcpy.p0i8.p0i8.i64
simple_code->llvm.memmove.p0i8.p0i8.i64
simple_code->copy_or_code
simple_code->call_filter
lzma_index_encoder->lzma_strm_init
lzma_index_encoder->lzma_end
lzma_index_encoder->lzma_index_encoder_init
lzma_physmem->lzma_tuklib_physmem
rc_bittree_reverse_price->rc_bit_price.115
lzma_mf_bt2_find->mf_avail
lzma_mf_bt2_find->mf_ptr
lzma_mf_bt2_find->move_pending
lzma_mf_bt2_find->move_pos
lzma_mf_bt2_find->bt_find_func
lzma_block_decoder_init->lzma_alloc
lzma_block_decoder_init->llvm.memcpy.p0i8.p0i8.i64
lzma_block_decoder_init->lzma_next_end
lzma_block_decoder_init->llvm.memset.p0i8.i64
lzma_block_decoder_init->lzma_block_unpadded_size
lzma_block_decoder_init->lzma_raw_decoder_init
lzma_block_decoder_init->lzma_check_size
lzma_block_decoder_init->lzma_check_init
lzma2_header_lzma->lzma_lzma_lclppb_encode
rc_bittree_reverse->rc_bit
lzma_index_hash_size->index_size.39
block_encode_uncompressed->llvm.memcpy.p0i8.p0i8.i64
block_encode_uncompressed->llvm.memset.p0i8.i64
block_encode_uncompressed->lzma_block_header_size
block_encode_uncompressed->lzma_block_header_encode
simple_coder_end->lzma_free
simple_coder_end->lzma_next_end
lzma_sha256_init->llvm.memcpy.p0i8.p0i8.i64
lzma_index_buffer_encode->lzma_index_size
lzma_index_buffer_encode->index_encode
lzma_index_buffer_encode->index_encoder_reset
lzma_index_init->lzma_free
lzma_index_init->index_init_plain
lzma_index_init->index_stream_init
lzma_index_init->index_tree_append
lzma_simple_armthumb_decoder_init->armthumb_coder_init
block_decode->lzma_bufcpy
block_decode->block_decode
block_decode->update_size
block_decode->is_size_valid
block_decode->memcmp
block_decode->lzma_check_is_supported
block_decode->lzma_check_size
block_decode->lzma_check_update
block_decode->lzma_check_finish
block_decode->lz_encode
block_decode->lz_decode
block_decode->delta_encode
block_decode->delta_decode
block_decode->simple_code
lzma_index_padding_size->index_size_unpadded
mf_read->llvm.memcpy.p0i8.p0i8.i64
index_size.39->index_size_unpadded.40
index_size.39->vli_ceil4.41
lzma_block_encoder_init->lzma_alloc
lzma_block_encoder_init->llvm.memcpy.p0i8.p0i8.i64
lzma_block_encoder_init->lzma_next_end
lzma_block_encoder_init->llvm.memset.p0i8.i64
lzma_block_encoder_init->lzma_raw_encoder_init
lzma_block_encoder_init->lzma_check_is_supported
lzma_block_encoder_init->lzma_check_init
lzma_alloc->malloc
simple_coder_update->lzma_next_filter_update
lzma_lzma_optimum_fast->lzma_mf_find
lzma_lzma_optimum_fast->mf_ptr.106
lzma_lzma_optimum_fast->mf_avail.107
lzma_lzma_optimum_fast->mf_skip.108
lzma_sha256_update->llvm.memcpy.p0i8.p0i8.i64
lzma_sha256_update->process
lzma_stream_buffer_bound->lzma_block_buffer_bound
index_init_plain->lzma_alloc
index_init_plain->index_tree_init
lzma_simple_sparc_encoder_init->sparc_coder_init
lzma_mf_bt2_skip->mf_avail
lzma_mf_bt2_skip->mf_ptr
lzma_mf_bt2_skip->move_pending
lzma_mf_bt2_skip->move_pos
lzma_mf_bt2_skip->bt_skip_func
block_decoder_end->lzma_free
block_decoder_end->lzma_next_end
lzma_index_stream_flags->llvm.memcpy.p0i8.p0i8.i64
lzma_index_stream_flags->lzma_stream_flags_compare
lzma_lzma2_encoder_memusage->lzma_lzma_encoder_memusage
length_update_prices->rc_bit_0_price
length_update_prices->rc_bit_1_price
length_update_prices->rc_bittree_price
index_size_unpadded.40->lzma_vli_size
block_encode->lzma_bufcpy
block_encode->llvm.memcpy.p0i8.p0i8.i64
block_encode->lzma_check_size
block_encode->lzma_check_update
block_encode->lzma_check_finish
copy_or_code->lzma_bufcpy
copy_or_code->block_decode
copy_or_code->lz_encode
copy_or_code->lz_decode
copy_or_code->delta_encode
copy_or_code->delta_decode
copy_or_code->simple_code
process->transform
lzma_stream_buffer_encode->llvm.memset.p0i8.i64
lzma_stream_buffer_encode->lzma_block_unpadded_size
lzma_stream_buffer_encode->lzma_index_init
lzma_stream_buffer_encode->lzma_index_end
lzma_stream_buffer_encode->lzma_index_size
lzma_stream_buffer_encode->lzma_index_append
lzma_stream_buffer_encode->lzma_block_buffer_encode
lzma_stream_buffer_encode->lzma_index_buffer_encode
lzma_stream_buffer_encode->lzma_stream_header_encode
lzma_stream_buffer_encode->lzma_stream_footer_encode
lzma_stream_buffer_encode->lzma_check_is_supported
index_stream_init->lzma_alloc
index_stream_init->index_tree_init
sparc_coder_init->lzma_simple_coder_init
lzma_lzma_decoder_create->lzma_alloc
lzma_index_stream_padding->lzma_index_file_size
lzma_lzma2_props_encode->get_pos_slot.138
block_encoder_end->lzma_free
block_encoder_end->lzma_next_end
lzma_free->free
call_filter->x86_code
call_filter->powerpc_code
call_filter->ia64_code
call_filter->arm_code
call_filter->armthumb_code
call_filter->sparc_code
transform->llvm.memcpy.p0i8.p0i8.i64
lzma_stream_encoder_init->lzma_alloc
lzma_stream_encoder_init->llvm.memcpy.p0i8.p0i8.i64
lzma_stream_encoder_init->lzma_next_end
lzma_stream_encoder_init->llvm.memset.p0i8.i64
lzma_stream_encoder_init->lzma_index_init
lzma_stream_encoder_init->lzma_index_end
lzma_stream_encoder_init->stream_encoder_update
lzma_stream_encoder_init->lzma_stream_header_encode
index_tree_append->bsr32
index_tree_append->ctz32
lzma_decode->llvm.memcpy.p0i8.p0i8.i64
lzma_decode->rc_read_init
lzma_decode->dict_get
lzma_decode->dict_put
lzma_decode->dict_is_distance_valid
lzma_decode->dict_repeat
lzma_mf_bt3_find->mf_avail
lzma_mf_bt3_find->mf_ptr
lzma_mf_bt3_find->move_pending
lzma_mf_bt3_find->move_pos
lzma_mf_bt3_find->bt_find_func
lzma_mf_bt3_find->bt_skip_func
lzma_index_append->lzma_alloc
lzma_index_append->index_tree_append
lzma_index_append->index_size
lzma_index_append->vli_ceil4.1
lzma_index_append->index_file_size
lzma_index_append->lzma_vli_size
lzma_index_hash_append->index_size.39
lzma_index_hash_append->hash_append
lzma_index_hash_append->index_stream_size
block_encoder_update->lzma_next_filter_update
mf_skip.108->lzma_mf_hc3_skip
mf_skip.108->lzma_mf_hc4_skip
mf_skip.108->lzma_mf_bt2_skip
mf_skip.108->lzma_mf_bt3_skip
mf_skip.108->lzma_mf_bt4_skip
lzma_sha256_finish->process
stream_encode->lzma_bufcpy
stream_encode->lzma_block_unpadded_size
stream_encode->lzma_index_size
stream_encode->lzma_index_append
stream_encode->lzma_block_header_encode
stream_encode->lzma_index_encoder_init
stream_encode->block_encoder_init
stream_encode->lzma_stream_footer_encode
bsr32->llvm.ctlz.i32
lzma_simple_sparc_decoder_init->sparc_coder_init
lzma_decoder_reset->literal_init.121
lzma_mf_bt3_skip->mf_avail
lzma_mf_bt3_skip->mf_ptr
lzma_mf_bt3_skip->move_pending
lzma_mf_bt3_skip->move_pos
lzma_mf_bt3_skip->bt_skip_func
lzma_index_cat->lzma_alloc
lzma_index_cat->lzma_free
lzma_index_cat->llvm.memcpy.p0i8.p0i8.i64
lzma_index_cat->index_size_unpadded
lzma_index_cat->vli_ceil4.1
lzma_index_cat->lzma_index_file_size
lzma_index_cat->lzma_index_checks
lzma_index_cat->index_cat_helper
lzma_lzma2_decoder_init->lzma_lz_decoder_init
rc_bittree_price->rc_bit_price
hash_append->lzma_vli_size
hash_append->vli_ceil4.41
hash_append->lzma_check_update
lzma_block_encoder->lzma_strm_init
lzma_block_encoder->lzma_end
lzma_block_encoder->lzma_block_encoder_init
lzma_bufcpy->llvm.memcpy.p0i8.p0i8.i64
lzma_simple_props_encode->write32ne.162
lzma_lzma_optimum_normal->llvm.memcpy.p0i8.p0i8.i64
lzma_lzma_optimum_normal->lzma_mf_find
lzma_lzma_optimum_normal->fill_distances_prices
lzma_lzma_optimum_normal->fill_align_prices
lzma_lzma_optimum_normal->helper1
lzma_lzma_optimum_normal->mf_ptr.111
lzma_lzma_optimum_normal->mf_avail.112
lzma_lzma_optimum_normal->helper2
lzma_lzma_optimum_normal->backward
lzma_lz_encoder_memusage->llvm.memset.p0i8.i64
lzma_lz_encoder_memusage->lz_encoder_prepare
stream_encoder_end->lzma_free
stream_encoder_end->lzma_next_end
stream_encoder_end->lzma_index_end
ctz32->llvm.cttz.i32
lzma_mf_bt4_find->mf_avail
lzma_mf_bt4_find->mf_ptr
lzma_mf_bt4_find->move_pending
lzma_mf_bt4_find->move_pos
lzma_mf_bt4_find->bt_find_func
lzma_mf_bt4_find->bt_skip_func
lzma_block_decoder->lzma_strm_init
lzma_block_decoder->lzma_end
lzma_block_decoder->lzma_block_decoder_init
index_cat_helper->index_tree_append
index_cat_helper->index_cat_helper
lzma2_decoder_init->lzma_alloc
lzma2_decoder_init->llvm.memcpy.p0i8.p0i8.i64
lzma2_decoder_init->llvm.memset.p0i8.i64
lzma2_decoder_init->lzma_lzma_decoder_create
index_stream_size->index_size.39
lzma_block_header_size->lzma_vli_size
lzma_block_header_size->lzma_filter_flags_size
fill_distances_prices->rc_bittree_price.116
fill_distances_prices->rc_bittree_reverse_price
fill_distances_prices->rc_direct_price
fill_distances_prices->get_pos_slot.118
lz_encoder_prepare->lzma_free
stream_encoder_update->lzma_free
stream_encoder_update->lzma_filters_copy
stream_encoder_update->block_encoder_init
lzma_mf_bt4_skip->mf_avail
lzma_mf_bt4_skip->mf_ptr
lzma_mf_bt4_skip->move_pending
lzma_mf_bt4_skip->move_pos
lzma_mf_bt4_skip->bt_skip_func
lzma_block_header_decode->lzma_block_unpadded_size
lzma_block_header_decode->read32le
lzma_block_header_decode->free_properties
lzma_block_header_decode->lzma_filter_flags_decode
lzma_block_header_decode->lzma_vli_decode
lzma_block_header_decode->lzma_crc32
lzma_index_dup->index_init_plain
lzma_index_dup->index_tree_append
lzma_index_dup->lzma_index_end
lzma_index_dup->index_dup_stream
lzma_index_dup->index_tree_next
lzma2_decode->lzma_decode
lzma2_decode->lzma_decoder_reset
lzma2_decode->lzma_decoder_uncompressed
lzma2_decode->lzma_lzma_lclppb_decode
lzma2_decode->lzma2_decode
lzma2_decode->dict_reset
lzma2_decode->dict_write
literal->rc_bittree
literal->literal_matched
lzma_index_hash_decode->memcmp
lzma_index_hash_decode->index_size_unpadded.40
lzma_index_hash_decode->hash_append
lzma_index_hash_decode->lzma_vli_decode
lzma_index_hash_decode->lzma_check_size
lzma_index_hash_decode->lzma_check_finish
lzma_index_hash_decode->lzma_crc32
lzma_block_header_encode->llvm.memset.p0i8.i64
lzma_block_header_encode->lzma_block_unpadded_size
lzma_block_header_encode->write32ne.10
lzma_block_header_encode->lzma_filter_flags_encode
lzma_block_header_encode->lzma_vli_encode
lzma_block_header_encode->lzma_crc32
lzma_next_filter_init->lzma_next_end
lzma_next_filter_init->lzma_lzma_encoder_init
lzma_next_filter_init->lzma_lzma_decoder_init
lzma_next_filter_init->lzma_lzma2_encoder_init
lzma_next_filter_init->lzma_lzma2_decoder_init
lzma_next_filter_init->lzma_delta_encoder_init
lzma_next_filter_init->lzma_delta_decoder_init
lzma_next_filter_init->lzma_simple_x86_encoder_init
lzma_next_filter_init->lzma_simple_x86_decoder_init
lzma_next_filter_init->lzma_simple_powerpc_encoder_init
lzma_next_filter_init->lzma_simple_powerpc_decoder_init
lzma_next_filter_init->lzma_simple_ia64_encoder_init
lzma_next_filter_init->lzma_simple_ia64_decoder_init
lzma_next_filter_init->lzma_simple_arm_encoder_init
lzma_next_filter_init->lzma_simple_arm_decoder_init
lzma_next_filter_init->lzma_simple_armthumb_encoder_init
lzma_next_filter_init->lzma_simple_armthumb_decoder_init
lzma_next_filter_init->lzma_simple_sparc_encoder_init
lzma_next_filter_init->lzma_simple_sparc_decoder_init
lzma_simple_props_decode->lzma_alloc
lzma_simple_props_decode->lzma_free
lzma_simple_props_decode->read32le.165
fill_align_prices->rc_bittree_reverse_price
lzma_lz_encoder_init->lzma_alloc
lzma_lz_encoder_init->llvm.memcpy.p0i8.p0i8.i64
lzma_lz_encoder_init->lzma_next_filter_init
lzma_lz_encoder_init->llvm.memset.p0i8.i64
lzma_lz_encoder_init->lz_encoder_prepare
lzma_lz_encoder_init->lz_encoder_init
lzma_lz_encoder_init->lzma_encoder_init
lzma_lz_encoder_init->lzma2_encoder_init
block_encoder_init->lzma_block_encoder_init
block_encoder_init->lzma_block_header_size
lzma_lz_decoder_init->lzma_alloc
lzma_lz_decoder_init->lzma_free
lzma_lz_decoder_init->llvm.memcpy.p0i8.p0i8.i64
lzma_lz_decoder_init->lzma_next_filter_init
lzma_lz_decoder_init->llvm.memset.p0i8.i64
lzma_lz_decoder_init->lz_decoder_reset
lzma_lz_decoder_init->lzma_decoder_init
lzma_lz_decoder_init->lzma2_decoder_init
index_dup_stream->lzma_alloc
index_dup_stream->llvm.memcpy.p0i8.p0i8.i64
index_dup_stream->index_stream_init
index_dup_stream->index_tree_append
index_dup_stream->index_stream_end
index_dup_stream->index_tree_next
lzma2_decoder_end->lzma_free
rep_match->rc_bit
rep_match->length
lzma_stream_buffer_decode->lzma_next_end
lzma_stream_buffer_decode->llvm.memset.p0i8.i64
lzma_stream_buffer_decode->lzma_stream_decoder_init
lzma_stream_buffer_decode->stream_decode
lzma_stream_buffer_decode->stream_decoder_memconfig
lzma_next_end->lzma_free
lzma_next_end->llvm.memcpy.p0i8.p0i8.i64
lzma_next_end->llvm.memset.p0i8.i64
lzma_next_end->block_decoder_end
lzma_next_end->stream_decoder_end
lzma_next_end->lz_encoder_end
lzma_next_end->lz_decoder_end
lzma_next_end->lzma_decoder_reset
lzma_next_end->lzma_decoder_uncompressed
lzma_next_end->lzma2_encoder_end
lzma_next_end->lzma2_decoder_end
lzma_next_end->delta_coder_end
lzma_next_end->simple_coder_end
helper1->lzma_mf_find
helper1->mf_ptr.111
helper1->mf_avail.112
helper1->make_literal
helper1->rc_bit_0_price.113
helper1->get_literal_price
helper1->rc_bit_1_price.114
helper1->get_short_rep_price
helper1->make_short_rep
helper1->get_pure_rep_price
helper1->get_len_price
helper1->get_pos_len_price
helper1->mf_skip.117
lz_encode->fill_window
lz_encode->lzma_encode
lz_encode->lzma2_encode
lzma_stream_encoder->lzma_strm_init
lzma_stream_encoder->lzma_end
lzma_stream_encoder->lzma_stream_encoder_init
lz_decode->block_decode
lz_decode->lz_encode
lz_decode->lz_decode
lz_decode->decode_buffer
lz_decode->delta_encode
lz_decode->delta_decode
lz_decode->simple_code
free_properties->lzma_free
literal_matched->rc_bit
lzma_stream_decoder_init->lzma_alloc
lzma_stream_decoder_init->llvm.memcpy.p0i8.p0i8.i64
lzma_stream_decoder_init->lzma_next_end
lzma_stream_decoder_init->llvm.memset.p0i8.i64
lzma_stream_decoder_init->stream_decoder_reset
lzma_easy_buffer_encode->lzma_easy_preset
lzma_easy_buffer_encode->lzma_stream_buffer_encode
lzma_simple_x86_encoder_init->x86_coder_init
lz_encoder_end->lzma_free
lz_encoder_end->lzma_next_end
lz_encoder_end->block_decoder_end
lz_encoder_end->lz_encoder_end
lz_encoder_end->lz_decoder_end
lz_encoder_end->lzma_decoder_reset
lz_encoder_end->lzma_decoder_uncompressed
lz_encoder_end->lzma2_encoder_end
lz_encoder_end->lzma2_decoder_end
lz_encoder_end->delta_coder_end
lz_encoder_end->simple_coder_end
lzma_stream_header_encode->llvm.memcpy.p0i8.p0i8.i64
lzma_stream_header_encode->stream_flags_encode
lzma_stream_header_encode->write32ne.25
lzma_stream_header_encode->lzma_crc32
lzma_index_end->lzma_free
lzma_index_end->index_tree_end
lz_decoder_end->lzma_free
lz_decoder_end->lzma_next_end
lz_decoder_end->block_decoder_end
lz_decoder_end->lz_encoder_end
lz_decoder_end->lz_decoder_end
lz_decoder_end->lzma_decoder_reset
lz_decoder_end->lzma_decoder_uncompressed
lz_decoder_end->lzma2_encoder_end
lz_decoder_end->lzma2_decoder_end
lz_decoder_end->delta_coder_end
lz_decoder_end->simple_coder_end
lzma_easy_decoder_memusage->lzma_easy_preset
lzma_easy_decoder_memusage->lzma_raw_decoder_memusage
lzma_index_iter_init->lzma_index_iter_rewind
dict_write->lzma_bufcpy
stream_decode->lzma_free
stream_decode->lzma_bufcpy
stream_decode->lzma_block_unpadded_size
stream_decode->lzma_stream_flags_compare
stream_decode->lzma_block_decoder_init
stream_decode->block_decode
stream_decode->lzma_block_header_decode
stream_decode->lzma_raw_decoder_memusage
stream_decode->lzma_index_hash_size
stream_decode->lzma_index_hash_append
stream_decode->lzma_index_hash_decode
stream_decode->stream_decoder_reset
stream_decode->lzma_stream_header_decode
stream_decode->lzma_stream_footer_decode
stream_decode->lzma_check_is_supported
stream_decode->lz_encode
stream_decode->lz_decode
stream_decode->delta_encode
stream_decode->delta_decode
stream_decode->simple_code
lzma_easy_encoder->lzma_easy_preset
lzma_easy_encoder->lzma_stream_encoder
x86_coder_init->lzma_simple_coder_init
lz_encoder_update->lzma_next_filter_update
index_stream_end->index_tree_end
lzma_raw_buffer_decode->lzma_next_end
lzma_raw_buffer_decode->llvm.memset.p0i8.i64
lzma_raw_buffer_decode->lzma_raw_decoder_init
lzma_raw_buffer_decode->lz_encode
lzma_raw_buffer_decode->lz_decode
lzma_raw_buffer_decode->delta_encode
lzma_raw_buffer_decode->delta_decode
lzma_raw_buffer_decode->simple_code
lzma_lzma2_decoder_memusage->lzma_lzma_decoder_memusage_nocheck
stream_decoder_end->lzma_free
stream_decoder_end->lzma_next_end
stream_decoder_end->lzma_index_hash_end
lzma_easy_encoder_memusage->lzma_easy_preset
lzma_easy_encoder_memusage->lzma_raw_encoder_memusage
lzma_strm_init->lzma_alloc
lzma_strm_init->llvm.memcpy.p0i8.p0i8.i64
lzma_strm_init->llvm.memset.p0i8.i64
helper2->make_literal
helper2->rc_bit_0_price.113
helper2->get_literal_price
helper2->rc_bit_1_price.114
helper2->get_short_rep_price
helper2->make_short_rep
helper2->get_rep_price
helper2->get_pure_rep_price
helper2->get_len_price
helper2->get_pos_len_price
lz_encoder_init->lzma_alloc
lz_encoder_init->llvm.memcpy.p0i8.p0i8.i64
lz_encoder_init->llvm.memset.p0i8.i64
lz_encoder_init->lzma_mf_hc3_skip
lz_encoder_init->lzma_mf_hc4_skip
lz_encoder_init->lzma_mf_bt2_skip
lz_encoder_init->lzma_mf_bt3_skip
lz_encoder_init->lzma_mf_bt4_skip
index_tree_end->index_tree_node_end
dict_repeat->llvm.memcpy.p0i8.p0i8.i64
dict_repeat->llvm.memmove.p0i8.p0i8.i64
dict_repeat->dict_get
decode_buffer->llvm.memcpy.p0i8.p0i8.i64
decode_buffer->lz_decoder_reset
decode_buffer->lzma_decode
decode_buffer->lzma2_decode
lzma_filter_decoder_is_supported->decoder_find
lzma_index_iter_next->index_tree_next
lzma_index_iter_next->iter_set_info
lzma_lzma2_props_decode->lzma_alloc
mf_skip->lzma_mf_hc3_skip
mf_skip->lzma_mf_hc4_skip
mf_skip->lzma_mf_bt2_skip
mf_skip->lzma_mf_bt3_skip
mf_skip->lzma_mf_bt4_skip
lzma_raw_buffer_encode->lzma_next_end
lzma_raw_buffer_encode->llvm.memset.p0i8.i64
lzma_raw_buffer_encode->lzma_raw_encoder_init
lzma_raw_buffer_encode->lz_encode
lzma_raw_buffer_encode->lz_decode
lzma_raw_buffer_encode->delta_encode
lzma_raw_buffer_encode->delta_decode
lzma_raw_buffer_encode->simple_code
lzma_simple_x86_decoder_init->x86_coder_init
backward->make_literal
fill_window->lzma_bufcpy
fill_window->block_decode
fill_window->lz_encode
fill_window->move_window
fill_window->lzma_mf_hc3_skip
fill_window->lzma_mf_hc4_skip
fill_window->lzma_mf_bt2_skip
fill_window->lzma_mf_bt3_skip
fill_window->lzma_mf_bt4_skip
fill_window->lz_decode
fill_window->delta_encode
fill_window->delta_decode
fill_window->simple_code
lzma_stream_footer_encode->llvm.memcpy.p0i8.p0i8.i64
lzma_stream_footer_encode->stream_flags_encode
lzma_stream_footer_encode->write32ne.25
lzma_stream_footer_encode->is_backward_size_valid.28
lzma_stream_footer_encode->lzma_crc32
index_tree_node_end->lzma_free
index_tree_node_end->index_stream_end
index_tree_node_end->index_tree_node_end
lzma_lzma_decoder_init->lzma_lz_decoder_init
iter_set_info->index_size
iter_set_info->vli_ceil4.1
lzma_delta_coder_init->lzma_alloc
lzma_delta_coder_init->llvm.memcpy.p0i8.p0i8.i64
lzma_delta_coder_init->lzma_next_filter_init
lzma_delta_coder_init->llvm.memset.p0i8.i64
lzma_delta_coder_init->lzma_delta_coder_memusage
lzma_lzma_encoder_reset->rc_reset
lzma_lzma_encoder_reset->is_options_valid
lzma_lzma_encoder_reset->literal_init
lzma_lzma_encoder_reset->length_encoder_reset
lzma_filter_encoder_is_supported->encoder_find
lzma_end->lzma_free
lzma_end->lzma_next_end
lzma_simple_powerpc_encoder_init->powerpc_coder_init
move_window->llvm.memmove.p0i8.p0i8.i64
lzma_decoder_init->lzma_lzma_decoder_create
lzma_decoder_init->lzma_decoder_reset
lzma_decoder_init->lzma_decoder_uncompressed
lzma_decoder_init->is_lclppb_valid.124
lzma_raw_decoder_init->lzma_raw_coder_init
lzma_index_iter_locate->iter_set_info
lzma_index_iter_locate->index_tree_locate
delta_coder_end->lzma_free
delta_coder_end->lzma_next_end
is_options_valid->is_lclppb_valid
stream_decoder_reset->lzma_index_hash_init
powerpc_coder_init->lzma_simple_coder_init
lzma_lzma_encode->encode_init
lzma_lzma_encode->mf_position
lzma_lzma_encode->rc_encode
lzma_lzma_encode->rc_pending
lzma_lzma_encode->encode_symbol
lzma_lzma_encode->encode_eopm
lzma_lzma_encode->rc_flush
lzma_lzma_encode->lzma_lzma_optimum_fast
lzma_lzma_encode->lzma_lzma_optimum_normal
lzma_raw_decoder->lzma_strm_init
lzma_raw_decoder->lzma_end
lzma_raw_decoder->lzma_raw_decoder_init
lzma_stream_decoder->lzma_strm_init
lzma_stream_decoder->lzma_end
lzma_stream_decoder->lzma_stream_decoder_init
lzma_filters_update->llvm.memcpy.p0i8.p0i8.i64
lzma_filters_update->lzma_raw_encoder_memusage
get_literal_price->rc_bit_price.115
get_literal_price->rc_bittree_price.116
lzma_alone_decoder_init->lzma_alloc
lzma_alone_decoder_init->llvm.memcpy.p0i8.p0i8.i64
lzma_alone_decoder_init->lzma_next_end
lzma_alone_decoder_init->llvm.memset.p0i8.i64
lzma_index_memused->lzma_index_memusage
encode_init->rc_bit
encode_init->rc_bittree
encode_init->mf_skip
lzma_raw_decoder_memusage->lzma_raw_coder_memusage
lzma_stream_flags_compare->is_backward_size_valid
lzma_delta_encoder_init->lzma_delta_coder_init
length_encoder_reset->length_update_prices
lzma_stream_header_decode->memcmp
lzma_stream_header_decode->read32le.46
lzma_stream_header_decode->stream_flags_decode
lzma_stream_header_decode->lzma_crc32
lzma_raw_encoder_memusage->lzma_raw_coder_memusage
lzma_simple_powerpc_decoder_init->powerpc_coder_init
lzma_mf_find->mf_avail
lzma_mf_find->mf_ptr
lzma_mf_find->lzma_mf_hc3_find
lzma_mf_find->lzma_mf_hc3_skip
lzma_mf_find->lzma_mf_hc4_find
lzma_mf_find->lzma_mf_hc4_skip
lzma_mf_find->lzma_mf_bt2_find
lzma_mf_find->lzma_mf_bt2_skip
lzma_mf_find->lzma_mf_bt3_find
lzma_mf_find->lzma_mf_bt3_skip
lzma_mf_find->lzma_mf_bt4_find
lzma_mf_find->lzma_mf_bt4_skip
alone_decode->lzma_next_filter_init
alone_decode->llvm.memset.p0i8.i64
alone_decode->lzma_lz_decoder_uncompressed
alone_decode->lzma_lzma_lclppb_decode
alone_decode->lzma_lzma_decoder_memusage
lzma_lzma_decoder_memusage_nocheck->lzma_lz_decoder_memusage
lzma_properties_decode->decoder_find
lzma_properties_decode->lzma_lzma_props_decode
lzma_properties_decode->lzma_lzma2_props_decode
lzma_properties_decode->lzma_delta_props_decode
lzma_properties_decode->lzma_simple_props_decode
delta_encode->block_decode
delta_encode->lz_encode
delta_encode->lz_decode
delta_encode->delta_encode
delta_encode->copy_and_encode
delta_encode->encode_in_place
delta_encode->delta_decode
delta_encode->simple_code
lzma_raw_encoder_init->lzma_raw_coder_init
lzma_simple_ia64_encoder_init->ia64_coder_init
get_short_rep_price->rc_bit_0_price.113
alone_decoder_end->lzma_free
alone_decoder_end->lzma_next_end
lzma_lzma_decoder_memusage->is_lclppb_valid.124
lzma_lzma_decoder_memusage->lzma_lzma_decoder_memusage_nocheck
rc_encode->rc_shift_low
rc_encode->rc_reset
lzma_filter_flags_decode->lzma_properties_decode
lzma_filter_flags_decode->lzma_vli_decode
delta_encoder_update->lzma_next_filter_update
lzma_lzma_encoder_create->lzma_alloc
lzma_lzma_encoder_create->lzma_lzma_encoder_reset
lzma_lzma_encoder_create->set_lz_options
lzma_raw_encoder->lzma_strm_init
lzma_raw_encoder->lzma_end
lzma_raw_encoder->lzma_raw_coder_init
lzma_block_compressed_size->lzma_block_unpadded_size
lzma_block_compressed_size->lzma_check_size
ia64_coder_init->lzma_simple_coder_init
lzma_index_size->index_size
lzma_lzma_props_decode->lzma_alloc
lzma_lzma_props_decode->lzma_free
lzma_lzma_props_decode->lzma_lzma_lclppb_decode
lzma_lzma_props_decode->read32le.131
lzma_index_decoder->lzma_strm_init
lzma_index_decoder->lzma_end
lzma_index_decoder->index_decoder_init
lzma_alone_encoder->lzma_strm_init
lzma_alone_encoder->lzma_end
lzma_alone_encoder->alone_encoder_init
lzma_stream_footer_decode->memcmp
lzma_stream_footer_decode->read32le.46
lzma_stream_footer_decode->stream_flags_decode
lzma_stream_footer_decode->lzma_crc32
lzma_properties_size->encoder_find
lzma_properties_size->lzma_lzma_props_encode
lzma_properties_size->lzma_lzma2_props_encode
lzma_properties_size->lzma_delta_props_encode
lzma_properties_size->lzma_simple_props_size
lzma_properties_size->lzma_simple_props_encode
lzma_block_unpadded_size->lzma_check_size
get_rep_price->get_pure_rep_price
get_rep_price->get_len_price
lzma_mf_hc3_find->mf_avail
lzma_mf_hc3_find->mf_ptr
lzma_mf_hc3_find->move_pending
lzma_mf_hc3_find->move_pos
lzma_mf_hc3_find->hc_find_func
lzma_alone_decoder->lzma_strm_init
lzma_alone_decoder->lzma_end
lzma_alone_decoder->lzma_alone_decoder_init
index_size->index_size_unpadded
index_size->vli_ceil4.1
encode_symbol->rc_bit
encode_symbol->match
encode_symbol->literal
encode_symbol->rep_match
index_decoder_init->lzma_alloc
index_decoder_init->lzma_next_end
index_decoder_init->lzma_index_end
index_decoder_init->index_decoder_reset
alone_encoder_init->lzma_alloc
alone_encoder_init->llvm.memcpy.p0i8.p0i8.i64
alone_encoder_init->lzma_next_filter_init
alone_encoder_init->lzma_next_end
alone_encoder_init->llvm.memset.p0i8.i64
alone_encoder_init->write32ne
alone_encoder_init->lzma_lzma_lclppb_encode
lzma_lzma_encoder_init->lzma_lz_encoder_init
lzma_properties_encode->encoder_find
lzma_properties_encode->lzma_lzma_props_encode
lzma_properties_encode->lzma_lzma2_props_encode
lzma_properties_encode->lzma_delta_props_encode
lzma_properties_encode->lzma_simple_props_size
lzma_properties_encode->lzma_simple_props_encode
lzma_block_total_size->lzma_block_unpadded_size
lzma_block_total_size->vli_ceil4
lzma_simple_ia64_decoder_init->ia64_coder_init
get_pure_rep_price->rc_bit_0_price.113
get_pure_rep_price->rc_bit_1_price.114
get_pure_rep_price->rc_bit_price.115
lzma_auto_decoder->lzma_strm_init
lzma_auto_decoder->lzma_end
lzma_auto_decoder->auto_decoder_init
index_size_unpadded->lzma_vli_size
lzma_lzma2_encoder_init->lzma_lz_encoder_init
encode_eopm->rc_bit
encode_eopm->match
index_decode->lzma_index_prealloc
index_decode->lzma_index_memusage
index_decode->lzma_index_padding_size
index_decode->lzma_index_append
index_decode->lzma_vli_decode
index_decode->lzma_crc32
alone_encode->lzma_bufcpy
lzma_delta_props_encode->lzma_delta_coder_memusage
lzma_encoder_init->lzma_lzma_encoder_create
lzma_filter_flags_size->lzma_vli_size
lzma_filter_flags_size->lzma_properties_size
lzma_simple_arm_encoder_init->arm_coder_init
move_pos->normalize
auto_decoder_init->lzma_alloc
auto_decoder_init->llvm.memcpy.p0i8.p0i8.i64
auto_decoder_init->lzma_next_end
auto_decoder_init->llvm.memset.p0i8.i64
lzma2_encoder_init->lzma_alloc
lzma2_encoder_init->llvm.memcpy.p0i8.p0i8.i64
lzma2_encoder_init->lzma_lzma_encoder_create
index_decoder_end->lzma_free
index_decoder_end->lzma_index_end
alone_encoder_end->lzma_free
alone_encoder_end->lzma_next_end
lzma_delta_decoder_init->lzma_delta_coder_init
lzma_encode->lzma_lzma_encode
lzma_filter_flags_encode->lzma_properties_size
lzma_filter_flags_encode->lzma_properties_encode
lzma_filter_flags_encode->lzma_vli_encode
lzma_easy_preset->lzma_lzma_preset
arm_coder_init->lzma_simple_coder_init
get_pos_len_price->get_len_price
get_pos_len_price->get_pos_slot_2
auto_decode->lzma_alone_decoder_init
auto_decode->lzma_stream_decoder_init
lzma2_encode->lzma_bufcpy
lzma2_encode->lzma_lzma_encode
lzma2_encode->lzma_lzma_encoder_reset
lzma2_encode->mf_unencoded
lzma2_encode->lzma2_header_uncompressed
lzma2_encode->lzma2_header_lzma
lzma2_encode->mf_read
index_decoder_memconfig->lzma_index_memusage
delta_decode->block_decode
delta_decode->lz_encode
delta_decode->lz_decode
delta_decode->delta_encode
delta_decode->delta_decode
delta_decode->decode_buffer.155
delta_decode->simple_code
lzma_lzma_encoder_memusage->lzma_lz_encoder_memusage
lzma_lzma_encoder_memusage->is_options_valid
lzma_lzma_encoder_memusage->set_lz_options
lzma_check_init->lzma_sha256_init
lzma_index_encoder_init->lzma_alloc
lzma_index_encoder_init->lzma_next_end
lzma_index_encoder_init->index_encoder_reset
lzma_filters_copy->lzma_alloc
lzma_filters_copy->lzma_free
lzma_filters_copy->llvm.memcpy.p0i8.p0i8.i64
auto_decoder_end->lzma_free
auto_decoder_end->lzma_next_end
lzma_index_stream_size->index_size
lzma2_encoder_end->lzma_free
match->length
match->get_pos_slot
match->rc_bittree
match->rc_bittree_reverse
match->rc_direct
index_decoder_reset->lzma_index_init
lzma_block_buffer_bound->lzma2_bound
lzma_lzma_lclppb_encode->is_lclppb_valid
lzma_check_update->lzma_crc32
lzma_check_update->lzma_crc64
lzma_check_update->lzma_sha256_update
index_encode->lzma_index_block_count
index_encode->lzma_index_padding_size
index_encode->lzma_index_iter_next
index_encode->lzma_vli_encode
index_encode->lzma_crc32
lzma_raw_coder_init->lzma_next_filter_init
lzma_raw_coder_init->lzma_next_end
lzma_raw_coder_init->validate_chain
lzma_raw_coder_init->encoder_find
lzma_raw_coder_init->decoder_find
lzma_simple_arm_decoder_init->arm_coder_init
lzma_mf_hc3_skip->mf_avail
lzma_mf_hc3_skip->mf_ptr
lzma_mf_hc3_skip->move_pending
lzma_mf_hc3_skip->move_pos
lzma_index_file_size->index_file_size
length->rc_bit
length->rc_bittree
length->length_update_prices
lzma_index_buffer_decode->lzma_index_end
lzma_index_buffer_decode->lzma_index_memusage
lzma_index_buffer_decode->index_decode
lzma_index_buffer_decode->index_decoder_reset
