LZ4F_compressBlock_continue->LZ4_compress_fast_continue
LZ4_isLittleEndian->llvm.memcpy.p0i8.p0i8.i64
LZ4F_createCompressionContext->calloc
LZ4F_createCompressionContext->err0r
LZ4F_headerSize->err0r
LZ4F_headerSize->LZ4F_readLE32
LZ4_compress_fast_extState_fastReset->LZ4_compressBound
LZ4_compress_fast_extState_fastReset->LZ4_read_ARCH
LZ4_compress_fast_extState_fastReset->LZ4_isLittleEndian
LZ4_compress_fast_extState_fastReset->LZ4_read32
LZ4_compress_fast_extState_fastReset->LZ4_getPositionOnHash
LZ4_compress_fast_extState_fastReset->LZ4_wildCopy8
LZ4_compress_fast_extState_fastReset->LZ4_writeLE16
LZ4_compress_fast_extState_fastReset->LZ4_NbCommonBytes
LZ4_compress_fast_extState_fastReset->LZ4_read16
LZ4_compress_fast_extState_fastReset->LZ4_write32
LZ4_compress_fast_extState_fastReset->llvm.memcpy.p0i8.p0i8.i64
LZ4_compress_fast_extState_fastReset->llvm.memset.p0i8.i64
LZ4_resetStream->llvm.memset.p0i8.i64
LZ4HC_setExternalDict->LZ4HC_hashPtr
LZ4_memcpy_using_offset_base->LZ4_wildCopy8
LZ4_memcpy_using_offset_base->llvm.memcpy.p0i8.p0i8.i64
LZ4_compress_HC_destSize->LZ4HC_init_internal
LZ4_compress_HC_destSize->LZ4HC_compress_generic
LZ4_compress_HC_destSize->LZ4_initStreamHC
LZ4_compress_HC_destSize->LZ4_setCompressionLevel
LZ4_decompress_fast_extDict->LZ4_wildCopy8
LZ4_decompress_fast_extDict->LZ4_write32
LZ4_decompress_fast_extDict->llvm.memcpy.p0i8.p0i8.i64
LZ4_decompress_fast_extDict->llvm.memmove.p0i8.p0i8.i64
LZ4_decompress_fast_extDict->LZ4_wildCopy32
LZ4_decompress_fast_extDict->LZ4_readLE16
LZ4_decompress_fast_extDict->LZ4_memcpy_using_offset
LZ4_compress_HC_continue->LZ4_compressBound
LZ4_compress_HC_continue->LZ4_compressHC_continue_generic
LZ4_compress_limitedOutput_continue->LZ4_compress_fast_continue
LZ4_compressHC2_limitedOutput->LZ4_compress_HC
LZ4F_compressFrameBound->llvm.memcpy.p0i8.p0i8.i64
LZ4F_compressFrameBound->llvm.memset.p0i8.i64
LZ4F_compressFrameBound->LZ4F_compressBound_internal
LZ4_XXH32->XXH_isLittleEndian
LZ4_XXH32->XXH_read32
LZ4_XXH32->XXH_swap32
LZ4_XXH32->XXH32_round
LZ4_XXH32->XXH32_finalize
LZ4F_flush->err0r
LZ4F_flush->LZ4F_selectCompression
LZ4F_flush->LZ4F_makeBlock
LZ4F_flush->LZ4F_localSaveDict
LZ4F_compressBlockHC->LZ4F_initStream
LZ4F_compressBlockHC->LZ4_compress_HC_extStateHC_fastReset
LZ4F_compressBlockHC->LZ4_compress_HC_continue
LZ4F_freeCompressionContext->free
LZ4_compress_fast->LZ4_compress_fast_extState
LZ4_compress_HC_extStateHC_fastReset->LZ4_compressBound
LZ4_compress_HC_extStateHC_fastReset->LZ4_resetStreamHC_fast
LZ4_compress_HC_extStateHC_fastReset->LZ4HC_init_internal
LZ4_compress_HC_extStateHC_fastReset->LZ4HC_compress_generic
LZ4_resetStream_fast->llvm.memset.p0i8.i64
LZ4_saveDict->llvm.memmove.p0i8.p0i8.i64
LZ4_decompress_safe_partial->LZ4_wildCopy8
LZ4_decompress_safe_partial->LZ4_write32
LZ4_decompress_safe_partial->llvm.memcpy.p0i8.p0i8.i64
LZ4_decompress_safe_partial->llvm.memmove.p0i8.p0i8.i64
LZ4_decompress_safe_partial->LZ4_wildCopy32
LZ4_decompress_safe_partial->LZ4_readLE16
LZ4_decompress_safe_partial->LZ4_memcpy_using_offset
LZ4HC_clearTables->llvm.memset.p0i8.i64
LZ4_freeStreamDecode->free
LZ4_createStreamHC->malloc
LZ4_createStreamHC->free
LZ4_createStreamHC->LZ4_initStreamHC
LZ4_decompress_safe_usingDict->LZ4_decompress_safe
LZ4_decompress_safe_usingDict->LZ4_decompress_safe_withPrefix64k
LZ4_decompress_safe_usingDict->LZ4_decompress_safe_forceExtDict
LZ4_decompress_safe_usingDict->LZ4_decompress_safe_withSmallPrefix
LZ4_compressHC_continue_generic->LZ4HC_init_internal
LZ4_compressHC_continue_generic->LZ4HC_compress_generic
LZ4_compressHC_continue_generic->LZ4HC_setExternalDict
LZ4_compressHC_continue_generic->LZ4_loadDictHC
LZ4_compress_continue->LZ4_compressBound
LZ4_compress_continue->LZ4_compress_fast_continue
LZ4_compressHC_withStateHC->LZ4_compressBound
LZ4_compressHC_withStateHC->LZ4_compress_HC_extStateHC
LZ4_resetStreamStateHC->LZ4HC_init_internal
LZ4_resetStreamStateHC->LZ4_initStreamHC
LZ4F_compressBound_internal->llvm.memset.p0i8.i64
LZ4F_compressBound_internal->LZ4F_getBlockSize
XXH_isLittleEndian->llvm.memcpy.p0i8.p0i8.i64
LZ4_XXH32_reset->llvm.memcpy.p0i8.p0i8.i64
LZ4_XXH32_reset->llvm.memset.p0i8.i64
LZ4F_compressBlockHC_continue->LZ4_compress_HC_continue
LZ4F_compressBegin->LZ4F_compressBegin_usingCDict
LZ4F_getFrameInfo->llvm.memcpy.p0i8.p0i8.i64
LZ4F_getFrameInfo->LZ4F_isError
LZ4F_getFrameInfo->err0r
LZ4F_getFrameInfo->LZ4F_headerSize
LZ4F_getFrameInfo->LZ4F_decompress
LZ4F_getFrameInfo->LZ4F_decodeHeader
LZ4_compress_default->LZ4_compress_fast
LZ4_resetStreamHC_fast->LZ4_initStreamHC
LZ4_resetStreamHC_fast->LZ4_setCompressionLevel
LZ4_freeStream->free
LZ4HC_hashPtr->LZ4_read32.7
LZ4HC_reverseCountPattern->LZ4_read32.7
LZ4_decompress_fast->LZ4_wildCopy8
LZ4_decompress_fast->LZ4_write32
LZ4_decompress_fast->llvm.memcpy.p0i8.p0i8.i64
LZ4_decompress_fast->llvm.memmove.p0i8.p0i8.i64
LZ4_decompress_fast->LZ4_wildCopy32
LZ4_decompress_fast->LZ4_readLE16
LZ4_decompress_fast->LZ4_memcpy_using_offset
LZ4_initStreamHC->LZ4_setCompressionLevel
LZ4_initStreamHC->LZ4_streamHC_t_alignment
LZ4_freeStreamHC->free
LZ4_decompress_fast_usingDict->LZ4_decompress_fast
LZ4_decompress_fast_usingDict->LZ4_decompress_fast_extDict
LZ4_compress_HC_continue_destSize->LZ4_compressHC_continue_generic
LZ4_uncompress->LZ4_decompress_fast
LZ4_compressHC_limitedOutput_withStateHC->LZ4_compress_HC_extStateHC
LZ4F_getErrorName->LZ4F_isError
LZ4_createHC->LZ4HC_init_internal
LZ4_createHC->LZ4_createStreamHC
LZ4F_compressFrame_usingCDict->llvm.memcpy.p0i8.p0i8.i64
LZ4F_compressFrame_usingCDict->llvm.memset.p0i8.i64
LZ4F_compressFrame_usingCDict->LZ4F_isError
LZ4F_compressFrame_usingCDict->LZ4F_getBlockSize
LZ4F_compressFrame_usingCDict->err0r
LZ4F_compressFrame_usingCDict->LZ4F_compressFrameBound
LZ4F_compressFrame_usingCDict->LZ4F_optimalBSID
LZ4F_compressFrame_usingCDict->LZ4F_compressBegin_usingCDict
LZ4F_compressFrame_usingCDict->LZ4F_compressUpdate
LZ4F_compressFrame_usingCDict->LZ4F_compressEnd
XXH_read32->llvm.memcpy.p0i8.p0i8.i64
LZ4_XXH32_update->XXH_isLittleEndian
LZ4_XXH32_update->XXH_read32
LZ4_XXH32_update->XXH_swap32
LZ4_XXH32_update->XXH32_round
LZ4_XXH32_update->XXH_memcpy
LZ4F_initStream->LZ4_resetStream_fast
LZ4F_initStream->LZ4_attach_dictionary
LZ4F_initStream->LZ4_resetStreamHC_fast
LZ4F_initStream->LZ4_attach_HC_dictionary
LZ4_wildCopy8->llvm.memcpy.p0i8.p0i8.i64
LZ4F_compressBound->LZ4F_compressBound_internal
LZ4F_decompress->llvm.memcpy.p0i8.p0i8.i64
LZ4F_decompress->llvm.memset.p0i8.i64
LZ4F_decompress->malloc
LZ4F_decompress->free
LZ4F_decompress->LZ4_decompress_safe_usingDict
LZ4F_decompress->LZ4F_isError
LZ4F_decompress->err0r
LZ4F_decompress->LZ4F_resetDecompressionContext
LZ4F_decompress->LZ4F_readLE32
LZ4F_decompress->LZ4F_decodeHeader
LZ4F_decompress->LZ4F_updateDict
LZ4F_decompress->LZ4_XXH32
LZ4F_decompress->LZ4_XXH32_reset
LZ4F_decompress->LZ4_XXH32_update
LZ4F_decompress->LZ4_XXH32_digest
LZ4_compress_destSize->LZ4_compress_destSize_extState
LZ4HC_init_internal->LZ4HC_clearTables
LZ4_decompress_safe->LZ4_wildCopy8
LZ4_decompress_safe->LZ4_write32
LZ4_decompress_safe->llvm.memcpy.p0i8.p0i8.i64
LZ4_decompress_safe->llvm.memmove.p0i8.p0i8.i64
LZ4_decompress_safe->LZ4_wildCopy32
LZ4_decompress_safe->LZ4_readLE16
LZ4_decompress_safe->LZ4_memcpy_using_offset
LZ4_wildCopy8.11->llvm.memcpy.p0i8.p0i8.i64
LZ4_decompress_safe_withPrefix64k->LZ4_wildCopy8
LZ4_decompress_safe_withPrefix64k->LZ4_write32
LZ4_decompress_safe_withPrefix64k->llvm.memcpy.p0i8.p0i8.i64
LZ4_decompress_safe_withPrefix64k->llvm.memmove.p0i8.p0i8.i64
LZ4_decompress_safe_withPrefix64k->LZ4_wildCopy32
LZ4_decompress_safe_withPrefix64k->LZ4_readLE16
LZ4_decompress_safe_withPrefix64k->LZ4_memcpy_using_offset
LZ4_resetStreamHC->LZ4_initStreamHC
LZ4_resetStreamHC->LZ4_setCompressionLevel
LZ4_compress_limitedOutput->LZ4_compress_default
LZ4_saveDictHC->llvm.memmove.p0i8.p0i8.i64
LZ4_uncompress_unknownOutputSize->LZ4_decompress_safe
LZ4_compressHC2_withStateHC->LZ4_compressBound
LZ4_compressHC2_withStateHC->LZ4_compress_HC_extStateHC
LZ4_freeHC->free
LZ4F_makeBlock->llvm.memcpy.p0i8.p0i8.i64
LZ4F_makeBlock->LZ4F_writeLE32
LZ4F_makeBlock->LZ4F_compressBlock
LZ4F_makeBlock->LZ4F_compressBlock_continue
LZ4F_makeBlock->LZ4F_compressBlockHC
LZ4F_makeBlock->LZ4F_compressBlockHC_continue
LZ4F_makeBlock->LZ4_XXH32
LZ4_compress_fast_extState->LZ4_compressBound
LZ4_compress_fast_extState->LZ4_initStream
LZ4_compress_fast_extState->LZ4_read_ARCH
LZ4_compress_fast_extState->LZ4_isLittleEndian
LZ4_compress_fast_extState->LZ4_read32
LZ4_compress_fast_extState->LZ4_getPositionOnHash
LZ4_compress_fast_extState->LZ4_wildCopy8
LZ4_compress_fast_extState->LZ4_writeLE16
LZ4_compress_fast_extState->LZ4_NbCommonBytes
LZ4_compress_fast_extState->LZ4_read16
LZ4_compress_fast_extState->LZ4_write32
LZ4_compress_fast_extState->llvm.memcpy.p0i8.p0i8.i64
XXH_memcpy->llvm.memcpy.p0i8.p0i8.i64
LZ4_writeLE16->LZ4_isLittleEndian
LZ4_writeLE16->LZ4_write16
LZ4F_createDecompressionContext->calloc
LZ4F_createDecompressionContext->err0r
LZ4F_decodeHeader->llvm.memcpy.p0i8.p0i8.i64
LZ4F_decodeHeader->llvm.memset.p0i8.i64
LZ4F_decodeHeader->LZ4F_getBlockSize
LZ4F_decodeHeader->err0r
LZ4F_decodeHeader->LZ4F_headerChecksum
LZ4F_decodeHeader->LZ4F_readLE32
LZ4F_decodeHeader->LZ4F_readLE64
LZ4_compress_destSize_extState->LZ4_compressBound
LZ4_compress_destSize_extState->LZ4_compress_fast_extState
LZ4_compress_destSize_extState->LZ4_initStream
LZ4_compress_destSize_extState->LZ4_read_ARCH
LZ4_compress_destSize_extState->LZ4_isLittleEndian
LZ4_compress_destSize_extState->LZ4_read32
LZ4_compress_destSize_extState->LZ4_getPositionOnHash
LZ4_compress_destSize_extState->LZ4_wildCopy8
LZ4_compress_destSize_extState->LZ4_writeLE16
LZ4_compress_destSize_extState->LZ4_NbCommonBytes
LZ4_compress_destSize_extState->LZ4_read16
LZ4_compress_destSize_extState->LZ4_write32
LZ4_compress_destSize_extState->llvm.memcpy.p0i8.p0i8.i64
LZ4HC_compress_generic->LZ4HC_compress_generic_noDictCtx
LZ4HC_compress_generic->LZ4HC_compress_generic_dictCtx
LZ4_loadDict->LZ4_read_ARCH
LZ4_loadDict->LZ4_isLittleEndian
LZ4_loadDict->LZ4_read32
LZ4_loadDict->LZ4_resetStream
LZ4_wildCopy32->llvm.memcpy.p0i8.p0i8.i64
LZ4_writeLE16.12->LZ4_isLittleEndian.13
LZ4_writeLE16.12->LZ4_write16.14
LZ4_decompress_fast_withPrefix64k->LZ4_decompress_fast
LZ4_decompress_safe_continue->LZ4_wildCopy8
LZ4_decompress_safe_continue->LZ4_write32
LZ4_decompress_safe_continue->llvm.memcpy.p0i8.p0i8.i64
LZ4_decompress_safe_continue->llvm.memmove.p0i8.p0i8.i64
LZ4_decompress_safe_continue->LZ4_decompress_safe
LZ4_decompress_safe_continue->LZ4_wildCopy32
LZ4_decompress_safe_continue->LZ4_readLE16
LZ4_decompress_safe_continue->LZ4_memcpy_using_offset
LZ4_decompress_safe_continue->LZ4_decompress_safe_withPrefix64k
LZ4_decompress_safe_continue->LZ4_decompress_safe_forceExtDict
LZ4_decompress_safe_continue->LZ4_decompress_safe_withSmallPrefix
LZ4_compress->LZ4_compressBound
LZ4_compress->LZ4_compress_default
LZ4_compressHC->LZ4_compressBound
LZ4_compressHC->LZ4_compress_HC
LZ4_compressHC2_limitedOutput_withStateHC->LZ4_compress_HC_extStateHC
LZ4_compressHC2_continue->LZ4HC_compress_generic
LZ4F_compressBegin_usingCDict->LZ4_initStream
LZ4F_compressBegin_usingCDict->llvm.memcpy.p0i8.p0i8.i64
LZ4F_compressBegin_usingCDict->llvm.memset.p0i8.i64
LZ4F_compressBegin_usingCDict->LZ4_createStream
LZ4F_compressBegin_usingCDict->free
LZ4F_compressBegin_usingCDict->calloc
LZ4F_compressBegin_usingCDict->LZ4F_getBlockSize
LZ4F_compressBegin_usingCDict->err0r
LZ4F_compressBegin_usingCDict->LZ4F_writeLE32
LZ4F_compressBegin_usingCDict->LZ4F_initStream
LZ4F_compressBegin_usingCDict->LZ4F_writeLE64
LZ4F_compressBegin_usingCDict->LZ4F_headerChecksum
LZ4F_compressBegin_usingCDict->LZ4_initStreamHC
LZ4F_compressBegin_usingCDict->LZ4_setCompressionLevel
LZ4F_compressBegin_usingCDict->LZ4_createStreamHC
LZ4F_compressBegin_usingCDict->LZ4_favorDecompressionSpeed
LZ4F_compressBegin_usingCDict->LZ4_XXH32_reset
LZ4F_localSaveDict->LZ4_saveDict
LZ4F_localSaveDict->LZ4_saveDictHC
LZ4_initStream->LZ4_stream_t_alignment
LZ4_initStream->llvm.memset.p0i8.i64
LZ4_XXH32_digest->XXH_isLittleEndian
LZ4_XXH32_digest->XXH32_finalize
LZ4F_headerChecksum->LZ4_XXH32
LZ4_NbCommonBytes->LZ4_isLittleEndian
LZ4_NbCommonBytes->llvm.cttz.i64
LZ4_NbCommonBytes->llvm.ctlz.i64
LZ4F_freeDecompressionContext->free
LZ4_createStream->LZ4_initStream
LZ4_createStream->malloc
LZ4HC_compress_generic_noDictCtx->llvm.memcpy.p0i8.p0i8.i64
LZ4HC_compress_generic_noDictCtx->LZ4_read32.7
LZ4HC_compress_generic_noDictCtx->LZ4HC_hashPtr
LZ4HC_compress_generic_noDictCtx->LZ4_read16.8
LZ4HC_compress_generic_noDictCtx->LZ4_read_ARCH.9
LZ4HC_compress_generic_noDictCtx->LZ4_NbCommonBytes.10
LZ4HC_compress_generic_noDictCtx->LZ4HC_countPattern
LZ4HC_compress_generic_noDictCtx->LZ4HC_protectDictEnd
LZ4HC_compress_generic_noDictCtx->LZ4HC_rotatePattern
LZ4HC_compress_generic_noDictCtx->LZ4HC_reverseCountPattern
LZ4HC_compress_generic_noDictCtx->LZ4_wildCopy8.11
LZ4HC_compress_generic_noDictCtx->LZ4_writeLE16.12
LZ4HC_compress_generic_noDictCtx->LZ4HC_compress_optimal
LZ4_NbCommonBytes.10->llvm.cttz.i64
LZ4_NbCommonBytes.10->llvm.ctlz.i64
LZ4_NbCommonBytes.10->LZ4_isLittleEndian.13
LZ4_readLE16->LZ4_isLittleEndian
LZ4_readLE16->LZ4_read16
LZ4HC_compress_optimal->llvm.memcpy.p0i8.p0i8.i64
LZ4HC_compress_optimal->llvm.memset.p0i8.i64
LZ4HC_compress_optimal->malloc
LZ4HC_compress_optimal->free
LZ4HC_compress_optimal->LZ4_read32.7
LZ4HC_compress_optimal->LZ4HC_hashPtr
LZ4HC_compress_optimal->LZ4_read16.8
LZ4HC_compress_optimal->LZ4_read_ARCH.9
LZ4HC_compress_optimal->LZ4_NbCommonBytes.10
LZ4HC_compress_optimal->LZ4HC_countPattern
LZ4HC_compress_optimal->LZ4HC_protectDictEnd
LZ4HC_compress_optimal->LZ4HC_rotatePattern
LZ4HC_compress_optimal->LZ4HC_reverseCountPattern
LZ4HC_compress_optimal->LZ4_wildCopy8.11
LZ4HC_compress_optimal->LZ4_writeLE16.12
LZ4_decompress_safe_forceExtDict->LZ4_wildCopy8
LZ4_decompress_safe_forceExtDict->LZ4_write32
LZ4_decompress_safe_forceExtDict->llvm.memcpy.p0i8.p0i8.i64
LZ4_decompress_safe_forceExtDict->llvm.memmove.p0i8.p0i8.i64
LZ4_decompress_safe_forceExtDict->LZ4_wildCopy32
LZ4_decompress_safe_forceExtDict->LZ4_readLE16
LZ4_decompress_safe_forceExtDict->LZ4_memcpy_using_offset
LZ4_compress_HC_extStateHC->LZ4_compress_HC_extStateHC_fastReset
LZ4_compress_HC_extStateHC->LZ4_initStreamHC
LZ4_decompress_safe_withSmallPrefix->LZ4_wildCopy8
LZ4_decompress_safe_withSmallPrefix->LZ4_write32
LZ4_decompress_safe_withSmallPrefix->llvm.memcpy.p0i8.p0i8.i64
LZ4_decompress_safe_withSmallPrefix->llvm.memmove.p0i8.p0i8.i64
LZ4_decompress_safe_withSmallPrefix->LZ4_wildCopy32
LZ4_decompress_safe_withSmallPrefix->LZ4_readLE16
LZ4_decompress_safe_withSmallPrefix->LZ4_memcpy_using_offset
LZ4_loadDictHC->LZ4HC_init_internal
LZ4_loadDictHC->LZ4HC_hashPtr
LZ4_loadDictHC->LZ4_initStreamHC
LZ4_loadDictHC->LZ4_setCompressionLevel
LZ4_compress_limitedOutput_withState->LZ4_compress_fast_extState
LZ4_compressHC_limitedOutput->LZ4_compress_HC
LZ4_resetStreamState->LZ4_resetStream
LZ4_compressHC_continue->LZ4_compressBound
LZ4_compressHC_continue->LZ4_compress_HC_continue
LZ4F_getBlockSize->err0r
LZ4_compressHC2_limitedOutput_continue->LZ4HC_compress_generic
LZ4F_compressUpdate->llvm.memcpy.p0i8.p0i8.i64
LZ4F_compressUpdate->llvm.memset.p0i8.i64
LZ4F_compressUpdate->err0r
LZ4F_compressUpdate->LZ4F_compressBound_internal
LZ4F_compressUpdate->LZ4F_selectCompression
LZ4F_compressUpdate->LZ4F_makeBlock
LZ4F_compressUpdate->LZ4F_localSaveDict
LZ4F_compressUpdate->LZ4_XXH32_update
XXH32_finalize->XXH_read32
XXH32_finalize->XXH_swap32
XXH32_finalize->XXH32_avalanche
XXH32_finalize->__assert_fail
LZ4F_compressBlock->LZ4_compress_fast_extState_fastReset
LZ4F_compressBlock->LZ4_compress_fast_continue
LZ4F_compressBlock->LZ4F_initStream
LZ4F_compressFrame->LZ4_initStream
LZ4F_compressFrame->llvm.memset.p0i8.i64
LZ4F_compressFrame->free
LZ4F_compressFrame->LZ4F_compressFrame_usingCDict
LZ4F_updateDict->llvm.memcpy.p0i8.p0i8.i64
LZ4HC_compress_generic_dictCtx->llvm.memcpy.p0i8.p0i8.i64
LZ4HC_compress_generic_dictCtx->LZ4HC_compress_generic_noDictCtx
LZ4HC_compress_generic_dictCtx->LZ4HC_setExternalDict
LZ4HC_compress_generic_dictCtx->LZ4_read32.7
LZ4HC_compress_generic_dictCtx->LZ4HC_hashPtr
LZ4HC_compress_generic_dictCtx->LZ4_read16.8
LZ4HC_compress_generic_dictCtx->LZ4_read_ARCH.9
LZ4HC_compress_generic_dictCtx->LZ4_NbCommonBytes.10
LZ4HC_compress_generic_dictCtx->LZ4HC_countPattern
LZ4HC_compress_generic_dictCtx->LZ4HC_protectDictEnd
LZ4HC_compress_generic_dictCtx->LZ4HC_rotatePattern
LZ4HC_compress_generic_dictCtx->LZ4HC_reverseCountPattern
LZ4HC_compress_generic_dictCtx->LZ4_wildCopy8.11
LZ4HC_compress_generic_dictCtx->LZ4_writeLE16.12
LZ4HC_compress_generic_dictCtx->LZ4HC_compress_optimal
LZ4_compress_fast_continue->LZ4_read_ARCH
LZ4_compress_fast_continue->LZ4_isLittleEndian
LZ4_compress_fast_continue->LZ4_read32
LZ4_compress_fast_continue->LZ4_getPositionOnHash
LZ4_compress_fast_continue->LZ4_wildCopy8
LZ4_compress_fast_continue->LZ4_writeLE16
LZ4_compress_fast_continue->LZ4_NbCommonBytes
LZ4_compress_fast_continue->LZ4_read16
LZ4_compress_fast_continue->LZ4_write32
LZ4_compress_fast_continue->llvm.memcpy.p0i8.p0i8.i64
LZ4_compress_fast_continue->LZ4_renormDictT
LZ4HC_countPattern->LZ4_read_ARCH.9
LZ4HC_countPattern->LZ4_NbCommonBytes.10
LZ4HC_countPattern->LZ4_isLittleEndian.13
LZ4_memcpy_using_offset->LZ4_write32
LZ4_memcpy_using_offset->llvm.memcpy.p0i8.p0i8.i64
LZ4_memcpy_using_offset->llvm.memset.p0i8.i64
LZ4_memcpy_using_offset->LZ4_memcpy_using_offset_base
LZ4_isLittleEndian.13->llvm.memcpy.p0i8.p0i8.i64
LZ4_createStreamDecode->calloc
LZ4_compress_HC->malloc
LZ4_compress_HC->free
LZ4_compress_HC->LZ4_compress_HC_extStateHC
LZ4_decompress_fast_continue->LZ4_wildCopy8
LZ4_decompress_fast_continue->LZ4_write32
LZ4_decompress_fast_continue->llvm.memcpy.p0i8.p0i8.i64
LZ4_decompress_fast_continue->llvm.memmove.p0i8.p0i8.i64
LZ4_decompress_fast_continue->LZ4_wildCopy32
LZ4_decompress_fast_continue->LZ4_readLE16
LZ4_decompress_fast_continue->LZ4_memcpy_using_offset
LZ4_decompress_fast_continue->LZ4_decompress_fast
LZ4_decompress_fast_continue->LZ4_decompress_fast_extDict
LZ4_compress_withState->LZ4_compressBound
LZ4_compress_withState->LZ4_compress_fast_extState
LZ4_compressHC2->LZ4_compressBound
LZ4_compressHC2->LZ4_compress_HC
LZ4_create->LZ4_createStream
LZ4_compressHC_limitedOutput_continue->LZ4_compress_HC_continue
LZ4_slideInputBufferHC->LZ4_resetStreamHC_fast
LZ4F_compressEnd->LZ4F_isError
LZ4F_compressEnd->err0r
LZ4F_compressEnd->LZ4F_flush
LZ4F_compressEnd->LZ4F_writeLE32
LZ4F_compressEnd->LZ4_XXH32_digest
