sb_debug_write->__errno_location
sb_debug_write->__xpg_strerror_r
sb_debug_write->ber_pvt_log_printf
sb_debug_write->ber_pvt_log_printf
sb_debug_write->ber_log_bprint
sb_debug_write->__errno_location
sb_debug_read->__errno_location
sb_debug_read->__xpg_strerror_r
sb_debug_read->ber_pvt_log_printf
sb_debug_read->ber_pvt_log_printf
sb_debug_read->ber_log_bprint
sb_debug_read->__errno_location
sb_debug_remove->__assert_fail
sb_debug_remove->__assert_fail
sb_debug_remove->ber_memfree
sb_debug_setup->__assert_fail
sb_debug_setup->strlen
sb_debug_setup->ber_memalloc
sb_debug_setup->strcpy
sb_fd_close->__assert_fail
sb_fd_close->__assert_fail
sb_fd_close->close
sb_fd_write->__assert_fail
sb_fd_write->__assert_fail
sb_fd_write->write
sb_fd_read->__assert_fail
sb_fd_read->__assert_fail
sb_fd_read->read
sb_fd_setup->__assert_fail
sb_rdahead_close->__assert_fail
sb_rdahead_close->ber_pvt_sb_buf_destroy
sb_rdahead_write->__assert_fail
sb_rdahead_write->__assert_fail
ber_get_next->__assert_fail
ber_get_next->__assert_fail
ber_get_next->__assert_fail
ber_get_next->__assert_fail
ber_get_next->__assert_fail
ber_get_next->ber_pvt_log_printf
ber_get_next->__assert_fail
ber_get_next->__errno_location
ber_get_next->ber_int_sb_read
ber_get_next->__errno_location
ber_get_next->__errno_location
ber_get_next->__errno_location
ber_get_next->__errno_location
ber_get_next->__errno_location
ber_get_next->llvm.memmove.p0i8.p0i8.i64
ber_get_next->__errno_location
ber_get_next->ber_pvt_log_printf
ber_get_next->__errno_location
ber_get_next->__errno_location
ber_get_next->ber_memalloc_x
ber_get_next->llvm.memmove.p0i8.p0i8.i64
ber_get_next->llvm.memmove.p0i8.p0i8.i64
ber_get_next->__errno_location
ber_get_next->ber_int_sb_read
ber_get_next->__errno_location
ber_get_next->ber_pvt_log_printf
ber_get_next->ber_log_dump
ber_flatten->__assert_fail
ber_flatten->ber_memalloc_x
ber_flatten->ber_flatten2
ber_flatten->ber_memfree_x
ber_flatten2->__assert_fail
ber_flatten2->ber_memalloc_x
ber_flatten2->llvm.memmove.p0i8.p0i8.i64
ber_reset->__assert_fail
ber_reset->__assert_fail
ber_init->__assert_fail
ber_init->ber_alloc_t
ber_init->ber_write
ber_init->ber_free
ber_init->ber_reset
ber_init_w_nullc->ber_init2
ber_init2->__assert_fail
ber_init2->llvm.memset.p0i8.i64
ber_init2->__assert_fail
ber_dup->__assert_fail
ber_dup->__assert_fail
ber_dup->ber_alloc_t
ber_dup->llvm.memcpy.p0i8.p0i8.i64
ber_dup->__assert_fail
der_alloc->ber_alloc_t
ber_alloc->ber_alloc_t
ber_alloc_t->ber_memcalloc
ber_alloc_t->__assert_fail
ber_flush2->__assert_fail
ber_flush2->__assert_fail
ber_flush2->__assert_fail
ber_flush2->__assert_fail
ber_flush2->ber_pvt_log_printf
ber_flush2->ber_log_bprint
ber_flush2->ber_int_sb_write
ber_flush2->ber_free
ber_flush2->ber_free
ber_flush->ber_flush2
ber_free->ber_free_buf
ber_free->ber_memfree_x
ber_free_buf->__assert_fail
ber_free_buf->ber_memfree_x
ber_realloc->__assert_fail
ber_realloc->__assert_fail
ber_realloc->ber_memrealloc_x
ber_write->__assert_fail
ber_write->__assert_fail
ber_write->__assert_fail
ber_write->ber_pvt_log_printf
ber_write->ber_realloc
ber_write->llvm.memmove.p0i8.p0i8.i64
ber_read->__assert_fail
ber_read->__assert_fail
ber_read->__assert_fail
ber_read->llvm.memmove.p0i8.p0i8.i64
ber_skip_data->__assert_fail
ber_skip_data->__assert_fail
ber_printf->__assert_fail
ber_printf->__assert_fail
ber_printf->__assert_fail
ber_printf->llvm.va_start
ber_printf->ber_put_boolean
ber_printf->ber_put_int
ber_printf->ber_put_enum
ber_printf->ber_put_null
ber_printf->ber_put_null
ber_printf->ber_put_ostring
ber_printf->ber_put_berval
ber_printf->ber_put_string
ber_printf->ber_put_bitstring
ber_printf->ber_put_string
ber_printf->ber_put_berval
ber_printf->ber_put_berval
ber_printf->ber_start_seq
ber_printf->ber_put_seqorset
ber_printf->ber_start_set
ber_printf->ber_put_seqorset
ber_printf->ber_pvt_log_printf
ber_printf->llvm.va_end
ber_put_set->ber_put_seqorset
ber_put_seqorset->__assert_fail
ber_put_seqorset->__assert_fail
ber_put_seqorset->llvm.memcpy.p0i8.p0i8.i64
ber_put_seqorset->ber_prepend_len
ber_put_seqorset->llvm.memmove.p0i8.p0i8.i64
ber_put_seq->ber_put_seqorset
ber_start_set->ber_start_seqorset
ber_start_seqorset->__assert_fail
ber_start_seqorset->__assert_fail
ber_start_seqorset->ber_prepend_tag
ber_start_seqorset->ber_realloc
ber_start_seqorset->llvm.memmove.p0i8.p0i8.i64
ber_start_seq->ber_start_seqorset
ber_put_boolean->ber_prepend_tag
ber_put_boolean->ber_write
ber_put_null->ber_prepend_tag
ber_put_null->ber_write
ber_put_bitstring->ber_prepend_len
ber_put_bitstring->ber_prepend_tag
ber_put_bitstring->ber_write
ber_put_bitstring->ber_write
ber_put_string->__assert_fail
ber_put_string->strlen
ber_put_string->ber_put_ostring
ber_put_berval->ber_put_ostring
ber_put_berval->ber_put_ostring
ber_put_ostring->ber_prepend_len
ber_put_ostring->ber_prepend_tag
ber_put_ostring->ber_write
ber_put_ostring->ber_write
ber_put_int->ber_put_int_or_enum
ber_get_stringbv->ber_skip_element
ber_get_stringbv->memchr
ber_get_stringbv->ber_memalloc_x
ber_get_stringbv->llvm.memcpy.p0i8.p0i8.i64
ber_get_stringb->ber_skip_element
ber_get_stringb->llvm.memcpy.p0i8.p0i8.i64
ber_get_enum->ber_get_int
ber_decode_int->__assert_fail
ber_get_int->ber_skip_element
ber_get_int->ber_decode_int
ber_skip_tag->ber_peek_element
ber_peek_tag->ber_peek_element
ber_skip_raw->ber_skip_element
ber_skip_element->ber_peek_element
ber_decode_oid->__assert_fail
ber_decode_oid->__assert_fail
ber_decode_oid->sprintf
ber_decode_oid->sprintf
ber_get_tag->ber_tag_and_rest
ber_tag_and_rest->__assert_fail
ber_tag_and_rest->__assert_fail
ber_peek_element->__assert_fail
ber_peek_element->ber_tag_and_rest
ber_get_stringbv_null->ber_skip_element
ber_get_stringbv_null->memchr
ber_get_stringbv_null->ber_memalloc_x
ber_get_stringbv_null->llvm.memcpy.p0i8.p0i8.i64
ber_get_stringa->__assert_fail
ber_get_stringa->ber_get_stringbv
ber_get_stringa_null->__assert_fail
ber_get_stringa_null->ber_get_stringbv_null
ber_get_stringal->__assert_fail
ber_get_stringal->__assert_fail
ber_get_stringal->ber_memalloc_x
ber_get_stringal->ber_get_stringbv
ber_get_stringal->ber_memfree_x
ber_get_bitstringa->__assert_fail
ber_get_bitstringa->__assert_fail
ber_get_bitstringa->ber_skip_element
ber_get_bitstringa->memchr
ber_get_bitstringa->ber_memalloc_x
ber_get_bitstringa->llvm.memcpy.p0i8.p0i8.i64
ber_get_null->ber_skip_tag
ber_get_boolean->ber_get_int
ber_first_element->__assert_fail
ber_first_element->ber_skip_tag
ber_first_element->ber_peek_tag
ber_next_element->__assert_fail
ber_next_element->__assert_fail
ber_next_element->__assert_fail
ber_next_element->ber_peek_tag
ber_scanf->llvm.va_start
ber_scanf->__assert_fail
ber_scanf->__assert_fail
ber_scanf->__assert_fail
ber_scanf->ber_pvt_log_printf
ber_scanf->ber_log_dump
ber_scanf->ber_get_stringa
ber_scanf->ber_get_stringa_null
ber_scanf->ber_get_boolean
ber_scanf->ber_get_bitstringa
ber_scanf->ber_get_int
ber_scanf->ber_peek_tag
ber_scanf->ber_get_stringbv
ber_scanf->llvm.memcpy.p0i8.p0i8.i64
ber_scanf->ber_get_stringbvl
ber_scanf->ber_get_null
ber_scanf->ber_get_stringbv
ber_scanf->ber_get_stringal
ber_scanf->ber_get_stringb
ber_scanf->ber_peek_tag
ber_scanf->ber_skip_tag
ber_scanf->llvm.memcpy.p0i8.p0i8.i64
ber_scanf->ber_get_stringbvl
ber_scanf->llvm.memcpy.p0i8.p0i8.i64
ber_scanf->ber_get_stringbvl
ber_scanf->llvm.memcpy.p0i8.p0i8.i64
ber_scanf->ber_get_stringbvl
ber_scanf->ber_skip_element
ber_scanf->ber_skip_tag
ber_scanf->ber_pvt_log_printf
ber_scanf->llvm.va_end
ber_scanf->llvm.va_start
ber_scanf->ber_memfree_x
ber_scanf->ber_memfree_x
ber_scanf->ber_memfree_x
ber_scanf->ber_bvfree_x
ber_scanf->ber_memfree_x
ber_scanf->ber_memvfree_x
ber_scanf->ber_bvecfree_x
ber_scanf->ber_bvarray_free_x
ber_scanf->__assert_fail
ber_scanf->llvm.va_end
ber_get_stringbvl->ber_skip_tag
ber_get_stringbvl->ber_skip_element
ber_get_stringbvl->ber_memalloc_x
ber_get_stringbvl->ber_get_stringbv
ber_get_stringbvl->llvm.memcpy.p0i8.p0i8.i64
ber_get_stringbvl->ber_memalloc_x
ber_get_stringbvl->ber_memfree_x
ber_get_stringbvl->llvm.memcpy.p0i8.p0i8.i64
ber_get_stringbvl->llvm.memcpy.p0i8.p0i8.i64
ber_get_stringbvl->ber_memfree_x
ber_get_stringbvl->ber_memfree_x
ber_get_stringbvl->ber_memfree_x
ber_get_stringbvl->ber_memfree_x
ber_get_stringbvl->ber_memfree_x
ber_encode_oid->__assert_fail
ber_encode_oid->__assert_fail
ber_encode_oid->__ctype_b_loc
ber_encode_oid->strtoul
ber_encode_oid->__ctype_b_loc
ber_encode_oid->strtoul
ber_encode_oid->__ctype_b_loc
ber_encode_oid->strtoul
ber_put_enum->ber_put_int_or_enum
ber_put_int_or_enum->ber_prepend_tag
ber_put_int_or_enum->ber_write
ber_error_print->__assert_fail
ber_error_print->fputs
ber_error_print->fputs
ber_error_print->fflush
ber_error_print->fflush
ber_pvt_log_output->llvm.va_start
ber_pvt_log_output->ber_get_option
ber_pvt_log_output->vsnprintf
ber_pvt_log_output->llvm.va_end
ber_pvt_log_output->ber_error_print
ber_pvt_log_printf->__assert_fail
ber_pvt_log_printf->llvm.va_start
ber_pvt_log_printf->vsnprintf
ber_pvt_log_printf->llvm.va_end
ber_pvt_log_printf->ber_error_print
ber_log_bprint->__assert_fail
ber_log_bprint->ber_bprint
ber_bprint->__assert_fail
ber_bprint->llvm.memset.p0i8.i64
ber_bprint->__ctype_b_loc
ber_bprint->ber_error_print
ber_bprint->ber_error_print
ber_log_dump->__assert_fail
ber_log_dump->__assert_fail
ber_log_dump->ber_dump
ber_dump->__assert_fail
ber_dump->__assert_fail
ber_dump->sprintf
ber_dump->ber_bprint
ber_dump->ber_error_print
lutil_debug_file->ber_set_option
lutil_debug->time
lutil_debug->sprintf
lutil_debug->llvm.va_start
lutil_debug->vsnprintf
lutil_debug->fputs
lutil_debug->fflush
lutil_debug->fputs
lutil_debug->llvm.va_end
ber_memfree_x->free
ber_memfree_x->__assert_fail
ber_memfree->ber_memfree_x
ber_memvfree_x->ber_memfree_x
ber_memvfree_x->ber_memfree_x
ber_memvfree->ber_memvfree_x
ber_memalloc_x->malloc
ber_memalloc_x->ber_errno_addr
ber_memalloc->ber_memalloc_x
ber_memcalloc_x->calloc
ber_memcalloc_x->ber_errno_addr
ber_memcalloc->ber_memcalloc_x
ber_memrealloc_x->ber_memalloc_x
ber_memrealloc_x->ber_memfree_x
ber_memrealloc_x->realloc
ber_memrealloc_x->ber_errno_addr
ber_memrealloc->ber_memrealloc_x
ber_bvfree_x->ber_memfree_x
ber_bvfree_x->ber_memfree_x
ber_bvfree->ber_bvfree_x
ber_bvecfree_x->ber_bvfree_x
ber_bvecfree_x->ber_memfree_x
ber_bvecfree->ber_bvecfree_x
ber_bvecadd_x->ber_memalloc_x
ber_bvecadd_x->ber_memrealloc_x
ber_bvecadd->ber_bvecadd_x
ber_dupbv_x->ber_errno_addr
ber_dupbv_x->ber_memalloc_x
ber_dupbv_x->ber_memalloc_x
ber_dupbv_x->ber_memfree_x
ber_dupbv_x->llvm.memmove.p0i8.p0i8.i64
ber_dupbv_x->llvm.memcpy.p0i8.p0i8.i64
ber_dupbv->ber_dupbv_x
ber_bvdup->ber_dupbv_x
ber_str2bv_x->ber_errno_addr
ber_str2bv_x->ber_memalloc_x
ber_str2bv_x->strlen
ber_str2bv_x->ber_memalloc_x
ber_str2bv_x->ber_memfree_x
ber_str2bv_x->llvm.memmove.p0i8.p0i8.i64
ber_str2bv->ber_str2bv_x
ber_mem2bv_x->ber_errno_addr
ber_mem2bv_x->ber_memalloc_x
ber_mem2bv_x->ber_memalloc_x
ber_mem2bv_x->ber_memfree_x
ber_mem2bv_x->llvm.memmove.p0i8.p0i8.i64
ber_mem2bv->ber_mem2bv_x
ber_strdup_x->ber_errno_addr
ber_strdup_x->strlen
ber_strdup_x->ber_memalloc_x
ber_strdup_x->llvm.memmove.p0i8.p0i8.i64
ber_strdup->ber_strdup_x
ber_strndup_x->ber_errno_addr
ber_strndup_x->ber_strnlen
ber_strndup_x->ber_memalloc_x
ber_strndup_x->llvm.memmove.p0i8.p0i8.i64
ber_strndup->ber_strndup_x
ber_bvreplace_x->__assert_fail
ber_bvreplace_x->__assert_fail
ber_bvreplace_x->ber_memrealloc_x
ber_bvreplace_x->llvm.memmove.p0i8.p0i8.i64
ber_bvreplace->ber_bvreplace_x
ber_bvarray_free_x->ber_memfree_x
ber_bvarray_free_x->ber_memfree_x
ber_bvarray_free->ber_bvarray_free_x
ber_bvarray_dup_x->ber_memalloc_x
ber_bvarray_dup_x->ber_dupbv_x
ber_bvarray_dup_x->ber_bvarray_free_x
ber_bvarray_add_x->ber_memalloc_x
ber_bvarray_add_x->ber_memrealloc_x
ber_bvarray_add_x->llvm.memcpy.p0i8.p0i8.i64
ber_bvarray_add->ber_bvarray_add_x
ber_get_option->ber_errno_addr
ber_get_option->ber_errno_addr
ber_get_option->__assert_fail
ber_get_option->__assert_fail
ber_get_option->__assert_fail
ber_get_option->__assert_fail
ber_get_option->__assert_fail
ber_get_option->__assert_fail
ber_get_option->ber_errno_addr
ber_set_option->ber_errno_addr
ber_set_option->ber_errno_addr
ber_set_option->llvm.memmove.p0i8.p0i8.i64
ber_set_option->ber_errno_addr
ber_set_option->__assert_fail
ber_set_option->__assert_fail
ber_set_option->__assert_fail
ber_set_option->__assert_fail
ber_set_option->__assert_fail
ber_set_option->__assert_fail
ber_set_option->ber_errno_addr
ber_sockbuf_alloc->ber_memcalloc
ber_sockbuf_alloc->ber_int_sb_init
ber_int_sb_init->__assert_fail
ber_int_sb_init->__assert_fail
ber_sockbuf_free->__assert_fail
ber_sockbuf_free->__assert_fail
ber_sockbuf_free->ber_int_sb_close
ber_sockbuf_free->ber_int_sb_destroy
ber_sockbuf_free->ber_memfree
ber_int_sb_close->__assert_fail
ber_int_sb_destroy->__assert_fail
ber_int_sb_destroy->__assert_fail
ber_int_sb_destroy->ber_sockbuf_remove_io
ber_int_sb_destroy->ber_int_sb_init
ber_sockbuf_remove_io->__assert_fail
ber_sockbuf_remove_io->__assert_fail
ber_sockbuf_remove_io->ber_memfree
ber_sockbuf_ctrl->__assert_fail
ber_sockbuf_ctrl->__assert_fail
ber_sockbuf_ctrl->ber_pvt_socket_set_nonblock
ber_sockbuf_ctrl->ber_int_sb_read
ber_pvt_socket_set_nonblock->fcntl
ber_pvt_socket_set_nonblock->fcntl
ber_int_sb_read->__assert_fail
ber_int_sb_read->__assert_fail
ber_int_sb_read->__assert_fail
ber_int_sb_read->__assert_fail
ber_int_sb_read->__errno_location
ber_sockbuf_add_io->__assert_fail
ber_sockbuf_add_io->__assert_fail
ber_sockbuf_add_io->ber_memalloc
ber_sockbuf_add_io->llvm.memset.p0i8.i64
ber_pvt_sb_buf_destroy->__assert_fail
ber_pvt_sb_buf_destroy->ber_memfree
ber_pvt_sb_buf_destroy->ber_pvt_sb_buf_init
ber_pvt_sb_grow_buffer->__assert_fail
ber_pvt_sb_grow_buffer->ber_memrealloc
ber_pvt_sb_copy_out->__assert_fail
ber_pvt_sb_copy_out->__assert_fail
ber_pvt_sb_copy_out->llvm.memmove.p0i8.p0i8.i64
ber_pvt_sb_do_write->__assert_fail
ber_pvt_sb_do_write->__assert_fail
ber_pvt_sb_do_write->__assert_fail
ber_pvt_sb_do_write->__errno_location
ber_int_sb_write->__assert_fail
ber_int_sb_write->__assert_fail
ber_int_sb_write->__assert_fail
ber_int_sb_write->__assert_fail
ber_int_sb_write->__errno_location
sb_stream_setup->__assert_fail
sb_stream_read->__assert_fail
sb_stream_read->__assert_fail
sb_stream_read->read
sb_stream_write->__assert_fail
sb_stream_write->__assert_fail
sb_stream_write->write
sb_stream_close->__assert_fail
sb_stream_close->__assert_fail
sb_stream_close->shutdown
sb_stream_close->close
sb_rdahead_setup->__assert_fail
sb_rdahead_setup->ber_memalloc
sb_rdahead_setup->ber_pvt_sb_buf_init
sb_rdahead_setup->ber_pvt_sb_grow_buffer
sb_rdahead_setup->ber_pvt_sb_grow_buffer
sb_rdahead_remove->__assert_fail
sb_rdahead_remove->ber_pvt_sb_buf_destroy
sb_rdahead_remove->ber_memfree
sb_rdahead_ctrl->ber_pvt_sb_grow_buffer
sb_rdahead_read->__assert_fail
sb_rdahead_read->__assert_fail
sb_rdahead_read->__assert_fail
sb_rdahead_read->__assert_fail
sb_rdahead_read->ber_pvt_sb_copy_out
sb_rdahead_read->__errno_location
sb_rdahead_read->ber_pvt_sb_copy_out
sb_debug_write->__errno_location
sb_debug_write->__xpg_strerror_r
sb_debug_write->ber_pvt_log_printf
sb_debug_write->ber_pvt_log_printf
sb_debug_write->ber_log_bprint
sb_debug_write->__errno_location
sb_debug_read->__errno_location
sb_debug_read->__xpg_strerror_r
sb_debug_read->ber_pvt_log_printf
sb_debug_read->ber_pvt_log_printf
sb_debug_read->ber_log_bprint
sb_debug_read->__errno_location
sb_debug_remove->__assert_fail
sb_debug_remove->__assert_fail
sb_debug_remove->ber_memfree
sb_debug_setup->__assert_fail
sb_debug_setup->strlen
sb_debug_setup->ber_memalloc
sb_debug_setup->strcpy
sb_fd_close->__assert_fail
sb_fd_close->__assert_fail
sb_fd_close->close
sb_fd_write->__assert_fail
sb_fd_write->__assert_fail
sb_fd_write->write
sb_fd_read->__assert_fail
sb_fd_read->__assert_fail
sb_fd_read->read
sb_fd_setup->__assert_fail
sb_rdahead_close->__assert_fail
sb_rdahead_close->ber_pvt_sb_buf_destroy
sb_rdahead_write->__assert_fail
sb_rdahead_write->__assert_fail
ber_get_next->__assert_fail
ber_get_next->__assert_fail
ber_get_next->__assert_fail
ber_get_next->__assert_fail
ber_get_next->__assert_fail
ber_get_next->ber_pvt_log_printf
ber_get_next->__assert_fail
ber_get_next->__errno_location
ber_get_next->ber_int_sb_read
ber_get_next->__errno_location
ber_get_next->__errno_location
ber_get_next->__errno_location
ber_get_next->__errno_location
ber_get_next->__errno_location
ber_get_next->llvm.memmove.p0i8.p0i8.i64
ber_get_next->__errno_location
ber_get_next->ber_pvt_log_printf
ber_get_next->__errno_location
ber_get_next->__errno_location
ber_get_next->ber_memalloc_x
ber_get_next->llvm.memmove.p0i8.p0i8.i64
ber_get_next->llvm.memmove.p0i8.p0i8.i64
ber_get_next->__errno_location
ber_get_next->ber_int_sb_read
ber_get_next->__errno_location
ber_get_next->ber_pvt_log_printf
ber_get_next->ber_log_dump
ber_flatten->__assert_fail
ber_flatten->ber_memalloc_x
ber_flatten->ber_flatten2
ber_flatten->ber_memfree_x
ber_flatten2->__assert_fail
ber_flatten2->ber_memalloc_x
ber_flatten2->llvm.memmove.p0i8.p0i8.i64
ber_reset->__assert_fail
ber_reset->__assert_fail
ber_init->__assert_fail
ber_init->ber_alloc_t
ber_init->ber_write
ber_init->ber_free
ber_init->ber_reset
ber_init_w_nullc->ber_init2
ber_init2->__assert_fail
ber_init2->llvm.memset.p0i8.i64
ber_init2->__assert_fail
ber_dup->__assert_fail
ber_dup->__assert_fail
ber_dup->ber_alloc_t
ber_dup->llvm.memcpy.p0i8.p0i8.i64
ber_dup->__assert_fail
der_alloc->ber_alloc_t
ber_alloc->ber_alloc_t
ber_alloc_t->ber_memcalloc
ber_alloc_t->__assert_fail
ber_flush2->__assert_fail
ber_flush2->__assert_fail
ber_flush2->__assert_fail
ber_flush2->__assert_fail
ber_flush2->ber_pvt_log_printf
ber_flush2->ber_log_bprint
ber_flush2->ber_int_sb_write
ber_flush2->ber_free
ber_flush2->ber_free
ber_flush->ber_flush2
ber_free->ber_free_buf
ber_free->ber_memfree_x
ber_free_buf->__assert_fail
ber_free_buf->ber_memfree_x
ber_realloc->__assert_fail
ber_realloc->__assert_fail
ber_realloc->ber_memrealloc_x
ber_write->__assert_fail
ber_write->__assert_fail
ber_write->__assert_fail
ber_write->ber_pvt_log_printf
ber_write->ber_realloc
ber_write->llvm.memmove.p0i8.p0i8.i64
ber_read->__assert_fail
ber_read->__assert_fail
ber_read->__assert_fail
ber_read->llvm.memmove.p0i8.p0i8.i64
ber_skip_data->__assert_fail
ber_skip_data->__assert_fail
ber_printf->__assert_fail
ber_printf->__assert_fail
ber_printf->__assert_fail
ber_printf->llvm.va_start
ber_printf->ber_put_boolean
ber_printf->ber_put_int
ber_printf->ber_put_enum
ber_printf->ber_put_null
ber_printf->ber_put_null
ber_printf->ber_put_ostring
ber_printf->ber_put_berval
ber_printf->ber_put_string
ber_printf->ber_put_bitstring
ber_printf->ber_put_string
ber_printf->ber_put_berval
ber_printf->ber_put_berval
ber_printf->ber_start_seq
ber_printf->ber_put_seqorset
ber_printf->ber_start_set
ber_printf->ber_put_seqorset
ber_printf->ber_pvt_log_printf
ber_printf->llvm.va_end
ber_put_set->ber_put_seqorset
ber_put_seqorset->__assert_fail
ber_put_seqorset->__assert_fail
ber_put_seqorset->llvm.memcpy.p0i8.p0i8.i64
ber_put_seqorset->ber_prepend_len
ber_put_seqorset->llvm.memmove.p0i8.p0i8.i64
ber_put_seq->ber_put_seqorset
ber_start_set->ber_start_seqorset
ber_start_seqorset->__assert_fail
ber_start_seqorset->__assert_fail
ber_start_seqorset->ber_prepend_tag
ber_start_seqorset->ber_realloc
ber_start_seqorset->llvm.memmove.p0i8.p0i8.i64
ber_start_seq->ber_start_seqorset
ber_put_boolean->ber_prepend_tag
ber_put_boolean->ber_write
ber_put_null->ber_prepend_tag
ber_put_null->ber_write
ber_put_bitstring->ber_prepend_len
ber_put_bitstring->ber_prepend_tag
ber_put_bitstring->ber_write
ber_put_bitstring->ber_write
ber_put_string->__assert_fail
ber_put_string->strlen
ber_put_string->ber_put_ostring
ber_put_berval->ber_put_ostring
ber_put_berval->ber_put_ostring
ber_put_ostring->ber_prepend_len
ber_put_ostring->ber_prepend_tag
ber_put_ostring->ber_write
ber_put_ostring->ber_write
ber_put_int->ber_put_int_or_enum
ber_get_stringbv->ber_skip_element
ber_get_stringbv->memchr
ber_get_stringbv->ber_memalloc_x
ber_get_stringbv->llvm.memcpy.p0i8.p0i8.i64
ber_get_stringb->ber_skip_element
ber_get_stringb->llvm.memcpy.p0i8.p0i8.i64
ber_get_enum->ber_get_int
ber_decode_int->__assert_fail
ber_get_int->ber_skip_element
ber_get_int->ber_decode_int
ber_skip_tag->ber_peek_element
ber_peek_tag->ber_peek_element
ber_skip_raw->ber_skip_element
ber_skip_element->ber_peek_element
ber_decode_oid->__assert_fail
ber_decode_oid->__assert_fail
ber_decode_oid->sprintf
ber_decode_oid->sprintf
ber_get_tag->ber_tag_and_rest
ber_tag_and_rest->__assert_fail
ber_tag_and_rest->__assert_fail
ber_peek_element->__assert_fail
ber_peek_element->ber_tag_and_rest
ber_get_stringbv_null->ber_skip_element
ber_get_stringbv_null->memchr
ber_get_stringbv_null->ber_memalloc_x
ber_get_stringbv_null->llvm.memcpy.p0i8.p0i8.i64
ber_get_stringa->__assert_fail
ber_get_stringa->ber_get_stringbv
ber_get_stringa_null->__assert_fail
ber_get_stringa_null->ber_get_stringbv_null
ber_get_stringal->__assert_fail
ber_get_stringal->__assert_fail
ber_get_stringal->ber_memalloc_x
ber_get_stringal->ber_get_stringbv
ber_get_stringal->ber_memfree_x
ber_get_bitstringa->__assert_fail
ber_get_bitstringa->__assert_fail
ber_get_bitstringa->ber_skip_element
ber_get_bitstringa->memchr
ber_get_bitstringa->ber_memalloc_x
ber_get_bitstringa->llvm.memcpy.p0i8.p0i8.i64
ber_get_null->ber_skip_tag
ber_get_boolean->ber_get_int
ber_first_element->__assert_fail
ber_first_element->ber_skip_tag
ber_first_element->ber_peek_tag
ber_next_element->__assert_fail
ber_next_element->__assert_fail
ber_next_element->__assert_fail
ber_next_element->ber_peek_tag
ber_scanf->llvm.va_start
ber_scanf->__assert_fail
ber_scanf->__assert_fail
ber_scanf->__assert_fail
ber_scanf->ber_pvt_log_printf
ber_scanf->ber_log_dump
ber_scanf->ber_get_stringa
ber_scanf->ber_get_stringa_null
ber_scanf->ber_get_boolean
ber_scanf->ber_get_bitstringa
ber_scanf->ber_get_int
ber_scanf->ber_peek_tag
ber_scanf->ber_get_stringbv
ber_scanf->llvm.memcpy.p0i8.p0i8.i64
ber_scanf->ber_get_stringbvl
ber_scanf->ber_get_null
ber_scanf->ber_get_stringbv
ber_scanf->ber_get_stringal
ber_scanf->ber_get_stringb
ber_scanf->ber_peek_tag
ber_scanf->ber_skip_tag
ber_scanf->llvm.memcpy.p0i8.p0i8.i64
ber_scanf->ber_get_stringbvl
ber_scanf->llvm.memcpy.p0i8.p0i8.i64
ber_scanf->ber_get_stringbvl
ber_scanf->llvm.memcpy.p0i8.p0i8.i64
ber_scanf->ber_get_stringbvl
ber_scanf->ber_skip_element
ber_scanf->ber_skip_tag
ber_scanf->ber_pvt_log_printf
ber_scanf->llvm.va_end
ber_scanf->llvm.va_start
ber_scanf->ber_memfree_x
ber_scanf->ber_memfree_x
ber_scanf->ber_memfree_x
ber_scanf->ber_bvfree_x
ber_scanf->ber_memfree_x
ber_scanf->ber_memvfree_x
ber_scanf->ber_bvecfree_x
ber_scanf->ber_bvarray_free_x
ber_scanf->__assert_fail
ber_scanf->llvm.va_end
ber_get_stringbvl->ber_skip_tag
ber_get_stringbvl->ber_skip_element
ber_get_stringbvl->ber_memalloc_x
ber_get_stringbvl->ber_get_stringbv
ber_get_stringbvl->llvm.memcpy.p0i8.p0i8.i64
ber_get_stringbvl->ber_memalloc_x
ber_get_stringbvl->ber_memfree_x
ber_get_stringbvl->llvm.memcpy.p0i8.p0i8.i64
ber_get_stringbvl->llvm.memcpy.p0i8.p0i8.i64
ber_get_stringbvl->ber_memfree_x
ber_get_stringbvl->ber_memfree_x
ber_get_stringbvl->ber_memfree_x
ber_get_stringbvl->ber_memfree_x
ber_get_stringbvl->ber_memfree_x
ber_encode_oid->__assert_fail
ber_encode_oid->__assert_fail
ber_encode_oid->__ctype_b_loc
ber_encode_oid->strtoul
ber_encode_oid->__ctype_b_loc
ber_encode_oid->strtoul
ber_encode_oid->__ctype_b_loc
ber_encode_oid->strtoul
ber_put_enum->ber_put_int_or_enum
ber_put_int_or_enum->ber_prepend_tag
ber_put_int_or_enum->ber_write
ber_error_print->__assert_fail
ber_error_print->fputs
ber_error_print->fputs
ber_error_print->fflush
ber_error_print->fflush
ber_pvt_log_output->llvm.va_start
ber_pvt_log_output->ber_get_option
ber_pvt_log_output->vsnprintf
ber_pvt_log_output->llvm.va_end
ber_pvt_log_output->ber_error_print
ber_pvt_log_printf->__assert_fail
ber_pvt_log_printf->llvm.va_start
ber_pvt_log_printf->vsnprintf
ber_pvt_log_printf->llvm.va_end
ber_pvt_log_printf->ber_error_print
ber_log_bprint->__assert_fail
ber_log_bprint->ber_bprint
ber_bprint->__assert_fail
ber_bprint->llvm.memset.p0i8.i64
ber_bprint->__ctype_b_loc
ber_bprint->ber_error_print
ber_bprint->ber_error_print
ber_log_dump->__assert_fail
ber_log_dump->__assert_fail
ber_log_dump->ber_dump
ber_dump->__assert_fail
ber_dump->__assert_fail
ber_dump->sprintf
ber_dump->ber_bprint
ber_dump->ber_error_print
lutil_debug_file->ber_set_option
lutil_debug->time
lutil_debug->sprintf
lutil_debug->llvm.va_start
lutil_debug->vsnprintf
lutil_debug->fputs
lutil_debug->fflush
lutil_debug->fputs
lutil_debug->llvm.va_end
ber_memfree_x->free
ber_memfree_x->__assert_fail
ber_memfree->ber_memfree_x
ber_memvfree_x->ber_memfree_x
ber_memvfree_x->ber_memfree_x
ber_memvfree->ber_memvfree_x
ber_memalloc_x->malloc
ber_memalloc_x->ber_errno_addr
ber_memalloc->ber_memalloc_x
ber_memcalloc_x->calloc
ber_memcalloc_x->ber_errno_addr
ber_memcalloc->ber_memcalloc_x
ber_memrealloc_x->ber_memalloc_x
ber_memrealloc_x->ber_memfree_x
ber_memrealloc_x->realloc
ber_memrealloc_x->ber_errno_addr
ber_memrealloc->ber_memrealloc_x
ber_bvfree_x->ber_memfree_x
ber_bvfree_x->ber_memfree_x
ber_bvfree->ber_bvfree_x
ber_bvecfree_x->ber_bvfree_x
ber_bvecfree_x->ber_memfree_x
ber_bvecfree->ber_bvecfree_x
ber_bvecadd_x->ber_memalloc_x
ber_bvecadd_x->ber_memrealloc_x
ber_bvecadd->ber_bvecadd_x
ber_dupbv_x->ber_errno_addr
ber_dupbv_x->ber_memalloc_x
ber_dupbv_x->ber_memalloc_x
ber_dupbv_x->ber_memfree_x
ber_dupbv_x->llvm.memmove.p0i8.p0i8.i64
ber_dupbv_x->llvm.memcpy.p0i8.p0i8.i64
ber_dupbv->ber_dupbv_x
ber_bvdup->ber_dupbv_x
ber_str2bv_x->ber_errno_addr
ber_str2bv_x->ber_memalloc_x
ber_str2bv_x->strlen
ber_str2bv_x->ber_memalloc_x
ber_str2bv_x->ber_memfree_x
ber_str2bv_x->llvm.memmove.p0i8.p0i8.i64
ber_str2bv->ber_str2bv_x
ber_mem2bv_x->ber_errno_addr
ber_mem2bv_x->ber_memalloc_x
ber_mem2bv_x->ber_memalloc_x
ber_mem2bv_x->ber_memfree_x
ber_mem2bv_x->llvm.memmove.p0i8.p0i8.i64
ber_mem2bv->ber_mem2bv_x
ber_strdup_x->ber_errno_addr
ber_strdup_x->strlen
ber_strdup_x->ber_memalloc_x
ber_strdup_x->llvm.memmove.p0i8.p0i8.i64
ber_strdup->ber_strdup_x
ber_strndup_x->ber_errno_addr
ber_strndup_x->ber_strnlen
ber_strndup_x->ber_memalloc_x
ber_strndup_x->llvm.memmove.p0i8.p0i8.i64
ber_strndup->ber_strndup_x
ber_bvreplace_x->__assert_fail
ber_bvreplace_x->__assert_fail
ber_bvreplace_x->ber_memrealloc_x
ber_bvreplace_x->llvm.memmove.p0i8.p0i8.i64
ber_bvreplace->ber_bvreplace_x
ber_bvarray_free_x->ber_memfree_x
ber_bvarray_free_x->ber_memfree_x
ber_bvarray_free->ber_bvarray_free_x
ber_bvarray_dup_x->ber_memalloc_x
ber_bvarray_dup_x->ber_dupbv_x
ber_bvarray_dup_x->ber_bvarray_free_x
ber_bvarray_add_x->ber_memalloc_x
ber_bvarray_add_x->ber_memrealloc_x
ber_bvarray_add_x->llvm.memcpy.p0i8.p0i8.i64
ber_bvarray_add->ber_bvarray_add_x
ber_get_option->ber_errno_addr
ber_get_option->ber_errno_addr
ber_get_option->__assert_fail
ber_get_option->__assert_fail
ber_get_option->__assert_fail
ber_get_option->__assert_fail
ber_get_option->__assert_fail
ber_get_option->__assert_fail
ber_get_option->ber_errno_addr
ber_set_option->ber_errno_addr
ber_set_option->ber_errno_addr
ber_set_option->llvm.memmove.p0i8.p0i8.i64
ber_set_option->ber_errno_addr
ber_set_option->__assert_fail
ber_set_option->__assert_fail
ber_set_option->__assert_fail
ber_set_option->__assert_fail
ber_set_option->__assert_fail
ber_set_option->__assert_fail
ber_set_option->ber_errno_addr
ber_sockbuf_alloc->ber_memcalloc
ber_sockbuf_alloc->ber_int_sb_init
ber_int_sb_init->__assert_fail
ber_int_sb_init->__assert_fail
ber_sockbuf_free->__assert_fail
ber_sockbuf_free->__assert_fail
ber_sockbuf_free->ber_int_sb_close
ber_sockbuf_free->ber_int_sb_destroy
ber_sockbuf_free->ber_memfree
ber_int_sb_close->__assert_fail
ber_int_sb_destroy->__assert_fail
ber_int_sb_destroy->__assert_fail
ber_int_sb_destroy->ber_sockbuf_remove_io
ber_int_sb_destroy->ber_int_sb_init
ber_sockbuf_remove_io->__assert_fail
ber_sockbuf_remove_io->__assert_fail
ber_sockbuf_remove_io->ber_memfree
ber_sockbuf_ctrl->__assert_fail
ber_sockbuf_ctrl->__assert_fail
ber_sockbuf_ctrl->ber_pvt_socket_set_nonblock
ber_sockbuf_ctrl->ber_int_sb_read
ber_pvt_socket_set_nonblock->fcntl
ber_pvt_socket_set_nonblock->fcntl
ber_int_sb_read->__assert_fail
ber_int_sb_read->__assert_fail
ber_int_sb_read->__assert_fail
ber_int_sb_read->__assert_fail
ber_int_sb_read->__errno_location
ber_sockbuf_add_io->__assert_fail
ber_sockbuf_add_io->__assert_fail
ber_sockbuf_add_io->ber_memalloc
ber_sockbuf_add_io->llvm.memset.p0i8.i64
ber_pvt_sb_buf_destroy->__assert_fail
ber_pvt_sb_buf_destroy->ber_memfree
ber_pvt_sb_buf_destroy->ber_pvt_sb_buf_init
ber_pvt_sb_grow_buffer->__assert_fail
ber_pvt_sb_grow_buffer->ber_memrealloc
ber_pvt_sb_copy_out->__assert_fail
ber_pvt_sb_copy_out->__assert_fail
ber_pvt_sb_copy_out->llvm.memmove.p0i8.p0i8.i64
ber_pvt_sb_do_write->__assert_fail
ber_pvt_sb_do_write->__assert_fail
ber_pvt_sb_do_write->__assert_fail
ber_pvt_sb_do_write->__errno_location
ber_int_sb_write->__assert_fail
ber_int_sb_write->__assert_fail
ber_int_sb_write->__assert_fail
ber_int_sb_write->__assert_fail
ber_int_sb_write->__errno_location
sb_stream_setup->__assert_fail
sb_stream_read->__assert_fail
sb_stream_read->__assert_fail
sb_stream_read->read
sb_stream_write->__assert_fail
sb_stream_write->__assert_fail
sb_stream_write->write
sb_stream_close->__assert_fail
sb_stream_close->__assert_fail
sb_stream_close->shutdown
sb_stream_close->close
sb_rdahead_setup->__assert_fail
sb_rdahead_setup->ber_memalloc
sb_rdahead_setup->ber_pvt_sb_buf_init
sb_rdahead_setup->ber_pvt_sb_grow_buffer
sb_rdahead_setup->ber_pvt_sb_grow_buffer
sb_rdahead_remove->__assert_fail
sb_rdahead_remove->ber_pvt_sb_buf_destroy
sb_rdahead_remove->ber_memfree
sb_rdahead_ctrl->ber_pvt_sb_grow_buffer
sb_rdahead_read->__assert_fail
sb_rdahead_read->__assert_fail
sb_rdahead_read->__assert_fail
sb_rdahead_read->__assert_fail
sb_rdahead_read->ber_pvt_sb_copy_out
sb_rdahead_read->__errno_location
sb_rdahead_read->ber_pvt_sb_copy_out
sb_debug_write->__errno_location
sb_debug_write->__xpg_strerror_r
sb_debug_write->ber_pvt_log_printf
sb_debug_write->ber_pvt_log_printf
sb_debug_write->ber_log_bprint
sb_debug_write->__errno_location
sb_debug_read->__errno_location
sb_debug_read->__xpg_strerror_r
sb_debug_read->ber_pvt_log_printf
sb_debug_read->ber_pvt_log_printf
sb_debug_read->ber_log_bprint
sb_debug_read->__errno_location
sb_debug_remove->__assert_fail
sb_debug_remove->__assert_fail
sb_debug_remove->ber_memfree
sb_debug_setup->__assert_fail
sb_debug_setup->strlen
sb_debug_setup->ber_memalloc
sb_debug_setup->strcpy
sb_fd_close->__assert_fail
sb_fd_close->__assert_fail
sb_fd_close->close
sb_fd_write->__assert_fail
sb_fd_write->__assert_fail
sb_fd_write->write
sb_fd_read->__assert_fail
sb_fd_read->__assert_fail
sb_fd_read->read
sb_fd_setup->__assert_fail
sb_rdahead_close->__assert_fail
sb_rdahead_close->ber_pvt_sb_buf_destroy
sb_rdahead_write->__assert_fail
sb_rdahead_write->__assert_fail
ber_get_next->__assert_fail
ber_get_next->__assert_fail
ber_get_next->__assert_fail
ber_get_next->__assert_fail
ber_get_next->__assert_fail
ber_get_next->ber_pvt_log_printf
ber_get_next->__assert_fail
ber_get_next->__errno_location
ber_get_next->ber_int_sb_read
ber_get_next->__errno_location
ber_get_next->__errno_location
ber_get_next->__errno_location
ber_get_next->__errno_location
ber_get_next->__errno_location
ber_get_next->llvm.memmove.p0i8.p0i8.i64
ber_get_next->__errno_location
ber_get_next->ber_pvt_log_printf
ber_get_next->__errno_location
ber_get_next->__errno_location
ber_get_next->ber_memalloc_x
ber_get_next->llvm.memmove.p0i8.p0i8.i64
ber_get_next->llvm.memmove.p0i8.p0i8.i64
ber_get_next->__errno_location
ber_get_next->ber_int_sb_read
ber_get_next->__errno_location
ber_get_next->ber_pvt_log_printf
ber_get_next->ber_log_dump
ber_flatten->__assert_fail
ber_flatten->ber_memalloc_x
ber_flatten->ber_flatten2
ber_flatten->ber_memfree_x
ber_flatten2->__assert_fail
ber_flatten2->ber_memalloc_x
ber_flatten2->llvm.memmove.p0i8.p0i8.i64
ber_reset->__assert_fail
ber_reset->__assert_fail
ber_init->__assert_fail
ber_init->ber_alloc_t
ber_init->ber_write
ber_init->ber_free
ber_init->ber_reset
ber_init_w_nullc->ber_init2
ber_init2->__assert_fail
ber_init2->llvm.memset.p0i8.i64
ber_init2->__assert_fail
ber_dup->__assert_fail
ber_dup->__assert_fail
ber_dup->ber_alloc_t
ber_dup->llvm.memcpy.p0i8.p0i8.i64
ber_dup->__assert_fail
der_alloc->ber_alloc_t
ber_alloc->ber_alloc_t
ber_alloc_t->ber_memcalloc
ber_alloc_t->__assert_fail
ber_flush2->__assert_fail
ber_flush2->__assert_fail
ber_flush2->__assert_fail
ber_flush2->__assert_fail
ber_flush2->ber_pvt_log_printf
ber_flush2->ber_log_bprint
ber_flush2->ber_int_sb_write
ber_flush2->ber_free
ber_flush2->ber_free
ber_flush->ber_flush2
ber_free->ber_free_buf
ber_free->ber_memfree_x
ber_free_buf->__assert_fail
ber_free_buf->ber_memfree_x
ber_realloc->__assert_fail
ber_realloc->__assert_fail
ber_realloc->ber_memrealloc_x
ber_write->__assert_fail
ber_write->__assert_fail
ber_write->__assert_fail
ber_write->ber_pvt_log_printf
ber_write->ber_realloc
ber_write->llvm.memmove.p0i8.p0i8.i64
ber_read->__assert_fail
ber_read->__assert_fail
ber_read->__assert_fail
ber_read->llvm.memmove.p0i8.p0i8.i64
ber_skip_data->__assert_fail
ber_skip_data->__assert_fail
ber_printf->__assert_fail
ber_printf->__assert_fail
ber_printf->__assert_fail
ber_printf->llvm.va_start
ber_printf->ber_put_boolean
ber_printf->ber_put_int
ber_printf->ber_put_enum
ber_printf->ber_put_null
ber_printf->ber_put_null
ber_printf->ber_put_ostring
ber_printf->ber_put_berval
ber_printf->ber_put_string
ber_printf->ber_put_bitstring
ber_printf->ber_put_string
ber_printf->ber_put_berval
ber_printf->ber_put_berval
ber_printf->ber_start_seq
ber_printf->ber_put_seqorset
ber_printf->ber_start_set
ber_printf->ber_put_seqorset
ber_printf->ber_pvt_log_printf
ber_printf->llvm.va_end
ber_put_set->ber_put_seqorset
ber_put_seqorset->__assert_fail
ber_put_seqorset->__assert_fail
ber_put_seqorset->llvm.memcpy.p0i8.p0i8.i64
ber_put_seqorset->ber_prepend_len
ber_put_seqorset->llvm.memmove.p0i8.p0i8.i64
ber_put_seq->ber_put_seqorset
ber_start_set->ber_start_seqorset
ber_start_seqorset->__assert_fail
ber_start_seqorset->__assert_fail
ber_start_seqorset->ber_prepend_tag
ber_start_seqorset->ber_realloc
ber_start_seqorset->llvm.memmove.p0i8.p0i8.i64
ber_start_seq->ber_start_seqorset
ber_put_boolean->ber_prepend_tag
ber_put_boolean->ber_write
ber_put_null->ber_prepend_tag
ber_put_null->ber_write
ber_put_bitstring->ber_prepend_len
ber_put_bitstring->ber_prepend_tag
ber_put_bitstring->ber_write
ber_put_bitstring->ber_write
ber_put_string->__assert_fail
ber_put_string->strlen
ber_put_string->ber_put_ostring
ber_put_berval->ber_put_ostring
ber_put_berval->ber_put_ostring
ber_put_ostring->ber_prepend_len
ber_put_ostring->ber_prepend_tag
ber_put_ostring->ber_write
ber_put_ostring->ber_write
ber_put_int->ber_put_int_or_enum
ber_get_stringbv->ber_skip_element
ber_get_stringbv->memchr
ber_get_stringbv->ber_memalloc_x
ber_get_stringbv->llvm.memcpy.p0i8.p0i8.i64
ber_get_stringb->ber_skip_element
ber_get_stringb->llvm.memcpy.p0i8.p0i8.i64
ber_get_enum->ber_get_int
ber_decode_int->__assert_fail
ber_get_int->ber_skip_element
ber_get_int->ber_decode_int
ber_skip_tag->ber_peek_element
ber_peek_tag->ber_peek_element
ber_skip_raw->ber_skip_element
ber_skip_element->ber_peek_element
ber_decode_oid->__assert_fail
ber_decode_oid->__assert_fail
ber_decode_oid->sprintf
ber_decode_oid->sprintf
ber_get_tag->ber_tag_and_rest
ber_tag_and_rest->__assert_fail
ber_tag_and_rest->__assert_fail
ber_peek_element->__assert_fail
ber_peek_element->ber_tag_and_rest
ber_get_stringbv_null->ber_skip_element
ber_get_stringbv_null->memchr
ber_get_stringbv_null->ber_memalloc_x
ber_get_stringbv_null->llvm.memcpy.p0i8.p0i8.i64
ber_get_stringa->__assert_fail
ber_get_stringa->ber_get_stringbv
ber_get_stringa_null->__assert_fail
ber_get_stringa_null->ber_get_stringbv_null
ber_get_stringal->__assert_fail
ber_get_stringal->__assert_fail
ber_get_stringal->ber_memalloc_x
ber_get_stringal->ber_get_stringbv
ber_get_stringal->ber_memfree_x
ber_get_bitstringa->__assert_fail
ber_get_bitstringa->__assert_fail
ber_get_bitstringa->ber_skip_element
ber_get_bitstringa->memchr
ber_get_bitstringa->ber_memalloc_x
ber_get_bitstringa->llvm.memcpy.p0i8.p0i8.i64
ber_get_null->ber_skip_tag
ber_get_boolean->ber_get_int
ber_first_element->__assert_fail
ber_first_element->ber_skip_tag
ber_first_element->ber_peek_tag
ber_next_element->__assert_fail
ber_next_element->__assert_fail
ber_next_element->__assert_fail
ber_next_element->ber_peek_tag
ber_scanf->llvm.va_start
ber_scanf->__assert_fail
ber_scanf->__assert_fail
ber_scanf->__assert_fail
ber_scanf->ber_pvt_log_printf
ber_scanf->ber_log_dump
ber_scanf->ber_get_stringa
ber_scanf->ber_get_stringa_null
ber_scanf->ber_get_boolean
ber_scanf->ber_get_bitstringa
ber_scanf->ber_get_int
ber_scanf->ber_peek_tag
ber_scanf->ber_get_stringbv
ber_scanf->llvm.memcpy.p0i8.p0i8.i64
ber_scanf->ber_get_stringbvl
ber_scanf->ber_get_null
ber_scanf->ber_get_stringbv
ber_scanf->ber_get_stringal
ber_scanf->ber_get_stringb
ber_scanf->ber_peek_tag
ber_scanf->ber_skip_tag
ber_scanf->llvm.memcpy.p0i8.p0i8.i64
ber_scanf->ber_get_stringbvl
ber_scanf->llvm.memcpy.p0i8.p0i8.i64
ber_scanf->ber_get_stringbvl
ber_scanf->llvm.memcpy.p0i8.p0i8.i64
ber_scanf->ber_get_stringbvl
ber_scanf->ber_skip_element
ber_scanf->ber_skip_tag
ber_scanf->ber_pvt_log_printf
ber_scanf->llvm.va_end
ber_scanf->llvm.va_start
ber_scanf->ber_memfree_x
ber_scanf->ber_memfree_x
ber_scanf->ber_memfree_x
ber_scanf->ber_bvfree_x
ber_scanf->ber_memfree_x
ber_scanf->ber_memvfree_x
ber_scanf->ber_bvecfree_x
ber_scanf->ber_bvarray_free_x
ber_scanf->__assert_fail
ber_scanf->llvm.va_end
ber_get_stringbvl->ber_skip_tag
ber_get_stringbvl->ber_skip_element
ber_get_stringbvl->ber_memalloc_x
ber_get_stringbvl->ber_get_stringbv
ber_get_stringbvl->llvm.memcpy.p0i8.p0i8.i64
ber_get_stringbvl->ber_memalloc_x
ber_get_stringbvl->ber_memfree_x
ber_get_stringbvl->llvm.memcpy.p0i8.p0i8.i64
ber_get_stringbvl->llvm.memcpy.p0i8.p0i8.i64
ber_get_stringbvl->ber_memfree_x
ber_get_stringbvl->ber_memfree_x
ber_get_stringbvl->ber_memfree_x
ber_get_stringbvl->ber_memfree_x
ber_get_stringbvl->ber_memfree_x
ber_encode_oid->__assert_fail
ber_encode_oid->__assert_fail
ber_encode_oid->__ctype_b_loc
ber_encode_oid->strtoul
ber_encode_oid->__ctype_b_loc
ber_encode_oid->strtoul
ber_encode_oid->__ctype_b_loc
ber_encode_oid->strtoul
ber_put_enum->ber_put_int_or_enum
ber_put_int_or_enum->ber_prepend_tag
ber_put_int_or_enum->ber_write
ber_error_print->__assert_fail
ber_error_print->fputs
ber_error_print->fputs
ber_error_print->fflush
ber_error_print->fflush
ber_pvt_log_output->llvm.va_start
ber_pvt_log_output->ber_get_option
ber_pvt_log_output->vsnprintf
ber_pvt_log_output->llvm.va_end
ber_pvt_log_output->ber_error_print
ber_pvt_log_printf->__assert_fail
ber_pvt_log_printf->llvm.va_start
ber_pvt_log_printf->vsnprintf
ber_pvt_log_printf->llvm.va_end
ber_pvt_log_printf->ber_error_print
ber_log_bprint->__assert_fail
ber_log_bprint->ber_bprint
ber_bprint->__assert_fail
ber_bprint->llvm.memset.p0i8.i64
ber_bprint->__ctype_b_loc
ber_bprint->ber_error_print
ber_bprint->ber_error_print
ber_log_dump->__assert_fail
ber_log_dump->__assert_fail
ber_log_dump->ber_dump
ber_dump->__assert_fail
ber_dump->__assert_fail
ber_dump->sprintf
ber_dump->ber_bprint
ber_dump->ber_error_print
lutil_debug_file->ber_set_option
lutil_debug->time
lutil_debug->sprintf
lutil_debug->llvm.va_start
lutil_debug->vsnprintf
lutil_debug->fputs
lutil_debug->fflush
lutil_debug->fputs
lutil_debug->llvm.va_end
ber_memfree_x->free
ber_memfree_x->__assert_fail
ber_memfree->ber_memfree_x
ber_memvfree_x->ber_memfree_x
ber_memvfree_x->ber_memfree_x
ber_memvfree->ber_memvfree_x
ber_memalloc_x->malloc
ber_memalloc_x->ber_errno_addr
ber_memalloc->ber_memalloc_x
ber_memcalloc_x->calloc
ber_memcalloc_x->ber_errno_addr
ber_memcalloc->ber_memcalloc_x
ber_memrealloc_x->ber_memalloc_x
ber_memrealloc_x->ber_memfree_x
ber_memrealloc_x->realloc
ber_memrealloc_x->ber_errno_addr
ber_memrealloc->ber_memrealloc_x
ber_bvfree_x->ber_memfree_x
ber_bvfree_x->ber_memfree_x
ber_bvfree->ber_bvfree_x
ber_bvecfree_x->ber_bvfree_x
ber_bvecfree_x->ber_memfree_x
ber_bvecfree->ber_bvecfree_x
ber_bvecadd_x->ber_memalloc_x
ber_bvecadd_x->ber_memrealloc_x
ber_bvecadd->ber_bvecadd_x
ber_dupbv_x->ber_errno_addr
ber_dupbv_x->ber_memalloc_x
ber_dupbv_x->ber_memalloc_x
ber_dupbv_x->ber_memfree_x
ber_dupbv_x->llvm.memmove.p0i8.p0i8.i64
ber_dupbv_x->llvm.memcpy.p0i8.p0i8.i64
ber_dupbv->ber_dupbv_x
ber_bvdup->ber_dupbv_x
ber_str2bv_x->ber_errno_addr
ber_str2bv_x->ber_memalloc_x
ber_str2bv_x->strlen
ber_str2bv_x->ber_memalloc_x
ber_str2bv_x->ber_memfree_x
ber_str2bv_x->llvm.memmove.p0i8.p0i8.i64
ber_str2bv->ber_str2bv_x
ber_mem2bv_x->ber_errno_addr
ber_mem2bv_x->ber_memalloc_x
ber_mem2bv_x->ber_memalloc_x
ber_mem2bv_x->ber_memfree_x
ber_mem2bv_x->llvm.memmove.p0i8.p0i8.i64
ber_mem2bv->ber_mem2bv_x
ber_strdup_x->ber_errno_addr
ber_strdup_x->strlen
ber_strdup_x->ber_memalloc_x
ber_strdup_x->llvm.memmove.p0i8.p0i8.i64
ber_strdup->ber_strdup_x
ber_strndup_x->ber_errno_addr
ber_strndup_x->ber_strnlen
ber_strndup_x->ber_memalloc_x
ber_strndup_x->llvm.memmove.p0i8.p0i8.i64
ber_strndup->ber_strndup_x
ber_bvreplace_x->__assert_fail
ber_bvreplace_x->__assert_fail
ber_bvreplace_x->ber_memrealloc_x
ber_bvreplace_x->llvm.memmove.p0i8.p0i8.i64
ber_bvreplace->ber_bvreplace_x
ber_bvarray_free_x->ber_memfree_x
ber_bvarray_free_x->ber_memfree_x
ber_bvarray_free->ber_bvarray_free_x
ber_bvarray_dup_x->ber_memalloc_x
ber_bvarray_dup_x->ber_dupbv_x
ber_bvarray_dup_x->ber_bvarray_free_x
ber_bvarray_add_x->ber_memalloc_x
ber_bvarray_add_x->ber_memrealloc_x
ber_bvarray_add_x->llvm.memcpy.p0i8.p0i8.i64
ber_bvarray_add->ber_bvarray_add_x
ber_get_option->ber_errno_addr
ber_get_option->ber_errno_addr
ber_get_option->__assert_fail
ber_get_option->__assert_fail
ber_get_option->__assert_fail
ber_get_option->__assert_fail
ber_get_option->__assert_fail
ber_get_option->__assert_fail
ber_get_option->ber_errno_addr
ber_set_option->ber_errno_addr
ber_set_option->ber_errno_addr
ber_set_option->llvm.memmove.p0i8.p0i8.i64
ber_set_option->ber_errno_addr
ber_set_option->__assert_fail
ber_set_option->__assert_fail
ber_set_option->__assert_fail
ber_set_option->__assert_fail
ber_set_option->__assert_fail
ber_set_option->__assert_fail
ber_set_option->ber_errno_addr
ber_sockbuf_alloc->ber_memcalloc
ber_sockbuf_alloc->ber_int_sb_init
ber_int_sb_init->__assert_fail
ber_int_sb_init->__assert_fail
ber_sockbuf_free->__assert_fail
ber_sockbuf_free->__assert_fail
ber_sockbuf_free->ber_int_sb_close
ber_sockbuf_free->ber_int_sb_destroy
ber_sockbuf_free->ber_memfree
ber_int_sb_close->__assert_fail
ber_int_sb_destroy->__assert_fail
ber_int_sb_destroy->__assert_fail
ber_int_sb_destroy->ber_sockbuf_remove_io
ber_int_sb_destroy->ber_int_sb_init
ber_sockbuf_remove_io->__assert_fail
ber_sockbuf_remove_io->__assert_fail
ber_sockbuf_remove_io->ber_memfree
ber_sockbuf_ctrl->__assert_fail
ber_sockbuf_ctrl->__assert_fail
ber_sockbuf_ctrl->ber_pvt_socket_set_nonblock
ber_sockbuf_ctrl->ber_int_sb_read
ber_pvt_socket_set_nonblock->fcntl
ber_pvt_socket_set_nonblock->fcntl
ber_int_sb_read->__assert_fail
ber_int_sb_read->__assert_fail
ber_int_sb_read->__assert_fail
ber_int_sb_read->__assert_fail
ber_int_sb_read->__errno_location
ber_sockbuf_add_io->__assert_fail
ber_sockbuf_add_io->__assert_fail
ber_sockbuf_add_io->ber_memalloc
ber_sockbuf_add_io->llvm.memset.p0i8.i64
ber_pvt_sb_buf_destroy->__assert_fail
ber_pvt_sb_buf_destroy->ber_memfree
ber_pvt_sb_buf_destroy->ber_pvt_sb_buf_init
ber_pvt_sb_grow_buffer->__assert_fail
ber_pvt_sb_grow_buffer->ber_memrealloc
ber_pvt_sb_copy_out->__assert_fail
ber_pvt_sb_copy_out->__assert_fail
ber_pvt_sb_copy_out->llvm.memmove.p0i8.p0i8.i64
ber_pvt_sb_do_write->__assert_fail
ber_pvt_sb_do_write->__assert_fail
ber_pvt_sb_do_write->__assert_fail
ber_pvt_sb_do_write->__errno_location
ber_int_sb_write->__assert_fail
ber_int_sb_write->__assert_fail
ber_int_sb_write->__assert_fail
ber_int_sb_write->__assert_fail
ber_int_sb_write->__errno_location
sb_stream_setup->__assert_fail
sb_stream_read->__assert_fail
sb_stream_read->__assert_fail
sb_stream_read->read
sb_stream_write->__assert_fail
sb_stream_write->__assert_fail
sb_stream_write->write
sb_stream_close->__assert_fail
sb_stream_close->__assert_fail
sb_stream_close->shutdown
sb_stream_close->close
sb_rdahead_setup->__assert_fail
sb_rdahead_setup->ber_memalloc
sb_rdahead_setup->ber_pvt_sb_buf_init
sb_rdahead_setup->ber_pvt_sb_grow_buffer
sb_rdahead_setup->ber_pvt_sb_grow_buffer
sb_rdahead_remove->__assert_fail
sb_rdahead_remove->ber_pvt_sb_buf_destroy
sb_rdahead_remove->ber_memfree
sb_rdahead_ctrl->ber_pvt_sb_grow_buffer
sb_rdahead_read->__assert_fail
sb_rdahead_read->__assert_fail
sb_rdahead_read->__assert_fail
sb_rdahead_read->__assert_fail
sb_rdahead_read->ber_pvt_sb_copy_out
sb_rdahead_read->__errno_location
sb_rdahead_read->ber_pvt_sb_copy_out
sb_debug_write->__errno_location
sb_debug_write->__xpg_strerror_r
sb_debug_write->ber_pvt_log_printf
sb_debug_write->ber_pvt_log_printf
sb_debug_write->ber_log_bprint
sb_debug_write->__errno_location
sb_debug_read->__errno_location
sb_debug_read->__xpg_strerror_r
sb_debug_read->ber_pvt_log_printf
sb_debug_read->ber_pvt_log_printf
sb_debug_read->ber_log_bprint
sb_debug_read->__errno_location
sb_debug_remove->__assert_fail
sb_debug_remove->__assert_fail
sb_debug_remove->ber_memfree
sb_debug_setup->__assert_fail
sb_debug_setup->strlen
sb_debug_setup->ber_memalloc
sb_debug_setup->strcpy
sb_fd_close->__assert_fail
sb_fd_close->__assert_fail
sb_fd_close->close
sb_fd_write->__assert_fail
sb_fd_write->__assert_fail
sb_fd_write->write
sb_fd_read->__assert_fail
sb_fd_read->__assert_fail
sb_fd_read->read
sb_fd_setup->__assert_fail
sb_rdahead_close->__assert_fail
sb_rdahead_close->ber_pvt_sb_buf_destroy
sb_rdahead_write->__assert_fail
sb_rdahead_write->__assert_fail
ber_get_next->__assert_fail
ber_get_next->__assert_fail
ber_get_next->__assert_fail
ber_get_next->__assert_fail
ber_get_next->__assert_fail
ber_get_next->ber_pvt_log_printf
ber_get_next->__assert_fail
ber_get_next->__errno_location
ber_get_next->ber_int_sb_read
ber_get_next->__errno_location
ber_get_next->__errno_location
ber_get_next->__errno_location
ber_get_next->__errno_location
ber_get_next->__errno_location
ber_get_next->llvm.memmove.p0i8.p0i8.i64
ber_get_next->__errno_location
ber_get_next->ber_pvt_log_printf
ber_get_next->__errno_location
ber_get_next->__errno_location
ber_get_next->ber_memalloc_x
ber_get_next->llvm.memmove.p0i8.p0i8.i64
ber_get_next->llvm.memmove.p0i8.p0i8.i64
ber_get_next->__errno_location
ber_get_next->ber_int_sb_read
ber_get_next->__errno_location
ber_get_next->ber_pvt_log_printf
ber_get_next->ber_log_dump
ber_flatten->__assert_fail
ber_flatten->ber_memalloc_x
ber_flatten->ber_flatten2
ber_flatten->ber_memfree_x
ber_flatten2->__assert_fail
ber_flatten2->ber_memalloc_x
ber_flatten2->llvm.memmove.p0i8.p0i8.i64
ber_reset->__assert_fail
ber_reset->__assert_fail
ber_init->__assert_fail
ber_init->ber_alloc_t
ber_init->ber_write
ber_init->ber_free
ber_init->ber_reset
ber_init_w_nullc->ber_init2
ber_init2->__assert_fail
ber_init2->llvm.memset.p0i8.i64
ber_init2->__assert_fail
ber_dup->__assert_fail
ber_dup->__assert_fail
ber_dup->ber_alloc_t
ber_dup->llvm.memcpy.p0i8.p0i8.i64
ber_dup->__assert_fail
der_alloc->ber_alloc_t
ber_alloc->ber_alloc_t
ber_alloc_t->ber_memcalloc
ber_alloc_t->__assert_fail
ber_flush2->__assert_fail
ber_flush2->__assert_fail
ber_flush2->__assert_fail
ber_flush2->__assert_fail
ber_flush2->ber_pvt_log_printf
ber_flush2->ber_log_bprint
ber_flush2->ber_int_sb_write
ber_flush2->ber_free
ber_flush2->ber_free
ber_flush->ber_flush2
ber_free->ber_free_buf
ber_free->ber_memfree_x
ber_free_buf->__assert_fail
ber_free_buf->ber_memfree_x
ber_realloc->__assert_fail
ber_realloc->__assert_fail
ber_realloc->ber_memrealloc_x
ber_write->__assert_fail
ber_write->__assert_fail
ber_write->__assert_fail
ber_write->ber_pvt_log_printf
ber_write->ber_realloc
ber_write->llvm.memmove.p0i8.p0i8.i64
ber_read->__assert_fail
ber_read->__assert_fail
ber_read->__assert_fail
ber_read->llvm.memmove.p0i8.p0i8.i64
ber_skip_data->__assert_fail
ber_skip_data->__assert_fail
ber_printf->__assert_fail
ber_printf->__assert_fail
ber_printf->__assert_fail
ber_printf->llvm.va_start
ber_printf->ber_put_boolean
ber_printf->ber_put_int
ber_printf->ber_put_enum
ber_printf->ber_put_null
ber_printf->ber_put_null
ber_printf->ber_put_ostring
ber_printf->ber_put_berval
ber_printf->ber_put_string
ber_printf->ber_put_bitstring
ber_printf->ber_put_string
ber_printf->ber_put_berval
ber_printf->ber_put_berval
ber_printf->ber_start_seq
ber_printf->ber_put_seqorset
ber_printf->ber_start_set
ber_printf->ber_put_seqorset
ber_printf->ber_pvt_log_printf
ber_printf->llvm.va_end
ber_put_set->ber_put_seqorset
ber_put_seqorset->__assert_fail
ber_put_seqorset->__assert_fail
ber_put_seqorset->llvm.memcpy.p0i8.p0i8.i64
ber_put_seqorset->ber_prepend_len
ber_put_seqorset->llvm.memmove.p0i8.p0i8.i64
ber_put_seq->ber_put_seqorset
ber_start_set->ber_start_seqorset
ber_start_seqorset->__assert_fail
ber_start_seqorset->__assert_fail
ber_start_seqorset->ber_prepend_tag
ber_start_seqorset->ber_realloc
ber_start_seqorset->llvm.memmove.p0i8.p0i8.i64
ber_start_seq->ber_start_seqorset
ber_put_boolean->ber_prepend_tag
ber_put_boolean->ber_write
ber_put_null->ber_prepend_tag
ber_put_null->ber_write
ber_put_bitstring->ber_prepend_len
ber_put_bitstring->ber_prepend_tag
ber_put_bitstring->ber_write
ber_put_bitstring->ber_write
ber_put_string->__assert_fail
ber_put_string->strlen
ber_put_string->ber_put_ostring
ber_put_berval->ber_put_ostring
ber_put_berval->ber_put_ostring
ber_put_ostring->ber_prepend_len
ber_put_ostring->ber_prepend_tag
ber_put_ostring->ber_write
ber_put_ostring->ber_write
ber_put_int->ber_put_int_or_enum
ber_get_stringbv->ber_skip_element
ber_get_stringbv->memchr
ber_get_stringbv->ber_memalloc_x
ber_get_stringbv->llvm.memcpy.p0i8.p0i8.i64
ber_get_stringb->ber_skip_element
ber_get_stringb->llvm.memcpy.p0i8.p0i8.i64
ber_get_enum->ber_get_int
ber_decode_int->__assert_fail
ber_get_int->ber_skip_element
ber_get_int->ber_decode_int
ber_skip_tag->ber_peek_element
ber_peek_tag->ber_peek_element
ber_skip_raw->ber_skip_element
ber_skip_element->ber_peek_element
ber_decode_oid->__assert_fail
ber_decode_oid->__assert_fail
ber_decode_oid->sprintf
ber_decode_oid->sprintf
ber_get_tag->ber_tag_and_rest
ber_tag_and_rest->__assert_fail
ber_tag_and_rest->__assert_fail
ber_peek_element->__assert_fail
ber_peek_element->ber_tag_and_rest
ber_get_stringbv_null->ber_skip_element
ber_get_stringbv_null->memchr
ber_get_stringbv_null->ber_memalloc_x
ber_get_stringbv_null->llvm.memcpy.p0i8.p0i8.i64
ber_get_stringa->__assert_fail
ber_get_stringa->ber_get_stringbv
ber_get_stringa_null->__assert_fail
ber_get_stringa_null->ber_get_stringbv_null
ber_get_stringal->__assert_fail
ber_get_stringal->__assert_fail
ber_get_stringal->ber_memalloc_x
ber_get_stringal->ber_get_stringbv
ber_get_stringal->ber_memfree_x
ber_get_bitstringa->__assert_fail
ber_get_bitstringa->__assert_fail
ber_get_bitstringa->ber_skip_element
ber_get_bitstringa->memchr
ber_get_bitstringa->ber_memalloc_x
ber_get_bitstringa->llvm.memcpy.p0i8.p0i8.i64
ber_get_null->ber_skip_tag
ber_get_boolean->ber_get_int
ber_first_element->__assert_fail
ber_first_element->ber_skip_tag
ber_first_element->ber_peek_tag
ber_next_element->__assert_fail
ber_next_element->__assert_fail
ber_next_element->__assert_fail
ber_next_element->ber_peek_tag
ber_scanf->llvm.va_start
ber_scanf->__assert_fail
ber_scanf->__assert_fail
ber_scanf->__assert_fail
ber_scanf->ber_pvt_log_printf
ber_scanf->ber_log_dump
ber_scanf->ber_get_stringa
ber_scanf->ber_get_stringa_null
ber_scanf->ber_get_boolean
ber_scanf->ber_get_bitstringa
ber_scanf->ber_get_int
ber_scanf->ber_peek_tag
ber_scanf->ber_get_stringbv
ber_scanf->llvm.memcpy.p0i8.p0i8.i64
ber_scanf->ber_get_stringbvl
ber_scanf->ber_get_null
ber_scanf->ber_get_stringbv
ber_scanf->ber_get_stringal
ber_scanf->ber_get_stringb
ber_scanf->ber_peek_tag
ber_scanf->ber_skip_tag
ber_scanf->llvm.memcpy.p0i8.p0i8.i64
ber_scanf->ber_get_stringbvl
ber_scanf->llvm.memcpy.p0i8.p0i8.i64
ber_scanf->ber_get_stringbvl
ber_scanf->llvm.memcpy.p0i8.p0i8.i64
ber_scanf->ber_get_stringbvl
ber_scanf->ber_skip_element
ber_scanf->ber_skip_tag
ber_scanf->ber_pvt_log_printf
ber_scanf->llvm.va_end
ber_scanf->llvm.va_start
ber_scanf->ber_memfree_x
ber_scanf->ber_memfree_x
ber_scanf->ber_memfree_x
ber_scanf->ber_bvfree_x
ber_scanf->ber_memfree_x
ber_scanf->ber_memvfree_x
ber_scanf->ber_bvecfree_x
ber_scanf->ber_bvarray_free_x
ber_scanf->__assert_fail
ber_scanf->llvm.va_end
ber_get_stringbvl->ber_skip_tag
ber_get_stringbvl->ber_skip_element
ber_get_stringbvl->ber_memalloc_x
ber_get_stringbvl->ber_get_stringbv
ber_get_stringbvl->llvm.memcpy.p0i8.p0i8.i64
ber_get_stringbvl->ber_memalloc_x
ber_get_stringbvl->ber_memfree_x
ber_get_stringbvl->llvm.memcpy.p0i8.p0i8.i64
ber_get_stringbvl->llvm.memcpy.p0i8.p0i8.i64
ber_get_stringbvl->ber_memfree_x
ber_get_stringbvl->ber_memfree_x
ber_get_stringbvl->ber_memfree_x
ber_get_stringbvl->ber_memfree_x
ber_get_stringbvl->ber_memfree_x
ber_encode_oid->__assert_fail
ber_encode_oid->__assert_fail
ber_encode_oid->__ctype_b_loc
ber_encode_oid->strtoul
ber_encode_oid->__ctype_b_loc
ber_encode_oid->strtoul
ber_encode_oid->__ctype_b_loc
ber_encode_oid->strtoul
ber_put_enum->ber_put_int_or_enum
ber_put_int_or_enum->ber_prepend_tag
ber_put_int_or_enum->ber_write
ber_error_print->__assert_fail
ber_error_print->fputs
ber_error_print->fputs
ber_error_print->fflush
ber_error_print->fflush
ber_pvt_log_output->llvm.va_start
ber_pvt_log_output->ber_get_option
ber_pvt_log_output->vsnprintf
ber_pvt_log_output->llvm.va_end
ber_pvt_log_output->ber_error_print
ber_pvt_log_printf->__assert_fail
ber_pvt_log_printf->llvm.va_start
ber_pvt_log_printf->vsnprintf
ber_pvt_log_printf->llvm.va_end
ber_pvt_log_printf->ber_error_print
ber_log_bprint->__assert_fail
ber_log_bprint->ber_bprint
ber_bprint->__assert_fail
ber_bprint->llvm.memset.p0i8.i64
ber_bprint->__ctype_b_loc
ber_bprint->ber_error_print
ber_bprint->ber_error_print
ber_log_dump->__assert_fail
ber_log_dump->__assert_fail
ber_log_dump->ber_dump
ber_dump->__assert_fail
ber_dump->__assert_fail
ber_dump->sprintf
ber_dump->ber_bprint
ber_dump->ber_error_print
lutil_debug_file->ber_set_option
lutil_debug->time
lutil_debug->sprintf
lutil_debug->llvm.va_start
lutil_debug->vsnprintf
lutil_debug->fputs
lutil_debug->fflush
lutil_debug->fputs
lutil_debug->llvm.va_end
ber_memfree_x->free
ber_memfree_x->__assert_fail
ber_memfree->ber_memfree_x
ber_memvfree_x->ber_memfree_x
ber_memvfree_x->ber_memfree_x
ber_memvfree->ber_memvfree_x
ber_memalloc_x->malloc
ber_memalloc_x->ber_errno_addr
ber_memalloc->ber_memalloc_x
ber_memcalloc_x->calloc
ber_memcalloc_x->ber_errno_addr
ber_memcalloc->ber_memcalloc_x
ber_memrealloc_x->ber_memalloc_x
ber_memrealloc_x->ber_memfree_x
ber_memrealloc_x->realloc
ber_memrealloc_x->ber_errno_addr
ber_memrealloc->ber_memrealloc_x
ber_bvfree_x->ber_memfree_x
ber_bvfree_x->ber_memfree_x
ber_bvfree->ber_bvfree_x
ber_bvecfree_x->ber_bvfree_x
ber_bvecfree_x->ber_memfree_x
ber_bvecfree->ber_bvecfree_x
ber_bvecadd_x->ber_memalloc_x
ber_bvecadd_x->ber_memrealloc_x
ber_bvecadd->ber_bvecadd_x
ber_dupbv_x->ber_errno_addr
ber_dupbv_x->ber_memalloc_x
ber_dupbv_x->ber_memalloc_x
ber_dupbv_x->ber_memfree_x
ber_dupbv_x->llvm.memmove.p0i8.p0i8.i64
ber_dupbv_x->llvm.memcpy.p0i8.p0i8.i64
ber_dupbv->ber_dupbv_x
ber_bvdup->ber_dupbv_x
ber_str2bv_x->ber_errno_addr
ber_str2bv_x->ber_memalloc_x
ber_str2bv_x->strlen
ber_str2bv_x->ber_memalloc_x
ber_str2bv_x->ber_memfree_x
ber_str2bv_x->llvm.memmove.p0i8.p0i8.i64
ber_str2bv->ber_str2bv_x
ber_mem2bv_x->ber_errno_addr
ber_mem2bv_x->ber_memalloc_x
ber_mem2bv_x->ber_memalloc_x
ber_mem2bv_x->ber_memfree_x
ber_mem2bv_x->llvm.memmove.p0i8.p0i8.i64
ber_mem2bv->ber_mem2bv_x
ber_strdup_x->ber_errno_addr
ber_strdup_x->strlen
ber_strdup_x->ber_memalloc_x
ber_strdup_x->llvm.memmove.p0i8.p0i8.i64
ber_strdup->ber_strdup_x
ber_strndup_x->ber_errno_addr
ber_strndup_x->ber_strnlen
ber_strndup_x->ber_memalloc_x
ber_strndup_x->llvm.memmove.p0i8.p0i8.i64
ber_strndup->ber_strndup_x
ber_bvreplace_x->__assert_fail
ber_bvreplace_x->__assert_fail
ber_bvreplace_x->ber_memrealloc_x
ber_bvreplace_x->llvm.memmove.p0i8.p0i8.i64
ber_bvreplace->ber_bvreplace_x
ber_bvarray_free_x->ber_memfree_x
ber_bvarray_free_x->ber_memfree_x
ber_bvarray_free->ber_bvarray_free_x
ber_bvarray_dup_x->ber_memalloc_x
ber_bvarray_dup_x->ber_dupbv_x
ber_bvarray_dup_x->ber_bvarray_free_x
ber_bvarray_add_x->ber_memalloc_x
ber_bvarray_add_x->ber_memrealloc_x
ber_bvarray_add_x->llvm.memcpy.p0i8.p0i8.i64
ber_bvarray_add->ber_bvarray_add_x
ber_get_option->ber_errno_addr
ber_get_option->ber_errno_addr
ber_get_option->__assert_fail
ber_get_option->__assert_fail
ber_get_option->__assert_fail
ber_get_option->__assert_fail
ber_get_option->__assert_fail
ber_get_option->__assert_fail
ber_get_option->ber_errno_addr
ber_set_option->ber_errno_addr
ber_set_option->ber_errno_addr
ber_set_option->llvm.memmove.p0i8.p0i8.i64
ber_set_option->ber_errno_addr
ber_set_option->__assert_fail
ber_set_option->__assert_fail
ber_set_option->__assert_fail
ber_set_option->__assert_fail
ber_set_option->__assert_fail
ber_set_option->__assert_fail
ber_set_option->ber_errno_addr
ber_sockbuf_alloc->ber_memcalloc
ber_sockbuf_alloc->ber_int_sb_init
ber_int_sb_init->__assert_fail
ber_int_sb_init->__assert_fail
ber_sockbuf_free->__assert_fail
ber_sockbuf_free->__assert_fail
ber_sockbuf_free->ber_int_sb_close
ber_sockbuf_free->ber_int_sb_destroy
ber_sockbuf_free->ber_memfree
ber_int_sb_close->__assert_fail
ber_int_sb_destroy->__assert_fail
ber_int_sb_destroy->__assert_fail
ber_int_sb_destroy->ber_sockbuf_remove_io
ber_int_sb_destroy->ber_int_sb_init
ber_sockbuf_remove_io->__assert_fail
ber_sockbuf_remove_io->__assert_fail
ber_sockbuf_remove_io->ber_memfree
ber_sockbuf_ctrl->__assert_fail
ber_sockbuf_ctrl->__assert_fail
ber_sockbuf_ctrl->ber_pvt_socket_set_nonblock
ber_sockbuf_ctrl->ber_int_sb_read
ber_pvt_socket_set_nonblock->fcntl
ber_pvt_socket_set_nonblock->fcntl
ber_int_sb_read->__assert_fail
ber_int_sb_read->__assert_fail
ber_int_sb_read->__assert_fail
ber_int_sb_read->__assert_fail
ber_int_sb_read->__errno_location
ber_sockbuf_add_io->__assert_fail
ber_sockbuf_add_io->__assert_fail
ber_sockbuf_add_io->ber_memalloc
ber_sockbuf_add_io->llvm.memset.p0i8.i64
ber_pvt_sb_buf_destroy->__assert_fail
ber_pvt_sb_buf_destroy->ber_memfree
ber_pvt_sb_buf_destroy->ber_pvt_sb_buf_init
ber_pvt_sb_grow_buffer->__assert_fail
ber_pvt_sb_grow_buffer->ber_memrealloc
ber_pvt_sb_copy_out->__assert_fail
ber_pvt_sb_copy_out->__assert_fail
ber_pvt_sb_copy_out->llvm.memmove.p0i8.p0i8.i64
ber_pvt_sb_do_write->__assert_fail
ber_pvt_sb_do_write->__assert_fail
ber_pvt_sb_do_write->__assert_fail
ber_pvt_sb_do_write->__errno_location
ber_int_sb_write->__assert_fail
ber_int_sb_write->__assert_fail
ber_int_sb_write->__assert_fail
ber_int_sb_write->__assert_fail
ber_int_sb_write->__errno_location
sb_stream_setup->__assert_fail
sb_stream_read->__assert_fail
sb_stream_read->__assert_fail
sb_stream_read->read
sb_stream_write->__assert_fail
sb_stream_write->__assert_fail
sb_stream_write->write
sb_stream_close->__assert_fail
sb_stream_close->__assert_fail
sb_stream_close->shutdown
sb_stream_close->close
sb_rdahead_setup->__assert_fail
sb_rdahead_setup->ber_memalloc
sb_rdahead_setup->ber_pvt_sb_buf_init
sb_rdahead_setup->ber_pvt_sb_grow_buffer
sb_rdahead_setup->ber_pvt_sb_grow_buffer
sb_rdahead_remove->__assert_fail
sb_rdahead_remove->ber_pvt_sb_buf_destroy
sb_rdahead_remove->ber_memfree
sb_rdahead_ctrl->ber_pvt_sb_grow_buffer
sb_rdahead_read->__assert_fail
sb_rdahead_read->__assert_fail
sb_rdahead_read->__assert_fail
sb_rdahead_read->__assert_fail
sb_rdahead_read->ber_pvt_sb_copy_out
sb_rdahead_read->__errno_location
sb_rdahead_read->ber_pvt_sb_copy_out
