mnl_attr_nest_cancel->mnl_nlmsg_get_payload_tail
mnl_attr_nest_end->mnl_nlmsg_get_payload_tail
mnl_attr_nest_start_check->mnl_attr_nest_start
mnl_attr_put_strz_check->strlen
mnl_attr_put_strz_check->mnl_attr_put_check
mnl_attr_put_str_check->strlen
mnl_attr_put_str_check->mnl_attr_put_check
mnl_attr_put_u64_check->mnl_attr_put_check
mnl_attr_put_u32_check->mnl_attr_put_check
mnl_attr_put_u16_check->mnl_attr_put_check
mnl_attr_put_u8_check->mnl_attr_put_check
mnl_attr_put_check->mnl_attr_put
mnl_attr_nest_start->mnl_nlmsg_get_payload_tail
mnl_attr_put_strz->strlen
mnl_attr_put_strz->mnl_attr_put
mnl_nlmsg_put_extra_header->llvm.memset.p0i8.i64
mnl_nlmsg_put_header->llvm.memset.p0i8.i64
mnl_cb_run->__mnl_cb_run
mnl_cb_error->mnl_nlmsg_get_payload
mnl_cb_error->mnl_nlmsg_size
mnl_cb_error->__errno_location
mnl_cb_error->__errno_location
mnl_cb_error->__errno_location
__mnl_cb_run->mnl_nlmsg_ok
__mnl_cb_run->mnl_nlmsg_portid_ok
__mnl_cb_run->__errno_location
__mnl_cb_run->mnl_nlmsg_seq_ok
__mnl_cb_run->__errno_location
__mnl_cb_run->__errno_location
__mnl_cb_run->mnl_nlmsg_next
mnl_cb_run2->__mnl_cb_run
mnl_socket_getsockopt->getsockopt
mnl_socket_setsockopt->setsockopt
mnl_socket_open->calloc
mnl_socket_open->socket
mnl_socket_open->free
mnl_socket_bind->bind
mnl_socket_bind->getsockname
mnl_socket_bind->__errno_location
mnl_socket_bind->__errno_location
mnl_socket_sendto->sendto
mnl_socket_recvfrom->recvmsg
mnl_socket_recvfrom->__errno_location
mnl_socket_recvfrom->__errno_location
mnl_socket_close->close
mnl_socket_close->free
mnl_nlmsg_fprintf->mnl_nlmsg_ok
mnl_nlmsg_fprintf->mnl_nlmsg_fprintf_header
mnl_nlmsg_fprintf->mnl_nlmsg_fprintf_payload
mnl_nlmsg_fprintf->mnl_nlmsg_next
mnl_nlmsg_fprintf_header->fprintf
mnl_nlmsg_fprintf_header->fprintf
mnl_nlmsg_fprintf_header->fprintf
mnl_nlmsg_fprintf_header->fprintf
mnl_nlmsg_fprintf_header->fprintf
mnl_nlmsg_fprintf_header->fprintf
mnl_nlmsg_fprintf_payload->fprintf
mnl_nlmsg_fprintf_payload->fprintf
mnl_nlmsg_fprintf_payload->fprintf
mnl_nlmsg_fprintf_payload->fprintf
mnl_nlmsg_fprintf_payload->fprintf
mnl_nlmsg_fprintf_payload->fprintf
mnl_nlmsg_fprintf_payload->fprintf
mnl_nlmsg_fprintf_payload->fprintf
mnl_nlmsg_fprintf_payload->__ctype_b_loc
mnl_nlmsg_fprintf_payload->__ctype_b_loc
mnl_nlmsg_fprintf_payload->__ctype_b_loc
mnl_nlmsg_fprintf_payload->__ctype_b_loc
mnl_nlmsg_fprintf_payload->fprintf
mnl_nlmsg_fprintf_payload->fprintf
mnl_nlmsg_batch_start->malloc
mnl_nlmsg_batch_stop->free
mnl_nlmsg_batch_reset->llvm.memcpy.p0i8.p0i8.i64
mnl_attr_type_valid->mnl_attr_get_type
mnl_attr_type_valid->__errno_location
mnl_attr_validate->__errno_location
mnl_attr_validate->__mnl_attr_validate
__mnl_attr_validate->mnl_attr_get_payload_len
__mnl_attr_validate->mnl_attr_get_payload
__mnl_attr_validate->__errno_location
__mnl_attr_validate->__errno_location
__mnl_attr_validate->__errno_location
__mnl_attr_validate->__errno_location
__mnl_attr_validate->__errno_location
__mnl_attr_validate->__errno_location
__mnl_attr_validate->__errno_location
mnl_attr_validate2->__errno_location
mnl_attr_validate2->__mnl_attr_validate
mnl_attr_parse->mnl_nlmsg_get_payload_offset
mnl_attr_parse->mnl_nlmsg_get_payload_tail
mnl_attr_parse->mnl_attr_ok
mnl_attr_parse->mnl_attr_next
mnl_attr_parse_nested->mnl_attr_get_payload
mnl_attr_parse_nested->mnl_attr_get_payload
mnl_attr_parse_nested->mnl_attr_get_payload_len
mnl_attr_parse_nested->mnl_attr_ok
mnl_attr_parse_nested->mnl_attr_next
mnl_attr_parse_payload->mnl_attr_ok
mnl_attr_parse_payload->mnl_attr_next
mnl_attr_get_u8->mnl_attr_get_payload
mnl_attr_get_u16->mnl_attr_get_payload
mnl_attr_get_u32->mnl_attr_get_payload
mnl_attr_get_u64->mnl_attr_get_payload
mnl_attr_get_u64->llvm.memcpy.p0i8.p0i8.i64
mnl_attr_get_str->mnl_attr_get_payload
mnl_attr_put->mnl_nlmsg_get_payload_tail
mnl_attr_put->mnl_attr_get_payload
mnl_attr_put->llvm.memcpy.p0i8.p0i8.i64
mnl_attr_put_u8->mnl_attr_put
mnl_attr_put_u16->mnl_attr_put
mnl_attr_put_u32->mnl_attr_put
mnl_attr_put_u64->mnl_attr_put
mnl_attr_put_str->strlen
mnl_attr_put_str->mnl_attr_put
