search_static_table->memcmp
nghttp2_submit_trailer->submit_headers_shared_nva
update_remote_initial_window_size_func->nghttp2_stream_resume_deferred_item
update_remote_initial_window_size_func->nghttp2_stream_check_deferred_by_flow_control
update_remote_initial_window_size_func->nghttp2_stream_update_remote_initial_window_size
update_remote_initial_window_size_func->nghttp2_is_fatal
update_remote_initial_window_size_func->nghttp2_session_add_rst_stream
nghttp2_session_del->nghttp2_map_free
nghttp2_session_del->nghttp2_map_each_free
nghttp2_session_del->nghttp2_bufs_free
nghttp2_session_del->nghttp2_stream_free
nghttp2_session_del->active_outbound_item_reset
nghttp2_session_del->session_inbound_frame_reset
nghttp2_session_del->inflight_settings_del
nghttp2_session_del->ob_q_free
nghttp2_session_del->nghttp2_hd_deflate_free
nghttp2_session_del->nghttp2_hd_inflate_free
nghttp2_session_del->nghttp2_mem_free
nghttp2_bufs_reset->nghttp2_buf_reset
nghttp2_bufs_reset->buf_chain_del
nghttp2_frame_headers_init->llvm.memcpy.p0i8.p0i8.i64
nghttp2_frame_headers_init->nghttp2_frame_hd_init
nghttp2_frame_headers_init->nghttp2_priority_spec_default_init
nghttp2_hd_deflate_get_table_entry->hd_get_table_entry
nghttp2_get_uint16->llvm.memcpy.p0i8.p0i8.i64
nghttp2_get_uint16->ntohs
inbound_frame_effective_readlen->nghttp2_frame_trail_padlen
nghttp2_stream_dep_insert->stream_obq_push
nghttp2_stream_dep_insert->validate_tree
nghttp2_stream_dep_insert->stream_subtree_active
nghttp2_stream_dep_insert->stream_obq_move
nghttp2_frame_headers_payload_nv_offset->nghttp2_frame_priority_len
ksl_split_blk->__assert_fail
ksl_split_blk->llvm.memcpy.p0i8.p0i8.i64
ksl_split_blk->nghttp2_mem_malloc
ksl_split_blk->ksl_blklen
hd_inflate_keep_free->nghttp2_rcbuf_decref
nghttp2_session_get_stream_effective_local_window_size->nghttp2_session_get_stream
reschedule_stream->nghttp2_stream_reschedule
nghttp2_nv_compare_name->bytes_compar
nghttp2_pq_free->nghttp2_mem_free
name_eq->memeq
submit_headers_shared_nva->llvm.memcpy.p0i8.p0i8.i64
submit_headers_shared_nva->nghttp2_nv_array_copy
submit_headers_shared_nva->submit_headers_shared
submit_headers_shared_nva->nghttp2_priority_spec_default_init
submit_headers_shared_nva->nghttp2_priority_spec_normalize_weight
nghttp2_session_on_push_promise_received->nghttp2_session_is_my_stream_id
nghttp2_session_on_push_promise_received->nghttp2_session_get_stream
nghttp2_session_on_push_promise_received->nghttp2_session_open_stream
nghttp2_session_on_push_promise_received->session_detect_idle_stream
nghttp2_session_on_push_promise_received->session_is_new_peer_stream_id
nghttp2_session_on_push_promise_received->nghttp2_session_add_rst_stream
nghttp2_session_on_push_promise_received->session_inflate_handle_invalid_connection
nghttp2_session_on_push_promise_received->session_allow_incoming_new_stream
nghttp2_session_on_push_promise_received->session_call_on_begin_headers
nghttp2_session_on_push_promise_received->nghttp2_priority_spec_init
inflight_settings_del->nghttp2_mem_free
nghttp2_frame_headers_free->nghttp2_nv_array_del
nghttp2_http_on_response_headers->expect_response_body
hd_get_table_entry->nghttp2_hd_table_get2
inflate_header_block->nghttp2_is_fatal
inflate_header_block->nghttp2_session_terminate_session
inflate_header_block->nghttp2_session_get_stream
inflate_header_block->nghttp2_session_add_rst_stream
inflate_header_block->session_enforce_http_messaging
inflate_header_block->session_handle_invalid_stream2
inflate_header_block->session_call_error_callback
inflate_header_block->session_trailer_headers
inflate_header_block->session_call_on_invalid_header
inflate_header_block->session_call_on_header
inflate_header_block->nghttp2_hd_inflate_hd_nv
inflate_header_block->nghttp2_hd_inflate_end_headers
inflate_header_block->nghttp2_http_on_header
nghttp2_session_add_window_update->nghttp2_frame_window_update_init
nghttp2_session_add_window_update->nghttp2_frame_window_update_free
nghttp2_session_add_window_update->nghttp2_outbound_item_init
nghttp2_session_add_window_update->nghttp2_session_add_item
nghttp2_session_add_window_update->nghttp2_mem_malloc
nghttp2_session_add_window_update->nghttp2_mem_free
stream_obq_move->nghttp2_pq_remove
stream_obq_move->stream_obq_push
nghttp2_frame_pack_headers->__assert_fail
nghttp2_frame_pack_headers->nghttp2_frame_headers_payload_nv_offset
nghttp2_frame_pack_headers->nghttp2_frame_pack_priority_spec
nghttp2_frame_pack_headers->frame_pack_headers_shared
nghttp2_frame_pack_headers->nghttp2_bufs_len
nghttp2_frame_pack_headers->nghttp2_hd_deflate_hd_bufs
nghttp2_ksl_remove->__assert_fail
nghttp2_ksl_remove->llvm.memcpy.p0i8.p0i8.i64
nghttp2_ksl_remove->ksl_bsearch
nghttp2_ksl_remove->nghttp2_ksl_end
nghttp2_ksl_remove->nghttp2_ksl_it_init
nghttp2_ksl_remove->ksl_merge_node
nghttp2_ksl_remove->ksl_remove_node
nghttp2_ksl_remove->ksl_shift_right
nghttp2_ksl_remove->ksl_shift_left
nghttp2_hd_deflate_change_table_size->hd_context_shrink_table_size
nghttp2_session_get_stream_local_window_size->nghttp2_session_get_stream
nghttp2_session_send->nghttp2_session_mem_send_internal
nghttp2_session_terminate_session->session_terminate_session
bytes_compar->memcmp
nghttp2_pq_push->bubble_up
nghttp2_pq_push->nghttp2_mem_realloc
value_eq->memeq
submit_headers_shared->llvm.memcpy.p0i8.p0i8.i64
submit_headers_shared->nghttp2_frame_headers_init
submit_headers_shared->nghttp2_frame_headers_free
submit_headers_shared->nghttp2_nv_array_del
submit_headers_shared->nghttp2_outbound_item_init
submit_headers_shared->nghttp2_session_add_item
submit_headers_shared->nghttp2_mem_malloc
submit_headers_shared->nghttp2_mem_free
nghttp2_session_on_ping_received->session_is_closing
nghttp2_session_on_ping_received->session_handle_invalid_connection
nghttp2_session_on_ping_received->session_call_on_frame_received
nghttp2_session_on_ping_received->nghttp2_session_add_ping
free_streams->nghttp2_stream_free
free_streams->nghttp2_outbound_item_free
free_streams->nghttp2_mem_free
nghttp2_stream_init->nghttp2_pq_init
nghttp2_stream_init->nghttp2_map_entry_init
nghttp2_nv_array_del->nghttp2_mem_free
nghttp2_hd_table_get2->__assert_fail
nghttp2_hd_table_get2->hd_ringbuf_get
nghttp2_get_uint32->llvm.memcpy.p0i8.p0i8.i64
nghttp2_get_uint32->ntohl
session_after_header_block_received->__assert_fail
session_after_header_block_received->nghttp2_stream_shutdown
session_after_header_block_received->nghttp2_is_fatal
session_after_header_block_received->nghttp2_session_get_stream
session_after_header_block_received->session_enforce_http_messaging
session_after_header_block_received->session_handle_invalid_stream2
session_after_header_block_received->session_call_on_frame_received
session_after_header_block_received->session_end_stream_headers_received
session_after_header_block_received->nghttp2_http_on_request_headers
session_after_header_block_received->nghttp2_http_on_response_headers
session_after_header_block_received->nghttp2_http_on_trailer_headers
session_after_header_block_received->nghttp2_http_on_remote_end_stream
session_update_consumed_size->nghttp2_session_terminate_session
session_update_consumed_size->nghttp2_session_add_window_update
session_update_consumed_size->nghttp2_should_send_window_update
nghttp2_stream_dep_add->validate_tree
nghttp2_stream_dep_add->link_dep
nghttp2_stream_dep_add->insert_link_dep
nghttp2_frame_pack_priority_spec->nghttp2_put_uint32be
ksl_merge_node->__assert_fail
ksl_merge_node->llvm.memcpy.p0i8.p0i8.i64
ksl_merge_node->nghttp2_mem_free
ksl_merge_node->ksl_node_set_key
ksl_merge_node->ksl_remove_node
hd_context_shrink_table_size->nghttp2_hd_entry_free
hd_context_shrink_table_size->hd_ringbuf_get
hd_context_shrink_table_size->entry_room
hd_context_shrink_table_size->hd_ringbuf_pop_back
hd_context_shrink_table_size->hd_map_remove
hd_context_shrink_table_size->nghttp2_mem_free
nghttp2_session_on_request_headers_received->__assert_fail
nghttp2_session_on_request_headers_received->nghttp2_is_fatal
nghttp2_session_on_request_headers_received->nghttp2_session_is_my_stream_id
nghttp2_session_on_request_headers_received->nghttp2_session_open_stream
nghttp2_session_on_request_headers_received->nghttp2_session_get_stream_raw
nghttp2_session_on_request_headers_received->session_detect_idle_stream
nghttp2_session_on_request_headers_received->session_is_new_peer_stream_id
nghttp2_session_on_request_headers_received->nghttp2_session_adjust_closed_stream
nghttp2_session_on_request_headers_received->session_inflate_handle_invalid_connection
nghttp2_session_on_request_headers_received->session_is_incoming_concurrent_streams_max
nghttp2_session_on_request_headers_received->session_allow_incoming_new_stream
nghttp2_session_on_request_headers_received->session_is_incoming_concurrent_streams_pending_max
nghttp2_session_on_request_headers_received->session_inflate_handle_invalid_stream
nghttp2_session_on_request_headers_received->session_call_on_begin_headers
session_terminate_session->strlen
session_terminate_session->nghttp2_session_add_goaway
bubble_up->swap
bubble_up->less
bubble_up->stream_less
bubble_up->default_malloc
bubble_up->default_free
memeq->memcmp
nghttp2_submit_headers->submit_headers_shared_nva
nghttp2_submit_headers->detect_self_dependency
nghttp2_submit_headers->nghttp2_priority_spec_check_default
nghttp2_session_add_ping->nghttp2_frame_ping_init
nghttp2_session_add_ping->nghttp2_frame_ping_free
nghttp2_session_add_ping->nghttp2_outbound_item_init
nghttp2_session_add_ping->nghttp2_session_add_item
nghttp2_session_add_ping->nghttp2_mem_malloc
nghttp2_session_add_ping->nghttp2_mem_free
ob_q_free->nghttp2_outbound_item_free
ob_q_free->nghttp2_mem_free
nghttp2_frame_priority_init->llvm.memcpy.p0i8.p0i8.i64
nghttp2_frame_priority_init->nghttp2_frame_hd_init
session_handle_frame_size_error->nghttp2_session_terminate_session
find_stream_on_goaway_func->__assert_fail
find_stream_on_goaway_func->nghttp2_session_is_my_stream_id
frame_pack_headers_shared->llvm.memcpy.p0i8.p0i8.i64
frame_pack_headers_shared->nghttp2_frame_pack_frame_hd
ksl_remove_node->llvm.memmove.p0i8.p0i8.i64
session_inflate_handle_invalid_connection->nghttp2_is_fatal
session_inflate_handle_invalid_connection->session_handle_invalid_connection
nghttp2_nv_array_copy->llvm.memcpy.p0i8.p0i8.i64
nghttp2_nv_array_copy->nghttp2_downcase
nghttp2_nv_array_copy->nghttp2_mem_malloc
nghttp2_hd_deflate_hd->nghttp2_bufs_wrap_init
nghttp2_hd_deflate_hd->nghttp2_bufs_wrap_free
nghttp2_hd_deflate_hd->nghttp2_bufs_len
nghttp2_hd_deflate_hd->nghttp2_hd_deflate_hd_bufs
detect_self_dependency->__assert_fail
nghttp2_session_on_goaway_received->nghttp2_is_fatal
nghttp2_session_on_goaway_received->nghttp2_session_is_my_stream_id
nghttp2_session_on_goaway_received->session_close_stream_on_goaway
nghttp2_session_on_goaway_received->session_handle_invalid_connection
nghttp2_session_on_goaway_received->session_call_on_frame_received
nghttp2_session_reprioritize_stream->__assert_fail
nghttp2_session_reprioritize_stream->nghttp2_stream_change_weight
nghttp2_session_reprioritize_stream->nghttp2_stream_dep_find_ancestor
nghttp2_session_reprioritize_stream->nghttp2_stream_dep_insert_subtree
nghttp2_session_reprioritize_stream->nghttp2_stream_dep_add_subtree
nghttp2_session_reprioritize_stream->nghttp2_stream_dep_remove_subtree
nghttp2_session_reprioritize_stream->nghttp2_stream_in_dep_tree
nghttp2_session_reprioritize_stream->nghttp2_session_open_stream
nghttp2_session_reprioritize_stream->nghttp2_session_get_stream_raw
nghttp2_session_reprioritize_stream->session_detect_idle_stream
nghttp2_session_reprioritize_stream->nghttp2_priority_spec_default_init
nghttp2_stream_free->nghttp2_pq_free
inbound_frame_set_settings_entry->llvm.memcpy.p0i8.p0i8.i64
inbound_frame_set_settings_entry->nghttp2_frame_unpack_settings_entry
session_prep_frame->__assert_fail
session_prep_frame->nghttp2_frame_pack_headers
session_prep_frame->nghttp2_frame_pack_priority
session_prep_frame->nghttp2_frame_pack_rst_stream
session_prep_frame->nghttp2_frame_pack_settings
session_prep_frame->nghttp2_frame_pack_push_promise
session_prep_frame->nghttp2_frame_pack_ping
session_prep_frame->nghttp2_frame_pack_goaway
session_prep_frame->nghttp2_frame_pack_window_update
session_prep_frame->nghttp2_frame_pack_altsvc
session_prep_frame->nghttp2_frame_pack_origin
session_prep_frame->nghttp2_stream_detach_item
session_prep_frame->nghttp2_stream_defer_item
session_prep_frame->nghttp2_is_fatal
session_prep_frame->nghttp2_session_get_stream
session_prep_frame->nghttp2_session_open_stream
session_prep_frame->nghttp2_session_get_stream_raw
session_prep_frame->active_outbound_item_reset
session_prep_frame->nghttp2_session_add_rst_stream
session_prep_frame->session_is_closing
session_prep_frame->nghttp2_session_predicate_data_send
session_prep_frame->nghttp2_session_next_data_read
session_prep_frame->nghttp2_session_pack_data
session_prep_frame->session_predicate_request_headers_send
session_prep_frame->session_enforce_http_messaging
session_prep_frame->session_predicate_push_response_headers_send
session_prep_frame->session_predicate_response_headers_send
session_prep_frame->session_predicate_headers_send
session_prep_frame->session_estimate_headers_payload
session_prep_frame->session_headers_add_pad
session_prep_frame->session_predicate_push_promise_send
session_prep_frame->session_predicate_window_update_send
session_prep_frame->session_pack_extension
session_prep_frame->session_predicate_altsvc_send
session_prep_frame->session_predicate_origin_send
session_prep_frame->nghttp2_http_record_request_method
insert_link_dep->__assert_fail
insert_link_dep->link_dep
insert_link_dep->link_sib
nghttp2_frame_unpack_priority_spec->nghttp2_get_uint32
nghttp2_frame_unpack_priority_spec->nghttp2_priority_spec_init
ksl_shift_right->__assert_fail
ksl_shift_right->llvm.memcpy.p0i8.p0i8.i64
ksl_shift_right->llvm.memmove.p0i8.p0i8.i64
ksl_shift_right->ksl_node_set_key
hd_ringbuf_pop_back->__assert_fail
nghttp2_session_add_goaway->llvm.memcpy.p0i8.p0i8.i64
nghttp2_session_add_goaway->nghttp2_frame_goaway_init
nghttp2_session_add_goaway->nghttp2_frame_goaway_free
nghttp2_session_add_goaway->nghttp2_outbound_item_init
nghttp2_session_add_goaway->nghttp2_session_is_my_stream_id
nghttp2_session_add_goaway->nghttp2_session_add_item
nghttp2_session_add_goaway->nghttp2_mem_malloc
nghttp2_session_add_goaway->nghttp2_mem_free
nghttp2_hd_deflate_hd_vec->nghttp2_bufs_wrap_init2
nghttp2_hd_deflate_hd_vec->nghttp2_bufs_wrap_free
nghttp2_hd_deflate_hd_vec->nghttp2_bufs_len
nghttp2_hd_deflate_hd_vec->nghttp2_hd_deflate_hd_bufs
nghttp2_submit_ping->nghttp2_session_add_ping
nghttp2_session_on_window_update_received->session_on_connection_window_update_received
nghttp2_session_on_window_update_received->session_on_stream_window_update_received
nghttp2_session_add_rst_stream->__assert_fail
nghttp2_session_add_rst_stream->nghttp2_frame_rst_stream_init
nghttp2_session_add_rst_stream->nghttp2_frame_rst_stream_free
nghttp2_session_add_rst_stream->nghttp2_outbound_item_init
nghttp2_session_add_rst_stream->nghttp2_session_is_my_stream_id
nghttp2_session_add_rst_stream->nghttp2_session_add_item
nghttp2_session_add_rst_stream->nghttp2_session_get_stream
nghttp2_session_add_rst_stream->nghttp2_mem_malloc
nghttp2_session_add_rst_stream->nghttp2_mem_free
nghttp2_frame_rst_stream_init->nghttp2_frame_hd_init
nghttp2_hd_inflate_get_num_table_entries->get_max_index
session_process_settings_frame->__assert_fail
session_process_settings_frame->llvm.memcpy.p0i8.p0i8.i64
session_process_settings_frame->nghttp2_frame_unpack_settings_payload
session_process_settings_frame->nghttp2_session_on_settings_received
nghttp2_frame_unpack_headers_payload->nghttp2_frame_unpack_priority_spec
nghttp2_frame_unpack_headers_payload->nghttp2_priority_spec_default_init
ksl_shift_left->__assert_fail
ksl_shift_left->llvm.memcpy.p0i8.p0i8.i64
ksl_shift_left->llvm.memmove.p0i8.p0i8.i64
ksl_shift_left->ksl_node_set_key
nghttp2_session_get_stream_remote_window_size->nghttp2_session_get_stream
nghttp2_frame_add_pad->__assert_fail
nghttp2_frame_add_pad->frame_set_pad
nghttp2_pq_pop->bubble_down
nghttp2_submit_priority->llvm.memcpy.p0i8.p0i8.i64
nghttp2_submit_priority->nghttp2_frame_priority_init
nghttp2_submit_priority->nghttp2_frame_priority_free
nghttp2_submit_priority->nghttp2_outbound_item_init
nghttp2_submit_priority->nghttp2_session_add_item
nghttp2_submit_priority->nghttp2_priority_spec_normalize_weight
nghttp2_submit_priority->nghttp2_mem_malloc
nghttp2_submit_priority->nghttp2_mem_free
session_on_connection_window_update_received->session_handle_invalid_connection
session_on_connection_window_update_received->session_call_on_frame_received
nghttp2_session_close_stream->nghttp2_stream_detach_item
nghttp2_session_close_stream->nghttp2_stream_in_dep_tree
nghttp2_session_close_stream->nghttp2_outbound_item_free
nghttp2_session_close_stream->nghttp2_session_is_my_stream_id
nghttp2_session_close_stream->nghttp2_session_get_stream
nghttp2_session_close_stream->nghttp2_session_keep_closed_stream
nghttp2_session_close_stream->nghttp2_session_destroy_stream
nghttp2_session_close_stream->nghttp2_mem_free
nghttp2_stream_reschedule->nghttp2_pq_push
nghttp2_stream_reschedule->nghttp2_pq_remove
nghttp2_stream_reschedule->__assert_fail
nghttp2_stream_reschedule->stream_next_cycle
nghttp2_http_record_request_method->memcmp
nghttp2_hd_inflate_get_table_entry->hd_get_table_entry
nghttp2_increase_local_window_size->__assert_fail
session_process_goaway_frame->nghttp2_frame_unpack_goaway_payload
session_process_goaway_frame->nghttp2_buf_wrap_init
session_process_goaway_frame->nghttp2_session_on_goaway_received
nghttp2_stream_dep_remove->__assert_fail
nghttp2_stream_dep_remove->nghttp2_stream_dep_distributed_weight
nghttp2_stream_dep_remove->validate_tree
nghttp2_stream_dep_remove->stream_obq_remove
nghttp2_stream_dep_remove->stream_obq_move
nghttp2_stream_dep_remove->unlink_sib
nghttp2_stream_dep_remove->unlink_dep
nghttp2_frame_pack_priority->__assert_fail
nghttp2_frame_pack_priority->nghttp2_frame_pack_frame_hd
nghttp2_frame_pack_priority->nghttp2_frame_pack_priority_spec
nghttp2_ksl_lower_bound->ksl_bsearch
nghttp2_ksl_lower_bound->nghttp2_ksl_it_init
nghttp2_hd_inflate_change_table_size->hd_context_shrink_table_size
nghttp2_session_add_item->nghttp2_stream_attach_item
nghttp2_session_add_item->nghttp2_outbound_queue_push
nghttp2_session_add_item->nghttp2_session_get_stream
nghttp2_session_add_item->nghttp2_session_open_stream
nghttp2_session_add_item->nghttp2_priority_spec_init
frame_set_pad->llvm.memset.p0i8.i64
frame_set_pad->llvm.memmove.p0i8.p0i8.i64
frame_set_pad->nghttp2_put_uint32be
frame_set_pad->nghttp2_get_uint32
bubble_down->swap
bubble_down->less
bubble_down->stream_less
bubble_down->default_malloc
bubble_down->default_free
default_malloc->malloc
nghttp2_hd_deflate_new->nghttp2_hd_deflate_new2
nghttp2_submit_rst_stream->nghttp2_session_add_rst_stream
session_on_stream_window_update_received->nghttp2_stream_resume_deferred_item
session_on_stream_window_update_received->nghttp2_stream_check_deferred_by_flow_control
session_on_stream_window_update_received->nghttp2_is_fatal
session_on_stream_window_update_received->nghttp2_session_get_stream
session_on_stream_window_update_received->session_detect_idle_stream
session_on_stream_window_update_received->session_handle_invalid_stream
session_on_stream_window_update_received->session_handle_invalid_connection
session_on_stream_window_update_received->session_call_on_frame_received
session_on_stream_window_update_received->state_reserved_remote
nghttp2_frame_settings_init->nghttp2_frame_hd_init
nghttp2_rcbuf_new->nghttp2_mem_malloc
nghttp2_session_consume->nghttp2_is_fatal
nghttp2_session_consume->nghttp2_session_get_stream
nghttp2_session_consume->session_update_connection_consumed_size
nghttp2_session_consume->session_update_stream_consumed_size
session_after_frame_sent2->nghttp2_bufs_next_present
session_after_frame_sent2->nghttp2_stream_detach_item
session_after_frame_sent2->nghttp2_is_fatal
session_after_frame_sent2->nghttp2_session_get_stream
session_after_frame_sent2->active_outbound_item_reset
session_after_frame_sent2->nghttp2_session_predicate_data_send
unlink_sib->__assert_fail
unlink_sib->link_sib
unlink_sib->set_dep_prev
unlink_sib->stream_last_sib
nghttp2_frame_unpack_priority_payload->nghttp2_frame_unpack_priority_spec
nghttp2_hd_table_get->__assert_fail
nghttp2_hd_table_get->llvm.memcpy.p0i8.p0i8.i64
nghttp2_hd_table_get->hd_ringbuf_get
nghttp2_session_get_remote_settings->__assert_fail
session_inflate_handle_invalid_stream->nghttp2_is_fatal
session_inflate_handle_invalid_stream->session_handle_invalid_stream
nghttp2_session_get_stream->nghttp2_map_find
nghttp2_pq_remove->bubble_up
nghttp2_pq_remove->nghttp2_pq_pop
nghttp2_pq_remove->bubble_down
nghttp2_pq_remove->__assert_fail
nghttp2_pq_remove->less
nghttp2_pq_remove->stream_less
nghttp2_pq_remove->default_malloc
nghttp2_pq_remove->default_free
default_free->free
nghttp2_hd_deflate_new2->nghttp2_hd_deflate_init2
nghttp2_hd_deflate_new2->nghttp2_mem_default
nghttp2_hd_deflate_new2->nghttp2_mem_malloc
nghttp2_hd_deflate_new2->nghttp2_mem_free
nghttp2_submit_goaway->nghttp2_session_add_goaway
state_reserved_remote->nghttp2_session_is_my_stream_id
nghttp2_session_destroy_stream->nghttp2_map_remove
nghttp2_session_destroy_stream->nghttp2_stream_free
nghttp2_session_destroy_stream->nghttp2_stream_dep_remove
nghttp2_session_destroy_stream->nghttp2_stream_in_dep_tree
nghttp2_session_destroy_stream->nghttp2_mem_free
nghttp2_stream_change_weight->nghttp2_pq_push
nghttp2_stream_change_weight->nghttp2_pq_remove
nghttp2_stream_change_weight->stream_next_cycle
nghttp2_frame_settings_free->nghttp2_mem_free
nghttp2_rcbuf_new2->nghttp2_cpymem
nghttp2_rcbuf_new2->nghttp2_rcbuf_new
session_process_data_frame->nghttp2_is_fatal
session_process_data_frame->nghttp2_session_on_data_received
unlink_dep->__assert_fail
unlink_dep->link_dep
unlink_dep->link_sib
unlink_dep->set_dep_prev
unlink_dep->stream_last_sib
nghttp2_frame_pack_rst_stream->__assert_fail
nghttp2_frame_pack_rst_stream->nghttp2_frame_pack_frame_hd
nghttp2_frame_pack_rst_stream->nghttp2_put_uint32be
nghttp2_ksl_begin->nghttp2_ksl_it_init
nghttp2_session_callbacks_new->calloc
nghttp2_hd_deflate_hd_bufs->emit_table_size
nghttp2_hd_deflate_hd_bufs->deflate_nv
nghttp2_session_get_local_settings->__assert_fail
nghttp2_session_open_stream->__assert_fail
nghttp2_session_open_stream->nghttp2_map_insert
nghttp2_session_open_stream->nghttp2_stream_init
nghttp2_session_open_stream->nghttp2_stream_free
nghttp2_session_open_stream->nghttp2_stream_shutdown
nghttp2_session_open_stream->nghttp2_stream_dep_insert
nghttp2_session_open_stream->nghttp2_stream_dep_add
nghttp2_session_open_stream->nghttp2_stream_dep_remove
nghttp2_session_open_stream->nghttp2_stream_in_dep_tree
nghttp2_session_open_stream->nghttp2_session_is_my_stream_id
nghttp2_session_open_stream->nghttp2_session_open_stream
nghttp2_session_open_stream->nghttp2_session_get_stream_raw
nghttp2_session_open_stream->nghttp2_session_detach_idle_stream
nghttp2_session_open_stream->session_detect_idle_stream
nghttp2_session_open_stream->nghttp2_session_keep_idle_stream
nghttp2_session_open_stream->nghttp2_priority_spec_default_init
nghttp2_session_open_stream->nghttp2_mem_malloc
nghttp2_session_open_stream->nghttp2_mem_free
default_calloc->calloc
nghttp2_hd_deflate_del->nghttp2_hd_deflate_free
nghttp2_hd_deflate_del->nghttp2_mem_free
nghttp2_submit_shutdown_notice->nghttp2_session_add_goaway
nghttp2_session_on_altsvc_received->nghttp2_session_get_stream
nghttp2_session_on_altsvc_received->session_call_on_frame_received
nghttp2_session_on_altsvc_received->session_call_on_invalid_frame_recv_callback
nghttp2_session_adjust_closed_stream->__assert_fail
nghttp2_session_adjust_closed_stream->nghttp2_session_destroy_stream
nghttp2_frame_push_promise_init->nghttp2_frame_hd_init
nghttp2_rcbuf_del->nghttp2_mem_free2
nghttp2_session_predicate_data_send->__assert_fail
nghttp2_session_predicate_data_send->nghttp2_session_is_my_stream_id
nghttp2_session_predicate_data_send->session_predicate_for_stream_send
nghttp2_frame_unpack_rst_stream_payload->nghttp2_get_uint32
nghttp2_ksl_it_get->__assert_fail
nghttp2_session_callbacks_del->free
emit_table_size->nghttp2_bufs_add
emit_table_size->count_encoded_length
emit_table_size->encode_length
nghttp2_session_upgrade->__assert_fail
nghttp2_session_upgrade->nghttp2_session_get_stream
nghttp2_session_upgrade->nghttp2_session_upgrade_internal
session_handle_invalid_stream->session_handle_invalid_stream2
nghttp2_session_get_stream_raw->nghttp2_map_find
nghttp2_buf_init2->nghttp2_buf_init
nghttp2_buf_init2->nghttp2_buf_reserve
default_realloc->realloc
nghttp2_hd_inflate_hd->nghttp2_hd_inflate_hd2
nghttp2_submit_settings->nghttp2_session_add_settings
nghttp2_session_adjust_idle_stream->__assert_fail
nghttp2_session_adjust_idle_stream->nghttp2_session_destroy_stream
nghttp2_stream_attach_item->__assert_fail
nghttp2_stream_attach_item->stream_update_dep_on_attach_item
nghttp2_frame_push_promise_free->nghttp2_nv_array_del
nghttp2_hd_huff_encode->llvm.memcpy.p0i8.p0i8.i64
nghttp2_hd_huff_encode->nghttp2_bufs_addb
nghttp2_hd_huff_encode->htonl
session_process_extension_frame->nghttp2_is_fatal
session_process_extension_frame->session_call_on_frame_received
session_process_extension_frame->session_call_unpack_extension_callback
session_predicate_for_stream_send->session_is_closing
nghttp2_frame_pack_settings->__assert_fail
nghttp2_frame_pack_settings->nghttp2_frame_pack_frame_hd
nghttp2_frame_pack_settings->nghttp2_frame_pack_settings_payload
deflate_nv->llvm.memcpy.p0i8.p0i8.i64
deflate_nv->nghttp2_hd_table_get
deflate_nv->lookup_token
deflate_nv->name_hash
deflate_nv->hd_deflate_decide_indexing
deflate_nv->search_hd_table
deflate_nv->emit_indexed_block
deflate_nv->add_hd_table_incremental
deflate_nv->emit_newname_block
deflate_nv->emit_indname_block
deflate_nv->nghttp2_rcbuf_new2
deflate_nv->nghttp2_rcbuf_incref
deflate_nv->nghttp2_rcbuf_decref
nghttp2_session_upgrade_internal->nghttp2_frame_hd_init
nghttp2_session_upgrade_internal->nghttp2_frame_unpack_settings_payload2
nghttp2_session_upgrade_internal->nghttp2_stream_shutdown
nghttp2_session_upgrade_internal->nghttp2_session_open_stream
nghttp2_session_upgrade_internal->nghttp2_session_on_settings_received
nghttp2_session_upgrade_internal->nghttp2_submit_settings
nghttp2_session_upgrade_internal->nghttp2_priority_spec_default_init
nghttp2_session_upgrade_internal->nghttp2_mem_free
session_handle_invalid_stream2->nghttp2_session_add_rst_stream
session_handle_invalid_stream2->get_error_code_from_lib_error_code
nghttp2_buf_reserve->nghttp2_mem_realloc
nghttp2_map_init->nghttp2_mem_calloc
nghttp2_hd_inflate_hd2->nghttp2_hd_inflate_hd_nv
nghttp2_submit_push_promise->nghttp2_frame_push_promise_init
nghttp2_submit_push_promise->nghttp2_frame_push_promise_free
nghttp2_submit_push_promise->nghttp2_nv_array_copy
nghttp2_submit_push_promise->nghttp2_outbound_item_init
nghttp2_submit_push_promise->nghttp2_session_is_my_stream_id
nghttp2_submit_push_promise->nghttp2_session_add_item
nghttp2_submit_push_promise->nghttp2_mem_malloc
nghttp2_submit_push_promise->nghttp2_mem_free
nghttp2_session_on_origin_received->session_call_on_frame_received
nghttp2_session_close_stream_if_shut_rdwr->nghttp2_session_close_stream
stream_update_dep_on_attach_item->stream_obq_push
stream_update_dep_on_attach_item->validate_tree
nghttp2_frame_ping_init->llvm.memcpy.p0i8.p0i8.i64
nghttp2_frame_ping_init->nghttp2_frame_hd_init
nghttp2_frame_ping_init->llvm.memset.p0i8.i64
nghttp2_rcbuf_decref->__assert_fail
nghttp2_rcbuf_decref->nghttp2_rcbuf_del
session_process_altsvc_frame->nghttp2_frame_unpack_altsvc_payload
session_process_altsvc_frame->nghttp2_buf_wrap_init
session_process_altsvc_frame->nghttp2_session_on_altsvc_received
session_process_altsvc_frame->nghttp2_get_uint16
nghttp2_session_next_data_read->nghttp2_session_enforce_flow_control_limits
nghttp2_stream_dep_insert_subtree->stream_obq_push
nghttp2_stream_dep_insert_subtree->validate_tree
nghttp2_stream_dep_insert_subtree->stream_subtree_active
nghttp2_stream_dep_insert_subtree->stream_obq_move
nghttp2_stream_dep_insert_subtree->link_dep
nghttp2_stream_dep_insert_subtree->link_sib
nghttp2_stream_dep_insert_subtree->stream_last_sib
nghttp2_frame_pack_settings_payload->nghttp2_put_uint16be
nghttp2_frame_pack_settings_payload->nghttp2_put_uint32be
lookup_token->memeq
nghttp2_session_upgrade2->__assert_fail
nghttp2_session_upgrade2->nghttp2_session_get_stream
nghttp2_session_upgrade2->nghttp2_session_upgrade_internal
session_detect_idle_stream->nghttp2_session_is_my_stream_id
session_detect_idle_stream->session_is_new_peer_stream_id
nghttp2_buf_free->nghttp2_mem_free
nghttp2_map_free->nghttp2_mem_free
nghttp2_map_free->nghttp2_ksl_free
nghttp2_hd_inflate_hd_nv->__assert_fail
nghttp2_hd_inflate_hd_nv->nghttp2_buf_wrap_init
nghttp2_hd_inflate_hd_nv->hd_inflate_keep_free
nghttp2_hd_inflate_hd_nv->hd_context_shrink_table_size
nghttp2_hd_inflate_hd_nv->hd_inflate_read_len
nghttp2_hd_inflate_hd_nv->get_max_index
nghttp2_hd_inflate_hd_nv->hd_inflate_commit_indexed
nghttp2_hd_inflate_hd_nv->hd_inflate_set_huffman_encoded
nghttp2_hd_inflate_hd_nv->hd_inflate_read_huff
nghttp2_hd_inflate_hd_nv->hd_inflate_read
nghttp2_hd_inflate_hd_nv->hd_inflate_commit_newname
nghttp2_hd_inflate_hd_nv->hd_inflate_commit_indname
nghttp2_hd_inflate_hd_nv->nghttp2_hd_huff_decode_context_init
nghttp2_hd_inflate_hd_nv->nghttp2_rcbuf_new
nghttp2_submit_window_update->nghttp2_session_get_stream
nghttp2_submit_window_update->nghttp2_session_add_window_update
nghttp2_submit_window_update->nghttp2_adjust_local_window_size
nghttp2_session_on_data_received->nghttp2_stream_shutdown
nghttp2_session_on_data_received->nghttp2_is_fatal
nghttp2_session_on_data_received->nghttp2_session_get_stream
nghttp2_session_on_data_received->nghttp2_session_add_rst_stream
nghttp2_session_on_data_received->nghttp2_session_close_stream_if_shut_rdwr
nghttp2_session_on_data_received->session_enforce_http_messaging
nghttp2_session_on_data_received->session_call_on_frame_received
nghttp2_session_on_data_received->nghttp2_http_on_remote_end_stream
nghttp2_session_check_request_allowed->session_is_closing
stream_obq_push->nghttp2_pq_push
stream_obq_push->stream_next_cycle
nghttp2_cpymem->llvm.memcpy.p0i8.p0i8.i64
session_process_origin_frame->nghttp2_frame_unpack_origin_payload
session_process_origin_frame->nghttp2_is_fatal
session_process_origin_frame->nghttp2_session_on_origin_received
nghttp2_session_pack_data->__assert_fail
nghttp2_session_pack_data->nghttp2_frame_pack_frame_hd
nghttp2_session_pack_data->nghttp2_frame_add_pad
nghttp2_session_pack_data->nghttp2_bufs_realloc
nghttp2_session_pack_data->nghttp2_is_fatal
nghttp2_session_pack_data->session_call_select_padding
nghttp2_session_pack_data->nghttp2_session_enforce_flow_control_limits
nghttp2_session_pack_data->reschedule_stream
nghttp2_stream_dep_add_subtree->stream_obq_push
nghttp2_stream_dep_add_subtree->validate_tree
nghttp2_stream_dep_add_subtree->stream_subtree_active
nghttp2_stream_dep_add_subtree->link_dep
nghttp2_stream_dep_add_subtree->insert_link_dep
nghttp2_session_get_stream_local_close->nghttp2_session_get_stream
session_handle_invalid_connection->nghttp2_session_terminate_session_with_reason
session_handle_invalid_connection->get_error_code_from_lib_error_code
nghttp2_map_each_free->__assert_fail
nghttp2_map_each_free->llvm.memcpy.p0i8.p0i8.i64
nghttp2_map_each_free->free_streams
nghttp2_map_each_free->nghttp2_mem_free
nghttp2_map_each_free->nghttp2_ksl_free
nghttp2_map_each_free->nghttp2_ksl_len
nghttp2_map_each_free->nghttp2_ksl_begin
nghttp2_map_each_free->nghttp2_ksl_it_get
nghttp2_mem_malloc->less
nghttp2_mem_malloc->stream_less
nghttp2_mem_malloc->default_malloc
nghttp2_mem_malloc->default_free
hd_inflate_read_len->decode_length
nghttp2_session_set_local_window_size->nghttp2_session_get_stream
nghttp2_session_set_local_window_size->nghttp2_session_update_recv_connection_window_size
nghttp2_session_set_local_window_size->nghttp2_session_update_recv_stream_window_size
nghttp2_session_set_local_window_size->nghttp2_session_add_window_update
nghttp2_session_set_local_window_size->nghttp2_adjust_local_window_size
nghttp2_session_set_local_window_size->nghttp2_increase_local_window_size
nghttp2_session_mem_recv->__assert_fail
nghttp2_session_mem_recv->nghttp2_frame_unpack_frame_hd
nghttp2_session_mem_recv->nghttp2_frame_trail_padlen
nghttp2_session_mem_recv->nghttp2_frame_priority_len
nghttp2_session_mem_recv->memcmp
nghttp2_session_mem_recv->nghttp2_buf_wrap_init
nghttp2_session_mem_recv->nghttp2_is_fatal
nghttp2_session_mem_recv->nghttp2_session_get_stream
nghttp2_session_mem_recv->nghttp2_session_terminate_session_with_reason
nghttp2_session_mem_recv->session_inbound_frame_reset
nghttp2_session_mem_recv->check_ext_type_set
nghttp2_session_mem_recv->nghttp2_session_add_rst_stream
nghttp2_session_mem_recv->nghttp2_session_adjust_idle_stream
nghttp2_session_mem_recv->nghttp2_session_want_read
nghttp2_session_mem_recv->session_update_connection_consumed_size
nghttp2_session_mem_recv->nghttp2_session_update_recv_connection_window_size
nghttp2_session_mem_recv->nghttp2_session_update_recv_stream_window_size
nghttp2_session_mem_recv->session_enforce_http_messaging
nghttp2_session_mem_recv->inbound_frame_buf_read
nghttp2_session_mem_recv->session_call_error_callback
nghttp2_session_mem_recv->session_on_data_received_fail_fast
nghttp2_session_mem_recv->inbound_frame_handle_pad
nghttp2_session_mem_recv->inbound_frame_set_mark
nghttp2_session_mem_recv->session_call_on_begin_frame
nghttp2_session_mem_recv->session_process_headers_frame
nghttp2_session_mem_recv->inbound_frame_compute_pad
nghttp2_session_mem_recv->session_process_priority_frame
nghttp2_session_mem_recv->session_process_rst_stream_frame
nghttp2_session_mem_recv->session_process_push_promise_frame
nghttp2_session_mem_recv->session_process_ping_frame
nghttp2_session_mem_recv->session_process_window_update_frame
nghttp2_session_mem_recv->inbound_frame_payload_readlen
nghttp2_session_mem_recv->inbound_frame_effective_readlen
nghttp2_session_mem_recv->inflate_header_block
nghttp2_session_mem_recv->session_after_header_block_received
nghttp2_session_mem_recv->session_handle_frame_size_error
nghttp2_session_mem_recv->inbound_frame_set_settings_entry
nghttp2_session_mem_recv->session_process_settings_frame
nghttp2_session_mem_recv->session_process_goaway_frame
nghttp2_session_mem_recv->nghttp2_session_consume
nghttp2_session_mem_recv->session_process_data_frame
nghttp2_session_mem_recv->session_call_on_extension_chunk_recv_callback
nghttp2_session_mem_recv->session_process_extension_frame
nghttp2_session_mem_recv->session_process_altsvc_frame
nghttp2_session_mem_recv->session_process_origin_frame
nghttp2_session_mem_recv->nghttp2_get_uint16
nghttp2_session_mem_recv->nghttp2_cpymem
nghttp2_session_mem_recv->nghttp2_mem_malloc
nghttp2_session_mem_recv->nghttp2_http_on_data_chunk
session_is_closing->nghttp2_session_want_read
session_is_closing->nghttp2_session_want_write
session_predicate_request_headers_send->session_is_closing
nghttp2_stream_dep_remove_subtree->__assert_fail
nghttp2_stream_dep_remove_subtree->validate_tree
nghttp2_stream_dep_remove_subtree->stream_obq_remove
nghttp2_stream_dep_remove_subtree->link_dep
nghttp2_stream_dep_remove_subtree->link_sib
nghttp2_frame_unpack_settings_entry->nghttp2_get_uint16
nghttp2_frame_unpack_settings_entry->nghttp2_get_uint32
hd_deflate_decide_indexing->entry_room
nghttp2_session_get_stream_remote_close->nghttp2_session_get_stream
nghttp2_session_on_response_headers_received->__assert_fail
nghttp2_session_on_response_headers_received->nghttp2_session_is_my_stream_id
nghttp2_session_on_response_headers_received->session_inflate_handle_invalid_connection
nghttp2_session_on_response_headers_received->session_call_on_begin_headers
session_is_new_peer_stream_id->nghttp2_session_is_my_stream_id
nghttp2_mem_free->less
nghttp2_mem_free->stream_less
nghttp2_mem_free->default_malloc
nghttp2_mem_free->default_free
nghttp2_submit_altsvc->nghttp2_frame_altsvc_init
nghttp2_submit_altsvc->nghttp2_frame_altsvc_free
nghttp2_submit_altsvc->nghttp2_outbound_item_init
nghttp2_submit_altsvc->nghttp2_session_add_item
nghttp2_submit_altsvc->free
nghttp2_submit_altsvc->nghttp2_cpymem
nghttp2_submit_altsvc->nghttp2_mem_malloc
nghttp2_submit_altsvc->nghttp2_mem_free
inbound_frame_buf_read->nghttp2_cpymem
nghttp2_session_want_read->session_get_num_active_streams
nghttp2_stream_detach_item->stream_update_dep_on_detach_item
nghttp2_frame_goaway_init->nghttp2_frame_hd_init
nghttp2_select_next_protocol->select_next_protocol
session_end_stream_headers_received->nghttp2_stream_shutdown
session_end_stream_headers_received->nghttp2_is_fatal
session_end_stream_headers_received->nghttp2_session_close_stream_if_shut_rdwr
nghttp2_frame_unpack_settings_payload2->nghttp2_frame_unpack_settings_entry
nghttp2_frame_unpack_settings_payload2->nghttp2_mem_malloc
search_hd_table->llvm.memcpy.p0i8.p0i8.i64
search_hd_table->hd_map_find
search_hd_table->search_static_table
nghttp2_session_consume_connection->nghttp2_is_fatal
nghttp2_session_consume_connection->session_update_connection_consumed_size
nghttp2_session_on_push_response_headers_received->__assert_fail
nghttp2_session_on_push_response_headers_received->nghttp2_stream_promise_fulfilled
nghttp2_session_on_push_response_headers_received->nghttp2_session_is_my_stream_id
nghttp2_session_on_push_response_headers_received->session_inflate_handle_invalid_connection
nghttp2_session_on_push_response_headers_received->session_is_incoming_concurrent_streams_max
nghttp2_session_on_push_response_headers_received->session_allow_incoming_new_stream
nghttp2_session_on_push_response_headers_received->session_is_incoming_concurrent_streams_pending_max
nghttp2_session_on_push_response_headers_received->session_inflate_handle_invalid_stream
nghttp2_session_on_push_response_headers_received->session_call_on_begin_headers
nghttp2_session_terminate_session2->session_terminate_session
nghttp2_bufs_init3->buf_chain_new
nghttp2_map_each->__assert_fail
nghttp2_map_each->llvm.memcpy.p0i8.p0i8.i64
nghttp2_map_each->find_stream_on_goaway_func
nghttp2_map_each->update_local_initial_window_size_func
nghttp2_map_each->update_remote_initial_window_size_func
nghttp2_map_each->nghttp2_ksl_len
nghttp2_map_each->nghttp2_ksl_begin
nghttp2_map_each->nghttp2_ksl_it_get
nghttp2_mem_free2->less
nghttp2_mem_free2->stream_less
nghttp2_mem_free2->default_malloc
nghttp2_mem_free2->default_free
hd_inflate_commit_indexed->nghttp2_hd_table_get
hd_inflate_commit_indexed->emit_header
session_call_error_callback->llvm.va_start
session_call_error_callback->vsnprintf
session_call_error_callback->llvm.va_end
session_call_error_callback->nghttp2_mem_malloc
session_call_error_callback->nghttp2_mem_free
nghttp2_session_want_write->nghttp2_pq_empty
nghttp2_session_want_write->session_is_outgoing_concurrent_streams_max
stream_update_dep_on_detach_item->nghttp2_pq_empty
stream_update_dep_on_detach_item->validate_tree
stream_update_dep_on_detach_item->stream_obq_remove
nghttp2_frame_goaway_free->nghttp2_mem_free
nghttp2_ksl_init->nghttp2_mem_malloc
nghttp2_ksl_init->ksl_nodelen
nghttp2_ksl_init->ksl_blklen
select_next_protocol->memcmp
session_predicate_push_response_headers_send->__assert_fail
session_predicate_push_response_headers_send->session_predicate_for_stream_send
nghttp2_stream_next_outbound_item->nghttp2_pq_top
nghttp2_stream_next_outbound_item->stream_active
nghttp2_frame_pack_push_promise->__assert_fail
nghttp2_frame_pack_push_promise->frame_pack_headers_shared
nghttp2_frame_pack_push_promise->nghttp2_bufs_len
nghttp2_frame_pack_push_promise->nghttp2_put_uint32be
nghttp2_frame_pack_push_promise->nghttp2_hd_deflate_hd_bufs
emit_indexed_block->nghttp2_bufs_add
emit_indexed_block->count_encoded_length
emit_indexed_block->encode_length
nghttp2_session_consume_stream->nghttp2_is_fatal
nghttp2_session_consume_stream->nghttp2_session_get_stream
nghttp2_session_consume_stream->session_update_stream_consumed_size
nghttp2_session_on_headers_received->nghttp2_session_is_my_stream_id
nghttp2_session_on_headers_received->session_inflate_handle_invalid_connection
nghttp2_session_on_headers_received->session_call_on_begin_headers
nghttp2_session_terminate_session_with_reason->session_terminate_session
buf_chain_new->nghttp2_buf_init2
buf_chain_new->nghttp2_mem_malloc
buf_chain_new->nghttp2_mem_free
nghttp2_mem_calloc->default_calloc
nghttp2_mem_calloc->default_realloc
nghttp2_submit_origin->__assert_fail
nghttp2_submit_origin->nghttp2_frame_origin_init
nghttp2_submit_origin->nghttp2_frame_origin_free
nghttp2_submit_origin->nghttp2_outbound_item_init
nghttp2_submit_origin->nghttp2_session_add_item
nghttp2_submit_origin->free
nghttp2_submit_origin->nghttp2_cpymem
nghttp2_submit_origin->nghttp2_mem_malloc
nghttp2_submit_origin->nghttp2_mem_free
session_on_data_received_fail_fast->nghttp2_is_fatal
session_on_data_received_fail_fast->nghttp2_session_is_my_stream_id
session_on_data_received_fail_fast->nghttp2_session_get_stream
session_on_data_received_fail_fast->nghttp2_session_get_stream_raw
session_on_data_received_fail_fast->session_detect_idle_stream
session_on_data_received_fail_fast->nghttp2_session_terminate_session_with_reason
stream_obq_remove->nghttp2_pq_remove
stream_obq_remove->__assert_fail
stream_obq_remove->stream_subtree_active
nghttp2_frame_window_update_init->nghttp2_frame_hd_init
nghttp2_hd_entry_init->llvm.memcpy.p0i8.p0i8.i64
nghttp2_hd_entry_init->nghttp2_rcbuf_incref
session_predicate_response_headers_send->__assert_fail
session_predicate_response_headers_send->nghttp2_session_is_my_stream_id
session_predicate_response_headers_send->session_predicate_for_stream_send
nghttp2_frame_unpack_push_promise_payload->nghttp2_get_uint32
add_hd_table_incremental->nghttp2_hd_entry_init
add_hd_table_incremental->nghttp2_hd_entry_free
add_hd_table_incremental->hd_ringbuf_get
add_hd_table_incremental->entry_room
add_hd_table_incremental->hd_ringbuf_pop_back
add_hd_table_incremental->hd_map_remove
add_hd_table_incremental->hd_ringbuf_push_front
add_hd_table_incremental->hd_map_insert
add_hd_table_incremental->nghttp2_mem_malloc
add_hd_table_incremental->nghttp2_mem_free
nghttp2_session_on_priority_received->nghttp2_is_fatal
nghttp2_session_on_priority_received->nghttp2_session_open_stream
nghttp2_session_on_priority_received->nghttp2_session_get_stream_raw
nghttp2_session_on_priority_received->session_detect_idle_stream
nghttp2_session_on_priority_received->nghttp2_session_terminate_session_with_reason
nghttp2_session_on_priority_received->nghttp2_session_reprioritize_stream
nghttp2_session_on_priority_received->nghttp2_session_adjust_idle_stream
nghttp2_session_on_priority_received->session_handle_invalid_connection
nghttp2_session_on_priority_received->session_call_on_frame_received
nghttp2_session_client_new->nghttp2_session_client_new3
nghttp2_bufs_realloc->buf_chain_new
nghttp2_bufs_realloc->nghttp2_bufs_free
nghttp2_map_insert->map_resize
nghttp2_map_insert->map_insert
nghttp2_mem_realloc->default_calloc
nghttp2_mem_realloc->default_realloc
hd_inflate_read_huff->nghttp2_hd_huff_decode
hd_inflate_read_huff->nghttp2_hd_huff_decode_failure_state
nghttp2_submit_request->submit_headers_shared_nva
nghttp2_submit_request->detect_self_dependency
nghttp2_submit_request->set_request_flags
nghttp2_submit_request->nghttp2_priority_spec_check_default
inbound_frame_handle_pad->inbound_frame_set_mark
session_get_num_active_streams->nghttp2_map_size
stream_subtree_active->nghttp2_pq_empty
stream_subtree_active->stream_active
nghttp2_hd_entry_free->nghttp2_rcbuf_decref
session_predicate_headers_send->__assert_fail
session_predicate_headers_send->nghttp2_session_is_my_stream_id
session_predicate_headers_send->session_predicate_for_stream_send
nghttp2_frame_pack_ping->__assert_fail
nghttp2_frame_pack_ping->nghttp2_frame_pack_frame_hd
nghttp2_frame_pack_ping->nghttp2_cpymem
emit_newname_block->nghttp2_bufs_addb
emit_newname_block->pack_first_byte
emit_newname_block->emit_string
nghttp2_session_client_new3->session_new
nghttp2_bufs_free->buf_chain_del
map_resize->__assert_fail
map_resize->llvm.memcpy.p0i8.p0i8.i64
map_resize->map_insert
map_resize->nghttp2_mem_free
map_resize->nghttp2_mem_calloc
map_resize->nghttp2_ksl_free
map_resize->nghttp2_ksl_len
map_resize->nghttp2_ksl_begin
map_resize->nghttp2_ksl_it_get
nghttp2_http_on_header->__assert_fail
nghttp2_http_on_header->nghttp2_check_header_name
nghttp2_http_on_header->nghttp2_check_header_value
nghttp2_http_on_header->nghttp2_check_authority
nghttp2_http_on_header->check_scheme
nghttp2_http_on_header->http_request_on_header
nghttp2_http_on_header->http_response_on_header
hd_inflate_read->nghttp2_cpymem
inbound_frame_set_mark->nghttp2_buf_reset
nghttp2_session_pop_next_ob_item->nghttp2_stream_next_outbound_item
nghttp2_session_pop_next_ob_item->nghttp2_outbound_queue_pop
nghttp2_session_pop_next_ob_item->session_is_outgoing_concurrent_streams_max
nghttp2_ksl_free->ksl_free_blk
nghttp2_hd_deflate_init2->hd_context_init
nghttp2_hd_deflate_init2->hd_map_init
session_estimate_headers_payload->nghttp2_hd_deflate_bound
nghttp2_frame_unpack_ping_payload->llvm.memcpy.p0i8.p0i8.i64
emit_indname_block->nghttp2_bufs_add
emit_indname_block->count_encoded_length
emit_indname_block->pack_first_byte
emit_indname_block->encode_length
emit_indname_block->emit_string
nghttp2_session_on_rst_stream_received->nghttp2_stream_shutdown
nghttp2_session_on_rst_stream_received->nghttp2_is_fatal
nghttp2_session_on_rst_stream_received->nghttp2_session_get_stream
nghttp2_session_on_rst_stream_received->session_detect_idle_stream
nghttp2_session_on_rst_stream_received->nghttp2_session_close_stream
nghttp2_session_on_rst_stream_received->session_handle_invalid_connection
nghttp2_session_on_rst_stream_received->session_call_on_frame_received
session_new->nghttp2_map_init
session_new->nghttp2_map_free
session_new->llvm.memcpy.p0i8.p0i8.i64
session_new->nghttp2_bufs_init3
session_new->nghttp2_bufs_add
session_new->nghttp2_stream_init
session_new->init_settings
session_new->active_outbound_item_reset
session_new->session_inbound_frame_reset
session_new->nghttp2_hd_deflate_init2
session_new->nghttp2_hd_inflate_init
session_new->nghttp2_hd_deflate_free
session_new->nghttp2_hd_inflate_free
session_new->nghttp2_mem_default
session_new->nghttp2_mem_free
session_new->nghttp2_mem_calloc
buf_chain_del->nghttp2_buf_free
buf_chain_del->nghttp2_mem_free
map_insert->hash
map_insert->nghttp2_mem_malloc
map_insert->nghttp2_ksl_init
map_insert->nghttp2_ksl_insert
map_insert->nghttp2_ksl_len
hd_inflate_commit_newname->lookup_token
hd_inflate_commit_newname->add_hd_table_incremental
hd_inflate_commit_newname->emit_header
nghttp2_submit_response->submit_headers_shared_nva
nghttp2_submit_response->set_response_flags
nghttp2_session_mem_send->__assert_fail
nghttp2_session_mem_send->nghttp2_is_fatal
nghttp2_session_mem_send->nghttp2_session_mem_send_internal
nghttp2_session_mem_send->session_after_frame_sent1
nghttp2_stream_defer_item->__assert_fail
nghttp2_stream_defer_item->stream_update_dep_on_detach_item
nghttp2_frame_data_init->nghttp2_frame_hd_init
ksl_free_blk->nghttp2_mem_free
ksl_free_blk->ksl_free_blk
nghttp2_option_new->calloc
hd_context_init->hd_ringbuf_init
session_headers_add_pad->nghttp2_frame_add_pad
session_headers_add_pad->nghttp2_is_fatal
session_headers_add_pad->session_call_select_padding
nghttp2_frame_pack_goaway->__assert_fail
nghttp2_frame_pack_goaway->nghttp2_frame_pack_frame_hd
nghttp2_frame_pack_goaway->nghttp2_bufs_add
nghttp2_frame_pack_goaway->nghttp2_put_uint32be
nghttp2_session_find_stream->nghttp2_session_get_stream_raw
nghttp2_session_update_local_settings->session_update_local_initial_window_size
nghttp2_session_update_local_settings->nghttp2_hd_inflate_change_table_size
nghttp2_bufs_wrap_init->nghttp2_buf_wrap_init
nghttp2_bufs_wrap_init->nghttp2_mem_malloc
http_request_on_header->memcmp
http_request_on_header->check_pseudo_header
http_request_on_header->parse_uint
http_request_on_header->memieq
hd_inflate_commit_indname->llvm.memcpy.p0i8.p0i8.i64
hd_inflate_commit_indname->nghttp2_hd_table_get
hd_inflate_commit_indname->add_hd_table_incremental
hd_inflate_commit_indname->emit_header
hd_inflate_commit_indname->nghttp2_rcbuf_incref
hd_inflate_commit_indname->nghttp2_rcbuf_decref
session_process_headers_frame->nghttp2_frame_unpack_headers_payload
session_process_headers_frame->nghttp2_session_is_my_stream_id
session_process_headers_frame->nghttp2_session_get_stream
session_process_headers_frame->nghttp2_session_terminate_session_with_reason
session_process_headers_frame->nghttp2_session_on_request_headers_received
session_process_headers_frame->nghttp2_session_on_response_headers_received
session_process_headers_frame->nghttp2_session_on_push_response_headers_received
session_process_headers_frame->nghttp2_session_on_headers_received
nghttp2_session_mem_send_internal->__assert_fail
nghttp2_session_mem_send_internal->nghttp2_stream_detach_item
nghttp2_session_mem_send_internal->nghttp2_outbound_item_free
nghttp2_session_mem_send_internal->nghttp2_is_fatal
nghttp2_session_mem_send_internal->nghttp2_session_terminate_session
nghttp2_session_mem_send_internal->nghttp2_session_get_stream
nghttp2_session_mem_send_internal->active_outbound_item_reset
nghttp2_session_mem_send_internal->nghttp2_session_add_rst_stream
nghttp2_session_mem_send_internal->nghttp2_session_close_stream
nghttp2_session_mem_send_internal->nghttp2_session_adjust_idle_stream
nghttp2_session_mem_send_internal->nghttp2_session_pop_next_ob_item
nghttp2_session_mem_send_internal->session_after_frame_sent1
nghttp2_session_mem_send_internal->session_prep_frame
nghttp2_session_mem_send_internal->is_non_fatal
nghttp2_session_mem_send_internal->session_call_before_frame_send
nghttp2_session_mem_send_internal->session_after_frame_sent2
nghttp2_session_mem_send_internal->session_call_send_data
nghttp2_session_mem_send_internal->nghttp2_mem_free
nghttp2_stream_resume_deferred_item->__assert_fail
nghttp2_stream_resume_deferred_item->stream_update_dep_on_attach_item
nghttp2_ksl_insert->llvm.memcpy.p0i8.p0i8.i64
nghttp2_ksl_insert->less
nghttp2_ksl_insert->stream_less
nghttp2_ksl_insert->default_malloc
nghttp2_ksl_insert->default_free
nghttp2_ksl_insert->ksl_split_head
nghttp2_ksl_insert->ksl_bsearch
nghttp2_ksl_insert->nghttp2_ksl_end
nghttp2_ksl_insert->ksl_insert_node
nghttp2_ksl_insert->nghttp2_ksl_it_init
nghttp2_ksl_insert->ksl_split_node
nghttp2_ksl_insert->ksl_node_set_key
hd_map_init->llvm.memset.p0i8.i64
session_predicate_push_promise_send->__assert_fail
session_predicate_push_promise_send->session_predicate_for_stream_send
nghttp2_frame_unpack_goaway_payload->nghttp2_get_uint32
pack_first_byte->__assert_fail
session_update_local_initial_window_size->nghttp2_map_each
active_outbound_item_reset->nghttp2_bufs_reset
active_outbound_item_reset->nghttp2_outbound_item_free
active_outbound_item_reset->nghttp2_mem_free
nghttp2_bufs_wrap_init2->nghttp2_buf_wrap_init
nghttp2_bufs_wrap_init2->nghttp2_bufs_wrap_init
nghttp2_bufs_wrap_init2->nghttp2_mem_malloc
http_response_on_header->check_pseudo_header
http_response_on_header->parse_uint
http_response_on_header->memieq
emit_header->llvm.memcpy.p0i8.p0i8.i64
nghttp2_submit_data->llvm.memcpy.p0i8.p0i8.i64
nghttp2_submit_data->nghttp2_frame_data_init
nghttp2_submit_data->nghttp2_frame_data_free
nghttp2_submit_data->nghttp2_outbound_item_init
nghttp2_submit_data->nghttp2_session_add_item
nghttp2_submit_data->nghttp2_mem_malloc
nghttp2_submit_data->nghttp2_mem_free
session_after_frame_sent1->__assert_fail
session_after_frame_sent1->nghttp2_bufs_next_present
session_after_frame_sent1->nghttp2_stream_shutdown
session_after_frame_sent1->nghttp2_stream_detach_item
session_after_frame_sent1->nghttp2_is_fatal
session_after_frame_sent1->nghttp2_session_get_stream
session_after_frame_sent1->nghttp2_session_open_stream
session_after_frame_sent1->nghttp2_session_get_stream_raw
session_after_frame_sent1->session_detect_idle_stream
session_after_frame_sent1->nghttp2_session_reprioritize_stream
session_after_frame_sent1->nghttp2_session_close_stream
session_after_frame_sent1->nghttp2_session_adjust_idle_stream
session_after_frame_sent1->nghttp2_session_close_stream_if_shut_rdwr
session_after_frame_sent1->session_call_on_frame_send
session_after_frame_sent1->session_close_stream_on_goaway
session_after_frame_sent1->session_update_connection_consumed_size
session_after_frame_sent1->nghttp2_session_update_recv_connection_window_size
session_after_frame_sent1->session_update_stream_consumed_size
session_after_frame_sent1->nghttp2_session_update_recv_stream_window_size
session_after_frame_sent1->nghttp2_submit_data
nghttp2_frame_extension_init->nghttp2_frame_hd_init
ksl_split_head->nghttp2_mem_malloc
ksl_split_head->nghttp2_mem_free
ksl_split_head->ksl_blklen
ksl_split_head->ksl_node_set_key
ksl_split_head->ksl_split_blk
nghttp2_option_del->free
hd_ringbuf_init->nghttp2_mem_malloc
nghttp2_session_recv->__assert_fail
nghttp2_session_recv->nghttp2_session_mem_recv
nghttp2_session_recv->session_recv
session_predicate_window_update_send->nghttp2_session_get_stream
session_predicate_window_update_send->session_is_closing
session_predicate_window_update_send->state_reserved_local
nghttp2_frame_pack_window_update->__assert_fail
nghttp2_frame_pack_window_update->nghttp2_frame_pack_frame_hd
nghttp2_frame_pack_window_update->nghttp2_put_uint32be
update_local_initial_window_size_func->nghttp2_stream_update_local_initial_window_size
update_local_initial_window_size_func->nghttp2_session_add_rst_stream
update_local_initial_window_size_func->nghttp2_session_add_window_update
update_local_initial_window_size_func->nghttp2_should_send_window_update
session_inbound_frame_reset->nghttp2_frame_headers_free
session_inbound_frame_reset->nghttp2_frame_priority_free
session_inbound_frame_reset->nghttp2_frame_rst_stream_free
session_inbound_frame_reset->nghttp2_frame_settings_free
session_inbound_frame_reset->nghttp2_frame_push_promise_free
session_inbound_frame_reset->llvm.memset.p0i8.i64
session_inbound_frame_reset->nghttp2_frame_ping_free
session_inbound_frame_reset->nghttp2_frame_goaway_free
session_inbound_frame_reset->nghttp2_frame_window_update_free
session_inbound_frame_reset->nghttp2_frame_extension_free
session_inbound_frame_reset->nghttp2_frame_altsvc_free
session_inbound_frame_reset->nghttp2_frame_origin_free
session_inbound_frame_reset->nghttp2_buf_free
session_inbound_frame_reset->nghttp2_buf_wrap_init
session_inbound_frame_reset->check_ext_type_set
session_inbound_frame_reset->nghttp2_mem_free
nghttp2_bufs_wrap_free->nghttp2_mem_free
nghttp2_map_find->llvm.memcpy.p0i8.p0i8.i64
nghttp2_map_find->hash
nghttp2_map_find->nghttp2_ksl_lower_bound
nghttp2_map_find->nghttp2_ksl_it_get
check_pseudo_header->lws
nghttp2_pack_settings_payload->nghttp2_frame_pack_settings_payload
nghttp2_pack_settings_payload->nghttp2_iv_check
session_process_priority_frame->nghttp2_frame_unpack_priority_payload
session_process_priority_frame->nghttp2_session_on_priority_received
ksl_bsearch->less
ksl_bsearch->stream_less
ksl_bsearch->default_malloc
ksl_bsearch->default_free
nghttp2_hd_inflate_init->nghttp2_buf_init
nghttp2_hd_inflate_init->hd_context_init
session_pack_extension->__assert_fail
session_pack_extension->nghttp2_frame_pack_frame_hd
nghttp2_frame_unpack_window_update_payload->nghttp2_get_uint32
emit_string->__assert_fail
emit_string->nghttp2_bufs_add
emit_string->count_encoded_length
emit_string->encode_length
emit_string->nghttp2_hd_huff_encode_count
emit_string->nghttp2_hd_huff_encode
nghttp2_session_change_stream_priority->llvm.memcpy.p0i8.p0i8.i64
nghttp2_session_change_stream_priority->nghttp2_is_fatal
nghttp2_session_change_stream_priority->nghttp2_session_get_stream_raw
nghttp2_session_change_stream_priority->nghttp2_session_reprioritize_stream
nghttp2_session_change_stream_priority->nghttp2_priority_spec_normalize_weight
nghttp2_session_on_settings_received->nghttp2_is_fatal
nghttp2_session_on_settings_received->inflight_settings_del
nghttp2_session_on_settings_received->session_is_closing
nghttp2_session_on_settings_received->session_handle_invalid_connection
nghttp2_session_on_settings_received->session_call_on_frame_received
nghttp2_session_on_settings_received->nghttp2_session_update_local_settings
nghttp2_session_on_settings_received->session_update_remote_initial_window_size
nghttp2_session_on_settings_received->nghttp2_session_add_settings
nghttp2_session_on_settings_received->nghttp2_hd_deflate_change_table_size
nghttp2_map_remove->hash
nghttp2_map_remove->nghttp2_ksl_remove
nghttp2_hd_inflate_end_headers->hd_inflate_keep_free
nghttp2_submit_extension->nghttp2_frame_extension_init
nghttp2_submit_extension->nghttp2_frame_extension_free
nghttp2_submit_extension->nghttp2_outbound_item_init
nghttp2_submit_extension->nghttp2_session_add_item
nghttp2_submit_extension->nghttp2_mem_malloc
nghttp2_submit_extension->nghttp2_mem_free
session_process_rst_stream_frame->nghttp2_frame_unpack_rst_stream_payload
session_process_rst_stream_frame->nghttp2_session_on_rst_stream_received
session_close_stream_on_goaway->__assert_fail
session_close_stream_on_goaway->nghttp2_map_each
session_close_stream_on_goaway->nghttp2_is_fatal
session_close_stream_on_goaway->nghttp2_session_close_stream
nghttp2_stream_update_remote_initial_window_size->update_initial_window_size
nghttp2_frame_altsvc_init->nghttp2_frame_hd_init
nghttp2_ksl_end->nghttp2_ksl_it_init
nghttp2_hd_deflate_free->hd_context_free
nghttp2_session_get_stream_user_data->nghttp2_session_get_stream
session_predicate_altsvc_send->nghttp2_session_get_stream
session_predicate_altsvc_send->session_is_closing
nghttp2_frame_pack_altsvc->__assert_fail
nghttp2_frame_pack_altsvc->nghttp2_frame_pack_frame_hd
nghttp2_frame_pack_altsvc->nghttp2_bufs_add
nghttp2_frame_pack_altsvc->nghttp2_put_uint16be
hd_ringbuf_push_front->hd_ringbuf_reserve
nghttp2_session_create_idle_stream->llvm.memcpy.p0i8.p0i8.i64
nghttp2_session_create_idle_stream->nghttp2_session_open_stream
nghttp2_session_create_idle_stream->nghttp2_session_get_stream_raw
nghttp2_session_create_idle_stream->session_detect_idle_stream
nghttp2_session_create_idle_stream->nghttp2_priority_spec_normalize_weight
session_update_remote_initial_window_size->nghttp2_map_each
nghttp2_session_client_new2->nghttp2_session_client_new3
nghttp2_bufs_add->bufs_alloc_chain
nghttp2_bufs_add->nghttp2_cpymem
memieq->downcase
nghttp2_hd_inflate_new->nghttp2_hd_inflate_new2
nghttp2_put_uint16be->llvm.memcpy.p0i8.p0i8.i64
nghttp2_put_uint16be->htons
session_process_push_promise_frame->nghttp2_frame_unpack_push_promise_payload
session_process_push_promise_frame->nghttp2_session_terminate_session_with_reason
session_process_push_promise_frame->nghttp2_session_on_push_promise_received
session_update_connection_consumed_size->session_update_consumed_size
nghttp2_frame_altsvc_free->nghttp2_mem_free
ksl_insert_node->__assert_fail
ksl_insert_node->llvm.memmove.p0i8.p0i8.i64
ksl_insert_node->ksl_node_set_key
hd_context_free->hd_ringbuf_free
nghttp2_session_set_stream_user_data->__assert_fail
nghttp2_session_set_stream_user_data->nghttp2_session_is_my_stream_id
nghttp2_session_set_stream_user_data->nghttp2_session_get_stream
session_predicate_origin_send->session_is_closing
nghttp2_outbound_item_init->llvm.memset.p0i8.i64
nghttp2_session_get_hd_inflate_dynamic_table_size->nghttp2_hd_inflate_get_dynamic_table_size
nghttp2_session_add_settings->__assert_fail
nghttp2_session_add_settings->nghttp2_frame_settings_init
nghttp2_session_add_settings->nghttp2_frame_settings_free
nghttp2_session_add_settings->nghttp2_frame_iv_copy
nghttp2_session_add_settings->nghttp2_iv_check
nghttp2_session_add_settings->nghttp2_outbound_item_init
nghttp2_session_add_settings->nghttp2_is_fatal
nghttp2_session_add_settings->nghttp2_session_add_item
nghttp2_session_add_settings->inflight_settings_del
nghttp2_session_add_settings->inflight_settings_new
nghttp2_session_add_settings->session_append_inflight_settings
nghttp2_session_add_settings->nghttp2_mem_malloc
nghttp2_session_add_settings->nghttp2_mem_free
nghttp2_session_server_new->nghttp2_session_server_new3
bufs_alloc_chain->buf_chain_new
nghttp2_frame_pack_frame_hd->nghttp2_put_uint32be
nghttp2_hd_inflate_new2->nghttp2_hd_inflate_init
nghttp2_hd_inflate_new2->nghttp2_mem_default
nghttp2_hd_inflate_new2->nghttp2_mem_malloc
nghttp2_hd_inflate_new2->nghttp2_mem_free
session_process_ping_frame->nghttp2_frame_unpack_ping_payload
session_process_ping_frame->nghttp2_session_on_ping_received
nghttp2_session_update_recv_connection_window_size->nghttp2_session_terminate_session
nghttp2_session_update_recv_connection_window_size->adjust_recv_window_size
nghttp2_session_update_recv_connection_window_size->nghttp2_session_add_window_update
nghttp2_session_update_recv_connection_window_size->nghttp2_should_send_window_update
nghttp2_stream_update_local_initial_window_size->update_initial_window_size
nghttp2_frame_origin_init->nghttp2_frame_hd_init
hd_ringbuf_free->nghttp2_hd_entry_free
hd_ringbuf_free->hd_ringbuf_get
hd_ringbuf_free->nghttp2_mem_free
nghttp2_session_resume_data->nghttp2_stream_resume_deferred_item
nghttp2_session_resume_data->nghttp2_stream_check_deferred_item
nghttp2_session_resume_data->nghttp2_is_fatal
nghttp2_session_resume_data->nghttp2_session_get_stream
state_reserved_local->nghttp2_session_is_my_stream_id
nghttp2_outbound_item_free->__assert_fail
nghttp2_outbound_item_free->nghttp2_frame_headers_free
nghttp2_outbound_item_free->nghttp2_frame_priority_free
nghttp2_outbound_item_free->nghttp2_frame_rst_stream_free
nghttp2_outbound_item_free->nghttp2_frame_settings_free
nghttp2_outbound_item_free->nghttp2_frame_push_promise_free
nghttp2_outbound_item_free->nghttp2_frame_ping_free
nghttp2_outbound_item_free->nghttp2_frame_goaway_free
nghttp2_outbound_item_free->nghttp2_frame_window_update_free
nghttp2_outbound_item_free->nghttp2_frame_data_free
nghttp2_outbound_item_free->nghttp2_frame_extension_free
nghttp2_outbound_item_free->nghttp2_frame_altsvc_free
nghttp2_outbound_item_free->nghttp2_frame_origin_free
nghttp2_frame_pack_origin->__assert_fail
nghttp2_frame_pack_origin->nghttp2_frame_pack_frame_hd
nghttp2_frame_pack_origin->nghttp2_put_uint16be
nghttp2_frame_pack_origin->nghttp2_cpymem
hd_ringbuf_reserve->hd_ringbuf_get
hd_ringbuf_reserve->nghttp2_mem_malloc
hd_ringbuf_reserve->nghttp2_mem_free
nghttp2_session_get_hd_deflate_dynamic_table_size->nghttp2_hd_deflate_get_dynamic_table_size
inflight_settings_new->nghttp2_frame_iv_copy
inflight_settings_new->nghttp2_mem_malloc
inflight_settings_new->nghttp2_mem_free
nghttp2_session_server_new3->session_new
nghttp2_bufs_addb->bufs_ensure_addb
nghttp2_frame_unpack_frame_hd->nghttp2_get_uint32
nghttp2_hd_inflate_del->nghttp2_hd_inflate_free
nghttp2_hd_inflate_del->nghttp2_mem_free
nghttp2_put_uint32be->llvm.memcpy.p0i8.p0i8.i64
nghttp2_put_uint32be->htonl
session_process_window_update_frame->nghttp2_frame_unpack_window_update_payload
session_process_window_update_frame->nghttp2_session_on_window_update_received
session_update_stream_consumed_size->session_update_consumed_size
nghttp2_frame_origin_free->nghttp2_mem_free
ksl_split_node->llvm.memmove.p0i8.p0i8.i64
ksl_split_node->ksl_node_set_key
ksl_split_node->ksl_split_blk
hd_ringbuf_get->__assert_fail
nghttp2_frame_unpack_origin_payload->nghttp2_get_uint16
nghttp2_frame_unpack_origin_payload->nghttp2_cpymem
nghttp2_frame_unpack_origin_payload->nghttp2_mem_malloc
hd_map_find->name_eq
hd_map_find->value_eq
nghttp2_session_server_new2->nghttp2_session_server_new3
bufs_ensure_addb->bufs_alloc_chain
nghttp2_http_on_request_headers->check_path
nghttp2_hd_deflate_get_num_table_entries->get_max_index
nghttp2_session_update_recv_stream_window_size->nghttp2_session_add_rst_stream
nghttp2_session_update_recv_stream_window_size->adjust_recv_window_size
nghttp2_session_update_recv_stream_window_size->nghttp2_session_add_window_update
nghttp2_session_update_recv_stream_window_size->nghttp2_should_send_window_update
ksl_node_set_key->llvm.memcpy.p0i8.p0i8.i64
nghttp2_option_set_user_recv_extension_type->set_ext_type
nghttp2_hd_inflate_free->hd_context_free
nghttp2_hd_inflate_free->hd_inflate_keep_free
nghttp2_hd_inflate_free->nghttp2_rcbuf_decref
nghttp2_session_get_stream_effective_recv_data_length->nghttp2_session_get_stream
nghttp2_frame_iv_copy->llvm.memcpy.p0i8.p0i8.i64
nghttp2_frame_iv_copy->nghttp2_mem_malloc
