libnet_get_hwaddr->libnet_select_device
libnet_get_hwaddr->snprintf
libnet_get_hwaddr->socket
libnet_get_hwaddr->__errno_location
libnet_get_hwaddr->strerror
libnet_get_hwaddr->snprintf
libnet_get_hwaddr->llvm.memset.p0i8.i64
libnet_get_hwaddr->strncpy
libnet_get_hwaddr->ioctl
libnet_get_hwaddr->close
libnet_get_hwaddr->__errno_location
libnet_get_hwaddr->strerror
libnet_get_hwaddr->snprintf
libnet_get_hwaddr->close
libnet_get_hwaddr->llvm.memcpy.p0i8.p0i8.i64
get_iface_index->strncpy
get_iface_index->ioctl
libnet_write_link->llvm.memset.p0i8.i64
libnet_write_link->get_iface_index
libnet_write_link->htons
libnet_write_link->sendto
libnet_write_link->__errno_location
libnet_write_link->strerror
libnet_write_link->snprintf
libnet_close_link->close
libnet_open_link->htons
libnet_open_link->socket
libnet_open_link->__errno_location
libnet_open_link->snprintf
libnet_open_link->__errno_location
libnet_open_link->strerror
libnet_open_link->snprintf
libnet_open_link->llvm.memset.p0i8.i64
libnet_open_link->strncpy
libnet_open_link->ioctl
libnet_open_link->__errno_location
libnet_open_link->strerror
libnet_open_link->snprintf
libnet_open_link->snprintf
libnet_open_link->setsockopt
libnet_open_link->__errno_location
libnet_open_link->strerror
libnet_open_link->snprintf
libnet_open_link->close
libnet_write_raw_ipv6->llvm.memset.p0i8.i64
libnet_write_raw_ipv6->llvm.memcpy.p0i8.p0i8.i64
libnet_write_raw_ipv6->sendto
libnet_write_raw_ipv6->__errno_location
libnet_write_raw_ipv6->strerror
libnet_write_raw_ipv6->snprintf
libnet_write_raw_ipv4->llvm.memset.p0i8.i64
libnet_write_raw_ipv4->sendto
libnet_write_raw_ipv4->__errno_location
libnet_write_raw_ipv4->strerror
libnet_write_raw_ipv4->snprintf
libnet_write->libnet_pblock_coalesce
libnet_write->snprintf
libnet_write->libnet_write_raw_ipv4
libnet_write->libnet_write_raw_ipv6
libnet_write->libnet_write_link
libnet_write->snprintf
libnet_write->free
libnet_hex_aton->__ctype_b_loc
libnet_hex_aton->malloc
libnet_hex_aton->strtol
libnet_hex_aton->free
libnet_hex_aton->__ctype_b_loc
libnet_hex_aton->free
libnet_get_ipaddr4->socket
libnet_get_ipaddr4->__errno_location
libnet_get_ipaddr4->strerror
libnet_get_ipaddr4->snprintf
libnet_get_ipaddr4->libnet_select_device
libnet_get_ipaddr4->close
libnet_get_ipaddr4->strncpy
libnet_get_ipaddr4->ioctl
libnet_get_ipaddr4->__errno_location
libnet_get_ipaddr4->strerror
libnet_get_ipaddr4->snprintf
libnet_get_ipaddr4->close
libnet_get_ipaddr4->close
libnet_get_ipaddr6->llvm.memcpy.p0i8.p0i8.i64
libnet_get_ipaddr6->getifaddrs
libnet_get_ipaddr6->__errno_location
libnet_get_ipaddr6->strerror
libnet_get_ipaddr6->snprintf
libnet_get_ipaddr6->llvm.memcpy.p0i8.p0i8.i64
libnet_get_ipaddr6->libnet_select_device
libnet_get_ipaddr6->llvm.memcpy.p0i8.p0i8.i64
libnet_get_ipaddr6->strcmp
libnet_get_ipaddr6->llvm.memcpy.p0i8.p0i8.i64
libnet_get_ipaddr6->freeifaddrs
libnet_get_ipaddr6->llvm.memcpy.p0i8.p0i8.i64
libnet_get_ipaddr6->freeifaddrs
libnet_get_ipaddr6->llvm.memcpy.p0i8.p0i8.i64
libnet_name2addr6->gethostbyname2
libnet_name2addr6->__errno_location
libnet_name2addr6->strerror
libnet_name2addr6->snprintf
libnet_name2addr6->llvm.memcpy.p0i8.p0i8.i64
libnet_name2addr6->llvm.memcpy.p0i8.p0i8.i64
libnet_name2addr6->llvm.memcpy.p0i8.p0i8.i64
libnet_name2addr6->inet_pton
libnet_name2addr6->snprintf
libnet_name2addr6->llvm.memcpy.p0i8.p0i8.i64
libnet_name2addr6->llvm.memcpy.p0i8.p0i8.i64
libnet_in6_is_error->memcmp
libnet_addr2name6_r->gethostbyaddr
libnet_addr2name6_r->inet_ntop
libnet_addr2name6_r->strncpy
libnet_name2addr4->inet_addr
libnet_name2addr4->gethostbyname
libnet_name2addr4->__h_errno_location
libnet_name2addr4->hstrerror
libnet_name2addr4->snprintf
libnet_name2addr4->llvm.memcpy.p0i8.p0i8.i64
libnet_name2addr4->__ctype_b_loc
libnet_name2addr4->snprintf
libnet_name2addr4->snprintf
libnet_name2addr4->ntohl
libnet_addr2name4_r->gethostbyaddr
libnet_addr2name4_r->snprintf
libnet_addr2name4_r->strncpy
libnet_addr2name4->gethostbyaddr
libnet_addr2name4->snprintf
libnet_addr2name4->strncpy
libnet_close_raw6->close
libnet_open_raw6->socket
libnet_open_raw6->__errno_location
libnet_open_raw6->strerror
libnet_open_raw6->snprintf
libnet_open_raw6->libnet_finish_setup_socket
libnet_close_raw4->close
libnet_finish_setup_socket->getsockopt
libnet_finish_setup_socket->__errno_location
libnet_finish_setup_socket->strerror
libnet_finish_setup_socket->snprintf
libnet_finish_setup_socket->setsockopt
libnet_finish_setup_socket->__errno_location
libnet_finish_setup_socket->__errno_location
libnet_finish_setup_socket->strerror
libnet_finish_setup_socket->snprintf
libnet_finish_setup_socket->setsockopt
libnet_finish_setup_socket->__errno_location
libnet_finish_setup_socket->strerror
libnet_finish_setup_socket->snprintf
libnet_finish_setup_socket->strlen
libnet_finish_setup_socket->setsockopt
libnet_finish_setup_socket->__errno_location
libnet_finish_setup_socket->strerror
libnet_finish_setup_socket->snprintf
libnet_open_raw4->socket
libnet_open_raw4->__errno_location
libnet_open_raw4->strerror
libnet_open_raw4->snprintf
libnet_open_raw4->setsockopt
libnet_open_raw4->__errno_location
libnet_open_raw4->strerror
libnet_open_raw4->snprintf
libnet_open_raw4->libnet_finish_setup_socket
libnet_get_prand->random
libnet_seed_prand->gettimeofday
libnet_seed_prand->snprintf
libnet_seed_prand->srandom
libnet_plist_chain_free->free
libnet_plist_chain_dump_string->llvm.memset.p0i8.i64
libnet_plist_chain_dump_string->snprintf
libnet_plist_chain_dump_string->snprintf
libnet_plist_chain_dump_string->snprintf
libnet_plist_chain_dump_string->strdup
libnet_plist_chain_dump->fprintf
libnet_plist_chain_dump->fprintf
libnet_plist_chain_dump->fprintf
libnet_plist_chain_new->llvm.memcpy.p0i8.p0i8.i64
libnet_plist_chain_new->snprintf
libnet_plist_chain_new->malloc
libnet_plist_chain_new->__errno_location
libnet_plist_chain_new->strerror
libnet_plist_chain_new->snprintf
libnet_plist_chain_new->realloc
libnet_plist_chain_new->__errno_location
libnet_plist_chain_new->strerror
libnet_plist_chain_new->snprintf
libnet_plist_chain_new->strtok
libnet_plist_chain_new->malloc
libnet_plist_chain_new->__errno_location
libnet_plist_chain_new->strerror
libnet_plist_chain_new->snprintf
libnet_plist_chain_new->atoi
libnet_plist_chain_new->__ctype_b_loc
libnet_plist_chain_new->strlen
libnet_plist_chain_new->atoi
libnet_pblock_delete->libnet_pblock_remove_from_list
libnet_pblock_delete->free
libnet_pblock_delete->free
calculate_ip_offset->__assert_fail
calculate_ip_offset->pblock_is_ip
libnet_pblock_coalesce->malloc
libnet_pblock_coalesce->malloc
libnet_pblock_coalesce->__errno_location
libnet_pblock_coalesce->strerror
libnet_pblock_coalesce->snprintf
libnet_pblock_coalesce->llvm.memset.p0i8.i64
libnet_pblock_coalesce->libnet_pblock_setflags
libnet_pblock_coalesce->snprintf
libnet_pblock_coalesce->snprintf
libnet_pblock_coalesce->snprintf
libnet_pblock_coalesce->snprintf
libnet_pblock_coalesce->llvm.memcpy.p0i8.p0i8.i64
libnet_pblock_coalesce->calculate_ip_offset
libnet_pblock_coalesce->libnet_pblock_p2p
libnet_pblock_coalesce->libnet_inet_checksum
libnet_pblock_coalesce->free
libnet_build_ospfv2_hello->libnet_build_ospfv2_hello_neighbor
libnet_build_ospfv2->libnet_pblock_probe
libnet_build_ospfv2->llvm.memset.p0i8.i64
libnet_build_ospfv2->htons
libnet_build_ospfv2->htons
libnet_build_ospfv2->libnet_pblock_append
libnet_build_ospfv2->snprintf
libnet_build_ospfv2->libnet_pblock_append
libnet_build_ospfv2->libnet_pblock_setflags
libnet_build_ospfv2->libnet_pblock_update
libnet_build_ospfv2->libnet_pblock_delete
libnet_build_ntp->libnet_pblock_probe
libnet_build_ntp->llvm.memset.p0i8.i64
libnet_build_ntp->htons
libnet_build_ntp->htons
libnet_build_ntp->htons
libnet_build_ntp->htons
libnet_build_ntp->htonl
libnet_build_ntp->htonl
libnet_build_ntp->htonl
libnet_build_ntp->htonl
libnet_build_ntp->htonl
libnet_build_ntp->htonl
libnet_build_ntp->htonl
libnet_build_ntp->htonl
libnet_build_ntp->htonl
libnet_build_ntp->libnet_pblock_append
libnet_build_ntp->snprintf
libnet_build_ntp->libnet_pblock_append
libnet_build_ntp->libnet_pblock_update
libnet_build_ntp->libnet_pblock_delete
libnet_build_mpls->libnet_pblock_probe
libnet_build_mpls->llvm.memset.p0i8.i64
libnet_build_mpls->htonl
libnet_build_mpls->libnet_pblock_append
libnet_build_mpls->snprintf
libnet_build_mpls->libnet_pblock_append
libnet_build_mpls->libnet_pblock_update
libnet_build_mpls->libnet_pblock_delete
libnet_autobuild_link->llvm.memset.p0i8.i64
libnet_autobuild_link->libnet_autobuild_ethernet
libnet_autobuild_link->libnet_autobuild_token_ring
libnet_autobuild_link->snprintf
libnet_build_link->llvm.memset.p0i8.i64
libnet_build_link->libnet_build_ethernet
libnet_build_link->libnet_build_token_ring
libnet_build_link->snprintf
libnet_build_isl->libnet_pblock_probe
libnet_build_isl->llvm.memset.p0i8.i64
libnet_build_isl->llvm.memcpy.p0i8.p0i8.i64
libnet_build_isl->llvm.memcpy.p0i8.p0i8.i64
libnet_build_isl->htons
libnet_build_isl->llvm.memcpy.p0i8.p0i8.i64
libnet_build_isl->htons
libnet_build_isl->htons
libnet_build_isl->htons
libnet_build_isl->libnet_pblock_append
libnet_build_isl->snprintf
libnet_build_isl->libnet_pblock_append
libnet_build_isl->libnet_pblock_setflags
libnet_build_isl->libnet_pblock_update
libnet_build_isl->libnet_pblock_delete
libnet_build_ipsec_ah->libnet_pblock_probe
libnet_build_ipsec_ah->llvm.memset.p0i8.i64
libnet_build_ipsec_ah->htons
libnet_build_ipsec_ah->htonl
libnet_build_ipsec_ah->htonl
libnet_build_ipsec_ah->htonl
libnet_build_ipsec_ah->libnet_pblock_append
libnet_build_ipsec_ah->snprintf
libnet_build_ipsec_ah->libnet_pblock_append
libnet_build_ipsec_ah->libnet_pblock_update
libnet_build_ipsec_ah->libnet_pblock_delete
libnet_build_ipsec_esp_ftr->llvm.memset.p0i8.i64
libnet_build_ipsec_esp_ftr->libnet_pblock_probe
libnet_build_ipsec_esp_ftr->libnet_pblock_append
libnet_build_ipsec_esp_ftr->snprintf
libnet_build_ipsec_esp_ftr->libnet_pblock_append
libnet_build_ipsec_esp_ftr->libnet_pblock_update
libnet_build_ipsec_esp_ftr->libnet_pblock_delete
libnet_build_ipsec_esp_hdr->llvm.memset.p0i8.i64
libnet_build_ipsec_esp_hdr->htonl
libnet_build_ipsec_esp_hdr->htonl
libnet_build_ipsec_esp_hdr->htonl
libnet_build_ipsec_esp_hdr->libnet_pblock_probe
libnet_build_ipsec_esp_hdr->libnet_pblock_append
libnet_build_ipsec_esp_hdr->snprintf
libnet_build_ipsec_esp_hdr->libnet_pblock_append
libnet_build_ipsec_esp_hdr->libnet_pblock_update
libnet_build_ipsec_esp_hdr->libnet_pblock_delete
libnet_autobuild_ipv6->libnet_get_ipaddr6
libnet_autobuild_ipv6->llvm.memcpy.p0i8.p0i8.i64
libnet_autobuild_ipv6->libnet_in6_is_error
libnet_autobuild_ipv6->libnet_build_ipv6
libnet_build_ipv6_hbhopts->snprintf
libnet_build_ipv6_hbhopts->libnet_pblock_probe
libnet_build_ipv6_hbhopts->llvm.memset.p0i8.i64
libnet_build_ipv6_hbhopts->libnet_pblock_append
libnet_build_ipv6_hbhopts->snprintf
libnet_build_ipv6_hbhopts->libnet_pblock_append
libnet_build_ipv6_hbhopts->libnet_pblock_update
libnet_build_ipv6_hbhopts->libnet_pblock_delete
libnet_build_ipv6_destopts->snprintf
libnet_build_ipv6_destopts->libnet_pblock_probe
libnet_build_ipv6_destopts->llvm.memset.p0i8.i64
libnet_build_ipv6_destopts->libnet_pblock_append
libnet_build_ipv6_destopts->snprintf
libnet_build_ipv6_destopts->libnet_pblock_append
libnet_build_ipv6_destopts->libnet_pblock_update
libnet_build_ipv6_destopts->libnet_pblock_delete
libnet_build_ipv6_routing->snprintf
libnet_build_ipv6_routing->libnet_pblock_probe
libnet_build_ipv6_routing->llvm.memset.p0i8.i64
libnet_build_ipv6_routing->libnet_pblock_append
libnet_build_ipv6_routing->snprintf
libnet_build_ipv6_routing->libnet_pblock_append
libnet_build_ipv6_routing->libnet_pblock_update
libnet_build_ipv6_routing->libnet_pblock_delete
libnet_build_ipv6_frag->snprintf
libnet_build_ipv6_frag->libnet_pblock_probe
libnet_build_ipv6_frag->llvm.memset.p0i8.i64
libnet_build_ipv6_frag->libnet_pblock_append
libnet_build_ipv6_frag->snprintf
libnet_build_ipv6_frag->libnet_pblock_append
libnet_build_ipv6_frag->libnet_pblock_update
libnet_build_ipv6_frag->libnet_pblock_delete
libnet_build_ipv6->snprintf
libnet_build_ipv6->libnet_pblock_probe
libnet_build_ipv6->llvm.memset.p0i8.i64
libnet_build_ipv6->htons
libnet_build_ipv6->llvm.memcpy.p0i8.p0i8.i64
libnet_build_ipv6->llvm.memcpy.p0i8.p0i8.i64
libnet_build_ipv6->libnet_pblock_append
libnet_build_ipv6->snprintf
libnet_build_ipv6->libnet_pblock_append
libnet_build_ipv6->libnet_pblock_update
libnet_build_ipv6->libnet_pblock_delete
libnet_build_ipv4_options->snprintf
libnet_build_ipv4_options->libnet_pblock_find
libnet_build_ipv4_options->libnet_pblock_probe
libnet_build_ipv4_options->libnet_pblock_append
libnet_build_ipv4_options->libnet_pblock_append
libnet_build_ipv4_options->ntohs
libnet_build_ipv4_options->htons
libnet_build_ipv4_options->libnet_pblock_update
libnet_build_ipv4_options->libnet_pblock_delete
libnet_autobuild_ipv4->libnet_get_ipaddr4
libnet_autobuild_ipv4->libnet_pblock_probe
libnet_autobuild_ipv4->llvm.memset.p0i8.i64
libnet_autobuild_ipv4->htons
libnet_autobuild_ipv4->htons
libnet_autobuild_ipv4->libnet_pblock_append
libnet_autobuild_ipv4->libnet_pblock_setflags
libnet_autobuild_ipv4->libnet_pblock_update
libnet_autobuild_ipv4->libnet_pblock_delete
libnet_build_ipv4->libnet_pblock_probe
libnet_build_ipv4->llvm.memset.p0i8.i64
libnet_build_ipv4->htons
libnet_build_ipv4->htons
libnet_build_ipv4->htons
libnet_build_ipv4->htons
libnet_build_ipv4->libnet_pblock_append
libnet_build_ipv4->libnet_pblock_update
libnet_build_ipv4->snprintf
libnet_build_ipv4->snprintf
libnet_build_ipv4->libnet_pblock_probe
libnet_build_ipv4->libnet_pblock_append
libnet_build_ipv4->libnet_pblock_update
libnet_build_ipv4->libnet_pblock_swap
libnet_build_ipv4->libnet_pblock_insert_before
libnet_build_ipv4->libnet_pblock_swap
libnet_build_ipv4->libnet_pblock_find
libnet_build_ipv4->libnet_pblock_delete
libnet_build_ipv4->llvm.memset.p0i8.i64
libnet_build_ipv4->libnet_pblock_setflags
libnet_build_ipv4->libnet_pblock_delete
libnet_build_igmp->libnet_pblock_probe
libnet_build_igmp->llvm.memset.p0i8.i64
libnet_build_igmp->htons
libnet_build_igmp->libnet_pblock_append
libnet_build_igmp->snprintf
libnet_build_igmp->libnet_pblock_append
libnet_build_igmp->libnet_pblock_setflags
libnet_build_igmp->libnet_pblock_update
libnet_build_igmp->libnet_pblock_delete
libnet_build_icmpv6_ndp_opt->__assert_fail
libnet_build_icmpv6_ndp_opt->__assert_fail
libnet_build_icmpv6_ndp_opt->libnet_pblock_probe
libnet_build_icmpv6_ndp_opt->llvm.memset.p0i8.i64
libnet_build_icmpv6_ndp_opt->libnet_pblock_append
libnet_build_icmpv6_ndp_opt->libnet_pblock_append
libnet_build_icmpv6_ndp_opt->libnet_pblock_append
libnet_build_icmpv6_ndp_opt->libnet_pblock_update
libnet_build_icmpv6_ndp_opt->libnet_pblock_delete
libnet_build_icmpv6_ndp_nadv->llvm.memset.p0i8.i64
libnet_build_icmpv6_ndp_nadv->htonl
libnet_build_icmpv6_ndp_nadv->llvm.memcpy.p0i8.p0i8.i64
libnet_build_icmpv6_ndp_nadv->libnet_build_icmpv6_common
libnet_build_icmpv6_ndp_nsol->llvm.memset.p0i8.i64
libnet_build_icmpv6_ndp_nsol->llvm.memcpy.p0i8.p0i8.i64
libnet_build_icmpv6_ndp_nsol->libnet_build_icmpv6_common
libnet_build_icmpv6_echo->llvm.memset.p0i8.i64
libnet_build_icmpv6_echo->htons
libnet_build_icmpv6_echo->htons
libnet_build_icmpv6_echo->libnet_build_icmpv6_common
libnet_build_icmpv6_unreach->llvm.memset.p0i8.i64
libnet_build_icmpv6_unreach->libnet_build_icmpv6_common
libnet_build_icmpv6->libnet_build_icmpv6_common
libnet_build_icmpv6_common->libnet_pblock_probe
libnet_build_icmpv6_common->llvm.memset.p0i8.i64
libnet_build_icmpv6_common->htons
libnet_build_icmpv6_common->libnet_pblock_append
libnet_build_icmpv6_common->libnet_pblock_append
libnet_build_icmpv6_common->libnet_pblock_append
libnet_build_icmpv6_common->libnet_pblock_setflags
libnet_build_icmpv6_common->libnet_pblock_update
libnet_build_icmpv6_common->libnet_pblock_delete
libnet_build_icmpv4_redirect->libnet_pblock_probe
libnet_build_icmpv4_redirect->llvm.memset.p0i8.i64
libnet_build_icmpv4_redirect->htons
libnet_build_icmpv4_redirect->libnet_pblock_append
libnet_build_icmpv4_redirect->snprintf
libnet_build_icmpv4_redirect->libnet_pblock_append
libnet_build_icmpv4_redirect->libnet_pblock_setflags
libnet_build_icmpv4_redirect->libnet_pblock_update
libnet_build_icmpv4_redirect->libnet_pblock_delete
libnet_build_icmpv4_timeexceed->libnet_pblock_probe
libnet_build_icmpv4_timeexceed->llvm.memset.p0i8.i64
libnet_build_icmpv4_timeexceed->htons
libnet_build_icmpv4_timeexceed->libnet_pblock_append
libnet_build_icmpv4_timeexceed->snprintf
libnet_build_icmpv4_timeexceed->libnet_pblock_append
libnet_build_icmpv4_timeexceed->libnet_pblock_setflags
libnet_build_icmpv4_timeexceed->libnet_pblock_update
libnet_build_icmpv4_timeexceed->libnet_pblock_delete
libnet_build_icmpv4_unreach->libnet_pblock_probe
libnet_build_icmpv4_unreach->llvm.memset.p0i8.i64
libnet_build_icmpv4_unreach->htons
libnet_build_icmpv4_unreach->libnet_pblock_append
libnet_build_icmpv4_unreach->snprintf
libnet_build_icmpv4_unreach->libnet_pblock_append
libnet_build_icmpv4_unreach->libnet_pblock_setflags
libnet_build_icmpv4_unreach->libnet_pblock_update
libnet_build_icmpv4_unreach->libnet_pblock_delete
libnet_build_icmpv4_timestamp->libnet_pblock_probe
libnet_build_icmpv4_timestamp->llvm.memset.p0i8.i64
libnet_build_icmpv4_timestamp->htons
libnet_build_icmpv4_timestamp->htons
libnet_build_icmpv4_timestamp->htons
libnet_build_icmpv4_timestamp->htonl
libnet_build_icmpv4_timestamp->htonl
libnet_build_icmpv4_timestamp->htonl
libnet_build_icmpv4_timestamp->libnet_pblock_append
libnet_build_icmpv4_timestamp->snprintf
libnet_build_icmpv4_timestamp->libnet_pblock_append
libnet_build_icmpv4_timestamp->libnet_pblock_setflags
libnet_build_icmpv4_timestamp->libnet_pblock_update
libnet_build_icmpv4_timestamp->libnet_pblock_delete
libnet_build_icmpv4_mask->libnet_pblock_probe
libnet_build_icmpv4_mask->llvm.memset.p0i8.i64
libnet_build_icmpv4_mask->htons
libnet_build_icmpv4_mask->htons
libnet_build_icmpv4_mask->htons
libnet_build_icmpv4_mask->htonl
libnet_build_icmpv4_mask->libnet_pblock_append
libnet_build_icmpv4_mask->snprintf
libnet_build_icmpv4_mask->libnet_pblock_append
libnet_build_icmpv4_mask->libnet_pblock_setflags
libnet_build_icmpv4_mask->libnet_pblock_update
libnet_build_icmpv4_mask->libnet_pblock_delete
libnet_build_icmpv4_echo->libnet_pblock_probe
libnet_build_icmpv4_echo->llvm.memset.p0i8.i64
libnet_build_icmpv4_echo->htons
libnet_build_icmpv4_echo->htons
libnet_build_icmpv4_echo->htons
libnet_build_icmpv4_echo->libnet_pblock_append
libnet_build_icmpv4_echo->snprintf
libnet_build_icmpv4_echo->libnet_pblock_append
libnet_build_icmpv4_echo->libnet_pblock_setflags
libnet_build_icmpv4_echo->libnet_pblock_update
libnet_build_icmpv4_echo->libnet_pblock_delete
libnet_build_hsrp->libnet_pblock_probe
libnet_build_hsrp->llvm.memset.p0i8.i64
libnet_build_hsrp->llvm.memcpy.p0i8.p0i8.i64
libnet_build_hsrp->libnet_pblock_append
libnet_build_hsrp->snprintf
libnet_build_hsrp->libnet_pblock_append
libnet_build_hsrp->libnet_pblock_update
libnet_build_hsrp->libnet_pblock_delete
libnet_build_gre_last_sre->libnet_pblock_probe
libnet_build_gre_last_sre->libnet_pblock_append
libnet_build_gre_last_sre->libnet_pblock_update
libnet_build_gre_last_sre->libnet_pblock_delete
libnet_build_gre_sre->libnet_pblock_probe
libnet_build_gre_sre->htons
libnet_build_gre_sre->libnet_pblock_append
libnet_build_gre_sre->snprintf
libnet_build_gre_sre->libnet_pblock_append
libnet_build_gre_sre->snprintf
libnet_build_gre_sre->libnet_pblock_append
libnet_build_gre_sre->libnet_pblock_update
libnet_build_gre_sre->libnet_pblock_delete
libnet_build_egre->libnet_build_gre
libnet_build_gre->libnet_getgre_length
libnet_build_gre->libnet_pblock_probe
libnet_build_gre->htons
libnet_build_gre->htons
libnet_build_gre->libnet_pblock_append
libnet_build_gre->htons
libnet_build_gre->libnet_pblock_append
libnet_build_gre->htons
libnet_build_gre->libnet_pblock_append
libnet_build_gre->htonl
libnet_build_gre->libnet_pblock_append
libnet_build_gre->htonl
libnet_build_gre->libnet_pblock_append
libnet_build_gre->snprintf
libnet_build_gre->libnet_pblock_append
libnet_build_gre->libnet_pblock_setflags
libnet_build_gre->libnet_pblock_update
libnet_build_gre->libnet_pblock_delete
libnet_autobuild_fddi->snprintf
libnet_autobuild_fddi->libnet_get_hwaddr
libnet_autobuild_fddi->libnet_pblock_probe
libnet_autobuild_fddi->llvm.memset.p0i8.i64
libnet_autobuild_fddi->llvm.memcpy.p0i8.p0i8.i64
libnet_autobuild_fddi->llvm.memcpy.p0i8.p0i8.i64
libnet_autobuild_fddi->llvm.memcpy.p0i8.p0i8.i64
libnet_autobuild_fddi->htons
libnet_autobuild_fddi->llvm.memcpy.p0i8.p0i8.i64
libnet_autobuild_fddi->libnet_pblock_append
libnet_autobuild_fddi->libnet_pblock_update
libnet_autobuild_fddi->libnet_pblock_delete
libnet_build_802_1x->libnet_pblock_probe
libnet_build_802_1x->llvm.memset.p0i8.i64
libnet_build_802_1x->htons
libnet_build_802_1x->libnet_pblock_append
libnet_build_802_1x->snprintf
libnet_build_802_1x->libnet_pblock_append
libnet_build_802_1x->libnet_pblock_update
libnet_build_802_1x->libnet_pblock_delete
libnet_build_802_1q->libnet_pblock_probe
libnet_build_802_1q->llvm.memset.p0i8.i64
libnet_build_802_1q->llvm.memcpy.p0i8.p0i8.i64
libnet_build_802_1q->llvm.memcpy.p0i8.p0i8.i64
libnet_build_802_1q->htons
libnet_build_802_1q->htons
libnet_build_802_1q->htons
libnet_build_802_1q->libnet_pblock_append
libnet_build_802_1q->snprintf
libnet_build_802_1q->libnet_pblock_append
libnet_build_802_1q->libnet_pblock_update
libnet_build_802_1q->libnet_pblock_delete
libnet_build_asn1_bitstring->libnet_build_asn1_header
libnet_build_asn1_bitstring->llvm.memmove.p0i8.p0i8.i64
libnet_build_asn1_null->libnet_build_asn1_header
libnet_build_asn1_objid->libnet_build_asn1_header
libnet_build_asn1_header->libnet_build_asn1_length
libnet_build_asn1_int->libnet_build_asn1_header
libnet_build_asn1_uint->libnet_build_asn1_header
libnet_build_asn1_string->libnet_build_asn1_header
libnet_build_asn1_string->llvm.memmove.p0i8.p0i8.i64
libnet_build_802_2->libnet_pblock_probe
libnet_build_802_2->llvm.memset.p0i8.i64
libnet_build_802_2->libnet_pblock_append
libnet_build_802_2->snprintf
libnet_build_802_2->libnet_pblock_append
libnet_build_802_2->libnet_pblock_update
libnet_build_802_2->libnet_pblock_delete
libnet_build_802_2snap->libnet_pblock_probe
libnet_build_802_2snap->llvm.memset.p0i8.i64
libnet_build_802_2snap->llvm.memcpy.p0i8.p0i8.i64
libnet_build_802_2snap->htons
libnet_build_802_2snap->libnet_pblock_append
libnet_build_802_2snap->snprintf
libnet_build_802_2snap->libnet_pblock_append
libnet_build_802_2snap->libnet_pblock_update
libnet_build_802_2snap->libnet_pblock_delete
libnet_build_802_3->libnet_pblock_probe
libnet_build_802_3->llvm.memset.p0i8.i64
libnet_build_802_3->llvm.memcpy.p0i8.p0i8.i64
libnet_build_802_3->llvm.memcpy.p0i8.p0i8.i64
libnet_build_802_3->htons
libnet_build_802_3->libnet_pblock_append
libnet_build_802_3->snprintf
libnet_build_802_3->libnet_pblock_append
libnet_build_802_3->libnet_pblock_update
libnet_build_802_3->libnet_pblock_delete
libnet_build_arp->libnet_pblock_probe
libnet_build_arp->llvm.memset.p0i8.i64
libnet_build_arp->htons
libnet_build_arp->htons
libnet_build_arp->htons
libnet_build_arp->libnet_pblock_append
libnet_build_arp->libnet_pblock_append
libnet_build_arp->libnet_pblock_append
libnet_build_arp->libnet_pblock_append
libnet_build_arp->libnet_pblock_append
libnet_build_arp->snprintf
libnet_build_arp->libnet_pblock_append
libnet_build_arp->libnet_pblock_update
libnet_build_arp->libnet_pblock_delete
libnet_autobuild_arp->snprintf
libnet_autobuild_arp->libnet_build_arp
libnet_build_bgp4_header->libnet_pblock_probe
libnet_build_bgp4_header->llvm.memset.p0i8.i64
libnet_build_bgp4_header->llvm.memcpy.p0i8.p0i8.i64
libnet_build_bgp4_header->htons
libnet_build_bgp4_header->libnet_pblock_append
libnet_build_bgp4_header->snprintf
libnet_build_bgp4_header->libnet_pblock_append
libnet_build_bgp4_header->libnet_pblock_update
libnet_build_bgp4_header->libnet_pblock_delete
libnet_build_bgp4_open->libnet_pblock_probe
libnet_build_bgp4_open->libnet_pblock_append
libnet_build_bgp4_open->htons
libnet_build_bgp4_open->libnet_pblock_append
libnet_build_bgp4_open->htons
libnet_build_bgp4_open->libnet_pblock_append
libnet_build_bgp4_open->htonl
libnet_build_bgp4_open->libnet_pblock_append
libnet_build_bgp4_open->libnet_pblock_append
libnet_build_bgp4_open->snprintf
libnet_build_bgp4_open->libnet_pblock_append
libnet_build_bgp4_open->libnet_pblock_update
libnet_build_bgp4_open->libnet_pblock_delete
libnet_build_bgp4_update->libnet_pblock_probe
libnet_build_bgp4_update->htons
libnet_build_bgp4_update->libnet_pblock_append
libnet_build_bgp4_update->libnet_pblock_append
libnet_build_bgp4_update->htons
libnet_build_bgp4_update->libnet_pblock_append
libnet_build_bgp4_update->libnet_pblock_append
libnet_build_bgp4_update->libnet_pblock_append
libnet_build_bgp4_update->snprintf
libnet_build_bgp4_update->libnet_pblock_append
libnet_build_bgp4_update->libnet_pblock_update
libnet_build_bgp4_update->libnet_pblock_delete
libnet_build_bgp4_notification->libnet_pblock_probe
libnet_build_bgp4_notification->llvm.memset.p0i8.i64
libnet_build_bgp4_notification->libnet_pblock_append
libnet_build_bgp4_notification->snprintf
libnet_build_bgp4_notification->libnet_pblock_append
libnet_build_bgp4_notification->libnet_pblock_update
libnet_build_bgp4_notification->libnet_pblock_delete
libnet_build_cdp->libnet_pblock_probe
libnet_build_cdp->llvm.memset.p0i8.i64
libnet_build_cdp->htons
libnet_build_cdp->htons
libnet_build_cdp->htons
libnet_build_cdp->libnet_pblock_append
libnet_build_cdp->libnet_pblock_append
libnet_build_cdp->snprintf
libnet_build_cdp->libnet_pblock_append
libnet_build_cdp->libnet_pblock_setflags
libnet_build_cdp->libnet_pblock_update
libnet_build_cdp->libnet_pblock_delete
libnet_build_cdp_value->libnet_pblock_find
libnet_build_cdp_value->snprintf
libnet_build_cdp_value->llvm.memset.p0i8.i64
libnet_build_cdp_value->htons
libnet_build_cdp_value->htons
libnet_build_cdp_value->libnet_pblock_append
libnet_build_cdp_value->libnet_pblock_append
libnet_build_data->libnet_pblock_probe
libnet_build_data->snprintf
libnet_build_data->libnet_pblock_append
libnet_build_data->libnet_pblock_update
libnet_build_data->libnet_pblock_delete
libnet_build_dhcpv4->libnet_pblock_probe
libnet_build_dhcpv4->llvm.memset.p0i8.i64
libnet_build_dhcpv4->htonl
libnet_build_dhcpv4->htons
libnet_build_dhcpv4->htons
libnet_build_dhcpv4->htonl
libnet_build_dhcpv4->htonl
libnet_build_dhcpv4->htonl
libnet_build_dhcpv4->htonl
libnet_build_dhcpv4->llvm.memcpy.p0i8.p0i8.i64
libnet_build_dhcpv4->strncpy
libnet_build_dhcpv4->strncpy
libnet_build_dhcpv4->htonl
libnet_build_dhcpv4->libnet_pblock_append
libnet_build_dhcpv4->snprintf
libnet_build_dhcpv4->libnet_pblock_append
libnet_build_dhcpv4->libnet_pblock_update
libnet_build_dhcpv4->libnet_pblock_delete
libnet_build_bootpv4->libnet_build_dhcpv4
libnet_build_dnsv4->snprintf
libnet_build_dnsv4->libnet_pblock_probe
libnet_build_dnsv4->llvm.memset.p0i8.i64
libnet_build_dnsv4->htons
libnet_build_dnsv4->htons
libnet_build_dnsv4->htons
libnet_build_dnsv4->htons
libnet_build_dnsv4->htons
libnet_build_dnsv4->htons
libnet_build_dnsv4->htons
libnet_build_dnsv4->libnet_pblock_append
libnet_build_dnsv4->snprintf
libnet_build_dnsv4->libnet_pblock_append
libnet_build_dnsv4->libnet_pblock_update
libnet_build_dnsv4->libnet_pblock_delete
libnet_build_ethernet->snprintf
libnet_build_ethernet->libnet_pblock_probe
libnet_build_ethernet->llvm.memset.p0i8.i64
libnet_build_ethernet->llvm.memcpy.p0i8.p0i8.i64
libnet_build_ethernet->llvm.memcpy.p0i8.p0i8.i64
libnet_build_ethernet->htons
libnet_build_ethernet->libnet_pblock_append
libnet_build_ethernet->snprintf
libnet_build_ethernet->libnet_pblock_append
libnet_build_ethernet->libnet_pblock_update
libnet_build_ethernet->libnet_pblock_delete
libnet_autobuild_ethernet->snprintf
libnet_autobuild_ethernet->libnet_get_hwaddr
libnet_autobuild_ethernet->libnet_pblock_probe
libnet_autobuild_ethernet->llvm.memset.p0i8.i64
libnet_autobuild_ethernet->llvm.memcpy.p0i8.p0i8.i64
libnet_autobuild_ethernet->llvm.memcpy.p0i8.p0i8.i64
libnet_autobuild_ethernet->htons
libnet_autobuild_ethernet->libnet_pblock_append
libnet_autobuild_ethernet->libnet_pblock_update
libnet_autobuild_ethernet->libnet_pblock_delete
libnet_build_fddi->snprintf
libnet_build_fddi->libnet_pblock_probe
libnet_build_fddi->llvm.memset.p0i8.i64
libnet_build_fddi->llvm.memcpy.p0i8.p0i8.i64
libnet_build_fddi->llvm.memcpy.p0i8.p0i8.i64
libnet_build_fddi->llvm.memcpy.p0i8.p0i8.i64
libnet_build_fddi->htons
libnet_build_fddi->llvm.memcpy.p0i8.p0i8.i64
libnet_build_fddi->libnet_pblock_append
libnet_build_fddi->snprintf
libnet_build_fddi->libnet_pblock_append
libnet_build_fddi->libnet_pblock_update
libnet_build_fddi->libnet_pblock_delete
libnet_build_ospfv2_hello_neighbor->libnet_pblock_probe
libnet_build_ospfv2_hello_neighbor->llvm.memset.p0i8.i64
libnet_build_ospfv2_hello_neighbor->htons
libnet_build_ospfv2_hello_neighbor->htonl
libnet_build_ospfv2_hello_neighbor->htonl
libnet_build_ospfv2_hello_neighbor->libnet_pblock_append
libnet_build_ospfv2_hello_neighbor->snprintf
libnet_build_ospfv2_hello_neighbor->libnet_pblock_append
libnet_build_ospfv2_hello_neighbor->libnet_pblock_update
libnet_build_ospfv2_hello_neighbor->libnet_pblock_delete
libnet_build_ospfv2_dbd->libnet_pblock_probe
libnet_build_ospfv2_dbd->llvm.memset.p0i8.i64
libnet_build_ospfv2_dbd->htons
libnet_build_ospfv2_dbd->htonl
libnet_build_ospfv2_dbd->libnet_pblock_append
libnet_build_ospfv2_dbd->snprintf
libnet_build_ospfv2_dbd->libnet_pblock_append
libnet_build_ospfv2_dbd->libnet_pblock_update
libnet_build_ospfv2_dbd->libnet_pblock_delete
libnet_build_ospfv2_lsr->libnet_pblock_probe
libnet_build_ospfv2_lsr->llvm.memset.p0i8.i64
libnet_build_ospfv2_lsr->htonl
libnet_build_ospfv2_lsr->htonl
libnet_build_ospfv2_lsr->htonl
libnet_build_ospfv2_lsr->libnet_pblock_append
libnet_build_ospfv2_lsr->snprintf
libnet_build_ospfv2_lsr->libnet_pblock_append
libnet_build_ospfv2_lsr->libnet_pblock_update
libnet_build_ospfv2_lsr->libnet_pblock_delete
libnet_build_ospfv2_lsu->libnet_pblock_probe
libnet_build_ospfv2_lsu->llvm.memset.p0i8.i64
libnet_build_ospfv2_lsu->htonl
libnet_build_ospfv2_lsu->libnet_pblock_append
libnet_build_ospfv2_lsu->snprintf
libnet_build_ospfv2_lsu->libnet_pblock_append
libnet_build_ospfv2_lsu->libnet_pblock_update
libnet_build_ospfv2_lsu->libnet_pblock_delete
libnet_build_ospfv2_lsa->libnet_pblock_probe
libnet_build_ospfv2_lsa->llvm.memset.p0i8.i64
libnet_build_ospfv2_lsa->htons
libnet_build_ospfv2_lsa->htonl
libnet_build_ospfv2_lsa->htonl
libnet_build_ospfv2_lsa->htonl
libnet_build_ospfv2_lsa->htons
libnet_build_ospfv2_lsa->libnet_pblock_append
libnet_build_ospfv2_lsa->snprintf
libnet_build_ospfv2_lsa->libnet_pblock_append
libnet_build_ospfv2_lsa->libnet_pblock_setflags
libnet_build_ospfv2_lsa->libnet_pblock_update
libnet_build_ospfv2_lsa->libnet_pblock_delete
libnet_build_ospfv2_lsa_rtr->libnet_pblock_probe
libnet_build_ospfv2_lsa_rtr->llvm.memset.p0i8.i64
libnet_build_ospfv2_lsa_rtr->htons
libnet_build_ospfv2_lsa_rtr->htons
libnet_build_ospfv2_lsa_rtr->htonl
libnet_build_ospfv2_lsa_rtr->htonl
libnet_build_ospfv2_lsa_rtr->htons
libnet_build_ospfv2_lsa_rtr->libnet_pblock_append
libnet_build_ospfv2_lsa_rtr->snprintf
libnet_build_ospfv2_lsa_rtr->libnet_pblock_append
libnet_build_ospfv2_lsa_rtr->libnet_pblock_update
libnet_build_ospfv2_lsa_rtr->libnet_pblock_delete
libnet_build_ospfv2_lsa_net->libnet_pblock_probe
libnet_build_ospfv2_lsa_net->llvm.memset.p0i8.i64
libnet_build_ospfv2_lsa_net->htonl
libnet_build_ospfv2_lsa_net->htonl
libnet_build_ospfv2_lsa_net->libnet_pblock_append
libnet_build_ospfv2_lsa_net->snprintf
libnet_build_ospfv2_lsa_net->libnet_pblock_append
libnet_build_ospfv2_lsa_net->libnet_pblock_update
libnet_build_ospfv2_lsa_net->libnet_pblock_delete
libnet_build_ospfv2_lsa_sum->libnet_pblock_probe
libnet_build_ospfv2_lsa_sum->llvm.memset.p0i8.i64
libnet_build_ospfv2_lsa_sum->htonl
libnet_build_ospfv2_lsa_sum->htonl
libnet_build_ospfv2_lsa_sum->htonl
libnet_build_ospfv2_lsa_sum->libnet_pblock_append
libnet_build_ospfv2_lsa_sum->snprintf
libnet_build_ospfv2_lsa_sum->libnet_pblock_append
libnet_build_ospfv2_lsa_sum->libnet_pblock_update
libnet_build_ospfv2_lsa_sum->libnet_pblock_delete
libnet_build_ospfv2_lsa_as->libnet_pblock_probe
libnet_build_ospfv2_lsa_as->llvm.memset.p0i8.i64
libnet_build_ospfv2_lsa_as->htonl
libnet_build_ospfv2_lsa_as->htonl
libnet_build_ospfv2_lsa_as->htonl
libnet_build_ospfv2_lsa_as->htonl
libnet_build_ospfv2_lsa_as->libnet_pblock_append
libnet_build_ospfv2_lsa_as->snprintf
libnet_build_ospfv2_lsa_as->libnet_pblock_append
libnet_build_ospfv2_lsa_as->libnet_pblock_update
libnet_build_ospfv2_lsa_as->libnet_pblock_delete
libnet_build_rip->libnet_pblock_probe
libnet_build_rip->llvm.memset.p0i8.i64
libnet_build_rip->htons
libnet_build_rip->htons
libnet_build_rip->htons
libnet_build_rip->htonl
libnet_build_rip->libnet_pblock_append
libnet_build_rip->snprintf
libnet_build_rip->libnet_pblock_append
libnet_build_rip->libnet_pblock_update
libnet_build_rip->libnet_pblock_delete
libnet_build_rpc_call->libnet_pblock_probe
libnet_build_rpc_call->llvm.memset.p0i8.i64
libnet_build_rpc_call->htonl
libnet_build_rpc_call->htonl
libnet_build_rpc_call->htonl
libnet_build_rpc_call->htonl
libnet_build_rpc_call->htonl
libnet_build_rpc_call->htonl
libnet_build_rpc_call->htonl
libnet_build_rpc_call->htonl
libnet_build_rpc_call->htonl
libnet_build_rpc_call->htonl
libnet_build_rpc_call->libnet_pblock_append
libnet_build_rpc_call->libnet_pblock_append
libnet_build_rpc_call->snprintf
libnet_build_rpc_call->libnet_pblock_append
libnet_build_rpc_call->libnet_pblock_update
libnet_build_rpc_call->libnet_pblock_delete
libnet_build_sebek->libnet_pblock_probe
libnet_build_sebek->llvm.memset.p0i8.i64
libnet_build_sebek->htonl
libnet_build_sebek->htons
libnet_build_sebek->htons
libnet_build_sebek->htonl
libnet_build_sebek->htonl
libnet_build_sebek->htonl
libnet_build_sebek->htonl
libnet_build_sebek->htonl
libnet_build_sebek->htonl
libnet_build_sebek->llvm.memcpy.p0i8.p0i8.i64
libnet_build_sebek->htonl
libnet_build_sebek->libnet_pblock_append
libnet_build_sebek->snprintf
libnet_build_sebek->libnet_pblock_append
libnet_build_sebek->libnet_pblock_update
libnet_build_sebek->libnet_pblock_delete
libnet_build_stp_conf->libnet_pblock_probe
libnet_build_stp_conf->htons
libnet_build_stp_conf->llvm.memcpy.p0i8.p0i8.i64
libnet_build_stp_conf->llvm.memcpy.p0i8.p0i8.i64
libnet_build_stp_conf->htonl
libnet_build_stp_conf->llvm.memcpy.p0i8.p0i8.i64
libnet_build_stp_conf->llvm.memcpy.p0i8.p0i8.i64
libnet_build_stp_conf->htons
libnet_build_stp_conf->llvm.memcpy.p0i8.p0i8.i64
libnet_build_stp_conf->llvm.memcpy.p0i8.p0i8.i64
libnet_build_stp_conf->llvm.memcpy.p0i8.p0i8.i64
libnet_build_stp_conf->llvm.memcpy.p0i8.p0i8.i64
libnet_build_stp_conf->llvm.memcpy.p0i8.p0i8.i64
libnet_build_stp_conf->libnet_pblock_append
libnet_build_stp_conf->snprintf
libnet_build_stp_conf->libnet_pblock_append
libnet_build_stp_conf->libnet_pblock_update
libnet_build_stp_conf->libnet_pblock_delete
libnet_build_stp_tcn->libnet_pblock_probe
libnet_build_stp_tcn->llvm.memset.p0i8.i64
libnet_build_stp_tcn->htons
libnet_build_stp_tcn->libnet_pblock_append
libnet_build_stp_tcn->snprintf
libnet_build_stp_tcn->libnet_pblock_append
libnet_build_stp_tcn->libnet_pblock_update
libnet_build_stp_tcn->libnet_pblock_delete
libnet_build_tcp->snprintf
libnet_build_tcp->libnet_pblock_probe
libnet_build_tcp->llvm.memset.p0i8.i64
libnet_build_tcp->htons
libnet_build_tcp->htons
libnet_build_tcp->htonl
libnet_build_tcp->htonl
libnet_build_tcp->htons
libnet_build_tcp->htons
libnet_build_tcp->htons
libnet_build_tcp->libnet_pblock_append
libnet_build_tcp->libnet_pblock_update
libnet_build_tcp->ntohs
libnet_build_tcp->htons
libnet_build_tcp->libnet_pblock_probe
libnet_build_tcp->libnet_pblock_append
libnet_build_tcp->libnet_pblock_update
libnet_build_tcp->libnet_pblock_insert_before
libnet_build_tcp->libnet_pblock_find
libnet_build_tcp->libnet_pblock_delete
libnet_build_tcp->libnet_pblock_setflags
libnet_build_tcp->libnet_pblock_delete
libnet_build_tcp_options->snprintf
libnet_build_tcp_options->libnet_pblock_find
libnet_build_tcp_options->libnet_pblock_probe
libnet_build_tcp_options->libnet_pblock_append
libnet_build_tcp_options->libnet_pblock_append
libnet_build_tcp_options->htons
libnet_build_tcp_options->htons
libnet_build_tcp_options->libnet_pblock_update
libnet_build_tcp_options->libnet_pblock_delete
libnet_build_token_ring->snprintf
libnet_build_token_ring->libnet_pblock_probe
libnet_build_token_ring->llvm.memset.p0i8.i64
libnet_build_token_ring->llvm.memcpy.p0i8.p0i8.i64
libnet_build_token_ring->llvm.memcpy.p0i8.p0i8.i64
libnet_build_token_ring->llvm.memcpy.p0i8.p0i8.i64
libnet_build_token_ring->htons
libnet_build_token_ring->libnet_pblock_append
libnet_build_token_ring->snprintf
libnet_build_token_ring->libnet_pblock_append
libnet_build_token_ring->libnet_pblock_update
libnet_build_token_ring->libnet_pblock_delete
libnet_autobuild_token_ring->snprintf
libnet_autobuild_token_ring->libnet_get_hwaddr
libnet_autobuild_token_ring->libnet_pblock_probe
libnet_autobuild_token_ring->llvm.memset.p0i8.i64
libnet_autobuild_token_ring->llvm.memcpy.p0i8.p0i8.i64
libnet_autobuild_token_ring->llvm.memcpy.p0i8.p0i8.i64
libnet_autobuild_token_ring->llvm.memcpy.p0i8.p0i8.i64
libnet_autobuild_token_ring->htons
libnet_autobuild_token_ring->libnet_pblock_append
libnet_autobuild_token_ring->libnet_pblock_update
libnet_autobuild_token_ring->libnet_pblock_delete
libnet_build_udp->libnet_pblock_probe
libnet_build_udp->llvm.memset.p0i8.i64
libnet_build_udp->htons
libnet_build_udp->htons
libnet_build_udp->htons
libnet_build_udp->htons
libnet_build_udp->libnet_pblock_append
libnet_build_udp->snprintf
libnet_build_udp->libnet_pblock_append
libnet_build_udp->libnet_pblock_setflags
libnet_build_udp->libnet_pblock_update
libnet_build_udp->libnet_pblock_delete
libnet_build_vrrp->libnet_pblock_probe
libnet_build_vrrp->llvm.memset.p0i8.i64
libnet_build_vrrp->htons
libnet_build_vrrp->libnet_pblock_append
libnet_build_vrrp->snprintf
libnet_build_vrrp->libnet_pblock_append
libnet_build_vrrp->libnet_pblock_setflags
libnet_build_vrrp->libnet_pblock_update
libnet_build_vrrp->libnet_pblock_delete
libnet_adv_cull_packet->snprintf
libnet_adv_cull_packet->libnet_pblock_coalesce
libnet_adv_cull_header->snprintf
libnet_adv_cull_header->libnet_pblock_find
libnet_adv_cull_header->snprintf
libnet_adv_write_link->snprintf
libnet_adv_write_link->libnet_write_link
libnet_adv_write_raw_ipv4->snprintf
libnet_adv_write_raw_ipv4->libnet_write_raw_ipv4
libnet_adv_free_packet->free
libnet_toggle_checksum->libnet_pblock_find
libnet_do_checksum->ntohs
libnet_do_checksum->ntohs
libnet_do_checksum->libnet_inet_checksum
libnet_inet_checksum->snprintf
libnet_inet_checksum->snprintf
libnet_inet_checksum->snprintf
libnet_inet_checksum->snprintf
libnet_inet_checksum->check_ip_payload_size
libnet_inet_checksum->libnet_in_cksum
libnet_inet_checksum->libnet_in_cksum
libnet_inet_checksum->ntohs
libnet_inet_checksum->libnet_in_cksum
libnet_inet_checksum->check_ip_payload_size
libnet_inet_checksum->libnet_in_cksum
libnet_inet_checksum->libnet_in_cksum
libnet_inet_checksum->ntohs
libnet_inet_checksum->libnet_in_cksum
libnet_inet_checksum->check_ip_payload_size
libnet_inet_checksum->libnet_in_cksum
libnet_inet_checksum->ntohs
libnet_inet_checksum->libnet_in_cksum
libnet_inet_checksum->check_ip_payload_size
libnet_inet_checksum->libnet_in_cksum
libnet_inet_checksum->ntohs
libnet_inet_checksum->libnet_in_cksum
libnet_inet_checksum->check_ip_payload_size
libnet_inet_checksum->libnet_in_cksum
libnet_inet_checksum->ntohs
libnet_inet_checksum->check_ip_payload_size
libnet_inet_checksum->snprintf
libnet_inet_checksum->libnet_in_cksum
libnet_inet_checksum->check_ip_payload_size
libnet_inet_checksum->libnet_in_cksum
libnet_inet_checksum->libnet_in_cksum
libnet_inet_checksum->libnet_in_cksum
libnet_inet_checksum->check_ip_payload_size
libnet_inet_checksum->libnet_in_cksum
libnet_inet_checksum->snprintf
libnet_inet_checksum->libnet_in_cksum
libnet_inet_checksum->snprintf
check_ip_payload_size->snprintf
libnet_ip_check->libnet_in_cksum
libnet_cq_add->snprintf
libnet_cq_add->snprintf
libnet_cq_add->malloc
libnet_cq_add->__errno_location
libnet_cq_add->strerror
libnet_cq_add->snprintf
libnet_cq_add->strncpy
libnet_cq_add->libnet_cq_dup_check
libnet_cq_add->malloc
libnet_cq_add->__errno_location
libnet_cq_add->strerror
libnet_cq_add->snprintf
libnet_cq_add->strncpy
libnet_cq_dup_check->snprintf
libnet_cq_dup_check->strncmp
libnet_cq_dup_check->snprintf
libnet_cq_remove->snprintf
libnet_cq_remove->snprintf
libnet_cq_remove->libnet_cq_find_internal
libnet_cq_remove->snprintf
libnet_cq_remove->free
libnet_cq_remove_by_label->libnet_cq_find_by_label_internal
libnet_cq_remove_by_label->free
libnet_cq_find_by_label_internal->strncmp
libnet_cq_find_by_label->libnet_cq_find_by_label_internal
libnet_cq_destroy->libnet_destroy
libnet_cq_destroy->free
libnet_cq_destroy->llvm.memset.p0i8.i64
libnet_cq_head->set_cq_lock
libnet_cq_end_loop->clear_cq_lock
libnet_check_iface->socket
libnet_check_iface->__errno_location
libnet_check_iface->strerror
libnet_check_iface->snprintf
libnet_check_iface->strncpy
libnet_check_iface->ioctl
libnet_check_iface->__errno_location
libnet_check_iface->strerror
libnet_check_iface->snprintf
libnet_check_iface->snprintf
libnet_check_iface->close
libnet_ifaddrlist->llvm.memset.p0i8.i64
libnet_ifaddrlist->getifaddrs
libnet_ifaddrlist->__errno_location
libnet_ifaddrlist->strerror
libnet_ifaddrlist->snprintf
libnet_ifaddrlist->strdup
libnet_ifaddrlist->snprintf
libnet_ifaddrlist->freeifaddrs
libnet_select_device->__ctype_b_loc
libnet_select_device->libnet_check_iface
libnet_select_device->libnet_ifaddrlist
libnet_select_device->snprintf
libnet_select_device->libnet_name2addr4
libnet_select_device->strcmp
libnet_select_device->free
libnet_select_device->strdup
libnet_select_device->snprintf
libnet_select_device->strdup
libnet_select_device->free
libnet_select_device->free
libnet_init->malloc
libnet_init->__errno_location
libnet_init->strerror
libnet_init->snprintf
libnet_init->llvm.memset.p0i8.i64
libnet_init->strdup
libnet_init->strncpy
libnet_init->libnet_select_device
libnet_init->snprintf
libnet_init->libnet_open_link
libnet_init->snprintf
libnet_init->libnet_open_raw4
libnet_init->snprintf
libnet_init->libnet_open_raw6
libnet_init->snprintf
libnet_init->snprintf
libnet_init->libnet_destroy
libnet_destroy->close
libnet_destroy->free
libnet_destroy->libnet_clear_packet
libnet_destroy->free
libnet_clear_packet->libnet_pblock_delete
libnet_getpbuf->libnet_pblock_find
libnet_getpbuf_size->libnet_pblock_find
libnet_diag_dump_hex->fprintf
libnet_diag_dump_hex->fprintf
libnet_diag_dump_hex->ntohs
libnet_diag_dump_hex->fprintf
libnet_diag_dump_hex->fprintf
libnet_diag_dump_hex->fprintf
libnet_diag_dump_hex->fprintf
libnet_diag_dump_context->fprintf
libnet_diag_dump_context->fprintf
libnet_diag_dump_context->fprintf
libnet_diag_dump_context->fprintf
libnet_diag_dump_context->fprintf
libnet_diag_dump_context->fprintf
libnet_diag_dump_context->fprintf
libnet_diag_dump_context->fprintf
libnet_diag_dump_context->fprintf
libnet_diag_dump_context->fprintf
libnet_diag_dump_context->fprintf
libnet_diag_dump_context->fprintf
libnet_diag_dump_context->fprintf
libnet_diag_dump_context->fprintf
libnet_diag_dump_context->fprintf
libnet_diag_dump_context->fprintf
libnet_diag_dump_context->fprintf
libnet_diag_dump_context->fprintf
libnet_diag_dump_context->fprintf
libnet_diag_dump_context->fprintf
libnet_diag_dump_context->fprintf
libnet_diag_dump_pblock->libnet_diag_dump_pblock_type
libnet_diag_dump_pblock->fprintf
libnet_diag_dump_pblock->fprintf
libnet_diag_dump_pblock->fprintf
libnet_diag_dump_pblock->fprintf
libnet_diag_dump_pblock->libnet_diag_dump_pblock_type
libnet_diag_dump_pblock->fprintf
libnet_diag_dump_pblock->fprintf
libnet_diag_dump_pblock->fprintf
libnet_diag_dump_pblock->libnet_diag_dump_pblock_type
libnet_diag_dump_pblock->fprintf
libnet_diag_dump_pblock->fprintf
libnet_diag_dump_pblock->fprintf
libnet_diag_dump_pblock->fprintf
libnet_diag_dump_pblock->fprintf
libnet_diag_dump_pblock->fprintf
libnet_diag_dump_pblock->fprintf
libnet_diag_dump_pblock->fprintf
libnet_diag_dump_pblock->fprintf
libnet_pblock_probe->libnet_pblock_new
libnet_pblock_probe->libnet_pblock_find
libnet_pblock_probe->snprintf
libnet_pblock_probe->free
libnet_pblock_probe->malloc
libnet_pblock_probe->__errno_location
libnet_pblock_probe->strerror
libnet_pblock_probe->snprintf
libnet_pblock_probe->llvm.memset.p0i8.i64
libnet_pblock_new->zmalloc
libnet_pblock_new->zmalloc
libnet_pblock_new->free
libnet_pblock_find->snprintf
zmalloc->malloc
zmalloc->llvm.memset.p0i8.i64
zmalloc->__errno_location
zmalloc->strerror
zmalloc->snprintf
libnet_pblock_swap->libnet_pblock_find
libnet_pblock_swap->libnet_pblock_find
libnet_pblock_insert_before->libnet_pblock_find
libnet_pblock_insert_before->libnet_pblock_find
libnet_pblock_insert_before->libnet_pblock_remove_from_list
libnet_pblock_append->snprintf
libnet_pblock_append->snprintf
libnet_pblock_append->llvm.memcpy.p0i8.p0i8.i64
