pcre2_substring_number_from_name_8->pcre2_substring_nametable_scan_8
pcre2_substring_list_get_8->_pcre2_memctl_malloc_8
pcre2_substring_list_get_8->llvm.memcpy.p0i8.p0i8.i64
pcre2_substring_length_byname_8->pcre2_substring_nametable_scan_8
pcre2_substring_length_byname_8->pcre2_substring_length_bynumber_8
pcre2_substring_get_bynumber_8->pcre2_substring_length_bynumber_8
pcre2_substring_get_bynumber_8->_pcre2_memctl_malloc_8
pcre2_substring_get_bynumber_8->llvm.memcpy.p0i8.p0i8.i64
pcre2_substring_get_byname_8->pcre2_substring_nametable_scan_8
pcre2_substring_get_byname_8->pcre2_substring_get_bynumber_8
pcre2_substring_copy_bynumber_8->pcre2_substring_length_bynumber_8
pcre2_substring_copy_bynumber_8->llvm.memcpy.p0i8.p0i8.i64
pcre2_substring_nametable_scan_8->_pcre2_strcmp_8
pcre2_substring_nametable_scan_8->_pcre2_strcmp_8
pcre2_substring_nametable_scan_8->_pcre2_strcmp_8
pcre2_substring_copy_byname_8->pcre2_substring_nametable_scan_8
pcre2_substring_copy_byname_8->pcre2_substring_copy_bynumber_8
pcre2_substitute_8->pcre2_match_data_create_from_pattern_8
pcre2_substitute_8->pcre2_get_ovector_pointer_8
pcre2_substitute_8->pcre2_get_ovector_count_8
pcre2_substitute_8->_pcre2_valid_utf_8
pcre2_substitute_8->_pcre2_strlen_8
pcre2_substitute_8->_pcre2_strlen_8
pcre2_substitute_8->llvm.memcpy.p0i8.p0i8.i64
pcre2_substitute_8->pcre2_match_8
pcre2_substitute_8->llvm.memcpy.p0i8.p0i8.i64
pcre2_substitute_8->llvm.memcpy.p0i8.p0i8.i64
pcre2_substitute_8->pcre2_substring_copy_byname_8
pcre2_substitute_8->pcre2_substring_copy_bynumber_8
pcre2_substitute_8->llvm.memcpy.p0i8.p0i8.i64
pcre2_substitute_8->pcre2_match_data_free_8
set_type_bits->_pcre2_ord2utf_8
set_table_bit->_pcre2_ord2utf_8
find_minlength->find_minlength
find_minlength->_pcre2_find_bracket_8
find_minlength->find_minlength
find_minlength->_pcre2_find_bracket_8
find_minlength->find_minlength
find_minlength->find_minlength
set_start_bits->_pcre2_ord2utf_8
set_start_bits->set_start_bits
set_start_bits->set_start_bits
set_start_bits->set_table_bit
set_start_bits->set_table_bit
set_start_bits->set_table_bit
set_start_bits->set_table_bit
set_start_bits->set_table_bit
set_start_bits->set_table_bit
set_start_bits->set_nottype_bits
set_start_bits->set_type_bits
set_start_bits->set_nottype_bits
set_start_bits->set_type_bits
set_start_bits->set_nottype_bits
set_start_bits->set_type_bits
set_start_bits->set_nottype_bits
set_start_bits->set_type_bits
set_start_bits->set_nottype_bits
set_start_bits->set_type_bits
set_start_bits->set_nottype_bits
set_start_bits->set_type_bits
set_start_bits->llvm.memset.p0i8.i64
_pcre2_study_8->set_start_bits
_pcre2_study_8->find_minlength
pcre2_serialize_decode_8->llvm.memcpy.p0i8.p0i8.i64
pcre2_serialize_decode_8->llvm.memcpy.p0i8.p0i8.i64
pcre2_serialize_decode_8->_pcre2_memctl_malloc_8
pcre2_serialize_decode_8->llvm.memcpy.p0i8.p0i8.i64
pcre2_serialize_decode_8->default_malloc
pcre2_serialize_decode_8->default_free
pcre2_serialize_decode_8->default_free
pcre2_serialize_encode_8->llvm.memcpy.p0i8.p0i8.i64
pcre2_serialize_encode_8->llvm.memcpy.p0i8.p0i8.i64
pcre2_serialize_encode_8->llvm.memcpy.p0i8.p0i8.i64
pcre2_serialize_encode_8->default_malloc
pcre2_match_data_free_8->default_malloc
pcre2_match_data_free_8->default_free
pcre2_match_data_create_from_pattern_8->pcre2_match_data_create_8
pcre2_match_data_create_8->_pcre2_memctl_malloc_8
op_recurse_ovecsave->llvm.memcpy.p0i8.p0i8.i64
op_recurse_ovecsave->match
op_recurse_ovecsave->llvm.memcpy.p0i8.p0i8.i64
match->match
match->_pcre2_strcmp_8
match->match
match->match
match->match
match->match
match->match
match->match
match->match
match->match
match->match
match->match
match->match
match->match
match->match
match->match
match->match
match->match
match->match
match->match
match->op_recurse_ovecsave
match->llvm.memcpy.p0i8.p0i8.i64
match->match
match->llvm.memcpy.p0i8.p0i8.i64
match->match
match->match
match->match
match->match
match->match
match->match
match->match
match->match
match->_pcre2_was_newline_8
match->_pcre2_is_newline_8
match->_pcre2_is_newline_8
match->_pcre2_is_newline_8
match->match_ref
match->match_ref
match->match
match->match_ref
match->match_ref
match->match
match->match
match->match_ref
match->match
match->match
match->match
match->match
match->_pcre2_xclass_8
match->match
match->_pcre2_xclass_8
match->_pcre2_xclass_8
match->match
match->_pcre2_ord2utf_8
match->memcmp
match->memcmp
match->match
match->memcmp
match->memcmp
match->memcmp
match->memcmp
match->match
match->match
match->match
match->match
match->match
match->match
match->match
match->match
match->match
match->match
match->match
match->match
match->match
match->_pcre2_is_newline_8
match->_pcre2_is_newline_8
match->match
match->match
match->match
match->match
match->match
match->match
match->match
match->match
match->match
match->match
match->match
match->match
match->_pcre2_is_newline_8
match->match
match->_pcre2_is_newline_8
match->match
match->match
match->_pcre2_is_newline_8
match->match
match->_pcre2_is_newline_8
match->match
match->default_malloc
pcre2_match_8->_pcre2_strlen_8
pcre2_match_8->_pcre2_valid_utf_8
pcre2_match_8->llvm.memcpy.p0i8.p0i8.i64
pcre2_match_8->llvm.memcpy.p0i8.p0i8.i64
pcre2_match_8->_pcre2_is_newline_8
pcre2_match_8->_pcre2_is_newline_8
pcre2_match_8->_pcre2_was_newline_8
pcre2_match_8->_pcre2_was_newline_8
pcre2_match_8->match
pcre2_match_8->_pcre2_is_newline_8
pcre2_match_8->llvm.memcpy.p0i8.p0i8.i64
pcre2_match_8->default_malloc
pcre2_match_8->default_free
pcre2_match_8->default_free
pcre2_match_8->default_free
could_be_empty->could_be_empty_branch
expand_workspace->llvm.memcpy.p0i8.p0i8.i64
expand_workspace->default_malloc
expand_workspace->default_free
add_to_class->get_othercase_range
add_to_class->add_list_to_class
add_to_class->add_to_class
add_to_class->_pcre2_ord2utf_8
add_to_class->_pcre2_ord2utf_8
add_to_class->_pcre2_ord2utf_8
get_ucp->_pcre2_strcmp_c8_8
add_not_list_to_class->add_to_class
add_not_list_to_class->add_to_class
add_list_to_class->add_to_class
check_escape->is_counted_repeat
check_posix_name->_pcre2_strncmp_c8_8
check_posix_syntax->check_posix_syntax
adjust_recurse->find_recurse
compile_branch->llvm.memmove.p0i8.p0i8.i64
compile_branch->complete_callout
compile_branch->auto_callout
compile_branch->_pcre2_is_newline_8
compile_branch->is_counted_repeat
compile_branch->complete_callout
compile_branch->auto_callout
compile_branch->_pcre2_strncmp_c8_8
compile_branch->_pcre2_strncmp_c8_8
compile_branch->check_posix_syntax
compile_branch->_pcre2_strncmp_c8_8
compile_branch->llvm.memset.p0i8.i64
compile_branch->check_posix_syntax
compile_branch->check_posix_name
compile_branch->llvm.memcpy.p0i8.p0i8.i64
compile_branch->check_escape
compile_branch->add_list_to_class
compile_branch->add_not_list_to_class
compile_branch->add_list_to_class
compile_branch->add_not_list_to_class
compile_branch->get_ucp
compile_branch->check_escape
compile_branch->check_posix_syntax
compile_branch->add_to_class
compile_branch->_pcre2_ord2utf_8
compile_branch->_pcre2_ord2utf_8
compile_branch->add_to_class
compile_branch->llvm.memmove.p0i8.p0i8.i64
compile_branch->llvm.memcpy.p0i8.p0i8.i64
compile_branch->llvm.memcpy.p0i8.p0i8.i64
compile_branch->read_repeat_counts
compile_branch->_pcre2_is_newline_8
compile_branch->llvm.memmove.p0i8.p0i8.i64
compile_branch->llvm.memcpy.p0i8.p0i8.i64
compile_branch->llvm.memcpy.p0i8.p0i8.i64
compile_branch->llvm.memcpy.p0i8.p0i8.i64
compile_branch->adjust_recurse
compile_branch->llvm.memmove.p0i8.p0i8.i64
compile_branch->adjust_recurse
compile_branch->llvm.memmove.p0i8.p0i8.i64
compile_branch->llvm.memcpy.p0i8.p0i8.i64
compile_branch->expand_workspace
compile_branch->llvm.memcpy.p0i8.p0i8.i64
compile_branch->expand_workspace
compile_branch->could_be_empty_branch
compile_branch->adjust_recurse
compile_branch->llvm.memmove.p0i8.p0i8.i64
compile_branch->adjust_recurse
compile_branch->llvm.memmove.p0i8.p0i8.i64
compile_branch->_pcre2_strncmp_c8_8
compile_branch->llvm.memcpy.p0i8.p0i8.i64
compile_branch->_pcre2_strncmp_c8_8
compile_branch->_pcre2_strncmp_8
compile_branch->_pcre2_strncmp_8
compile_branch->_pcre2_strncmp_c8_8
compile_branch->is_counted_repeat
compile_branch->_pcre2_strncmp_8
compile_branch->llvm.memcpy.p0i8.p0i8.i64
compile_branch->_pcre2_strncmp_8
compile_branch->_pcre2_strncmp_8
compile_branch->_pcre2_strcmp_8
compile_branch->_pcre2_find_bracket_8
compile_branch->expand_workspace
compile_branch->could_be_empty
compile_branch->compile_regex
compile_branch->check_escape
compile_branch->get_ucp
compile_branch->_pcre2_ord2utf_8
compile_branch->default_malloc
compile_branch->default_free
could_be_empty_branch->first_significant_code
could_be_empty_branch->could_be_empty_branch
could_be_empty_branch->could_be_empty_branch
could_be_empty_branch->first_significant_code
pcre2_code_free_8->_pcre2_jit_free_8
pcre2_code_free_8->default_malloc
pcre2_code_free_8->default_free
pcre2_code_free_8->default_malloc
pcre2_code_free_8->default_free
compare_opcodes->compare_opcodes
compare_opcodes->compare_opcodes
compare_opcodes->get_chr_property_list
compare_opcodes->check_char_prop
compare_opcodes->_pcre2_xclass_8
get_chr_property_list->get_repeat_base
_pcre2_auto_possessify_8->get_repeat_base
_pcre2_auto_possessify_8->get_chr_property_list
_pcre2_auto_possessify_8->compare_opcodes
_pcre2_auto_possessify_8->get_chr_property_list
_pcre2_auto_possessify_8->compare_opcodes
pcre2_compile_8->_pcre2_strlen_8
pcre2_compile_8->llvm.memcpy.p0i8.p0i8.i64
pcre2_compile_8->_pcre2_strncmp_c8_8
pcre2_compile_8->_pcre2_valid_utf_8
pcre2_compile_8->compile_regex
pcre2_compile_8->llvm.memcpy.p0i8.p0i8.i64
pcre2_compile_8->llvm.memset.p0i8.i64
pcre2_compile_8->add_name_to_table
pcre2_compile_8->compile_regex
pcre2_compile_8->_pcre2_find_bracket_8
pcre2_compile_8->_pcre2_auto_possessify_8
pcre2_compile_8->_pcre2_find_bracket_8
pcre2_compile_8->find_fixedlength
pcre2_compile_8->_pcre2_find_bracket_8
pcre2_compile_8->pcre2_code_free_8
pcre2_compile_8->is_anchored
pcre2_compile_8->find_firstassertedcu
pcre2_compile_8->is_startline
pcre2_compile_8->could_be_empty_branch
pcre2_compile_8->_pcre2_study_8
pcre2_compile_8->default_free
pcre2_compile_8->default_malloc
pcre2_compile_8->default_malloc
pcre2_compile_8->default_free
pcre2_compile_8->default_free
compile_regex->compile_branch
compile_regex->find_fixedlength
compile_regex->adjust_recurse
compile_regex->llvm.memmove.p0i8.p0i8.i64
add_name_to_table->memcmp
add_name_to_table->llvm.memmove.p0i8.p0i8.i64
add_name_to_table->llvm.memcpy.p0i8.p0i8.i64
add_name_to_table->llvm.memset.p0i8.i64
find_fixedlength->find_fixedlength
find_fixedlength->find_fixedlength
is_anchored->first_significant_code
is_anchored->is_anchored
is_anchored->is_anchored
is_anchored->is_anchored
is_anchored->is_anchored
find_firstassertedcu->first_significant_code
find_firstassertedcu->find_firstassertedcu
is_startline->first_significant_code
is_startline->is_startline
is_startline->first_significant_code
is_startline->is_startline
is_startline->is_startline
is_startline->is_startline
is_startline->is_startline
pcre2_config_8->strlen
pcre2_config_8->_pcre2_strcpy_c8_8
pcre2_config_8->strlen
pcre2_config_8->_pcre2_strcpy_c8_8
_pcre2_memctl_malloc_8->malloc
_pcre2_memctl_malloc_8->llvm.memcpy.p0i8.p0i8.i64
default_malloc->malloc
default_free->free
pcre2_general_context_create_8->default_malloc
pcre2_compile_context_create_8->_pcre2_memctl_malloc_8
pcre2_compile_context_create_8->llvm.memcpy.p0i8.p0i8.i64
pcre2_compile_context_create_8->llvm.memcpy.p0i8.p0i8.i64
pcre2_match_context_create_8->_pcre2_memctl_malloc_8
pcre2_match_context_create_8->llvm.memcpy.p0i8.p0i8.i64
pcre2_match_context_create_8->llvm.memcpy.p0i8.p0i8.i64
pcre2_general_context_copy_8->llvm.memcpy.p0i8.p0i8.i64
pcre2_compile_context_copy_8->llvm.memcpy.p0i8.p0i8.i64
pcre2_match_context_copy_8->llvm.memcpy.p0i8.p0i8.i64
pcre2_dfa_match_8->_pcre2_strlen_8
pcre2_dfa_match_8->llvm.memcpy.p0i8.p0i8.i64
pcre2_dfa_match_8->llvm.memcpy.p0i8.p0i8.i64
pcre2_dfa_match_8->_pcre2_valid_utf_8
pcre2_dfa_match_8->_pcre2_is_newline_8
pcre2_dfa_match_8->_pcre2_is_newline_8
pcre2_dfa_match_8->_pcre2_was_newline_8
pcre2_dfa_match_8->_pcre2_was_newline_8
pcre2_dfa_match_8->internal_dfa_match
pcre2_dfa_match_8->_pcre2_is_newline_8
internal_dfa_match->llvm.memcpy.p0i8.p0i8.i64
internal_dfa_match->llvm.memmove.p0i8.p0i8.i64
internal_dfa_match->_pcre2_was_newline_8
internal_dfa_match->_pcre2_is_newline_8
internal_dfa_match->_pcre2_is_newline_8
internal_dfa_match->_pcre2_is_newline_8
internal_dfa_match->_pcre2_is_newline_8
internal_dfa_match->_pcre2_is_newline_8
internal_dfa_match->_pcre2_is_newline_8
internal_dfa_match->_pcre2_is_newline_8
internal_dfa_match->_pcre2_is_newline_8
internal_dfa_match->_pcre2_is_newline_8
internal_dfa_match->_pcre2_is_newline_8
internal_dfa_match->_pcre2_xclass_8
internal_dfa_match->internal_dfa_match
internal_dfa_match->internal_dfa_match
internal_dfa_match->internal_dfa_match
internal_dfa_match->internal_dfa_match
internal_dfa_match->internal_dfa_match
pcre2_get_error_message_8->sprintf
pcre2_maketables_8->malloc
pcre2_maketables_8->tolower
pcre2_maketables_8->__ctype_b_loc
pcre2_maketables_8->toupper
pcre2_maketables_8->tolower
pcre2_maketables_8->llvm.memset.p0i8.i64
pcre2_maketables_8->__ctype_b_loc
pcre2_maketables_8->__ctype_b_loc
pcre2_maketables_8->__ctype_b_loc
pcre2_maketables_8->__ctype_b_loc
pcre2_maketables_8->__ctype_b_loc
pcre2_maketables_8->__ctype_b_loc
pcre2_maketables_8->__ctype_b_loc
pcre2_maketables_8->__ctype_b_loc
pcre2_maketables_8->__ctype_b_loc
pcre2_maketables_8->__ctype_b_loc
pcre2_maketables_8->__ctype_b_loc
pcre2_maketables_8->__ctype_b_loc
pcre2_maketables_8->__ctype_b_loc
pcre2_maketables_8->__ctype_b_loc
pcre2_maketables_8->__ctype_b_loc
pcre2_maketables_8->strchr
