PL_GetNextOpt->strchr
PL_GetNextOpt->strlen
PL_GetNextOpt->strncmp
PL_GetNextOpt->strlen
PL_DestroyOptState->PR_Free
PL_DestroyOptState->PR_Free
PL_CreateLongOptState->PR_SetError
PL_CreateLongOptState->PR_Calloc
PL_CreateLongOptState->PR_SetError
PL_CreateLongOptState->PR_Malloc
PL_CreateLongOptState->PR_Free
PL_CreateLongOptState->PR_SetError
PL_CreateLongOptState->PL_strlen
PL_CreateOptState->PL_CreateLongOptState
PL_PrintError->PR_GetSpecialFD
PL_PrintError->PL_FPrintError
PL_FPrintError->PR_GetError
PL_FPrintError->PR_GetOSError
PL_FPrintError->PR_ErrorToName
PL_FPrintError->PR_fprintf
PL_FPrintError->PR_fprintf
PL_FPrintError->PR_fprintf
decode2to1->codetovalue
decode2to1->codetovalue
decode3to2->codetovalue
decode3to2->codetovalue
decode3to2->codetovalue
decode4to3->codetovalue
decode->decode4to3
decode->decode3to2
decode->decode2to1
decode->PR_Assert
PL_Base64Decode->strlen
PL_Base64Decode->PR_Malloc
PL_Base64Decode->decode
PL_Base64Decode->PR_Free
encode->encode3to4
encode->encode2to4
encode->encode1to4
encode->PR_Assert
PL_Base64Encode->strlen
PL_Base64Encode->PR_Malloc
PL_Base64Encode->encode
PL_strnrstr->strlen
PL_strnrstr->strncmp
PL_strnstr->strlen
PL_strnstr->strncmp
PL_strrstr->strlen
PL_strrstr->strlen
PL_strrstr->strncmp
PL_strstr->strstr
PL_strndup->PL_strnlen
PL_strndup->malloc
PL_strndup->llvm.memcpy.p0i8.p0i8.i32
PL_strfree->free
PL_strdup->strlen
PL_strdup->malloc
PL_strdup->llvm.memcpy.p0i8.p0i8.i32
PL_strlen->strlen
PL_strcpy->strcpy
PL_strcasestr->strlen
PL_strcasestr->PL_strncasecmp
PL_strcaserstr->strlen
PL_strcaserstr->strlen
PL_strcaserstr->PL_strncasecmp
PL_strncasestr->strlen
PL_strncasestr->PL_strncasecmp
PL_strncaserstr->strlen
PL_strncaserstr->PL_strncasecmp
PL_strcat->strcat
PL_strncat->PL_strncpy
PL_strcatn->PL_strncpyz
PL_strcmp->strcmp
PL_strncmp->strncmp
PL_strchr->strchr
PL_strrchr->strrchr
PL_strpbrk->strpbrk
