PL_CompareStrings->strcmp
PL_FinishArenaPool->FreeArenaList
PL_FreeArenaPool->FreeArenaList
FreeArenaList->llvm.memset.p0i8.i32
FreeArenaList->PR_Free
PL_ArenaRelease->FreeArenaList
PL_ClearArenaPool->PR_Assert
PL_ClearArenaPool->PR_Assert
PL_ClearArenaPool->llvm.memset.p0i8.i32
PL_ArenaGrow->PL_ArenaAllocate
PL_ArenaGrow->llvm.memcpy.p0i8.p0i8.i32
PL_InitArenaPool->PR_CeilingLog2
PL_ArenaAllocate->PR_Assert
PL_ArenaAllocate->PR_Malloc
PL_ArenaAllocate->PR_Assert
PL_NewHashTable->PR_CeilingLog2
PL_NewHashTable->llvm.memset.p0i8.i32
PL_NewHashTable->llvm.memset.p0i8.i32
PL_NewHashTable->DefaultAllocTable
PL_NewHashTable->DefaultAllocTable
PL_NewHashTable->DefaultFreeTable
DefaultAllocTable->PR_Malloc
DefaultFreeTable->PR_Free
DefaultAllocEntry->PR_Malloc
DefaultFreeEntry->PR_Free
PL_HashTableDestroy->llvm.memset.p0i8.i32
PL_HashTableDestroy->llvm.memset.p0i8.i32
PL_HashTableRawAdd->llvm.memset.p0i8.i32
PL_HashTableRawAdd->PL_HashTableRawLookup
PL_HashTableRawAdd->PR_Assert
PL_HashTableRawAdd->llvm.memset.p0i8.i32
PL_HashTableRawAdd->PL_HashTableRawLookup
PL_HashTableAdd->PL_HashTableRawLookup
PL_HashTableAdd->PL_HashTableRawAdd
PL_HashTableRawRemove->llvm.memset.p0i8.i32
PL_HashTableRawRemove->PL_HashTableRawLookup
PL_HashTableRawRemove->PR_Assert
PL_HashTableRawRemove->llvm.memset.p0i8.i32
PL_HashTableRemove->PL_HashTableRawLookup
PL_HashTableRemove->PL_HashTableRawRemove
PL_HashTableLookup->PL_HashTableRawLookup
PL_HashTableLookupConst->PL_HashTableRawLookupConst
PL_HashTableEnumerateEntries->PL_HashTableRawRemove
PL_HashTableDump->PL_HashTableEnumerateEntries
