pam_acct_mgmt->syslog
pam_acct_mgmt->_pam_dispatch
_pam_await_timer->_pam_reset_timer
_pam_await_timer->_pam_compute_delay
_pam_await_timer->select
_pam_dispatch_aux->syslog
_pam_dispatch_aux->malloc
_pam_dispatch_aux->free
_pam_dispatch_aux->pam_get_item
_pam_dispatch_aux->pam_syslog
pam_modutil_getpwnam->pam_set_data
pam_modutil_getpwnam->malloc
pam_modutil_getpwnam->free
pam_modutil_getpwnam->pam_get_data
pam_modutil_getpwnam->strlen
pam_modutil_getpwnam->realloc
pam_modutil_getpwnam->__errno_location
pam_modutil_getpwnam->getpwnam_r
pam_modutil_getpwnam->intlen
pam_modutil_getpwnam->sprintf
pam_get_authtok_internal->free
pam_get_authtok_internal->strcmp
pam_get_authtok_internal->llvm.memset.p0i8.i64
pam_get_authtok_internal->get_option
pam_get_authtok_internal->dgettext
pam_get_authtok_internal->pam_set_item
pam_get_authtok_internal->pam_get_item
pam_get_authtok_internal->pam_prompt
_pam_free_handlers->syslog
_pam_free_handlers->free
_pam_free_handlers->_pam_free_handlers_aux
_pam_free_handlers->_pam_dlclose
pam_modutil_user_in_group_uid_gid->pam_modutil_getgrgid
pam_modutil_user_in_group_uid_gid->pam_modutil_getpwuid
pam_modutil_user_in_group_uid_gid->pam_modutil_user_in_group_common
change_uid->setfsuid
_pam_memdup->malloc
_pam_memdup->llvm.memcpy.p0i8.p0i8.i64
_pam_memdup->pam_syslog
pam_open_session->syslog
pam_open_session->_pam_dispatch
pam_modutil_search_key->free
pam_modutil_search_key->fclose
pam_modutil_search_key->fopen
pam_modutil_search_key->strcasecmp
pam_modutil_search_key->__ctype_b_loc
pam_modutil_search_key->strchr
pam_modutil_search_key->feof
pam_modutil_search_key->getline
pam_modutil_search_key->strsep
pam_modutil_search_key->strdup
pam_syslog->llvm.va_start
pam_syslog->llvm.va_end
pam_syslog->pam_vsyslog
_pam_dlerror->dlerror
_pam_compute_delay->_pam_rand
pam_end->syslog
pam_end->free
pam_end->_pam_free_data
pam_end->_pam_drop_env
pam_end->_pam_free_handlers
pam_end->_pam_audit_end
pam_modutil_getgrgid->pam_set_data
pam_modutil_getgrgid->malloc
pam_modutil_getgrgid->free
pam_modutil_getgrgid->pam_get_data
pam_modutil_getgrgid->realloc
pam_modutil_getgrgid->__errno_location
pam_modutil_getgrgid->sprintf
pam_modutil_getgrgid->getgrgid_r
pam_modutil_getgrgid->longlen
pam_modutil_getgrgid->intlen.255
pam_modutil_getlogin->pam_set_data
pam_modutil_getlogin->free
pam_modutil_getlogin->pam_get_data
pam_modutil_getlogin->calloc
pam_modutil_getlogin->pam_get_item
pam_modutil_getlogin->ttyname
pam_modutil_getlogin->strchr
pam_modutil_getlogin->setutent
pam_modutil_getlogin->strncpy
pam_modutil_getlogin->getutline
pam_modutil_getlogin->endutent
_pam_add_handler->syslog
_pam_add_handler->malloc
_pam_add_handler->free
_pam_add_handler->_pam_load_module
_pam_add_handler->asprintf
_pam_add_handler->llvm.memcpy.p0i8.p0i8.i64
_pam_add_handler->extract_modulename
_pam_add_handler->pam_syslog
_pam_add_handler->_pam_dlsym
pam_modutil_user_in_group_nam_nam->pam_modutil_getpwnam
pam_modutil_user_in_group_nam_nam->pam_modutil_getgrnam
pam_modutil_user_in_group_nam_nam->pam_modutil_user_in_group_common
pam_modutil_drop_priv->calloc
pam_modutil_drop_priv->pam_syslog
pam_modutil_drop_priv->geteuid
pam_modutil_drop_priv->getgroups
pam_modutil_drop_priv->cleanup
pam_modutil_drop_priv->setgroups
pam_modutil_drop_priv->change_gid
pam_modutil_drop_priv->change_uid
pam_set_item->syslog
pam_set_item->malloc
pam_set_item->free
pam_set_item->llvm.memset.p0i8.i64
pam_set_item->llvm.memcpy.p0i8.p0i8.i64
pam_set_item->tolower
pam_set_item->_pam_strdup
pam_set_item->_pam_memdup
pam_set_item->pam_syslog
_pam_mkargv->malloc
_pam_mkargv->free
_pam_mkargv->strlen
_pam_mkargv->strcpy
_pam_mkargv->_pam_StrTok
_pam_mkargv->_pam_strdup
_pam_mkargv->pam_syslog
close_fds->opendir
close_fds->dirfd
close_fds->is_in_procfs
close_fds->readdir
close_fds->atoi
close_fds->close
close_fds->closedir
close_fds->getrlimit
pam_close_session->syslog
pam_close_session->_pam_dispatch
pam_prompt->pam_vprompt
pam_prompt->llvm.va_start
pam_prompt->llvm.va_end
pam_authenticate->syslog
pam_authenticate->_pam_start_timer
pam_authenticate->_pam_await_timer
pam_authenticate->_pam_dispatch
pam_authenticate->_pam_sanitize
_pam_dlopen->dlopen
pam_get_data->syslog
pam_get_data->_pam_locate_data
_pam_make_env->syslog
_pam_make_env->malloc
_pam_make_env->free
_pam_make_env->calloc
_pam_make_env->pam_syslog
pam_getenv->syslog
pam_getenv->_pam_search_env
pam_getenv->strlen
pam_getenv->pam_syslog
get_option->strncmp
get_option->strlen
pam_modutil_getgrnam->pam_set_data
pam_modutil_getgrnam->malloc
pam_modutil_getgrnam->free
pam_modutil_getgrnam->pam_get_data
pam_modutil_getgrnam->strlen
pam_modutil_getgrnam->realloc
pam_modutil_getgrnam->__errno_location
pam_modutil_getgrnam->sprintf
pam_modutil_getgrnam->getgrnam_r
pam_modutil_getgrnam->intlen.260
_pam_open_config_file->free
_pam_open_config_file->fopen
_pam_open_config_file->asprintf
_pam_open_config_file->llvm.memcpy.p0i8.p0i8.i64
_pam_open_config_file->_pam_strdup
_pam_open_config_file->pam_syslog
_pam_load_conf_file->free
_pam_load_conf_file->_pam_open_config_file
_pam_load_conf_file->_pam_parse_conf_file
_pam_load_conf_file->fclose
_pam_load_conf_file->pam_strerror
_pam_load_conf_file->pam_syslog
pam_modutil_user_in_group_common->strcmp
pam_modutil_user_in_group_common->checkgrouplist
_pam_sanitize->pam_set_item
pam_start_confdir->_pam_start_internal
pam_setcred->syslog
pam_setcred->_pam_dispatch
_pam_free_data->syslog
_pam_free_data->free
_pam_auditlog->free
_pam_auditlog->pam_syslog
_pam_auditlog->_pam_audit_open
_pam_auditlog->_pam_list_grantors
_pam_auditlog->_pam_audit_writelog
_pam_auditlog->audit_close
_pam_parse_conf_file->_pam_assemble_line
_pam_parse_conf_file->strcasecmp
_pam_parse_conf_file->_pam_add_handler
_pam_parse_conf_file->_pam_load_conf_file
_pam_parse_conf_file->_pam_StrTok
_pam_parse_conf_file->_pam_mkargv
_pam_parse_conf_file->_pam_set_default_control
_pam_parse_conf_file->_pam_parse_control
_pam_parse_conf_file->pam_syslog
_pam_load_module->malloc
_pam_load_module->free
_pam_load_module->strcmp
_pam_load_module->strlen
_pam_load_module->llvm.memcpy.p0i8.p0i8.i64
_pam_load_module->realloc
_pam_load_module->strstr
_pam_load_module->strcpy
_pam_load_module->_pam_strdup
_pam_load_module->pam_syslog
_pam_load_module->_pam_dlopen
_pam_load_module->_pam_dlerror
checkgrouplist->malloc
checkgrouplist->free
checkgrouplist->getgrouplist
pam_get_item->syslog
pam_get_item->pam_syslog
pam_modutil_regain_priv->pam_syslog
pam_modutil_regain_priv->cleanup
pam_modutil_regain_priv->setgroups
pam_modutil_regain_priv->change_gid
pam_modutil_regain_priv->change_uid
_pam_start_internal->malloc
_pam_start_internal->free
_pam_start_internal->_pam_reset_timer
_pam_start_internal->_pam_make_env
_pam_start_internal->calloc
_pam_start_internal->_pam_drop_env
_pam_start_internal->llvm.memset.p0i8.i64
_pam_start_internal->_pam_init_handlers
_pam_start_internal->llvm.memcpy.p0i8.p0i8.i64
_pam_start_internal->strrchr
_pam_start_internal->_pam_start_handlers
_pam_start_internal->tolower
_pam_start_internal->_pam_strdup
_pam_start_internal->pam_syslog
pam_set_data->syslog
pam_set_data->_pam_locate_data
pam_set_data->malloc
pam_set_data->free
pam_set_data->_pam_strdup
pam_set_data->pam_syslog
pam_set_data->pam_modutil_cleanup
_pam_dlsym->dlsym
_pam_audit_open->__errno_location
_pam_audit_open->pam_syslog
_pam_audit_open->audit_open
pam_fail_delay->syslog
_pam_audit_end->_pam_auditlog
_pam_drop_env->syslog
_pam_drop_env->free
pam_modutil_read->__errno_location
pam_modutil_read->read
pam_getenvlist->syslog
pam_getenvlist->_copy_env
pam_getenvlist->pam_syslog
pam_get_authtok_noverify->pam_get_authtok_internal
cleanup->free
pam_get_user->syslog
pam_get_user->free
pam_get_user->strcmp
pam_get_user->dgettext
pam_get_user->pam_set_item
pam_get_user->_pam_strdup
pam_get_user->pam_syslog
pam_modutil_sanitize_helper_fds->pam_syslog
pam_modutil_sanitize_helper_fds->redirect_in_pipe
pam_modutil_sanitize_helper_fds->redirect_out
pam_modutil_sanitize_helper_fds->dup2
pam_modutil_sanitize_helper_fds->close_fds
_pam_parse_control->strncmp
_pam_parse_control->strlen
_pam_parse_control->_pam_set_default_control
_pam_parse_control->__ctype_b_loc
_pam_parse_control->pam_syslog
is_in_procfs->fstatfs
pam_start->_pam_start_internal
redirect_out_null->pam_syslog
redirect_out_null->dup2
redirect_out_null->close
redirect_out_null->open
pam_vsyslog->syslog
pam_vsyslog->free
pam_vsyslog->asprintf
pam_vsyslog->vasprintf
pam_vsyslog->__errno_location
pam_vsyslog->_pam_choice2str
_pam_locate_data->syslog
_pam_locate_data->strcmp
_pam_start_timer->time
_pam_list_grantors->malloc
_pam_list_grantors->strlen
_pam_list_grantors->stpcpy
_pam_dispatch->syslog
_pam_dispatch->_pam_clear_grantors
_pam_dispatch->_pam_dispatch_aux
_pam_dispatch->_pam_init_handlers
_pam_dispatch->pam_syslog
_pam_dispatch->_pam_auditlog
pam_modutil_audit_write->_pam_audit_open
pam_modutil_audit_write->_pam_audit_writelog
pam_modutil_audit_write->audit_close
pam_putenv->syslog
pam_putenv->free
pam_putenv->calloc
pam_putenv->_pam_search_env
pam_putenv->llvm.memmove.p0i8.p0i8.i64
pam_putenv->_pam_strdup
pam_putenv->pam_syslog
_copy_env->free
_copy_env->calloc
_copy_env->_pam_strdup
pam_modutil_getpwuid->pam_set_data
pam_modutil_getpwuid->malloc
pam_modutil_getpwuid->free
pam_modutil_getpwuid->pam_get_data
pam_modutil_getpwuid->realloc
pam_modutil_getpwuid->__errno_location
pam_modutil_getpwuid->sprintf
pam_modutil_getpwuid->getpwuid_r
pam_modutil_getpwuid->longlen.257
pam_modutil_getpwuid->intlen.258
pam_get_authtok_verify->free
pam_get_authtok_verify->strcmp
pam_get_authtok_verify->dgettext
pam_get_authtok_verify->pam_set_item
pam_get_authtok_verify->pam_get_item
pam_get_authtok_verify->pam_prompt
pam_modutil_getspnam->pam_set_data
pam_modutil_getspnam->malloc
pam_modutil_getspnam->free
pam_modutil_getspnam->pam_get_data
pam_modutil_getspnam->strlen
pam_modutil_getspnam->realloc
pam_modutil_getspnam->__errno_location
pam_modutil_getspnam->sprintf
pam_modutil_getspnam->getspnam_r
pam_modutil_getspnam->intlen.262
pam_modutil_user_in_group_nam_gid->pam_modutil_getpwnam
pam_modutil_user_in_group_nam_gid->pam_modutil_getgrgid
pam_modutil_user_in_group_nam_gid->pam_modutil_user_in_group_common
redirect_in_pipe->pam_syslog
redirect_in_pipe->dup2
redirect_in_pipe->close
redirect_in_pipe->pipe
pam_strerror->dgettext
_pam_dlclose->dlclose
_pam_audit_writelog->free
_pam_audit_writelog->asprintf
_pam_audit_writelog->__errno_location
_pam_audit_writelog->pam_syslog
_pam_audit_writelog->audit_log_acct_message
pam_modutil_cleanup->free
_pam_search_env->strncmp
pam_modutil_write->__errno_location
pam_modutil_write->write
pam_get_authtok->pam_get_authtok_internal
_pam_init_handlers->syslog
_pam_init_handlers->malloc
_pam_init_handlers->free
_pam_init_handlers->_pam_free_handlers
_pam_init_handlers->stat
_pam_init_handlers->_pam_open_config_file
_pam_init_handlers->_pam_parse_conf_file
_pam_init_handlers->fclose
_pam_init_handlers->fopen
_pam_init_handlers->pam_strerror
_pam_init_handlers->pam_syslog
_pam_assemble_line->strlen
_pam_assemble_line->fgets
_pam_assemble_line->strspn
extract_modulename->free
extract_modulename->strcmp
extract_modulename->strrchr
extract_modulename->_pam_strdup
pam_modutil_user_in_group_uid_nam->pam_modutil_getpwuid
pam_modutil_user_in_group_uid_nam->pam_modutil_getgrnam
pam_modutil_user_in_group_uid_nam->pam_modutil_user_in_group_common
_pam_free_handlers_aux->free
_pam_free_handlers_aux->llvm.memset.p0i8.i64
change_gid->setfsgid
_pam_strdup->malloc
_pam_strdup->strlen
_pam_strdup->strcpy
_pam_strdup->pam_syslog
redirect_out->redirect_in_pipe
redirect_out->redirect_out_null
pam_chauthtok->syslog
pam_chauthtok->_pam_start_timer
pam_chauthtok->_pam_await_timer
pam_chauthtok->_pam_dispatch
pam_chauthtok->_pam_sanitize
pam_chauthtok->pam_syslog
pam_vprompt->free
pam_vprompt->pam_get_item
pam_vprompt->vasprintf
pam_vprompt->pam_syslog
