psl_is_public_suffix->is_public_suffix
suffix_compare->strcmp
isip->inet_pton
psl_load_file->fopen
psl_load_file->psl_load_fp
psl_load_file->fclose
insert_file->stat
IsEndCharMatch->IsMatchUnchecked
psl_is_public_suffix2->is_public_suffix
IsMatch->IsMatchUnchecked
suffix_compare_array->suffix_compare
vector_sort->qsort
is_public_suffix->psl_idna_open
is_public_suffix->psl_idna_toASCII
is_public_suffix->strlen
is_public_suffix->psl_idna_close
is_public_suffix->strchr
is_public_suffix->vector_get
is_public_suffix->vector_find
is_public_suffix->free
is_public_suffix->LookupStringInFixedSet
vector_find->suffix_compare_array
psl_builtin_outdated->stat
punycode_encode->encode_digit
punycode_encode->adapt
LookupStringInFixedSet->GetNextOffset
LookupStringInFixedSet->IsEOL
LookupStringInFixedSet->IsMatch
LookupStringInFixedSet->NextPos
LookupStringInFixedSet->GetReturnValue
LookupStringInFixedSet->IsEndCharMatch
IsMatchUnchecked->GetMultibyteLength
psl_unregistrable_domain->is_public_suffix
psl_unregistrable_domain->strlen
psl_unregistrable_domain->strchr
NextPos->GetMultibyteLength
vector_alloc->free
vector_alloc->calloc
vector_alloc->malloc
psl_free->free
psl_free->vector_free
psl_free_string->free
psl_load_fp->psl_idna_open
psl_load_fp->strlen
psl_load_fp->psl_idna_close
psl_load_fp->vector_get
psl_load_fp->vector_find
psl_load_fp->llvm.memcpy.p0i8.p0i8.i64
psl_load_fp->calloc
psl_load_fp->fgets
psl_load_fp->strncmp
psl_load_fp->atoi
psl_load_fp->malloc
psl_load_fp->fread
psl_load_fp->realloc
psl_load_fp->vector_alloc
psl_load_fp->isspace_ascii
psl_load_fp->strstr
psl_load_fp->suffix_init
psl_load_fp->vector_add
psl_load_fp->add_punycode_if_needed
psl_load_fp->vector_sort
psl_load_fp->psl_free
psl_load_fp->GetUtfMode
vector_add->free
vector_add->llvm.memcpy.p0i8.p0i8.i64
vector_add->malloc
vector_add->realloc
psl_is_cookie_domain_acceptable->strlen
psl_is_cookie_domain_acceptable->psl_unregistrable_domain
psl_is_cookie_domain_acceptable->strcmp
psl_is_cookie_domain_acceptable->isip
psl_registrable_domain->is_public_suffix
psl_registrable_domain->strlen
psl_registrable_domain->strchr
psl_latest->psl_load_file
psl_latest->psl_builtin
psl_latest->insert_file
vector_free->free
psl_idna_toASCII->domain_to_punycode
psl_idna_toASCII->strdup
domain_to_punycode->strlen
domain_to_punycode->strchr
domain_to_punycode->mem_is_ascii
domain_to_punycode->llvm.memcpy.p0i8.p0i8.i64
domain_to_punycode->utf8_to_utf32
domain_to_punycode->punycode_encode
psl_str_to_utf8lower->strdup
psl_str_to_utf8lower->str_is_ascii
psl_str_to_utf8lower->__ctype_b_loc
psl_str_to_utf8lower->tolower
add_punycode_if_needed->psl_idna_toASCII
add_punycode_if_needed->strlen
add_punycode_if_needed->vector_get
add_punycode_if_needed->free
add_punycode_if_needed->suffix_init
add_punycode_if_needed->vector_add
add_punycode_if_needed->str_is_ascii
add_punycode_if_needed->strcmp
