avc_context_to_sid_raw->__assert_fail
avc_context_to_sid_raw->avc_get_lock
avc_context_to_sid_raw->avc_release_lock
avc_context_to_sid_raw->sidtab_context_to_sid
setexecfilecon->strdup
setexecfilecon->strcmp
setexecfilecon->security_compute_create_internal
setexecfilecon->context_new_internal
setexecfilecon->context_free_internal
setexecfilecon->context_str_internal
setexecfilecon->context_type_set_internal
setexecfilecon->is_selinux_enabled_internal
setexecfilecon->freecon_internal
setexecfilecon->security_getenforce_internal
setexecfilecon->getfilecon_internal
setexecfilecon->getcon_internal
setexecfilecon->setexeccon_internal
setexecfilecon->string_to_security_class
selinux_current_policy_path_internal->snprintf
selinux_current_policy_path_internal->access
selinux_current_policy_path_internal->security_policyvers_internal
selinux_current_policy_path_internal->selinux_binary_policy_path_internal
selinux_file_context_cmp->strcmp
selinux_file_context_cmp->strchr
security_canonicalize_context_internal->security_canonicalize_context_raw_internal
security_canonicalize_context_internal->freecon_internal
security_canonicalize_context_internal->selinux_trans_to_raw_context_internal
security_canonicalize_context_internal->selinux_raw_to_trans_context_internal
avc_clear_avc_entry->llvm.memset.p0i8.i64
getseuser->strdup
getseuser->free
getseuser->strlen
getseuser->fopen
getseuser->getline
getseuser->fclose
getseuser->__fsetlocking
getseuser->strncmp
getseuser->strchr
getseuser->asprintf
getseuser->selinux_policy_root
getseuser->getseuserbyname
restorecon_init->selinux_restorecon_default_handle
restorecon_init->selinux_restorecon_set_sehandle
restorecon_init->exclude_non_seclabel_mounts
getfscreatecon->getprocattrcon
selabel_lookup_best_match_raw->strdup
selabel_lookup_best_match_raw->__errno_location
selabel_lookup_best_match_raw->selabel_lookup_bm_common
conditional_free->free
selinux_restorecon_set_sehandle->selabel_digest
next_entry.370->llvm.memcpy.p0i8.p0i8.i64
nodups_specs->__errno_location
nodups_specs->strcmp
get_context_order->__errno_location
get_context_order->free
get_context_order->strcmp
get_context_order->getline
get_context_order->__ctype_b_loc
get_context_order->context_new_internal
get_context_order->context_free_internal
get_context_order->context_type_get_internal
get_context_order->context_role_get_internal
get_context_order->find_partialcon
rpm_execcon->setexecfilecon
rpm_execcon->execve
selinux_file_context_path_internal->get_path
selinux_file_context_verify->__errno_location
selinux_file_context_verify->freecon_internal
selinux_file_context_verify->selabel_lookup_raw
selinux_file_context_verify->lgetfilecon_raw_internal
selinux_file_context_verify->matchpathcon_init_prefix_internal
selinux_file_context_verify->realpath_not_final
selinux_file_context_verify->realpath
selinux_file_context_verify->selinux_file_context_cmp
lookup_common->free
lookup_common->lookup_all
verify_selinuxmnt->__errno_location
verify_selinuxmnt->statfs
verify_selinuxmnt->statvfs
verify_selinuxmnt->set_selinuxmnt_internal
selinux_check_access->avc_context_to_sid
selinux_check_access->__errno_location
selinux_check_access->avc_has_perm
selinux_check_access->avc_netlink_check_nb
selinux_check_access->pthread_once
selinux_check_access->avc_init_once
selinux_check_access->security_deny_unknown_internal
selinux_check_access->string_to_security_class
selinux_check_access->string_to_av_perm
avc_destroy->__assert_fail
avc_destroy->avc_get_lock
avc_destroy->avc_release_lock
avc_destroy->avc_stop_thread
avc_destroy->avc_free
avc_destroy->avc_free_lock
avc_destroy->avc_netlink_close
avc_destroy->sidtab_destroy
setfscreatecon_raw_internal->setprocattrcon_raw
process_line.244->free
process_line.244->strcmp
process_line.244->__ctype_b_loc
process_line.244->sscanf
context_str_internal->malloc
context_str_internal->strlen
context_str_internal->conditional_free
context_str_internal->stpcpy
exclude_non_seclabel_mounts->__assert_fail
exclude_non_seclabel_mounts->__errno_location
exclude_non_seclabel_mounts->free
exclude_non_seclabel_mounts->strcmp
exclude_non_seclabel_mounts->fopen
exclude_non_seclabel_mounts->getline
exclude_non_seclabel_mounts->fclose
exclude_non_seclabel_mounts->is_selinux_enabled_internal
exclude_non_seclabel_mounts->uname
exclude_non_seclabel_mounts->strverscmp
exclude_non_seclabel_mounts->strtok
exclude_non_seclabel_mounts->remove_exclude
exclude_non_seclabel_mounts->file_system_count
exclude_non_seclabel_mounts->add_exclude
sort_specs->malloc
sort_specs->llvm.memcpy.p0i8.p0i8.i64
sort_specs->free
security_get_boolean_pending->free
security_get_boolean_pending->get_bool_value
security_get_boolean_pending->atoi
selinux_homedir_context_path_internal->get_path
selinux_lsetfilecon_default->__errno_location
selinux_lsetfilecon_default->freecon_internal
selinux_lsetfilecon_default->selabel_lookup_raw
selinux_lsetfilecon_default->lsetfilecon_raw_internal
selinux_lsetfilecon_default->lstat
selinux_lsetfilecon_default->matchpathcon_init_prefix_internal
lookup_all->__errno_location
lookup_all->malloc
lookup_all->llvm.memcpy.p0i8.p0i8.i64
lookup_all->free
lookup_all->strlen
lookup_all->strcmp
lookup_all->strcpy
lookup_all->strstr
lookup_all->calloc
lookup_all->compile_regex
lookup_all->selabel_sub_key
lookup_all->find_stem_from_file
lookup_all->regex_match
selinuxfs_exists_internal->free
selinuxfs_exists_internal->fopen
selinuxfs_exists_internal->getline
selinuxfs_exists_internal->fclose
selinuxfs_exists_internal->__fsetlocking
selinuxfs_exists_internal->strstr
Sha1Update->llvm.memcpy.p0i8.p0i8.i64
Sha1Update->TransformFunction
setfscreatecon->setprocattrcon
lgetfilecon_raw_internal->llvm.memset.p0i8.i64
lgetfilecon_raw_internal->__errno_location
lgetfilecon_raw_internal->malloc
lgetfilecon_raw_internal->free
lgetfilecon_raw_internal->realloc
lgetfilecon_raw_internal->lgetxattr
selabel_digest->__errno_location
avc_netlink_close->close
regex_match->strlen
regex_match->get_pcre_extra
regex_match->pcre_exec
default_printf->llvm.va_start
default_printf->vfprintf
default_printf->llvm.va_end
open_file->llvm.memset.p0i8.i64
open_file->__errno_location
open_file->llvm.memcpy.p0i8.p0i8.i64
open_file->snprintf
open_file->fopen
open_file->strcpy
open_file->llvm.stacksave
open_file->rolling_append
open_file->stat
open_file->llvm.stackrestore
order_compare->strcmp
get_bool_value->__errno_location
get_bool_value->malloc
get_bool_value->free
get_bool_value->close
get_bool_value->bool_open
get_bool_value->read
setfilecon_raw_internal->__errno_location
setfilecon_raw_internal->strlen
setfilecon_raw_internal->strcmp
setfilecon_raw_internal->freecon_internal
setfilecon_raw_internal->getfilecon_raw_internal
setfilecon_raw_internal->setxattr
selinux_media_context_path_internal->get_path
security_policyvers_internal->llvm.memset.p0i8.i64
security_policyvers_internal->__errno_location
security_policyvers_internal->snprintf
security_policyvers_internal->close
security_policyvers_internal->read
security_policyvers_internal->open
security_policyvers_internal->sscanf
selabel_sub_key->free
selabel_sub_key->selabel_sub
avc_init_once->avc_open
avc_init_once->avc_add_callback
avc_init_once->is_selinux_enabled_internal
avc_free->free
TransformFunction->llvm.memcpy.p0i8.p0i8.i64
check_excluded->strncmp
getsockcreatecon_raw_internal->getprocattrcon_raw
selabel_close->free
selabel_close->selabel_digest_fini
selabel_close->db_close
selabel_close->closef
selabel_close->close.220
selabel_close->close.239
avc_netlink_check_nb->__errno_location
avc_netlink_check_nb->avc_netlink_receive
avc_netlink_check_nb->avc_netlink_process
compat_validate->selabel_validate
compat_validate->default_canoncon
fcontext_is_binary->rewind
fcontext_is_binary->fread
avc_context_to_sid->avc_context_to_sid_raw
avc_context_to_sid->freecon_internal
avc_context_to_sid->selinux_trans_to_raw_context_internal
setfilecon->freecon_internal
setfilecon->setfilecon_raw_internal
setfilecon->selinux_trans_to_raw_context_internal
selinux_customizable_types_path_internal->get_path
procattr_destructor->pthread_key_delete
find_stem_from_file->strncmp
find_stem_from_file->get_stem_from_file_name
avc_reset_callback->flush_class_cache
Sha1Finalise->Sha1Update
restorecon_sb->__errno_location
restorecon_sb->strerror
restorecon_sb->strcmp
restorecon_sb->freecon_internal
restorecon_sb->fprintf
restorecon_sb->strncmp
restorecon_sb->is_context_customizable
restorecon_sb->selabel_lookup_raw
restorecon_sb->lgetfilecon_raw_internal
restorecon_sb->lsetfilecon
restorecon_sb->fflush
restorecon_sb->filespec_add
restorecon_sb->compare_types
restorecon_sb->syslog
getsockcreatecon->getprocattrcon
lgetfilecon->strlen
lgetfilecon->freecon_internal
lgetfilecon->lgetfilecon_raw_internal
lgetfilecon->selinux_raw_to_trans_context_internal
selabel_digest_fini->free
avc_netlink_receive->__errno_location
avc_netlink_receive->poll
avc_netlink_receive->recvfrom
load_mmap->malloc
load_mmap->free
load_mmap->strlen
load_mmap->strcmp
load_mmap->calloc
load_mmap->selabel_validate
load_mmap->fileno
load_mmap->grow_specs
load_mmap->pthread_mutex_init
load_mmap->find_stem
load_mmap->store_stem
load_mmap->perror
load_mmap->mmap
load_mmap->next_entry
load_mmap->regex_arch_string
load_mmap->regex_version
load_mmap->regex_load_mmap
get_failsafe_context->__errno_location
get_failsafe_context->malloc
get_failsafe_context->free
get_failsafe_context->snprintf
get_failsafe_context->strlen
get_failsafe_context->fopen
get_failsafe_context->fclose
get_failsafe_context->security_check_context_internal
get_failsafe_context->fgets_unlocked
get_failsafe_context->selinux_failsafe_context_path_internal
bool_open->__assert_fail
bool_open->__errno_location
bool_open->malloc
bool_open->free
bool_open->snprintf
bool_open->strlen
bool_open->selinux_boolean_sub_internal
bool_open->open
bool_open->realloc
avc_sid_to_context_raw->avc_get_lock
avc_sid_to_context_raw->avc_release_lock
avc_sid_to_context_raw->strdup
setrans_lib_destructor->pthread_key_delete
selinux_contexts_path->get_path
getcon_raw_internal->getprocattrcon_raw
get_stem_from_file_name->strchr
selinux_check_passwd_access_internal->security_compute_av_raw_internal
selinux_check_passwd_access_internal->is_selinux_enabled_internal
selinux_check_passwd_access_internal->freecon_internal
selinux_check_passwd_access_internal->security_getenforce_internal
selinux_check_passwd_access_internal->getprevcon_raw_internal
selinux_check_passwd_access_internal->string_to_security_class
flush_class_cache->free
setsockcreatecon_raw_internal->setprocattrcon_raw
security_load_policy_internal->__errno_location
security_load_policy_internal->snprintf
security_load_policy_internal->close
security_load_policy_internal->open
security_load_policy_internal->write
selabel_stats->db_stats
selabel_stats->stats
selabel_stats->stats.222
selabel_stats->stats.241
avc_netlink_process->__errno_location
avc_netlink_process->avc_ss_reset
avc_netlink_process->default_selinux_policyload
avc_netlink_process->default_selinux_setenforce
remove_exclude->llvm.memcpy.p0i8.p0i8.i64
remove_exclude->free
remove_exclude->strcmp
regex_cmp->__assert_fail
regex_cmp->memcmp
regex_cmp->pcre_fullinfo
process_text_file->free
process_text_file->getline
process_text_file->process_line.195
selinux_trans_to_raw_context_internal->strdup
selinux_trans_to_raw_context_internal->free
selinux_trans_to_raw_context_internal->strcmp
selinux_trans_to_raw_context_internal->pthread_once
selinux_trans_to_raw_context_internal->init_context_translations
selinux_trans_to_raw_context_internal->init_thread_destructor.484
selinux_trans_to_raw_context_internal->trans_to_raw_context
selinux_user_contexts_path_internal->get_path
getprocattrcon_raw->strdup
getprocattrcon_raw->llvm.memset.p0i8.i64
getprocattrcon_raw->__errno_location
getprocattrcon_raw->malloc
getprocattrcon_raw->free
getprocattrcon_raw->close
getprocattrcon_raw->read
getprocattrcon_raw->pthread_once
getprocattrcon_raw->init_procattr
getprocattrcon_raw->init_thread_destructor
getprocattrcon_raw->openattr
selabel_sub->strcmp
selabel_sub->strncmp
selabel_sub->asprintf
checkPasswdAccess->selinux_check_passwd_access_internal
avc_audit_internal->avc_get_lock
avc_audit_internal->avc_release_lock
avc_audit_internal->snprintf
avc_audit_internal->avc_dump_av
avc_audit_internal->strlen
avc_audit_internal->avc_suppl_audit
avc_audit_internal->avc_dump_query
string_to_security_class->__errno_location
string_to_security_class->map_class
string_to_security_class->get_class_cache_entry_name
string_to_security_class->discover_class
setsockcreatecon->setprocattrcon
selinux_mkload_policy_internal->__errno_location
selinux_mkload_policy_internal->strerror
selinux_mkload_policy_internal->free
selinux_mkload_policy_internal->snprintf
selinux_mkload_policy_internal->close
selinux_mkload_policy_internal->open
selinux_mkload_policy_internal->fprintf
selinux_mkload_policy_internal->fstat
selinux_mkload_policy_internal->mmap
selinux_mkload_policy_internal->munmap
selinux_mkload_policy_internal->security_load_policy_internal
selinux_mkload_policy_internal->dlopen
selinux_mkload_policy_internal->dlerror
selinux_mkload_policy_internal->dlsym
selinux_mkload_policy_internal->dlclose
selinux_mkload_policy_internal->security_policyvers_internal
selinux_mkload_policy_internal->selinux_binary_policy_path_internal
selabel_db_init->db_init
file_system_count->llvm.memset.p0i8.i64
file_system_count->statvfs
regex_format_error->snprintf
regex_format_error->strlen
regex_format_error->abort
default_canoncon->__errno_location
default_canoncon->free
default_canoncon->security_canonicalize_context_raw_internal
process_line.195->__errno_location
process_line.195->strerror
process_line.195->free
process_line.195->strcmp
process_line.195->strncmp
process_line.195->get_stem_from_spec
process_line.195->grow_specs
process_line.195->find_stem_from_spec
process_line.195->pthread_mutex_init
process_line.195->compile_regex
process_line.195->string_to_mode
process_line.195->spec_hasMetaChars
process_line.195->read_spec_entries
process_line.195->compat_validate
find_partialcon->strcmp
find_partialcon->__ctype_b_loc
find_partialcon->context_new_internal
find_partialcon->context_free_internal
find_partialcon->context_type_get_internal
find_partialcon->context_role_get_internal
avc_sid_to_context->avc_sid_to_context_raw
avc_sid_to_context->freecon_internal
avc_sid_to_context->selinux_raw_to_trans_context_internal
init_context_translations->access
init_context_translations->pthread_key_create
selinux_booleans_path_internal->get_path
init_procattr->pthread_key_create
set_selinuxmnt_internal->strdup
security_check_context_raw_internal->__errno_location
security_check_context_raw_internal->snprintf
security_check_context_raw_internal->strlen
security_check_context_raw_internal->close
security_check_context_raw_internal->open
security_check_context_raw_internal->write
get_class_cache_entry_name->strcmp
getkeycreatecon_raw_internal->getprocattrcon_raw
db_close->free
context_type_set_internal->set_comp
add_exclude->__errno_location
add_exclude->strlen
add_exclude->strcmp
add_exclude->realloc
add_exclude->strndup
set_matchpathcon_flags->llvm.memset.p0i8.i64
get_stem_from_spec->strchr
get_default_context_with_rolelevel->context_new_internal
get_default_context_with_rolelevel->context_free_internal
get_default_context_with_rolelevel->context_str_internal
get_default_context_with_rolelevel->context_range_set_internal
get_default_context_with_rolelevel->freecon_internal
get_default_context_with_rolelevel->get_default_context_with_role_internal
get_default_context_with_rolelevel->getcon_internal
init_thread_destructor.484->pthread_setspecific
selinux_users_path_internal->get_path
init_thread_destructor->pthread_setspecific
fini_lib->fini_selinuxmnt_internal
security_check_context_internal->security_check_context_raw_internal
security_check_context_internal->freecon_internal
security_check_context_internal->selinux_trans_to_raw_context_internal
avc_dump_av->snprintf
avc_dump_av->strlen
avc_dump_av->security_av_perm_to_string
discover_class->strdup
discover_class->llvm.memset.p0i8.i64
discover_class->__errno_location
discover_class->malloc
discover_class->free
discover_class->snprintf
discover_class->close
discover_class->read
discover_class->open
discover_class->sscanf
discover_class->calloc
discover_class->fstat
discover_class->opendir
discover_class->readdir
discover_class->closedir
check_context_match_for_dir->strdup
check_context_match_for_dir->llvm.memcpy.p0i8.p0i8.i64
check_context_match_for_dir->free
check_context_match_for_dir->calloc
check_context_match_for_dir->selabel_get_digests_all_partial_matches
getkeycreatecon->getprocattrcon
db_lookup->__errno_location
db_lookup->fnmatch
set_comp->__errno_location
set_comp->malloc
set_comp->free
set_comp->strlen
set_comp->conditional_free
set_comp->strcpy
avc_netlink_loop->__errno_location
avc_netlink_loop->close
avc_netlink_loop->avc_netlink_receive
avc_netlink_loop->avc_netlink_process
selinux_restorecon_set_exclude_list->__assert_fail
selinux_restorecon_set_exclude_list->__errno_location
selinux_restorecon_set_exclude_list->strerror
selinux_restorecon_set_exclude_list->lstat
selinux_restorecon_set_exclude_list->add_exclude
security_reject_unknown_internal->llvm.memset.p0i8.i64
security_reject_unknown_internal->__errno_location
security_reject_unknown_internal->snprintf
security_reject_unknown_internal->close
security_reject_unknown_internal->read
security_reject_unknown_internal->open
security_reject_unknown_internal->sscanf
matchpathcon_filespec_add->llvm.memset.p0i8.i64
matchpathcon_filespec_add->malloc
matchpathcon_filespec_add->free
matchpathcon_filespec_add->strlen
matchpathcon_filespec_add->strcmp
matchpathcon_filespec_add->strcpy
matchpathcon_filespec_add->lstat
grow_specs->llvm.memset.p0i8.i64
grow_specs->realloc
grow_specs->perror
get_default_context->strdup
get_default_context->freeconary_internal
get_default_context->get_ordered_context_list_internal
security_get_boolean_active_internal->free
security_get_boolean_active_internal->get_bool_value
security_get_boolean_active_internal->atoi
trans_to_raw_context->close
trans_to_raw_context->setransd_open
trans_to_raw_context->send_request
trans_to_raw_context->receive_response
selinux_usersconf_path_internal->get_path
openattr->__errno_location
openattr->free
openattr->open
openattr->asprintf
openattr->gettid
selabel_subs_fini->free
fini_selinuxmnt_internal->free
security_get_checkreqprot_internal->llvm.memset.p0i8.i64
security_get_checkreqprot_internal->__errno_location
security_get_checkreqprot_internal->snprintf
security_get_checkreqprot_internal->close
security_get_checkreqprot_internal->read
security_get_checkreqprot_internal->open
security_get_checkreqprot_internal->sscanf
setkeycreatecon_raw_internal->setprocattrcon_raw
selinux_restorecon_set_alt_rootpath->strdup
selinux_restorecon_set_alt_rootpath->free
selinux_restorecon_set_alt_rootpath->strlen
selinux_check_securetty_context_internal->free
selinux_check_securetty_context_internal->strcmp
selinux_check_securetty_context_internal->fopen
selinux_check_securetty_context_internal->getline
selinux_check_securetty_context_internal->__ctype_b_loc
selinux_check_securetty_context_internal->fclose
selinux_check_securetty_context_internal->context_new_internal
selinux_check_securetty_context_internal->context_free_internal
selinux_check_securetty_context_internal->context_type_get_internal
selinux_check_securetty_context_internal->selinux_securetty_types_path_internal
find_stem_from_spec->get_stem_from_spec
find_stem_from_spec->find_stem
find_stem_from_spec->strndup
find_stem_from_spec->store_stem
get_ordered_context_list_with_level_internal->context_new_internal
get_ordered_context_list_with_level_internal->context_free_internal
get_ordered_context_list_with_level_internal->context_str_internal
get_ordered_context_list_with_level_internal->context_range_set_internal
get_ordered_context_list_with_level_internal->freecon_internal
get_ordered_context_list_with_level_internal->get_ordered_context_list_internal
get_ordered_context_list_with_level_internal->getcon_internal
security_set_boolean_internal->__errno_location
security_set_boolean_internal->close
security_set_boolean_internal->bool_open
security_set_boolean_internal->write
avc_get_initial_sid->avc_context_to_sid_raw
avc_get_initial_sid->freecon_internal
avc_get_initial_sid->security_get_initial_context_raw_internal
setransd_open->strncpy
setransd_open->llvm.memset.p0i8.i64
setransd_open->__errno_location
setransd_open->socket
setransd_open->fcntl
setransd_open->close
setransd_open->connect
selinux_translations_path_internal->get_path
gettid->syscall
is_context_customizable->strcmp
is_context_customizable->context_new_internal
is_context_customizable->context_free_internal
is_context_customizable->context_type_get_internal
is_context_customizable->get_customizable_type_list
avc_suppl_audit->default_selinux_audit
setkeycreatecon->setprocattrcon
db_init->strdup
db_init->__errno_location
db_init->malloc
db_init->free
db_init->fopen
db_init->getline
db_init->fclose
db_init->realloc
db_init->selinux_sepgsql_context_path
db_init->fileno
db_init->fstat
db_init->process_line
db_init->digest_gen_hash
db_init->digest_add_specfile
context_role_set_internal->set_comp
selinux_restorecon_xattr->llvm.memset.p0i8.i64
selinux_restorecon_xattr->__errno_location
selinux_restorecon_xattr->strerror
selinux_restorecon_xattr->free
selinux_restorecon_xattr->pthread_once
selinux_restorecon_xattr->statfs
selinux_restorecon_xattr->lstat
selinux_restorecon_xattr->restorecon_init
selinux_restorecon_xattr->check_excluded
selinux_restorecon_xattr->fts_open
selinux_restorecon_xattr->fts_read
selinux_restorecon_xattr->fts_set
selinux_restorecon_xattr->fts_close
selinux_restorecon_xattr->add_xattr_entry
fini_selinux_policyroot->free
get_default_context_with_level->strdup
get_default_context_with_level->freeconary_internal
get_default_context_with_level->get_ordered_context_list_with_level_internal
avc_open->avc_init
send_request->llvm.memset.p0i8.i64
send_request->__errno_location
send_request->strlen
send_request->sendmsg
selinux_colors_path_internal->get_path
get_customizable_type_list->strdup
get_customizable_type_list->malloc
get_customizable_type_list->free
get_customizable_type_list->strlen
get_customizable_type_list->fopen
get_customizable_type_list->fclose
get_customizable_type_list->fgets_unlocked
get_customizable_type_list->rewind
get_customizable_type_list->calloc
get_customizable_type_list->selinux_customizable_types_path_internal
security_compute_av_flags_raw_internal->llvm.memset.p0i8.i64
security_compute_av_flags_raw_internal->__errno_location
security_compute_av_flags_raw_internal->malloc
security_compute_av_flags_raw_internal->free
security_compute_av_flags_raw_internal->snprintf
security_compute_av_flags_raw_internal->strlen
security_compute_av_flags_raw_internal->close
security_compute_av_flags_raw_internal->read
security_compute_av_flags_raw_internal->open
security_compute_av_flags_raw_internal->write
security_compute_av_flags_raw_internal->sscanf
security_compute_av_flags_raw_internal->unmap_class
security_compute_av_flags_raw_internal->unmap_perm
security_compute_av_flags_raw_internal->map_decision
avc_dump_query->avc_get_lock
avc_dump_query->avc_release_lock
avc_dump_query->snprintf
avc_dump_query->strlen
avc_dump_query->security_class_to_string
query_user_context->strdup
query_user_context->fgets
query_user_context->printf
query_user_context->fflush
query_user_context->context_menu
selinux_init_load_policy->__errno_location
selinux_init_load_policy->strerror
selinux_init_load_policy->malloc
selinux_init_load_policy->free
selinux_init_load_policy->fopen
selinux_init_load_policy->__ctype_b_loc
selinux_init_load_policy->fclose
selinux_init_load_policy->atoi
selinux_init_load_policy->security_disable_internal
selinux_init_load_policy->fprintf
selinux_init_load_policy->security_getenforce_internal
selinux_init_load_policy->selinuxfs_exists_internal
selinux_init_load_policy->strstr
selinux_init_load_policy->set_selinuxmnt_internal
selinux_init_load_policy->fini_selinuxmnt_internal
selinux_init_load_policy->selinux_mkload_policy_internal
selinux_init_load_policy->mount
selinux_init_load_policy->fgets
selinux_init_load_policy->umount2
selinux_init_load_policy->umount
selinux_init_load_policy->selinux_getenforcemode_internal
selinux_init_load_policy->selinux_reset_config_internal
selinux_init_load_policy->security_setenforce_internal
context_user_set_internal->set_comp
sidtab_init->avc_malloc.73
add_xattr_entry->strdup
add_xattr_entry->__errno_location
add_xattr_entry->strerror
add_xattr_entry->malloc
add_xattr_entry->free
add_xattr_entry->selabel_get_digests_all_partial_matches
add_xattr_entry->memcmp
add_xattr_entry->sprintf
add_xattr_entry->removexattr
selinux_getenforcemode_internal->malloc
selinux_getenforcemode_internal->free
selinux_getenforcemode_internal->fopen
selinux_getenforcemode_internal->fclose
selinux_getenforcemode_internal->fgets_unlocked
selinux_getenforcemode_internal->strncmp
selinux_getenforcemode_internal->strncasecmp
matchpathcon_filespec_destroy->free
matchpathcon_filespec_destroy->free_array_elts
compile_regex->malloc
compile_regex->llvm.memcpy.p0i8.p0i8.i64
compile_regex->free
compile_regex->strlen
compile_regex->pthread_mutex_lock
compile_regex->pthread_mutex_unlock
compile_regex->regex_prepare_data
compile_regex->regex_format_error
get_default_type->fopen
get_default_type->fclose
get_default_type->find_default_type
get_default_type->selinux_default_type_path_internal
security_commit_booleans_internal->__errno_location
security_commit_booleans_internal->snprintf
security_commit_booleans_internal->close
security_commit_booleans_internal->open
security_commit_booleans_internal->write
avc_init->strncpy
avc_init->set_callbacks
avc_init->avc_alloc_lock
avc_init->llvm.memset.p0i8.i64
avc_init->avc_malloc
avc_init->__errno_location
avc_init->strerror
avc_init->avc_create_thread
avc_init->avc_netlink_open
avc_init->sidtab_init
avc_init->security_getenforce_internal
receive_response->llvm.memset.p0i8.i64
receive_response->__errno_location
receive_response->malloc
receive_response->free
receive_response->readv
selinux_netfilter_context_path_internal->get_path
procattr_thread_destructor->free
selabel_media_init->llvm.memset.p0i8.i64
selabel_media_init->malloc
selabel_media_init->init.223
security_compute_av_raw_internal->security_compute_av_flags_raw_internal
avc_has_perm_noaudit_internal->avc_get_lock
avc_has_perm_noaudit_internal->avc_release_lock
avc_has_perm_noaudit_internal->__errno_location
avc_has_perm_noaudit_internal->llvm.memcpy.p0i8.p0i8.i64
avc_has_perm_noaudit_internal->avd_init
avc_has_perm_noaudit_internal->avc_lookup
avc_has_perm_noaudit_internal->avc_insert
avc_has_perm_noaudit_internal->avc_netlink_check_nb
avc_has_perm_noaudit_internal->security_compute_av_flags_raw_internal
mode_to_security_class->__errno_location
mode_to_security_class->string_to_security_class
filespec_destroy->free
filespec_destroy->freecon_internal
context_range_set_internal->set_comp
avc_malloc.73->malloc
free_array_elts->free
string_to_mode->strlen
find_default_type->__errno_location
find_default_type->malloc
find_default_type->strlen
find_default_type->__ctype_b_loc
find_default_type->strcpy
find_default_type->fgets_unlocked
find_default_type->feof_unlocked
find_default_type->strncmp
security_set_boolean_list->security_set_boolean_internal
security_set_boolean_list->security_commit_booleans_internal
security_set_boolean_list->rollback
selinux_file_context_homedir_path_internal->get_path
getcon_internal->getprocattrcon
close.220->free
security_compute_av_flags_internal->security_compute_av_flags_raw_internal
security_compute_av_flags_internal->freecon_internal
security_compute_av_flags_internal->selinux_trans_to_raw_context_internal
string_to_av_perm->__errno_location
string_to_av_perm->strcmp
string_to_av_perm->unmap_class
string_to_av_perm->map_perm
string_to_av_perm->get_class_cache_entry_value
filespec_add->strdup
filespec_add->llvm.memset.p0i8.i64
filespec_add->malloc
filespec_add->free
filespec_add->strcmp
filespec_add->freecon_internal
filespec_add->lstat64
security_deny_unknown_internal->llvm.memset.p0i8.i64
security_deny_unknown_internal->__errno_location
security_deny_unknown_internal->snprintf
security_deny_unknown_internal->close
security_deny_unknown_internal->read
security_deny_unknown_internal->open
security_deny_unknown_internal->sscanf
sidtab_insert->strdup
sidtab_insert->avc_malloc.73
sidtab_insert->avc_free.74
sidtab_insert->sidtab_hash
selinux_getpolicytype_internal->strdup
selinux_getpolicytype_internal->pthread_once
selinux_getpolicytype_internal->init_selinux_config
matchpathcon_init_prefix_internal->pthread_once
matchpathcon_init_prefix_internal->selabel_open
matchpathcon_init_prefix_internal->matchpathcon_init_once
matchpathcon_init_prefix_internal->pthread_setspecific
spec_hasMetaChars->strlen
rollback->security_get_boolean_active_internal
rollback->security_set_boolean_internal
selinux_file_context_local_path_internal->get_path
getprocattrcon->freecon_internal
getprocattrcon->getprocattrcon_raw
getprocattrcon->selinux_raw_to_trans_context_internal
lookup.221->__errno_location
lookup.221->strlen
lookup.221->strncmp
selabel_validate->default_selinux_validate
security_compute_av_internal->security_compute_av_flags_internal
avc_lookup->avc_search_node
compare_types->strdup
compare_types->strcmp
compare_types->context_new
compare_types->context_free
compare_types->context_type_get
compare_types->context_user_get
compare_types->context_user_set
compare_types->context_role_get
compare_types->context_role_set
compare_types->context_range_get
compare_types->context_range_set
compare_types->context_str
context_menu->fgets
context_menu->printf
context_menu->fflush
context_menu->strtol
process_line->llvm.memset.p0i8.i64
process_line->free
process_line->strcmp
process_line->sscanf
process_line->strchr
security_disable_internal->__errno_location
security_disable_internal->snprintf
security_disable_internal->strlen
security_disable_internal->close
security_disable_internal->open
security_disable_internal->write
avc_free.74->free
selinux_status_updated->__errno_location
selinux_status_updated->avc_netlink_check_nb
selinux_status_updated->read_sequence
init_selinux_config->strdup
init_selinux_config->free
init_selinux_config->strlen
init_selinux_config->fopen
init_selinux_config->getline
init_selinux_config->__ctype_b_loc
init_selinux_config->fclose
init_selinux_config->atoi
init_selinux_config->__fsetlocking
init_selinux_config->strncmp
init_selinux_config->asprintf
init_selinux_config->strncasecmp
init_selinux_config->setpolicytype
matchpathcon_init_once->pthread_key_create
selinux_x_context_path_internal->get_path
setcon_raw_internal->setprocattrcon_raw
selabel_open->llvm.memset.p0i8.i64
selabel_open->__errno_location
selabel_open->malloc
selabel_open->free
selabel_open->selabel_is_validate_set
selabel_open->selabel_is_digest_set
selabel_open->selabel_db_init
selabel_open->selabel_file_init
selabel_open->selabel_media_init
selabel_open->selabel_x_init
security_compute_create_name_raw_internal->strdup
security_compute_create_name_raw_internal->llvm.memset.p0i8.i64
security_compute_create_name_raw_internal->__errno_location
security_compute_create_name_raw_internal->malloc
security_compute_create_name_raw_internal->free
security_compute_create_name_raw_internal->snprintf
security_compute_create_name_raw_internal->strlen
security_compute_create_name_raw_internal->close
security_compute_create_name_raw_internal->read
security_compute_create_name_raw_internal->open
security_compute_create_name_raw_internal->write
security_compute_create_name_raw_internal->object_name_encode
security_compute_create_name_raw_internal->unmap_class
avc_insert->__errno_location
avc_insert->llvm.memcpy.p0i8.p0i8.i64
avc_insert->avc_claim_node
security_class_to_string->unmap_class
security_class_to_string->get_class_cache_entry_value
sidtab_hash->strlen
read_sequence->sched_yield
setpolicytype->strdup
setpolicytype->free
security_get_initial_context_raw_internal->strdup
security_get_initial_context_raw_internal->llvm.memset.p0i8.i64
security_get_initial_context_raw_internal->__errno_location
security_get_initial_context_raw_internal->malloc
security_get_initial_context_raw_internal->free
security_get_initial_context_raw_internal->snprintf
security_get_initial_context_raw_internal->close
security_get_initial_context_raw_internal->read
security_get_initial_context_raw_internal->open
setrans_thread_destructor->free
selinux_virtual_domain_context_path_internal->get_path
setprocattrcon_raw->strdup
setprocattrcon_raw->__errno_location
setprocattrcon_raw->free
setprocattrcon_raw->strlen
setprocattrcon_raw->close
setprocattrcon_raw->strcmp
setprocattrcon_raw->write
setprocattrcon_raw->pthread_once
setprocattrcon_raw->init_procattr
setprocattrcon_raw->init_thread_destructor
setprocattrcon_raw->openattr
init.223->strdup
init.223->llvm.memset.p0i8.i64
init.223->__errno_location
init.223->malloc
init.223->free
init.223->fopen
init.223->getline
init.223->fclose
init.223->__fsetlocking
init.223->rewind
init.223->fileno
init.223->fstat
init.223->selinux_media_context_path
init.223->process_line.225
init.223->digest_gen_hash
init.223->digest_add_specfile
object_name_encode->__ctype_b_loc
avc_claim_node->avc_cleanup_internal
avc_claim_node->avc_clear_avc_entry
avc_claim_node->avc_reclaim_node
avc_claim_node->avc_hash
security_av_perm_to_string->unmap_class
security_av_perm_to_string->unmap_perm
security_av_perm_to_string->get_class_cache_entry_value
manual_user_enter_context->strdup
manual_user_enter_context->security_check_context_internal
manual_user_enter_context->context_new_internal
manual_user_enter_context->context_free_internal
manual_user_enter_context->context_str_internal
manual_user_enter_context->context_type_set_internal
manual_user_enter_context->context_role_set_internal
manual_user_enter_context->context_user_set_internal
manual_user_enter_context->context_range_set_internal
manual_user_enter_context->is_selinux_mls_enabled_internal
manual_user_enter_context->fgets
manual_user_enter_context->printf
manual_user_enter_context->get_field
lsetfilecon_raw_internal->__errno_location
lsetfilecon_raw_internal->strlen
lsetfilecon_raw_internal->strcmp
lsetfilecon_raw_internal->freecon_internal
lsetfilecon_raw_internal->lgetfilecon_raw_internal
lsetfilecon_raw_internal->lsetxattr
selabel_file_init->llvm.memset.p0i8.i64
selabel_file_init->malloc
selabel_file_init->init
is_selinux_mls_enabled_internal->llvm.memset.p0i8.i64
is_selinux_mls_enabled_internal->__errno_location
is_selinux_mls_enabled_internal->snprintf
is_selinux_mls_enabled_internal->close
is_selinux_mls_enabled_internal->strcmp
is_selinux_mls_enabled_internal->read
is_selinux_mls_enabled_internal->open
sidtab_context_to_sid->sidtab_insert
sidtab_context_to_sid->sidtab_hash
sidtab_context_to_sid->strcmp
selinux_reset_config_internal->fini_selinux_policyroot
selinux_reset_config_internal->init_selinux_config
find_stem->strncmp
security_get_initial_context_internal->freecon_internal
security_get_initial_context_internal->security_get_initial_context_raw_internal
security_get_initial_context_internal->selinux_raw_to_trans_context_internal
avc_malloc->malloc
selinux_raw_to_trans_context_internal->strdup
selinux_raw_to_trans_context_internal->free
selinux_raw_to_trans_context_internal->strcmp
selinux_raw_to_trans_context_internal->pthread_once
selinux_raw_to_trans_context_internal->init_context_translations
selinux_raw_to_trans_context_internal->init_thread_destructor.484
selinux_raw_to_trans_context_internal->raw_to_trans_context
selinux_virtual_image_context_path_internal->get_path
setcon->setprocattrcon
selabel_is_digest_set->free
selabel_is_digest_set->calloc
security_compute_create_raw_internal->security_compute_create_name_raw_internal
avc_reclaim_node->__errno_location
security_av_string->malloc
security_av_string->strlen
security_av_string->sprintf
security_av_string->security_av_perm_to_string
get_field->strlen
get_field->fgets
get_field->printf
get_field->fflush
closef->free
closef->selabel_subs_fini
closef->pthread_mutex_destroy
closef->munmap
closef->regex_data_free
fgetfilecon_raw_internal->llvm.memset.p0i8.i64
fgetfilecon_raw_internal->__errno_location
fgetfilecon_raw_internal->malloc
fgetfilecon_raw_internal->free
fgetfilecon_raw_internal->realloc
fgetfilecon_raw_internal->fgetxattr
selinux_status_getenforce->__errno_location
selinux_status_getenforce->avc_netlink_check_nb
selinux_status_getenforce->read_sequence
selinux_default_type_path_internal->get_path
matchpathcon_thread_destructor->matchpathcon_fini
security_getenforce_internal->llvm.memset.p0i8.i64
security_getenforce_internal->__errno_location
security_getenforce_internal->snprintf
security_getenforce_internal->close
security_getenforce_internal->read
security_getenforce_internal->open
security_getenforce_internal->sscanf
raw_to_trans_context->close
raw_to_trans_context->setransd_open
raw_to_trans_context->send_request
raw_to_trans_context->receive_response
selinux_lxc_contexts_path_internal->get_path
setprocattrcon->freecon_internal
setprocattrcon->setprocattrcon_raw
setprocattrcon->selinux_trans_to_raw_context_internal
process_line.225->free
process_line.225->__ctype_b_loc
process_line.225->sscanf
selabel_lookup->strdup
selabel_lookup->selabel_lookup_common
security_compute_create_name_internal->security_compute_create_name_raw_internal
security_compute_create_name_internal->freecon_internal
security_compute_create_name_internal->selinux_trans_to_raw_context_internal
security_compute_create_name_internal->selinux_raw_to_trans_context_internal
print_access_vector->printf
print_access_vector->security_av_perm_to_string
lsetfilecon->freecon_internal
lsetfilecon->lsetfilecon_raw_internal
lsetfilecon->selinux_trans_to_raw_context_internal
sidtab_sid_stats->snprintf
selinux_status_policyload->__errno_location
selinux_status_policyload->avc_netlink_check_nb
selinux_status_policyload->read_sequence
get_path->pthread_once
get_path->init_selinux_config
matchpathcon_fini->selabel_close
matchpathcon_fini->free_array_elts
store_stem->free
store_stem->realloc
getfilecon_raw_internal->llvm.memset.p0i8.i64
getfilecon_raw_internal->__errno_location
getfilecon_raw_internal->malloc
getfilecon_raw_internal->free
getfilecon_raw_internal->realloc
getfilecon_raw_internal->getxattr
default_selinux_validate->security_check_context
selinux_raw_context_to_color_internal->strdup
selinux_raw_context_to_color_internal->free
selinux_raw_context_to_color_internal->strcmp
selinux_raw_context_to_color_internal->pthread_once
selinux_raw_context_to_color_internal->init_context_translations
selinux_raw_context_to_color_internal->init_thread_destructor.484
selinux_raw_context_to_color_internal->raw_context_to_color
selinux_openrc_contexts_path_internal->get_path
getpidcon_raw_internal->__errno_location
getpidcon_raw_internal->getprocattrcon_raw
read_spec_entries->strlen
read_spec_entries->__ctype_b_loc
read_spec_entries->llvm.va_start
read_spec_entries->llvm.va_end
read_spec_entries->read_spec_entry
selabel_lookup_common->__errno_location
selabel_lookup_common->selabel_fini
selabel_lookup_common->db_lookup
selabel_lookup_common->lookup
selabel_lookup_common->lookup.221
selabel_lookup_common->lookup.240
security_compute_create_internal->security_compute_create_name_internal
avc_search_node->avc_hash
security_validatetrans_raw_internal->__errno_location
security_validatetrans_raw_internal->malloc
security_validatetrans_raw_internal->free
security_validatetrans_raw_internal->snprintf
security_validatetrans_raw_internal->strlen
security_validatetrans_raw_internal->close
security_validatetrans_raw_internal->open
security_validatetrans_raw_internal->write
security_validatetrans_raw_internal->unmap_class
regex_prepare_data->llvm.memset.p0i8.i64
regex_prepare_data->regex_data_create
regex_prepare_data->pcre_compile
regex_prepare_data->pcre_study
regex_prepare_data->regex_data_free
selinux_set_mapping->__errno_location
selinux_set_mapping->free
selinux_set_mapping->security_deny_unknown_internal
selinux_set_mapping->calloc
selinux_set_mapping->avc_reset
selinux_set_mapping->security_reject_unknown_internal
selinux_set_mapping->string_to_security_class
selinux_set_mapping->string_to_av_perm
lookup->lookup_common
fgetfilecon->strlen
fgetfilecon->fgetfilecon_raw_internal
fgetfilecon->freecon_internal
fgetfilecon->selinux_raw_to_trans_context_internal
sidtab_destroy->avc_free.74
sidtab_destroy->freecon_internal
selinux_status_deny_unknown->__errno_location
selinux_status_deny_unknown->read_sequence
selinux_status_deny_unknown->security_deny_unknown
selinux_policy_root->pthread_once
selinux_policy_root->init_selinux_config
matchpathcon_init->matchpathcon_init_prefix_internal
raw_context_to_color->close
raw_context_to_color->setransd_open
raw_context_to_color->send_request
raw_context_to_color->receive_response
selinux_openssh_contexts_path_internal->get_path
getpidcon->__errno_location
getpidcon->getprocattrcon
read_spec_entry->__errno_location
read_spec_entry->__ctype_b_loc
read_spec_entry->strndup
selabel_fini->selinux_raw_to_trans_context
selabel_fini->compat_validate
security_compute_member_raw_internal->strdup
security_compute_member_raw_internal->llvm.memset.p0i8.i64
security_compute_member_raw_internal->__errno_location
security_compute_member_raw_internal->malloc
security_compute_member_raw_internal->free
security_compute_member_raw_internal->snprintf
security_compute_member_raw_internal->strlen
security_compute_member_raw_internal->close
security_compute_member_raw_internal->read
security_compute_member_raw_internal->open
security_compute_member_raw_internal->write
security_compute_member_raw_internal->unmap_class
avc_has_perm->__errno_location
avc_has_perm->avc_audit_internal
avc_has_perm->avc_has_perm_noaudit_internal
security_validatetrans_internal->freecon_internal
security_validatetrans_internal->selinux_trans_to_raw_context_internal
security_validatetrans_internal->security_validatetrans_raw_internal
regex_data_create->calloc
partial_match->lookup_common
freecon_internal->free
security_get_boolean_names_internal->strdup
security_get_boolean_names_internal->__errno_location
security_get_boolean_names_internal->malloc
security_get_boolean_names_internal->free
security_get_boolean_names_internal->snprintf
security_get_boolean_names_internal->scandir
selinux_set_policy_root->strdup
selinux_set_policy_root->__errno_location
selinux_set_policy_root->asprintf
selinux_set_policy_root->strrchr
selinux_set_policy_root->fini_selinux_policyroot
selinux_set_policy_root->setpolicytype
realpath_not_final->strdup
realpath_not_final->__errno_location
realpath_not_final->strerror
realpath_not_final->free
realpath_not_final->strlen
realpath_not_final->strcpy
realpath_not_final->strrchr
realpath_not_final->realpath
getfilecon_internal->strlen
getfilecon_internal->freecon_internal
getfilecon_internal->getfilecon_raw_internal
getfilecon_internal->selinux_raw_to_trans_context_internal
getseuserbyname->strdup
getseuserbyname->free
getseuserbyname->strcmp
getseuserbyname->fopen
getseuserbyname->getline
getseuserbyname->fclose
getseuserbyname->is_selinux_mls_enabled_internal
getseuserbyname->__fsetlocking
getseuserbyname->fprintf
getseuserbyname->selinux_usersconf_path_internal
getseuserbyname->get_default_gid
getseuserbyname->process_seusers
getseuserbyname->check_group
selinux_snapperd_contexts_path_internal->get_path
getprevcon_raw_internal->getprocattrcon_raw
digest_gen_hash->free
digest_gen_hash->Sha1Initialise
digest_gen_hash->Sha1Update
digest_gen_hash->Sha1Finalise
security_compute_member->security_compute_member_raw_internal
security_compute_member->freecon_internal
security_compute_member->selinux_trans_to_raw_context_internal
security_compute_member->selinux_raw_to_trans_context_internal
avc_compute_create->avc_get_lock
avc_compute_create->avc_release_lock
avc_compute_create->avc_lookup
avc_compute_create->avc_insert
avc_compute_create->sidtab_context_to_sid
avc_compute_create->security_compute_av_flags_raw_internal
avc_compute_create->security_compute_create_raw_internal
avc_compute_create->freecon_internal
unmap_class->__errno_location
get_digests_all_partial_matches->llvm.memcpy.p0i8.p0i8.i64
get_digests_all_partial_matches->getxattr
get_digests_all_partial_matches->calloc
get_digests_all_partial_matches->selabel_hash_all_partial_matches
get_digests_all_partial_matches->memcmp
freeconary_internal->free
selinux_status_open->__errno_location
selinux_status_open->snprintf
selinux_status_open->avc_netlink_open
selinux_status_open->close
selinux_status_open->avc_netlink_acquire_fd
selinux_status_open->open
selinux_status_open->selinux_set_callback
selinux_status_open->sysconf
selinux_status_open->mmap
selinux_status_open->security_getenforce
next_entry->llvm.memcpy.p0i8.p0i8.i64
getpeercon_raw_internal->llvm.memset.p0i8.i64
getpeercon_raw_internal->__errno_location
getpeercon_raw_internal->malloc
getpeercon_raw_internal->free
getpeercon_raw_internal->realloc
getpeercon_raw_internal->getsockopt
default_selinux_log->llvm.va_start
default_selinux_log->vfprintf
default_selinux_log->llvm.va_end
avc_cache_stats->llvm.memcpy.p0i8.p0i8.i64
get_default_gid->malloc
get_default_gid->free
get_default_gid->sysconf
get_default_gid->getpwnam_r
selinux_systemd_contexts_path_internal->get_path
getprevcon_internal->getprocattrcon
digest_add_specfile->strdup
digest_add_specfile->__errno_location
digest_add_specfile->llvm.memcpy.p0i8.p0i8.i64
digest_add_specfile->realloc
digest_add_specfile->rewind
digest_add_specfile->fread
selabel_lookup_raw->strdup
selabel_lookup_raw->selabel_lookup_common
security_compute_relabel_raw_internal->strdup
security_compute_relabel_raw_internal->llvm.memset.p0i8.i64
security_compute_relabel_raw_internal->__errno_location
security_compute_relabel_raw_internal->malloc
security_compute_relabel_raw_internal->free
security_compute_relabel_raw_internal->snprintf
security_compute_relabel_raw_internal->strlen
security_compute_relabel_raw_internal->close
security_compute_relabel_raw_internal->read
security_compute_relabel_raw_internal->open
security_compute_relabel_raw_internal->write
security_compute_relabel_raw_internal->unmap_class
avc_compute_member->__assert_fail
avc_compute_member->avc_get_lock
avc_compute_member->avc_release_lock
avc_compute_member->sidtab_context_to_sid
avc_compute_member->security_compute_member_raw_internal
avc_compute_member->freecon_internal
unmap_perm->__errno_location
hash_all_partial_matches->__assert_fail
hash_all_partial_matches->llvm.memcpy.p0i8.p0i8.i64
hash_all_partial_matches->free
hash_all_partial_matches->strlen
hash_all_partial_matches->lookup_all
hash_all_partial_matches->Sha1Initialise
hash_all_partial_matches->Sha1Update
hash_all_partial_matches->Sha1Finalise
fsetfilecon_raw_internal->__errno_location
fsetfilecon_raw_internal->strlen
fsetfilecon_raw_internal->strcmp
fsetfilecon_raw_internal->fgetfilecon_raw_internal
fsetfilecon_raw_internal->freecon_internal
fsetfilecon_raw_internal->fsetxattr
selinux_default_context_path_internal->get_path
process_seusers->strdup
process_seusers->free
process_seusers->strcmp
process_seusers->__ctype_b_loc
process_seusers->strchr
selinux_booleans_subs_path_internal->get_path
getexeccon_raw_internal->getprocattrcon_raw
selabel_x_init->llvm.memset.p0i8.i64
selabel_x_init->malloc
selabel_x_init->init.242
selabel_partial_match->partial_match
security_compute_relabel->security_compute_relabel_raw_internal
security_compute_relabel->freecon_internal
security_compute_relabel->selinux_trans_to_raw_context_internal
security_compute_relabel->selinux_raw_to_trans_context_internal
avc_add_callback->avc_malloc
regex_data_free->free
regex_data_free->pcre_free_study
map_class->__errno_location
lookup_best_match->__errno_location
lookup_best_match->free
lookup_best_match->calloc
lookup_best_match->lookup
lookup_best_match->lookup_common
selinux_securetty_types_path_internal->get_path
matchpathcon->selabel_lookup
matchpathcon->selabel_lookup_raw
matchpathcon->matchpathcon_init_prefix_internal
matchpathcon->realpath_not_final
matchpathcon->realpath
getpeercon->freecon_internal
getpeercon->getpeercon_raw_internal
getpeercon->selinux_raw_to_trans_context_internal
avc_sid_stats->__assert_fail
avc_sid_stats->avc_get_lock
avc_sid_stats->avc_release_lock
avc_sid_stats->sidtab_sid_stats
check_group->malloc
check_group->free
check_group->sysconf
check_group->calloc
check_group->getgrnam_r
check_group->getgrouplist
selinux_file_context_subs_path_internal->get_path
getexeccon->getprocattrcon
close.239->free
selabel_get_digests_all_partial_matches->get_digests_all_partial_matches
security_compute_user_raw_internal->strdup
security_compute_user_raw_internal->llvm.memset.p0i8.i64
security_compute_user_raw_internal->__errno_location
security_compute_user_raw_internal->malloc
security_compute_user_raw_internal->free
security_compute_user_raw_internal->snprintf
security_compute_user_raw_internal->strlen
security_compute_user_raw_internal->close
security_compute_user_raw_internal->read
security_compute_user_raw_internal->open
security_compute_user_raw_internal->write
security_compute_user_raw_internal->sscanf
security_compute_user_raw_internal->freeconary_internal
avc_ss_reset->avc_get_lock
avc_ss_reset->avc_release_lock
avc_ss_reset->avc_reset_internal
map_perm->__errno_location
cmp->strcmp
cmp->strncmp
cmp->incomp
cmp->regex_cmp
fsetfilecon->freecon_internal
fsetfilecon->fsetfilecon_raw_internal
fsetfilecon->selinux_trans_to_raw_context_internal
selinux_boolean_sub_internal->strdup
selinux_boolean_sub_internal->free
selinux_boolean_sub_internal->strcmp
selinux_boolean_sub_internal->fopen
selinux_boolean_sub_internal->getline
selinux_boolean_sub_internal->__ctype_b_loc
selinux_boolean_sub_internal->fclose
selinux_boolean_sub_internal->selinux_booleans_subs_path_internal
selinux_failsafe_context_path_internal->get_path
matchpathcon_index->matchpathcon
matchpathcon_index->add_array_elt
rolling_append->strlen
rolling_append->strcpy
init_lib->sysconf
init_lib->init_selinuxmnt
init_lib->access
avc_av_stats_internal->avc_get_lock
avc_av_stats_internal->avc_release_lock
selinux_file_context_subs_dist_path_internal->get_path
setexeccon_raw_internal->setprocattrcon_raw
lookup.240->__errno_location
lookup.240->fnmatch
selabel_hash_all_partial_matches->hash_all_partial_matches
security_compute_user_internal->security_compute_user_raw_internal
security_compute_user_internal->freecon_internal
security_compute_user_internal->freeconary_internal
security_compute_user_internal->selinux_trans_to_raw_context_internal
security_compute_user_internal->selinux_raw_to_trans_context_internal
avc_netlink_open->llvm.memset.p0i8.i64
avc_netlink_open->socket
avc_netlink_open->fcntl
avc_netlink_open->close
avc_netlink_open->bind
regex_version->pcre_version
map_decision->security_deny_unknown_internal
init->strdup
init->__errno_location
init->snprintf
init->closef
init->selabel_subs_init
init->process_file
init->nodups_specs
init->sort_specs
init->digest_gen_hash
init->selinux_file_context_path_internal
init->selinux_file_context_subs_path_internal
init->selinux_file_context_subs_dist_path_internal
get_default_context_with_role_internal->strdup
get_default_context_with_role_internal->__errno_location
get_default_context_with_role_internal->strcmp
get_default_context_with_role_internal->context_new_internal
get_default_context_with_role_internal->context_free_internal
get_default_context_with_role_internal->context_role_get_internal
get_default_context_with_role_internal->freeconary_internal
get_default_context_with_role_internal->get_ordered_context_list_internal
selinux_status_close->close
selinux_status_close->avc_netlink_close
selinux_status_close->avc_netlink_release_fd
selinux_status_close->sysconf
selinux_status_close->munmap
selinux_removable_context_path_internal->get_path
add_array_elt->strdup
add_array_elt->malloc
add_array_elt->realloc
selinux_get_callback->llvm.memset.p0i8.i64
selinux_get_callback->__errno_location
selinux_sepgsql_context_path_internal->get_path
setexeccon_internal->setprocattrcon
selabel_lookup_best_match->strdup
selabel_lookup_best_match->__errno_location
selabel_lookup_best_match->selabel_lookup_bm_common
context_new_internal->strncpy
context_new_internal->__errno_location
context_new_internal->malloc
context_new_internal->free
context_new_internal->context_free_internal
matchmediacon->strlen
matchmediacon->strcmp
matchmediacon->fopen
matchmediacon->__ctype_b_loc
matchmediacon->fclose
matchmediacon->fgets_unlocked
matchmediacon->feof_unlocked
matchmediacon->selinux_media_context_path_internal
matchmediacon->selinux_raw_to_trans_context_internal
selabel_subs_init->strdup
selabel_subs_init->llvm.memset.p0i8.i64
selabel_subs_init->__errno_location
selabel_subs_init->malloc
selabel_subs_init->free
selabel_subs_init->strlen
selabel_subs_init->fopen
selabel_subs_init->__ctype_b_loc
selabel_subs_init->fclose
selabel_subs_init->fgets_unlocked
selabel_subs_init->fileno
selabel_subs_init->fstat
selabel_subs_init->digest_add_specfile
get_ordered_context_list_internal->__errno_location
get_ordered_context_list_internal->malloc
get_ordered_context_list_internal->free
get_ordered_context_list_internal->snprintf
get_ordered_context_list_internal->strlen
get_ordered_context_list_internal->fopen
get_ordered_context_list_internal->fclose
get_ordered_context_list_internal->security_compute_user_internal
get_ordered_context_list_internal->freecon_internal
get_ordered_context_list_internal->freeconary_internal
get_ordered_context_list_internal->__fsetlocking
get_ordered_context_list_internal->get_context_order
get_ordered_context_list_internal->fprintf
get_ordered_context_list_internal->qsort
get_ordered_context_list_internal->get_failsafe_context
get_ordered_context_list_internal->getcon_internal
get_ordered_context_list_internal->selinux_default_context_path_internal
get_ordered_context_list_internal->selinux_user_contexts_path_internal
security_setenforce_internal->__errno_location
security_setenforce_internal->snprintf
security_setenforce_internal->strlen
security_setenforce_internal->close
security_setenforce_internal->open
security_setenforce_internal->write
selinux_binary_policy_path_internal->get_path
matchpathcon_checkmatches->selabel_stats
init_selinuxmnt->free
init_selinuxmnt->fopen
init_selinuxmnt->getline
init_selinuxmnt->fclose
init_selinuxmnt->__fsetlocking
init_selinuxmnt->strncmp
init_selinuxmnt->verify_selinuxmnt
init_selinuxmnt->selinuxfs_exists_internal
init_selinuxmnt->strchr
security_canonicalize_context_raw_internal->strdup
security_canonicalize_context_raw_internal->strncpy
security_canonicalize_context_raw_internal->llvm.memset.p0i8.i64
security_canonicalize_context_raw_internal->__errno_location
security_canonicalize_context_raw_internal->malloc
security_canonicalize_context_raw_internal->free
security_canonicalize_context_raw_internal->snprintf
security_canonicalize_context_raw_internal->strlen
security_canonicalize_context_raw_internal->close
security_canonicalize_context_raw_internal->read
security_canonicalize_context_raw_internal->open
security_canonicalize_context_raw_internal->write
avc_reset_internal->avc_get_lock
avc_reset_internal->avc_release_lock
avc_reset_internal->llvm.memset.p0i8.i64
avc_reset_internal->__errno_location
avc_reset_internal->avc_clear_avc_entry
avc_reset_internal->avc_reset_callback
selinux_restorecon->strdup
selinux_restorecon->llvm.memset.p0i8.i64
selinux_restorecon->__errno_location
selinux_restorecon->strerror
selinux_restorecon->free
selinux_restorecon->strcmp
selinux_restorecon->pthread_once
selinux_restorecon->fprintf
selinux_restorecon->statfs
selinux_restorecon->selabel_partial_match
selinux_restorecon->asprintf
selinux_restorecon->lstat
selinux_restorecon->realpath
selinux_restorecon->restorecon_init
selinux_restorecon->__xpg_basename
selinux_restorecon->dirname
selinux_restorecon->check_excluded
selinux_restorecon->restorecon_sb
selinux_restorecon->fts_open
selinux_restorecon->fts_read
selinux_restorecon->fts_set
selinux_restorecon->check_context_match_for_dir
selinux_restorecon->setxattr
selinux_restorecon->fts_close
selinux_restorecon->filespec_eval
selinux_restorecon->filespec_destroy
getfscreatecon_raw_internal->getprocattrcon_raw
init.242->strdup
init.242->llvm.memset.p0i8.i64
init.242->__errno_location
init.242->malloc
init.242->free
init.242->fopen
init.242->getline
init.242->fclose
init.242->__fsetlocking
init.242->rewind
init.242->fileno
init.242->fstat
init.242->digest_gen_hash
init.242->digest_add_specfile
init.242->selinux_x_context_path
init.242->process_line.244
selabel_lookup_bm_common->__errno_location
selabel_lookup_bm_common->selabel_fini
context_free_internal->free
context_free_internal->conditional_free
selinux_restorecon_default_handle->__errno_location
selinux_restorecon_default_handle->strerror
selinux_restorecon_default_handle->llvm.memcpy.p0i8.p0i8.i64
selinux_restorecon_default_handle->selabel_open
regex_load_mmap->regex_data_create
regex_load_mmap->regex_data_free
regex_load_mmap->next_entry.370
regex_load_mmap->pcre_fullinfo
matchpathcon_lib_destructor->pthread_key_delete
process_file->fclose
process_file->open_file
process_file->fcontext_is_binary
process_file->load_mmap
process_file->process_text_file
process_file->digest_add_specfile
