xen_parse->strcmp
xen_parse->strncpy
xen_parse->strcmp
xen_parse->strncpy
kv_parse->strlen
kv_parse->strchr
kv_parse->strncpy
kv_parse->strchr
kv_parse->strlen
kv_parse->xen_parse
kv_parse->lsb_parse
lsb_parse->strcmp
lsb_parse->strncpy
lsb_parse->strcmp
lsb_parse->strncpy
lsb_parse->strcmp
lsb_parse->strncpy
lsb_vendor_parse->kv_parse
redhat_vendor_parse->generic_vendor_parse
redhat_vendor_parse->strchr
redhat_vendor_parse->strchr
redhat_vendor_parse->llvm.memcpy.p0i8.p0i8.i64
redhat_vendor_parse->strncmp
redhat_vendor_parse->snprintf
redhat_vendor_parse->strncmp
redhat_vendor_parse->strncpy
redhat_vendor_parse->strncmp
redhat_vendor_parse->strncpy
xen_vendor_parse->kv_parse
xen_vendor_parse->snprintf
generic_vendor_parse->__ctype_b_loc
generic_vendor_parse->__ctype_b_loc
generic_vendor_parse->__ctype_b_loc
generic_vendor_parse->llvm.memcpy.p0i8.p0i8.i64
get_linux_vendor_info->getenv
get_linux_vendor_info->getenv
get_linux_vendor_info->strcmp
get_linux_vendor_info->stat
get_linux_vendor_info->sigar_file2str
get_linux_vendor_info->strncpy
get_linux_vendor_info->generic_vendor_parse
get_linux_vendor_info->snprintf
get_linux_vendor_info->xen_vendor_parse
get_linux_vendor_info->redhat_vendor_parse
get_linux_vendor_info->lsb_vendor_parse
sigar_os_sys_info_get->get_linux_vendor_info
sigar_net_connection_get->sigar_net_connection_walk
sigar_proc_port_get->llvm.memset.p0i8.i64
sigar_proc_port_get->sigar_net_connection_get
sigar_proc_port_get->opendir
sigar_proc_port_get->__errno_location
sigar_proc_port_get->readdir_r
sigar_proc_port_get->__ctype_b_loc
sigar_proc_port_get->llvm.memcpy.p0i8.p0i8.i64
sigar_proc_port_get->strlen
sigar_proc_port_get->llvm.memcpy.p0i8.p0i8.i64
sigar_proc_port_get->stat
sigar_proc_port_get->llvm.memcpy.p0i8.p0i8.i64
sigar_proc_port_get->llvm.memcpy.p0i8.p0i8.i64
sigar_proc_port_get->opendir
sigar_proc_port_get->readdir_r
sigar_proc_port_get->__ctype_b_loc
sigar_proc_port_get->strlen
sigar_proc_port_get->llvm.memcpy.p0i8.p0i8.i64
sigar_proc_port_get->llvm.memcpy.p0i8.p0i8.i64
sigar_proc_port_get->stat
sigar_proc_port_get->closedir
sigar_proc_port_get->closedir
sigar_proc_port_get->strtoul
sigar_proc_port_get->closedir
sigar_proc_port_get->closedir
sigar_arp_list_get->fopen
sigar_arp_list_get->__errno_location
sigar_arp_list_get->sigar_arp_list_create
sigar_arp_list_get->fgets
sigar_arp_list_get->fgets
sigar_arp_list_get->sigar_arp_list_grow
sigar_arp_list_get->__isoc99_sscanf
sigar_arp_list_get->inet_pton
sigar_arp_list_get->inet_pton
sigar_arp_list_get->__errno_location
sigar_arp_list_get->sigar_strerror
sigar_arp_list_get->sigar_log_printf
sigar_arp_list_get->__isoc99_sscanf
sigar_arp_list_get->sigar_log_printf
sigar_arp_list_get->get_hw_type
sigar_arp_list_get->strncpy
sigar_arp_list_get->fclose
sigar_nfs_server_v3_get->sigar_nfs_v3_get
sigar_nfs_v3_get->sigar_proc_nfs_gets
sigar_nfs_v3_get->sigar_skip_multiple_token
sigar_nfs_v3_get->strtoull
sigar_nfs_v3_get->strtoull
sigar_nfs_v3_get->strtoull
sigar_nfs_v3_get->strtoull
sigar_nfs_v3_get->strtoull
sigar_nfs_v3_get->strtoull
sigar_nfs_v3_get->strtoull
sigar_nfs_v3_get->strtoull
sigar_nfs_v3_get->strtoull
sigar_nfs_v3_get->strtoull
sigar_nfs_v3_get->strtoull
sigar_nfs_v3_get->strtoull
sigar_nfs_v3_get->strtoull
sigar_nfs_v3_get->strtoull
sigar_nfs_v3_get->strtoull
sigar_nfs_v3_get->strtoull
sigar_nfs_v3_get->strtoull
sigar_nfs_v3_get->strtoull
sigar_nfs_v3_get->strtoull
sigar_nfs_v3_get->strtoull
sigar_nfs_v3_get->strtoull
sigar_nfs_v3_get->strtoull
sigar_nfs_client_v3_get->sigar_nfs_v3_get
sigar_nfs_server_v2_get->sigar_nfs_v2_get
sigar_proc_nfs_gets->strlen
sigar_proc_nfs_gets->fopen
sigar_proc_nfs_gets->fgets
sigar_proc_nfs_gets->strncmp
sigar_proc_nfs_gets->fclose
sigar_nfs_v2_get->sigar_proc_nfs_gets
sigar_nfs_v2_get->sigar_skip_multiple_token
sigar_nfs_v2_get->strtoull
sigar_nfs_v2_get->strtoull
sigar_nfs_v2_get->strtoull
sigar_nfs_v2_get->strtoull
sigar_nfs_v2_get->strtoull
sigar_nfs_v2_get->strtoull
sigar_nfs_v2_get->strtoull
sigar_nfs_v2_get->strtoull
sigar_nfs_v2_get->strtoull
sigar_nfs_v2_get->strtoull
sigar_nfs_v2_get->strtoull
sigar_nfs_v2_get->strtoull
sigar_nfs_v2_get->strtoull
sigar_nfs_v2_get->strtoull
sigar_nfs_v2_get->strtoull
sigar_nfs_v2_get->strtoull
sigar_nfs_v2_get->strtoull
sigar_nfs_v2_get->strtoull
sigar_nfs_client_v2_get->sigar_nfs_v2_get
sigar_tcp_get->fopen
sigar_tcp_get->__errno_location
sigar_tcp_get->fgets
sigar_tcp_get->strncmp
sigar_tcp_get->fgets
sigar_tcp_get->fclose
sigar_tcp_get->sigar_skip_multiple_token
sigar_tcp_get->strtoull
sigar_tcp_get->strtoull
sigar_tcp_get->strtoull
sigar_tcp_get->strtoull
sigar_tcp_get->strtoull
sigar_tcp_get->strtoull
sigar_tcp_get->strtoull
sigar_tcp_get->strtoull
sigar_tcp_get->strtoull
sigar_tcp_get->strtoull
sigar_net_interface_ipv6_config_get->fopen
sigar_net_interface_ipv6_config_get->__errno_location
sigar_net_interface_ipv6_config_get->__isoc99_fscanf
sigar_net_interface_ipv6_config_get->strcmp
sigar_net_interface_ipv6_config_get->fclose
sigar_net_interface_ipv6_config_get->hex2int
proc_net_walker->sigar_net_connection_list_grow
proc_net_walker->llvm.memcpy.p0i8.p0i8.i64
proc_net_walker->llvm.memcpy.p0i8.p0i8.i64
sigar_net_connection_list_get->sigar_net_connection_list_create
sigar_net_connection_list_get->sigar_net_connection_walk
sigar_net_connection_list_get->sigar_net_connection_list_destroy
convert_hex_address->hex2int
convert_hex_address->hex2int
xproc_open->stat
xproc_open->popen
xproc_open->fopen
proc_net_read->llvm.memcpy.p0i8.p0i8.i64
proc_net_read->snprintf
proc_net_read->xproc_open
proc_net_read->sigar_log_printf
proc_net_read->sigar_log_printf
proc_net_read->fopen
proc_net_read->__errno_location
proc_net_read->fgets
proc_net_read->fgets
proc_net_read->strtoul
proc_net_read->strtoul
proc_net_read->convert_hex_address
proc_net_read->convert_hex_address
proc_net_read->hex2int
proc_net_read->hex2int
proc_net_read->hex2int
proc_net_read->strtoul
proc_net_read->strtoul
proc_net_read->fclose
proc_net_read->fclose
proc_net_read->pclose
proc_net_read->net_stat_walker
proc_net_read->net_stat_port_walker
proc_net_read->tcp_curr_estab_count
proc_net_read->proc_net_walker
proc_net_read->pclose
sigar_net_connection_walk->proc_net_read
sigar_net_connection_walk->proc_net_read
sigar_net_connection_walk->proc_net_read
sigar_net_connection_walk->proc_net_read
sigar_net_connection_walk->proc_net_read
sigar_net_connection_walk->proc_net_read
sigar_net_interface_stat_get->fopen
sigar_net_interface_stat_get->__errno_location
sigar_net_interface_stat_get->fgets
sigar_net_interface_stat_get->fgets
sigar_net_interface_stat_get->fgets
sigar_net_interface_stat_get->__ctype_b_loc
sigar_net_interface_stat_get->strchr
sigar_net_interface_stat_get->strcmp
sigar_net_interface_stat_get->strtoull
sigar_net_interface_stat_get->strtoull
sigar_net_interface_stat_get->strtoull
sigar_net_interface_stat_get->strtoull
sigar_net_interface_stat_get->strtoull
sigar_net_interface_stat_get->strtoull
sigar_net_interface_stat_get->sigar_skip_multiple_token
sigar_net_interface_stat_get->strtoull
sigar_net_interface_stat_get->strtoull
sigar_net_interface_stat_get->strtoull
sigar_net_interface_stat_get->strtoull
sigar_net_interface_stat_get->strtoull
sigar_net_interface_stat_get->strtoull
sigar_net_interface_stat_get->strtoull
sigar_net_interface_stat_get->fclose
hex2int->__ctype_b_loc
hex2int->__ctype_b_loc
sigar_net_route_list_get->fopen
sigar_net_route_list_get->__errno_location
sigar_net_route_list_get->sigar_net_route_list_create
sigar_net_route_list_get->fgets
sigar_net_route_list_get->fgets
sigar_net_route_list_get->sigar_net_route_list_grow
sigar_net_route_list_get->__isoc99_sscanf
sigar_net_route_list_get->hex2int
sigar_net_route_list_get->hex2int
sigar_net_route_list_get->hex2int
sigar_net_route_list_get->fclose
cpu_info_strval->strchr
cpu_info_strval->__ctype_b_loc
cpu_info_strcpy->cpu_info_strval
cpu_info_strcpy->strlen
cpu_info_strcpy->strncpy
get_cpuinfo_min_freq->snprintf
get_cpuinfo_min_freq->sigar_file2str
get_cpuinfo_min_freq->atoi
get_cpuinfo_max_freq->snprintf
get_cpuinfo_max_freq->sigar_file2str
get_cpuinfo_max_freq->atoi
get_cpu_info->fgets
get_cpu_info->strncmp
get_cpu_info->strncmp
get_cpu_info->cpu_info_strcpy
get_cpu_info->strcmp
get_cpu_info->strncpy
get_cpu_info->strcmp
get_cpu_info->strncpy
get_cpu_info->strncmp
get_cpu_info->cpu_info_strcpy
get_cpu_info->sigar_cpu_model_adjust
get_cpu_info->strncmp
get_cpu_info->cpu_info_strcpy
get_cpu_info->sigar_cpu_model_adjust
get_cpu_info->strncmp
get_cpu_info->cpu_info_strval
get_cpu_info->atoi
get_cpu_info->strncmp
get_cpu_info->cpu_info_strval
get_cpu_info->strtoul
sigar_cpu_total_count->sysconf
sigar_cpu_total_count->sigar_log_printf
sigar_cpu_info_list_get->sigar_cpu_core_rollup
sigar_cpu_info_list_get->fopen
sigar_cpu_info_list_get->__errno_location
sigar_cpu_info_list_get->sigar_cpu_total_count
sigar_cpu_info_list_get->sigar_cpu_info_list_create
sigar_cpu_info_list_get->get_cpu_info
sigar_cpu_info_list_get->get_cpuinfo_max_freq
sigar_cpu_info_list_get->get_cpuinfo_min_freq
sigar_cpu_info_list_get->sigar_cpu_info_list_grow
sigar_cpu_info_list_get->fclose
sigar_file_system_usage_get->sigar_statvfs
sigar_file_system_usage_get->sigar_file_system_usage_calc_used
sigar_file_system_usage_get->sigar_disk_usage_get
get_iostat_procp->sigar_iodev_get
get_iostat_procp->stat
get_iostat_procp->__errno_location
get_iostat_procp->gnu_dev_major
get_iostat_procp->gnu_dev_minor
get_iostat_procp->sigar_log_printf
get_iostat_procp->fopen
get_iostat_procp->__errno_location
get_iostat_procp->fgets
get_iostat_procp->fgets
get_iostat_procp->strtoul
get_iostat_procp->strtoul
get_iostat_procp->gnu_dev_major
get_iostat_procp->gnu_dev_minor
get_iostat_procp->sigar_skip_token
get_iostat_procp->sigar_skip_token
get_iostat_procp->strtoull
get_iostat_procp->sigar_skip_token
get_iostat_procp->strtoull
get_iostat_procp->strtoull
get_iostat_procp->strtoull
get_iostat_procp->sigar_skip_token
get_iostat_procp->strtoull
get_iostat_procp->strtoull
get_iostat_procp->sigar_skip_token
get_iostat_procp->strtoull
get_iostat_procp->strtoull
get_iostat_procp->fclose
get_iostat_procp->fclose
get_iostat_proc_dstat->sigar_iodev_get
get_iostat_proc_dstat->stat
get_iostat_proc_dstat->__errno_location
get_iostat_proc_dstat->gnu_dev_major
get_iostat_proc_dstat->gnu_dev_minor
get_iostat_proc_dstat->sigar_log_printf
get_iostat_proc_dstat->fopen
get_iostat_proc_dstat->__errno_location
get_iostat_proc_dstat->fgets
get_iostat_proc_dstat->strtoul
get_iostat_proc_dstat->strtoul
get_iostat_proc_dstat->gnu_dev_major
get_iostat_proc_dstat->gnu_dev_minor
get_iostat_proc_dstat->sigar_skip_token
get_iostat_proc_dstat->__isoc99_sscanf
get_iostat_proc_dstat->gnu_dev_minor
get_iostat_proc_dstat->llvm.memcpy.p0i8.p0i8.i64
get_iostat_proc_dstat->fclose
get_iostat_sys->sigar_iodev_get
get_iostat_sys->strncmp
get_iostat_sys->__ctype_b_loc
get_iostat_sys->strtoul
get_iostat_sys->snprintf
get_iostat_sys->sigar_file2str
get_iostat_sys->sigar_skip_token
get_iostat_sys->strtoull
get_iostat_sys->sigar_skip_token
get_iostat_sys->strtoull
sigar_disk_usage_get->get_iostat_sys
sigar_disk_usage_get->get_iostat_proc_dstat
sigar_disk_usage_get->get_iostat_procp
sigar_disk_usage_get->sigar_uptime_get
sigar_disk_usage_get->llvm.memcpy.p0i8.p0i8.i64
sigar_file_system_list_get->setmntent
sigar_file_system_list_get->__errno_location
sigar_file_system_list_get->sigar_file_system_list_create
sigar_file_system_list_get->getmntent_r
sigar_file_system_list_get->sigar_file_system_list_grow
sigar_file_system_list_get->strncpy
sigar_file_system_list_get->strncpy
sigar_file_system_list_get->strncpy
sigar_file_system_list_get->strncpy
sigar_file_system_list_get->sigar_fs_type_get
sigar_file_system_list_get->endmntent
sigar_os_fs_type_get->strncmp
sigar_os_fs_type_get->strcmp
sigar_os_fs_type_get->strcmp
sigar_os_fs_type_get->strncmp
sigar_os_fs_type_get->strncmp
sigar_os_fs_type_get->strncmp
sigar_os_fs_type_get->strcmp
sigar_os_fs_type_get->strcmp
sigar_os_fs_type_get->strcmp
sigar_os_fs_type_get->strcmp
sigar_thread_cpu_get->times
sigar_proc_modules_get->sigar_proc_filename
sigar_proc_modules_get->fopen
sigar_proc_modules_get->__errno_location
sigar_proc_modules_get->fgets
sigar_proc_modules_get->sigar_skip_multiple_token
sigar_proc_modules_get->strtoul
sigar_proc_modules_get->__ctype_b_loc
sigar_proc_modules_get->strlen
sigar_proc_modules_get->fclose
sigar_proc_modules_get->proc_modules_match
sigar_proc_modules_get->proc_module_get_self
sigar_proc_exe_get->sigar_proc_filename
sigar_proc_exe_get->readlink
sigar_proc_exe_get->__errno_location
sigar_proc_exe_get->sigar_proc_filename
sigar_proc_exe_get->readlink
sigar_proc_exe_get->__errno_location
sigar_proc_exe_get->sigar_proc_filename
sigar_proc_exe_get->readlink
sigar_proc_exe_get->__errno_location
sigar_proc_fd_get->sigar_proc_fd_count
sigar_proc_env_get->getenv
sigar_proc_env_get->strlen
sigar_proc_env_get->sigar_proc_filename
sigar_proc_env_get->open
sigar_proc_env_get->__errno_location
sigar_proc_env_get->__errno_location
sigar_proc_env_get->read
sigar_proc_env_get->close
sigar_proc_env_get->strchr
sigar_proc_env_get->strncpy
sigar_proc_env_get->strlen
sigar_proc_env_get->sigar_proc_env_get_key
sigar_proc_env_get->sigar_proc_env_get_key
sigar_os_proc_args_get->sigar_procfs_args_get
proc_status_get->sigar_proc_file2str
proc_status_get->strstr
proc_status_get->sigar_skip_token
proc_status_get->strtoul
sigar_proc_state_get->proc_stat_read
sigar_proc_state_get->llvm.memcpy.p0i8.p0i8.i64
sigar_proc_state_get->sigar_cpu_core_rollup
sigar_proc_state_get->proc_status_get
sigar_proc_time_get->proc_stat_read
sigar_proc_cred_get->sigar_proc_file2str
sigar_proc_cred_get->strstr
sigar_proc_cred_get->sigar_skip_token
sigar_proc_cred_get->strtoul
sigar_proc_cred_get->strtoul
sigar_proc_cred_get->sigar_log_printf
sigar_proc_cred_get->strstr
sigar_proc_cred_get->sigar_skip_token
sigar_proc_cred_get->strtoul
sigar_proc_cred_get->strtoul
sigar_proc_cred_get->sigar_log_printf
sigar_proc_cumulative_disk_io_get->sigar_proc_file2str
sigar_proc_cumulative_disk_io_get->get_named_proc_token
sigar_proc_cumulative_disk_io_get->get_named_proc_token
proc_stat_read->time
proc_stat_read->sigar_proc_file2str
proc_stat_read->strchr
proc_stat_read->strrchr
proc_stat_read->llvm.memcpy.p0i8.p0i8.i64
proc_stat_read->__ctype_b_loc
proc_stat_read->__ctype_b_loc
proc_stat_read->strtoul
proc_stat_read->sigar_skip_token
proc_stat_read->sigar_skip_token
proc_stat_read->strtoul
proc_stat_read->sigar_skip_token
proc_stat_read->sigar_skip_token
proc_stat_read->strtoull
proc_stat_read->sigar_skip_token
proc_stat_read->strtoull
proc_stat_read->sigar_skip_token
proc_stat_read->strtoull
proc_stat_read->strtoull
proc_stat_read->sigar_skip_token
proc_stat_read->sigar_skip_token
proc_stat_read->strtoul
proc_stat_read->strtoul
proc_stat_read->sigar_skip_token
proc_stat_read->sigar_skip_token
proc_stat_read->strtoul
proc_stat_read->strtoull
proc_stat_read->strtoull
proc_stat_read->sigar_skip_token
proc_stat_read->sigar_skip_token
proc_stat_read->sigar_skip_token
proc_stat_read->sigar_skip_token
proc_stat_read->sigar_skip_token
proc_stat_read->sigar_skip_token
proc_stat_read->sigar_skip_token
proc_stat_read->sigar_skip_token
proc_stat_read->sigar_skip_token
proc_stat_read->sigar_skip_token
proc_stat_read->sigar_skip_token
proc_stat_read->sigar_skip_token
proc_stat_read->sigar_skip_token
proc_stat_read->sigar_skip_token
proc_stat_read->strtoul
sigar_proc_mem_get->proc_stat_read
sigar_proc_mem_get->sigar_proc_file2str
sigar_proc_mem_get->strtoull
sigar_proc_mem_get->strtoull
sigar_proc_mem_get->strtoull
proc_isthread->llvm.memcpy.p0i8.p0i8.i64
proc_isthread->llvm.memcpy.p0i8.p0i8.i64
proc_isthread->llvm.memcpy.p0i8.p0i8.i64
proc_isthread->open
proc_isthread->read
proc_isthread->close
proc_isthread->__ctype_b_loc
proc_isthread->__ctype_b_loc
proc_isthread->__ctype_b_loc
get_proc_signal_offset->sigar_file2str
sigar_os_proc_list_get->opendir
sigar_os_proc_list_get->__errno_location
sigar_os_proc_list_get->get_proc_signal_offset
sigar_os_proc_list_get->readdir_r
sigar_os_proc_list_get->__ctype_b_loc
sigar_os_proc_list_get->strlen
sigar_os_proc_list_get->proc_isthread
sigar_os_proc_list_get->sigar_proc_list_grow
sigar_os_proc_list_get->strtoul
sigar_os_proc_list_get->closedir
sigar_loadavg_get->sigar_file2str
sigar_loadavg_get->strtod
sigar_loadavg_get->strtod
sigar_loadavg_get->strtod
sigar_uptime_get->sigar_file2str
sigar_uptime_get->strtod
sigar_cpu_list_get->sigar_cpu_core_rollup
sigar_cpu_list_get->fopen
sigar_cpu_list_get->__errno_location
sigar_cpu_list_get->fgets
sigar_cpu_list_get->sigar_cpu_list_create
sigar_cpu_list_get->fgets
sigar_cpu_list_get->strncmp
sigar_cpu_list_get->sigar_cpu_list_grow
sigar_cpu_list_get->llvm.memset.p0i8.i64
sigar_cpu_list_get->get_cpu_metrics
sigar_cpu_list_get->fclose
sigar_cpu_list_get->llvm.memset.p0i8.i64
sigar_cpu_list_get->get_cpu_metrics
get_cpu_metrics->sigar_skip_token
get_cpu_metrics->strtoull
get_cpu_metrics->strtoull
get_cpu_metrics->strtoull
get_cpu_metrics->strtoull
get_cpu_metrics->strtoull
get_cpu_metrics->strtoull
get_cpu_metrics->strtoull
get_cpu_metrics->strtoull
sigar_cpu_get->sigar_file2str
sigar_cpu_get->llvm.memset.p0i8.i64
sigar_cpu_get->get_cpu_metrics
sigar_swap_get->sigar_file2str
sigar_swap_get->sigar_meminfo
sigar_swap_get->sigar_meminfo
sigar_swap_get->sigar_file2str
sigar_swap_get->strstr
sigar_swap_get->sigar_skip_token
sigar_swap_get->strtoull
sigar_swap_get->sigar_skip_token
sigar_swap_get->strtoull
sigar_swap_get->sigar_file2str
sigar_swap_get->strstr
sigar_swap_get->sigar_skip_token
sigar_swap_get->strtoull
sigar_swap_get->strtoull
get_ram->fopen
get_ram->__errno_location
get_ram->fgets
get_ram->strstr
get_ram->strstr
get_ram->__ctype_b_loc
get_ram->atoi
get_ram->fclose
sigar_meminfo->strstr
sigar_meminfo->strtoull
sigar_mem_get->sigar_file2str
sigar_mem_get->sigar_meminfo
sigar_mem_get->sigar_meminfo
sigar_mem_get->sigar_meminfo
sigar_mem_get->sigar_meminfo
sigar_mem_get->sigar_mem_calc_ram
sigar_mem_get->get_ram
sigar_os_close->free
sigar_boot_time_get->fopen
sigar_boot_time_get->__errno_location
sigar_boot_time_get->fgets
sigar_boot_time_get->strncmp
sigar_boot_time_get->sigar_skip_token
sigar_boot_time_get->strtoul
sigar_boot_time_get->fclose
sigar_boot_time_get->time
sigar_os_open->malloc
sigar_os_open->getpagesize
sigar_os_open->sigar_boot_time_get
sigar_os_open->sysconf
sigar_os_open->stat
sigar_os_open->stat
sigar_os_open->stat
sigar_os_open->getenv
sigar_os_open->uname
sigar_os_open->atoi
sigar_os_open->getenv
sigar_pid_get->getpid
sigar_time_now_millis->gettimeofday
sigar_log_impl_file->fprintf
proc_module_get_self->rindex
proc_module_get_self->strncmp
proc_module_get_self->strdup
proc_module_get_self->sigar_log_printf
sigar_get_self_path->getenv
sigar_get_self_path->strdup
sigar_get_self_path->sigar_pid_get
sigar_get_self_path->sigar_proc_modules_get
sigar_get_self_path->strdup
sigar_net_services_name_get->sigar_cache_new
sigar_net_services_name_get->net_services_parse
sigar_net_services_name_get->sigar_cache_find
sigar_net_interface_flags_to_string->strcat
sigar_net_interface_flags_to_string->strcat
sigar_net_interface_flags_to_string->strcat
sigar_net_interface_flags_to_string->strcat
sigar_net_interface_flags_to_string->strcat
sigar_net_interface_flags_to_string->strcat
sigar_net_interface_flags_to_string->strcat
sigar_net_interface_flags_to_string->strcat
sigar_net_interface_flags_to_string->strcat
sigar_net_interface_flags_to_string->strcat
sigar_net_interface_flags_to_string->strcat
sigar_net_interface_flags_to_string->strcat
sigar_net_interface_flags_to_string->strcat
sigar_net_interface_flags_to_string->strcat
sigar_net_interface_flags_to_string->strcat
sigar_ether_ntoa->sprintf
sigar_net_address_to_string->inet_ntop
sigar_net_address_to_string->__errno_location
sigar_net_address_to_string->sigar_inet_ntoa
sigar_net_address_to_string->sigar_inet_ntoa
sigar_net_address_to_string->sigar_ether_ntoa
sigar_net_address_equals->memcmp
sigar_net_address_equals->memcmp
sigar_net_address_equals->memcmp
sigar_uptime_string->sprintf
sigar_uptime_string->sprintf
sigar_uptime_string->sprintf
sigar_format_size->llvm.memcpy.p0i8.p0i8.i64
sigar_format_size->sprintf
sigar_format_size->sprintf
sigar_format_size->sprintf
sigar_strerror_printf->llvm.va_start
sigar_strerror_printf->vsnprintf
sigar_strerror_printf->llvm.va_end
sigar_strerror_set->strncpy
sigar_strerror_get->__xpg_strerror_r
sigar_strerror_get->strncpy
sigar_strerror->sigar_os_error_string
sigar_strerror->sigar_error_string
sigar_strerror->sigar_strerror_get
sigar_user_id_get->getpwnam_r
sigar_user_id_get->__errno_location
sigar_group_name_get->getgrgid_r
sigar_group_name_get->__errno_location
sigar_group_name_get->strncpy
sigar_group_name_get->sprintf
sigar_user_name_get->getpwuid_r
sigar_user_name_get->__errno_location
sigar_user_name_get->strncpy
sigar_dir_usage_get->llvm.memset.p0i8.i64
sigar_dir_usage_get->dir_stat_get
dir_stat_get->strlen
dir_stat_get->opendir
dir_stat_get->__errno_location
dir_stat_get->strncpy
dir_stat_get->readdir64
dir_stat_get->strncpy
dir_stat_get->lstat64
dir_stat_get->filetype_from_mode
dir_stat_get->dir_stat_get
dir_stat_get->sigar_strerror
dir_stat_get->sigar_log_printf
dir_stat_get->closedir
sigar_dir_stat_get->llvm.memset.p0i8.i64
sigar_dir_stat_get->dir_stat_get
sigar_link_attrs_get->lstat64
sigar_link_attrs_get->copy_stat_info
sigar_link_attrs_get->__errno_location
copy_stat_info->sigar_unix_mode2perms
copy_stat_info->filetype_from_mode
sigar_file_attrs_get->stat64
sigar_file_attrs_get->copy_stat_info
sigar_file_attrs_get->__errno_location
sigar_statvfs->statvfs64
sigar_statvfs->__errno_location
sigar_cache_destroy->free
sigar_cache_destroy->free
sigar_cache_destroy->free
sigar_cache_get->sigar_perform_cleanup_if_necessary
sigar_cache_get->sigar_time_now_millis
sigar_cache_get->sigar_cache_rehash
sigar_cache_get->malloc
sigar_cache_get->sigar_time_now_millis
sigar_cache_find->sigar_perform_cleanup_if_necessary
sigar_cache_find->sigar_time_now_millis
sigar_cache_rehash->malloc
sigar_cache_rehash->llvm.memset.p0i8.i64
sigar_cache_rehash->free
sigar_perform_cleanup_if_necessary->sigar_time_now_millis
sigar_perform_cleanup_if_necessary->free
sigar_perform_cleanup_if_necessary->sigar_cache_rehash
sigar_perform_cleanup_if_necessary->free_value
sigar_cache_dump->printf
sigar_cache_dump->printf
sigar_cache_dump->printf
sigar_cache_dump->printf
sigar_cache_dump->printf
sigar_cache_dump->printf
sigar_cache_dump->fflush
sigar_cache_new->sigar_expired_cache_new
free_value->free
sigar_expired_cache_new->malloc
sigar_expired_cache_new->malloc
sigar_expired_cache_new->llvm.memset.p0i8.i64
sigar_expired_cache_new->sigar_time_now_millis
sigar_password_get->fopen
sigar_password_get->fprintf
sigar_password_get->fflush
sigar_password_get->getpass
sigar_password_get->fclose
sigar_gethostbyaddr->gethostbyaddr_r
fqdn_ip_get->sigar_net_interface_config_primary_get
fqdn_ip_get->sigar_net_address_to_string
fqdn_ip_get->sigar_log_printf
sigar_fqdn_get->gethostname
sigar_fqdn_get->__errno_location
sigar_fqdn_get->sigar_strerror
sigar_fqdn_get->sigar_log_printf
sigar_fqdn_get->__errno_location
sigar_fqdn_get->sigar_log_printf
sigar_fqdn_get->sigar_gethostbyname
sigar_fqdn_get->__errno_location
sigar_fqdn_get->sigar_strerror
sigar_fqdn_get->sigar_log_printf
sigar_fqdn_get->strchr
sigar_fqdn_get->fqdn_ip_get
sigar_fqdn_get->strchr
sigar_fqdn_get->strlen
sigar_fqdn_get->strncmp
sigar_fqdn_get->strncpy
sigar_fqdn_get->sigar_log
sigar_fqdn_get->sigar_log_printf
sigar_fqdn_get->strchr
sigar_fqdn_get->strlen
sigar_fqdn_get->strncmp
sigar_fqdn_get->strncpy
sigar_fqdn_get->sigar_log
sigar_fqdn_get->sigar_log_printf
sigar_fqdn_get->sigar_log_printf
sigar_fqdn_get->sigar_gethostbyaddr
sigar_fqdn_get->sigar_inet_ntoa
sigar_fqdn_get->__errno_location
sigar_fqdn_get->sigar_strerror
sigar_fqdn_get->sigar_log_printf
sigar_fqdn_get->strchr
sigar_fqdn_get->strlen
sigar_fqdn_get->strncmp
sigar_fqdn_get->strncpy
sigar_fqdn_get->sigar_log
sigar_fqdn_get->sigar_log_printf
sigar_fqdn_get->strchr
sigar_fqdn_get->strlen
sigar_fqdn_get->strncmp
sigar_fqdn_get->strncpy
sigar_fqdn_get->sigar_log
sigar_fqdn_get->sigar_log_printf
sigar_fqdn_get->sigar_log
sigar_fqdn_get->strchr
sigar_fqdn_get->getdomainname
sigar_fqdn_get->strlen
sigar_fqdn_get->strncpy
sigar_fqdn_get->sigar_log
sigar_fqdn_get->sigar_log
sigar_fqdn_get->strchr
sigar_fqdn_get->fqdn_ip_get
sigar_gethostbyname->gethostbyname_r
has_interface->strcmp
proc_net_interface_list_get->fopen
proc_net_interface_list_get->__errno_location
proc_net_interface_list_get->fgets
proc_net_interface_list_get->fgets
proc_net_interface_list_get->fgets
proc_net_interface_list_get->__ctype_b_loc
proc_net_interface_list_get->strchr
proc_net_interface_list_get->has_interface
proc_net_interface_list_get->sigar_net_interface_list_grow
proc_net_interface_list_get->strdup
proc_net_interface_list_get->fclose
sigar_net_interface_list_get->socket
sigar_net_interface_list_get->__errno_location
sigar_net_interface_list_get->realloc
sigar_net_interface_list_get->ioctl
sigar_net_interface_list_get->__errno_location
sigar_net_interface_list_get->free
sigar_net_interface_list_get->__errno_location
sigar_net_interface_list_get->close
sigar_net_interface_list_get->malloc
sigar_net_interface_list_get->strdup
sigar_net_interface_list_get->proc_net_interface_list_get
get_interface_type->strncpy
sigar_net_interface_config_primary_get->sigar_net_interface_list_get
sigar_net_interface_config_primary_get->sigar_net_interface_config_get
sigar_net_interface_config_primary_get->llvm.memcpy.p0i8.p0i8.i64
sigar_net_interface_config_primary_get->strchr
sigar_net_interface_config_primary_get->sigar_net_interface_list_destroy
sigar_net_interface_config_primary_get->llvm.memcpy.p0i8.p0i8.i64
sigar_net_interface_config_get->sigar_net_interface_config_primary_get
sigar_net_interface_config_get->llvm.memset.p0i8.i64
sigar_net_interface_config_get->socket
sigar_net_interface_config_get->__errno_location
sigar_net_interface_config_get->strncpy
sigar_net_interface_config_get->strncpy
sigar_net_interface_config_get->ioctl
sigar_net_interface_config_get->ioctl
sigar_net_interface_config_get->ioctl
sigar_net_interface_config_get->close
sigar_net_interface_config_get->__errno_location
sigar_net_interface_config_get->llvm.memset.p0i8.i64
sigar_net_interface_config_get->strncpy
sigar_net_interface_config_get->ioctl
sigar_net_interface_config_get->ioctl
sigar_net_interface_config_get->ioctl
sigar_net_interface_config_get->get_interface_type
sigar_net_interface_config_get->llvm.memcpy.p0i8.p0i8.i64
sigar_net_interface_config_get->ioctl
sigar_net_interface_config_get->ioctl
sigar_net_interface_config_get->ioctl
sigar_net_interface_config_get->close
sigar_net_interface_config_get->strncpy
sigar_net_interface_config_get->sigar_net_interface_ipv6_config_get
sigar_resource_limit_get->sysconf
sigar_resource_limit_get->getrlimit
sigar_get_default_gateway->sigar_net_route_list_get
sigar_get_default_gateway->sigar_net_address_to_string
sigar_get_default_gateway->strncpy
sigar_get_default_gateway->sigar_net_route_list_destroy
sigar_common_fs_type_get->strncmp
sigar_common_fs_type_get->strcmp
sigar_common_fs_type_get->strcmp
sigar_common_fs_type_get->strcmp
sigar_common_fs_type_get->strcmp
sigar_common_fs_type_get->strcmp
sigar_common_fs_type_get->strcmp
sigar_common_fs_type_get->strcmp
sigar_common_fs_type_get->strcmp
sigar_common_fs_type_get->strcmp
sigar_common_fs_type_get->strcmp
sigar_common_fs_type_get->strcmp
sigar_common_fs_type_get->strcmp
sigar_fs_type_get->sigar_os_fs_type_get
sigar_fs_type_get->sigar_common_fs_type_get
sigar_fs_type_get->strcpy
sigar_file_system_list_grow->realloc
sigar_file_system_list_create->malloc
sigar_proc_args_get->sigar_proc_args_create
sigar_proc_args_get->sigar_os_proc_args_get
sigar_proc_args_get->sigar_proc_args_destroy
sigar_proc_args_destroy->free
sigar_proc_args_destroy->free
sigar_proc_args_grow->realloc
sigar_proc_args_create->malloc
sigar_proc_list_grow->realloc
sigar_proc_cred_name_get->sigar_proc_cred_get
sigar_proc_cred_name_get->sigar_user_name_get
sigar_proc_cred_name_get->sigar_group_name_get
sigar_sys_info_get_uname->uname
sigar_sys_info_get_uname->strncpy
sigar_sys_info_get_uname->strncpy
sigar_sys_info_get_uname->strncpy
sigar_sys_info_get_uname->strncpy
sigar_sys_info_get_uname->strncpy
sigar_sys_info_get_uname->strncpy
sigar_sys_info_get->llvm.memset.p0i8.i64
sigar_sys_info_get->sigar_sys_info_get_uname
sigar_sys_info_get->sigar_os_sys_info_get
sigar_proc_list_create->malloc
sigar_proc_list_get->malloc
sigar_proc_list_get->sigar_proc_list_create
sigar_proc_list_get->sigar_proc_list_create
sigar_proc_list_get->sigar_os_proc_list_get
sigar_proc_stat_get->llvm.memset.p0i8.i64
sigar_proc_stat_get->sigar_proc_list_get
sigar_proc_stat_get->sigar_proc_state_get
sigar_proc_cpu_get->sigar_time_now_millis
sigar_proc_cpu_get->sigar_expired_cache_new
sigar_proc_cpu_get->sigar_cache_get
sigar_proc_cpu_get->malloc
sigar_proc_cpu_get->llvm.memset.p0i8.i64
sigar_proc_cpu_get->llvm.memcpy.p0i8.p0i8.i64
sigar_proc_cpu_get->sigar_proc_time_get
sigar_proc_cpu_get->llvm.memcpy.p0i8.p0i8.i64
sigar_proc_list_destroy->free
sigar_close->free
sigar_close->free
sigar_close->sigar_proc_list_destroy
sigar_close->free
sigar_close->sigar_cache_destroy
sigar_close->sigar_cache_destroy
sigar_close->sigar_cache_destroy
sigar_close->sigar_cache_destroy
sigar_close->sigar_cache_destroy
sigar_close->sigar_cache_destroy
sigar_close->sigar_os_close
sigar_open->sigar_os_open
sigar_open->getenv
calculate_io_diff->get_io_diff
calculate_io_diff->get_io_diff
calculate_io_diff->get_io_diff
sigar_proc_disk_io_get->sigar_time_now_millis
sigar_proc_disk_io_get->sigar_expired_cache_new
sigar_proc_disk_io_get->sigar_cache_get
sigar_proc_disk_io_get->malloc
sigar_proc_disk_io_get->llvm.memset.p0i8.i64
sigar_proc_disk_io_get->copy_cached_disk_io_into_disk_io
sigar_proc_disk_io_get->sigar_proc_cumulative_disk_io_get
sigar_proc_disk_io_get->calculate_io_diff
sigar_proc_disk_io_get->copy_cached_disk_io_into_disk_io
get_cache_info->printf
get_cache_info->sigar_cache_dump
sigar_dump_pid_cache_get->get_cache_info
sigar_dump_pid_cache_get->get_cache_info
sigar_file_system_list_destroy->free
sigar_file_system_ping->strcmp
sigar_file_system_ping->strchr
sigar_file_system_ping->sigar_rpc_ping
sigar_file_system_ping->sigar_rpc_strerror
sigar_file_system_ping->sigar_log_printf
sigar_cpu_info_list_create->malloc
sigar_cpu_info_list_grow->realloc
sigar_cpu_info_list_destroy->free
sigar_cpu_list_create->malloc
sigar_cpu_list_grow->realloc
sigar_cpu_list_destroy->free
sigar_net_route_list_create->malloc
sigar_net_route_list_grow->realloc
sigar_net_route_list_destroy->free
sigar_net_interface_list_create->malloc
sigar_net_interface_list_grow->realloc
sigar_net_interface_list_destroy->free
sigar_net_interface_list_destroy->free
sigar_net_connection_list_create->malloc
sigar_net_connection_list_grow->realloc
sigar_net_connection_list_destroy->free
sigar_net_listen_address_get->sigar_cache_find
sigar_net_listen_address_get->sigar_net_stat_get
sigar_net_listen_address_get->sigar_cache_find
sigar_net_listen_address_get->sigar_cache_get
sigar_net_listen_address_get->llvm.memcpy.p0i8.p0i8.i64
sigar_net_stat_get->sigar_cache_new
sigar_net_stat_get->llvm.memset.p0i8.i64
sigar_net_stat_get->sigar_net_connection_walk
net_stat_walker->sigar_net_listen_address_add
net_stat_walker->sigar_cache_find
sigar_net_listen_address_add->sigar_cache_get
sigar_net_listen_address_add->malloc
sigar_net_listen_address_add->llvm.memcpy.p0i8.p0i8.i64
sigar_net_stat_port_get->llvm.memset.p0i8.i64
sigar_net_stat_port_get->sigar_net_address_to_string
sigar_net_stat_port_get->sigar_log_printf
sigar_net_stat_port_get->sigar_net_connection_walk
net_stat_port_walker->sigar_net_address_equals
net_stat_port_walker->sigar_net_address_equals
sigar_tcp_curr_estab->sigar_net_connection_walk
sigar_arp_list_create->malloc
sigar_arp_list_grow->realloc
sigar_arp_list_destroy->free
sigar_who_list_create->malloc
sigar_who_list_grow->realloc
sigar_who_list_destroy->free
sigar_who_list_get->sigar_who_list_create
sigar_who_list_get->sigar_who_utmp
sigar_who_list_get->sigar_who_list_destroy
sigar_who_utmp->setutxent
sigar_who_utmp->getutxent
sigar_who_utmp->sigar_who_list_grow
sigar_who_utmp->strncpy
sigar_who_utmp->strncpy
sigar_who_utmp->strncpy
sigar_who_utmp->endutxent
sigar_net_info_get->llvm.memset.p0i8.i64
sigar_net_info_get->fopen
sigar_net_info_get->fgets
sigar_net_info_get->__ctype_b_loc
sigar_net_info_get->strstr
sigar_net_info_get->__ctype_b_loc
sigar_net_info_get->strlen
sigar_net_info_get->strncpy
sigar_net_info_get->strncpy
sigar_net_info_get->fclose
sigar_net_info_get->gethostname
sigar_net_info_get->getdomainname
sigar_net_info_get->sigar_get_default_gateway
net_services_parse->getenv
net_services_parse->fopen
net_services_parse->__errno_location
net_services_parse->fgets
net_services_parse->__ctype_b_loc
net_services_parse->__isoc99_sscanf
net_services_parse->strcmp
net_services_parse->sigar_cache_get
net_services_parse->strdup
net_services_parse->fclose
sigar_getline_setwidth->gl_error
gl_error->strlen
gl_error->gl_cleanup
gl_error->write
gl_error->exit
gl_cleanup->gl_char_cleanup
gl_char_cleanup->tcsetattr
sigar_getline_windowchanged->isatty
sigar_getline_windowchanged->ioctl
sigar_getline_windowchanged->sigar_getline_setwidth
sigar_getline_windowchanged->sprintf
sigar_getline_windowchanged->putenv
sigar_getline_windowchanged->sprintf
sigar_getline_windowchanged->putenv
sigar_getline->sigar_getlinem
sigar_getlinem->gl_cleanup
sigar_getlinem->sigar_getline_config
sigar_getlinem->sigar_getline_config
sigar_getlinem->gl_init
sigar_getlinem->gl_fixup
sigar_getlinem->gl_getc
sigar_getlinem->__ctype_b_loc
sigar_getlinem->search_addchar
sigar_getlinem->gl_addchar
sigar_getlinem->search_term
sigar_getlinem->search_addchar
sigar_getlinem->search_term
sigar_getlinem->gl_back_1_word
sigar_getlinem->gl_kill_1_word
sigar_getlinem->gl_fwd_1_word
sigar_getlinem->gl_set_mark
sigar_getlinem->gl_wipe
sigar_getlinem->gl_exch
sigar_getlinem->gl_newline
sigar_getlinem->gl_cleanup
sigar_getlinem->gl_fixup
sigar_getlinem->gl_fixup
sigar_getlinem->gl_cleanup
sigar_getlinem->gl_putc
sigar_getlinem->gl_del
sigar_getlinem->gl_fixup
sigar_getlinem->gl_fixup
sigar_getlinem->gl_del
sigar_getlinem->strlen
sigar_getlinem->gl_fixup
sigar_getlinem->gl_kill
sigar_getlinem->sigar_getline_clear_screen
sigar_getlinem->hist_next
sigar_getlinem->strcpy
sigar_getlinem->gl_fixup
sigar_getlinem->hist_prev
sigar_getlinem->strcpy
sigar_getlinem->gl_fixup
sigar_getlinem->search_back
sigar_getlinem->search_forw
sigar_getlinem->gl_transpose
sigar_getlinem->gl_fixup
sigar_getlinem->gl_kill
sigar_getlinem->gl_yank
sigar_getlinem->gl_getc
sigar_getlinem->gl_back_1_word
sigar_getlinem->gl_kill_1_word
sigar_getlinem->gl_fwd_1_word
sigar_getlinem->gl_getc
sigar_getlinem->hist_prev
sigar_getlinem->strcpy
sigar_getlinem->gl_fixup
sigar_getlinem->hist_next
sigar_getlinem->strcpy
sigar_getlinem->gl_fixup
sigar_getlinem->gl_fixup
sigar_getlinem->gl_fixup
sigar_getlinem->gl_bell
sigar_getlinem->gl_bell
sigar_getlinem->gl_cleanup
sigar_getlinem->raise
sigar_getlinem->gl_init
sigar_getlinem->sigar_getline_redraw
sigar_getlinem->gl_bell
sigar_getlinem->gl_cleanup
sigar_getlinem->gl_tab
sigar_getline_config->strcmp
sigar_getline_config->strcmp
sigar_getline_config->printf
gl_init->hist_init
gl_init->isatty
gl_init->isatty
gl_init->gl_char_init
gl_fixup->gl_puts
gl_fixup->strcpy
gl_fixup->strlen
gl_fixup->strcmp
gl_fixup->strlen
gl_fixup->strlen
gl_fixup->strcpy
gl_fixup->gl_putc
gl_fixup->gl_puts
gl_fixup->strlen
gl_fixup->gl_bell
gl_fixup->gl_bell
gl_fixup->gl_putc
gl_fixup->gl_putc
gl_fixup->gl_putc
gl_fixup->gl_putc
gl_fixup->gl_putc
gl_fixup->gl_putc
gl_fixup->gl_putc
gl_getc->read
gl_getc->__errno_location
gl_getc->__errno_location
search_addchar->search_update
search_addchar->strcpy
search_addchar->strstr
search_addchar->gl_fixup
search_addchar->search_forw
search_addchar->search_back
search_addchar->gl_fixup
gl_addchar->gl_error
gl_addchar->gl_fixup
gl_addchar->gl_fixup
search_term->gl_fixup
gl_back_1_word->is_whitespace
gl_back_1_word->is_whitespace
gl_back_1_word->is_whitespace
gl_back_1_word->gl_fixup
gl_kill_1_word->is_whitespace
gl_kill_1_word->is_whitespace
gl_kill_1_word->gl_kill_region
gl_kill_1_word->gl_fixup
gl_fwd_1_word->is_whitespace
gl_fwd_1_word->is_whitespace
gl_fwd_1_word->gl_fixup
gl_wipe->gl_kill_region
gl_wipe->gl_fixup
gl_exch->gl_fixup
gl_newline->gl_error
gl_newline->strlen
gl_newline->gl_fixup
gl_newline->gl_fixup
gl_newline->gl_putc
gl_putc->__ctype_b_loc
gl_putc->write
gl_del->gl_fixup
gl_del->gl_bell
gl_kill->strcpy
gl_kill->gl_fixup
gl_kill->gl_bell
sigar_getline_clear_screen->gl_putc
sigar_getline_clear_screen->gl_puts
sigar_getline_clear_screen->gl_fixup
hist_next->gl_bell
hist_prev->gl_bell
search_back->search_update
search_back->gl_fixup
search_back->hist_prev
search_back->gl_fixup
search_back->strstr
search_back->strcpy
search_back->gl_fixup
search_back->gl_bell
search_forw->search_update
search_forw->gl_fixup
search_forw->hist_next
search_forw->gl_fixup
search_forw->strstr
search_forw->strcpy
search_forw->gl_fixup
search_forw->gl_bell
gl_transpose->gl_fixup
gl_transpose->gl_bell
gl_yank->strlen
gl_yank->gl_error
gl_yank->gl_fixup
gl_yank->gl_error
gl_yank->gl_fixup
gl_yank->gl_bell
gl_bell->gl_putc
sigar_getline_redraw->gl_putc
sigar_getline_redraw->gl_fixup
search_update->gl_bell
gl_puts->strlen
gl_puts->write
gl_tab->strlen
gl_kill_region->strncpy
is_whitespace->__ctype_b_loc
is_whitespace->__ctype_b_loc
gl_char_init->tcgetattr
gl_char_init->llvm.memcpy.p0i8.p0i8.i64
gl_char_init->tcsetattr
sigar_getline_reset->gl_fixup
sigar_getline_reset->gl_kill
sigar_getline_histinit->hist_init
sigar_getline_histinit->strcmp
sigar_getline_histinit->sprintf
sigar_getline_histinit->fopen
sigar_getline_histinit->fgets
sigar_getline_histinit->sigar_getline_histadd
sigar_getline_histinit->fopen
sigar_getline_histinit->fclose
sigar_getline_histadd->strlen
sigar_getline_histadd->strchr
sigar_getline_histadd->strlen
sigar_getline_histadd->strncmp
sigar_getline_histadd->hist_save
sigar_getline_histadd->free
sigar_getline_histadd->fopen
sigar_getline_histadd->fprintf
sigar_getline_histadd->fclose
sigar_getline_histadd->fopen
sigar_getline_histadd->tmpnam
sigar_getline_histadd->fopen
sigar_getline_histadd->fgets
sigar_getline_histadd->fprintf
sigar_getline_histadd->fclose
sigar_getline_histadd->fclose
sigar_getline_histadd->fopen
sigar_getline_histadd->fopen
sigar_getline_histadd->fgets
sigar_getline_histadd->fprintf
sigar_getline_histadd->fclose
sigar_getline_histadd->fclose
sigar_getline_histadd->remove
hist_save->strlen
hist_save->strchr
hist_save->malloc
hist_save->strncpy
hist_save->malloc
hist_save->strcpy
hist_save->gl_error
sigar_sudo_file2str->stat
sigar_sudo_file2str->__errno_location
sigar_sudo_file2str->snprintf
sigar_sudo_file2str->popen
sigar_sudo_file2str->__errno_location
sigar_sudo_file2str->fgets
sigar_sudo_file2str->pclose
sigar_ptql_query_create->strdup
sigar_ptql_query_create->malloc
sigar_ptql_query_create->ptql_error
sigar_ptql_query_create->ptql_branch_list_create
sigar_ptql_query_create->strchr
sigar_ptql_query_create->ptql_branch_parse
sigar_ptql_query_create->ptql_branch_add
sigar_ptql_query_create->free
sigar_ptql_query_create->sigar_ptql_query_destroy
sigar_ptql_query_create->qsort
sigar_ptql_query_create->ptql_error
ptql_error->llvm.va_start
ptql_error->vsnprintf
ptql_error->llvm.va_end
ptql_branch_list_create->malloc
ptql_branch_parse->strchr
ptql_branch_parse->ptql_error
ptql_branch_parse->strchr
ptql_branch_parse->ptql_error
ptql_branch_parse->strchr
ptql_branch_parse->ptql_error
ptql_branch_parse->__ctype_b_loc
ptql_branch_parse->ptql_error
ptql_branch_parse->ptql_error
ptql_branch_parse->strcmp
ptql_branch_add->ptql_branch_list_grow
ptql_branch_add->llvm.memset.p0i8.i64
ptql_branch_add->ptql_op_code_get
ptql_branch_add->ptql_error
ptql_branch_add->strcmp
ptql_branch_add->ptql_error
ptql_branch_add->strcmp
ptql_branch_add->ptql_error
ptql_branch_add->ptql_error
ptql_branch_add->ptql_error
ptql_branch_add->__ctype_b_loc
ptql_branch_add->atoi
ptql_branch_add->ptql_error
ptql_branch_add->ptql_error
ptql_branch_add->getenv
ptql_branch_add->strdup
ptql_branch_add->__errno_location
ptql_branch_add->strtoull
ptql_branch_add->__errno_location
ptql_branch_add->ptql_error
ptql_branch_add->__errno_location
ptql_branch_add->strtoul
ptql_branch_add->__errno_location
ptql_branch_add->ptql_error
ptql_branch_add->__errno_location
ptql_branch_add->strtod
ptql_branch_add->__errno_location
ptql_branch_add->ptql_error
ptql_branch_add->strlen
ptql_branch_add->ptql_error
ptql_branch_add->strdup
ptql_branch_add->sigar_proc_cpu_get
ptql_branch_add->sigar_proc_time_get
ptql_branch_add->sigar_proc_disk_io_get
ptql_branch_add->sigar_proc_state_get
ptql_branch_add->sigar_proc_cred_name_get
ptql_branch_add->sigar_proc_cred_get
ptql_branch_add->ptql_pid_match
ptql_branch_add->ptql_branch_init_service
ptql_branch_add->ptql_branch_init_pid
ptql_branch_add->ptql_branch_init_port
ptql_branch_add->ptql_env_match
ptql_branch_add->ptql_branch_init_any
ptql_branch_add->ptql_modules_match
ptql_branch_add->ptql_args_branch_init
ptql_branch_add->ptql_args_match
ptql_branch_add->sigar_proc_mem_get
ptql_branch_add->sigar_proc_fd_get
ptql_branch_add->sigar_proc_exe_get
sigar_ptql_query_destroy->ptql_branch_list_destroy
sigar_ptql_query_destroy->free
ptql_branch_list_destroy->free
ptql_branch_list_destroy->data_free
ptql_branch_list_destroy->data_free
ptql_branch_list_grow->realloc
data_free->free
ptql_op_code_get->strcmp
ptql_op_code_get->strcmp
ptql_op_code_get->strcmp
ptql_op_code_get->strcmp
ptql_op_code_get->strcmp
ptql_op_code_get->strcmp
ptql_op_code_get->strcmp
ptql_op_code_get->strcmp
ptql_op_code_get->strcmp
ptql_op_code_get->strcmp
ptql_op_str_eq->strcasecmp
ptql_op_str_eq->strcmp
ptql_op_str_ne->strcasecmp
ptql_op_str_ne->strcmp
ptql_op_str_gt->strcasecmp
ptql_op_str_gt->strcmp
ptql_op_str_ge->strcasecmp
ptql_op_str_ge->strcmp
ptql_op_str_lt->strcasecmp
ptql_op_str_lt->strcmp
ptql_op_str_le->strcasecmp
ptql_op_str_le->strcmp
ptql_op_str_ew->strlen
ptql_op_str_ew->strlen
ptql_op_str_ew->strncasecmp
ptql_op_str_ew->strncmp
ptql_op_str_sw->strlen
ptql_op_str_sw->strncasecmp
ptql_op_str_sw->strlen
ptql_op_str_sw->strncmp
ptql_op_str_ct->sigar_strcasestr
ptql_op_str_ct->strstr
ptql_branch_init_service->strcmp
ptql_branch_init_service->strcmp
ptql_branch_init_service->strcmp
ptql_branch_init_service->strcmp
ptql_branch_init_service->strcmp
ptql_branch_init_service->ptql_error
ptql_branch_init_pid->strcmp
ptql_branch_init_pid->strcmp
ptql_branch_init_pid->getpid
ptql_branch_init_pid->__errno_location
ptql_branch_init_pid->strtoull
ptql_branch_init_pid->__errno_location
ptql_branch_init_pid->ptql_error
ptql_branch_init_pid->strcmp
ptql_branch_init_pid->strcmp
ptql_branch_init_pid->strdup
ptql_branch_init_pid->strlen
ptql_branch_init_pid->ptql_error
ptql_branch_init_port->ptql_error
ptql_branch_init_port->strcmp
ptql_branch_init_port->strcmp
ptql_branch_init_port->ptql_error
ptql_branch_init_port->__errno_location
ptql_branch_init_port->strtoul
ptql_branch_init_port->__errno_location
ptql_branch_init_port->ptql_error
ptql_env_match->sigar_proc_env_get
ptql_env_match->ptql_str_match
ptql_branch_init_any->strdup
ptql_branch_init_any->strlen
sigar_proc_env_get_key->strcmp
ptql_modules_match->sigar_proc_modules_get
ptql_args_branch_init->strcmp
ptql_args_branch_init->__errno_location
ptql_args_branch_init->strtol
ptql_args_branch_init->__errno_location
ptql_args_branch_init->ptql_error
proc_modules_match->ptql_str_match
proc_modules_match->ptql_str_match
ptql_args_match->sigar_proc_args_get
ptql_args_match->ptql_str_match
ptql_args_match->ptql_str_match
ptql_args_match->sigar_proc_args_destroy
sigar_ptql_query_match->sigar_proc_state_get
sigar_ptql_query_match->malloc
sigar_ptql_query_match->ptql_branch_match_ref
sigar_ptql_query_match->ptql_str_match
sigar_ptql_query_match->ptql_branch_match
sigar_ptql_query_find_process->ptql_proc_list_get
sigar_ptql_query_find_process->sigar_ptql_query_match
sigar_ptql_query_find_process->ptql_proc_list_destroy
sigar_ptql_query_find_process->sigar_strerror_set
sigar_ptql_query_find_process->sigar_strerror_printf
ptql_proc_list_get->malloc
ptql_proc_list_get->llvm.memset.p0i8.i64
ptql_proc_list_get->sigar_proc_list_create
ptql_proc_list_get->ptql_pid_list_get
ptql_proc_list_get->sigar_proc_list_destroy
ptql_proc_list_get->free
ptql_proc_list_get->sigar_proc_list_get
ptql_proc_list_destroy->sigar_proc_list_destroy
ptql_proc_list_destroy->free
ptql_pid_list_get->ptql_pid_get
ptql_pid_list_get->sigar_proc_list_get
ptql_pid_list_get->sigar_proc_list_grow
ptql_pid_list_get->ptql_op_ui64_eq
ptql_pid_list_get->ptql_op_ui64_ne
ptql_pid_list_get->ptql_op_ui64_gt
ptql_pid_list_get->ptql_op_ui64_ge
ptql_pid_list_get->ptql_op_ui64_lt
ptql_pid_list_get->ptql_op_ui64_le
ptql_pid_get->sigar_file2str
ptql_pid_get->sigar_sudo_file2str
ptql_pid_get->__errno_location
ptql_pid_get->strtoull
ptql_pid_get->__errno_location
ptql_pid_get->__errno_location
ptql_pid_get->ptql_pid_port_get
ptql_pid_port_get->sigar_proc_port_get
sigar_ptql_query_find->ptql_proc_list_get
sigar_ptql_query_find->sigar_proc_list_create
sigar_ptql_query_find->sigar_ptql_query_match
sigar_ptql_query_find->sigar_proc_list_grow
sigar_ptql_query_find->ptql_proc_list_destroy
sigar_ptql_query_find->sigar_proc_list_destroy
sigar_proc_kill->kill
sigar_proc_kill->__errno_location
sigar_signum_get->strncmp
sigar_signum_get->strcmp
sigar_signum_get->strcmp
sigar_signum_get->strcmp
sigar_signum_get->strcmp
sigar_signum_get->strcmp
sigar_signum_get->strcmp
sigar_signum_get->strcmp
sigar_signum_get->strcmp
sigar_signum_get->strcmp
sigar_signum_get->strcmp
sigar_signum_get->strcmp
sigar_signum_get->strcmp
sigar_signum_get->strcmp
sigar_signum_get->strcmp
sigar_signum_get->strcmp
sigar_signum_get->strcmp
sigar_signum_get->strcmp
sigar_signum_get->strcmp
sigar_signum_get->strcmp
sigar_signum_get->strcmp
sigar_signum_get->strcmp
sigar_signum_get->strcmp
sigar_signum_get->strcmp
sigar_signum_get->strcmp
sigar_signum_get->strcmp
sigar_signum_get->strcmp
sigar_signum_get->strcmp
sigar_signum_get->strcmp
sigar_signum_get->strcmp
sigar_signum_get->strcmp
sigar_signum_get->strcmp
sigar_signum_get->strcmp
sigar_signum_get->strcmp
sigar_signum_get->strcmp
sigar_getword->malloc
sigar_getword->llvm.memcpy.p0i8.p0i8.i64
sigar_proc_filename->sigar_uitoa
sigar_proc_filename->__assert_fail
sigar_proc_filename->llvm.memcpy.p0i8.p0i8.i64
sigar_proc_filename->llvm.memcpy.p0i8.p0i8.i64
sigar_proc_filename->llvm.memcpy.p0i8.p0i8.i64
sigar_proc_file2str->sigar_proc_filename
sigar_proc_file2str->sigar_file2str
sigar_file2str->open
sigar_file2str->read
sigar_file2str->__errno_location
sigar_file2str->close
sigar_proc_list_procfs_get->opendir
sigar_proc_list_procfs_get->__errno_location
sigar_proc_list_procfs_get->readdir_r
sigar_proc_list_procfs_get->__ctype_b_loc
sigar_proc_list_procfs_get->sigar_proc_list_grow
sigar_proc_list_procfs_get->strtoul
sigar_proc_list_procfs_get->closedir
sigar_proc_fd_count->sigar_proc_filename
sigar_proc_fd_count->opendir
sigar_proc_fd_count->__errno_location
sigar_proc_fd_count->readdir_r
sigar_proc_fd_count->__ctype_b_loc
sigar_proc_fd_count->closedir
sigar_procfs_args_get->sigar_proc_filename
sigar_procfs_args_get->open
sigar_procfs_args_get->__errno_location
sigar_procfs_args_get->__errno_location
sigar_procfs_args_get->read
sigar_procfs_args_get->realloc
sigar_procfs_args_get->llvm.memcpy.p0i8.p0i8.i64
sigar_procfs_args_get->close
sigar_procfs_args_get->strlen
sigar_procfs_args_get->malloc
sigar_procfs_args_get->sigar_proc_args_grow
sigar_procfs_args_get->llvm.memcpy.p0i8.p0i8.i64
sigar_procfs_args_get->free
sigar_strcasestr->tolower
sigar_strcasestr->tolower
sigar_strcasestr->tolower
sigar_strcasestr->tolower
sigar_iodev_get->sigar_cache_new
sigar_iodev_get->snprintf
sigar_iodev_get->strncmp
sigar_iodev_get->stat
sigar_iodev_get->sigar_log_printf
sigar_iodev_get->sigar_cache_get
sigar_iodev_get->malloc
sigar_iodev_get->llvm.memset.p0i8.i64
sigar_iodev_get->strncpy
sigar_iodev_get->sigar_log_printf
sigar_iodev_get->sigar_file_system_list_get
sigar_iodev_get->sigar_strerror
sigar_iodev_get->sigar_log_printf
sigar_iodev_get->stat
sigar_iodev_get->sigar_log_printf
sigar_iodev_get->sigar_cache_get
sigar_iodev_get->strncmp
sigar_iodev_get->malloc
sigar_iodev_get->llvm.memset.p0i8.i64
sigar_iodev_get->strncpy
sigar_iodev_get->sigar_log_printf
sigar_iodev_get->sigar_file_system_list_destroy
sigar_log_printf->llvm.va_start
sigar_log_printf->vsnprintf
sigar_log_printf->llvm.va_end
sigar_cpu_core_count->sigar_cpuid
sigar_cpu_core_count->sigar_cpuid
sigar_cpu_core_count->sigar_log_printf
sigar_cpu_core_rollup->sigar_cpu_core_count
sigar_cpu_core_rollup->sigar_log_printf
sigar_cpu_core_rollup->sigar_log_printf
sigar_cpu_model_adjust->llvm.memcpy.p0i8.p0i8.i64
sigar_cpu_model_adjust->strlen
sigar_cpu_model_adjust->strlen
sigar_cpu_model_adjust->strncmp
sigar_cpu_model_adjust->strncmp
sigar_cpu_model_adjust->llvm.memcpy.p0i8.p0i8.i64
sigar_cpu_model_adjust->strcpy
sigar_cpu_mhz_from_model->strchr
sigar_cpu_mhz_from_model->__ctype_b_loc
sigar_cpu_mhz_from_model->strtoul
sigar_cpu_mhz_from_model->strtoul
sigar_cpu_mhz_from_model->strncmp
sigar_cpu_mhz_from_model->strncmp
sigar_cpu_mhz_from_model->strncmp
sigar_rpc_strerror->clnt_sperrno
sigar_rpc_ping->get_sockaddr
sigar_rpc_ping->htons
sigar_rpc_ping->clntudp_create
sigar_rpc_ping->clnttcp_create
get_sockaddr->llvm.memset.p0i8.i64
get_sockaddr->inet_addr
get_sockaddr->sigar_gethostbyname
get_sockaddr->llvm.memcpy.p0i8.p0i8.i64
