amemxfrm->malloc
amemxfrm->strlen
amemxfrm->realloc
amemxfrm->__errno_location
amemxfrm->strxfrm
amemxfrm->llvm.memcpy.p0i8.p0i8.i64
amemxfrm->free
u8_stpcpy->stpcpy
u16_u16_asprintf->llvm.va_start
u16_u16_asprintf->llvm.va_end
u16_u16_asprintf->u16_u16_vasprintf
u16_strconv_to_locale->locale_charset
u16_strconv_to_locale->u16_strconv_to_encoding
locale_charset->strlen
locale_charset->strcmp
locale_charset->nl_langinfo
locale_charset->get_charset_aliases
u32_vsprintf->__errno_location
u32_vsprintf->free
u32_vsprintf->u32_vasnprintf
is_cjk_encoding.664->strcmp
uc_is_property_other_grapheme_extend->bitmap_lookup.435
uc_is_property_bidi_non_spacing_mark->uc_bidi_category
u16_totitle->u16_ct_totitle
u32_strspn->u32_strchr
ulc_vsnprintf->__errno_location
ulc_vsnprintf->llvm.memcpy.p0i8.p0i8.i64
ulc_vsnprintf->free
ulc_vsnprintf->ulc_vasnprintf
uc_decomposition->decomp_index.697
u8_casexfrm->amemxfrm
u8_casexfrm->realloc
u8_casexfrm->__errno_location
u8_casexfrm->free
u8_casexfrm->locale_charset
u8_casexfrm->u8_casefold
u8_casexfrm->u8_conv_to_encoding
printf_frexpl->frexpl
printf_frexpl->ldexpl
u16_u16_snprintf->llvm.va_start
u16_u16_snprintf->llvm.va_end
u16_u16_snprintf->u16_u16_vsnprintf
uc_c_ident_category->identsyntax_lookup
uc_is_property_ids_binary_operator->bitmap_lookup.393
u32_conv_from_encoding->abort
u32_conv_from_encoding->mem_iconveha
uc_locale_language->gl_locale_name
uc_locale_language->uc_locale_languages_lookup
u8_strtok->u8_strmblen
u8_strtok->u8_strpbrk
u8_strtok->u8_strspn
u8_asnprintf->llvm.va_start
u8_asnprintf->llvm.va_end
u8_asnprintf->u8_vasnprintf
uc_is_property_bidi_other_neutral->uc_bidi_category
u16_toupper->u16_casemap
u32_strstr->u32_strchr
u32_strstr->u32_strlen
u32_strstr->u32_strnlen
u32_strstr->knuth_morris_pratt.831
ulc_vsprintf->__errno_location
ulc_vsprintf->free
ulc_vsprintf->ulc_vasnprintf
uc_is_property_space->uc_is_general_category
uc_is_property_decimal_digit->uc_is_general_category
uc_is_blank->bitmap_lookup.302
u8_ct_casefold->__errno_location
u8_ct_casefold->free
u8_ct_casefold->u8_casemap
u8_ct_casefold->uninorm_decomposing_form
u8_ct_casefold->u8_normalize
u8_stpncpy->stpncpy
u16_strcspn->u16_strchr
u16_strcspn->u16_strlen
u16_strcspn->u16_strmbtouc
u16_u16_sprintf->llvm.va_start
u16_u16_sprintf->llvm.va_end
u16_u16_sprintf->u16_u16_vsprintf
uc_joining_type_lookup->joining_type_hash
uc_joining_type_lookup->gperf_case_strcmp.315
u32_conv_to_encoding->malloc
u32_conv_to_encoding->__errno_location
u32_conv_to_encoding->free
u32_conv_to_encoding->mem_iconveha
gl_unicase_special_lookup->memcmp
gl_unicase_special_lookup->gl_unicase_special_hash
get_charset_aliases->malloc
get_charset_aliases->strlen
get_charset_aliases->realloc
get_charset_aliases->llvm.memcpy.p0i8.p0i8.i64
get_charset_aliases->free
get_charset_aliases->getenv
get_charset_aliases->open
get_charset_aliases->fdopen
get_charset_aliases->close
get_charset_aliases->getc_unlocked
get_charset_aliases->ungetc
get_charset_aliases->fscanf
get_charset_aliases->strcpy
get_charset_aliases->fclose
u8_to_u16->malloc
u8_to_u16->realloc
u8_to_u16->__errno_location
u8_to_u16->llvm.memcpy.p0i8.p0i8.i64
u8_to_u16->free
u8_to_u16->abort
u8_to_u16->u16_uctomb
u8_to_u16->u8_mbtoucr
u8_asprintf->llvm.va_start
u8_asprintf->llvm.va_end
u8_asprintf->u8_vasprintf
u32_width_linebreaks->u32_possible_linebreaks
u32_width_linebreaks->uc_width
uc_is_property_other_id_continue->bitmap_lookup.438
uc_is_property_bidi_pdf->uc_bidi_category
u32_casecmp->__errno_location
u32_casecmp->free
u32_casecmp->u32_casefold
u32_casecmp->uninorm_decomposing_form
u32_casecmp->u32_cmp2
glthread_recursive_lock_init_multithreaded->pthread_mutexattr_init
glthread_recursive_lock_init_multithreaded->pthread_mutexattr_settype
glthread_recursive_lock_init_multithreaded->pthread_mutexattr_destroy
glthread_recursive_lock_init_multithreaded->pthread_mutex_init
knuth_morris_pratt.831->mmalloca
knuth_morris_pratt.831->freea
uninorm_filter_create->malloc
uc_is_property_terminal_punctuation->bitmap_lookup.484
uc_is_property_default_ignorable_code_point->bitmap_lookup.354
u8_ct_tolower->u8_casemap
u16_strdup->malloc
u16_strdup->llvm.memcpy.p0i8.p0i8.i64
u16_strdup->u16_strlen
u16_u16_vasnprintf->malloc
u16_u16_vasnprintf->realloc
u16_u16_vasnprintf->__errno_location
u16_u16_vasnprintf->free
u16_u16_vasnprintf->locale_charset
u16_u16_vasnprintf->abort
u16_u16_vasnprintf->u16_conv_from_encoding
u16_u16_vasnprintf->u_printf_fetchargs
u16_u16_vasnprintf->u16_printf_parse
u16_u16_vasnprintf->snprintf
u16_u16_vasnprintf->u16_cpy
u16_u16_vasnprintf->u16_mbsnlen
u16_u16_vasnprintf->u16_set
u16_u16_vasnprintf->u16_strlen
u16_u16_vasnprintf->u16_strmblen
u16_u16_vasnprintf->u32_strlen
u16_u16_vasnprintf->u32_strmblen
u16_u16_vasnprintf->u32_to_u16
u16_u16_vasnprintf->u8_strlen
u16_u16_vasnprintf->u8_strmblen
u16_u16_vasnprintf->u8_to_u16
u16_u16_vasnprintf->xsum
u16_u16_vasnprintf->xsum3
u16_u16_vasnprintf->xsum4
u16_u16_vasnprintf->xmax
uc_is_property_ids_trinary_operator->bitmap_lookup.396
u32_strconv_from_encoding->strlen
u32_strconv_from_encoding->__errno_location
u32_strconv_from_encoding->free
u32_strconv_from_encoding->u32_conv_from_encoding
u32_strconv_from_encoding->u32_strlen
u8_to_u32->malloc
u8_to_u32->realloc
u8_to_u32->__errno_location
u8_to_u32->llvm.memcpy.p0i8.p0i8.i64
u8_to_u32->free
u8_to_u32->u8_mbtoucr
u8_printf_parse->malloc
u8_printf_parse->realloc
u8_printf_parse->__errno_location
u8_printf_parse->llvm.memcpy.p0i8.p0i8.i64
u8_printf_parse->free
u8_printf_parse->xsum
u8_possible_linebreaks->abort
u8_possible_linebreaks->llvm.memset.p0i8.i64
u8_possible_linebreaks->is_cjk_encoding.674
u8_possible_linebreaks->unilbrkprop_lookup.675
u8_possible_linebreaks->u8_mbtouc_unsafe
uc_is_property_bidi_segment_separator->uc_bidi_category
uc_general_category_and->llvm.memcpy.p0i8.p0i8.i64
u32_casecoll->__errno_location
u32_casecoll->free
u32_casecoll->memcmp2
u32_casecoll->u32_casexfrm
u32_strtok->u32_strmblen
u32_strtok->u32_strpbrk
u32_strtok->u32_strspn
u16_chr->u16_uctomb_aux
uninorm_filter_write->malloc
uninorm_filter_write->llvm.memcpy.p0i8.p0i8.i64
uninorm_filter_write->free
uninorm_filter_write->abort
uninorm_filter_write->uc_combining_class
uninorm_filter_write->gl_uninorm_decompose_merge_sort_inplace
uc_is_cntrl->bitmap_lookup.303
u8_ct_totitle->malloc
u8_ct_totitle->realloc
u8_ct_totitle->__errno_location
u8_ct_totitle->free
u8_ct_totitle->abort
u8_ct_totitle->uc_is_cased
u8_ct_totitle->uc_is_case_ignorable
u8_ct_totitle->gl_unicase_special_lookup
u8_ct_totitle->uc_tolower
u8_ct_totitle->uc_totitle
u8_ct_totitle->uc_combining_class
u8_ct_totitle->uc_is_property_soft_dotted
u8_ct_totitle->u8_normalize
u8_ct_totitle->u8_cpy
u8_ct_totitle->u8_mbtouc_unsafe
u8_ct_totitle->u8_uctomb
u8_ct_totitle->u8_wordbreaks
iconveh_open->__errno_location
iconveh_open->c_strcasecmp
iconveh_open->iconv_open
iconveh_open->iconv_close
u8_strcat->strcat
uc_java_ident_category->identsyntax_lookup.650
u32_strconv_from_locale->locale_charset
u32_strconv_from_locale->u32_strconv_from_encoding
u8_snprintf->llvm.va_start
u8_snprintf->llvm.va_end
u8_snprintf->u8_vsnprintf
is_cjk_encoding.674->strcmp
uc_is_property_other_id_start->bitmap_lookup.441
uc_is_property_bidi_whitespace->uc_bidi_category
uc_general_category_and_not->llvm.memcpy.p0i8.p0i8.i64
u32_casefold->u32_ct_casefold
u32_to_u16->malloc
u32_to_u16->realloc
u32_to_u16->__errno_location
u32_to_u16->llvm.memcpy.p0i8.p0i8.i64
u32_to_u16->free
u32_to_u16->abort
u32_to_u16->u16_uctomb
uninorm_filter_flush->llvm.memcpy.p0i8.p0i8.i64
uninorm_filter_flush->gl_uninorm_decompose_merge_sort_inplace
uc_is_property_deprecated->bitmap_lookup.357
u8_ct_toupper->u8_casemap
u16_u16_vasprintf->__errno_location
u16_u16_vasprintf->free
u16_u16_vasprintf->u16_u16_vasnprintf
uc_is_property_ignorable_control->bitmap_lookup.399
uc_joining_type_byname->strlen
uc_joining_type_byname->uc_joining_type_lookup
u32_strconv_to_encoding->strlen
u32_strconv_to_encoding->__errno_location
u32_strconv_to_encoding->free
u32_strconv_to_encoding->mem_iconveha
u32_strconv_to_encoding->u32_strlen
u32_move->llvm.memmove.p0i8.p0i8.i64
u8_sprintf->llvm.va_start
u8_sprintf->llvm.va_end
u8_sprintf->u8_vsprintf
uc_property_lookup->strcmp
uc_property_lookup->properties_hash
uc_general_category_lookup->general_category_hash
uc_general_category_lookup->gperf_case_strcmp.115
u32_casemap->malloc
u32_casemap->realloc
u32_casemap->__errno_location
u32_casemap->free
u32_casemap->abort
u32_casemap->uc_is_cased
u32_casemap->uc_is_case_ignorable
u32_casemap->gl_unicase_special_lookup
u32_casemap->uc_tocasefold
u32_casemap->uc_tolower
u32_casemap->uc_toupper
u32_casemap->uc_combining_class
u32_casemap->uc_is_property_soft_dotted
u32_casemap->u32_normalize
u32_casemap->u32_cpy
u32_casemap->u32_mbtouc_unsafe
u32_casemap->u32_uctomb
u32_to_u8->malloc
u32_to_u8->realloc
u32_to_u8->__errno_location
u32_to_u8->llvm.memcpy.p0i8.p0i8.i64
u32_to_u8->free
u32_to_u8->abort
u32_to_u8->u8_uctomb
u16_cmp2->u16_cmp
uninorm_filter_free->free
uninorm_filter_free->abort
uninorm_filter_free->uninorm_filter_flush
uc_is_property_titlecase->uc_is_general_category
uc_is_digit->bitmap_lookup.304
u8_is_cased->__errno_location
u8_is_cased->free
u8_is_cased->u8_tolower
u8_is_cased->u8_totitle
u8_is_cased->u8_toupper
u8_is_cased->u8_normalize
u8_is_cased->u8_cmp
u8_strchr->strchr
u8_strchr->u8_uctomb_aux
u16_u16_vsnprintf->__errno_location
u16_u16_vsnprintf->free
u16_u16_vsnprintf->u16_u16_vasnprintf
u16_u16_vsnprintf->u16_cpy
u32_strconv_to_locale->locale_charset
u32_strconv_to_locale->u32_strconv_to_encoding
u16_wordbreaks->llvm.memset.p0i8.i64
u16_wordbreaks->u16_mbtouc_unsafe
u16_wordbreaks->uc_wordbreak_property
u32_next->u32_strmbtouc
u8_u8_asnprintf->llvm.va_start
u8_u8_asnprintf->llvm.va_end
u8_u8_asnprintf->u8_u8_vasnprintf
u8_width_linebreaks->u8_possible_linebreaks
u8_width_linebreaks->u8_mbtouc_unsafe
u8_width_linebreaks->uc_width
uc_is_property_other_lowercase->bitmap_lookup.444
u32_casexfrm->amemxfrm
u32_casexfrm->realloc
u32_casexfrm->__errno_location
u32_casexfrm->free
u32_casexfrm->locale_charset
u32_casexfrm->u32_casefold
u32_casexfrm->u32_conv_to_encoding
u16_cpy->llvm.memcpy.p0i8.p0i8.i64
u16_normalize->malloc
u16_normalize->realloc
u16_normalize->__errno_location
u16_normalize->llvm.memcpy.p0i8.p0i8.i64
u16_normalize->free
u16_normalize->abort
u16_normalize->uc_combining_class
u16_normalize->uc_canonical_decomposition
u16_normalize->gl_uninorm_decompose_merge_sort_inplace
u16_normalize->u16_cpy
u16_normalize->u16_mbtouc_unsafe
u16_normalize->u16_uctomb
uc_is_property_unassigned_code_value->bitmap_lookup.489
uc_is_property_diacritic->bitmap_lookup.360
u8_is_casefolded->u8_is_invariant
iconveh_close->__errno_location
iconveh_close->iconv_close
u16_strncat->u16_strlen
u16_u16_vsprintf->__errno_location
u16_u16_vsprintf->free
u16_u16_vsprintf->u16_u16_vasnprintf
u16_grapheme_breaks->llvm.memset.p0i8.i64
u16_grapheme_breaks->uc_graphemeclusterbreak_property
u16_grapheme_breaks->u16_mbtouc
uc_is_property_iso_control->uc_is_general_category
u8_conv_from_encoding->malloc
u8_conv_from_encoding->__errno_location
u8_conv_from_encoding->llvm.memcpy.p0i8.p0i8.i64
u8_conv_from_encoding->c_strcasecmp
u8_conv_from_encoding->abort
u8_conv_from_encoding->mem_iconveha
u8_conv_from_encoding->u8_check
u8_conv_from_encoding->u8_mblen
u32_wordbreaks->llvm.memset.p0i8.i64
u32_wordbreaks->u32_mbtouc_unsafe
u32_wordbreaks->uc_wordbreak_property
u8_u8_asprintf->llvm.va_start
u8_u8_asprintf->llvm.va_end
u8_u8_asprintf->u8_u8_vasprintf
unilbrk_is_utf8_encoding->c_strcasecmp
uc_property_byname->llvm.memcpy.p0i8.p0i8.i64
uc_property_byname->abort
uc_property_byname->uc_property_lookup
u32_ct_casefold->__errno_location
u32_ct_casefold->free
u32_ct_casefold->u32_casemap
u32_ct_casefold->uninorm_decomposing_form
u32_ct_casefold->u32_normalize
u16_cpy_alloc->malloc
u16_cpy_alloc->llvm.memcpy.p0i8.p0i8.i64
u16_normcmp->__errno_location
u16_normcmp->free
u16_normcmp->u16_normalize
u16_normcmp->u16_cmp2
uc_is_graph->bitmap_lookup.305
u8_is_invariant->__errno_location
u8_is_invariant->free
u8_is_invariant->u8_casefold
u8_is_invariant->u8_tolower
u8_is_invariant->u8_totitle
u8_is_invariant->u8_toupper
u8_is_invariant->u8_normalize
u8_is_invariant->u8_cmp
mem_cd_iconveh->mem_cd_iconveh_internal
u8_strcmp->strcmp
u16_vasnprintf->malloc
u16_vasnprintf->realloc
u16_vasnprintf->__errno_location
u16_vasnprintf->llvm.memcpy.p0i8.p0i8.i64
u16_vasnprintf->free
u16_vasnprintf->locale_charset
u16_vasnprintf->abort
u16_vasnprintf->u16_conv_from_encoding
u16_vasnprintf->u_printf_fetchargs
u16_vasnprintf->snprintf
u16_vasnprintf->ulc_printf_parse
u16_vasnprintf->u16_cpy
u16_vasnprintf->u16_mbsnlen
u16_vasnprintf->u16_set
u16_vasnprintf->u16_strlen
u16_vasnprintf->u16_strmblen
u16_vasnprintf->u32_strlen
u16_vasnprintf->u32_strmblen
u16_vasnprintf->u32_to_u16
u16_vasnprintf->u8_strlen
u16_vasnprintf->u8_strmblen
u16_vasnprintf->u8_to_u16
u16_vasnprintf->xsum
u16_vasnprintf->xsum3
u16_vasnprintf->xsum4
u16_vasnprintf->xmax
u16_grapheme_next->uc_is_grapheme_break
u16_grapheme_next->u16_mbtouc
uc_joining_type->uc_is_general_category_withtable
u8_conv_to_encoding->malloc
u8_conv_to_encoding->__errno_location
u8_conv_to_encoding->llvm.memcpy.p0i8.p0i8.i64
u8_conv_to_encoding->c_strcasecmp
u8_conv_to_encoding->mem_iconveha
u8_conv_to_encoding->u8_check
u16_casecmp->__errno_location
u16_casecmp->free
u16_casecmp->u16_casefold
u16_casecmp->uninorm_decomposing_form
u16_casecmp->u16_cmp2
u8_wordbreaks->llvm.memset.p0i8.i64
u8_wordbreaks->u8_mbtouc_unsafe
u8_wordbreaks->uc_wordbreak_property
u32_set->__errno_location
u8_u8_snprintf->llvm.va_start
u8_u8_snprintf->llvm.va_end
u8_u8_snprintf->u8_u8_vsnprintf
unilbrk_is_all_ascii->c_isprint
unilbrk_is_all_ascii->c_isspace
uc_is_property_other_math->bitmap_lookup.447
uc_is_property_case_ignorable->bitmap_lookup.320
uc_general_category_byname->strlen
uc_general_category_byname->llvm.memcpy.p0i8.p0i8.i64
uc_general_category_byname->abort
uc_general_category_byname->uc_general_category_lookup
u32_ct_tolower->u32_casemap
mmalloca->malloc
u8_chr->memchr
u8_chr->u8_uctomb_aux
u16_endswith->u16_cmp
u16_endswith->u16_strlen
u16_normcoll->__errno_location
u16_normcoll->free
u16_normcoll->memcmp2
u16_normcoll->u16_normxfrm
uc_is_property_unified_ideograph->bitmap_lookup.492
uc_is_property_extender->bitmap_lookup.363
u8_is_lowercase->u8_is_invariant
mem_cd_iconveh_internal->malloc
mem_cd_iconveh_internal->realloc
mem_cd_iconveh_internal->__errno_location
mem_cd_iconveh_internal->llvm.memcpy.p0i8.p0i8.i64
mem_cd_iconveh_internal->free
mem_cd_iconveh_internal->abort
mem_cd_iconveh_internal->iconv
mem_cd_iconveh_internal->iconv_carefully_1
mem_cd_iconveh_internal->utf8conv_carefully
mem_cd_iconveh_internal->llvm.memmove.p0i8.p0i8.i64
mem_cd_iconveh_internal->u8_mbtouc_unsafe
mem_cd_iconveh_internal->u8_prev
u8_strcoll->__errno_location
u8_strcoll->free
u8_strcoll->locale_charset
u8_strcoll->u8_strconv_to_encoding
u8_strcoll->strcoll
u8_strcoll->u8_strcmp
u16_vasprintf->__errno_location
u16_vasprintf->free
u16_vasprintf->u16_vasnprintf
u16_grapheme_prev->uc_is_grapheme_break
u16_grapheme_prev->u16_prev
uc_is_property_left_of_pair->bitmap_lookup.406
u8_strconv_from_encoding->strlen
u8_strconv_from_encoding->__errno_location
u8_strconv_from_encoding->free
u8_strconv_from_encoding->u8_conv_from_encoding
u8_strconv_from_encoding->u8_strlen
u16_casecoll->__errno_location
u16_casecoll->free
u16_casecoll->memcmp2
u16_casecoll->u16_casexfrm
ulc_wordbreaks->malloc
ulc_wordbreaks->free
ulc_wordbreaks->locale_charset
ulc_wordbreaks->llvm.memset.p0i8.i64
ulc_wordbreaks->u8_conv_from_encoding
ulc_wordbreaks->unilbrk_is_utf8_encoding
ulc_wordbreaks->unilbrk_is_all_ascii
ulc_wordbreaks->u8_wordbreaks
u8_u8_sprintf->llvm.va_start
u8_u8_sprintf->llvm.va_end
u8_u8_sprintf->u8_u8_vsprintf
ulc_possible_linebreaks->malloc
ulc_possible_linebreaks->free
ulc_possible_linebreaks->llvm.memset.p0i8.i64
ulc_possible_linebreaks->u8_conv_from_encoding
ulc_possible_linebreaks->u8_possible_linebreaks
ulc_possible_linebreaks->unilbrk_is_utf8_encoding
ulc_possible_linebreaks->unilbrk_is_all_ascii
u32_ct_totitle->malloc
u32_ct_totitle->realloc
u32_ct_totitle->__errno_location
u32_ct_totitle->free
u32_ct_totitle->abort
u32_ct_totitle->uc_is_cased
u32_ct_totitle->uc_is_case_ignorable
u32_ct_totitle->gl_unicase_special_lookup
u32_ct_totitle->uc_tolower
u32_ct_totitle->uc_totitle
u32_ct_totitle->uc_combining_class
u32_ct_totitle->uc_is_property_soft_dotted
u32_ct_totitle->u32_normalize
u32_ct_totitle->u32_cpy
u32_ct_totitle->u32_mbtouc_unsafe
u32_ct_totitle->u32_uctomb
u32_ct_totitle->u32_wordbreaks
freea->free
freea->abort
u16_normxfrm->amemxfrm
u16_normxfrm->realloc
u16_normxfrm->__errno_location
u16_normxfrm->free
u16_normxfrm->locale_charset
u16_normxfrm->u16_conv_to_encoding
u16_normxfrm->u16_normalize
uc_is_lower->bitmap_lookup.306
u8_is_titlecase->u8_is_invariant
u8_strcpy->strcpy
u16_vsnprintf->__errno_location
u16_vsnprintf->free
u16_vsnprintf->u16_vasnprintf
u16_vsnprintf->u16_cpy
u32_grapheme_breaks->llvm.memset.p0i8.i64
u32_grapheme_breaks->uc_graphemeclusterbreak_property
u32_grapheme_breaks->u32_mbtouc
uc_numeric_value->llvm.memcpy.p0i8.p0i8.i64
uc_numeric_value->llvm.memset.p0i8.i64
u8_strconv_from_locale->locale_charset
u8_strconv_from_locale->u8_strconv_from_encoding
u16_casefold->u16_ct_casefold
u8_u8_vasnprintf->malloc
u8_u8_vasnprintf->realloc
u8_u8_vasnprintf->__errno_location
u8_u8_vasnprintf->llvm.memcpy.p0i8.p0i8.i64
u8_u8_vasnprintf->free
u8_u8_vasnprintf->locale_charset
u8_u8_vasnprintf->abort
u8_u8_vasnprintf->u8_conv_from_encoding
u8_u8_vasnprintf->u_printf_fetchargs
u8_u8_vasnprintf->snprintf
u8_u8_vasnprintf->u8_printf_parse
u8_u8_vasnprintf->u16_strlen
u8_u8_vasnprintf->u16_strmblen
u8_u8_vasnprintf->u16_to_u8
u8_u8_vasnprintf->u32_strlen
u8_u8_vasnprintf->u32_strmblen
u8_u8_vasnprintf->u32_to_u8
u8_u8_vasnprintf->u8_cpy
u8_u8_vasnprintf->u8_mbsnlen
u8_u8_vasnprintf->u8_set
u8_u8_vasnprintf->u8_strlen
u8_u8_vasnprintf->u8_strmblen
u8_u8_vasnprintf->xsum
u8_u8_vasnprintf->xsum3
u8_u8_vasnprintf->xsum4
u8_u8_vasnprintf->xmax
ulc_width_linebreaks->malloc
ulc_width_linebreaks->free
ulc_width_linebreaks->llvm.memset.p0i8.i64
ulc_width_linebreaks->u8_conv_from_encoding
ulc_width_linebreaks->u8_width_linebreaks
ulc_width_linebreaks->unilbrk_is_utf8_encoding
ulc_width_linebreaks->unilbrk_is_all_ascii
uc_is_property_other_uppercase->bitmap_lookup.450
uc_is_property_cased->bitmap_lookup.323
u32_ct_toupper->u32_casemap
mb_width_aux->wcwidth
mb_width_aux->iswcntrl
u8_cmp->memcmp
u16_mbsnlen->u16_mbtoucr
u32_normalize->malloc
u32_normalize->realloc
u32_normalize->__errno_location
u32_normalize->llvm.memcpy.p0i8.p0i8.i64
u32_normalize->free
u32_normalize->abort
u32_normalize->uc_combining_class
u32_normalize->uc_canonical_decomposition
u32_normalize->gl_uninorm_decompose_merge_sort_inplace
u32_normalize->u32_cpy
u32_normalize->u32_mbtouc_unsafe
u32_normalize->u32_uctomb
uc_is_property_uppercase->bitmap_lookup.495
uc_is_property_format_control->bitmap_lookup.366
u8_is_uppercase->u8_is_invariant
iconv_carefully_1->__errno_location
iconv_carefully_1->iconv
u8_strcspn->u8_strchr
u8_strcspn->u8_strlen
u8_strcspn->u8_strmbtouc
u16_strpbrk->u16_strchr
u16_strpbrk->u16_strmbtouc
u16_vsprintf->__errno_location
u16_vsprintf->free
u16_vsprintf->u16_vasnprintf
u32_grapheme_next->uc_is_grapheme_break
u32_grapheme_next->u32_mbtouc
uc_is_property_alphabetic->bitmap_lookup.317
u8_strconv_to_encoding->malloc
u8_strconv_to_encoding->strlen
u8_strconv_to_encoding->__errno_location
u8_strconv_to_encoding->llvm.memcpy.p0i8.p0i8.i64
u8_strconv_to_encoding->free
u8_strconv_to_encoding->c_strcasecmp
u8_strconv_to_encoding->mem_iconveha
u8_strconv_to_encoding->u8_check
u8_strconv_to_encoding->u8_strlen
u16_casemap->malloc
u16_casemap->realloc
u16_casemap->__errno_location
u16_casemap->free
u16_casemap->abort
u16_casemap->uc_is_cased
u16_casemap->uc_is_case_ignorable
u16_casemap->gl_unicase_special_lookup
u16_casemap->uc_tocasefold
u16_casemap->uc_tolower
u16_casemap->uc_toupper
u16_casemap->uc_combining_class
u16_casemap->uc_is_property_soft_dotted
u16_casemap->u16_normalize
u16_casemap->u16_cpy
u16_casemap->u16_mbtouc_unsafe
u16_casemap->u16_uctomb
u16_strwidth->u16_strlen
u16_strwidth->u16_width
u8_u8_vasprintf->__errno_location
u8_u8_vasprintf->free
u8_u8_vasprintf->u8_u8_vasnprintf
unicode_character_name->llvm.memcpy.p0i8.p0i8.i64
unicode_character_name->sprintf
unicode_character_name->unicode_code_to_index
unicode_character_name->unicode_name_word
u32_is_cased->__errno_location
u32_is_cased->free
u32_is_cased->u32_tolower
u32_is_cased->u32_totitle
u32_is_cased->u32_toupper
u32_is_cased->u32_normalize
u32_is_cased->u32_cmp
u8_cmp2->u8_cmp
u32_normcmp->__errno_location
u32_normcmp->free
u32_normcmp->u32_normalize
u32_normcmp->u32_cmp2
uc_is_print->bitmap_lookup.307
u8_casing_prefix_context->u8_casing_prefixes_context
utf8conv_carefully->__errno_location
utf8conv_carefully->u8_mbtouc
utf8conv_carefully->u8_mbtoucr
utf8conv_carefully->u8_uctomb
u8_strdup->strdup
u16_strrchr->u16_uctomb_aux
u32_asnprintf->llvm.va_start
u32_asnprintf->llvm.va_end
u32_asnprintf->u32_vasnprintf
u32_grapheme_prev->uc_is_grapheme_break
u32_grapheme_prev->u32_prev
uc_is_property_logical_order_exception->bitmap_lookup.411
u8_strconv_to_locale->locale_charset
u8_strconv_to_locale->u8_strconv_to_encoding
u16_casexfrm->amemxfrm
u16_casexfrm->realloc
u16_casexfrm->__errno_location
u16_casexfrm->free
u16_casexfrm->locale_charset
u16_casexfrm->u16_casefold
u16_casexfrm->u16_conv_to_encoding
gl_locale_name_thread->gl_locale_name_thread_unsafe
gl_locale_name_thread->struniq
u16_width->u16_mbtouc_unsafe
u16_width->uc_width
u32_strcat->u32_strlen
u8_u8_vsnprintf->__errno_location
u8_u8_vsnprintf->free
u8_u8_vsnprintf->u8_u8_vasnprintf
u8_u8_vsnprintf->u8_cpy
uc_is_property_paired_punctuation->bitmap_lookup.453
uc_is_property_changes_when_casefolded->bitmap_lookup.326
uc_is_general_category_withtable->lookup_withtable
u32_is_casefolded->u32_is_invariant
u8_cpy->llvm.memcpy.p0i8.p0i8.i64
u32_normcoll->__errno_location
u32_normcoll->free
u32_normcoll->memcmp2
u32_normcoll->u32_normxfrm
uc_is_property_variation_selector->bitmap_lookup.498
uc_is_property_grapheme_base->bitmap_lookup.369
u8_casing_prefixes_context->uc_is_case_ignorable
u8_casing_prefixes_context->uc_combining_class
u8_casing_prefixes_context->u8_prev
u8_strlen->strlen
u16_strspn->u16_cmp
u16_strspn->u16_strchr
u16_strspn->u16_strlen
u16_strspn->u16_strmbtouc
u32_asprintf->llvm.va_start
u32_asprintf->llvm.va_end
u32_asprintf->u32_vasprintf
u8_grapheme_breaks->llvm.memset.p0i8.i64
u8_grapheme_breaks->uc_graphemeclusterbreak_property
u8_grapheme_breaks->u8_mbtouc
uc_is_property_ascii_hex_digit->bitmap_lookup.318
uc_bidi_class_lookup->bidi_class_hash
uc_bidi_class_lookup->gperf_case_strcmp
u16_ct_casefold->__errno_location
u16_ct_casefold->free
u16_ct_casefold->u16_casemap
u16_ct_casefold->uninorm_decomposing_form
u16_ct_casefold->u16_normalize
gl_locale_name_thread_unsafe->nl_langinfo
gl_locale_name_thread_unsafe->uselocale
u32_strwidth->u32_strlen
u32_strwidth->u32_width
u8_u8_vsprintf->__errno_location
u8_u8_vsprintf->free
u8_u8_vsprintf->u8_u8_vasnprintf
u32_is_invariant->__errno_location
u32_is_invariant->free
u32_is_invariant->u32_casefold
u32_is_invariant->u32_tolower
u32_is_invariant->u32_totitle
u32_is_invariant->u32_toupper
u32_is_invariant->u32_normalize
u32_is_invariant->u32_cmp
mb_copy->llvm.memcpy.p0i8.p0i8.i64
u8_cpy_alloc->malloc
u8_cpy_alloc->llvm.memcpy.p0i8.p0i8.i64
u32_normxfrm->amemxfrm
u32_normxfrm->realloc
u32_normxfrm->__errno_location
u32_normxfrm->free
u32_normxfrm->locale_charset
u32_normxfrm->u32_conv_to_encoding
u32_normxfrm->u32_normalize
uc_is_punct->bitmap_lookup.308
u8_casing_suffix_context->u8_casing_suffixes_context
str_cd_iconveh->strlen
str_cd_iconveh->__errno_location
str_cd_iconveh->free
str_cd_iconveh->mem_cd_iconveh_internal
u16_strstr->u16_strchr
u16_strstr->u16_strlen
u16_strstr->u16_strmbtouc
u16_strstr->u16_strnlen
u16_strstr->knuth_morris_pratt
u32_printf_parse->malloc
u32_printf_parse->realloc
u32_printf_parse->__errno_location
u32_printf_parse->llvm.memcpy.p0i8.p0i8.i64
u32_printf_parse->free
u32_printf_parse->xsum
u8_grapheme_next->uc_is_grapheme_break
u8_grapheme_next->u8_mbtouc
uc_is_property_lowercase->bitmap_lookup.414
u16_ct_tolower->u16_casemap
struniq->malloc
struniq->strlen
struniq->llvm.memcpy.p0i8.p0i8.i64
struniq->free
struniq->strcmp
struniq->string_hash
struniq->pthread_mutex_lock
struniq->abort
struniq->pthread_mutex_unlock
u32_width->uc_width
u8_vasnprintf->malloc
u8_vasnprintf->realloc
u8_vasnprintf->__errno_location
u8_vasnprintf->llvm.memcpy.p0i8.p0i8.i64
u8_vasnprintf->free
u8_vasnprintf->locale_charset
u8_vasnprintf->abort
u8_vasnprintf->u8_conv_from_encoding
u8_vasnprintf->u_printf_fetchargs
u8_vasnprintf->snprintf
u8_vasnprintf->ulc_printf_parse
u8_vasnprintf->u16_strlen
u8_vasnprintf->u16_strmblen
u8_vasnprintf->u16_to_u8
u8_vasnprintf->u32_strlen
u8_vasnprintf->u32_strmblen
u8_vasnprintf->u32_to_u8
u8_vasnprintf->u8_cpy
u8_vasnprintf->u8_mbsnlen
u8_vasnprintf->u8_set
u8_vasnprintf->u8_strlen
u8_vasnprintf->u8_strmblen
u8_vasnprintf->xsum
u8_vasnprintf->xsum3
u8_vasnprintf->xsum4
u8_vasnprintf->xmax
unicode_name_word->__assert_fail
uc_is_property_changes_when_casemapped->bitmap_lookup.329
uc_general_category->llvm.memcpy.p0i8.p0i8.i64
uc_general_category->lookup_withtable
u32_is_lowercase->u32_is_invariant
u8_endswith->u8_cmp
u8_endswith->u8_strlen
u8_normalize->malloc
u8_normalize->realloc
u8_normalize->__errno_location
u8_normalize->llvm.memcpy.p0i8.p0i8.i64
u8_normalize->free
u8_normalize->abort
u8_normalize->uc_combining_class
u8_normalize->uc_canonical_decomposition
u8_normalize->gl_uninorm_decompose_merge_sort_inplace
u8_normalize->u8_cpy
u8_normalize->u8_mbtouc_unsafe
u8_normalize->u8_uctomb
uc_is_property_white_space->bitmap_lookup.501
uc_is_property_grapheme_extend->bitmap_lookup.372
u8_casing_suffixes_context->uc_is_case_ignorable
u8_casing_suffixes_context->uc_combining_class
u8_casing_suffixes_context->u8_mbtouc_unsafe
mem_iconveh->malloc
mem_iconveh->__errno_location
mem_iconveh->llvm.memcpy.p0i8.p0i8.i64
mem_iconveh->free
mem_iconveh->c_strcasecmp
mem_iconveh->iconveh_open
mem_iconveh->iconveh_close
mem_iconveh->mem_cd_iconveh
knuth_morris_pratt->mmalloca
knuth_morris_pratt->freea
u32_snprintf->llvm.va_start
u32_snprintf->llvm.va_end
u32_snprintf->u32_vsnprintf
u8_grapheme_prev->uc_is_grapheme_break
u8_grapheme_prev->u8_prev
uc_is_property_bidi_arabic_digit->uc_bidi_category
u16_ct_totitle->malloc
u16_ct_totitle->realloc
u16_ct_totitle->__errno_location
u16_ct_totitle->free
u16_ct_totitle->abort
u16_ct_totitle->uc_is_cased
u16_ct_totitle->uc_is_case_ignorable
u16_ct_totitle->gl_unicase_special_lookup
u16_ct_totitle->uc_tolower
u16_ct_totitle->uc_totitle
u16_ct_totitle->uc_combining_class
u16_ct_totitle->uc_is_property_soft_dotted
u16_ct_totitle->u16_normalize
u16_ct_totitle->u16_cpy
u16_ct_totitle->u16_mbtouc_unsafe
u16_ct_totitle->u16_uctomb
u16_ct_totitle->u16_wordbreaks
u8_strwidth->u8_strlen
u8_strwidth->u8_width
u32_strcoll->__errno_location
u32_strcoll->free
u32_strcoll->locale_charset
u32_strcoll->u32_strconv_to_encoding
u32_strcoll->strcoll
u32_strcoll->u32_strcmp
u8_vasprintf->__errno_location
u8_vasprintf->free
u8_vasprintf->u8_vasnprintf
unicode_name_character->strlen
unicode_name_character->memcmp
unicode_name_character->unicode_name_word_lookup
unicode_name_character->unicode_index_to_code
uc_is_property_pattern_syntax->bitmap_lookup.458
uc_general_category_or->llvm.memcpy.p0i8.p0i8.i64
u32_is_titlecase->u32_is_invariant
mbiter_multi_next->is_basic
mbiter_multi_next->mbsinit
mbiter_multi_next->__assert_fail
mbiter_multi_next->rpl_mbrtowc
u8_normcmp->__errno_location
u8_normcmp->free
u8_normcmp->u8_normalize
u8_normcmp->u8_cmp2
uc_is_space->bitmap_lookup.309
u8_tolower->u8_casemap
str_iconveh->__errno_location
str_iconveh->free
str_iconveh->c_strcasecmp
str_iconveh->iconveh_open
str_iconveh->iconveh_close
str_iconveh->str_cd_iconveh
str_iconveh->strdup
u8_strncat->strncat
u16_strtok->u16_strmblen
u16_strtok->u16_strpbrk
u16_strtok->u16_strspn
u32_sprintf->llvm.va_start
u32_sprintf->llvm.va_end
u32_sprintf->u32_vsprintf
uc_is_property_math->bitmap_lookup.417
uc_is_property_bidi_arabic_right_to_left->uc_bidi_category
uc_bidi_class_byname->strlen
uc_bidi_class_byname->uc_bidi_class_lookup
u16_ct_toupper->u16_casemap
u8_width->u8_mbtouc_unsafe
u8_width->uc_width
u8_vsnprintf->__errno_location
u8_vsnprintf->free
u8_vsnprintf->u8_vasnprintf
u8_vsnprintf->u8_cpy
uc_is_property_changes_when_lowercased->bitmap_lookup.332
uc_is_general_category->bitmap_lookup.293
u32_is_uppercase->u32_is_invariant
u8_mbsnlen->u8_mbtouc
u8_mbsnlen->u8_mbtoucr
u16_move->llvm.memmove.p0i8.p0i8.i64
u8_normcoll->__errno_location
u8_normcoll->free
u8_normcoll->memcmp2
u8_normcoll->u8_normxfrm
uc_is_property_xid_continue->bitmap_lookup.504
uc_is_property_grapheme_link->bitmap_lookup.375
u8_totitle->u8_ct_totitle
u16_to_u32->malloc
u16_to_u32->realloc
u16_to_u32->__errno_location
u16_to_u32->llvm.memcpy.p0i8.p0i8.i64
u16_to_u32->free
u16_to_u32->u16_mbtoucr
u32_u32_asnprintf->llvm.va_start
u32_u32_asnprintf->llvm.va_end
u32_u32_asnprintf->u32_u32_vasnprintf
uc_grapheme_breaks->llvm.memset.p0i8.i64
uc_grapheme_breaks->uc_graphemeclusterbreak_property
uc_grapheme_breaks->uc_grapheme_breaks_mbtouc
uc_is_property_bidi_block_separator->uc_bidi_category
uc_bidi_category_byname->uc_bidi_class_byname
u16_is_cased->__errno_location
u16_is_cased->free
u16_is_cased->u16_tolower
u16_is_cased->u16_totitle
u16_is_cased->u16_toupper
u16_is_cased->u16_normalize
u16_is_cased->u16_cmp
uc_width->is_cjk_encoding.890
u32_strcspn->u32_strchr
u32_strcspn->u32_strlen
u8_vsprintf->__errno_location
u8_vsprintf->free
u8_vsprintf->u8_vasnprintf
uc_is_property_pattern_white_space->bitmap_lookup.461
u32_casing_prefix_context->u32_casing_prefixes_context
u16_next->u16_strmbtouc
u8_normxfrm->amemxfrm
u8_normxfrm->realloc
u8_normxfrm->__errno_location
u8_normxfrm->free
u8_normxfrm->locale_charset
u8_normxfrm->u8_conv_to_encoding
u8_normxfrm->u8_normalize
uc_is_upper->bitmap_lookup.310
u8_toupper->u8_casemap
uniconv_register_autodetect->malloc
uniconv_register_autodetect->strlen
uniconv_register_autodetect->__errno_location
uniconv_register_autodetect->llvm.memcpy.p0i8.p0i8.i64
u8_strncmp->strncmp
u16_to_u8->malloc
u16_to_u8->realloc
u16_to_u8->__errno_location
u16_to_u8->llvm.memcpy.p0i8.p0i8.i64
u16_to_u8->free
u16_to_u8->abort
u16_to_u8->u16_mbtoucr
u16_to_u8->u8_uctomb
u32_u32_asprintf->llvm.va_start
u32_u32_asprintf->llvm.va_end
u32_u32_asprintf->u32_u32_vasprintf
uc_is_property_non_break->bitmap_lookup.420
uc_is_property_bidi_boundary_neutral->uc_bidi_category
u16_is_casefolded->u16_is_invariant
is_cjk_encoding.890->strcmp
u32_strdup->malloc
u32_strdup->llvm.memcpy.p0i8.p0i8.i64
u32_strdup->u32_strlen
ulc_asnprintf->llvm.va_start
ulc_asnprintf->llvm.va_end
ulc_asnprintf->ulc_vasnprintf
uc_canonical_decomposition->abort
uc_canonical_decomposition->decomp_index
uc_is_property_changes_when_titlecased->bitmap_lookup.335
u32_casing_prefixes_context->uc_is_case_ignorable
u32_casing_prefixes_context->uc_combining_class
u32_casing_prefixes_context->u32_prev
uc_is_property_xid_start->bitmap_lookup.507
uc_is_property_hex_digit->bitmap_lookup.378
ulc_casecmp->__errno_location
ulc_casecmp->free
ulc_casecmp->ulc_u8_casefold
ulc_casecmp->uninorm_decomposing_form
ulc_casecmp->u8_cmp2
mem_iconveha->strlen
mem_iconveha->llvm.memcpy.p0i8.p0i8.i64
mem_iconveha->mmalloca
mem_iconveha->freea
mem_iconveha->mem_iconveha_notranslit
u32_u32_snprintf->llvm.va_start
u32_u32_snprintf->llvm.va_end
u32_u32_snprintf->u32_u32_vsnprintf
uc_is_grapheme_break->uc_graphemeclusterbreak_property
uc_is_property_bidi_common_separator->uc_bidi_category
u16_is_invariant->__errno_location
u16_is_invariant->free
u16_is_invariant->u16_casefold
u16_is_invariant->u16_tolower
u16_is_invariant->u16_totitle
u16_is_invariant->u16_toupper
u16_is_invariant->u16_normalize
u16_is_invariant->u16_cmp
ulc_asprintf->llvm.va_start
ulc_asprintf->llvm.va_end
ulc_asprintf->ulc_vasprintf
uc_combining_class_lookup->combining_class_hash
uc_combining_class_lookup->gperf_case_strcmp.296
u32_casing_suffix_context->u32_casing_suffixes_context
mbiter_multi_copy->llvm.memcpy.p0i8.p0i8.i64
mbiter_multi_copy->mb_copy
mbiter_multi_copy->llvm.memset.p0i8.i64
u16_set->__errno_location
u16_asnprintf->llvm.va_start
u16_asnprintf->llvm.va_end
u16_asnprintf->u16_vasnprintf
uc_is_xdigit->bitmap_lookup.311
ulc_u8_casefold->__errno_location
ulc_u8_casefold->free
ulc_u8_casefold->locale_charset
ulc_u8_casefold->u8_casefold
ulc_u8_casefold->u8_conv_from_encoding
mem_iconveha_notranslit->__errno_location
mem_iconveha_notranslit->strcmp
mem_iconveha_notranslit->mem_iconveh
mem_iconveha_notranslit->mem_iconveha_notranslit
u8_strncpy->strncpy
u32_u32_sprintf->llvm.va_start
u32_u32_sprintf->llvm.va_end
u32_u32_sprintf->u32_u32_vsprintf
ulc_grapheme_breaks->malloc
ulc_grapheme_breaks->free
ulc_grapheme_breaks->locale_charset
ulc_grapheme_breaks->llvm.memset.p0i8.i64
ulc_grapheme_breaks->u8_conv_from_encoding
ulc_grapheme_breaks->u8_grapheme_breaks
ulc_grapheme_breaks->is_utf8_encoding
ulc_grapheme_breaks->ascii_grapheme_breaks
uc_is_property_not_a_character->bitmap_lookup.423
uc_is_property_bidi_control->bitmap_lookup.319
uc_bidi_category_name->uc_bidi_class_name
u16_is_lowercase->u16_is_invariant
xsum3->xsum
ulc_fprintf->__errno_location
ulc_fprintf->free
ulc_fprintf->llvm.va_start
ulc_fprintf->llvm.va_end
ulc_fprintf->fwrite
ulc_fprintf->ulc_vasnprintf
ulc_fprintf->fseterr
uc_compat_decomposition->uc_decomposition
uc_is_property_punctuation->uc_is_general_category
uc_is_property_changes_when_uppercased->bitmap_lookup.338
u32_casing_suffixes_context->uc_is_case_ignorable
u32_casing_suffixes_context->uc_combining_class
u32_casing_suffixes_context->u32_mbtouc_unsafe
uc_is_property_zero_width->bitmap_lookup.510
uc_is_property_hyphen->bitmap_lookup.381
ulc_casecoll->__errno_location
ulc_casecoll->free
ulc_casecoll->memcmp2
ulc_casecoll->ulc_casexfrm
str_iconveha->strlen
str_iconveha->__errno_location
str_iconveha->llvm.memcpy.p0i8.p0i8.i64
str_iconveha->c_strcasecmp
str_iconveha->mmalloca
str_iconveha->freea
str_iconveha->strdup
str_iconveha->str_iconveha_notranslit
u32_u32_vasnprintf->malloc
u32_u32_vasnprintf->realloc
u32_u32_vasnprintf->__errno_location
u32_u32_vasnprintf->free
u32_u32_vasnprintf->locale_charset
u32_u32_vasnprintf->abort
u32_u32_vasnprintf->u32_conv_from_encoding
u32_u32_vasnprintf->u_printf_fetchargs
u32_u32_vasnprintf->snprintf
u32_u32_vasnprintf->u32_printf_parse
u32_u32_vasnprintf->u16_strlen
u32_u32_vasnprintf->u16_strmblen
u32_u32_vasnprintf->u16_to_u32
u32_u32_vasnprintf->u32_cpy
u32_u32_vasnprintf->u32_mbsnlen
u32_u32_vasnprintf->u32_set
u32_u32_vasnprintf->u32_strlen
u32_u32_vasnprintf->u32_strmblen
u32_u32_vasnprintf->u8_strlen
u32_u32_vasnprintf->u8_strmblen
u32_u32_vasnprintf->u8_to_u32
u32_u32_vasnprintf->xsum
u32_u32_vasnprintf->xsum3
u32_u32_vasnprintf->xsum4
u32_u32_vasnprintf->xmax
is_utf8_encoding->c_strcasecmp
u16_is_titlecase->u16_is_invariant
gl_locale_name_posix->setlocale
xsum4->xsum
gl_uninorm_compose_lookup->memcmp
gl_uninorm_compose_lookup->gl_uninorm_compose_hash
uc_is_property_quotation_mark->bitmap_lookup.468
u32_tolower->u32_casemap
mbsnlen->mbiter_multi_next
mbsnlen->llvm.memset.p0i8.i64
mbsnlen->__ctype_get_mb_cur_max
ulc_casexfrm->__errno_location
ulc_casexfrm->free
ulc_casexfrm->locale_charset
ulc_casexfrm->u8_casexfrm
ulc_casexfrm->u8_conv_from_encoding
str_iconveha_notranslit->__errno_location
str_iconveha_notranslit->strcmp
str_iconveha_notranslit->str_iconveh
str_iconveha_notranslit->str_iconveha_notranslit
u8_strnlen->strnlen
u32_u32_vasprintf->__errno_location
u32_u32_vasprintf->free
u32_u32_vasprintf->u32_u32_vasnprintf
ascii_grapheme_breaks->c_isprint
ascii_grapheme_breaks->c_isspace
uc_is_property_numeric->bitmap_lookup.426
uc_is_property_bidi_embedding_or_override->uc_bidi_category
uc_bidi_category->uc_bidi_class
u16_is_uppercase->u16_is_invariant
gl_locale_name_environ->getenv
u32_strncat->u32_strlen
ulc_printf_parse->malloc
ulc_printf_parse->realloc
ulc_printf_parse->__errno_location
ulc_printf_parse->llvm.memcpy.p0i8.p0i8.i64
ulc_printf_parse->free
ulc_printf_parse->c_isascii
ulc_printf_parse->xsum
uc_is_property_combining->bitmap_lookup.341
uc_combining_class_byname->strlen
uc_combining_class_byname->uc_combining_class_lookup
u32_totitle->u32_ct_totitle
u8_move->llvm.memmove.p0i8.p0i8.i64
u16_asprintf->llvm.va_start
u16_asprintf->llvm.va_end
u16_asprintf->u16_vasprintf
uc_script_lookup->strcmp
uc_script_lookup->scripts_hash
uc_is_property_id_continue->bitmap_lookup.384
u16_conv_from_encoding->abort
u16_conv_from_encoding->mem_iconveha
uc_is_cased->bitmap_lookup
c_strcasecmp->c_tolower
u32_u32_vsnprintf->__errno_location
u32_u32_vsnprintf->free
u32_u32_vsnprintf->u32_u32_vasnprintf
u32_u32_vsnprintf->u32_cpy
u16_possible_linebreaks->abort
u16_possible_linebreaks->llvm.memset.p0i8.i64
u16_possible_linebreaks->is_cjk_encoding
u16_possible_linebreaks->unilbrkprop_lookup
u16_possible_linebreaks->u16_mbtouc_unsafe
uc_is_property_bidi_eur_num_separator->uc_bidi_category
uc_is_bidi_class->uc_bidi_class
u16_casing_prefix_context->u16_casing_prefixes_context
ulc_snprintf->llvm.va_start
ulc_snprintf->llvm.va_end
ulc_snprintf->ulc_vsnprintf
uc_composition->gl_uninorm_compose_lookup
uc_is_property_radical->bitmap_lookup.471
uc_combining_class_long_name->abort
u32_toupper->u32_casemap
memcmp2->memcmp
u8_next->u8_strmbtouc
u16_strcat->u16_strlen
u16_printf_parse->malloc
u16_printf_parse->realloc
u16_printf_parse->__errno_location
u16_printf_parse->llvm.memcpy.p0i8.p0i8.i64
u16_printf_parse->free
u16_printf_parse->xsum
uc_joining_group_lookup->joining_group_hash
uc_joining_group_lookup->gperf_case_strcmp.312
u16_conv_to_encoding->malloc
u16_conv_to_encoding->__errno_location
u16_conv_to_encoding->free
u16_conv_to_encoding->mem_iconveha
c_strncasecmp->c_tolower
u8_strpbrk->u8_strchr
u8_strpbrk->u8_strmbtouc
u32_cmp2->u32_cmp
u32_u32_vsprintf->__errno_location
u32_u32_vsprintf->free
u32_u32_vsprintf->u32_u32_vasnprintf
is_cjk_encoding->strcmp
uc_is_property_other_alphabetic->bitmap_lookup.429
uc_is_property_bidi_eur_num_terminator->uc_bidi_category
uc_is_bidi_category->uc_is_bidi_class
u16_casing_prefixes_context->uc_is_case_ignorable
u16_casing_prefixes_context->uc_combining_class
u16_casing_prefixes_context->u16_prev
gl_locale_name->gl_locale_name_thread
gl_locale_name->gl_locale_name_posix
gl_locale_name->gl_locale_name_default
rpl_isnanf->memcmp
ulc_sprintf->llvm.va_start
ulc_sprintf->llvm.va_end
ulc_sprintf->ulc_vsprintf
gl_uninorm_decompose_merge_sort_fromto->llvm.memcpy.p0i8.p0i8.i64
gl_uninorm_decompose_merge_sort_fromto->gl_uninorm_decompose_merge_sort_fromto
gl_uninorm_decompose_merge_sort_fromto->merge
uc_is_property_composite->bitmap_lookup.344
uc_combining_class_name->abort
u8_casecmp->__errno_location
u8_casecmp->free
u8_casecmp->u8_casefold
u8_casecmp->uninorm_decomposing_form
u8_casecmp->u8_cmp2
u16_strchr->u16_uctomb_aux
u16_snprintf->llvm.va_start
u16_snprintf->llvm.va_end
u16_snprintf->u16_vsnprintf
uc_is_property_id_start->bitmap_lookup.387
u16_strconv_from_encoding->strlen
u16_strconv_from_encoding->__errno_location
u16_strconv_from_encoding->free
u16_strconv_from_encoding->u16_conv_from_encoding
u16_strconv_from_encoding->u16_strlen
uc_is_case_ignorable->bitmap_lookup.24
hard_locale->setlocale
hard_locale->strcmp
u8_strrchr->u8_uctomb_aux
u32_cpy->llvm.memcpy.p0i8.p0i8.i64
u32_vasnprintf->malloc
u32_vasnprintf->realloc
u32_vasnprintf->__errno_location
u32_vasnprintf->llvm.memcpy.p0i8.p0i8.i64
u32_vasnprintf->free
u32_vasnprintf->locale_charset
u32_vasnprintf->abort
u32_vasnprintf->u32_conv_from_encoding
u32_vasnprintf->u_printf_fetchargs
u32_vasnprintf->snprintf
u32_vasnprintf->ulc_printf_parse
u32_vasnprintf->u16_strlen
u32_vasnprintf->u16_strmblen
u32_vasnprintf->u16_to_u32
u32_vasnprintf->u32_cpy
u32_vasnprintf->u32_mbsnlen
u32_vasnprintf->u32_set
u32_vasnprintf->u32_strlen
u32_vasnprintf->u32_strmblen
u32_vasnprintf->u8_strlen
u32_vasnprintf->u8_strmblen
u32_vasnprintf->u8_to_u32
u32_vasnprintf->xsum
u32_vasnprintf->xsum3
u32_vasnprintf->xsum4
u32_vasnprintf->xmax
uc_is_property_bidi_european_digit->uc_bidi_category
u16_casing_suffix_context->u16_casing_suffixes_context
glthread_rwlock_init_for_glibc->pthread_rwlockattr_init
glthread_rwlock_init_for_glibc->pthread_rwlockattr_setkind_np
glthread_rwlock_init_for_glibc->pthread_rwlock_init
glthread_rwlock_init_for_glibc->pthread_rwlockattr_destroy
ulc_vasnprintf->malloc
ulc_vasnprintf->realloc
ulc_vasnprintf->__errno_location
ulc_vasnprintf->llvm.memcpy.p0i8.p0i8.i64
ulc_vasnprintf->free
ulc_vasnprintf->locale_charset
ulc_vasnprintf->abort
ulc_vasnprintf->llvm.memset.p0i8.i64
ulc_vasnprintf->mbsnlen
ulc_vasnprintf->u16_conv_to_encoding
ulc_vasnprintf->u32_conv_to_encoding
ulc_vasnprintf->u8_conv_to_encoding
ulc_vasnprintf->u_printf_fetchargs
ulc_vasnprintf->snprintf
ulc_vasnprintf->ulc_printf_parse
ulc_vasnprintf->u16_strlen
ulc_vasnprintf->u16_strmblen
ulc_vasnprintf->u32_strlen
ulc_vasnprintf->u32_strmblen
ulc_vasnprintf->u8_strlen
ulc_vasnprintf->u8_strmblen
ulc_vasnprintf->xsum
ulc_vasnprintf->xsum3
ulc_vasnprintf->xsum4
ulc_vasnprintf->xmax
merge->llvm.memcpy.p0i8.p0i8.i64
uc_is_property_sentence_terminal->bitmap_lookup.474
uc_is_alnum->bitmap_lookup.300
u8_casecoll->__errno_location
u8_casecoll->free
u8_casecoll->memcmp2
u8_casecoll->u8_casexfrm
printf_frexp->frexp
printf_frexp->ldexp
u8_set->__errno_location
u8_set->llvm.memset.p0i8.i64
u16_sprintf->llvm.va_start
u16_sprintf->llvm.va_end
u16_sprintf->u16_vsprintf
uc_script_byname->strlen
uc_script_byname->uc_script_lookup
u16_strconv_from_locale->locale_charset
u16_strconv_from_locale->u16_strconv_from_encoding
u8_strspn->u8_cmp
u8_strspn->u8_strchr
u8_strspn->u8_strlen
u8_strspn->u8_strmbtouc
u32_cpy_alloc->malloc
u32_cpy_alloc->llvm.memcpy.p0i8.p0i8.i64
u32_vasprintf->__errno_location
u32_vasprintf->free
u32_vasprintf->u32_vasnprintf
u16_width_linebreaks->u16_possible_linebreaks
u16_width_linebreaks->u16_mbtouc_unsafe
u16_width_linebreaks->uc_width
uc_is_property_other_default_ignorable_code_point->bitmap_lookup.432
uc_is_property_bidi_hebrew_right_to_left->uc_bidi_category
u16_casing_suffixes_context->uc_is_case_ignorable
u16_casing_suffixes_context->uc_combining_class
u16_casing_suffixes_context->u16_mbtouc_unsafe
rpl_mbrtowc->hard_locale
rpl_mbrtowc->mbrtowc
u32_strpbrk->u32_strchr
ulc_vasprintf->__errno_location
ulc_vasprintf->free
ulc_vasprintf->ulc_vasnprintf
gl_uninorm_decompose_merge_sort_inplace->llvm.memcpy.p0i8.p0i8.i64
gl_uninorm_decompose_merge_sort_inplace->gl_uninorm_decompose_merge_sort_fromto
gl_uninorm_decompose_merge_sort_inplace->merge
gl_uninorm_decompose_merge_sort_inplace->gl_uninorm_decompose_merge_sort_inplace
uc_is_property_currency_symbol->uc_is_general_category
u8_casefold->u8_ct_casefold
u16_strcoll->__errno_location
u16_strcoll->free
u16_strcoll->locale_charset
u16_strcoll->u16_strconv_to_encoding
u16_strcoll->u16_strcmp
u16_strcoll->strcoll
u16_u16_asnprintf->llvm.va_start
u16_u16_asnprintf->llvm.va_end
u16_u16_asnprintf->u16_u16_vasnprintf
uc_is_script->uc_script
uc_is_property_ideographic->bitmap_lookup.390
uc_joining_group_byname->strlen
uc_joining_group_byname->uc_joining_group_lookup
u16_strconv_to_encoding->strlen
u16_strconv_to_encoding->__errno_location
u16_strconv_to_encoding->free
u16_strconv_to_encoding->mem_iconveha
u16_strconv_to_encoding->u16_strlen
uc_locale_languages_lookup->memcmp
uc_locale_languages_lookup->uc_locale_language_hash
u8_strstr->u8_strchr
u8_strstr->u8_strmbtouc
u8_strstr->strstr
u32_endswith->u32_cmp
u32_endswith->u32_strlen
u32_vsnprintf->__errno_location
u32_vsnprintf->free
u32_vsnprintf->u32_vasnprintf
u32_vsnprintf->u32_cpy
u32_possible_linebreaks->abort
u32_possible_linebreaks->is_cjk_encoding.664
u32_possible_linebreaks->unilbrkprop_lookup.665
uc_is_property_bidi_left_to_right->uc_bidi_category
u16_tolower->u16_casemap
ulc_vfprintf->__errno_location
ulc_vfprintf->free
ulc_vfprintf->fwrite
ulc_vfprintf->ulc_vasnprintf
ulc_vfprintf->fseterr
uc_is_property_soft_dotted->bitmap_lookup.479
uc_is_property_dash->bitmap_lookup.349
uc_is_alpha->bitmap_lookup.301
u8_casemap->malloc
u8_casemap->realloc
u8_casemap->__errno_location
u8_casemap->free
u8_casemap->abort
u8_casemap->uc_is_cased
u8_casemap->uc_is_case_ignorable
u8_casemap->gl_unicase_special_lookup
u8_casemap->uc_tocasefold
u8_casemap->uc_tolower
u8_casemap->uc_toupper
u8_casemap->uc_combining_class
u8_casemap->uc_is_property_soft_dotted
u8_casemap->u8_normalize
u8_casemap->u8_cpy
u8_casemap->u8_mbtouc_unsafe
u8_casemap->u8_uctomb
