XpmCreateXpmImageFromPixmap->xpmCreateImageFromPixmap
XpmCreateXpmImageFromPixmap->xpmCreateImageFromPixmap
XpmCreateXpmImageFromPixmap->XpmCreateXpmImageFromImage
ScanOtherColors->XDefaultScreen
ScanOtherColors->XDefaultColormap
ScanOtherColors->malloc
ScanOtherColors->malloc
ScanOtherColors->free
ScanOtherColors->XQueryColors
ScanOtherColors->xpmReadRgbNames
ScanOtherColors->strdup
ScanOtherColors->xpmGetRgbName
ScanOtherColors->strdup
ScanOtherColors->sprintf
ScanOtherColors->strdup
ScanOtherColors->free
ScanOtherColors->xpmFreeRgbNames
ScanOtherColors->free
ScanOtherColors->xpmFreeRgbNames
ScanTransparentColor->malloc
ScanTransparentColor->strdup
ScanTransparentColor->strdup
GetImagePixels->xpm_xynormalizeimagebits
GetImagePixels->storePixel
GetImagePixels->xpm_xynormalizeimagebits
GetImagePixels->storePixel
GetImagePixels->xpm_znormalizeimagebits
GetImagePixels->storePixel
GetImagePixels32->storePixel
GetImagePixels32->storePixel
GetImagePixels16->storePixel
GetImagePixels16->storePixel
GetImagePixels8->storePixel
storePixel->realloc
GetImagePixels1->storeMaskPixel
GetImagePixels1->storePixel
GetImagePixels1->storeMaskPixel
GetImagePixels1->storePixel
XpmCreateXpmImageFromImage->calloc
XpmCreateXpmImageFromImage->malloc
XpmCreateXpmImageFromImage->GetImagePixels1
XpmCreateXpmImageFromImage->GetImagePixels1
XpmCreateXpmImageFromImage->GetImagePixels8
XpmCreateXpmImageFromImage->GetImagePixels16
XpmCreateXpmImageFromImage->GetImagePixels32
XpmCreateXpmImageFromImage->GetImagePixels
XpmCreateXpmImageFromImage->calloc
XpmCreateXpmImageFromImage->ScanTransparentColor
XpmCreateXpmImageFromImage->ScanOtherColors
XpmCreateXpmImageFromImage->free
XpmCreateXpmImageFromImage->free
XpmCreateXpmImageFromImage->free
XpmCreateXpmImageFromImage->xpmFreeColorTable
xpmFreeRgbNames->free
xpmReadRgbNames->fopen
xpmReadRgbNames->fgets
xpmReadRgbNames->__isoc99_sscanf
xpmReadRgbNames->strlen
xpmReadRgbNames->malloc
xpmReadRgbNames->tolower
xpmReadRgbNames->fclose
XpmReadFileToXpmImage->xpmInitXpmImage
XpmReadFileToXpmImage->xpmInitXpmInfo
XpmReadFileToXpmImage->OpenReadFile
XpmReadFileToXpmImage->xpmParseData
XpmReadFileToXpmImage->xpmDataClose
xpmPipeThrough->pipe
xpmPipeThrough->fork
xpmPipeThrough->close
xpmPipeThrough->dup2
xpmPipeThrough->close
xpmPipeThrough->dup2
xpmPipeThrough->close
xpmPipeThrough->fork
xpmPipeThrough->execlp
xpmPipeThrough->perror
xpmPipeThrough->_exit
xpmPipeThrough->_exit
xpmPipeThrough->close
xpmPipeThrough->waitpid
xpmPipeThrough->__errno_location
xpmPipeThrough->fdopen
xpmPipeThrough->close
xpmPipeThrough->close
xpmPipeThrough->close
xpmDataClose->fclose
OpenReadFile->open
OpenReadFile->strrchr
OpenReadFile->strlen
OpenReadFile->malloc
OpenReadFile->strcpy
OpenReadFile->strcpy
OpenReadFile->open
OpenReadFile->strcpy
OpenReadFile->open
OpenReadFile->free
OpenReadFile->free
OpenReadFile->strcmp
OpenReadFile->xpmPipeThrough
OpenReadFile->strcmp
OpenReadFile->xpmPipeThrough
OpenReadFile->fdopen
OpenReadFile->close
XpmReadFileToImage->xpmInitXpmImage
XpmReadFileToImage->xpmInitXpmInfo
XpmReadFileToImage->OpenReadFile
XpmReadFileToImage->xpmInitAttributes
XpmReadFileToImage->xpmSetInfoMask
XpmReadFileToImage->xpmParseDataAndCreate
XpmReadFileToImage->xpmParseDataAndCreate
XpmReadFileToImage->xpmSetAttributes
XpmReadFileToImage->XpmFreeXpmInfo
XpmReadFileToImage->xpmDataClose
XpmReadFileToImage->XpmFreeXpmImage
XpmReadFileToData->XpmReadFileToXpmImage
XpmReadFileToData->XpmCreateDataFromXpmImage
XpmReadFileToData->XpmFreeXpmImage
XpmReadFileToData->XpmFreeXpmInfo
XpmReadFileToBuffer->open
XpmReadFileToBuffer->fstat
XpmReadFileToBuffer->close
XpmReadFileToBuffer->fdopen
XpmReadFileToBuffer->close
XpmReadFileToBuffer->malloc
XpmReadFileToBuffer->fclose
XpmReadFileToBuffer->fread
XpmReadFileToBuffer->fclose
XpmReadFileToBuffer->free
XpmFreeXpmInfo->free
XpmFreeXpmInfo->free
XpmFreeXpmInfo->free
XpmFreeXpmInfo->XpmFreeExtensions
XpmFreeXpmImage->xpmFreeColorTable
XpmFreeXpmImage->free
xpmCreatePixmapFromImage->XCreatePixmap
xpmCreatePixmapFromImage->XCreateGC
xpmCreatePixmapFromImage->XPutImage
xpmCreatePixmapFromImage->XFreeGC
XpmCreatePixmapFromData->XpmCreateImageFromData
XpmCreatePixmapFromData->xpmCreatePixmapFromImage
XpmCreatePixmapFromData->xpmCreatePixmapFromImage
XpmCreatePixmapFromBuffer->XpmCreateImageFromBuffer
XpmCreatePixmapFromBuffer->xpmCreatePixmapFromImage
XpmCreatePixmapFromBuffer->xpmCreatePixmapFromImage
xpmCreateImageFromPixmap->XGetGeometry
xpmCreateImageFromPixmap->XGetImage
XpmCreateXpmImageFromData->xpmInitXpmImage
XpmCreateXpmImageFromData->xpmInitXpmInfo
XpmCreateXpmImageFromData->OpenArray
XpmCreateXpmImageFromData->xpmParseData
XpmCreateImageFromData->xpmInitXpmImage
XpmCreateImageFromData->xpmInitXpmInfo
XpmCreateImageFromData->OpenArray
XpmCreateImageFromData->xpmInitAttributes
XpmCreateImageFromData->xpmSetInfoMask
XpmCreateImageFromData->xpmParseDataAndCreate
XpmCreateImageFromData->xpmParseDataAndCreate
XpmCreateImageFromData->xpmSetAttributes
XpmCreateImageFromData->XpmFreeXpmInfo
XpmCreateImageFromData->XpmFreeXpmImage
CommentsSize->strlen
CommentsSize->strlen
CommentsSize->strlen
ExtensionsSize->strlen
ExtensionsSize->strlen
XpmCreateBufferFromXpmImage->ExtensionsSize
XpmCreateBufferFromXpmImage->CommentsSize
XpmCreateBufferFromXpmImage->sprintf
XpmCreateBufferFromXpmImage->malloc
XpmCreateBufferFromXpmImage->strcpy
XpmCreateBufferFromXpmImage->snprintf
XpmCreateBufferFromXpmImage->sprintf
XpmCreateBufferFromXpmImage->snprintf
XpmCreateBufferFromXpmImage->sprintf
XpmCreateBufferFromXpmImage->sprintf
XpmCreateBufferFromXpmImage->realloc
XpmCreateBufferFromXpmImage->strcpy
XpmCreateBufferFromXpmImage->snprintf
XpmCreateBufferFromXpmImage->WriteColors
XpmCreateBufferFromXpmImage->realloc
XpmCreateBufferFromXpmImage->snprintf
XpmCreateBufferFromXpmImage->WritePixels
XpmCreateBufferFromXpmImage->WriteExtensions
XpmCreateBufferFromXpmImage->strcpy
XpmCreateBufferFromXpmImage->free
XpmCreateBufferFromImage->XpmCreateXpmImageFromImage
XpmCreateBufferFromImage->xpmSetInfo
XpmCreateBufferFromImage->XpmCreateBufferFromXpmImage
XpmCreateBufferFromImage->XpmCreateBufferFromXpmImage
XpmCreateBufferFromImage->XpmFreeXpmImage
FreeOldColorTable->free
FreeOldColorTable->free
FreeOldColorTable->free
XpmFreeAttributes->free
XpmFreeAttributes->xpmFreeColorTable
XpmFreeAttributes->FreeOldColorTable
XpmFreeAttributes->free
XpmFreeAttributes->free
XpmFreeAttributes->free
XpmFreeAttributes->free
XpmFreeAttributes->XpmFreeExtensions
XpmFreeAttributes->free
CreateOldColorTable->malloc
xpmFreeColorTable->free
xpmFreeColorTable->free
XpmFreeExtensions->free
XpmFreeExtensions->free
XpmFreeExtensions->free
XpmFreeExtensions->free
xpmSetAttributes->CreateOldColorTable
xpmSetAttributes->free
WriteColors->llvm.memset.p0i8.i64
WriteColors->strncpy
WriteColors->snprintf
WriteColors->strcpy
WriteColors->realloc
WriteColors->strcpy
WritePixels->strncpy
WritePixels->strcpy
WritePixels->strncpy
WriteExtensions->snprintf
WriteExtensions->snprintf
WriteExtensions->strncpy
XpmCreateBufferFromPixmap->xpmCreateImageFromPixmap
XpmCreateBufferFromPixmap->xpmCreateImageFromPixmap
XpmCreateBufferFromPixmap->XpmCreateBufferFromImage
XpmCreateDataFromImage->XpmCreateXpmImageFromImage
XpmCreateDataFromImage->xpmSetInfo
XpmCreateDataFromImage->XpmCreateDataFromXpmImage
XpmCreateDataFromImage->XpmCreateDataFromXpmImage
XpmCreateDataFromImage->XpmFreeXpmImage
XpmCreateDataFromXpmImage->CountExtensions
XpmCreateDataFromXpmImage->calloc
XpmCreateDataFromXpmImage->sprintf
XpmCreateDataFromXpmImage->sprintf
XpmCreateDataFromXpmImage->strcpy
XpmCreateDataFromXpmImage->malloc
XpmCreateDataFromXpmImage->strcpy
XpmCreateDataFromXpmImage->CreateColors
XpmCreateDataFromXpmImage->malloc
XpmCreateDataFromXpmImage->strcpy
XpmCreateDataFromXpmImage->strlen
XpmCreateDataFromXpmImage->CreatePixels
XpmCreateDataFromXpmImage->CreateExtensions
XpmCreateDataFromXpmImage->free
XpmCreateDataFromXpmImage->free
CountExtensions->strlen
CountExtensions->strlen
CreateColors->strncpy
CreateColors->snprintf
CreateColors->malloc
CreateColors->strcpy
CreatePixels->strncpy
CreatePixels->strncpy
CreateExtensions->snprintf
CreateExtensions->strlen
CreateExtensions->strcpy
CreateExtensions->strlen
CreateExtensions->strcpy
XpmCreateDataFromPixmap->xpmCreateImageFromPixmap
XpmCreateDataFromPixmap->xpmCreateImageFromPixmap
XpmCreateDataFromPixmap->XpmCreateDataFromImage
XpmCreateImageFromBuffer->xpmInitXpmImage
XpmCreateImageFromBuffer->xpmInitXpmInfo
XpmCreateImageFromBuffer->OpenBuffer
XpmCreateImageFromBuffer->xpmInitAttributes
XpmCreateImageFromBuffer->xpmSetInfoMask
XpmCreateImageFromBuffer->xpmParseDataAndCreate
XpmCreateImageFromBuffer->xpmParseDataAndCreate
XpmCreateImageFromBuffer->xpmSetAttributes
XpmCreateImageFromBuffer->XpmFreeXpmInfo
XpmCreateImageFromBuffer->XpmFreeXpmImage
XpmCreateXpmImageFromBuffer->xpmInitXpmImage
XpmCreateXpmImageFromBuffer->xpmInitXpmInfo
XpmCreateXpmImageFromBuffer->OpenBuffer
XpmCreateXpmImageFromBuffer->xpmParseData
XpmReadFileToPixmap->XpmReadFileToImage
XpmReadFileToPixmap->xpmCreatePixmapFromImage
XpmReadFileToPixmap->xpmCreatePixmapFromImage
XpmWriteFileFromBuffer->fopen
XpmWriteFileFromBuffer->strlen
XpmWriteFileFromBuffer->fwrite
XpmWriteFileFromBuffer->fclose
XpmWriteFileFromData->XpmCreateXpmImageFromData
XpmWriteFileFromData->XpmWriteFileFromXpmImage
XpmWriteFileFromData->XpmFreeXpmImage
XpmWriteFileFromData->XpmFreeXpmInfo
XpmWriteFileFromImage->XpmCreateXpmImageFromImage
XpmWriteFileFromImage->xpmSetInfo
XpmWriteFileFromImage->XpmWriteFileFromXpmImage
XpmWriteFileFromImage->XpmWriteFileFromXpmImage
XpmWriteFileFromImage->XpmFreeXpmImage
XpmWriteFileFromXpmImage->llvm.memset.p0i8.i64
XpmWriteFileFromXpmImage->OpenWriteFile
XpmWriteFileFromXpmImage->strrchr
XpmWriteFileFromXpmImage->strchr
XpmWriteFileFromXpmImage->strncpy
XpmWriteFileFromXpmImage->strchr
XpmWriteFileFromXpmImage->strchr
XpmWriteFileFromXpmImage->strncpy
XpmWriteFileFromXpmImage->strchr
XpmWriteFileFromXpmImage->xpmWriteFile
XpmWriteFileFromXpmImage->xpmDataClose.47
OpenWriteFile->open
OpenWriteFile->strlen
OpenWriteFile->strcmp
OpenWriteFile->xpmPipeThrough
OpenWriteFile->strcmp
OpenWriteFile->xpmPipeThrough
OpenWriteFile->fdopen
OpenWriteFile->close
xpmWriteFile->fprintf
xpmWriteFile->fprintf
xpmWriteFile->fprintf
xpmWriteFile->fprintf
xpmWriteFile->fprintf
xpmWriteFile->fprintf
xpmWriteFile->fprintf
xpmWriteFile->WriteColors.54
xpmWriteFile->fprintf
xpmWriteFile->WritePixels.55
xpmWriteFile->WriteExtensions.56
xpmWriteFile->fprintf
xpmDataClose.47->fclose
WriteColors.54->fprintf
WriteColors.54->fprintf
WriteColors.54->fprintf
WritePixels.55->malloc
WritePixels.55->strncpy
WritePixels.55->fprintf
WritePixels.55->strncpy
WritePixels.55->fprintf
WritePixels.55->free
WriteExtensions.56->fprintf
WriteExtensions.56->fprintf
WriteExtensions.56->fprintf
XpmWriteFileFromPixmap->xpmCreateImageFromPixmap
XpmWriteFileFromPixmap->xpmCreateImageFromPixmap
XpmWriteFileFromPixmap->XpmWriteFileFromImage
XpmCreateImageFromXpmImage->XDefaultScreen
XpmCreateImageFromXpmImage->XDefaultVisual
XpmCreateImageFromXpmImage->XDefaultScreen
XpmCreateImageFromXpmImage->XDefaultColormap
XpmCreateImageFromXpmImage->XDefaultScreen
XpmCreateImageFromXpmImage->XDefaultDepth
XpmCreateImageFromXpmImage->malloc
XpmCreateImageFromXpmImage->malloc
XpmCreateImageFromXpmImage->malloc
XpmCreateImageFromXpmImage->malloc
XpmCreateImageFromXpmImage->CreateColors.62
XpmCreateImageFromXpmImage->CreateXImage
XpmCreateImageFromXpmImage->PutImagePixels8
XpmCreateImageFromXpmImage->PutImagePixels1
XpmCreateImageFromXpmImage->PutImagePixels16
XpmCreateImageFromXpmImage->PutImagePixels32
XpmCreateImageFromXpmImage->PutImagePixels
XpmCreateImageFromXpmImage->CreateXImage
XpmCreateImageFromXpmImage->PutImagePixels1
XpmCreateImageFromXpmImage->free
XpmCreateImageFromXpmImage->free
XpmCreateImageFromXpmImage->free
XpmCreateImageFromXpmImage->free
XpmCreateImageFromXpmImage->free
XpmCreateImageFromXpmImage->free
XpmCreateImageFromXpmImage->free
XpmCreateImageFromXpmImage->free
XpmCreateImageFromXpmImage->FreeColors
FreeColors->XFreeColors
CreateColors.62->XDefaultScreen
CreateColors.62->XDefaultVisual
CreateColors.62->XDefaultScreen
CreateColors.62->XDefaultColormap
CreateColors.62->xpmVisualType
CreateColors.62->calloc
CreateColors.62->XQueryColors
CreateColors.62->strcmp
CreateColors.62->strcasecmp
CreateColors.62->SetColor
CreateColors.62->SetColor
CreateColors.62->SetColor
CreateColors.62->free
CreateColors.62->strcasecmp
CreateColors.62->free
CreateXImage->XCreateImage
CreateXImage->malloc
PutImagePixels1->PutImagePixels
PutImagePixels->xpm_xynormalizeimagebits
PutImagePixels->_putbits
PutImagePixels->xpm_xynormalizeimagebits
PutImagePixels->xpm_znormalizeimagebits
PutImagePixels->_putbits
PutImagePixels->xpm_znormalizeimagebits
xpm_xynormalizeimagebits->_XReverse_Bytes
xpm_znormalizeimagebits->_XReverse_Bytes
AllocColor->XParseColor
AllocColor->XAllocColor
SetColor->strcasecmp
SetColor->SetCloseColor
SetColor->AllocColor
SetCloseColor->calloc
SetCloseColor->abs
SetCloseColor->abs
SetCloseColor->abs
SetCloseColor->abs
SetCloseColor->qsort
SetCloseColor->XUngrabServer
SetCloseColor->free
SetCloseColor->XUngrabServer
SetCloseColor->free
SetCloseColor->XUngrabServer
SetCloseColor->free
SetCloseColor->XGrabServer
SetCloseColor->XQueryColors
SetCloseColor->AllocColor
SetCloseColor->AllocColor
XpmCreatePixmapFromXpmImage->XpmCreateImageFromXpmImage
XpmCreatePixmapFromXpmImage->xpmCreatePixmapFromImage
XpmCreatePixmapFromXpmImage->xpmCreatePixmapFromImage
xpmParseDataAndCreate->XDefaultScreen
xpmParseDataAndCreate->XDefaultVisual
xpmParseDataAndCreate->XDefaultScreen
xpmParseDataAndCreate->XDefaultColormap
xpmParseDataAndCreate->XDefaultScreen
xpmParseDataAndCreate->XDefaultDepth
xpmParseDataAndCreate->xpmParseHeader
xpmParseDataAndCreate->xpmParseValues
xpmParseDataAndCreate->xpmGetCmt
xpmParseDataAndCreate->xpmHashTableInit
xpmParseDataAndCreate->xpmParseColors
xpmParseDataAndCreate->xpmGetCmt
xpmParseDataAndCreate->malloc
xpmParseDataAndCreate->malloc
xpmParseDataAndCreate->malloc
xpmParseDataAndCreate->malloc
xpmParseDataAndCreate->CreateColors.62
xpmParseDataAndCreate->CreateXImage
xpmParseDataAndCreate->CreateXImage
xpmParseDataAndCreate->ParseAndPutPixels
xpmParseDataAndCreate->free
xpmParseDataAndCreate->free
xpmParseDataAndCreate->xpmHashTableFree
xpmParseDataAndCreate->xpmGetCmt
xpmParseDataAndCreate->xpmParseExtensions
xpmParseDataAndCreate->free
xpmParseDataAndCreate->free
xpmParseDataAndCreate->xpmHashTableFree
xpmParseDataAndCreate->xpmFreeColorTable
xpmParseDataAndCreate->free
xpmParseDataAndCreate->free
xpmParseDataAndCreate->free
xpmParseDataAndCreate->free
xpmParseDataAndCreate->free
xpmParseDataAndCreate->free
xpmParseDataAndCreate->free
xpmParseDataAndCreate->FreeColors
PutPixel1->xpm_xynormalizeimagebits
PutPixel1->_putbits
PutPixel1->xpm_xynormalizeimagebits
PutPixel->xpm_znormalizeimagebits
PutPixel->_putbits
PutPixel->xpm_znormalizeimagebits
ParseAndPutPixels->llvm.memset.p0i8.i64
ParseAndPutPixels->xpmNextString
ParseAndPutPixels->_IO_getc
ParseAndPutPixels->llvm.memset.p0i8.i64
ParseAndPutPixels->calloc
ParseAndPutPixels->free
ParseAndPutPixels->xpmNextString
ParseAndPutPixels->_IO_getc
ParseAndPutPixels->_IO_getc
ParseAndPutPixels->free
ParseAndPutPixels->free
ParseAndPutPixels->free
ParseAndPutPixels->xpmNextString
ParseAndPutPixels->_IO_getc
ParseAndPutPixels->xpmHashSlot
ParseAndPutPixels->xpmNextString
ParseAndPutPixels->_IO_getc
ParseAndPutPixels->strcmp
ParseAndPutPixels->PutPixel8
ParseAndPutPixels->PutPixel1MSB
ParseAndPutPixels->PutPixel1LSB
ParseAndPutPixels->PutPixel16MSB
ParseAndPutPixels->PutPixel16LSB
ParseAndPutPixels->PutPixel32MSB
ParseAndPutPixels->PutPixel32LSB
ParseAndPutPixels->PutPixel1
ParseAndPutPixels->PutPixel
ParseAndPutPixels->PutPixel8
ParseAndPutPixels->PutPixel1MSB
ParseAndPutPixels->PutPixel1LSB
ParseAndPutPixels->PutPixel16MSB
ParseAndPutPixels->PutPixel16LSB
ParseAndPutPixels->PutPixel32MSB
ParseAndPutPixels->PutPixel32LSB
ParseAndPutPixels->PutPixel1
ParseAndPutPixels->PutPixel
ParseAndPutPixels->PutPixel8
ParseAndPutPixels->PutPixel1MSB
ParseAndPutPixels->PutPixel1LSB
ParseAndPutPixels->PutPixel16MSB
ParseAndPutPixels->PutPixel16LSB
ParseAndPutPixels->PutPixel32MSB
ParseAndPutPixels->PutPixel32LSB
ParseAndPutPixels->PutPixel1
ParseAndPutPixels->PutPixel
ParseAndPutPixels->PutPixel8
ParseAndPutPixels->PutPixel1MSB
ParseAndPutPixels->PutPixel1LSB
ParseAndPutPixels->PutPixel16MSB
ParseAndPutPixels->PutPixel16LSB
ParseAndPutPixels->PutPixel32MSB
ParseAndPutPixels->PutPixel32LSB
ParseAndPutPixels->PutPixel1
ParseAndPutPixels->PutPixel
ParseAndPutPixels->PutPixel8
ParseAndPutPixels->PutPixel1MSB
ParseAndPutPixels->PutPixel1LSB
ParseAndPutPixels->PutPixel16MSB
ParseAndPutPixels->PutPixel16LSB
ParseAndPutPixels->PutPixel32MSB
ParseAndPutPixels->PutPixel32LSB
ParseAndPutPixels->PutPixel1
ParseAndPutPixels->PutPixel
ParseAndPutPixels->PutPixel8
ParseAndPutPixels->PutPixel1MSB
ParseAndPutPixels->PutPixel1LSB
ParseAndPutPixels->PutPixel16MSB
ParseAndPutPixels->PutPixel16LSB
ParseAndPutPixels->PutPixel32MSB
ParseAndPutPixels->PutPixel32LSB
ParseAndPutPixels->PutPixel1
ParseAndPutPixels->PutPixel
ParseAndPutPixels->PutPixel8
ParseAndPutPixels->PutPixel1MSB
ParseAndPutPixels->PutPixel1LSB
ParseAndPutPixels->PutPixel16MSB
ParseAndPutPixels->PutPixel16LSB
ParseAndPutPixels->PutPixel32MSB
ParseAndPutPixels->PutPixel32LSB
ParseAndPutPixels->PutPixel1
ParseAndPutPixels->PutPixel
ParseAndPutPixels->PutPixel8
ParseAndPutPixels->PutPixel1MSB
ParseAndPutPixels->PutPixel1LSB
ParseAndPutPixels->PutPixel16MSB
ParseAndPutPixels->PutPixel16LSB
ParseAndPutPixels->PutPixel32MSB
ParseAndPutPixels->PutPixel32LSB
ParseAndPutPixels->PutPixel1
ParseAndPutPixels->PutPixel
xpmNextString->ParseComment
xpmNextString->ParseComment
xpmNextString->_IO_getc
xpmNextString->_IO_getc
xpmNextString->ParseComment
xpmNextString->_IO_getc
xpmNextString->ParseComment
xpmNextString->ungetc
ParseComment->_IO_getc
ParseComment->ungetc
ParseComment->_IO_getc
ParseComment->_IO_getc
ParseComment->ungetc
xpmNextWord->__ctype_b_loc
xpmNextWord->__ctype_b_loc
xpmNextWord->_IO_getc
xpmNextWord->__ctype_b_loc
xpmNextWord->__ctype_b_loc
xpmNextWord->_IO_getc
xpmNextWord->ungetc
xpmNextUI->xpmNextWord
xpmNextUI->xpmatoui
xpmGetString->malloc
xpmGetString->strncpy
xpmGetString->_IO_getc
xpmGetString->malloc
xpmGetString->realloc
xpmGetString->free
xpmGetString->strncpy
xpmGetString->_IO_getc
xpmGetString->free
xpmGetString->realloc
xpmGetString->free
xpmGetString->strncpy
xpmGetString->ungetc
xpmGetCmt->malloc
xpmGetCmt->strncpy
xpmParseHeader->llvm.memset.p0i8.i64
xpmParseHeader->xpmNextWord
xpmParseHeader->strncmp
xpmParseHeader->xpmNextWord
xpmParseHeader->strrchr
xpmParseHeader->strncmp
xpmParseHeader->xpmNextWord
xpmParseHeader->strncmp
xpmParseHeader->strncmp
xpmParseHeader->xpmNextWord
xpmParseHeader->strncmp
xpmParseHeader->xpmNextString
xpmParseHeader->xpmNextString
xpmParseHeader->xpmNextString
xpmHashSlot->strcmp
xpmHashIntern->xpmHashSlot
xpmHashIntern->AtomMake
xpmHashIntern->HashTableGrows
AtomMake->malloc
HashTableGrows->malloc
HashTableGrows->xpmHashSlot
HashTableGrows->free
xpmHashTableInit->malloc
xpmHashTableFree->free
xpmHashTableFree->free
XpmFree->free
xpmParseValues->xpmNextUI
xpmParseValues->xpmNextUI
xpmParseValues->xpmNextUI
xpmParseValues->xpmNextUI
xpmParseValues->xpmNextWord
xpmParseValues->strncmp
xpmParseValues->xpmNextUI
xpmParseValues->xpmNextUI
xpmParseValues->xpmatoui
xpmParseValues->xpmNextUI
xpmParseValues->xpmNextWord
xpmParseValues->strncmp
xpmParseValues->xpmNextWord
xpmParseValues->strncmp
xpmParseValues->xpmNextWord
xpmParseValues->strchr
xpmParseValues->strncmp
xpmParseValues->xpmNextUI
xpmParseValues->strncmp
xpmParseValues->xpmNextUI
xpmParseValues->strncmp
xpmParseValues->xpmNextUI
xpmParseValues->strncmp
xpmParseValues->xpmNextUI
xpmParseValues->xpmNextString
xpmParseColors->calloc
xpmParseColors->xpmNextString
xpmParseColors->xpmFreeColorTable
xpmParseColors->malloc
xpmParseColors->xpmFreeColorTable
xpmParseColors->_IO_getc
xpmParseColors->xpmHashIntern
xpmParseColors->xpmFreeColorTable
xpmParseColors->xpmNextWord
xpmParseColors->strlen
xpmParseColors->strncmp
xpmParseColors->strlen
xpmParseColors->malloc
xpmParseColors->xpmFreeColorTable
xpmParseColors->llvm.memcpy.p0i8.p0i8.i64
xpmParseColors->xpmFreeColorTable
xpmParseColors->strlen
xpmParseColors->strcat
xpmParseColors->strlen
xpmParseColors->strlen
xpmParseColors->strcat
xpmParseColors->xpmFreeColorTable
xpmParseColors->strlen
xpmParseColors->malloc
xpmParseColors->xpmFreeColorTable
xpmParseColors->llvm.memcpy.p0i8.p0i8.i64
xpmParseColors->xpmNextString
xpmParseColors->xpmFreeColorTable
xpmParseColors->malloc
xpmParseColors->xpmFreeColorTable
xpmParseColors->_IO_getc
xpmParseColors->xpmHashIntern
xpmParseColors->xpmFreeColorTable
xpmParseColors->xpmNextString
xpmParseColors->xpmNextWord
xpmParseColors->strlen
xpmParseColors->strcat
xpmParseColors->strlen
xpmParseColors->strlen
xpmParseColors->strcat
xpmParseColors->strlen
xpmParseColors->malloc
xpmParseColors->xpmFreeColorTable
xpmParseColors->llvm.memcpy.p0i8.p0i8.i64
xpmParseColors->xpmNextString
xpmParseExtensions->xpmNextString
xpmParseExtensions->malloc
xpmParseExtensions->xpmGetString
xpmParseExtensions->free
xpmParseExtensions->strncmp
xpmParseExtensions->strncmp
xpmParseExtensions->free
xpmParseExtensions->xpmNextString
xpmParseExtensions->xpmGetString
xpmParseExtensions->free
xpmParseExtensions->strncmp
xpmParseExtensions->realloc
xpmParseExtensions->free
xpmParseExtensions->XpmFreeExtensions
xpmParseExtensions->__ctype_b_loc
xpmParseExtensions->malloc
xpmParseExtensions->free
xpmParseExtensions->XpmFreeExtensions
xpmParseExtensions->strncpy
xpmParseExtensions->free
xpmParseExtensions->xpmNextString
xpmParseExtensions->xpmGetString
xpmParseExtensions->XpmFreeExtensions
xpmParseExtensions->malloc
xpmParseExtensions->strncmp
xpmParseExtensions->strncmp
xpmParseExtensions->realloc
xpmParseExtensions->free
xpmParseExtensions->XpmFreeExtensions
xpmParseExtensions->xpmNextString
xpmParseExtensions->xpmGetString
xpmParseExtensions->XpmFreeExtensions
xpmParseExtensions->free
xpmParseExtensions->free
xpmParseExtensions->free
xpmParseExtensions->free
xpmParseData->xpmParseHeader
xpmParseData->xpmParseValues
xpmParseData->xpmGetCmt
xpmParseData->xpmHashTableInit
xpmParseData->xpmParseColors
xpmParseData->xpmHashTableFree
xpmParseData->xpmGetCmt
xpmParseData->ParsePixels
xpmParseData->xpmHashTableFree
xpmParseData->xpmGetCmt
xpmParseData->xpmParseExtensions
xpmParseData->xpmFreeColorTable
xpmParseData->free
xpmParseData->free
xpmParseData->free
xpmParseData->free
ParsePixels->malloc
ParsePixels->free
ParsePixels->llvm.memset.p0i8.i64
ParsePixels->xpmNextString
ParsePixels->_IO_getc
ParsePixels->free
ParsePixels->llvm.memset.p0i8.i64
ParsePixels->calloc
ParsePixels->free
ParsePixels->free
ParsePixels->xpmNextString
ParsePixels->_IO_getc
ParsePixels->_IO_getc
ParsePixels->free
ParsePixels->free
ParsePixels->free
ParsePixels->free
ParsePixels->free
ParsePixels->free
ParsePixels->xpmNextString
ParsePixels->_IO_getc
ParsePixels->xpmHashSlot
ParsePixels->free
ParsePixels->xpmNextString
ParsePixels->_IO_getc
ParsePixels->strcmp
ParsePixels->free
