XdmcpWriteARRAYofARRAY8->XdmcpWriteCARD8
XdmcpWriteARRAYofARRAY8->XdmcpWriteARRAY8
XdmcpWriteCARD32->XdmcpWriteCARD8
XdmcpWriteCARD32->XdmcpWriteCARD8
XdmcpWriteCARD32->XdmcpWriteCARD8
XdmcpWriteCARD32->XdmcpWriteCARD8
XdmcpWriteARRAY32->XdmcpWriteCARD8
XdmcpWriteARRAY32->XdmcpWriteCARD32
XdmcpWriteARRAY16->XdmcpWriteCARD8
XdmcpWriteARRAY16->XdmcpWriteCARD16
XdmcpWriteARRAY8->XdmcpWriteCARD16
XdmcpWriteARRAY8->XdmcpWriteCARD8
XdmcpWriteCARD16->XdmcpWriteCARD8
XdmcpWriteCARD16->XdmcpWriteCARD8
XdmcpWriteHeader->malloc
XdmcpWriteHeader->free
XdmcpWriteHeader->XdmcpWriteCARD16
XdmcpWriteHeader->XdmcpWriteCARD16
XdmcpWriteHeader->XdmcpWriteCARD16
_XdmcpWrapperToOddParity->OddParity
_XdmcpWrapperToOddParity->OddParity
XdmcpWrap->_XdmcpWrapperToOddParity
XdmcpWrap->_XdmcpAuthSetup
XdmcpWrap->_XdmcpAuthDoIt
XdmcpUnwrap->_XdmcpWrapperToOddParity
XdmcpUnwrap->_XdmcpAuthSetup
XdmcpUnwrap->_XdmcpAuthDoIt
XdmcpReadARRAYofARRAY8->XdmcpReadCARD8
XdmcpReadARRAYofARRAY8->malloc
XdmcpReadARRAYofARRAY8->XdmcpReadARRAY8
XdmcpReadARRAYofARRAY8->XdmcpDisposeARRAYofARRAY8
XdmcpReadCARD32->XdmcpReadCARD8
XdmcpReadCARD32->XdmcpReadCARD8
XdmcpReadCARD32->XdmcpReadCARD8
XdmcpReadCARD32->XdmcpReadCARD8
XdmcpReadARRAY32->XdmcpReadCARD8
XdmcpReadARRAY32->malloc
XdmcpReadARRAY32->XdmcpReadCARD32
XdmcpReadARRAY32->free
XdmcpReadARRAY16->XdmcpReadCARD8
XdmcpReadARRAY16->malloc
XdmcpReadARRAY16->XdmcpReadCARD16
XdmcpReadARRAY16->free
XdmcpReadARRAY8->XdmcpReadCARD16
XdmcpReadARRAY8->malloc
XdmcpReadARRAY8->XdmcpReadCARD8
XdmcpReadARRAY8->free
XdmcpReallocARRAYofARRAY8->xrealloc
XdmcpReallocARRAYofARRAY8->llvm.memset.p0i8.i64
xrealloc->realloc
XdmcpReallocARRAY8->xrealloc
XdmcpCopyARRAY8->XdmcpAllocARRAY8
XdmcpCopyARRAY8->llvm.memmove.p0i8.p0i8.i64
XdmcpARRAY8Equal->memcmp
xcalloc->calloc
xmalloc->malloc
XdmcpAllocARRAY8->xmalloc
XdmcpAllocARRAY16->xmalloc
XdmcpAllocARRAY32->xmalloc
XdmcpAllocARRAYofARRAY8->xcalloc
XdmcpReallocARRAY16->xrealloc
XdmcpReallocARRAY32->xrealloc
XdmcpDisposeARRAY8->free
XdmcpDisposeARRAY16->free
XdmcpDisposeARRAY32->free
XdmcpDisposeARRAYofARRAY8->XdmcpDisposeARRAY8
XdmcpDisposeARRAYofARRAY8->free
XdmcpFill->malloc
XdmcpFill->free
XdmcpFill->recvfrom
XdmcpFlush->sendto
XdmcpGenerateKey->arc4random_buf
XdmcpReadHeader->XdmcpReadCARD16
XdmcpReadHeader->XdmcpReadCARD16
XdmcpReadHeader->XdmcpReadCARD16
XdmcpReadCARD16->XdmcpReadCARD8
XdmcpReadCARD16->XdmcpReadCARD8
