write_counted_string->write_short
write_counted_string->fwrite
XauGetBestAuthByAddr->XauFileName
XauGetBestAuthByAddr->access
XauGetBestAuthByAddr->fopen
XauGetBestAuthByAddr->XauReadAuth
XauGetBestAuthByAddr->memcmp
XauGetBestAuthByAddr->memcmp
XauGetBestAuthByAddr->strncmp
XauGetBestAuthByAddr->XauDisposeAuth
XauGetBestAuthByAddr->XauDisposeAuth
XauGetBestAuthByAddr->fclose
XauGetAuthByAddr->XauFileName
XauGetAuthByAddr->access
XauGetAuthByAddr->fopen
XauGetAuthByAddr->XauReadAuth
XauGetAuthByAddr->memcmp
XauGetAuthByAddr->memcmp
XauGetAuthByAddr->memcmp
XauGetAuthByAddr->XauDisposeAuth
XauGetAuthByAddr->fclose
free_filename_buffer->free
XauDisposeAuth->free
XauDisposeAuth->free
XauDisposeAuth->free
XauDisposeAuth->llvm.memset.p0i8.i64
XauDisposeAuth->free
XauDisposeAuth->free
XauFileName->getenv
XauFileName->getenv
XauFileName->strlen
XauFileName->strlen
XauFileName->free
XauFileName->malloc
XauFileName->atexit
XauFileName->snprintf
XauLockAuth->strlen
XauLockAuth->snprintf
XauLockAuth->snprintf
XauLockAuth->stat
XauLockAuth->time
XauLockAuth->remove
XauLockAuth->remove
XauLockAuth->open
XauLockAuth->__errno_location
XauLockAuth->__errno_location
XauLockAuth->close
XauLockAuth->pathconf
XauLockAuth->rename
XauLockAuth->link
XauLockAuth->__errno_location
XauLockAuth->__errno_location
XauLockAuth->sleep
XauReadAuth->read_short
XauReadAuth->read_counted_string
XauReadAuth->read_counted_string
XauReadAuth->free
XauReadAuth->read_counted_string
XauReadAuth->free
XauReadAuth->free
XauReadAuth->read_counted_string
XauReadAuth->free
XauReadAuth->free
XauReadAuth->free
XauReadAuth->malloc
XauReadAuth->free
XauReadAuth->free
XauReadAuth->free
XauReadAuth->llvm.memset.p0i8.i64
XauReadAuth->free
XauReadAuth->llvm.memcpy.p0i8.p0i8.i64
read_short->fread
read_counted_string->read_short
read_counted_string->malloc
read_counted_string->fread
read_counted_string->llvm.memset.p0i8.i64
read_counted_string->free
XauUnlockAuth->strlen
XauUnlockAuth->snprintf
XauUnlockAuth->snprintf
XauUnlockAuth->remove
XauUnlockAuth->remove
XauWriteAuth->write_short
XauWriteAuth->write_counted_string
XauWriteAuth->write_counted_string
XauWriteAuth->write_counted_string
XauWriteAuth->write_counted_string
write_short->fwrite
